DEBUG 2021-08-29 13:20:33.745 UTC: 	 CRAB Client version: v3.210825
DEBUG 2021-08-29 13:20:33.746 UTC: 	 Running on: Linux lxplus725.cern.ch 3.10.0-1160.36.2.el7.x86_64 #1 SMP Wed Jul 21 11:57:15 UTC 2021 x86_64 x86_64 x86_64 GNU/Linux - CentOS Linux 7 (Core)
DEBUG 2021-08-29 13:20:33.746 UTC: 	 Executing command: 'submit'
DEBUG 2021-08-29 13:20:33.746 UTC: 	 Found CRAB cache file /afs/cern.ch/user/y/yian/.crab3
INFO 2021-08-29 13:20:33.747 UTC: 	 Will use CRAB configuration file crabcode_2017/ST_tW_antitop_5f_NoFullyHadronicDecays_TuneCP5_13TeV-powheg-pythia8_2017_cfg.py
DEBUG 2021-08-29 13:20:33.747 UTC: 	 Loading CRAB configuration file.
DEBUG 2021-08-29 13:20:33.752 UTC: 	 Will use CRAB Analysis plugin (i.e. will run an analysis job type).
DEBUG 2021-08-29 13:20:33.942 UTC: 	 Checking credentials
DEBUG 2021-08-29 13:20:33.942 UTC: 	 Found proxy file /tmp/x509up_u110046
DEBUG 2021-08-29 13:20:33.942 UTC: 	 Getting proxy life time left
DEBUG 2021-08-29 13:20:34.551 UTC: 	 Executing : 
 command : voms-proxy-info -file /tmp/x509up_u110046 -timeleft
 output : 604313

 error: 
 retcode : 0
DEBUG 2021-08-29 13:20:35.259 UTC: 	 Executing : 
 command : voms-proxy-info -file /tmp/x509up_u110046 -actimeleft
 output : 604312

 error: 
 retcode : 0
DEBUG 2021-08-29 13:20:35.259 UTC: 	 Proxy lifetime 604313 secs is different from voms extension lifetime 604312 secs for proxy: /tmp/x509up_u110046
DEBUG 2021-08-29 13:20:35.259 UTC: 	 Proxy valid for 167:51:52 hours
DEBUG 2021-08-29 13:20:35.965 UTC: 	 Executing : 
 command : env X509_USER_PROXY=/tmp/x509up_u110046 voms-proxy-info -fqan
 output : /cms/Role=NULL/Capability=NULL

 error: 
 retcode : 0
DEBUG 2021-08-29 13:20:36.079 UTC: 	 Registering user credentials for server /DC=ch/DC=cern/OU=computers/CN=crab-(preprod|prod|dev)-tw(02|01).cern.ch|/DC=ch/DC=cern/OU=computers/CN=(ddi|ddidk|mytw).cern.ch|/DC=ch/DC=cern/OU=computers/CN=stefanov(m|m2).cern.ch
DEBUG 2021-08-29 13:20:36.698 UTC: 	 Executing : 
 command : voms-proxy-info -file /tmp/x509up_u110046 -identity
 output : /DC=ch/DC=cern/OU=Organic Units/OU=Users/CN=yian/CN=826694/CN=Ying An

 error: 
 retcode : 0
DEBUG 2021-08-29 13:20:36.706 UTC: 	 Getting myproxy life time left for myproxy.cern.ch
DEBUG 2021-08-29 13:20:36.706 UTC: 	 using b52ac606a6f7097e9b4b8f05a3a67cc69f8f291b as credential login name
DEBUG 2021-08-29 13:20:37.011 UTC: 	 Executing : 
 command : myproxy-info -l b52ac606a6f7097e9b4b8f05a3a67cc69f8f291b -s myproxy.cern.ch
 output : username: b52ac606a6f7097e9b4b8f05a3a67cc69f8f291b
owner: /DC=ch/DC=cern/OU=Organic Units/OU=Users/CN=yian/CN=826694/CN=Ying An
  renewal policy: /DC=ch/DC=cern/OU=computers/CN=crab-(preprod|prod|dev)-tw(02|01).cern.ch|/DC=ch/DC=cern/OU=computers/CN=(ddi|ddidk|mytw).cern.ch|/DC=ch/DC=cern/OU=computers/CN=stefanov(m|m2).cern.ch
  trusted retrieval policy: /DC=ch/DC=cern/OU=computers/CN=crab-(preprod|prod|dev)-tw(02|01).cern.ch|/DC=ch/DC=cern/OU=computers/CN=(ddi|ddidk|mytw).cern.ch|/DC=ch/DC=cern/OU=computers/CN=stefanov(m|m2).cern.ch
  timeleft: 671:04:36  (28.0 days)

 error: 
 retcode : 0
DEBUG 2021-08-29 13:20:37.012 UTC: 	 Myproxy is valid: 2415876
DEBUG 2021-08-29 13:20:37.012 UTC: 	 Retrieving username ...
DEBUG 2021-08-29 13:20:37.012 UTC: 	 Retrieving username from CRIC...
DEBUG 2021-08-29 13:20:38.149 UTC: 	 username is yian
DEBUG 2021-08-29 13:20:38.158 UTC: 	 Getting myproxy life time left for myproxy.cern.ch
DEBUG 2021-08-29 13:20:38.158 UTC: 	 using yian_CRAB as credential login name
DEBUG 2021-08-29 13:20:38.664 UTC: 	 Executing : 
 command : myproxy-info -l yian_CRAB -s myproxy.cern.ch
 output : username: yian_CRAB
owner: /DC=ch/DC=cern/OU=Organic Units/OU=Users/CN=yian/CN=826694/CN=Ying An
  renewal policy: /DC=ch/DC=cern/OU=computers/CN=crab-(preprod|prod|dev)-tw(02|01).cern.ch|/DC=ch/DC=cern/OU=computers/CN=(ddi|ddidk|mytw).cern.ch|/DC=ch/DC=cern/OU=computers/CN=stefanov(m|m2).cern.ch
  trusted retrieval policy: /DC=ch/DC=cern/OU=computers/CN=crab-(preprod|prod|dev)-tw(02|01).cern.ch|/DC=ch/DC=cern/OU=computers/CN=(ddi|ddidk|mytw).cern.ch|/DC=ch/DC=cern/OU=computers/CN=stefanov(m|m2).cern.ch
  timeleft: 672:05:00  (28.0 days)

 error: 
 retcode : 0
DEBUG 2021-08-29 13:20:38.665 UTC: 	 Myproxy is valid: 2419500
DEBUG 2021-08-29 13:20:38.665 UTC: 	 Result of myproxy credential check:
  Credential exists on myproxy: username: b52ac606a6f7097e9b4b8f05a3a67cc69f8f291b  - validity: 27 days, 23:04:36
  Credential exists on myproxy: username: yian_CRAB  - validity: 28 days, 0:05:00
DEBUG 2021-08-29 13:20:38.665 UTC: 	 Command use: submit
DEBUG 2021-08-29 13:20:38.665 UTC: 	 Options use: ['-c', 'crabcode_2017/ST_tW_antitop_5f_NoFullyHadronicDecays_TuneCP5_13TeV-powheg-pythia8_2017_cfg.py']
DEBUG 2021-08-29 13:20:38.775 UTC: 	 CRABClient version: v3.210825
DEBUG 2021-08-29 13:20:38.776 UTC: 	 Instance is prod
DEBUG 2021-08-29 13:20:38.776 UTC: 	 Server base url is cmsweb.cern.ch
DEBUG 2021-08-29 13:20:38.776 UTC: 	 Command api workflow
DEBUG 2021-08-29 13:20:38.776 UTC: 	 Started submission
DEBUG 2021-08-29 13:20:38.776 UTC: 	 Working on /afs/cern.ch/work/y/yian/work/GZ/CMSSW_10_6_20/src/PhysicsTools/NanoAODTools/WWG/2017/crab/crab2017/crab_ST_tW_antitop_5f_NoFullyHadronicDecays_TuneCP5_13TeV-powheg-pythia8_2017
DEBUG 2021-08-29 13:20:38.909 UTC: 	 Loading required information from the environment
DEBUG 2021-08-29 13:20:38.909 UTC: 	 Found CMSSW_10_6_20 for slc7_amd64_gcc820 with base /afs/cern.ch/work/y/yian/work/GZ/CMSSW_10_6_20
DEBUG 2021-08-29 13:20:38.909 UTC: 	 Loading required information from the environment
DEBUG 2021-08-29 13:20:38.909 UTC: 	 Found CMSSW_10_6_20 for slc7_amd64_gcc820 with base /afs/cern.ch/work/y/yian/work/GZ/CMSSW_10_6_20
DEBUG 2021-08-29 13:20:38.909 UTC: 	 UNIQUE NAME: tarUUID cd1f6d73-fa21-449b-92cb-e6421a7a8bce 
DEBUG 2021-08-29 13:20:38.910 UTC: 	 self.config: from WMCore.Configuration import Configuration
config = Configuration()
config.section_('General')
config.General.workArea = 'crab2017'
config.General.transferLogs = False
config.General.requestName = 'ST_tW_antitop_5f_NoFullyHadronicDecays_TuneCP5_13TeV-powheg-pythia8_2017'
config.section_('JobType')
config.JobType.scriptArgs = ['isdata=MC', 'year=2017', 'era=B']
config.JobType.scriptExe = './WWG_crab_script.sh'
config.JobType.pluginName = 'Analysis'
config.JobType.sendPythonFolder = True
config.JobType.allowUndistributedCMSSW = True
config.JobType.psetName = 'PSet.py'
config.JobType.inputFiles = ['../../../scripts/haddnano.py', '../WWG_selector/WWG_postproc.py', '../WWG_selector/WWG_Module.py', '../WWG_selector/WWG_keep_and_drop.txt', '../WWG_selector/WWG_output_branch.txt', '../WWG_selector/DAS_filesearch.py']
config.section_('Data')
config.Data.inputDataset = '/ST_tW_antitop_5f_NoFullyHadronicDecays_TuneCP5_13TeV-powheg-pythia8/RunIISummer20UL17NanoAODv2-106X_mc2017_realistic_v8-v1/NANOAODSIM'
config.Data.allowNonValidInputDataset = True
config.Data.publication = False
config.Data.unitsPerJob = 1
config.Data.ignoreLocality = True
config.Data.inputDBS = 'global'
config.Data.splitting = 'FileBased'
config.Data.outputDatasetTag = 'ST_tW_antitop_5f_NoFullyHadronicDecays_TuneCP5_13TeV-powheg-pythia8_2017'
config.section_('Site')
config.Site.whitelist = ['T2_US_MIT', 'T2_US_Wisconsin', 'T2_US_Purdue', 'T2_US_UCSD', 'T2_US_Caltech', 'T2_US_Nebraska']
config.Site.storageSite = 'T2_CH_CERN'

DEBUG 2021-08-29 13:20:38.910 UTC: 	 self.config.JobType.psetName: PSet.py
INFO 2021-08-29 13:20:38.910 UTC: 	 Importing CMSSW configuration PSet.py
INFO 2021-08-29 13:20:39.188 UTC: 	 Finished importing CMSSW configuration PSet.py
DEBUG 2021-08-29 13:20:39.188 UTC: 	 Writing CMSSW configuration to /afs/cern.ch/work/y/yian/work/GZ/CMSSW_10_6_20/src/PhysicsTools/NanoAODTools/WWG/2017/crab/crab2017/crab_ST_tW_antitop_5f_NoFullyHadronicDecays_TuneCP5_13TeV-powheg-pythia8_2017/inputs/PSet.py
DEBUG 2021-08-29 13:20:39.197 UTC: 	 The following EDM output files will be collected: ['tree.root']
DEBUG 2021-08-29 13:20:39.197 UTC: 	 The following TFile output files will be collected: []
DEBUG 2021-08-29 13:20:39.197 UTC: 	 The following user output files (not listed as PoolOuputModule or TFileService in the CMSSW PSet) will be collected: 
DEBUG 2021-08-29 13:20:39.197 UTC: 	 Loading required information from the environment
DEBUG 2021-08-29 13:20:39.197 UTC: 	 Found CMSSW_10_6_20 for slc7_amd64_gcc820 with base /afs/cern.ch/work/y/yian/work/GZ/CMSSW_10_6_20
DEBUG 2021-08-29 13:20:39.197 UTC: 	 Making tarball in /afs/cern.ch/work/y/yian/work/GZ/CMSSW_10_6_20/src/PhysicsTools/NanoAODTools/WWG/2017/crab/crab2017/crab_ST_tW_antitop_5f_NoFullyHadronicDecays_TuneCP5_13TeV-powheg-pythia8_2017/inputs/cd1f6d73-fa21-449b-92cb-e6421a7a8bcedefault.tgz
DEBUG 2021-08-29 13:20:39.198 UTC: 	 Checking directory /afs/cern.ch/work/y/yian/work/GZ/CMSSW_10_6_20/lib
DEBUG 2021-08-29 13:20:39.198 UTC: 	 Adding directory /afs/cern.ch/work/y/yian/work/GZ/CMSSW_10_6_20/lib to tarball
DEBUG 2021-08-29 13:20:39.318 UTC: 	 Checking directory /afs/cern.ch/work/y/yian/work/GZ/CMSSW_10_6_20/biglib
DEBUG 2021-08-29 13:20:39.318 UTC: 	 Adding directory /afs/cern.ch/work/y/yian/work/GZ/CMSSW_10_6_20/biglib to tarball
DEBUG 2021-08-29 13:20:39.319 UTC: 	 Checking directory /afs/cern.ch/work/y/yian/work/GZ/CMSSW_10_6_20/module
DEBUG 2021-08-29 13:20:39.319 UTC: 	 Checking directory /afs/cern.ch/work/y/yian/work/GZ/CMSSW_10_6_20/python
DEBUG 2021-08-29 13:20:39.319 UTC: 	 Adding directory /afs/cern.ch/work/y/yian/work/GZ/CMSSW_10_6_20/python to tarball
DEBUG 2021-08-29 13:20:42.951 UTC: 	 Checking directory /afs/cern.ch/work/y/yian/work/GZ/CMSSW_10_6_20/cfipython
DEBUG 2021-08-29 13:20:42.951 UTC: 	 Adding directory /afs/cern.ch/work/y/yian/work/GZ/CMSSW_10_6_20/cfipython to tarball
DEBUG 2021-08-29 13:20:43.379 UTC: 	 Adding data directory /afs/cern.ch/work/y/yian/work/GZ/CMSSW_10_6_20/src/PhysicsTools/NanoAODTools/data to tarball
DEBUG 2021-08-29 13:21:03.222 UTC: 	 Adding data directory /afs/cern.ch/work/y/yian/work/GZ/CMSSW_10_6_20/src/PhysicsTools/NanoAODTools/interface to tarball
DEBUG 2021-08-29 13:21:03.226 UTC: 	 Adding data directory /afs/cern.ch/work/y/yian/work/GZ/CMSSW_10_6_20/src/PhysicsTools/NanoAODTools/python/postprocessing/data to tarball
DEBUG 2021-08-29 13:21:05.540 UTC: 	 Adding file ../../../scripts/haddnano.py to tarball
DEBUG 2021-08-29 13:21:05.541 UTC: 	 Adding file ../WWG_selector/WWG_postproc.py to tarball
DEBUG 2021-08-29 13:21:05.541 UTC: 	 Adding file ../WWG_selector/WWG_Module.py to tarball
DEBUG 2021-08-29 13:21:05.542 UTC: 	 Adding file ../WWG_selector/WWG_keep_and_drop.txt to tarball
DEBUG 2021-08-29 13:21:05.542 UTC: 	 Adding file ../WWG_selector/WWG_output_branch.txt to tarball
DEBUG 2021-08-29 13:21:05.543 UTC: 	 Adding file ../WWG_selector/DAS_filesearch.py to tarball
DEBUG 2021-08-29 13:21:10.258 UTC: 	 Uploading archive /afs/cern.ch/work/y/yian/work/GZ/CMSSW_10_6_20/src/PhysicsTools/NanoAODTools/WWG/2017/crab/crab2017/crab_ST_tW_antitop_5f_NoFullyHadronicDecays_TuneCP5_13TeV-powheg-pythia8_2017/inputs/cd1f6d73-fa21-449b-92cb-e6421a7a8bcedefault.tgz (94 MB) to the CRAB cache. Using URI https://cmsweb.cern.ch/S3/crabcache_prod
DEBUG 2021-08-29 13:21:33.239 UTC: 	 sandbox 961371099509c2c2da4b7e32de2a71aca992c4a6fd4823367b033479e22be09f.tar.gz is already in the S3 store, will not upload again
DEBUG 2021-08-29 13:21:33.239 UTC: 	 Loading required information from the environment
DEBUG 2021-08-29 13:21:33.239 UTC: 	 Found CMSSW_10_6_20 for slc7_amd64_gcc820 with base /afs/cern.ch/work/y/yian/work/GZ/CMSSW_10_6_20
DEBUG 2021-08-29 13:21:33.239 UTC: 	 Making tarball in /afs/cern.ch/work/y/yian/work/GZ/CMSSW_10_6_20/src/PhysicsTools/NanoAODTools/WWG/2017/crab/crab2017/crab_ST_tW_antitop_5f_NoFullyHadronicDecays_TuneCP5_13TeV-powheg-pythia8_2017/inputs/debugFiles.tgz
DEBUG 2021-08-29 13:21:33.245 UTC: 	 Uploading archive /afs/cern.ch/work/y/yian/work/GZ/CMSSW_10_6_20/src/PhysicsTools/NanoAODTools/WWG/2017/crab/crab2017/crab_ST_tW_antitop_5f_NoFullyHadronicDecays_TuneCP5_13TeV-powheg-pythia8_2017/inputs/debugFiles.tgz (1 KB) to the CRAB cache. Using URI https://cmsweb.cern.ch/S3/crabcache_prod
DEBUG 2021-08-29 13:21:33.414 UTC: 	 Will execute:
curl -f -v -X POST  -H "User-Agent: CRAB" -F "key=yian/sandboxes/a690a609ce5fc629846355128921765a940f220764fd4d818a06d23d301a346b.tar.gz" -F "AWSAccessKeyId=ab00fcc889f248c495d2875f15a3badb" -F "policy=eyJjb25kaXRpb25zIjogW3siYnVja2V0IjogImNyYWJjYWNoZV9wcm9kIn0sIHsia2V5IjogInlpYW4vc2FuZGJveGVzL2E2OTBhNjA5Y2U1ZmM2Mjk4NDYzNTUxMjg5MjE3NjVhOTQwZjIyMDc2NGZkNGQ4MThhMDZkMjNkMzAxYTM0NmIudGFyLmd6In1dLCAiZXhwaXJhdGlvbiI6ICIyMDIxLTA4LTI5VDE0OjIxOjMzWiJ9" -F "signature=VR2PN5SpmZ9QCK5wgx8YvGtpp1c=" -F "file=@/afs/cern.ch/work/y/yian/work/GZ/CMSSW_10_6_20/src/PhysicsTools/NanoAODTools/WWG/2017/crab/crab2017/crab_ST_tW_antitop_5f_NoFullyHadronicDecays_TuneCP5_13TeV-powheg-pythia8_2017/inputs/debugFiles.tgz" "https://s3.cern.ch/crabcache_prod"
DEBUG 2021-08-29 13:21:34.502 UTC: 	 exitcode: 0
stdout: 
stderr: Note: Unnecessary use of -X or --request, POST is already inferred.
  % Total    % Received % Xferd  Average Speed   Time    Time     Time  Current
                                 Dload  Upload   Total   Spent    Left  Speed
  0     0    0     0    0     0      0      0 --:--:-- --:--:-- --:--:--     0*   Trying 2001:1458:d00:12::3e0...
* TCP_NODELAY set
* Connected to s3.cern.ch (2001:1458:d00:12::3e0) port 443 (#0)
* ALPN, offering http/1.1
* Cipher selection: ALL:!EXPORT:!EXPORT40:!EXPORT56:!aNULL:!LOW:!RC4:@STRENGTH
* successfully set certificate verify locations:
  CAfile: /etc/pki/tls/certs/ca-bundle.crt
  CApath: none
* TLSv1.2 (OUT), TLS header, Certificate Status (22):
} [5 bytes data]
* TLSv1.2 (OUT), TLS handshake, Client hello (1):
} [512 bytes data]
* TLSv1.2 (IN), TLS handshake, Server hello (2):
{ [70 bytes data]
* TLSv1.2 (IN), TLS handshake, Certificate (11):
{ [4780 bytes data]
* TLSv1.2 (IN), TLS handshake, Server key exchange (12):
{ [333 bytes data]
* TLSv1.2 (IN), TLS handshake, Server finished (14):
{ [4 bytes data]
* TLSv1.2 (OUT), TLS handshake, Client key exchange (16):
} [70 bytes data]
* TLSv1.2 (OUT), TLS change cipher, Client hello (1):
} [1 bytes data]
* TLSv1.2 (OUT), TLS handshake, Finished (20):
} [16 bytes data]
* TLSv1.2 (IN), TLS change cipher, Client hello (1):
{ [1 bytes data]
* TLSv1.2 (IN), TLS handshake, Finished (20):
{ [16 bytes data]
* SSL connection using TLSv1.2 / ECDHE-RSA-AES128-GCM-SHA256
* ALPN, server accepted to use http/1.1
* Server certificate:
*  subject: C=CH; ST=Genève; L=Meyrin; O=Organisation européenne pour la Recherche nucléaire (CERN); CN=*.s3.cern.ch
*  start date: Mar 10 00:00:00 2021 GMT
*  expire date: Mar 10 23:59:59 2022 GMT
*  subjectAltName: host "s3.cern.ch" matched cert's "s3.cern.ch"
*  issuer: C=GB; ST=Greater Manchester; L=Salford; O=Sectigo Limited; CN=Sectigo RSA Organization Validation Secure Server CA
*  SSL certificate verify ok.
} [5 bytes data]
> POST /crabcache_prod HTTP/1.1
> Host: s3.cern.ch
> Accept: */*
> User-Agent: CRAB
> Content-Length: 2790
> Content-Type: multipart/form-data; boundary=------------------------663233c1c5ee91c2
> Expect: 100-continue
> 
{ [5 bytes data]
< HTTP/1.1 100 Continue
  0  2790    0     0    0     0      0      0 --:--:--  0:00:01 --:--:--     0} [5 bytes data]
< HTTP/1.1 204 No Content
< Accept-Ranges: bytes
< Bucket: crabcache_prod
< Date: Sun, 29 Aug 2021 13:21:34 GMT
< X-Amz-Request-Id: tx00000000000000b0fbc4b-00612b89dd-1e049857-default
< 
100  2790    0     0  100  2790      0   2664  0:00:01  0:00:01 --:--:--  2664
* Connection #0 to host s3.cern.ch left intact

DEBUG 2021-08-29 13:21:34.502 UTC: 	 sandbox /afs/cern.ch/work/y/yian/work/GZ/CMSSW_10_6_20/src/PhysicsTools/NanoAODTools/WWG/2017/crab/crab2017/crab_ST_tW_antitop_5f_NoFullyHadronicDecays_TuneCP5_13TeV-powheg-pythia8_2017/inputs/debugFiles.tgz successully uploaded to S3
DEBUG 2021-08-29 13:21:34.502 UTC: 	 Result uploading input files: 961371099509c2c2da4b7e32de2a71aca992c4a6fd4823367b033479e22be09f.tar.gz 
INFO 2021-08-29 13:21:34.503 UTC: 	 Sending the request to the server at cmsweb.cern.ch
DEBUG 2021-08-29 13:21:34.503 UTC: 	 Submitting {'maxjobruntime': 1250, 'extrajdl': [], 'ignorelocality': 1, 'savelogsflag': 0, 'useparent': 0, 'scriptexe': 'WWG_crab_script.sh', 'asyncdest': 'T2_CH_CERN', 'algoargs': 1, 'cachefilename': '961371099509c2c2da4b7e32de2a71aca992c4a6fd4823367b033479e22be09f.tar.gz', 'numcores': 1, 'addoutputfiles': [], 'generator': 'pythia', 'maxmemory': 2000, 'publishdbsurl': 'https://cmsweb.cern.ch/dbs/prod/phys03/DBSWriter', 'priority': 10, 'jobsw': 'CMSSW_10_6_20', 'edmoutfiles': ['tree.root'], 'userfiles': [], 'primarydataset': '', 'inputdata': '/ST_tW_antitop_5f_NoFullyHadronicDecays_TuneCP5_13TeV-powheg-pythia8/RunIISummer20UL17NanoAODv2-106X_mc2017_realistic_v8-v1/NANOAODSIM', 'dryrun': 0, 'workflow': 'crab_ST_tW_antitop_5f_NoFullyHadronicDecays_TuneCP5_13TeV-powheg-pythia8_2017', 'scriptargs': ['isdata=MC', 'year=2017', 'era=B'], 'sitewhitelist': ['T2_US_MIT', 'T2_US_Wisconsin', 'T2_US_Purdue', 'T2_US_UCSD', 'T2_US_Caltech', 'T2_US_Nebraska'], 'nonprodsw': 1, 'tfileoutfiles': [], 'oneEventMode': 0, 'debugfilename': 'a690a609ce5fc629846355128921765a940f220764fd4d818a06d23d301a346b.tar.gz', 'cacheurl': u'https://cmsweb.cern.ch/S3/crabcache_prod', 'saveoutput': 1, 'publication': 0, 'jobarch': 'slc7_amd64_gcc820', 'totalunits': 0, 'splitalgo': 'FileBased', 'ignoreglobalblacklist': 0, 'nonvaliddata': 1, 'dbsurl': 'https://cmsweb.cern.ch/dbs/prod/global/DBSReader', 'publishgroupname': 0, 'jobtype': 'Analysis', 'publishname2': 'ST_tW_antitop_5f_NoFullyHadronicDecays_TuneCP5_13TeV-powheg-pythia8_2017'} 
DEBUG 2021-08-29 13:21:34.503 UTC: 	 Encoded submit request: maxjobruntime=1250&ignorelocality=1&savelogsflag=0&useparent=0&scriptexe=WWG_crab_script.sh&asyncdest=T2_CH_CERN&algoargs=1&cachefilename=961371099509c2c2da4b7e32de2a71aca992c4a6fd4823367b033479e22be09f.tar.gz&numcores=1&generator=pythia&maxmemory=2000&publishdbsurl=https%3A%2F%2Fcmsweb.cern.ch%2Fdbs%2Fprod%2Fphys03%2FDBSWriter&priority=10&jobsw=CMSSW_10_6_20&primarydataset=&inputdata=%2FST_tW_antitop_5f_NoFullyHadronicDecays_TuneCP5_13TeV-powheg-pythia8%2FRunIISummer20UL17NanoAODv2-106X_mc2017_realistic_v8-v1%2FNANOAODSIM&dryrun=0&workflow=crab_ST_tW_antitop_5f_NoFullyHadronicDecays_TuneCP5_13TeV-powheg-pythia8_2017&nonprodsw=1&oneEventMode=0&debugfilename=a690a609ce5fc629846355128921765a940f220764fd4d818a06d23d301a346b.tar.gz&cacheurl=https%3A%2F%2Fcmsweb.cern.ch%2FS3%2Fcrabcache_prod&saveoutput=1&publication=0&jobarch=slc7_amd64_gcc820&totalunits=0&splitalgo=FileBased&ignoreglobalblacklist=0&nonvaliddata=1&dbsurl=https%3A%2F%2Fcmsweb.cern.ch%2Fdbs%2Fprod%2Fglobal%2FDBSReader&publishgroupname=0&jobtype=Analysis&publishname2=ST_tW_antitop_5f_NoFullyHadronicDecays_TuneCP5_13TeV-powheg-pythia8_2017&sitewhitelist=T2_US_MIT&sitewhitelist=T2_US_Wisconsin&sitewhitelist=T2_US_Purdue&sitewhitelist=T2_US_UCSD&sitewhitelist=T2_US_Caltech&sitewhitelist=T2_US_Nebraska&edmoutfiles=tree.root&scriptargs=isdata%3DMC&scriptargs=year%3D2017&scriptargs=era%3DB
DEBUG 2021-08-29 13:21:34.902 UTC: 	 Result: {u'result': [{u'RequestName': u'210829_132134:yian_crab_ST_tW_antitop_5f_NoFullyHadronicDecays_TuneCP5_13TeV-powheg-pythia8_2017'}]}
INFO 2021-08-29 13:21:34.905 UTC: 	 Success: Your task has been delivered to the prod CRAB3 server.
INFO 2021-08-29 13:21:34.905 UTC: 	 Task name: 210829_132134:yian_crab_ST_tW_antitop_5f_NoFullyHadronicDecays_TuneCP5_13TeV-powheg-pythia8_2017
INFO 2021-08-29 13:21:34.905 UTC: 	 Project dir: crab2017/crab_ST_tW_antitop_5f_NoFullyHadronicDecays_TuneCP5_13TeV-powheg-pythia8_2017
INFO 2021-08-29 13:21:34.905 UTC: 	 Please use ' crab status -d crab2017/crab_ST_tW_antitop_5f_NoFullyHadronicDecays_TuneCP5_13TeV-powheg-pythia8_2017 ' to check how the submission process proceeds.
DEBUG 2021-08-29 13:21:34.906 UTC: 	 About to return
INFO 2021-08-29 13:21:34.909 UTC: 	 Log file is /afs/cern.ch/work/y/yian/work/GZ/CMSSW_10_6_20/src/PhysicsTools/NanoAODTools/WWG/2017/crab/crab2017/crab_ST_tW_antitop_5f_NoFullyHadronicDecays_TuneCP5_13TeV-powheg-pythia8_2017/crab.log
DEBUG 2021-08-30 11:53:13.298 UTC: 	 CRAB Client version: v3.210825
DEBUG 2021-08-30 11:53:13.298 UTC: 	 Running on: Linux lxplus706.cern.ch 3.10.0-1160.36.2.el7.x86_64 #1 SMP Wed Jul 21 11:57:15 UTC 2021 x86_64 x86_64 x86_64 GNU/Linux - CentOS Linux 7 (Core)
DEBUG 2021-08-30 11:53:13.298 UTC: 	 Executing command: 'resubmit'
DEBUG 2021-08-30 11:53:13.298 UTC: 	 Found CRAB cache file /afs/cern.ch/user/y/yian/.crab3
DEBUG 2021-08-30 11:53:13.437 UTC: 	 Checking credentials
DEBUG 2021-08-30 11:53:13.437 UTC: 	 Found proxy file /tmp/x509up_u110046
DEBUG 2021-08-30 11:53:13.437 UTC: 	 Getting proxy life time left
DEBUG 2021-08-30 11:53:14.456 UTC: 	 Executing : 
 command : voms-proxy-info -file /tmp/x509up_u110046 -timeleft
 output : 604320

 error: 
 retcode : 0
DEBUG 2021-08-30 11:53:16.211 UTC: 	 Executing : 
 command : voms-proxy-info -file /tmp/x509up_u110046 -actimeleft
 output : 604317

 error: 
 retcode : 0
DEBUG 2021-08-30 11:53:16.211 UTC: 	 Proxy lifetime 604320 secs is different from voms extension lifetime 604317 secs for proxy: /tmp/x509up_u110046
DEBUG 2021-08-30 11:53:16.211 UTC: 	 Proxy valid for 167:51:57 hours
DEBUG 2021-08-30 11:53:16.271 UTC: 	 Registering user credentials for server /DC=ch/DC=cern/OU=computers/CN=crab-(preprod|prod|dev)-tw(02|01).cern.ch|/DC=ch/DC=cern/OU=computers/CN=(ddi|ddidk|mytw).cern.ch|/DC=ch/DC=cern/OU=computers/CN=stefanov(m|m2).cern.ch
DEBUG 2021-08-30 11:53:17.210 UTC: 	 Executing : 
 command : voms-proxy-info -file /tmp/x509up_u110046 -identity
 output : /DC=ch/DC=cern/OU=Organic Units/OU=Users/CN=yian/CN=826694/CN=Ying An

 error: 
 retcode : 0
DEBUG 2021-08-30 11:53:17.221 UTC: 	 Getting myproxy life time left for myproxy.cern.ch
DEBUG 2021-08-30 11:53:17.221 UTC: 	 using b52ac606a6f7097e9b4b8f05a3a67cc69f8f291b as credential login name
DEBUG 2021-08-30 11:53:17.528 UTC: 	 Executing : 
 command : myproxy-info -l b52ac606a6f7097e9b4b8f05a3a67cc69f8f291b -s myproxy.cern.ch
 output : username: b52ac606a6f7097e9b4b8f05a3a67cc69f8f291b
owner: /DC=ch/DC=cern/OU=Organic Units/OU=Users/CN=yian/CN=826694/CN=Ying An
  renewal policy: /DC=ch/DC=cern/OU=computers/CN=crab-(preprod|prod|dev)-tw(02|01).cern.ch|/DC=ch/DC=cern/OU=computers/CN=(ddi|ddidk|mytw).cern.ch|/DC=ch/DC=cern/OU=computers/CN=stefanov(m|m2).cern.ch
  trusted retrieval policy: /DC=ch/DC=cern/OU=computers/CN=crab-(preprod|prod|dev)-tw(02|01).cern.ch|/DC=ch/DC=cern/OU=computers/CN=(ddi|ddidk|mytw).cern.ch|/DC=ch/DC=cern/OU=computers/CN=stefanov(m|m2).cern.ch
  timeleft: 648:31:55  (27.0 days)

 error: 
 retcode : 0
DEBUG 2021-08-30 11:53:17.529 UTC: 	 Myproxy is valid: 2334715
DEBUG 2021-08-30 11:53:17.530 UTC: 	 Retrieving username ...
DEBUG 2021-08-30 11:53:17.530 UTC: 	 Retrieving username from CRIC...
DEBUG 2021-08-30 11:53:18.625 UTC: 	 username is yian
DEBUG 2021-08-30 11:53:18.637 UTC: 	 Getting myproxy life time left for myproxy.cern.ch
DEBUG 2021-08-30 11:53:18.637 UTC: 	 using yian_CRAB as credential login name
DEBUG 2021-08-30 11:53:19.266 UTC: 	 Executing : 
 command : myproxy-info -l yian_CRAB -s myproxy.cern.ch
 output : username: yian_CRAB
owner: /DC=ch/DC=cern/OU=Organic Units/OU=Users/CN=yian/CN=826694/CN=Ying An
  renewal policy: /DC=ch/DC=cern/OU=computers/CN=crab-(preprod|prod|dev)-tw(02|01).cern.ch|/DC=ch/DC=cern/OU=computers/CN=(ddi|ddidk|mytw).cern.ch|/DC=ch/DC=cern/OU=computers/CN=stefanov(m|m2).cern.ch
  trusted retrieval policy: /DC=ch/DC=cern/OU=computers/CN=crab-(preprod|prod|dev)-tw(02|01).cern.ch|/DC=ch/DC=cern/OU=computers/CN=(ddi|ddidk|mytw).cern.ch|/DC=ch/DC=cern/OU=computers/CN=stefanov(m|m2).cern.ch
  timeleft: 649:32:19  (27.1 days)

 error: 
 retcode : 0
DEBUG 2021-08-30 11:53:19.266 UTC: 	 Myproxy is valid: 2338339
DEBUG 2021-08-30 11:53:19.266 UTC: 	 Result of myproxy credential check:
  Credential exists on myproxy: username: b52ac606a6f7097e9b4b8f05a3a67cc69f8f291b  - validity: 27 days, 0:31:55
  Credential exists on myproxy: username: yian_CRAB  - validity: 27 days, 1:32:19
DEBUG 2021-08-30 11:53:19.517 UTC: 	 Command use: resubmit
DEBUG 2021-08-30 11:53:19.517 UTC: 	 Options use: ['-d', 'crab2017/crab_ST_tW_antitop_5f_NoFullyHadronicDecays_TuneCP5_13TeV-powheg-pythia8_2017']
DEBUG 2021-08-30 11:53:19.660 UTC: 	 CRABClient version: v3.210825
DEBUG 2021-08-30 11:53:19.660 UTC: 	 Instance is prod
DEBUG 2021-08-30 11:53:19.660 UTC: 	 Server base url is cmsweb.cern.ch
DEBUG 2021-08-30 11:53:19.660 UTC: 	 Command api workflow
DEBUG 2021-08-30 11:53:19.698 UTC: 	 CRAB Client version: v3.210825
DEBUG 2021-08-30 11:53:19.698 UTC: 	 Running on: Linux lxplus706.cern.ch 3.10.0-1160.36.2.el7.x86_64 #1 SMP Wed Jul 21 11:57:15 UTC 2021 x86_64 x86_64 x86_64 GNU/Linux - CentOS Linux 7 (Core)
DEBUG 2021-08-30 11:53:19.698 UTC: 	 Executing command: 'status'
DEBUG 2021-08-30 11:53:19.698 UTC: 	 Found CRAB cache file /afs/cern.ch/user/y/yian/.crab3
DEBUG 2021-08-30 11:53:19.835 UTC: 	 Checking credentials
DEBUG 2021-08-30 11:53:19.835 UTC: 	 Found proxy file /tmp/x509up_u110046
DEBUG 2021-08-30 11:53:19.835 UTC: 	 Getting proxy life time left
DEBUG 2021-08-30 11:53:21.606 UTC: 	 Executing : 
 command : voms-proxy-info -file /tmp/x509up_u110046 -timeleft
 output : 604313

 error: 
 retcode : 0
DEBUG 2021-08-30 11:53:22.942 UTC: 	 Executing : 
 command : voms-proxy-info -file /tmp/x509up_u110046 -actimeleft
 output : 604311

 error: 
 retcode : 0
DEBUG 2021-08-30 11:53:22.943 UTC: 	 Proxy lifetime 604313 secs is different from voms extension lifetime 604311 secs for proxy: /tmp/x509up_u110046
DEBUG 2021-08-30 11:53:22.943 UTC: 	 Proxy valid for 167:51:51 hours
DEBUG 2021-08-30 11:53:23.095 UTC: 	 Registering user credentials for server /DC=ch/DC=cern/OU=computers/CN=crab-(preprod|prod|dev)-tw(02|01).cern.ch|/DC=ch/DC=cern/OU=computers/CN=(ddi|ddidk|mytw).cern.ch|/DC=ch/DC=cern/OU=computers/CN=stefanov(m|m2).cern.ch
DEBUG 2021-08-30 11:53:24.753 UTC: 	 Executing : 
 command : voms-proxy-info -file /tmp/x509up_u110046 -identity
 output : /DC=ch/DC=cern/OU=Organic Units/OU=Users/CN=yian/CN=826694/CN=Ying An

 error: 
 retcode : 0
DEBUG 2021-08-30 11:53:24.770 UTC: 	 Getting myproxy life time left for myproxy.cern.ch
DEBUG 2021-08-30 11:53:24.770 UTC: 	 using b52ac606a6f7097e9b4b8f05a3a67cc69f8f291b as credential login name
DEBUG 2021-08-30 11:53:25.182 UTC: 	 Executing : 
 command : myproxy-info -l b52ac606a6f7097e9b4b8f05a3a67cc69f8f291b -s myproxy.cern.ch
 output : username: b52ac606a6f7097e9b4b8f05a3a67cc69f8f291b
owner: /DC=ch/DC=cern/OU=Organic Units/OU=Users/CN=yian/CN=826694/CN=Ying An
  renewal policy: /DC=ch/DC=cern/OU=computers/CN=crab-(preprod|prod|dev)-tw(02|01).cern.ch|/DC=ch/DC=cern/OU=computers/CN=(ddi|ddidk|mytw).cern.ch|/DC=ch/DC=cern/OU=computers/CN=stefanov(m|m2).cern.ch
  trusted retrieval policy: /DC=ch/DC=cern/OU=computers/CN=crab-(preprod|prod|dev)-tw(02|01).cern.ch|/DC=ch/DC=cern/OU=computers/CN=(ddi|ddidk|mytw).cern.ch|/DC=ch/DC=cern/OU=computers/CN=stefanov(m|m2).cern.ch
  timeleft: 648:31:47  (27.0 days)

 error: 
 retcode : 0
DEBUG 2021-08-30 11:53:25.182 UTC: 	 Myproxy is valid: 2334707
DEBUG 2021-08-30 11:53:25.183 UTC: 	 Retrieving username ...
DEBUG 2021-08-30 11:53:25.183 UTC: 	 Retrieving username from CRIC...
DEBUG 2021-08-30 11:53:26.226 UTC: 	 username is yian
DEBUG 2021-08-30 11:53:26.238 UTC: 	 Getting myproxy life time left for myproxy.cern.ch
DEBUG 2021-08-30 11:53:26.238 UTC: 	 using yian_CRAB as credential login name
DEBUG 2021-08-30 11:53:26.855 UTC: 	 Executing : 
 command : myproxy-info -l yian_CRAB -s myproxy.cern.ch
 output : username: yian_CRAB
owner: /DC=ch/DC=cern/OU=Organic Units/OU=Users/CN=yian/CN=826694/CN=Ying An
  renewal policy: /DC=ch/DC=cern/OU=computers/CN=crab-(preprod|prod|dev)-tw(02|01).cern.ch|/DC=ch/DC=cern/OU=computers/CN=(ddi|ddidk|mytw).cern.ch|/DC=ch/DC=cern/OU=computers/CN=stefanov(m|m2).cern.ch
  trusted retrieval policy: /DC=ch/DC=cern/OU=computers/CN=crab-(preprod|prod|dev)-tw(02|01).cern.ch|/DC=ch/DC=cern/OU=computers/CN=(ddi|ddidk|mytw).cern.ch|/DC=ch/DC=cern/OU=computers/CN=stefanov(m|m2).cern.ch
  timeleft: 649:32:12  (27.1 days)

 error: 
 retcode : 0
DEBUG 2021-08-30 11:53:26.855 UTC: 	 Myproxy is valid: 2338332
DEBUG 2021-08-30 11:53:26.855 UTC: 	 Result of myproxy credential check:
  Credential exists on myproxy: username: b52ac606a6f7097e9b4b8f05a3a67cc69f8f291b  - validity: 27 days, 0:31:47
  Credential exists on myproxy: username: yian_CRAB  - validity: 27 days, 1:32:12
DEBUG 2021-08-30 11:53:26.857 UTC: 	 Command use: status
DEBUG 2021-08-30 11:53:26.857 UTC: 	 Options use: []
DEBUG 2021-08-30 11:53:26.926 UTC: 	 CRABClient version: v3.210825
DEBUG 2021-08-30 11:53:26.926 UTC: 	 Instance is prod
DEBUG 2021-08-30 11:53:26.926 UTC: 	 Server base url is cmsweb.cern.ch
DEBUG 2021-08-30 11:53:26.926 UTC: 	 Command api workflow
DEBUG 2021-08-30 11:53:27.013 UTC: 	 Got information from server oracle database: {u'result': [u'210829_132134:yian_crab_ST_tW_antitop_5f_NoFullyHadronicDecays_TuneCP5_13TeV-powheg-pythia8_2017', u'None', u'None', u'SUBMITTED', u'SUBMIT', u'2021-08-29 13:21:34.890783', u'None', u'2021-08-29 13:22:18.049318', u'None', u'CMSSW_10_6_20', u'slc7_amd64_gcc820', u'/ST_tW_antitop_5f_NoFullyHadronicDecays_TuneCP5_13TeV-powheg-pythia8/RunIISummer20UL17NanoAODv2-106X_mc2017_realistic_v8-v1/NANOAODSIM', u'T', u'0', u"[u'T2_US_UCSD', u'T2_US_Wisconsin', u'T2_US_MIT', u'T2_US_Caltech', u'T2_US_Purdue', u'T2_US_Nebraska']", u'[]', u'FileBased', u"{'splitOnRun': False, 'halt_job_on_file_boundaries': False, 'files_per_job': 1, 'runs': [], 'lumis': []}", u'961371099509c2c2da4b7e32de2a71aca992c4a6fd4823367b033479e22be09f.tar.gz', u'https://cmsweb.cern.ch/S3/crabcache_prod', u'yian', u'/DC=ch/DC=cern/OU=Organic Units/OU=Users/CN=yian/CN=826694/CN=Ying An', u'cms', u'None', u'None', u'ST_tW_antitop_5f_NoFullyHadronicDecays_TuneCP5_13TeV-powheg-pythia8_2017-00000000000000000000000000000000', u'F', u'T2_CH_CERN', u'https://cmsweb.cern.ch/dbs/prod/global/DBSReader', u'https://cmsweb.cern.ch/dbs/prod/phys03/DBSWriter', u'F', u'[]', u'[]', u"[b'tree.root']", u'Analysis', u'pythia', u'None', u'{}', u'[]', u'F', u'crab-prod-tw01', u'[]', u'1250', u'1', u'2000', u'10', u"['/ST_tW_antitop_5f_NoFullyHadronicDecays_TuneCP5_13TeV-powheg-pythia8/yian-ST_tW_antitop_5f_NoFullyHadronicDecays_TuneCP5_13TeV-powheg-pythia8_2017-5d8f93ee2ba2db6b402c7167473e2950/USER']", u'[]', u'http://vocms0199.cern.ch/mon/cms1407/210829_132134:yian_crab_ST_tW_antitop_5f_NoFullyHadronicDecays_TuneCP5_13TeV-powheg-pythia8_2017', u'WWG_crab_script.sh', u"[b'isdata=MC', b'year=2017', b'era=B']", u'[]', u'https://cmsweb.cern.ch/crabserver/prod', u'cmsgwms-collector-global.cern.ch:9620,cmsgwms-collector-global.fnal.gov:9620', u'crab3@vocms0199.cern.ch', u'F', u'[]', u'T', u'/store/user/yian/', u'T', u'None', u'F', u'None', u'ST_tW_antitop_5f_NoFullyHadronicDecays_TuneCP5_13TeV-powheg-pythia8', u'None', u'a690a609ce5fc629846355128921765a940f220764fd4d818a06d23d301a346b.tar.gz', u'30204037', u'filetransfers', u'F', u'188.184.98.213', u'0.0', u'None'], u'desc': {u'columns': [u'tm_taskname', u'tm_activity', u'panda_jobset_id', u'tm_task_status', u'tm_task_command', u'tm_start_time', u'tm_start_injection', u'tm_end_injection', u'tm_task_failure', u'tm_job_sw', u'tm_job_arch', u'tm_input_dataset', u'tm_nonvalid_input_dataset', u'tm_use_parent', u'tm_site_whitelist', u'tm_site_blacklist', u'tm_split_algo', u'tm_split_args', u'tm_user_sandbox', u'tm_cache_url', u'tm_username', u'tm_user_dn', u'tm_user_vo', u'tm_user_role', u'tm_user_group', u'tm_publish_name', u'tm_publish_groupname', u'tm_asyncdest', u'tm_dbs_url', u'tm_publish_dbs_url', u'tm_publication', u'tm_outfiles', u'tm_tfile_outfiles', u'tm_edm_outfiles', u'tm_job_type', u'tm_generator', u'tm_events_per_lumi', u'tm_arguments', u'panda_resubmitted_jobs', u'tm_save_logs', u'tw_name', u'tm_user_infiles', u'tm_maxjobruntime', u'tm_numcores', u'tm_maxmemory', u'tm_priority', u'tm_output_dataset', u'tm_task_warnings', u'tm_user_webdir', u'tm_scriptexe', u'tm_scriptargs', u'tm_extrajdl', u'tm_asourl', u'tm_collector', u'tm_schedd', u'tm_dry_run', u'tm_user_files', u'tm_transfer_outputs', u'tm_output_lfn', u'tm_ignore_locality', u'tm_fail_limit', u'tm_one_event_mode', u'tm_secondary_input_dataset', u'tm_primary_dataset', u'tm_last_publication', u'tm_debug_files', u'clusterid', u'tm_asodb', u'tm_ignore_global_blacklist', u'tm_submitter_ip_addr', u'tm_totalunits', u'tm_ddm_reqid']}}
INFO 2021-08-30 11:53:27.014 UTC: 	 CRAB project directory:		/afs/cern.ch/work/y/yian/work/GZ/CMSSW_10_6_20/src/PhysicsTools/NanoAODTools/WWG/2017/crab/crab2017/crab_ST_tW_antitop_5f_NoFullyHadronicDecays_TuneCP5_13TeV-powheg-pythia8_2017
INFO 2021-08-30 11:53:27.014 UTC: 	 Task name:			210829_132134:yian_crab_ST_tW_antitop_5f_NoFullyHadronicDecays_TuneCP5_13TeV-powheg-pythia8_2017
INFO 2021-08-30 11:53:27.014 UTC: 	 Grid scheduler - Task Worker:	crab3@vocms0199.cern.ch - crab-prod-tw01
INFO 2021-08-30 11:53:27.014 UTC: 	 Status on the CRAB server:	SUBMITTED
INFO 2021-08-30 11:53:27.014 UTC: 	 Task URL to use for HELP:	https://cmsweb.cern.ch/crabserver/ui/task/210829_132134%3Ayian_crab_ST_tW_antitop_5f_NoFullyHadronicDecays_TuneCP5_13TeV-powheg-pythia8_2017
INFO 2021-08-30 11:53:27.040 UTC: 	 Dashboard monitoring URL:	https://monit-grafana.cern.ch/d/cmsTMDetail/cms-task-monitoring-task-view?orgId=11&var-user=yian&var-task=210829_132134%3Ayian_crab_ST_tW_antitop_5f_NoFullyHadronicDecays_TuneCP5_13TeV-powheg-pythia8_2017&from=1630239694000&to=now
DEBUG 2021-08-30 11:53:27.040 UTC: 	 The CRAB server submitted your task to the Grid scheduler (cluster ID: 30204037)
DEBUG 2021-08-30 11:53:27.040 UTC: 	 Webdir is located at http://vocms0199.cern.ch/mon/cms1407/210829_132134:yian_crab_ST_tW_antitop_5f_NoFullyHadronicDecays_TuneCP5_13TeV-powheg-pythia8_2017
DEBUG 2021-08-30 11:53:27.135 UTC: 	 Proxied webdir is located at https://cmsweb.cern.ch:8443/scheddmon/0199/cms1407/210829_132134:yian_crab_ST_tW_antitop_5f_NoFullyHadronicDecays_TuneCP5_13TeV-powheg-pythia8_2017
DEBUG 2021-08-30 11:53:27.136 UTC: 	 Retrieving 'status_cache' file from https://cmsweb.cern.ch:8443/scheddmon/0199/cms1407/210829_132134:yian_crab_ST_tW_antitop_5f_NoFullyHadronicDecays_TuneCP5_13TeV-powheg-pythia8_2017/status_cache
DEBUG 2021-08-30 11:53:27.205 UTC: 	 Got information from status cache file: {'11': {'Retries': 0, 'WallDurations': [9.0, 268.40671706199646, 48019.0], 'StartTimes': [1630243446.0], 'SubmitTimes': [1630243344.0], 'JobIds': ['30204049.0'], 'EndTimes': [1630291465.0], 'Restarts': 0, 'RecordedSite': True, 'State': 'finished', 'ResidentSetSize': [849708], 'TotalUserCpuTimeHistory': [9134], 'SiteHistory': ['Unknown', 'T2_US_Wisconsin', 'T2_US_Wisconsin'], 'TotalSysCpuTimeHistory': [576]}, '10': {'Retries': 0, 'WallDurations': [8.0, 271.40671706199646, 8015.0], 'StartTimes': [1630243443.0], 'SubmitTimes': [1630243344.0], 'JobIds': ['30204048.0'], 'EndTimes': [1630251458.0], 'Restarts': 0, 'RecordedSite': True, 'State': 'finished', 'ResidentSetSize': [791996], 'TotalUserCpuTimeHistory': [1495], 'SiteHistory': ['Unknown', 'T2_US_Purdue', 'T2_US_Purdue'], 'TotalSysCpuTimeHistory': [136]}, '13': {'Retries': 0, 'WallDurations': [8.0, 266.40671706199646, 3142.0], 'StartTimes': [1630243448.0], 'SubmitTimes': [1630243344.0], 'JobIds': ['30204051.0'], 'EndTimes': [1630246590.0], 'Restarts': 0, 'RecordedSite': True, 'State': 'finished', 'ResidentSetSize': [853180], 'TotalUserCpuTimeHistory': [935], 'SiteHistory': ['Unknown', 'T2_US_Wisconsin', 'T2_US_Wisconsin'], 'TotalSysCpuTimeHistory': [51]}, '12': {'Retries': 0, 'WallDurations': [8.0, 256.40671706199646, 36891.0], 'StartTimes': [1630243458.0], 'SubmitTimes': [1630243344.0], 'JobIds': ['30204050.0'], 'EndTimes': [1630280349.0], 'Restarts': 0, 'RecordedSite': True, 'State': 'finished', 'ResidentSetSize': [836972], 'TotalUserCpuTimeHistory': [6666], 'SiteHistory': ['Unknown', 'T2_US_UCSD', 'T2_US_UCSD'], 'TotalSysCpuTimeHistory': [422]}, '15': {'Retries': 0, 'WallDurations': [8.0, 267.40671706199646, 6847.0], 'StartTimes': [1630243447.0], 'SubmitTimes': [1630243344.0], 'JobIds': ['30204053.0'], 'EndTimes': [1630250294.0], 'Restarts': 0, 'RecordedSite': True, 'State': 'finished', 'ResidentSetSize': [817324], 'TotalUserCpuTimeHistory': [1198], 'SiteHistory': ['Unknown', 'T2_US_Wisconsin', 'T2_US_Wisconsin'], 'TotalSysCpuTimeHistory': [69]}, '14': {'Retries': 0, 'WallDurations': [10.0, 271.40671706199646, 51135.0], 'StartTimes': [1630243443.0], 'SubmitTimes': [1630243344.0], 'JobIds': ['30204052.0'], 'EndTimes': [1630294578.0], 'Restarts': 0, 'RecordedSite': True, 'State': 'finished', 'ResidentSetSize': [986820], 'TotalUserCpuTimeHistory': [6202], 'SiteHistory': ['Unknown', 'T2_US_Purdue', 'T2_US_Purdue'], 'TotalSysCpuTimeHistory': [662]}, '16': {'Retries': 0, 'WallDurations': [9.0, 255.40671706199646, 22553.0], 'StartTimes': [1630243459.0], 'SubmitTimes': [1630243344.0], 'JobIds': ['30204054.0'], 'EndTimes': [1630266012.0], 'Restarts': 0, 'RecordedSite': True, 'State': 'finished', 'ResidentSetSize': [903692], 'TotalUserCpuTimeHistory': [4894], 'SiteHistory': ['Unknown', 'T2_US_Caltech', 'T2_US_Caltech'], 'TotalSysCpuTimeHistory': [301]}, '1': {'Retries': 0, 'WallDurations': [9.0, 274.40671706199646, 1965.0], 'StartTimes': [1630243440.0], 'SubmitTimes': [1630243343.0], 'JobIds': ['30204039.0'], 'EndTimes': [1630245405.0], 'Restarts': 0, 'RecordedSite': True, 'State': 'finished', 'ResidentSetSize': [760476], 'TotalUserCpuTimeHistory': [270], 'SiteHistory': ['Unknown', 'T2_US_Purdue', 'T2_US_Purdue'], 'TotalSysCpuTimeHistory': [7]}, '3': {'Retries': 0, 'WallDurations': [9.0, 269.40671706199646, 38119.0], 'StartTimes': [1630243445.0], 'SubmitTimes': [1630243343.0], 'JobIds': ['30204041.0'], 'EndTimes': [1630281564.0], 'Restarts': 0, 'RecordedSite': True, 'State': 'finished', 'ResidentSetSize': [820232], 'TotalUserCpuTimeHistory': [5816], 'SiteHistory': ['Unknown', 'T2_US_Purdue', 'T2_US_Purdue'], 'TotalSysCpuTimeHistory': [625]}, '2': {'Retries': 0, 'WallDurations': [9.0, 265.40671706199646, 6396.0], 'StartTimes': [1630243449.0], 'SubmitTimes': [1630243343.0], 'JobIds': ['30204040.0'], 'EndTimes': [1630249845.0], 'Restarts': 0, 'RecordedSite': True, 'State': 'finished', 'ResidentSetSize': [863856], 'TotalUserCpuTimeHistory': [1654], 'SiteHistory': ['Unknown', 'T2_US_Wisconsin', 'T2_US_Wisconsin'], 'TotalSysCpuTimeHistory': [95]}, '5': {'Retries': 0, 'WallDurations': [8.0, 265.40671706199646, 75014.0], 'StartTimes': [1630243449.0], 'SubmitTimes': [1630243343.0], 'JobIds': ['30204043.0'], 'EndTimes': [], 'Restarts': 0, 'RecordedSite': True, 'State': 'failed', 'ResidentSetSize': [865208], 'Error': [50664, 'Not retrying job due to wall clock limit (job automatically killed on the worker node)', {}], 'TotalUserCpuTimeHistory': [9919.0], 'SiteHistory': ['Unknown', 'T2_US_Wisconsin', 'T2_US_Wisconsin'], 'TotalSysCpuTimeHistory': [630.0]}, '4': {'Retries': 0, 'WallDurations': [9.0, 265.40671706199646, 51613.0], 'StartTimes': [1630243449.0], 'SubmitTimes': [1630243343.0], 'JobIds': ['30204042.0'], 'EndTimes': [1630295062.0], 'Restarts': 0, 'RecordedSite': True, 'State': 'finished', 'ResidentSetSize': [822772], 'TotalUserCpuTimeHistory': [6814], 'SiteHistory': ['Unknown', 'T2_US_Purdue', 'T2_US_Purdue'], 'TotalSysCpuTimeHistory': [668]}, '7': {'Retries': 0, 'WallDurations': [9.0, 266.40671706199646, 51334.0], 'StartTimes': [1630243448.0], 'SubmitTimes': [1630243344.0], 'JobIds': ['30204045.0'], 'EndTimes': [1630294782.0], 'Restarts': 0, 'RecordedSite': True, 'State': 'finished', 'ResidentSetSize': [956972], 'TotalUserCpuTimeHistory': [7336], 'SiteHistory': ['Unknown', 'T2_US_UCSD', 'T2_US_UCSD'], 'TotalSysCpuTimeHistory': [461]}, '6': {'Retries': 0, 'WallDurations': [9.0, 271.40671706199646, 48756.0], 'StartTimes': [1630243443.0], 'SubmitTimes': [1630243344.0], 'JobIds': ['30204044.0'], 'EndTimes': [1630292199.0], 'Restarts': 0, 'RecordedSite': True, 'State': 'finished', 'ResidentSetSize': [974952], 'TotalUserCpuTimeHistory': [6782], 'SiteHistory': ['Unknown', 'T2_US_UCSD', 'T2_US_UCSD'], 'TotalSysCpuTimeHistory': [426]}, '9': {'Retries': 0, 'WallDurations': [8.0, 268.40671706199646, 46231.0], 'StartTimes': [1630243446.0], 'SubmitTimes': [1630243344.0], 'JobIds': ['30204047.0'], 'EndTimes': [1630289677.0], 'Restarts': 0, 'RecordedSite': True, 'State': 'finished', 'ResidentSetSize': [901912], 'TotalUserCpuTimeHistory': [11654], 'SiteHistory': ['Unknown', 'T2_US_Wisconsin', 'T2_US_Wisconsin'], 'TotalSysCpuTimeHistory': [717]}, '8': {'Retries': 0, 'WallDurations': [8.0, 266.40671706199646, 7181.0], 'StartTimes': [1630243448.0], 'SubmitTimes': [1630243344.0], 'JobIds': ['30204046.0'], 'EndTimes': [1630250629.0], 'Restarts': 0, 'RecordedSite': True, 'State': 'finished', 'ResidentSetSize': [770668], 'TotalUserCpuTimeHistory': [1076], 'SiteHistory': ['Unknown', 'T2_US_Purdue', 'T2_US_Purdue'], 'TotalSysCpuTimeHistory': [93]}}
INFO 2021-08-30 11:53:27.205 UTC: 	 Status on the scheduler:	FAILED
INFO 2021-08-30 11:53:27.205 UTC: 	 
Jobs status:                    failed       		  6.2% ( 1/16)
INFO 2021-08-30 11:53:27.205 UTC: 	 				finished     		 93.8% (15/16)
INFO 2021-08-30 11:53:27.206 UTC: 	 
No publication information (publication has been disabled in the CRAB configuration file)
INFO 2021-08-30 11:53:27.206 UTC: 	 
Error Summary: (use crab status --verboseErrors for details about the errors)

 1 jobs failed with exit code 50664

Have a look at https://twiki.cern.ch/twiki/bin/viewauth/CMSPublic/JobExitCodes for a description of the exit codes.
INFO 2021-08-30 11:53:27.206 UTC: 	 
Warning: the average jobs CPU efficiency is less than 50%, please consider to improve the jobs splitting (e.g. config.Data.splitting = 'Automatic') in a new task
INFO 2021-08-30 11:53:27.206 UTC: 	 
Summary of run jobs:
 * Memory: 742MB min, 963MB max, 841MB ave
 * Runtime: 0:32:45 min, 20:50:14 max, 8:44:10 ave
 * CPU eff: 13% min, 31% max, 17% ave
 * Waste: 1:13:27 (1% of total)

DEBUG 2021-08-30 11:53:27.207 UTC: 	 Requesting resubmission of failed jobs in task 210829_132134:yian_crab_ST_tW_antitop_5f_NoFullyHadronicDecays_TuneCP5_13TeV-powheg-pythia8_2017
INFO 2021-08-30 11:53:27.207 UTC: 	 Sending resubmit request to the server.
DEBUG 2021-08-30 11:53:27.207 UTC: 	 Submitting {'publication': 0, 'jobids': ['5'], 'subresource': 'resubmit2', 'workflow': u'210829_132134:yian_crab_ST_tW_antitop_5f_NoFullyHadronicDecays_TuneCP5_13TeV-powheg-pythia8_2017'} 
DEBUG 2021-08-30 11:53:27.207 UTC: 	 Encoded resubmit request: publication=0&subresource=resubmit2&workflow=210829_132134%3Ayian_crab_ST_tW_antitop_5f_NoFullyHadronicDecays_TuneCP5_13TeV-powheg-pythia8_2017&jobids=5
DEBUG 2021-08-30 11:53:27.338 UTC: 	 Result: {u'result': [{u'result': u'ok'}], u'desc': {u'columns': [u'tm_site_blacklist', u'tm_site_whitelist', u'tm_maxjobruntime', u'tm_maxmemory', u'tm_numcores', u'tm_priority']}}
INFO 2021-08-30 11:53:27.339 UTC: 	 Resubmit request sent to the server.
INFO 2021-08-30 11:53:27.339 UTC: 	 Please use ' crab status ' to check how the resubmission process proceeds.
Notice it may take a couple of minutes for the resubmission to get fully processed.
INFO 2021-08-30 11:53:27.363 UTC: 	 Log file is /afs/cern.ch/work/y/yian/work/GZ/CMSSW_10_6_20/src/PhysicsTools/NanoAODTools/WWG/2017/crab/crab2017/crab_ST_tW_antitop_5f_NoFullyHadronicDecays_TuneCP5_13TeV-powheg-pythia8_2017/crab.log
DEBUG 2021-09-02 11:01:38.920 UTC: 	 CRAB Client version: v3.210825
DEBUG 2021-09-02 11:01:38.920 UTC: 	 Running on: Linux lxplus725.cern.ch 3.10.0-1160.36.2.el7.x86_64 #1 SMP Wed Jul 21 11:57:15 UTC 2021 x86_64 x86_64 x86_64 GNU/Linux - CentOS Linux 7 (Core)
DEBUG 2021-09-02 11:01:38.920 UTC: 	 Executing command: 'status'
DEBUG 2021-09-02 11:01:38.921 UTC: 	 Found CRAB cache file /afs/cern.ch/user/y/yian/.crab3
DEBUG 2021-09-02 11:01:38.980 UTC: 	 Checking credentials
DEBUG 2021-09-02 11:01:38.980 UTC: 	 Found proxy file /tmp/x509up_u110046
DEBUG 2021-09-02 11:01:38.980 UTC: 	 Getting proxy life time left
DEBUG 2021-09-02 11:01:39.686 UTC: 	 Executing : 
 command : voms-proxy-info -file /tmp/x509up_u110046 -timeleft
 output : 595688

 error: 
 retcode : 0
DEBUG 2021-09-02 11:01:40.295 UTC: 	 Executing : 
 command : voms-proxy-info -file /tmp/x509up_u110046 -actimeleft
 output : 595687

 error: 
 retcode : 0
DEBUG 2021-09-02 11:01:40.295 UTC: 	 Proxy lifetime 595688 secs is different from voms extension lifetime 595687 secs for proxy: /tmp/x509up_u110046
DEBUG 2021-09-02 11:01:40.296 UTC: 	 Proxy valid for 165:28:07 hours
DEBUG 2021-09-02 11:01:40.378 UTC: 	 Registering user credentials for server /DC=ch/DC=cern/OU=computers/CN=crab-(preprod|prod|dev)-tw(02|01).cern.ch|/DC=ch/DC=cern/OU=computers/CN=(ddi|ddidk|mytw).cern.ch|/DC=ch/DC=cern/OU=computers/CN=stefanov(m|m2).cern.ch
DEBUG 2021-09-02 11:01:40.989 UTC: 	 Executing : 
 command : voms-proxy-info -file /tmp/x509up_u110046 -identity
 output : /DC=ch/DC=cern/OU=Organic Units/OU=Users/CN=yian/CN=826694/CN=Ying An

 error: 
 retcode : 0
DEBUG 2021-09-02 11:01:40.996 UTC: 	 Getting myproxy life time left for myproxy.cern.ch
DEBUG 2021-09-02 11:01:40.996 UTC: 	 using b52ac606a6f7097e9b4b8f05a3a67cc69f8f291b as credential login name
DEBUG 2021-09-02 11:01:41.405 UTC: 	 Executing : 
 command : myproxy-info -l b52ac606a6f7097e9b4b8f05a3a67cc69f8f291b -s myproxy.cern.ch
 output : username: b52ac606a6f7097e9b4b8f05a3a67cc69f8f291b
owner: /DC=ch/DC=cern/OU=Organic Units/OU=Users/CN=yian/CN=826694/CN=Ying An
  renewal policy: /DC=ch/DC=cern/OU=computers/CN=crab-(preprod|prod|dev)-tw(02|01).cern.ch|/DC=ch/DC=cern/OU=computers/CN=(ddi|ddidk|mytw).cern.ch|/DC=ch/DC=cern/OU=computers/CN=stefanov(m|m2).cern.ch
  trusted retrieval policy: /DC=ch/DC=cern/OU=computers/CN=crab-(preprod|prod|dev)-tw(02|01).cern.ch|/DC=ch/DC=cern/OU=computers/CN=(ddi|ddidk|mytw).cern.ch|/DC=ch/DC=cern/OU=computers/CN=stefanov(m|m2).cern.ch
  timeleft: 577:23:31  (24.1 days)

 error: 
 retcode : 0
DEBUG 2021-09-02 11:01:41.406 UTC: 	 Myproxy is valid: 2078611
DEBUG 2021-09-02 11:01:41.406 UTC: 	 Retrieving username ...
DEBUG 2021-09-02 11:01:41.406 UTC: 	 Retrieving username from CRIC...
DEBUG 2021-09-02 11:01:42.154 UTC: 	 username is yian
DEBUG 2021-09-02 11:01:42.168 UTC: 	 Getting myproxy life time left for myproxy.cern.ch
DEBUG 2021-09-02 11:01:42.169 UTC: 	 using yian_CRAB as credential login name
DEBUG 2021-09-02 11:01:42.473 UTC: 	 Executing : 
 command : myproxy-info -l yian_CRAB -s myproxy.cern.ch
 output : username: yian_CRAB
owner: /DC=ch/DC=cern/OU=Organic Units/OU=Users/CN=yian/CN=826694/CN=Ying An
  renewal policy: /DC=ch/DC=cern/OU=computers/CN=crab-(preprod|prod|dev)-tw(02|01).cern.ch|/DC=ch/DC=cern/OU=computers/CN=(ddi|ddidk|mytw).cern.ch|/DC=ch/DC=cern/OU=computers/CN=stefanov(m|m2).cern.ch
  trusted retrieval policy: /DC=ch/DC=cern/OU=computers/CN=crab-(preprod|prod|dev)-tw(02|01).cern.ch|/DC=ch/DC=cern/OU=computers/CN=(ddi|ddidk|mytw).cern.ch|/DC=ch/DC=cern/OU=computers/CN=stefanov(m|m2).cern.ch
  timeleft: 578:23:56  (24.1 days)

 error: 
 retcode : 0
DEBUG 2021-09-02 11:01:42.473 UTC: 	 Myproxy is valid: 2082236
DEBUG 2021-09-02 11:01:42.474 UTC: 	 Result of myproxy credential check:
  Credential exists on myproxy: username: b52ac606a6f7097e9b4b8f05a3a67cc69f8f291b  - validity: 24 days, 1:23:31
  Credential exists on myproxy: username: yian_CRAB  - validity: 24 days, 2:23:56
DEBUG 2021-09-02 11:01:42.475 UTC: 	 Command use: status
DEBUG 2021-09-02 11:01:42.475 UTC: 	 Options use: ['-d', 'crab2017/crab_ST_tW_antitop_5f_NoFullyHadronicDecays_TuneCP5_13TeV-powheg-pythia8_2017']
DEBUG 2021-09-02 11:01:42.522 UTC: 	 CRABClient version: v3.210825
DEBUG 2021-09-02 11:01:42.522 UTC: 	 Instance is prod
DEBUG 2021-09-02 11:01:42.522 UTC: 	 Server base url is cmsweb.cern.ch
DEBUG 2021-09-02 11:01:42.522 UTC: 	 Command api workflow
DEBUG 2021-09-02 11:01:42.610 UTC: 	 Got information from server oracle database: {u'result': [u'210829_132134:yian_crab_ST_tW_antitop_5f_NoFullyHadronicDecays_TuneCP5_13TeV-powheg-pythia8_2017', u'None', u'None', u'SUBMITTED', u'None', u'2021-08-29 13:21:34.890783', u'None', u'2021-08-29 13:22:18.049318', u'None', u'CMSSW_10_6_20', u'slc7_amd64_gcc820', u'/ST_tW_antitop_5f_NoFullyHadronicDecays_TuneCP5_13TeV-powheg-pythia8/RunIISummer20UL17NanoAODv2-106X_mc2017_realistic_v8-v1/NANOAODSIM', u'T', u'0', u"[u'T2_US_UCSD', u'T2_US_Wisconsin', u'T2_US_MIT', u'T2_US_Caltech', u'T2_US_Purdue', u'T2_US_Nebraska']", u'[]', u'FileBased', u"{'splitOnRun': False, 'halt_job_on_file_boundaries': False, 'files_per_job': 1, 'runs': [], 'lumis': []}", u'961371099509c2c2da4b7e32de2a71aca992c4a6fd4823367b033479e22be09f.tar.gz', u'https://cmsweb.cern.ch/S3/crabcache_prod', u'yian', u'/DC=ch/DC=cern/OU=Organic Units/OU=Users/CN=yian/CN=826694/CN=Ying An', u'cms', u'None', u'None', u'ST_tW_antitop_5f_NoFullyHadronicDecays_TuneCP5_13TeV-powheg-pythia8_2017-00000000000000000000000000000000', u'F', u'T2_CH_CERN', u'https://cmsweb.cern.ch/dbs/prod/global/DBSReader', u'https://cmsweb.cern.ch/dbs/prod/phys03/DBSWriter', u'F', u'[]', u'[]', u"[b'tree.root']", u'Analysis', u'pythia', u'None', u"{'maxjobruntime': 1250, 'priority': 10, 'site_blacklist': [], 'resubmit_jobids': [b'5'], 'numcores': 1, 'site_whitelist': [u'T2_US_UCSD', u'T2_US_Wisconsin', u'T2_US_MIT', u'T2_US_Caltech', u'T2_US_Purdue', u'T2_US_Nebraska'], 'maxmemory': 2000, 'resubmit_publication': 0}", u'[]', u'F', u'crab-prod-tw01', u'[]', u'1250', u'1', u'2000', u'10', u"['/ST_tW_antitop_5f_NoFullyHadronicDecays_TuneCP5_13TeV-powheg-pythia8/yian-ST_tW_antitop_5f_NoFullyHadronicDecays_TuneCP5_13TeV-powheg-pythia8_2017-5d8f93ee2ba2db6b402c7167473e2950/USER']", u'[]', u'http://vocms0199.cern.ch/mon/cms1407/210829_132134:yian_crab_ST_tW_antitop_5f_NoFullyHadronicDecays_TuneCP5_13TeV-powheg-pythia8_2017', u'WWG_crab_script.sh', u"[b'isdata=MC', b'year=2017', b'era=B']", u'[]', u'https://cmsweb.cern.ch/crabserver/prod', u'cmsgwms-collector-global.cern.ch:9620,cmsgwms-collector-global.fnal.gov:9620', u'crab3@vocms0199.cern.ch', u'F', u'[]', u'T', u'/store/user/yian/', u'T', u'None', u'F', u'None', u'ST_tW_antitop_5f_NoFullyHadronicDecays_TuneCP5_13TeV-powheg-pythia8', u'None', u'a690a609ce5fc629846355128921765a940f220764fd4d818a06d23d301a346b.tar.gz', u'30204037', u'filetransfers', u'F', u'188.184.98.213', u'0.0', u'None'], u'desc': {u'columns': [u'tm_taskname', u'tm_activity', u'panda_jobset_id', u'tm_task_status', u'tm_task_command', u'tm_start_time', u'tm_start_injection', u'tm_end_injection', u'tm_task_failure', u'tm_job_sw', u'tm_job_arch', u'tm_input_dataset', u'tm_nonvalid_input_dataset', u'tm_use_parent', u'tm_site_whitelist', u'tm_site_blacklist', u'tm_split_algo', u'tm_split_args', u'tm_user_sandbox', u'tm_cache_url', u'tm_username', u'tm_user_dn', u'tm_user_vo', u'tm_user_role', u'tm_user_group', u'tm_publish_name', u'tm_publish_groupname', u'tm_asyncdest', u'tm_dbs_url', u'tm_publish_dbs_url', u'tm_publication', u'tm_outfiles', u'tm_tfile_outfiles', u'tm_edm_outfiles', u'tm_job_type', u'tm_generator', u'tm_events_per_lumi', u'tm_arguments', u'panda_resubmitted_jobs', u'tm_save_logs', u'tw_name', u'tm_user_infiles', u'tm_maxjobruntime', u'tm_numcores', u'tm_maxmemory', u'tm_priority', u'tm_output_dataset', u'tm_task_warnings', u'tm_user_webdir', u'tm_scriptexe', u'tm_scriptargs', u'tm_extrajdl', u'tm_asourl', u'tm_collector', u'tm_schedd', u'tm_dry_run', u'tm_user_files', u'tm_transfer_outputs', u'tm_output_lfn', u'tm_ignore_locality', u'tm_fail_limit', u'tm_one_event_mode', u'tm_secondary_input_dataset', u'tm_primary_dataset', u'tm_last_publication', u'tm_debug_files', u'clusterid', u'tm_asodb', u'tm_ignore_global_blacklist', u'tm_submitter_ip_addr', u'tm_totalunits', u'tm_ddm_reqid']}}
INFO 2021-09-02 11:01:42.610 UTC: 	 CRAB project directory:		/afs/cern.ch/work/y/yian/work/GZ/CMSSW_10_6_20/src/PhysicsTools/NanoAODTools/WWG/2017/crab/crab2017/crab_ST_tW_antitop_5f_NoFullyHadronicDecays_TuneCP5_13TeV-powheg-pythia8_2017
INFO 2021-09-02 11:01:42.610 UTC: 	 Task name:			210829_132134:yian_crab_ST_tW_antitop_5f_NoFullyHadronicDecays_TuneCP5_13TeV-powheg-pythia8_2017
INFO 2021-09-02 11:01:42.610 UTC: 	 Grid scheduler - Task Worker:	crab3@vocms0199.cern.ch - crab-prod-tw01
INFO 2021-09-02 11:01:42.610 UTC: 	 Status on the CRAB server:	SUBMITTED
INFO 2021-09-02 11:01:42.610 UTC: 	 Task URL to use for HELP:	https://cmsweb.cern.ch/crabserver/ui/task/210829_132134%3Ayian_crab_ST_tW_antitop_5f_NoFullyHadronicDecays_TuneCP5_13TeV-powheg-pythia8_2017
INFO 2021-09-02 11:01:42.615 UTC: 	 Dashboard monitoring URL:	https://monit-grafana.cern.ch/d/cmsTMDetail/cms-task-monitoring-task-view?orgId=11&var-user=yian&var-task=210829_132134%3Ayian_crab_ST_tW_antitop_5f_NoFullyHadronicDecays_TuneCP5_13TeV-powheg-pythia8_2017&from=1630239694000&to=now
DEBUG 2021-09-02 11:01:42.615 UTC: 	 The CRAB server submitted your task to the Grid scheduler (cluster ID: 30204037)
DEBUG 2021-09-02 11:01:42.615 UTC: 	 Webdir is located at http://vocms0199.cern.ch/mon/cms1407/210829_132134:yian_crab_ST_tW_antitop_5f_NoFullyHadronicDecays_TuneCP5_13TeV-powheg-pythia8_2017
DEBUG 2021-09-02 11:01:42.920 UTC: 	 Proxied webdir is located at https://cmsweb.cern.ch:8443/scheddmon/0199/cms1407/210829_132134:yian_crab_ST_tW_antitop_5f_NoFullyHadronicDecays_TuneCP5_13TeV-powheg-pythia8_2017
DEBUG 2021-09-02 11:01:42.921 UTC: 	 Retrieving 'status_cache' file from https://cmsweb.cern.ch:8443/scheddmon/0199/cms1407/210829_132134:yian_crab_ST_tW_antitop_5f_NoFullyHadronicDecays_TuneCP5_13TeV-powheg-pythia8_2017/status_cache
DEBUG 2021-09-02 11:01:43.222 UTC: 	 Got information from status cache file: {'11': {'Retries': 0, 'WallDurations': [9.0, 268.40671706199646, 48019.0], 'StartTimes': [1630243446.0], 'SubmitTimes': [1630243344.0], 'JobIds': ['30204049.0'], 'EndTimes': [1630291465.0], 'Restarts': 0, 'RecordedSite': True, 'State': 'finished', 'ResidentSetSize': [849708], 'TotalUserCpuTimeHistory': [9134], 'SiteHistory': ['Unknown', 'T2_US_Wisconsin', 'T2_US_Wisconsin'], 'TotalSysCpuTimeHistory': [576]}, '10': {'Retries': 0, 'WallDurations': [8.0, 271.40671706199646, 8015.0], 'StartTimes': [1630243443.0], 'SubmitTimes': [1630243344.0], 'JobIds': ['30204048.0'], 'EndTimes': [1630251458.0], 'Restarts': 0, 'RecordedSite': True, 'State': 'finished', 'ResidentSetSize': [791996], 'TotalUserCpuTimeHistory': [1495], 'SiteHistory': ['Unknown', 'T2_US_Purdue', 'T2_US_Purdue'], 'TotalSysCpuTimeHistory': [136]}, '13': {'Retries': 0, 'WallDurations': [8.0, 266.40671706199646, 3142.0], 'StartTimes': [1630243448.0], 'SubmitTimes': [1630243344.0], 'JobIds': ['30204051.0'], 'EndTimes': [1630246590.0], 'Restarts': 0, 'RecordedSite': True, 'State': 'finished', 'ResidentSetSize': [853180], 'TotalUserCpuTimeHistory': [935], 'SiteHistory': ['Unknown', 'T2_US_Wisconsin', 'T2_US_Wisconsin'], 'TotalSysCpuTimeHistory': [51]}, '12': {'Retries': 0, 'WallDurations': [8.0, 256.40671706199646, 36891.0], 'StartTimes': [1630243458.0], 'SubmitTimes': [1630243344.0], 'JobIds': ['30204050.0'], 'EndTimes': [1630280349.0], 'Restarts': 0, 'RecordedSite': True, 'State': 'finished', 'ResidentSetSize': [836972], 'TotalUserCpuTimeHistory': [6666], 'SiteHistory': ['Unknown', 'T2_US_UCSD', 'T2_US_UCSD'], 'TotalSysCpuTimeHistory': [422]}, '15': {'Retries': 0, 'WallDurations': [8.0, 267.40671706199646, 6847.0], 'StartTimes': [1630243447.0], 'SubmitTimes': [1630243344.0], 'JobIds': ['30204053.0'], 'EndTimes': [1630250294.0], 'Restarts': 0, 'RecordedSite': True, 'State': 'finished', 'ResidentSetSize': [817324], 'TotalUserCpuTimeHistory': [1198], 'SiteHistory': ['Unknown', 'T2_US_Wisconsin', 'T2_US_Wisconsin'], 'TotalSysCpuTimeHistory': [69]}, '14': {'Retries': 0, 'WallDurations': [10.0, 271.40671706199646, 51135.0], 'StartTimes': [1630243443.0], 'SubmitTimes': [1630243344.0], 'JobIds': ['30204052.0'], 'EndTimes': [1630294578.0], 'Restarts': 0, 'RecordedSite': True, 'State': 'finished', 'ResidentSetSize': [986820], 'TotalUserCpuTimeHistory': [6202], 'SiteHistory': ['Unknown', 'T2_US_Purdue', 'T2_US_Purdue'], 'TotalSysCpuTimeHistory': [662]}, '16': {'Retries': 0, 'WallDurations': [9.0, 255.40671706199646, 22553.0], 'StartTimes': [1630243459.0], 'SubmitTimes': [1630243344.0], 'JobIds': ['30204054.0'], 'EndTimes': [1630266012.0], 'Restarts': 0, 'RecordedSite': True, 'State': 'finished', 'ResidentSetSize': [903692], 'TotalUserCpuTimeHistory': [4894], 'SiteHistory': ['Unknown', 'T2_US_Caltech', 'T2_US_Caltech'], 'TotalSysCpuTimeHistory': [301]}, '1': {'Retries': 0, 'WallDurations': [9.0, 274.40671706199646, 1965.0], 'StartTimes': [1630243440.0], 'SubmitTimes': [1630243343.0], 'JobIds': ['30204039.0'], 'EndTimes': [1630245405.0], 'Restarts': 0, 'RecordedSite': True, 'State': 'finished', 'ResidentSetSize': [760476], 'TotalUserCpuTimeHistory': [270], 'SiteHistory': ['Unknown', 'T2_US_Purdue', 'T2_US_Purdue'], 'TotalSysCpuTimeHistory': [7]}, '3': {'Retries': 0, 'WallDurations': [9.0, 269.40671706199646, 38119.0], 'StartTimes': [1630243445.0], 'SubmitTimes': [1630243343.0], 'JobIds': ['30204041.0'], 'EndTimes': [1630281564.0], 'Restarts': 0, 'RecordedSite': True, 'State': 'finished', 'ResidentSetSize': [820232], 'TotalUserCpuTimeHistory': [5816], 'SiteHistory': ['Unknown', 'T2_US_Purdue', 'T2_US_Purdue'], 'TotalSysCpuTimeHistory': [625]}, '2': {'Retries': 0, 'WallDurations': [9.0, 265.40671706199646, 6396.0], 'StartTimes': [1630243449.0], 'SubmitTimes': [1630243343.0], 'JobIds': ['30204040.0'], 'EndTimes': [1630249845.0], 'Restarts': 0, 'RecordedSite': True, 'State': 'finished', 'ResidentSetSize': [863856], 'TotalUserCpuTimeHistory': [1654], 'SiteHistory': ['Unknown', 'T2_US_Wisconsin', 'T2_US_Wisconsin'], 'TotalSysCpuTimeHistory': [95]}, '5': {'Retries': 1, 'WallDurations': [8.0, 265.40671706199646, 75014.0, 9.0, 122.76421189308167, 61300.0], 'StartTimes': [1630243449.0, 1630324705.0], 'SubmitTimes': [1630243343.0, 1630324461.0], 'JobIds': ['30204043.0', '30239067.0'], 'TotalUserCpuTimeHistory': [9919.0, 12321], 'EndTimes': [1630386005.0], 'Restarts': 0, 'RecordedSite': True, 'State': 'finished', 'ResidentSetSize': [865208, 906188], 'Error': [50664, 'Not retrying job due to wall clock limit (job automatically killed on the worker node)', {}], 'SiteHistory': ['Unknown', 'T2_US_Wisconsin', 'T2_US_Wisconsin', 'Unknown', 'T2_US_Caltech', 'T2_US_Caltech'], 'TotalSysCpuTimeHistory': [630.0, 758]}, '4': {'Retries': 0, 'WallDurations': [9.0, 265.40671706199646, 51613.0], 'StartTimes': [1630243449.0], 'SubmitTimes': [1630243343.0], 'JobIds': ['30204042.0'], 'EndTimes': [1630295062.0], 'Restarts': 0, 'RecordedSite': True, 'State': 'finished', 'ResidentSetSize': [822772], 'TotalUserCpuTimeHistory': [6814], 'SiteHistory': ['Unknown', 'T2_US_Purdue', 'T2_US_Purdue'], 'TotalSysCpuTimeHistory': [668]}, '7': {'Retries': 0, 'WallDurations': [9.0, 266.40671706199646, 51334.0], 'StartTimes': [1630243448.0], 'SubmitTimes': [1630243344.0], 'JobIds': ['30204045.0'], 'EndTimes': [1630294782.0], 'Restarts': 0, 'RecordedSite': True, 'State': 'finished', 'ResidentSetSize': [956972], 'TotalUserCpuTimeHistory': [7336], 'SiteHistory': ['Unknown', 'T2_US_UCSD', 'T2_US_UCSD'], 'TotalSysCpuTimeHistory': [461]}, '6': {'Retries': 0, 'WallDurations': [9.0, 271.40671706199646, 48756.0], 'StartTimes': [1630243443.0], 'SubmitTimes': [1630243344.0], 'JobIds': ['30204044.0'], 'EndTimes': [1630292199.0], 'Restarts': 0, 'RecordedSite': True, 'State': 'finished', 'ResidentSetSize': [974952], 'TotalUserCpuTimeHistory': [6782], 'SiteHistory': ['Unknown', 'T2_US_UCSD', 'T2_US_UCSD'], 'TotalSysCpuTimeHistory': [426]}, '9': {'Retries': 0, 'WallDurations': [8.0, 268.40671706199646, 46231.0], 'StartTimes': [1630243446.0], 'SubmitTimes': [1630243344.0], 'JobIds': ['30204047.0'], 'EndTimes': [1630289677.0], 'Restarts': 0, 'RecordedSite': True, 'State': 'finished', 'ResidentSetSize': [901912], 'TotalUserCpuTimeHistory': [11654], 'SiteHistory': ['Unknown', 'T2_US_Wisconsin', 'T2_US_Wisconsin'], 'TotalSysCpuTimeHistory': [717]}, '8': {'Retries': 0, 'WallDurations': [8.0, 266.40671706199646, 7181.0], 'StartTimes': [1630243448.0], 'SubmitTimes': [1630243344.0], 'JobIds': ['30204046.0'], 'EndTimes': [1630250629.0], 'Restarts': 0, 'RecordedSite': True, 'State': 'finished', 'ResidentSetSize': [770668], 'TotalUserCpuTimeHistory': [1076], 'SiteHistory': ['Unknown', 'T2_US_Purdue', 'T2_US_Purdue'], 'TotalSysCpuTimeHistory': [93]}}
INFO 2021-09-02 11:01:43.222 UTC: 	 Status on the scheduler:	COMPLETED
INFO 2021-09-02 11:01:43.223 UTC: 	 
Jobs status:                    finished     		100.0% (16/16)
INFO 2021-09-02 11:01:43.223 UTC: 	 
No publication information (publication has been disabled in the CRAB configuration file)
INFO 2021-09-02 11:01:43.223 UTC: 	 
Warning: the average jobs CPU efficiency is less than 50%, please consider to improve the jobs splitting (e.g. config.Data.splitting = 'Automatic') in a new task
INFO 2021-09-02 11:01:43.223 UTC: 	 
Summary of run jobs:
 * Memory: 742MB min, 963MB max, 843MB ave
 * Runtime: 0:32:45 min, 17:01:40 max, 8:29:53 ave
 * CPU eff: 13% min, 31% max, 18% ave
 * Waste: 22:05:53 (14% of total)

INFO 2021-09-02 11:01:43.247 UTC: 	 Log file is /afs/cern.ch/work/y/yian/work/GZ/CMSSW_10_6_20/src/PhysicsTools/NanoAODTools/WWG/2017/crab/crab2017/crab_ST_tW_antitop_5f_NoFullyHadronicDecays_TuneCP5_13TeV-powheg-pythia8_2017/crab.log
