DEBUG 2021-11-25 06:10:25.048 UTC: 	 CRAB Client version: v3.210825
DEBUG 2021-11-25 06:10:25.049 UTC: 	 Running on: Linux lxplus7108.cern.ch 3.10.0-1160.45.1.el7.x86_64 #1 SMP Wed Oct 13 17:20:51 UTC 2021 x86_64 x86_64 x86_64 GNU/Linux - CentOS Linux 7 (Core)
DEBUG 2021-11-25 06:10:25.049 UTC: 	 Executing command: 'submit'
DEBUG 2021-11-25 06:10:25.050 UTC: 	 Found CRAB cache file /afs/cern.ch/user/y/yian/.crab3
INFO 2021-11-25 06:10:25.052 UTC: 	 Will use CRAB configuration file crabcode_2016/ZGToLLG_01J_5f_TuneCP5_13TeV-amcatnloFXFX-pythia8_2016_cfg.py
DEBUG 2021-11-25 06:10:25.052 UTC: 	 Loading CRAB configuration file.
DEBUG 2021-11-25 06:10:25.062 UTC: 	 Will use CRAB Analysis plugin (i.e. will run an analysis job type).
DEBUG 2021-11-25 06:10:25.082 UTC: 	 Checking credentials
DEBUG 2021-11-25 06:10:25.082 UTC: 	 Found proxy file /tmp/x509up_u110046
DEBUG 2021-11-25 06:10:25.082 UTC: 	 Getting proxy life time left
DEBUG 2021-11-25 06:10:25.687 UTC: 	 Executing : 
 command : voms-proxy-info -file /tmp/x509up_u110046 -timeleft
 output : 594232

 error: 
 retcode : 0
DEBUG 2021-11-25 06:10:26.295 UTC: 	 Executing : 
 command : voms-proxy-info -file /tmp/x509up_u110046 -actimeleft
 output : 594230

 error: 
 retcode : 0
DEBUG 2021-11-25 06:10:26.295 UTC: 	 Proxy lifetime 594232 secs is different from voms extension lifetime 594230 secs for proxy: /tmp/x509up_u110046
DEBUG 2021-11-25 06:10:26.295 UTC: 	 Proxy valid for 165:03:50 hours
DEBUG 2021-11-25 06:10:26.901 UTC: 	 Executing : 
 command : env X509_USER_PROXY=/tmp/x509up_u110046 voms-proxy-info -fqan
 output : /cms/Role=NULL/Capability=NULL

 error: 
 retcode : 0
DEBUG 2021-11-25 06:10:26.981 UTC: 	 Registering user credentials for server /DC=ch/DC=cern/OU=computers/CN=crab-(preprod|prod|dev)-tw(02|01).cern.ch|/DC=ch/DC=cern/OU=computers/CN=stefanov(m|m2).cern.ch|/DC=ch/DC=cern/OU=computers/CN=dciangot-tw.cern.ch
DEBUG 2021-11-25 06:10:27.595 UTC: 	 Executing : 
 command : voms-proxy-info -file /tmp/x509up_u110046 -identity
 output : /DC=ch/DC=cern/OU=Organic Units/OU=Users/CN=yian/CN=826694/CN=Ying An

 error: 
 retcode : 0
DEBUG 2021-11-25 06:10:27.602 UTC: 	 Getting myproxy life time left for myproxy.cern.ch
DEBUG 2021-11-25 06:10:27.603 UTC: 	 using b52ac606a6f7097e9b4b8f05a3a67cc69f8f291b as credential login name
DEBUG 2021-11-25 06:10:28.017 UTC: 	 Executing : 
 command : myproxy-info -l b52ac606a6f7097e9b4b8f05a3a67cc69f8f291b -s myproxy.cern.ch
 output : username: b52ac606a6f7097e9b4b8f05a3a67cc69f8f291b
owner: /DC=ch/DC=cern/OU=Organic Units/OU=Users/CN=yian/CN=826694/CN=Ying An
  renewal policy: /DC=ch/DC=cern/OU=computers/CN=crab-(preprod|prod|dev)-tw(02|01).cern.ch|/DC=ch/DC=cern/OU=computers/CN=stefanov(m|m2).cern.ch|/DC=ch/DC=cern/OU=computers/CN=dciangot-tw.cern.ch
  trusted retrieval policy: /DC=ch/DC=cern/OU=computers/CN=crab-(preprod|prod|dev)-tw(02|01).cern.ch|/DC=ch/DC=cern/OU=computers/CN=stefanov(m|m2).cern.ch|/DC=ch/DC=cern/OU=computers/CN=dciangot-tw.cern.ch
  timeleft: 674:46:11  (28.1 days)

 error: 
 retcode : 0
DEBUG 2021-11-25 06:10:28.018 UTC: 	 Myproxy is valid: 2429171
DEBUG 2021-11-25 06:10:28.018 UTC: 	 Retrieving username ...
DEBUG 2021-11-25 06:10:28.018 UTC: 	 Retrieving username from CRIC...
DEBUG 2021-11-25 06:10:28.849 UTC: 	 username is yian
DEBUG 2021-11-25 06:10:28.855 UTC: 	 Getting myproxy life time left for myproxy.cern.ch
DEBUG 2021-11-25 06:10:28.855 UTC: 	 using yian_CRAB as credential login name
DEBUG 2021-11-25 06:10:29.259 UTC: 	 Executing : 
 command : myproxy-info -l yian_CRAB -s myproxy.cern.ch
 output : username: yian_CRAB
owner: /DC=ch/DC=cern/OU=Organic Units/OU=Users/CN=yian/CN=826694/CN=Ying An
  renewal policy: /DC=ch/DC=cern/OU=computers/CN=crab-(preprod|prod|dev)-tw(02|01).cern.ch|/DC=ch/DC=cern/OU=computers/CN=stefanov(m|m2).cern.ch|/DC=ch/DC=cern/OU=computers/CN=dciangot-tw.cern.ch
  trusted retrieval policy: /DC=ch/DC=cern/OU=computers/CN=crab-(preprod|prod|dev)-tw(02|01).cern.ch|/DC=ch/DC=cern/OU=computers/CN=stefanov(m|m2).cern.ch|/DC=ch/DC=cern/OU=computers/CN=dciangot-tw.cern.ch
  timeleft: 674:45:02  (28.1 days)

 error: 
 retcode : 0
DEBUG 2021-11-25 06:10:29.260 UTC: 	 Myproxy is valid: 2429102
DEBUG 2021-11-25 06:10:29.260 UTC: 	 Result of myproxy credential check:
  Credential exists on myproxy: username: b52ac606a6f7097e9b4b8f05a3a67cc69f8f291b  - validity: 28 days, 2:46:11
  Credential exists on myproxy: username: yian_CRAB  - validity: 28 days, 2:45:02
DEBUG 2021-11-25 06:10:29.260 UTC: 	 Command use: submit
DEBUG 2021-11-25 06:10:29.260 UTC: 	 Options use: ['-c', 'crabcode_2016/ZGToLLG_01J_5f_TuneCP5_13TeV-amcatnloFXFX-pythia8_2016_cfg.py']
DEBUG 2021-11-25 06:10:29.368 UTC: 	 CRABClient version: v3.210825
DEBUG 2021-11-25 06:10:29.368 UTC: 	 Instance is prod
DEBUG 2021-11-25 06:10:29.368 UTC: 	 Server base url is cmsweb.cern.ch
DEBUG 2021-11-25 06:10:29.368 UTC: 	 Command api workflow
DEBUG 2021-11-25 06:10:29.368 UTC: 	 Started submission
DEBUG 2021-11-25 06:10:29.368 UTC: 	 Working on /afs/cern.ch/work/y/yian/work/GZ/CMSSW_10_6_20/src/PhysicsTools/NanoAODTools/WWG/2016pre/crab/crab2016/crab_ZGToLLG_01J_5f_TuneCP5_13TeV-amcatnloFXFX-pythia8_2016
DEBUG 2021-11-25 06:10:29.479 UTC: 	 Loading required information from the environment
DEBUG 2021-11-25 06:10:29.479 UTC: 	 Found CMSSW_10_6_20 for slc7_amd64_gcc820 with base /afs/cern.ch/work/y/yian/work/GZ/CMSSW_10_6_20
DEBUG 2021-11-25 06:10:29.479 UTC: 	 Loading required information from the environment
DEBUG 2021-11-25 06:10:29.479 UTC: 	 Found CMSSW_10_6_20 for slc7_amd64_gcc820 with base /afs/cern.ch/work/y/yian/work/GZ/CMSSW_10_6_20
DEBUG 2021-11-25 06:10:29.479 UTC: 	 UNIQUE NAME: tarUUID b2c2ef7b-f170-49ec-a912-405ca7ca9946 
DEBUG 2021-11-25 06:10:29.479 UTC: 	 self.config: from WMCore.Configuration import Configuration
config = Configuration()
config.section_('General')
config.General.workArea = 'crab2016'
config.General.transferLogs = False
config.General.requestName = 'ZGToLLG_01J_5f_TuneCP5_13TeV-amcatnloFXFX-pythia8_2016'
config.section_('JobType')
config.JobType.scriptArgs = ['isdata=MC', 'year=2016', 'era=B']
config.JobType.scriptExe = './WWG_crab_script.sh'
config.JobType.pluginName = 'Analysis'
config.JobType.sendPythonFolder = True
config.JobType.allowUndistributedCMSSW = True
config.JobType.psetName = 'PSet.py'
config.JobType.inputFiles = ['../../../scripts/haddnano.py', '../WWG_selector/WWG_postproc.py', '../WWG_selector/WWG_Module.py', '../WWG_selector/WWG_keep_and_drop.txt', '../WWG_selector/WWG_output_branch.txt', '../WWG_selector/DAS_filesearch.py']
config.section_('Data')
config.Data.inputDataset = '/ZGToLLG_01J_5f_TuneCP5_13TeV-amcatnloFXFX-pythia8/RunIISummer20UL16NanoAODAPVv2-106X_mcRun2_asymptotic_preVFP_v9-v1/NANOAODSIM'
config.Data.allowNonValidInputDataset = True
config.Data.publication = False
config.Data.unitsPerJob = 1
config.Data.ignoreLocality = True
config.Data.inputDBS = 'global'
config.Data.splitting = 'FileBased'
config.Data.outputDatasetTag = 'ZGToLLG_01J_5f_TuneCP5_13TeV-amcatnloFXFX-pythia8_2016'
config.section_('Site')
config.Site.whitelist = ['T2_US_MIT', 'T2_US_Wisconsin', 'T2_US_Purdue', 'T2_US_UCSD', 'T2_US_Caltech', 'T2_US_Nebraska']
config.Site.storageSite = 'T3_CH_CERNBOX'

DEBUG 2021-11-25 06:10:29.479 UTC: 	 self.config.JobType.psetName: PSet.py
INFO 2021-11-25 06:10:29.479 UTC: 	 Importing CMSSW configuration PSet.py
INFO 2021-11-25 06:10:29.898 UTC: 	 Finished importing CMSSW configuration PSet.py
DEBUG 2021-11-25 06:10:29.899 UTC: 	 Writing CMSSW configuration to /afs/cern.ch/work/y/yian/work/GZ/CMSSW_10_6_20/src/PhysicsTools/NanoAODTools/WWG/2016pre/crab/crab2016/crab_ZGToLLG_01J_5f_TuneCP5_13TeV-amcatnloFXFX-pythia8_2016/inputs/PSet.py
DEBUG 2021-11-25 06:10:29.908 UTC: 	 The following EDM output files will be collected: ['tree.root']
DEBUG 2021-11-25 06:10:29.908 UTC: 	 The following TFile output files will be collected: []
DEBUG 2021-11-25 06:10:29.908 UTC: 	 The following user output files (not listed as PoolOuputModule or TFileService in the CMSSW PSet) will be collected: 
DEBUG 2021-11-25 06:10:29.908 UTC: 	 Loading required information from the environment
DEBUG 2021-11-25 06:10:29.908 UTC: 	 Found CMSSW_10_6_20 for slc7_amd64_gcc820 with base /afs/cern.ch/work/y/yian/work/GZ/CMSSW_10_6_20
DEBUG 2021-11-25 06:10:29.908 UTC: 	 Making tarball in /afs/cern.ch/work/y/yian/work/GZ/CMSSW_10_6_20/src/PhysicsTools/NanoAODTools/WWG/2016pre/crab/crab2016/crab_ZGToLLG_01J_5f_TuneCP5_13TeV-amcatnloFXFX-pythia8_2016/inputs/b2c2ef7b-f170-49ec-a912-405ca7ca9946default.tgz
DEBUG 2021-11-25 06:10:29.909 UTC: 	 Checking directory /afs/cern.ch/work/y/yian/work/GZ/CMSSW_10_6_20/lib
DEBUG 2021-11-25 06:10:29.909 UTC: 	 Adding directory /afs/cern.ch/work/y/yian/work/GZ/CMSSW_10_6_20/lib to tarball
DEBUG 2021-11-25 06:10:30.029 UTC: 	 Checking directory /afs/cern.ch/work/y/yian/work/GZ/CMSSW_10_6_20/biglib
DEBUG 2021-11-25 06:10:30.029 UTC: 	 Adding directory /afs/cern.ch/work/y/yian/work/GZ/CMSSW_10_6_20/biglib to tarball
DEBUG 2021-11-25 06:10:30.031 UTC: 	 Checking directory /afs/cern.ch/work/y/yian/work/GZ/CMSSW_10_6_20/module
DEBUG 2021-11-25 06:10:30.032 UTC: 	 Checking directory /afs/cern.ch/work/y/yian/work/GZ/CMSSW_10_6_20/python
DEBUG 2021-11-25 06:10:30.032 UTC: 	 Adding directory /afs/cern.ch/work/y/yian/work/GZ/CMSSW_10_6_20/python to tarball
DEBUG 2021-11-25 06:10:32.428 UTC: 	 Checking directory /afs/cern.ch/work/y/yian/work/GZ/CMSSW_10_6_20/cfipython
DEBUG 2021-11-25 06:10:32.428 UTC: 	 Adding directory /afs/cern.ch/work/y/yian/work/GZ/CMSSW_10_6_20/cfipython to tarball
DEBUG 2021-11-25 06:10:33.214 UTC: 	 Adding data directory /afs/cern.ch/work/y/yian/work/GZ/CMSSW_10_6_20/src/PhysicsTools/NanoAODTools/data to tarball
DEBUG 2021-11-25 06:10:58.208 UTC: 	 Adding data directory /afs/cern.ch/work/y/yian/work/GZ/CMSSW_10_6_20/src/PhysicsTools/NanoAODTools/interface to tarball
DEBUG 2021-11-25 06:10:58.216 UTC: 	 Adding data directory /afs/cern.ch/work/y/yian/work/GZ/CMSSW_10_6_20/src/PhysicsTools/NanoAODTools/python/postprocessing/data to tarball
DEBUG 2021-11-25 06:11:00.484 UTC: 	 Adding file ../../../scripts/haddnano.py to tarball
DEBUG 2021-11-25 06:11:00.484 UTC: 	 Adding file ../WWG_selector/WWG_postproc.py to tarball
DEBUG 2021-11-25 06:11:00.485 UTC: 	 Adding file ../WWG_selector/WWG_Module.py to tarball
DEBUG 2021-11-25 06:11:00.486 UTC: 	 Adding file ../WWG_selector/WWG_keep_and_drop.txt to tarball
DEBUG 2021-11-25 06:11:00.486 UTC: 	 Adding file ../WWG_selector/WWG_output_branch.txt to tarball
DEBUG 2021-11-25 06:11:00.486 UTC: 	 Adding file ../WWG_selector/DAS_filesearch.py to tarball
DEBUG 2021-11-25 06:11:01.654 UTC: 	 Uploading archive /afs/cern.ch/work/y/yian/work/GZ/CMSSW_10_6_20/src/PhysicsTools/NanoAODTools/WWG/2016pre/crab/crab2016/crab_ZGToLLG_01J_5f_TuneCP5_13TeV-amcatnloFXFX-pythia8_2016/inputs/b2c2ef7b-f170-49ec-a912-405ca7ca9946default.tgz (94 MB) to the CRAB cache. Using URI https://cmsweb.cern.ch/S3/crabcache_prod
DEBUG 2021-11-25 06:11:24.850 UTC: 	 sandbox 4dda82249d4cb31b704a83a42c8feaf5c3d295c8a0911be2d2beea631de0c81c.tar.gz is already in the S3 store, will not upload again
DEBUG 2021-11-25 06:11:24.851 UTC: 	 Loading required information from the environment
DEBUG 2021-11-25 06:11:24.851 UTC: 	 Found CMSSW_10_6_20 for slc7_amd64_gcc820 with base /afs/cern.ch/work/y/yian/work/GZ/CMSSW_10_6_20
DEBUG 2021-11-25 06:11:24.851 UTC: 	 Making tarball in /afs/cern.ch/work/y/yian/work/GZ/CMSSW_10_6_20/src/PhysicsTools/NanoAODTools/WWG/2016pre/crab/crab2016/crab_ZGToLLG_01J_5f_TuneCP5_13TeV-amcatnloFXFX-pythia8_2016/inputs/debugFiles.tgz
DEBUG 2021-11-25 06:11:24.858 UTC: 	 Uploading archive /afs/cern.ch/work/y/yian/work/GZ/CMSSW_10_6_20/src/PhysicsTools/NanoAODTools/WWG/2016pre/crab/crab2016/crab_ZGToLLG_01J_5f_TuneCP5_13TeV-amcatnloFXFX-pythia8_2016/inputs/debugFiles.tgz (1 KB) to the CRAB cache. Using URI https://cmsweb.cern.ch/S3/crabcache_prod
DEBUG 2021-11-25 06:11:24.947 UTC: 	 sandbox 40b5417b570ecd720c180aaf33a7defa85e6e6a372b1c2ca9b10d7cfb00097d2.tar.gz is already in the S3 store, will not upload again
DEBUG 2021-11-25 06:11:24.947 UTC: 	 Result uploading input files: 4dda82249d4cb31b704a83a42c8feaf5c3d295c8a0911be2d2beea631de0c81c.tar.gz 
INFO 2021-11-25 06:11:24.947 UTC: 	 Sending the request to the server at cmsweb.cern.ch
DEBUG 2021-11-25 06:11:24.948 UTC: 	 Submitting {'maxjobruntime': 1250, 'extrajdl': [], 'ignorelocality': 1, 'savelogsflag': 0, 'useparent': 0, 'scriptexe': 'WWG_crab_script.sh', 'asyncdest': 'T3_CH_CERNBOX', 'algoargs': 1, 'cachefilename': '4dda82249d4cb31b704a83a42c8feaf5c3d295c8a0911be2d2beea631de0c81c.tar.gz', 'numcores': 1, 'addoutputfiles': [], 'generator': 'pythia', 'maxmemory': 2000, 'publishdbsurl': 'https://cmsweb.cern.ch/dbs/prod/phys03/DBSWriter', 'priority': 10, 'jobsw': 'CMSSW_10_6_20', 'edmoutfiles': ['tree.root'], 'userfiles': [], 'primarydataset': '', 'inputdata': '/ZGToLLG_01J_5f_TuneCP5_13TeV-amcatnloFXFX-pythia8/RunIISummer20UL16NanoAODAPVv2-106X_mcRun2_asymptotic_preVFP_v9-v1/NANOAODSIM', 'dryrun': 0, 'workflow': 'crab_ZGToLLG_01J_5f_TuneCP5_13TeV-amcatnloFXFX-pythia8_2016', 'scriptargs': ['isdata=MC', 'year=2016', 'era=B'], 'sitewhitelist': ['T2_US_MIT', 'T2_US_Wisconsin', 'T2_US_Purdue', 'T2_US_UCSD', 'T2_US_Caltech', 'T2_US_Nebraska'], 'nonprodsw': 1, 'tfileoutfiles': [], 'oneEventMode': 0, 'debugfilename': '40b5417b570ecd720c180aaf33a7defa85e6e6a372b1c2ca9b10d7cfb00097d2.tar.gz', 'cacheurl': u'https://cmsweb.cern.ch/S3/crabcache_prod', 'saveoutput': 1, 'publication': 0, 'jobarch': 'slc7_amd64_gcc820', 'totalunits': 0, 'splitalgo': 'FileBased', 'ignoreglobalblacklist': 0, 'nonvaliddata': 1, 'dbsurl': 'https://cmsweb.cern.ch/dbs/prod/global/DBSReader', 'publishgroupname': 0, 'jobtype': 'Analysis', 'publishname2': 'ZGToLLG_01J_5f_TuneCP5_13TeV-amcatnloFXFX-pythia8_2016'} 
DEBUG 2021-11-25 06:11:24.948 UTC: 	 Encoded submit request: maxjobruntime=1250&ignorelocality=1&savelogsflag=0&useparent=0&scriptexe=WWG_crab_script.sh&asyncdest=T3_CH_CERNBOX&algoargs=1&cachefilename=4dda82249d4cb31b704a83a42c8feaf5c3d295c8a0911be2d2beea631de0c81c.tar.gz&numcores=1&generator=pythia&maxmemory=2000&publishdbsurl=https%3A%2F%2Fcmsweb.cern.ch%2Fdbs%2Fprod%2Fphys03%2FDBSWriter&priority=10&jobsw=CMSSW_10_6_20&primarydataset=&inputdata=%2FZGToLLG_01J_5f_TuneCP5_13TeV-amcatnloFXFX-pythia8%2FRunIISummer20UL16NanoAODAPVv2-106X_mcRun2_asymptotic_preVFP_v9-v1%2FNANOAODSIM&dryrun=0&workflow=crab_ZGToLLG_01J_5f_TuneCP5_13TeV-amcatnloFXFX-pythia8_2016&nonprodsw=1&oneEventMode=0&debugfilename=40b5417b570ecd720c180aaf33a7defa85e6e6a372b1c2ca9b10d7cfb00097d2.tar.gz&cacheurl=https%3A%2F%2Fcmsweb.cern.ch%2FS3%2Fcrabcache_prod&saveoutput=1&publication=0&jobarch=slc7_amd64_gcc820&totalunits=0&splitalgo=FileBased&ignoreglobalblacklist=0&nonvaliddata=1&dbsurl=https%3A%2F%2Fcmsweb.cern.ch%2Fdbs%2Fprod%2Fglobal%2FDBSReader&publishgroupname=0&jobtype=Analysis&publishname2=ZGToLLG_01J_5f_TuneCP5_13TeV-amcatnloFXFX-pythia8_2016&sitewhitelist=T2_US_MIT&sitewhitelist=T2_US_Wisconsin&sitewhitelist=T2_US_Purdue&sitewhitelist=T2_US_UCSD&sitewhitelist=T2_US_Caltech&sitewhitelist=T2_US_Nebraska&edmoutfiles=tree.root&scriptargs=isdata%3DMC&scriptargs=year%3D2016&scriptargs=era%3DB
DEBUG 2021-11-25 06:11:25.062 UTC: 	 Result: {u'result': [{u'RequestName': u'211125_061124:yian_crab_ZGToLLG_01J_5f_TuneCP5_13TeV-amcatnloFXFX-pythia8_2016'}]}
INFO 2021-11-25 06:11:25.066 UTC: 	 Success: Your task has been delivered to the prod CRAB3 server.
INFO 2021-11-25 06:11:25.066 UTC: 	 Task name: 211125_061124:yian_crab_ZGToLLG_01J_5f_TuneCP5_13TeV-amcatnloFXFX-pythia8_2016
INFO 2021-11-25 06:11:25.066 UTC: 	 Project dir: crab2016/crab_ZGToLLG_01J_5f_TuneCP5_13TeV-amcatnloFXFX-pythia8_2016
INFO 2021-11-25 06:11:25.066 UTC: 	 Please use ' crab status -d crab2016/crab_ZGToLLG_01J_5f_TuneCP5_13TeV-amcatnloFXFX-pythia8_2016 ' to check how the submission process proceeds.
DEBUG 2021-11-25 06:11:25.066 UTC: 	 About to return
INFO 2021-11-25 06:11:25.069 UTC: 	 Log file is /afs/cern.ch/work/y/yian/work/GZ/CMSSW_10_6_20/src/PhysicsTools/NanoAODTools/WWG/2016pre/crab/crab2016/crab_ZGToLLG_01J_5f_TuneCP5_13TeV-amcatnloFXFX-pythia8_2016/crab.log
