DEBUG 2021-09-11 10:12:37.801 UTC: 	 CRAB Client version: v3.210825
DEBUG 2021-09-11 10:12:37.801 UTC: 	 Running on: Linux lxplus718.cern.ch 3.10.0-1160.36.2.el7.x86_64 #1 SMP Wed Jul 21 11:57:15 UTC 2021 x86_64 x86_64 x86_64 GNU/Linux - CentOS Linux 7 (Core)
DEBUG 2021-09-11 10:12:37.801 UTC: 	 Executing command: 'submit'
DEBUG 2021-09-11 10:12:37.801 UTC: 	 Found CRAB cache file /afs/cern.ch/user/y/yian/.crab3
INFO 2021-09-11 10:12:37.802 UTC: 	 Will use CRAB configuration file crabcode_2018/ST_tW_top_5f_NoFullyHadronicDecays_TuneCP5_13TeV-powheg-pythia8_2018_cfg.py
DEBUG 2021-09-11 10:12:37.803 UTC: 	 Loading CRAB configuration file.
DEBUG 2021-09-11 10:12:37.822 UTC: 	 Will use CRAB Analysis plugin (i.e. will run an analysis job type).
DEBUG 2021-09-11 10:12:37.839 UTC: 	 Checking credentials
DEBUG 2021-09-11 10:12:37.839 UTC: 	 Found proxy file /tmp/x509up_u110046
DEBUG 2021-09-11 10:12:37.839 UTC: 	 Getting proxy life time left
DEBUG 2021-09-11 10:12:38.545 UTC: 	 Executing : 
 command : voms-proxy-info -file /tmp/x509up_u110046 -timeleft
 output : 604458

 error: 
 retcode : 0
DEBUG 2021-09-11 10:12:39.152 UTC: 	 Executing : 
 command : voms-proxy-info -file /tmp/x509up_u110046 -actimeleft
 output : 604457

 error: 
 retcode : 0
DEBUG 2021-09-11 10:12:39.152 UTC: 	 Proxy lifetime 604458 secs is different from voms extension lifetime 604457 secs for proxy: /tmp/x509up_u110046
DEBUG 2021-09-11 10:12:39.153 UTC: 	 Proxy valid for 167:54:17 hours
DEBUG 2021-09-11 10:12:39.758 UTC: 	 Executing : 
 command : env X509_USER_PROXY=/tmp/x509up_u110046 voms-proxy-info -fqan
 output : /cms/Role=NULL/Capability=NULL

 error: 
 retcode : 0
DEBUG 2021-09-11 10:12:39.910 UTC: 	 Registering user credentials for server /DC=ch/DC=cern/OU=computers/CN=crab-(preprod|prod|dev)-tw(02|01).cern.ch|/DC=ch/DC=cern/OU=computers/CN=(ddi|ddidk|mytw).cern.ch|/DC=ch/DC=cern/OU=computers/CN=stefanov(m|m2).cern.ch
DEBUG 2021-09-11 10:12:40.624 UTC: 	 Executing : 
 command : voms-proxy-info -file /tmp/x509up_u110046 -identity
 output : /DC=ch/DC=cern/OU=Organic Units/OU=Users/CN=yian/CN=826694/CN=Ying An

 error: 
 retcode : 0
DEBUG 2021-09-11 10:12:40.631 UTC: 	 Getting myproxy life time left for myproxy.cern.ch
DEBUG 2021-09-11 10:12:40.631 UTC: 	 using b52ac606a6f7097e9b4b8f05a3a67cc69f8f291b as credential login name
DEBUG 2021-09-11 10:12:40.935 UTC: 	 Executing : 
 command : myproxy-info -l b52ac606a6f7097e9b4b8f05a3a67cc69f8f291b -s myproxy.cern.ch
 output : username: b52ac606a6f7097e9b4b8f05a3a67cc69f8f291b
owner: /DC=ch/DC=cern/OU=Organic Units/OU=Users/CN=yian/CN=826694/CN=Ying An
  renewal policy: /DC=ch/DC=cern/OU=computers/CN=crab-(preprod|prod|dev)-tw(02|01).cern.ch|/DC=ch/DC=cern/OU=computers/CN=(ddi|ddidk|mytw).cern.ch|/DC=ch/DC=cern/OU=computers/CN=stefanov(m|m2).cern.ch
  trusted retrieval policy: /DC=ch/DC=cern/OU=computers/CN=crab-(preprod|prod|dev)-tw(02|01).cern.ch|/DC=ch/DC=cern/OU=computers/CN=(ddi|ddidk|mytw).cern.ch|/DC=ch/DC=cern/OU=computers/CN=stefanov(m|m2).cern.ch
  timeleft: 362:12:32  (15.1 days)

 error: 
 retcode : 0
DEBUG 2021-09-11 10:12:40.936 UTC: 	 Myproxy is valid: 1303952
DEBUG 2021-09-11 10:12:40.937 UTC: 	 Retrieving username ...
DEBUG 2021-09-11 10:12:40.937 UTC: 	 Retrieving username from CRIC...
DEBUG 2021-09-11 10:12:41.639 UTC: 	 username is yian
DEBUG 2021-09-11 10:12:41.645 UTC: 	 Getting myproxy life time left for myproxy.cern.ch
DEBUG 2021-09-11 10:12:41.645 UTC: 	 using yian_CRAB as credential login name
DEBUG 2021-09-11 10:12:41.949 UTC: 	 Executing : 
 command : myproxy-info -l yian_CRAB -s myproxy.cern.ch
 output : username: yian_CRAB
owner: /DC=ch/DC=cern/OU=Organic Units/OU=Users/CN=yian/CN=826694/CN=Ying An
  renewal policy: /DC=ch/DC=cern/OU=computers/CN=crab-(preprod|prod|dev)-tw(02|01).cern.ch|/DC=ch/DC=cern/OU=computers/CN=(ddi|ddidk|mytw).cern.ch|/DC=ch/DC=cern/OU=computers/CN=stefanov(m|m2).cern.ch
  trusted retrieval policy: /DC=ch/DC=cern/OU=computers/CN=crab-(preprod|prod|dev)-tw(02|01).cern.ch|/DC=ch/DC=cern/OU=computers/CN=(ddi|ddidk|mytw).cern.ch|/DC=ch/DC=cern/OU=computers/CN=stefanov(m|m2).cern.ch
  timeleft: 363:12:57  (15.1 days)

 error: 
 retcode : 0
DEBUG 2021-09-11 10:12:41.950 UTC: 	 Myproxy is valid: 1307577
DEBUG 2021-09-11 10:12:41.950 UTC: 	 Result of myproxy credential check:
  Credential exists on myproxy: username: b52ac606a6f7097e9b4b8f05a3a67cc69f8f291b  - validity: 15 days, 2:12:32
  Credential exists on myproxy: username: yian_CRAB  - validity: 15 days, 3:12:57
DEBUG 2021-09-11 10:12:41.950 UTC: 	 Command use: submit
DEBUG 2021-09-11 10:12:41.950 UTC: 	 Options use: ['-c', 'crabcode_2018/ST_tW_top_5f_NoFullyHadronicDecays_TuneCP5_13TeV-powheg-pythia8_2018_cfg.py']
DEBUG 2021-09-11 10:12:42.032 UTC: 	 CRABClient version: v3.210825
DEBUG 2021-09-11 10:12:42.032 UTC: 	 Instance is prod
DEBUG 2021-09-11 10:12:42.032 UTC: 	 Server base url is cmsweb.cern.ch
DEBUG 2021-09-11 10:12:42.032 UTC: 	 Command api workflow
DEBUG 2021-09-11 10:12:42.032 UTC: 	 Started submission
DEBUG 2021-09-11 10:12:42.032 UTC: 	 Working on /afs/cern.ch/work/y/yian/work/GZ/CMSSW_10_6_20/src/PhysicsTools/NanoAODTools/WWG/2018/crab/crab2018/crab_ST_tW_top_5f_NoFullyHadronicDecays_TuneCP5_13TeV-powheg-pythia8_2018
DEBUG 2021-09-11 10:12:42.177 UTC: 	 Loading required information from the environment
DEBUG 2021-09-11 10:12:42.177 UTC: 	 Found CMSSW_10_6_20 for slc7_amd64_gcc820 with base /afs/cern.ch/work/y/yian/work/GZ/CMSSW_10_6_20
DEBUG 2021-09-11 10:12:42.177 UTC: 	 Loading required information from the environment
DEBUG 2021-09-11 10:12:42.177 UTC: 	 Found CMSSW_10_6_20 for slc7_amd64_gcc820 with base /afs/cern.ch/work/y/yian/work/GZ/CMSSW_10_6_20
DEBUG 2021-09-11 10:12:42.177 UTC: 	 UNIQUE NAME: tarUUID 9efb3a85-49ff-452d-9347-79c9cdf9d06d 
DEBUG 2021-09-11 10:12:42.177 UTC: 	 self.config: from WMCore.Configuration import Configuration
config = Configuration()
config.section_('General')
config.General.workArea = 'crab2018'
config.General.transferLogs = False
config.General.requestName = 'ST_tW_top_5f_NoFullyHadronicDecays_TuneCP5_13TeV-powheg-pythia8_2018'
config.section_('JobType')
config.JobType.scriptArgs = ['isdata=MC', 'year=2018', 'era=A']
config.JobType.scriptExe = './WWG_crab_script.sh'
config.JobType.pluginName = 'Analysis'
config.JobType.sendPythonFolder = True
config.JobType.allowUndistributedCMSSW = True
config.JobType.psetName = 'PSet.py'
config.JobType.inputFiles = ['../../../scripts/haddnano.py', '../WWG_selector/WWG_postproc.py', '../WWG_selector/WWG_Module.py', '../WWG_selector/WWG_keep_and_drop.txt', '../WWG_selector/WWG_output_branch.txt', '../WWG_selector/DAS_filesearch.py']
config.section_('Data')
config.Data.inputDataset = '/ST_tW_top_5f_NoFullyHadronicDecays_TuneCP5_13TeV-powheg-pythia8/RunIISummer20UL18NanoAODv9-106X_upgrade2018_realistic_v16_L1v1-v1/NANOAODSIM'
config.Data.allowNonValidInputDataset = True
config.Data.publication = False
config.Data.unitsPerJob = 1
config.Data.ignoreLocality = True
config.Data.inputDBS = 'global'
config.Data.splitting = 'FileBased'
config.Data.outputDatasetTag = 'ST_tW_top_5f_NoFullyHadronicDecays_TuneCP5_13TeV-powheg-pythia8_2018'
config.section_('Site')
config.Site.whitelist = ['T2_US_MIT', 'T2_US_Wisconsin', 'T2_US_Purdue', 'T2_US_UCSD', 'T2_US_Caltech', 'T2_US_Nebraska']
config.Site.storageSite = 'T3_CH_CERNBOX'

DEBUG 2021-09-11 10:12:42.177 UTC: 	 self.config.JobType.psetName: PSet.py
INFO 2021-09-11 10:12:42.177 UTC: 	 Importing CMSSW configuration PSet.py
INFO 2021-09-11 10:12:42.566 UTC: 	 Finished importing CMSSW configuration PSet.py
DEBUG 2021-09-11 10:12:42.566 UTC: 	 Writing CMSSW configuration to /afs/cern.ch/work/y/yian/work/GZ/CMSSW_10_6_20/src/PhysicsTools/NanoAODTools/WWG/2018/crab/crab2018/crab_ST_tW_top_5f_NoFullyHadronicDecays_TuneCP5_13TeV-powheg-pythia8_2018/inputs/PSet.py
DEBUG 2021-09-11 10:12:42.575 UTC: 	 The following EDM output files will be collected: ['tree.root']
DEBUG 2021-09-11 10:12:42.575 UTC: 	 The following TFile output files will be collected: []
DEBUG 2021-09-11 10:12:42.575 UTC: 	 The following user output files (not listed as PoolOuputModule or TFileService in the CMSSW PSet) will be collected: 
DEBUG 2021-09-11 10:12:42.575 UTC: 	 Loading required information from the environment
DEBUG 2021-09-11 10:12:42.575 UTC: 	 Found CMSSW_10_6_20 for slc7_amd64_gcc820 with base /afs/cern.ch/work/y/yian/work/GZ/CMSSW_10_6_20
DEBUG 2021-09-11 10:12:42.575 UTC: 	 Making tarball in /afs/cern.ch/work/y/yian/work/GZ/CMSSW_10_6_20/src/PhysicsTools/NanoAODTools/WWG/2018/crab/crab2018/crab_ST_tW_top_5f_NoFullyHadronicDecays_TuneCP5_13TeV-powheg-pythia8_2018/inputs/9efb3a85-49ff-452d-9347-79c9cdf9d06ddefault.tgz
DEBUG 2021-09-11 10:12:42.576 UTC: 	 Checking directory /afs/cern.ch/work/y/yian/work/GZ/CMSSW_10_6_20/lib
DEBUG 2021-09-11 10:12:42.576 UTC: 	 Adding directory /afs/cern.ch/work/y/yian/work/GZ/CMSSW_10_6_20/lib to tarball
DEBUG 2021-09-11 10:12:42.692 UTC: 	 Checking directory /afs/cern.ch/work/y/yian/work/GZ/CMSSW_10_6_20/biglib
DEBUG 2021-09-11 10:12:42.692 UTC: 	 Adding directory /afs/cern.ch/work/y/yian/work/GZ/CMSSW_10_6_20/biglib to tarball
DEBUG 2021-09-11 10:12:42.692 UTC: 	 Checking directory /afs/cern.ch/work/y/yian/work/GZ/CMSSW_10_6_20/module
DEBUG 2021-09-11 10:12:42.693 UTC: 	 Checking directory /afs/cern.ch/work/y/yian/work/GZ/CMSSW_10_6_20/python
DEBUG 2021-09-11 10:12:42.693 UTC: 	 Adding directory /afs/cern.ch/work/y/yian/work/GZ/CMSSW_10_6_20/python to tarball
DEBUG 2021-09-11 10:12:45.060 UTC: 	 Checking directory /afs/cern.ch/work/y/yian/work/GZ/CMSSW_10_6_20/cfipython
DEBUG 2021-09-11 10:12:45.060 UTC: 	 Adding directory /afs/cern.ch/work/y/yian/work/GZ/CMSSW_10_6_20/cfipython to tarball
DEBUG 2021-09-11 10:12:45.154 UTC: 	 Adding data directory /afs/cern.ch/work/y/yian/work/GZ/CMSSW_10_6_20/src/PhysicsTools/NanoAODTools/data to tarball
DEBUG 2021-09-11 10:13:05.961 UTC: 	 Adding data directory /afs/cern.ch/work/y/yian/work/GZ/CMSSW_10_6_20/src/PhysicsTools/NanoAODTools/interface to tarball
DEBUG 2021-09-11 10:13:05.965 UTC: 	 Adding data directory /afs/cern.ch/work/y/yian/work/GZ/CMSSW_10_6_20/src/PhysicsTools/NanoAODTools/python/postprocessing/data to tarball
DEBUG 2021-09-11 10:13:08.248 UTC: 	 Adding file ../../../scripts/haddnano.py to tarball
DEBUG 2021-09-11 10:13:08.248 UTC: 	 Adding file ../WWG_selector/WWG_postproc.py to tarball
DEBUG 2021-09-11 10:13:08.249 UTC: 	 Adding file ../WWG_selector/WWG_Module.py to tarball
DEBUG 2021-09-11 10:13:08.250 UTC: 	 Adding file ../WWG_selector/WWG_keep_and_drop.txt to tarball
DEBUG 2021-09-11 10:13:08.250 UTC: 	 Adding file ../WWG_selector/WWG_output_branch.txt to tarball
DEBUG 2021-09-11 10:13:08.251 UTC: 	 Adding file ../WWG_selector/DAS_filesearch.py to tarball
DEBUG 2021-09-11 10:13:13.360 UTC: 	 Uploading archive /afs/cern.ch/work/y/yian/work/GZ/CMSSW_10_6_20/src/PhysicsTools/NanoAODTools/WWG/2018/crab/crab2018/crab_ST_tW_top_5f_NoFullyHadronicDecays_TuneCP5_13TeV-powheg-pythia8_2018/inputs/9efb3a85-49ff-452d-9347-79c9cdf9d06ddefault.tgz (94 MB) to the CRAB cache. Using URI https://cmsweb.cern.ch/S3/crabcache_prod
DEBUG 2021-09-11 10:13:37.696 UTC: 	 sandbox ce4024b067767c0af918e51c87b31628855166e163a541c120405109f27fbcb5.tar.gz is already in the S3 store, will not upload again
DEBUG 2021-09-11 10:13:37.696 UTC: 	 Loading required information from the environment
DEBUG 2021-09-11 10:13:37.696 UTC: 	 Found CMSSW_10_6_20 for slc7_amd64_gcc820 with base /afs/cern.ch/work/y/yian/work/GZ/CMSSW_10_6_20
DEBUG 2021-09-11 10:13:37.696 UTC: 	 Making tarball in /afs/cern.ch/work/y/yian/work/GZ/CMSSW_10_6_20/src/PhysicsTools/NanoAODTools/WWG/2018/crab/crab2018/crab_ST_tW_top_5f_NoFullyHadronicDecays_TuneCP5_13TeV-powheg-pythia8_2018/inputs/debugFiles.tgz
DEBUG 2021-09-11 10:13:37.703 UTC: 	 Uploading archive /afs/cern.ch/work/y/yian/work/GZ/CMSSW_10_6_20/src/PhysicsTools/NanoAODTools/WWG/2018/crab/crab2018/crab_ST_tW_top_5f_NoFullyHadronicDecays_TuneCP5_13TeV-powheg-pythia8_2018/inputs/debugFiles.tgz (1 KB) to the CRAB cache. Using URI https://cmsweb.cern.ch/S3/crabcache_prod
DEBUG 2021-09-11 10:13:37.825 UTC: 	 Will execute:
curl -f -v -X POST  -H "User-Agent: CRAB" -F "key=yian/sandboxes/d73fead4d829e29da92f66bf87e22c709cf54d61cd1a510f9ab462a5402dc210.tar.gz" -F "AWSAccessKeyId=ab00fcc889f248c495d2875f15a3badb" -F "policy=eyJjb25kaXRpb25zIjogW3siYnVja2V0IjogImNyYWJjYWNoZV9wcm9kIn0sIHsia2V5IjogInlpYW4vc2FuZGJveGVzL2Q3M2ZlYWQ0ZDgyOWUyOWRhOTJmNjZiZjg3ZTIyYzcwOWNmNTRkNjFjZDFhNTEwZjlhYjQ2MmE1NDAyZGMyMTAudGFyLmd6In1dLCAiZXhwaXJhdGlvbiI6ICIyMDIxLTA5LTExVDExOjEzOjM3WiJ9" -F "signature=f7nwUpQGqqhBT4X0qT4v/3nAkXM=" -F "file=@/afs/cern.ch/work/y/yian/work/GZ/CMSSW_10_6_20/src/PhysicsTools/NanoAODTools/WWG/2018/crab/crab2018/crab_ST_tW_top_5f_NoFullyHadronicDecays_TuneCP5_13TeV-powheg-pythia8_2018/inputs/debugFiles.tgz" "https://s3.cern.ch/crabcache_prod"
DEBUG 2021-09-11 10:13:38.915 UTC: 	 exitcode: 0
stdout: 
stderr: Note: Unnecessary use of -X or --request, POST is already inferred.
  % Total    % Received % Xferd  Average Speed   Time    Time     Time  Current
                                 Dload  Upload   Total   Spent    Left  Speed
  0     0    0     0    0     0      0      0 --:--:-- --:--:-- --:--:--     0*   Trying 2001:1458:d00:14::341...
* TCP_NODELAY set
* Connected to s3.cern.ch (2001:1458:d00:14::341) port 443 (#0)
* ALPN, offering http/1.1
* Cipher selection: ALL:!EXPORT:!EXPORT40:!EXPORT56:!aNULL:!LOW:!RC4:@STRENGTH
* successfully set certificate verify locations:
  CAfile: /etc/pki/tls/certs/ca-bundle.crt
  CApath: none
* TLSv1.2 (OUT), TLS header, Certificate Status (22):
} [5 bytes data]
* TLSv1.2 (OUT), TLS handshake, Client hello (1):
} [512 bytes data]
* TLSv1.2 (IN), TLS handshake, Server hello (2):
{ [70 bytes data]
* TLSv1.2 (IN), TLS handshake, Certificate (11):
{ [4780 bytes data]
* TLSv1.2 (IN), TLS handshake, Server key exchange (12):
{ [333 bytes data]
* TLSv1.2 (IN), TLS handshake, Server finished (14):
{ [4 bytes data]
* TLSv1.2 (OUT), TLS handshake, Client key exchange (16):
} [70 bytes data]
* TLSv1.2 (OUT), TLS change cipher, Client hello (1):
} [1 bytes data]
* TLSv1.2 (OUT), TLS handshake, Finished (20):
} [16 bytes data]
* TLSv1.2 (IN), TLS change cipher, Client hello (1):
{ [1 bytes data]
* TLSv1.2 (IN), TLS handshake, Finished (20):
{ [16 bytes data]
* SSL connection using TLSv1.2 / ECDHE-RSA-AES128-GCM-SHA256
* ALPN, server accepted to use http/1.1
* Server certificate:
*  subject: C=CH; ST=Genève; L=Meyrin; O=Organisation européenne pour la Recherche nucléaire (CERN); CN=*.s3.cern.ch
*  start date: Mar 10 00:00:00 2021 GMT
*  expire date: Mar 10 23:59:59 2022 GMT
*  subjectAltName: host "s3.cern.ch" matched cert's "s3.cern.ch"
*  issuer: C=GB; ST=Greater Manchester; L=Salford; O=Sectigo Limited; CN=Sectigo RSA Organization Validation Secure Server CA
*  SSL certificate verify ok.
} [5 bytes data]
> POST /crabcache_prod HTTP/1.1
> Host: s3.cern.ch
> Accept: */*
> User-Agent: CRAB
> Content-Length: 2806
> Content-Type: multipart/form-data; boundary=------------------------801363a4fb29fb7e
> Expect: 100-continue
> 
{ [5 bytes data]
< HTTP/1.1 100 Continue
  0  2806    0     0    0     0      0      0 --:--:--  0:00:01 --:--:--     0} [5 bytes data]
< HTTP/1.1 204 No Content
< Accept-Ranges: bytes
< Bucket: crabcache_prod
< Date: Sat, 11 Sep 2021 10:13:38 GMT
< X-Amz-Request-Id: tx00000000000000e24b6b3-00613c8151-1e049857-default
< 
100  2806    0     0  100  2806      0   2680  0:00:01  0:00:01 --:--:--  2680
* Connection #0 to host s3.cern.ch left intact

DEBUG 2021-09-11 10:13:38.915 UTC: 	 sandbox /afs/cern.ch/work/y/yian/work/GZ/CMSSW_10_6_20/src/PhysicsTools/NanoAODTools/WWG/2018/crab/crab2018/crab_ST_tW_top_5f_NoFullyHadronicDecays_TuneCP5_13TeV-powheg-pythia8_2018/inputs/debugFiles.tgz successully uploaded to S3
DEBUG 2021-09-11 10:13:38.915 UTC: 	 Result uploading input files: ce4024b067767c0af918e51c87b31628855166e163a541c120405109f27fbcb5.tar.gz 
INFO 2021-09-11 10:13:38.916 UTC: 	 Sending the request to the server at cmsweb.cern.ch
DEBUG 2021-09-11 10:13:38.916 UTC: 	 Submitting {'maxjobruntime': 1250, 'extrajdl': [], 'ignorelocality': 1, 'savelogsflag': 0, 'useparent': 0, 'scriptexe': 'WWG_crab_script.sh', 'asyncdest': 'T3_CH_CERNBOX', 'algoargs': 1, 'cachefilename': 'ce4024b067767c0af918e51c87b31628855166e163a541c120405109f27fbcb5.tar.gz', 'numcores': 1, 'addoutputfiles': [], 'generator': 'pythia', 'maxmemory': 2000, 'publishdbsurl': 'https://cmsweb.cern.ch/dbs/prod/phys03/DBSWriter', 'priority': 10, 'jobsw': 'CMSSW_10_6_20', 'edmoutfiles': ['tree.root'], 'userfiles': [], 'primarydataset': '', 'inputdata': '/ST_tW_top_5f_NoFullyHadronicDecays_TuneCP5_13TeV-powheg-pythia8/RunIISummer20UL18NanoAODv9-106X_upgrade2018_realistic_v16_L1v1-v1/NANOAODSIM', 'dryrun': 0, 'workflow': 'crab_ST_tW_top_5f_NoFullyHadronicDecays_TuneCP5_13TeV-powheg-pythia8_2018', 'scriptargs': ['isdata=MC', 'year=2018', 'era=A'], 'sitewhitelist': ['T2_US_MIT', 'T2_US_Wisconsin', 'T2_US_Purdue', 'T2_US_UCSD', 'T2_US_Caltech', 'T2_US_Nebraska'], 'nonprodsw': 1, 'tfileoutfiles': [], 'oneEventMode': 0, 'debugfilename': 'd73fead4d829e29da92f66bf87e22c709cf54d61cd1a510f9ab462a5402dc210.tar.gz', 'cacheurl': u'https://cmsweb.cern.ch/S3/crabcache_prod', 'saveoutput': 1, 'publication': 0, 'jobarch': 'slc7_amd64_gcc820', 'totalunits': 0, 'splitalgo': 'FileBased', 'ignoreglobalblacklist': 0, 'nonvaliddata': 1, 'dbsurl': 'https://cmsweb.cern.ch/dbs/prod/global/DBSReader', 'publishgroupname': 0, 'jobtype': 'Analysis', 'publishname2': 'ST_tW_top_5f_NoFullyHadronicDecays_TuneCP5_13TeV-powheg-pythia8_2018'} 
DEBUG 2021-09-11 10:13:38.916 UTC: 	 Encoded submit request: maxjobruntime=1250&ignorelocality=1&savelogsflag=0&useparent=0&scriptexe=WWG_crab_script.sh&asyncdest=T3_CH_CERNBOX&algoargs=1&cachefilename=ce4024b067767c0af918e51c87b31628855166e163a541c120405109f27fbcb5.tar.gz&numcores=1&generator=pythia&maxmemory=2000&publishdbsurl=https%3A%2F%2Fcmsweb.cern.ch%2Fdbs%2Fprod%2Fphys03%2FDBSWriter&priority=10&jobsw=CMSSW_10_6_20&primarydataset=&inputdata=%2FST_tW_top_5f_NoFullyHadronicDecays_TuneCP5_13TeV-powheg-pythia8%2FRunIISummer20UL18NanoAODv9-106X_upgrade2018_realistic_v16_L1v1-v1%2FNANOAODSIM&dryrun=0&workflow=crab_ST_tW_top_5f_NoFullyHadronicDecays_TuneCP5_13TeV-powheg-pythia8_2018&nonprodsw=1&oneEventMode=0&debugfilename=d73fead4d829e29da92f66bf87e22c709cf54d61cd1a510f9ab462a5402dc210.tar.gz&cacheurl=https%3A%2F%2Fcmsweb.cern.ch%2FS3%2Fcrabcache_prod&saveoutput=1&publication=0&jobarch=slc7_amd64_gcc820&totalunits=0&splitalgo=FileBased&ignoreglobalblacklist=0&nonvaliddata=1&dbsurl=https%3A%2F%2Fcmsweb.cern.ch%2Fdbs%2Fprod%2Fglobal%2FDBSReader&publishgroupname=0&jobtype=Analysis&publishname2=ST_tW_top_5f_NoFullyHadronicDecays_TuneCP5_13TeV-powheg-pythia8_2018&sitewhitelist=T2_US_MIT&sitewhitelist=T2_US_Wisconsin&sitewhitelist=T2_US_Purdue&sitewhitelist=T2_US_UCSD&sitewhitelist=T2_US_Caltech&sitewhitelist=T2_US_Nebraska&edmoutfiles=tree.root&scriptargs=isdata%3DMC&scriptargs=year%3D2018&scriptargs=era%3DA
DEBUG 2021-09-11 10:13:39.010 UTC: 	 Result: {u'result': [{u'RequestName': u'210911_101338:yian_crab_ST_tW_top_5f_NoFullyHadronicDecays_TuneCP5_13TeV-powheg-pythia8_2018'}]}
INFO 2021-09-11 10:13:39.014 UTC: 	 Success: Your task has been delivered to the prod CRAB3 server.
INFO 2021-09-11 10:13:39.015 UTC: 	 Task name: 210911_101338:yian_crab_ST_tW_top_5f_NoFullyHadronicDecays_TuneCP5_13TeV-powheg-pythia8_2018
INFO 2021-09-11 10:13:39.015 UTC: 	 Project dir: crab2018/crab_ST_tW_top_5f_NoFullyHadronicDecays_TuneCP5_13TeV-powheg-pythia8_2018
INFO 2021-09-11 10:13:39.015 UTC: 	 Please use ' crab status -d crab2018/crab_ST_tW_top_5f_NoFullyHadronicDecays_TuneCP5_13TeV-powheg-pythia8_2018 ' to check how the submission process proceeds.
DEBUG 2021-09-11 10:13:39.015 UTC: 	 About to return
INFO 2021-09-11 10:13:39.018 UTC: 	 Log file is /afs/cern.ch/work/y/yian/work/GZ/CMSSW_10_6_20/src/PhysicsTools/NanoAODTools/WWG/2018/crab/crab2018/crab_ST_tW_top_5f_NoFullyHadronicDecays_TuneCP5_13TeV-powheg-pythia8_2018/crab.log
DEBUG 2021-09-12 11:07:30.116 UTC: 	 CRAB Client version: v3.210825
DEBUG 2021-09-12 11:07:30.117 UTC: 	 Running on: Linux lxplus710.cern.ch 3.10.0-1160.36.2.el7.x86_64 #1 SMP Wed Jul 21 11:57:15 UTC 2021 x86_64 x86_64 x86_64 GNU/Linux - CentOS Linux 7 (Core)
DEBUG 2021-09-12 11:07:30.117 UTC: 	 Executing command: 'status'
DEBUG 2021-09-12 11:07:30.117 UTC: 	 Found CRAB cache file /afs/cern.ch/user/y/yian/.crab3
DEBUG 2021-09-12 11:07:30.252 UTC: 	 Checking credentials
DEBUG 2021-09-12 11:07:30.252 UTC: 	 Found proxy file /tmp/x509up_u110046
DEBUG 2021-09-12 11:07:30.252 UTC: 	 Getting proxy life time left
DEBUG 2021-09-12 11:07:30.957 UTC: 	 Executing : 
 command : voms-proxy-info -file /tmp/x509up_u110046 -timeleft
 output : 604355

 error: 
 retcode : 0
DEBUG 2021-09-12 11:07:31.566 UTC: 	 Executing : 
 command : voms-proxy-info -file /tmp/x509up_u110046 -actimeleft
 output : 604354

 error: 
 retcode : 0
DEBUG 2021-09-12 11:07:31.566 UTC: 	 Proxy lifetime 604355 secs is different from voms extension lifetime 604354 secs for proxy: /tmp/x509up_u110046
DEBUG 2021-09-12 11:07:31.567 UTC: 	 Proxy valid for 167:52:34 hours
DEBUG 2021-09-12 11:07:31.621 UTC: 	 Registering user credentials for server /DC=ch/DC=cern/OU=computers/CN=crab-(preprod|prod|dev)-tw(02|01).cern.ch|/DC=ch/DC=cern/OU=computers/CN=(ddi|ddidk|mytw).cern.ch|/DC=ch/DC=cern/OU=computers/CN=stefanov(m|m2).cern.ch
DEBUG 2021-09-12 11:07:32.333 UTC: 	 Executing : 
 command : voms-proxy-info -file /tmp/x509up_u110046 -identity
 output : /DC=ch/DC=cern/OU=Organic Units/OU=Users/CN=yian/CN=826694/CN=Ying An

 error: 
 retcode : 0
DEBUG 2021-09-12 11:07:32.341 UTC: 	 Getting myproxy life time left for myproxy.cern.ch
DEBUG 2021-09-12 11:07:32.342 UTC: 	 using b52ac606a6f7097e9b4b8f05a3a67cc69f8f291b as credential login name
DEBUG 2021-09-12 11:07:32.746 UTC: 	 Executing : 
 command : myproxy-info -l b52ac606a6f7097e9b4b8f05a3a67cc69f8f291b -s myproxy.cern.ch
 output : username: b52ac606a6f7097e9b4b8f05a3a67cc69f8f291b
owner: /DC=ch/DC=cern/OU=Organic Units/OU=Users/CN=yian/CN=826694/CN=Ying An
  renewal policy: /DC=ch/DC=cern/OU=computers/CN=crab-(preprod|prod|dev)-tw(02|01).cern.ch|/DC=ch/DC=cern/OU=computers/CN=(ddi|ddidk|mytw).cern.ch|/DC=ch/DC=cern/OU=computers/CN=stefanov(m|m2).cern.ch
  trusted retrieval policy: /DC=ch/DC=cern/OU=computers/CN=crab-(preprod|prod|dev)-tw(02|01).cern.ch|/DC=ch/DC=cern/OU=computers/CN=(ddi|ddidk|mytw).cern.ch|/DC=ch/DC=cern/OU=computers/CN=stefanov(m|m2).cern.ch
  timeleft: 719:54:09  (30.0 days)

 error: 
 retcode : 0
DEBUG 2021-09-12 11:07:32.747 UTC: 	 Myproxy is valid: 2591649
DEBUG 2021-09-12 11:07:32.747 UTC: 	 Retrieving username ...
DEBUG 2021-09-12 11:07:32.748 UTC: 	 Retrieving username from CRIC...
DEBUG 2021-09-12 11:07:33.540 UTC: 	 username is yian
DEBUG 2021-09-12 11:07:33.547 UTC: 	 Getting myproxy life time left for myproxy.cern.ch
DEBUG 2021-09-12 11:07:33.547 UTC: 	 using yian_CRAB as credential login name
DEBUG 2021-09-12 11:07:33.951 UTC: 	 Executing : 
 command : myproxy-info -l yian_CRAB -s myproxy.cern.ch
 output : username: yian_CRAB
owner: /DC=ch/DC=cern/OU=Organic Units/OU=Users/CN=yian/CN=826694/CN=Ying An
  renewal policy: /DC=ch/DC=cern/OU=computers/CN=crab-(preprod|prod|dev)-tw(02|01).cern.ch|/DC=ch/DC=cern/OU=computers/CN=(ddi|ddidk|mytw).cern.ch|/DC=ch/DC=cern/OU=computers/CN=stefanov(m|m2).cern.ch
  trusted retrieval policy: /DC=ch/DC=cern/OU=computers/CN=crab-(preprod|prod|dev)-tw(02|01).cern.ch|/DC=ch/DC=cern/OU=computers/CN=(ddi|ddidk|mytw).cern.ch|/DC=ch/DC=cern/OU=computers/CN=stefanov(m|m2).cern.ch
  timeleft: 719:54:21  (30.0 days)

 error: 
 retcode : 0
DEBUG 2021-09-12 11:07:33.952 UTC: 	 Myproxy is valid: 2591661
DEBUG 2021-09-12 11:07:33.952 UTC: 	 Result of myproxy credential check:
  Credential exists on myproxy: username: b52ac606a6f7097e9b4b8f05a3a67cc69f8f291b  - validity: 29 days, 23:54:09
  Credential exists on myproxy: username: yian_CRAB  - validity: 29 days, 23:54:21
DEBUG 2021-09-12 11:07:33.953 UTC: 	 Command use: status
DEBUG 2021-09-12 11:07:33.953 UTC: 	 Options use: ['-d', 'crab2018/crab_ST_tW_top_5f_NoFullyHadronicDecays_TuneCP5_13TeV-powheg-pythia8_2018']
DEBUG 2021-09-12 11:07:34.038 UTC: 	 CRABClient version: v3.210825
DEBUG 2021-09-12 11:07:34.039 UTC: 	 Instance is prod
DEBUG 2021-09-12 11:07:34.039 UTC: 	 Server base url is cmsweb.cern.ch
DEBUG 2021-09-12 11:07:34.039 UTC: 	 Command api workflow
DEBUG 2021-09-12 11:07:34.118 UTC: 	 Got information from server oracle database: {u'result': [u'210911_101338:yian_crab_ST_tW_top_5f_NoFullyHadronicDecays_TuneCP5_13TeV-powheg-pythia8_2018', u'None', u'None', u'SUBMITTED', u'SUBMIT', u'2021-09-11 10:13:38.999931', u'None', u'2021-09-11 10:15:00.631250', u'None', u'CMSSW_10_6_20', u'slc7_amd64_gcc820', u'/ST_tW_top_5f_NoFullyHadronicDecays_TuneCP5_13TeV-powheg-pythia8/RunIISummer20UL18NanoAODv9-106X_upgrade2018_realistic_v16_L1v1-v1/NANOAODSIM', u'T', u'0', u"[u'T2_US_UCSD', u'T2_US_Wisconsin', u'T2_US_MIT', u'T2_US_Caltech', u'T2_US_Purdue', u'T2_US_Nebraska']", u'[]', u'FileBased', u"{'splitOnRun': False, 'halt_job_on_file_boundaries': False, 'files_per_job': 1, 'runs': [], 'lumis': []}", u'ce4024b067767c0af918e51c87b31628855166e163a541c120405109f27fbcb5.tar.gz', u'https://cmsweb.cern.ch/S3/crabcache_prod', u'yian', u'/DC=ch/DC=cern/OU=Organic Units/OU=Users/CN=yian/CN=826694/CN=Ying An', u'cms', u'None', u'None', u'ST_tW_top_5f_NoFullyHadronicDecays_TuneCP5_13TeV-powheg-pythia8_2018-00000000000000000000000000000000', u'F', u'T3_CH_CERNBOX', u'https://cmsweb.cern.ch/dbs/prod/global/DBSReader', u'https://cmsweb.cern.ch/dbs/prod/phys03/DBSWriter', u'F', u'[]', u'[]', u"[b'tree.root']", u'Analysis', u'pythia', u'None', u'{}', u'[]', u'F', u'crab-prod-tw01', u'[]', u'1250', u'1', u'2000', u'10', u"['/ST_tW_top_5f_NoFullyHadronicDecays_TuneCP5_13TeV-powheg-pythia8/yian-ST_tW_top_5f_NoFullyHadronicDecays_TuneCP5_13TeV-powheg-pythia8_2018-1ea93bf7cfbb24e247bd0f4bd1955225/USER']", u'[]', u'http://vocms0107.cern.ch/mon/cms1407/210911_101338:yian_crab_ST_tW_top_5f_NoFullyHadronicDecays_TuneCP5_13TeV-powheg-pythia8_2018', u'WWG_crab_script.sh', u"[b'isdata=MC', b'year=2018', b'era=A']", u'[]', u'https://cmsweb.cern.ch/crabserver/prod', u'cmsgwms-collector-global.cern.ch:9620,cmsgwms-collector-global.fnal.gov:9620', u'crab3@vocms0107.cern.ch', u'F', u'[]', u'T', u'/store/user/yian/', u'T', u'None', u'F', u'None', u'ST_tW_top_5f_NoFullyHadronicDecays_TuneCP5_13TeV-powheg-pythia8', u'None', u'd73fead4d829e29da92f66bf87e22c709cf54d61cd1a510f9ab462a5402dc210.tar.gz', u'72032974', u'filetransfers', u'F', u'188.184.98.213', u'0.0', u'None'], u'desc': {u'columns': [u'tm_taskname', u'tm_activity', u'panda_jobset_id', u'tm_task_status', u'tm_task_command', u'tm_start_time', u'tm_start_injection', u'tm_end_injection', u'tm_task_failure', u'tm_job_sw', u'tm_job_arch', u'tm_input_dataset', u'tm_nonvalid_input_dataset', u'tm_use_parent', u'tm_site_whitelist', u'tm_site_blacklist', u'tm_split_algo', u'tm_split_args', u'tm_user_sandbox', u'tm_cache_url', u'tm_username', u'tm_user_dn', u'tm_user_vo', u'tm_user_role', u'tm_user_group', u'tm_publish_name', u'tm_publish_groupname', u'tm_asyncdest', u'tm_dbs_url', u'tm_publish_dbs_url', u'tm_publication', u'tm_outfiles', u'tm_tfile_outfiles', u'tm_edm_outfiles', u'tm_job_type', u'tm_generator', u'tm_events_per_lumi', u'tm_arguments', u'panda_resubmitted_jobs', u'tm_save_logs', u'tw_name', u'tm_user_infiles', u'tm_maxjobruntime', u'tm_numcores', u'tm_maxmemory', u'tm_priority', u'tm_output_dataset', u'tm_task_warnings', u'tm_user_webdir', u'tm_scriptexe', u'tm_scriptargs', u'tm_extrajdl', u'tm_asourl', u'tm_collector', u'tm_schedd', u'tm_dry_run', u'tm_user_files', u'tm_transfer_outputs', u'tm_output_lfn', u'tm_ignore_locality', u'tm_fail_limit', u'tm_one_event_mode', u'tm_secondary_input_dataset', u'tm_primary_dataset', u'tm_last_publication', u'tm_debug_files', u'clusterid', u'tm_asodb', u'tm_ignore_global_blacklist', u'tm_submitter_ip_addr', u'tm_totalunits', u'tm_ddm_reqid']}}
INFO 2021-09-12 11:07:34.118 UTC: 	 CRAB project directory:		/afs/cern.ch/work/y/yian/work/GZ/CMSSW_10_6_20/src/PhysicsTools/NanoAODTools/WWG/2018/crab/crab2018/crab_ST_tW_top_5f_NoFullyHadronicDecays_TuneCP5_13TeV-powheg-pythia8_2018
INFO 2021-09-12 11:07:34.119 UTC: 	 Task name:			210911_101338:yian_crab_ST_tW_top_5f_NoFullyHadronicDecays_TuneCP5_13TeV-powheg-pythia8_2018
INFO 2021-09-12 11:07:34.119 UTC: 	 Grid scheduler - Task Worker:	crab3@vocms0107.cern.ch - crab-prod-tw01
INFO 2021-09-12 11:07:34.119 UTC: 	 Status on the CRAB server:	SUBMITTED
INFO 2021-09-12 11:07:34.119 UTC: 	 Task URL to use for HELP:	https://cmsweb.cern.ch/crabserver/ui/task/210911_101338%3Ayian_crab_ST_tW_top_5f_NoFullyHadronicDecays_TuneCP5_13TeV-powheg-pythia8_2018
INFO 2021-09-12 11:07:34.122 UTC: 	 Dashboard monitoring URL:	https://monit-grafana.cern.ch/d/cmsTMDetail/cms-task-monitoring-task-view?orgId=11&var-user=yian&var-task=210911_101338%3Ayian_crab_ST_tW_top_5f_NoFullyHadronicDecays_TuneCP5_13TeV-powheg-pythia8_2018&from=1631351618000&to=now
DEBUG 2021-09-12 11:07:34.122 UTC: 	 The CRAB server submitted your task to the Grid scheduler (cluster ID: 72032974)
DEBUG 2021-09-12 11:07:34.122 UTC: 	 Webdir is located at http://vocms0107.cern.ch/mon/cms1407/210911_101338:yian_crab_ST_tW_top_5f_NoFullyHadronicDecays_TuneCP5_13TeV-powheg-pythia8_2018
DEBUG 2021-09-12 11:07:34.267 UTC: 	 Proxied webdir is located at https://cmsweb.cern.ch:8443/scheddmon/0107/cms1407/210911_101338:yian_crab_ST_tW_top_5f_NoFullyHadronicDecays_TuneCP5_13TeV-powheg-pythia8_2018
DEBUG 2021-09-12 11:07:34.267 UTC: 	 Retrieving 'status_cache' file from https://cmsweb.cern.ch:8443/scheddmon/0107/cms1407/210911_101338:yian_crab_ST_tW_top_5f_NoFullyHadronicDecays_TuneCP5_13TeV-powheg-pythia8_2018/status_cache
DEBUG 2021-09-12 11:07:34.308 UTC: 	 Got information from status cache file: {'11': {'Retries': 0, 'WallDurations': [9.0, 171.81634998321533, 75020.0], 'StartTimes': [1631355502.0], 'SubmitTimes': [1631355314.0], 'JobIds': ['72032986.0'], 'TotalUserCpuTimeHistory': [22892.0], 'EndTimes': [], 'Restarts': 0, 'RecordedSite': True, 'State': 'failed', 'ResidentSetSize': [975008], 'Error': [50664, 'Not retrying job due to wall clock limit (job automatically killed on the worker node)', {}], 'SiteHistory': ['Unknown', 'T2_US_Nebraska', 'T2_US_Nebraska'], 'TotalSysCpuTimeHistory': [1198.0]}, '10': {'Retries': 0, 'WallDurations': [8.0, 180.81634998321533, 46795.0], 'StartTimes': [1631355493.0], 'SubmitTimes': [1631355314.0], 'JobIds': ['72032987.0'], 'EndTimes': [1631402288.0], 'Restarts': 0, 'RecordedSite': True, 'State': 'finished', 'ResidentSetSize': [944968], 'TotalUserCpuTimeHistory': [8637], 'SiteHistory': ['Unknown', 'T2_US_MIT', 'T2_US_MIT'], 'TotalSysCpuTimeHistory': [625]}, '13': {'Retries': 0, 'WallDurations': [9.0, 167.81634998321533, 47890.0], 'StartTimes': [1631355506.0], 'SubmitTimes': [1631355315.0], 'JobIds': ['72032990.0'], 'EndTimes': [1631403396.0], 'Restarts': 0, 'RecordedSite': True, 'State': 'finished', 'ResidentSetSize': [865616], 'TotalUserCpuTimeHistory': [8634], 'SiteHistory': ['Unknown', 'T2_US_MIT', 'T2_US_MIT'], 'TotalSysCpuTimeHistory': [392]}, '12': {'Retries': 0, 'WallDurations': [9.0, 179.81634998321533, 42419.0], 'StartTimes': [1631355494.0], 'SubmitTimes': [1631355314.0], 'JobIds': ['72032988.0'], 'EndTimes': [1631397913.0], 'Restarts': 0, 'RecordedSite': True, 'State': 'finished', 'ResidentSetSize': [973352], 'TotalUserCpuTimeHistory': [10728], 'SiteHistory': ['Unknown', 'T2_US_Nebraska', 'T2_US_Nebraska'], 'TotalSysCpuTimeHistory': [753]}, '15': {'Retries': 0, 'WallDurations': [10.0, 181.81634998321533, 4086.0], 'StartTimes': [1631355492.0], 'SubmitTimes': [1631355315.0], 'JobIds': ['72032991.0'], 'EndTimes': [1631359578.0], 'Restarts': 0, 'RecordedSite': True, 'State': 'finished', 'ResidentSetSize': [806712], 'TotalUserCpuTimeHistory': [456], 'SiteHistory': ['Unknown', 'T2_US_Purdue', 'T2_US_Purdue'], 'TotalSysCpuTimeHistory': [40]}, '14': {'Retries': 1, 'WallDurations': [8.0, 160.81634998321533, 35901.0, 8.0, 24.467097997665405, 35487.0], 'StartTimes': [1631355513.0, 1631393636.0], 'SubmitTimes': [1631355314.0, 1631393291.0], 'JobIds': ['72032989.0', '72054510.0'], 'EndTimes': [1631391414.0, 1631429123.0], 'Restarts': 0, 'RecordedSite': True, 'State': 'finished', 'ResidentSetSize': [834620, 784308], 'TotalUserCpuTimeHistory': [5556, 5164.0], 'SiteHistory': ['Unknown', 'T2_US_MIT', 'T2_US_MIT', 'Unknown', 'T2_US_MIT', 'T2_US_MIT'], 'TotalSysCpuTimeHistory': [244, 633.0]}, '1': {'Retries': 0, 'WallDurations': [9.0, 183.81634998321533, 6288.0], 'StartTimes': [1631355490.0], 'SubmitTimes': [1631355311.0], 'JobIds': ['72032979.0'], 'EndTimes': [1631361778.0], 'Restarts': 0, 'RecordedSite': True, 'State': 'finished', 'ResidentSetSize': [769880], 'TotalUserCpuTimeHistory': [1140], 'SiteHistory': ['Unknown', 'T2_US_MIT', 'T2_US_MIT'], 'TotalSysCpuTimeHistory': [40]}, '3': {'Retries': 0, 'WallDurations': [10.0, 176.81634998321533, 18974.0], 'StartTimes': [1631355497.0], 'SubmitTimes': [1631355311.0], 'JobIds': ['72032977.0'], 'EndTimes': [1631374471.0], 'Restarts': 0, 'RecordedSite': True, 'State': 'finished', 'ResidentSetSize': [961048], 'TotalUserCpuTimeHistory': [3130], 'SiteHistory': ['Unknown', 'T2_US_Nebraska', 'T2_US_Nebraska'], 'TotalSysCpuTimeHistory': [234]}, '2': {'Retries': 0, 'WallDurations': [9.0, 176.81634998321533, 8752.0], 'StartTimes': [1631355497.0], 'SubmitTimes': [1631355311.0], 'JobIds': ['72032980.0'], 'EndTimes': [1631364249.0], 'Restarts': 0, 'RecordedSite': True, 'State': 'finished', 'ResidentSetSize': [913216], 'TotalUserCpuTimeHistory': [1502], 'SiteHistory': ['Unknown', 'T2_US_Nebraska', 'T2_US_Nebraska'], 'TotalSysCpuTimeHistory': [98]}, '5': {'Retries': 0, 'WallDurations': [10.0, 177.81634998321533, 2522.0], 'StartTimes': [1631355496.0], 'SubmitTimes': [1631355313.0], 'JobIds': ['72032984.0'], 'EndTimes': [1631358018.0], 'Restarts': 0, 'RecordedSite': True, 'State': 'finished', 'ResidentSetSize': [810016], 'TotalUserCpuTimeHistory': [605], 'SiteHistory': ['Unknown', 'T2_US_Nebraska', 'T2_US_Nebraska'], 'TotalSysCpuTimeHistory': [39]}, '4': {'Retries': 0, 'WallDurations': [9.0, 183.81634998321533, 8075.0], 'StartTimes': [1631355490.0], 'SubmitTimes': [1631355311.0], 'JobIds': ['72032978.0'], 'EndTimes': [1631363565.0], 'Restarts': 0, 'RecordedSite': True, 'State': 'finished', 'ResidentSetSize': [770544], 'TotalUserCpuTimeHistory': [1359], 'SiteHistory': ['Unknown', 'T2_US_Purdue', 'T2_US_Purdue'], 'TotalSysCpuTimeHistory': [111]}, '7': {'Retries': 0, 'WallDurations': [8.0, 183.81634998321533, 55657.0], 'StartTimes': [1631355490.0], 'SubmitTimes': [1631355313.0], 'JobIds': ['72032981.0'], 'EndTimes': [1631411147.0], 'Restarts': 0, 'RecordedSite': True, 'State': 'finished', 'ResidentSetSize': [898860], 'TotalUserCpuTimeHistory': [8943], 'SiteHistory': ['Unknown', 'T2_US_MIT', 'T2_US_MIT'], 'TotalSysCpuTimeHistory': [675]}, '6': {'Retries': 0, 'WallDurations': [8.0, 177.81634998321533, 54890.0], 'StartTimes': [1631355496.0], 'SubmitTimes': [1631355313.0], 'JobIds': ['72032983.0'], 'EndTimes': [1631410386.0], 'Restarts': 0, 'RecordedSite': True, 'State': 'finished', 'ResidentSetSize': [1033628], 'TotalUserCpuTimeHistory': [14922], 'SiteHistory': ['Unknown', 'T2_US_Wisconsin', 'T2_US_Wisconsin'], 'TotalSysCpuTimeHistory': [906]}, '9': {'Retries': 0, 'WallDurations': [9.0, 161.81634998321533, 9993.0, 0, 18042.0], 'StartTimes': [1631355512.0, 1631365748.0], 'SubmitTimes': [1631355314.0, -1], 'JobIds': ['72032985.0', '72032985.0'], 'EndTimes': [1631365505.0, 1631383790.0], 'Restarts': 1, 'RecordedSite': True, 'State': 'finished', 'ResidentSetSize': [825412, 0], 'TotalUserCpuTimeHistory': [1436.0, 4865], 'SiteHistory': ['Unknown', 'T2_US_MIT', 'T2_US_MIT', 'Unknown', 'T2_US_MIT'], 'TotalSysCpuTimeHistory': [98.0, 284]}, '8': {'Retries': 0, 'WallDurations': [9.0, 163.81634998321533, 52475.0], 'StartTimes': [1631355510.0], 'SubmitTimes': [1631355313.0], 'JobIds': ['72032982.0'], 'EndTimes': [1631407985.0], 'Restarts': 0, 'RecordedSite': True, 'State': 'finished', 'ResidentSetSize': [1016104], 'TotalUserCpuTimeHistory': [9642], 'SiteHistory': ['Unknown', 'T2_US_MIT', 'T2_US_MIT'], 'TotalSysCpuTimeHistory': [964]}}
INFO 2021-09-12 11:07:34.308 UTC: 	 Status on the scheduler:	FAILED
INFO 2021-09-12 11:07:34.308 UTC: 	 
Jobs status:                    failed       		  6.7% ( 1/15)
INFO 2021-09-12 11:07:34.308 UTC: 	 				finished     		 93.3% (14/15)
INFO 2021-09-12 11:07:34.308 UTC: 	 
No publication information (publication has been disabled in the CRAB configuration file)
INFO 2021-09-12 11:07:34.308 UTC: 	 
Error Summary: (use crab status --verboseErrors for details about the errors)

 1 jobs failed with exit code 50664

Have a look at https://twiki.cern.ch/twiki/bin/viewauth/CMSPublic/JobExitCodes for a description of the exit codes.
INFO 2021-09-12 11:07:34.309 UTC: 	 
Warning: the average jobs CPU efficiency is less than 50%, please consider to improve the jobs splitting (e.g. config.Data.splitting = 'Automatic') in a new task
INFO 2021-09-12 11:07:34.309 UTC: 	 
Summary of run jobs:
 * Memory: 751MB min, 1009MB max, 815MB ave
 * Runtime: 0:42:02 min, 20:50:20 max, 8:50:24 ave
 * CPU eff: 12% min, 32% max, 23% ave
 * Waste: 13:31:29 (9% of total)

INFO 2021-09-12 11:07:34.359 UTC: 	 Log file is /afs/cern.ch/work/y/yian/work/GZ/CMSSW_10_6_20/src/PhysicsTools/NanoAODTools/WWG/2018/crab/crab2018/crab_ST_tW_top_5f_NoFullyHadronicDecays_TuneCP5_13TeV-powheg-pythia8_2018/crab.log
DEBUG 2021-09-12 11:31:31.169 UTC: 	 CRAB Client version: v3.210825
DEBUG 2021-09-12 11:31:31.169 UTC: 	 Running on: Linux lxplus710.cern.ch 3.10.0-1160.36.2.el7.x86_64 #1 SMP Wed Jul 21 11:57:15 UTC 2021 x86_64 x86_64 x86_64 GNU/Linux - CentOS Linux 7 (Core)
DEBUG 2021-09-12 11:31:31.169 UTC: 	 Executing command: 'resubmit'
DEBUG 2021-09-12 11:31:31.170 UTC: 	 Found CRAB cache file /afs/cern.ch/user/y/yian/.crab3
DEBUG 2021-09-12 11:31:31.245 UTC: 	 Checking credentials
DEBUG 2021-09-12 11:31:31.245 UTC: 	 Found proxy file /tmp/x509up_u110046
DEBUG 2021-09-12 11:31:31.245 UTC: 	 Getting proxy life time left
DEBUG 2021-09-12 11:31:31.850 UTC: 	 Executing : 
 command : voms-proxy-info -file /tmp/x509up_u110046 -timeleft
 output : 602914

 error: 
 retcode : 0
DEBUG 2021-09-12 11:31:32.458 UTC: 	 Executing : 
 command : voms-proxy-info -file /tmp/x509up_u110046 -actimeleft
 output : 602913

 error: 
 retcode : 0
DEBUG 2021-09-12 11:31:32.458 UTC: 	 Proxy lifetime 602914 secs is different from voms extension lifetime 602913 secs for proxy: /tmp/x509up_u110046
DEBUG 2021-09-12 11:31:32.458 UTC: 	 Proxy valid for 167:28:33 hours
DEBUG 2021-09-12 11:31:32.539 UTC: 	 Registering user credentials for server /DC=ch/DC=cern/OU=computers/CN=crab-(preprod|prod|dev)-tw(02|01).cern.ch|/DC=ch/DC=cern/OU=computers/CN=(ddi|ddidk|mytw).cern.ch|/DC=ch/DC=cern/OU=computers/CN=stefanov(m|m2).cern.ch
DEBUG 2021-09-12 11:31:33.252 UTC: 	 Executing : 
 command : voms-proxy-info -file /tmp/x509up_u110046 -identity
 output : /DC=ch/DC=cern/OU=Organic Units/OU=Users/CN=yian/CN=826694/CN=Ying An

 error: 
 retcode : 0
DEBUG 2021-09-12 11:31:33.259 UTC: 	 Getting myproxy life time left for myproxy.cern.ch
DEBUG 2021-09-12 11:31:33.259 UTC: 	 using b52ac606a6f7097e9b4b8f05a3a67cc69f8f291b as credential login name
DEBUG 2021-09-12 11:31:33.671 UTC: 	 Executing : 
 command : myproxy-info -l b52ac606a6f7097e9b4b8f05a3a67cc69f8f291b -s myproxy.cern.ch
 output : username: b52ac606a6f7097e9b4b8f05a3a67cc69f8f291b
owner: /DC=ch/DC=cern/OU=Organic Units/OU=Users/CN=yian/CN=826694/CN=Ying An
  renewal policy: /DC=ch/DC=cern/OU=computers/CN=crab-(preprod|prod|dev)-tw(02|01).cern.ch|/DC=ch/DC=cern/OU=computers/CN=(ddi|ddidk|mytw).cern.ch|/DC=ch/DC=cern/OU=computers/CN=stefanov(m|m2).cern.ch
  trusted retrieval policy: /DC=ch/DC=cern/OU=computers/CN=crab-(preprod|prod|dev)-tw(02|01).cern.ch|/DC=ch/DC=cern/OU=computers/CN=(ddi|ddidk|mytw).cern.ch|/DC=ch/DC=cern/OU=computers/CN=stefanov(m|m2).cern.ch
  timeleft: 719:30:08  (30.0 days)

 error: 
 retcode : 0
DEBUG 2021-09-12 11:31:33.672 UTC: 	 Myproxy is valid: 2590208
DEBUG 2021-09-12 11:31:33.672 UTC: 	 Retrieving username ...
DEBUG 2021-09-12 11:31:33.672 UTC: 	 Retrieving username from CRIC...
DEBUG 2021-09-12 11:31:34.358 UTC: 	 username is yian
DEBUG 2021-09-12 11:31:34.365 UTC: 	 Getting myproxy life time left for myproxy.cern.ch
DEBUG 2021-09-12 11:31:34.366 UTC: 	 using yian_CRAB as credential login name
DEBUG 2021-09-12 11:31:34.770 UTC: 	 Executing : 
 command : myproxy-info -l yian_CRAB -s myproxy.cern.ch
 output : username: yian_CRAB
owner: /DC=ch/DC=cern/OU=Organic Units/OU=Users/CN=yian/CN=826694/CN=Ying An
  renewal policy: /DC=ch/DC=cern/OU=computers/CN=crab-(preprod|prod|dev)-tw(02|01).cern.ch|/DC=ch/DC=cern/OU=computers/CN=(ddi|ddidk|mytw).cern.ch|/DC=ch/DC=cern/OU=computers/CN=stefanov(m|m2).cern.ch
  trusted retrieval policy: /DC=ch/DC=cern/OU=computers/CN=crab-(preprod|prod|dev)-tw(02|01).cern.ch|/DC=ch/DC=cern/OU=computers/CN=(ddi|ddidk|mytw).cern.ch|/DC=ch/DC=cern/OU=computers/CN=stefanov(m|m2).cern.ch
  timeleft: 719:30:20  (30.0 days)

 error: 
 retcode : 0
DEBUG 2021-09-12 11:31:34.771 UTC: 	 Myproxy is valid: 2590220
DEBUG 2021-09-12 11:31:34.771 UTC: 	 Result of myproxy credential check:
  Credential exists on myproxy: username: b52ac606a6f7097e9b4b8f05a3a67cc69f8f291b  - validity: 29 days, 23:30:08
  Credential exists on myproxy: username: yian_CRAB  - validity: 29 days, 23:30:20
DEBUG 2021-09-12 11:31:34.914 UTC: 	 Command use: resubmit
DEBUG 2021-09-12 11:31:34.914 UTC: 	 Options use: ['-d', 'crab2018/crab_ST_tW_top_5f_NoFullyHadronicDecays_TuneCP5_13TeV-powheg-pythia8_2018']
DEBUG 2021-09-12 11:31:35.070 UTC: 	 CRABClient version: v3.210825
DEBUG 2021-09-12 11:31:35.070 UTC: 	 Instance is prod
DEBUG 2021-09-12 11:31:35.070 UTC: 	 Server base url is cmsweb.cern.ch
DEBUG 2021-09-12 11:31:35.070 UTC: 	 Command api workflow
DEBUG 2021-09-12 11:31:35.082 UTC: 	 CRAB Client version: v3.210825
DEBUG 2021-09-12 11:31:35.083 UTC: 	 Running on: Linux lxplus710.cern.ch 3.10.0-1160.36.2.el7.x86_64 #1 SMP Wed Jul 21 11:57:15 UTC 2021 x86_64 x86_64 x86_64 GNU/Linux - CentOS Linux 7 (Core)
DEBUG 2021-09-12 11:31:35.083 UTC: 	 Executing command: 'status'
DEBUG 2021-09-12 11:31:35.083 UTC: 	 Found CRAB cache file /afs/cern.ch/user/y/yian/.crab3
DEBUG 2021-09-12 11:31:35.175 UTC: 	 Checking credentials
DEBUG 2021-09-12 11:31:35.176 UTC: 	 Found proxy file /tmp/x509up_u110046
DEBUG 2021-09-12 11:31:35.176 UTC: 	 Getting proxy life time left
DEBUG 2021-09-12 11:31:35.781 UTC: 	 Executing : 
 command : voms-proxy-info -file /tmp/x509up_u110046 -timeleft
 output : 602910

 error: 
 retcode : 0
DEBUG 2021-09-12 11:31:36.386 UTC: 	 Executing : 
 command : voms-proxy-info -file /tmp/x509up_u110046 -actimeleft
 output : 602909

 error: 
 retcode : 0
DEBUG 2021-09-12 11:31:36.386 UTC: 	 Proxy lifetime 602910 secs is different from voms extension lifetime 602909 secs for proxy: /tmp/x509up_u110046
DEBUG 2021-09-12 11:31:36.386 UTC: 	 Proxy valid for 167:28:29 hours
DEBUG 2021-09-12 11:31:36.484 UTC: 	 Registering user credentials for server /DC=ch/DC=cern/OU=computers/CN=crab-(preprod|prod|dev)-tw(02|01).cern.ch|/DC=ch/DC=cern/OU=computers/CN=(ddi|ddidk|mytw).cern.ch|/DC=ch/DC=cern/OU=computers/CN=stefanov(m|m2).cern.ch
DEBUG 2021-09-12 11:31:37.196 UTC: 	 Executing : 
 command : voms-proxy-info -file /tmp/x509up_u110046 -identity
 output : /DC=ch/DC=cern/OU=Organic Units/OU=Users/CN=yian/CN=826694/CN=Ying An

 error: 
 retcode : 0
DEBUG 2021-09-12 11:31:37.204 UTC: 	 Getting myproxy life time left for myproxy.cern.ch
DEBUG 2021-09-12 11:31:37.204 UTC: 	 using b52ac606a6f7097e9b4b8f05a3a67cc69f8f291b as credential login name
DEBUG 2021-09-12 11:31:37.508 UTC: 	 Executing : 
 command : myproxy-info -l b52ac606a6f7097e9b4b8f05a3a67cc69f8f291b -s myproxy.cern.ch
 output : username: b52ac606a6f7097e9b4b8f05a3a67cc69f8f291b
owner: /DC=ch/DC=cern/OU=Organic Units/OU=Users/CN=yian/CN=826694/CN=Ying An
  renewal policy: /DC=ch/DC=cern/OU=computers/CN=crab-(preprod|prod|dev)-tw(02|01).cern.ch|/DC=ch/DC=cern/OU=computers/CN=(ddi|ddidk|mytw).cern.ch|/DC=ch/DC=cern/OU=computers/CN=stefanov(m|m2).cern.ch
  trusted retrieval policy: /DC=ch/DC=cern/OU=computers/CN=crab-(preprod|prod|dev)-tw(02|01).cern.ch|/DC=ch/DC=cern/OU=computers/CN=(ddi|ddidk|mytw).cern.ch|/DC=ch/DC=cern/OU=computers/CN=stefanov(m|m2).cern.ch
  timeleft: 719:30:04  (30.0 days)

 error: 
 retcode : 0
DEBUG 2021-09-12 11:31:37.508 UTC: 	 Myproxy is valid: 2590204
DEBUG 2021-09-12 11:31:37.508 UTC: 	 Retrieving username ...
DEBUG 2021-09-12 11:31:37.508 UTC: 	 Retrieving username from CRIC...
DEBUG 2021-09-12 11:31:38.248 UTC: 	 username is yian
DEBUG 2021-09-12 11:31:38.254 UTC: 	 Getting myproxy life time left for myproxy.cern.ch
DEBUG 2021-09-12 11:31:38.255 UTC: 	 using yian_CRAB as credential login name
DEBUG 2021-09-12 11:31:38.558 UTC: 	 Executing : 
 command : myproxy-info -l yian_CRAB -s myproxy.cern.ch
 output : username: yian_CRAB
owner: /DC=ch/DC=cern/OU=Organic Units/OU=Users/CN=yian/CN=826694/CN=Ying An
  renewal policy: /DC=ch/DC=cern/OU=computers/CN=crab-(preprod|prod|dev)-tw(02|01).cern.ch|/DC=ch/DC=cern/OU=computers/CN=(ddi|ddidk|mytw).cern.ch|/DC=ch/DC=cern/OU=computers/CN=stefanov(m|m2).cern.ch
  trusted retrieval policy: /DC=ch/DC=cern/OU=computers/CN=crab-(preprod|prod|dev)-tw(02|01).cern.ch|/DC=ch/DC=cern/OU=computers/CN=(ddi|ddidk|mytw).cern.ch|/DC=ch/DC=cern/OU=computers/CN=stefanov(m|m2).cern.ch
  timeleft: 719:30:16  (30.0 days)

 error: 
 retcode : 0
DEBUG 2021-09-12 11:31:38.559 UTC: 	 Myproxy is valid: 2590216
DEBUG 2021-09-12 11:31:38.559 UTC: 	 Result of myproxy credential check:
  Credential exists on myproxy: username: b52ac606a6f7097e9b4b8f05a3a67cc69f8f291b  - validity: 29 days, 23:30:04
  Credential exists on myproxy: username: yian_CRAB  - validity: 29 days, 23:30:16
DEBUG 2021-09-12 11:31:38.560 UTC: 	 Command use: status
DEBUG 2021-09-12 11:31:38.560 UTC: 	 Options use: []
DEBUG 2021-09-12 11:31:38.606 UTC: 	 CRABClient version: v3.210825
DEBUG 2021-09-12 11:31:38.606 UTC: 	 Instance is prod
DEBUG 2021-09-12 11:31:38.606 UTC: 	 Server base url is cmsweb.cern.ch
DEBUG 2021-09-12 11:31:38.606 UTC: 	 Command api workflow
DEBUG 2021-09-12 11:31:38.663 UTC: 	 Got information from server oracle database: {u'result': [u'210911_101338:yian_crab_ST_tW_top_5f_NoFullyHadronicDecays_TuneCP5_13TeV-powheg-pythia8_2018', u'None', u'None', u'SUBMITTED', u'SUBMIT', u'2021-09-11 10:13:38.999931', u'None', u'2021-09-11 10:15:00.631250', u'None', u'CMSSW_10_6_20', u'slc7_amd64_gcc820', u'/ST_tW_top_5f_NoFullyHadronicDecays_TuneCP5_13TeV-powheg-pythia8/RunIISummer20UL18NanoAODv9-106X_upgrade2018_realistic_v16_L1v1-v1/NANOAODSIM', u'T', u'0', u"[u'T2_US_UCSD', u'T2_US_Wisconsin', u'T2_US_MIT', u'T2_US_Caltech', u'T2_US_Purdue', u'T2_US_Nebraska']", u'[]', u'FileBased', u"{'splitOnRun': False, 'halt_job_on_file_boundaries': False, 'files_per_job': 1, 'runs': [], 'lumis': []}", u'ce4024b067767c0af918e51c87b31628855166e163a541c120405109f27fbcb5.tar.gz', u'https://cmsweb.cern.ch/S3/crabcache_prod', u'yian', u'/DC=ch/DC=cern/OU=Organic Units/OU=Users/CN=yian/CN=826694/CN=Ying An', u'cms', u'None', u'None', u'ST_tW_top_5f_NoFullyHadronicDecays_TuneCP5_13TeV-powheg-pythia8_2018-00000000000000000000000000000000', u'F', u'T3_CH_CERNBOX', u'https://cmsweb.cern.ch/dbs/prod/global/DBSReader', u'https://cmsweb.cern.ch/dbs/prod/phys03/DBSWriter', u'F', u'[]', u'[]', u"[b'tree.root']", u'Analysis', u'pythia', u'None', u'{}', u'[]', u'F', u'crab-prod-tw01', u'[]', u'1250', u'1', u'2000', u'10', u"['/ST_tW_top_5f_NoFullyHadronicDecays_TuneCP5_13TeV-powheg-pythia8/yian-ST_tW_top_5f_NoFullyHadronicDecays_TuneCP5_13TeV-powheg-pythia8_2018-1ea93bf7cfbb24e247bd0f4bd1955225/USER']", u'[]', u'http://vocms0107.cern.ch/mon/cms1407/210911_101338:yian_crab_ST_tW_top_5f_NoFullyHadronicDecays_TuneCP5_13TeV-powheg-pythia8_2018', u'WWG_crab_script.sh', u"[b'isdata=MC', b'year=2018', b'era=A']", u'[]', u'https://cmsweb.cern.ch/crabserver/prod', u'cmsgwms-collector-global.cern.ch:9620,cmsgwms-collector-global.fnal.gov:9620', u'crab3@vocms0107.cern.ch', u'F', u'[]', u'T', u'/store/user/yian/', u'T', u'None', u'F', u'None', u'ST_tW_top_5f_NoFullyHadronicDecays_TuneCP5_13TeV-powheg-pythia8', u'None', u'd73fead4d829e29da92f66bf87e22c709cf54d61cd1a510f9ab462a5402dc210.tar.gz', u'72032974', u'filetransfers', u'F', u'188.184.98.213', u'0.0', u'None'], u'desc': {u'columns': [u'tm_taskname', u'tm_activity', u'panda_jobset_id', u'tm_task_status', u'tm_task_command', u'tm_start_time', u'tm_start_injection', u'tm_end_injection', u'tm_task_failure', u'tm_job_sw', u'tm_job_arch', u'tm_input_dataset', u'tm_nonvalid_input_dataset', u'tm_use_parent', u'tm_site_whitelist', u'tm_site_blacklist', u'tm_split_algo', u'tm_split_args', u'tm_user_sandbox', u'tm_cache_url', u'tm_username', u'tm_user_dn', u'tm_user_vo', u'tm_user_role', u'tm_user_group', u'tm_publish_name', u'tm_publish_groupname', u'tm_asyncdest', u'tm_dbs_url', u'tm_publish_dbs_url', u'tm_publication', u'tm_outfiles', u'tm_tfile_outfiles', u'tm_edm_outfiles', u'tm_job_type', u'tm_generator', u'tm_events_per_lumi', u'tm_arguments', u'panda_resubmitted_jobs', u'tm_save_logs', u'tw_name', u'tm_user_infiles', u'tm_maxjobruntime', u'tm_numcores', u'tm_maxmemory', u'tm_priority', u'tm_output_dataset', u'tm_task_warnings', u'tm_user_webdir', u'tm_scriptexe', u'tm_scriptargs', u'tm_extrajdl', u'tm_asourl', u'tm_collector', u'tm_schedd', u'tm_dry_run', u'tm_user_files', u'tm_transfer_outputs', u'tm_output_lfn', u'tm_ignore_locality', u'tm_fail_limit', u'tm_one_event_mode', u'tm_secondary_input_dataset', u'tm_primary_dataset', u'tm_last_publication', u'tm_debug_files', u'clusterid', u'tm_asodb', u'tm_ignore_global_blacklist', u'tm_submitter_ip_addr', u'tm_totalunits', u'tm_ddm_reqid']}}
INFO 2021-09-12 11:31:38.664 UTC: 	 CRAB project directory:		/afs/cern.ch/work/y/yian/work/GZ/CMSSW_10_6_20/src/PhysicsTools/NanoAODTools/WWG/2018/crab/crab2018/crab_ST_tW_top_5f_NoFullyHadronicDecays_TuneCP5_13TeV-powheg-pythia8_2018
INFO 2021-09-12 11:31:38.664 UTC: 	 Task name:			210911_101338:yian_crab_ST_tW_top_5f_NoFullyHadronicDecays_TuneCP5_13TeV-powheg-pythia8_2018
INFO 2021-09-12 11:31:38.664 UTC: 	 Grid scheduler - Task Worker:	crab3@vocms0107.cern.ch - crab-prod-tw01
INFO 2021-09-12 11:31:38.664 UTC: 	 Status on the CRAB server:	SUBMITTED
INFO 2021-09-12 11:31:38.664 UTC: 	 Task URL to use for HELP:	https://cmsweb.cern.ch/crabserver/ui/task/210911_101338%3Ayian_crab_ST_tW_top_5f_NoFullyHadronicDecays_TuneCP5_13TeV-powheg-pythia8_2018
INFO 2021-09-12 11:31:38.668 UTC: 	 Dashboard monitoring URL:	https://monit-grafana.cern.ch/d/cmsTMDetail/cms-task-monitoring-task-view?orgId=11&var-user=yian&var-task=210911_101338%3Ayian_crab_ST_tW_top_5f_NoFullyHadronicDecays_TuneCP5_13TeV-powheg-pythia8_2018&from=1631351618000&to=now
DEBUG 2021-09-12 11:31:38.668 UTC: 	 The CRAB server submitted your task to the Grid scheduler (cluster ID: 72032974)
DEBUG 2021-09-12 11:31:38.668 UTC: 	 Webdir is located at http://vocms0107.cern.ch/mon/cms1407/210911_101338:yian_crab_ST_tW_top_5f_NoFullyHadronicDecays_TuneCP5_13TeV-powheg-pythia8_2018
DEBUG 2021-09-12 11:31:38.786 UTC: 	 Proxied webdir is located at https://cmsweb.cern.ch:8443/scheddmon/0107/cms1407/210911_101338:yian_crab_ST_tW_top_5f_NoFullyHadronicDecays_TuneCP5_13TeV-powheg-pythia8_2018
DEBUG 2021-09-12 11:31:38.786 UTC: 	 Retrieving 'status_cache' file from https://cmsweb.cern.ch:8443/scheddmon/0107/cms1407/210911_101338:yian_crab_ST_tW_top_5f_NoFullyHadronicDecays_TuneCP5_13TeV-powheg-pythia8_2018/status_cache
DEBUG 2021-09-12 11:31:38.830 UTC: 	 Got information from status cache file: {'11': {'Retries': 0, 'WallDurations': [9.0, 171.81634998321533, 75020.0], 'StartTimes': [1631355502.0], 'SubmitTimes': [1631355314.0], 'JobIds': ['72032986.0'], 'EndTimes': [], 'Restarts': 0, 'RecordedSite': True, 'State': 'failed', 'ResidentSetSize': [975008], 'Error': [50664, 'Not retrying job due to wall clock limit (job automatically killed on the worker node)', {}], 'TotalUserCpuTimeHistory': [22892.0], 'SiteHistory': ['Unknown', 'T2_US_Nebraska', 'T2_US_Nebraska'], 'TotalSysCpuTimeHistory': [1198.0]}, '10': {'Retries': 0, 'WallDurations': [8.0, 180.81634998321533, 46795.0], 'StartTimes': [1631355493.0], 'SubmitTimes': [1631355314.0], 'JobIds': ['72032987.0'], 'EndTimes': [1631402288.0], 'Restarts': 0, 'RecordedSite': True, 'State': 'finished', 'ResidentSetSize': [944968], 'TotalUserCpuTimeHistory': [8637], 'SiteHistory': ['Unknown', 'T2_US_MIT', 'T2_US_MIT'], 'TotalSysCpuTimeHistory': [625]}, '13': {'Retries': 0, 'WallDurations': [9.0, 167.81634998321533, 47890.0], 'StartTimes': [1631355506.0], 'SubmitTimes': [1631355315.0], 'JobIds': ['72032990.0'], 'EndTimes': [1631403396.0], 'Restarts': 0, 'RecordedSite': True, 'State': 'finished', 'ResidentSetSize': [865616], 'TotalUserCpuTimeHistory': [8634], 'SiteHistory': ['Unknown', 'T2_US_MIT', 'T2_US_MIT'], 'TotalSysCpuTimeHistory': [392]}, '12': {'Retries': 0, 'WallDurations': [9.0, 179.81634998321533, 42419.0], 'StartTimes': [1631355494.0], 'SubmitTimes': [1631355314.0], 'JobIds': ['72032988.0'], 'EndTimes': [1631397913.0], 'Restarts': 0, 'RecordedSite': True, 'State': 'finished', 'ResidentSetSize': [973352], 'TotalUserCpuTimeHistory': [10728], 'SiteHistory': ['Unknown', 'T2_US_Nebraska', 'T2_US_Nebraska'], 'TotalSysCpuTimeHistory': [753]}, '15': {'Retries': 0, 'WallDurations': [10.0, 181.81634998321533, 4086.0], 'StartTimes': [1631355492.0], 'SubmitTimes': [1631355315.0], 'JobIds': ['72032991.0'], 'EndTimes': [1631359578.0], 'Restarts': 0, 'RecordedSite': True, 'State': 'finished', 'ResidentSetSize': [806712], 'TotalUserCpuTimeHistory': [456], 'SiteHistory': ['Unknown', 'T2_US_Purdue', 'T2_US_Purdue'], 'TotalSysCpuTimeHistory': [40]}, '14': {'Retries': 1, 'WallDurations': [8.0, 160.81634998321533, 35901.0, 8.0, 24.467097997665405, 35487.0], 'StartTimes': [1631355513.0, 1631393636.0], 'SubmitTimes': [1631355314.0, 1631393291.0], 'JobIds': ['72032989.0', '72054510.0'], 'EndTimes': [1631391414.0, 1631429123.0], 'Restarts': 0, 'RecordedSite': True, 'State': 'finished', 'ResidentSetSize': [834620, 784308], 'TotalUserCpuTimeHistory': [5556, 5164.0], 'SiteHistory': ['Unknown', 'T2_US_MIT', 'T2_US_MIT', 'Unknown', 'T2_US_MIT', 'T2_US_MIT'], 'TotalSysCpuTimeHistory': [244, 633.0]}, '1': {'Retries': 0, 'WallDurations': [9.0, 183.81634998321533, 6288.0], 'StartTimes': [1631355490.0], 'SubmitTimes': [1631355311.0], 'JobIds': ['72032979.0'], 'EndTimes': [1631361778.0], 'Restarts': 0, 'RecordedSite': True, 'State': 'finished', 'ResidentSetSize': [769880], 'TotalUserCpuTimeHistory': [1140], 'SiteHistory': ['Unknown', 'T2_US_MIT', 'T2_US_MIT'], 'TotalSysCpuTimeHistory': [40]}, '3': {'Retries': 0, 'WallDurations': [10.0, 176.81634998321533, 18974.0], 'StartTimes': [1631355497.0], 'SubmitTimes': [1631355311.0], 'JobIds': ['72032977.0'], 'EndTimes': [1631374471.0], 'Restarts': 0, 'RecordedSite': True, 'State': 'finished', 'ResidentSetSize': [961048], 'TotalUserCpuTimeHistory': [3130], 'SiteHistory': ['Unknown', 'T2_US_Nebraska', 'T2_US_Nebraska'], 'TotalSysCpuTimeHistory': [234]}, '2': {'Retries': 0, 'WallDurations': [9.0, 176.81634998321533, 8752.0], 'StartTimes': [1631355497.0], 'SubmitTimes': [1631355311.0], 'JobIds': ['72032980.0'], 'EndTimes': [1631364249.0], 'Restarts': 0, 'RecordedSite': True, 'State': 'finished', 'ResidentSetSize': [913216], 'TotalUserCpuTimeHistory': [1502], 'SiteHistory': ['Unknown', 'T2_US_Nebraska', 'T2_US_Nebraska'], 'TotalSysCpuTimeHistory': [98]}, '5': {'Retries': 0, 'WallDurations': [10.0, 177.81634998321533, 2522.0], 'StartTimes': [1631355496.0], 'SubmitTimes': [1631355313.0], 'JobIds': ['72032984.0'], 'EndTimes': [1631358018.0], 'Restarts': 0, 'RecordedSite': True, 'State': 'finished', 'ResidentSetSize': [810016], 'TotalUserCpuTimeHistory': [605], 'SiteHistory': ['Unknown', 'T2_US_Nebraska', 'T2_US_Nebraska'], 'TotalSysCpuTimeHistory': [39]}, '4': {'Retries': 0, 'WallDurations': [9.0, 183.81634998321533, 8075.0], 'StartTimes': [1631355490.0], 'SubmitTimes': [1631355311.0], 'JobIds': ['72032978.0'], 'EndTimes': [1631363565.0], 'Restarts': 0, 'RecordedSite': True, 'State': 'finished', 'ResidentSetSize': [770544], 'TotalUserCpuTimeHistory': [1359], 'SiteHistory': ['Unknown', 'T2_US_Purdue', 'T2_US_Purdue'], 'TotalSysCpuTimeHistory': [111]}, '7': {'Retries': 0, 'WallDurations': [8.0, 183.81634998321533, 55657.0], 'StartTimes': [1631355490.0], 'SubmitTimes': [1631355313.0], 'JobIds': ['72032981.0'], 'EndTimes': [1631411147.0], 'Restarts': 0, 'RecordedSite': True, 'State': 'finished', 'ResidentSetSize': [898860], 'TotalUserCpuTimeHistory': [8943], 'SiteHistory': ['Unknown', 'T2_US_MIT', 'T2_US_MIT'], 'TotalSysCpuTimeHistory': [675]}, '6': {'Retries': 0, 'WallDurations': [8.0, 177.81634998321533, 54890.0], 'StartTimes': [1631355496.0], 'SubmitTimes': [1631355313.0], 'JobIds': ['72032983.0'], 'EndTimes': [1631410386.0], 'Restarts': 0, 'RecordedSite': True, 'State': 'finished', 'ResidentSetSize': [1033628], 'TotalUserCpuTimeHistory': [14922], 'SiteHistory': ['Unknown', 'T2_US_Wisconsin', 'T2_US_Wisconsin'], 'TotalSysCpuTimeHistory': [906]}, '9': {'Retries': 0, 'WallDurations': [9.0, 161.81634998321533, 9993.0, 0, 18042.0], 'StartTimes': [1631355512.0, 1631365748.0], 'SubmitTimes': [1631355314.0, -1], 'JobIds': ['72032985.0', '72032985.0'], 'EndTimes': [1631365505.0, 1631383790.0], 'Restarts': 1, 'RecordedSite': True, 'State': 'finished', 'ResidentSetSize': [825412, 0], 'TotalUserCpuTimeHistory': [1436.0, 4865], 'SiteHistory': ['Unknown', 'T2_US_MIT', 'T2_US_MIT', 'Unknown', 'T2_US_MIT'], 'TotalSysCpuTimeHistory': [98.0, 284]}, '8': {'Retries': 0, 'WallDurations': [9.0, 163.81634998321533, 52475.0], 'StartTimes': [1631355510.0], 'SubmitTimes': [1631355313.0], 'JobIds': ['72032982.0'], 'EndTimes': [1631407985.0], 'Restarts': 0, 'RecordedSite': True, 'State': 'finished', 'ResidentSetSize': [1016104], 'TotalUserCpuTimeHistory': [9642], 'SiteHistory': ['Unknown', 'T2_US_MIT', 'T2_US_MIT'], 'TotalSysCpuTimeHistory': [964]}}
INFO 2021-09-12 11:31:38.830 UTC: 	 Status on the scheduler:	FAILED
INFO 2021-09-12 11:31:38.831 UTC: 	 
Jobs status:                    failed       		  6.7% ( 1/15)
INFO 2021-09-12 11:31:38.831 UTC: 	 				finished     		 93.3% (14/15)
INFO 2021-09-12 11:31:38.831 UTC: 	 
No publication information (publication has been disabled in the CRAB configuration file)
INFO 2021-09-12 11:31:38.831 UTC: 	 
Error Summary: (use crab status --verboseErrors for details about the errors)

 1 jobs failed with exit code 50664

Have a look at https://twiki.cern.ch/twiki/bin/viewauth/CMSPublic/JobExitCodes for a description of the exit codes.
INFO 2021-09-12 11:31:38.831 UTC: 	 
Warning: the average jobs CPU efficiency is less than 50%, please consider to improve the jobs splitting (e.g. config.Data.splitting = 'Automatic') in a new task
INFO 2021-09-12 11:31:38.831 UTC: 	 
Summary of run jobs:
 * Memory: 751MB min, 1009MB max, 815MB ave
 * Runtime: 0:42:02 min, 20:50:20 max, 8:50:24 ave
 * CPU eff: 12% min, 32% max, 23% ave
 * Waste: 13:31:29 (9% of total)

DEBUG 2021-09-12 11:31:38.832 UTC: 	 Requesting resubmission of failed jobs in task 210911_101338:yian_crab_ST_tW_top_5f_NoFullyHadronicDecays_TuneCP5_13TeV-powheg-pythia8_2018
INFO 2021-09-12 11:31:38.832 UTC: 	 Sending resubmit request to the server.
DEBUG 2021-09-12 11:31:38.832 UTC: 	 Submitting {'publication': 0, 'jobids': ['11'], 'subresource': 'resubmit2', 'workflow': u'210911_101338:yian_crab_ST_tW_top_5f_NoFullyHadronicDecays_TuneCP5_13TeV-powheg-pythia8_2018'} 
DEBUG 2021-09-12 11:31:38.832 UTC: 	 Encoded resubmit request: publication=0&subresource=resubmit2&workflow=210911_101338%3Ayian_crab_ST_tW_top_5f_NoFullyHadronicDecays_TuneCP5_13TeV-powheg-pythia8_2018&jobids=11
DEBUG 2021-09-12 11:31:38.924 UTC: 	 Result: {u'result': [{u'result': u'ok'}], u'desc': {u'columns': [u'tm_site_blacklist', u'tm_site_whitelist', u'tm_maxjobruntime', u'tm_maxmemory', u'tm_numcores', u'tm_priority']}}
INFO 2021-09-12 11:31:38.924 UTC: 	 Resubmit request sent to the server.
INFO 2021-09-12 11:31:38.924 UTC: 	 Please use ' crab status ' to check how the resubmission process proceeds.
Notice it may take a couple of minutes for the resubmission to get fully processed.
INFO 2021-09-12 11:31:38.945 UTC: 	 Log file is /afs/cern.ch/work/y/yian/work/GZ/CMSSW_10_6_20/src/PhysicsTools/NanoAODTools/WWG/2018/crab/crab2018/crab_ST_tW_top_5f_NoFullyHadronicDecays_TuneCP5_13TeV-powheg-pythia8_2018/crab.log
DEBUG 2021-09-13 12:56:00.229 UTC: 	 CRAB Client version: v3.210825
DEBUG 2021-09-13 12:56:00.229 UTC: 	 Running on: Linux lxplus7100.cern.ch 3.10.0-1160.36.2.el7.x86_64 #1 SMP Wed Jul 21 11:57:15 UTC 2021 x86_64 x86_64 x86_64 GNU/Linux - CentOS Linux 7 (Core)
DEBUG 2021-09-13 12:56:00.229 UTC: 	 Executing command: 'status'
DEBUG 2021-09-13 12:56:00.230 UTC: 	 Found CRAB cache file /afs/cern.ch/user/y/yian/.crab3
DEBUG 2021-09-13 12:56:01.125 UTC: 	 Checking credentials
DEBUG 2021-09-13 12:56:01.126 UTC: 	 Found proxy file /tmp/x509up_u110046
DEBUG 2021-09-13 12:56:01.126 UTC: 	 Getting proxy life time left
DEBUG 2021-09-13 12:56:01.835 UTC: 	 Executing : 
 command : voms-proxy-info -file /tmp/x509up_u110046 -timeleft
 output : 604751

 error: 
 retcode : 0
DEBUG 2021-09-13 12:56:02.543 UTC: 	 Executing : 
 command : voms-proxy-info -file /tmp/x509up_u110046 -actimeleft
 output : 604750

 error: 
 retcode : 0
DEBUG 2021-09-13 12:56:02.543 UTC: 	 Proxy lifetime 604751 secs is different from voms extension lifetime 604750 secs for proxy: /tmp/x509up_u110046
DEBUG 2021-09-13 12:56:02.543 UTC: 	 Proxy valid for 167:59:10 hours
DEBUG 2021-09-13 12:56:02.666 UTC: 	 Registering user credentials for server /DC=ch/DC=cern/OU=computers/CN=crab-(preprod|prod|dev)-tw(02|01).cern.ch|/DC=ch/DC=cern/OU=computers/CN=(ddi|ddidk|mytw).cern.ch|/DC=ch/DC=cern/OU=computers/CN=stefanov(m|m2).cern.ch
DEBUG 2021-09-13 12:56:03.380 UTC: 	 Executing : 
 command : voms-proxy-info -file /tmp/x509up_u110046 -identity
 output : /DC=ch/DC=cern/OU=Organic Units/OU=Users/CN=yian/CN=826694/CN=Ying An

 error: 
 retcode : 0
DEBUG 2021-09-13 12:56:03.388 UTC: 	 Getting myproxy life time left for myproxy.cern.ch
DEBUG 2021-09-13 12:56:03.389 UTC: 	 using b52ac606a6f7097e9b4b8f05a3a67cc69f8f291b as credential login name
DEBUG 2021-09-13 12:56:03.696 UTC: 	 Executing : 
 command : myproxy-info -l b52ac606a6f7097e9b4b8f05a3a67cc69f8f291b -s myproxy.cern.ch
 output : username: b52ac606a6f7097e9b4b8f05a3a67cc69f8f291b
owner: /DC=ch/DC=cern/OU=Organic Units/OU=Users/CN=yian/CN=826694/CN=Ying An
  renewal policy: /DC=ch/DC=cern/OU=computers/CN=crab-(preprod|prod|dev)-tw(02|01).cern.ch|/DC=ch/DC=cern/OU=computers/CN=(ddi|ddidk|mytw).cern.ch|/DC=ch/DC=cern/OU=computers/CN=stefanov(m|m2).cern.ch
  trusted retrieval policy: /DC=ch/DC=cern/OU=computers/CN=crab-(preprod|prod|dev)-tw(02|01).cern.ch|/DC=ch/DC=cern/OU=computers/CN=(ddi|ddidk|mytw).cern.ch|/DC=ch/DC=cern/OU=computers/CN=stefanov(m|m2).cern.ch
  timeleft: 694:05:38  (28.9 days)

 error: 
 retcode : 0
DEBUG 2021-09-13 12:56:03.698 UTC: 	 Myproxy is valid: 2498738
DEBUG 2021-09-13 12:56:03.698 UTC: 	 Retrieving username ...
DEBUG 2021-09-13 12:56:03.698 UTC: 	 Retrieving username from CRIC...
DEBUG 2021-09-13 12:56:22.906 UTC: 	 username is yian
DEBUG 2021-09-13 12:56:22.915 UTC: 	 Getting myproxy life time left for myproxy.cern.ch
DEBUG 2021-09-13 12:56:22.915 UTC: 	 using yian_CRAB as credential login name
DEBUG 2021-09-13 12:56:23.322 UTC: 	 Executing : 
 command : myproxy-info -l yian_CRAB -s myproxy.cern.ch
 output : username: yian_CRAB
owner: /DC=ch/DC=cern/OU=Organic Units/OU=Users/CN=yian/CN=826694/CN=Ying An
  renewal policy: /DC=ch/DC=cern/OU=computers/CN=crab-(preprod|prod|dev)-tw(02|01).cern.ch|/DC=ch/DC=cern/OU=computers/CN=(ddi|ddidk|mytw).cern.ch|/DC=ch/DC=cern/OU=computers/CN=stefanov(m|m2).cern.ch
  trusted retrieval policy: /DC=ch/DC=cern/OU=computers/CN=crab-(preprod|prod|dev)-tw(02|01).cern.ch|/DC=ch/DC=cern/OU=computers/CN=(ddi|ddidk|mytw).cern.ch|/DC=ch/DC=cern/OU=computers/CN=stefanov(m|m2).cern.ch
  timeleft: 694:05:31  (28.9 days)

 error: 
 retcode : 0
DEBUG 2021-09-13 12:56:23.322 UTC: 	 Myproxy is valid: 2498731
DEBUG 2021-09-13 12:56:23.323 UTC: 	 Result of myproxy credential check:
  Credential exists on myproxy: username: b52ac606a6f7097e9b4b8f05a3a67cc69f8f291b  - validity: 28 days, 22:05:38
  Credential exists on myproxy: username: yian_CRAB  - validity: 28 days, 22:05:31
DEBUG 2021-09-13 12:56:23.325 UTC: 	 Command use: status
DEBUG 2021-09-13 12:56:23.325 UTC: 	 Options use: ['-d', 'crab2018/crab_ST_tW_top_5f_NoFullyHadronicDecays_TuneCP5_13TeV-powheg-pythia8_2018']
DEBUG 2021-09-13 12:56:23.382 UTC: 	 CRABClient version: v3.210825
DEBUG 2021-09-13 12:56:23.382 UTC: 	 Instance is prod
DEBUG 2021-09-13 12:56:23.382 UTC: 	 Server base url is cmsweb.cern.ch
DEBUG 2021-09-13 12:56:23.382 UTC: 	 Command api workflow
DEBUG 2021-09-13 12:56:23.434 UTC: 	 Got information from server oracle database: {u'result': [u'210911_101338:yian_crab_ST_tW_top_5f_NoFullyHadronicDecays_TuneCP5_13TeV-powheg-pythia8_2018', u'None', u'None', u'SUBMITTED', u'None', u'2021-09-11 10:13:38.999931', u'None', u'2021-09-11 10:15:00.631250', u'None', u'CMSSW_10_6_20', u'slc7_amd64_gcc820', u'/ST_tW_top_5f_NoFullyHadronicDecays_TuneCP5_13TeV-powheg-pythia8/RunIISummer20UL18NanoAODv9-106X_upgrade2018_realistic_v16_L1v1-v1/NANOAODSIM', u'T', u'0', u"[u'T2_US_UCSD', u'T2_US_Wisconsin', u'T2_US_MIT', u'T2_US_Caltech', u'T2_US_Purdue', u'T2_US_Nebraska']", u'[]', u'FileBased', u"{'splitOnRun': False, 'halt_job_on_file_boundaries': False, 'files_per_job': 1, 'runs': [], 'lumis': []}", u'ce4024b067767c0af918e51c87b31628855166e163a541c120405109f27fbcb5.tar.gz', u'https://cmsweb.cern.ch/S3/crabcache_prod', u'yian', u'/DC=ch/DC=cern/OU=Organic Units/OU=Users/CN=yian/CN=826694/CN=Ying An', u'cms', u'None', u'None', u'ST_tW_top_5f_NoFullyHadronicDecays_TuneCP5_13TeV-powheg-pythia8_2018-00000000000000000000000000000000', u'F', u'T3_CH_CERNBOX', u'https://cmsweb.cern.ch/dbs/prod/global/DBSReader', u'https://cmsweb.cern.ch/dbs/prod/phys03/DBSWriter', u'F', u'[]', u'[]', u"[b'tree.root']", u'Analysis', u'pythia', u'None', u"{'maxjobruntime': 1250, 'priority': 10, 'site_blacklist': [], 'resubmit_jobids': [b'11'], 'numcores': 1, 'site_whitelist': [u'T2_US_UCSD', u'T2_US_Wisconsin', u'T2_US_MIT', u'T2_US_Caltech', u'T2_US_Purdue', u'T2_US_Nebraska'], 'maxmemory': 2000, 'resubmit_publication': 0}", u'[]', u'F', u'crab-prod-tw01', u'[]', u'1250', u'1', u'2000', u'10', u"['/ST_tW_top_5f_NoFullyHadronicDecays_TuneCP5_13TeV-powheg-pythia8/yian-ST_tW_top_5f_NoFullyHadronicDecays_TuneCP5_13TeV-powheg-pythia8_2018-1ea93bf7cfbb24e247bd0f4bd1955225/USER']", u'[]', u'http://vocms0107.cern.ch/mon/cms1407/210911_101338:yian_crab_ST_tW_top_5f_NoFullyHadronicDecays_TuneCP5_13TeV-powheg-pythia8_2018', u'WWG_crab_script.sh', u"[b'isdata=MC', b'year=2018', b'era=A']", u'[]', u'https://cmsweb.cern.ch/crabserver/prod', u'cmsgwms-collector-global.cern.ch:9620,cmsgwms-collector-global.fnal.gov:9620', u'crab3@vocms0107.cern.ch', u'F', u'[]', u'T', u'/store/user/yian/', u'T', u'None', u'F', u'None', u'ST_tW_top_5f_NoFullyHadronicDecays_TuneCP5_13TeV-powheg-pythia8', u'None', u'd73fead4d829e29da92f66bf87e22c709cf54d61cd1a510f9ab462a5402dc210.tar.gz', u'72032974', u'filetransfers', u'F', u'188.184.98.213', u'0.0', u'None'], u'desc': {u'columns': [u'tm_taskname', u'tm_activity', u'panda_jobset_id', u'tm_task_status', u'tm_task_command', u'tm_start_time', u'tm_start_injection', u'tm_end_injection', u'tm_task_failure', u'tm_job_sw', u'tm_job_arch', u'tm_input_dataset', u'tm_nonvalid_input_dataset', u'tm_use_parent', u'tm_site_whitelist', u'tm_site_blacklist', u'tm_split_algo', u'tm_split_args', u'tm_user_sandbox', u'tm_cache_url', u'tm_username', u'tm_user_dn', u'tm_user_vo', u'tm_user_role', u'tm_user_group', u'tm_publish_name', u'tm_publish_groupname', u'tm_asyncdest', u'tm_dbs_url', u'tm_publish_dbs_url', u'tm_publication', u'tm_outfiles', u'tm_tfile_outfiles', u'tm_edm_outfiles', u'tm_job_type', u'tm_generator', u'tm_events_per_lumi', u'tm_arguments', u'panda_resubmitted_jobs', u'tm_save_logs', u'tw_name', u'tm_user_infiles', u'tm_maxjobruntime', u'tm_numcores', u'tm_maxmemory', u'tm_priority', u'tm_output_dataset', u'tm_task_warnings', u'tm_user_webdir', u'tm_scriptexe', u'tm_scriptargs', u'tm_extrajdl', u'tm_asourl', u'tm_collector', u'tm_schedd', u'tm_dry_run', u'tm_user_files', u'tm_transfer_outputs', u'tm_output_lfn', u'tm_ignore_locality', u'tm_fail_limit', u'tm_one_event_mode', u'tm_secondary_input_dataset', u'tm_primary_dataset', u'tm_last_publication', u'tm_debug_files', u'clusterid', u'tm_asodb', u'tm_ignore_global_blacklist', u'tm_submitter_ip_addr', u'tm_totalunits', u'tm_ddm_reqid']}}
INFO 2021-09-13 12:56:23.435 UTC: 	 CRAB project directory:		/afs/cern.ch/work/y/yian/work/GZ/CMSSW_10_6_20/src/PhysicsTools/NanoAODTools/WWG/2018/crab/crab2018/crab_ST_tW_top_5f_NoFullyHadronicDecays_TuneCP5_13TeV-powheg-pythia8_2018
INFO 2021-09-13 12:56:23.435 UTC: 	 Task name:			210911_101338:yian_crab_ST_tW_top_5f_NoFullyHadronicDecays_TuneCP5_13TeV-powheg-pythia8_2018
INFO 2021-09-13 12:56:23.435 UTC: 	 Grid scheduler - Task Worker:	crab3@vocms0107.cern.ch - crab-prod-tw01
INFO 2021-09-13 12:56:23.435 UTC: 	 Status on the CRAB server:	SUBMITTED
INFO 2021-09-13 12:56:23.435 UTC: 	 Task URL to use for HELP:	https://cmsweb.cern.ch/crabserver/ui/task/210911_101338%3Ayian_crab_ST_tW_top_5f_NoFullyHadronicDecays_TuneCP5_13TeV-powheg-pythia8_2018
INFO 2021-09-13 12:56:23.440 UTC: 	 Dashboard monitoring URL:	https://monit-grafana.cern.ch/d/cmsTMDetail/cms-task-monitoring-task-view?orgId=11&var-user=yian&var-task=210911_101338%3Ayian_crab_ST_tW_top_5f_NoFullyHadronicDecays_TuneCP5_13TeV-powheg-pythia8_2018&from=1631351618000&to=now
DEBUG 2021-09-13 12:56:23.440 UTC: 	 The CRAB server submitted your task to the Grid scheduler (cluster ID: 72032974)
DEBUG 2021-09-13 12:56:23.440 UTC: 	 Webdir is located at http://vocms0107.cern.ch/mon/cms1407/210911_101338:yian_crab_ST_tW_top_5f_NoFullyHadronicDecays_TuneCP5_13TeV-powheg-pythia8_2018
DEBUG 2021-09-13 12:56:23.559 UTC: 	 Proxied webdir is located at https://cmsweb.cern.ch:8443/scheddmon/0107/cms1407/210911_101338:yian_crab_ST_tW_top_5f_NoFullyHadronicDecays_TuneCP5_13TeV-powheg-pythia8_2018
DEBUG 2021-09-13 12:56:23.559 UTC: 	 Retrieving 'status_cache' file from https://cmsweb.cern.ch:8443/scheddmon/0107/cms1407/210911_101338:yian_crab_ST_tW_top_5f_NoFullyHadronicDecays_TuneCP5_13TeV-powheg-pythia8_2018/status_cache
DEBUG 2021-09-13 12:56:23.601 UTC: 	 Got information from status cache file: {'11': {'Retries': 1, 'WallDurations': [9.0, 171.81634998321533, 75020.0, 8.0, 42.65235209465027, 66097.0], 'StartTimes': [1631355502.0, 1631446676.0], 'SubmitTimes': [1631355314.0, 1631446350.0], 'JobIds': ['72032986.0', '72076051.0'], 'EndTimes': [1631512773.0], 'Restarts': 0, 'RecordedSite': True, 'State': 'finished', 'ResidentSetSize': [975008, 1070120], 'Error': [50664, 'Not retrying job due to wall clock limit (job automatically killed on the worker node)', {}], 'TotalUserCpuTimeHistory': [22892.0, 15501], 'SiteHistory': ['Unknown', 'T2_US_Nebraska', 'T2_US_Nebraska', 'Unknown', 'T2_US_Wisconsin', 'T2_US_Wisconsin'], 'TotalSysCpuTimeHistory': [1198.0, 797]}, '10': {'Retries': 0, 'WallDurations': [8.0, 180.81634998321533, 46795.0], 'StartTimes': [1631355493.0], 'SubmitTimes': [1631355314.0], 'JobIds': ['72032987.0'], 'EndTimes': [1631402288.0], 'Restarts': 0, 'RecordedSite': True, 'State': 'finished', 'ResidentSetSize': [944968], 'TotalUserCpuTimeHistory': [8637], 'SiteHistory': ['Unknown', 'T2_US_MIT', 'T2_US_MIT'], 'TotalSysCpuTimeHistory': [625]}, '13': {'Retries': 0, 'WallDurations': [9.0, 167.81634998321533, 47890.0], 'StartTimes': [1631355506.0], 'SubmitTimes': [1631355315.0], 'JobIds': ['72032990.0'], 'EndTimes': [1631403396.0], 'Restarts': 0, 'RecordedSite': True, 'State': 'finished', 'ResidentSetSize': [865616], 'TotalUserCpuTimeHistory': [8634], 'SiteHistory': ['Unknown', 'T2_US_MIT', 'T2_US_MIT'], 'TotalSysCpuTimeHistory': [392]}, '12': {'Retries': 0, 'WallDurations': [9.0, 179.81634998321533, 42419.0], 'StartTimes': [1631355494.0], 'SubmitTimes': [1631355314.0], 'JobIds': ['72032988.0'], 'EndTimes': [1631397913.0], 'Restarts': 0, 'RecordedSite': True, 'State': 'finished', 'ResidentSetSize': [973352], 'TotalUserCpuTimeHistory': [10728], 'SiteHistory': ['Unknown', 'T2_US_Nebraska', 'T2_US_Nebraska'], 'TotalSysCpuTimeHistory': [753]}, '15': {'Retries': 0, 'WallDurations': [10.0, 181.81634998321533, 4086.0], 'StartTimes': [1631355492.0], 'SubmitTimes': [1631355315.0], 'JobIds': ['72032991.0'], 'EndTimes': [1631359578.0], 'Restarts': 0, 'RecordedSite': True, 'State': 'finished', 'ResidentSetSize': [806712], 'TotalUserCpuTimeHistory': [456], 'SiteHistory': ['Unknown', 'T2_US_Purdue', 'T2_US_Purdue'], 'TotalSysCpuTimeHistory': [40]}, '14': {'Retries': 1, 'WallDurations': [8.0, 160.81634998321533, 35901.0, 8.0, 24.467097997665405, 35487.0], 'StartTimes': [1631355513.0, 1631393636.0], 'SubmitTimes': [1631355314.0, 1631393291.0], 'JobIds': ['72032989.0', '72054510.0'], 'EndTimes': [1631391414.0, 1631429123.0], 'Restarts': 0, 'RecordedSite': True, 'State': 'finished', 'ResidentSetSize': [834620, 784308], 'TotalUserCpuTimeHistory': [5556, 5164.0], 'SiteHistory': ['Unknown', 'T2_US_MIT', 'T2_US_MIT', 'Unknown', 'T2_US_MIT', 'T2_US_MIT'], 'TotalSysCpuTimeHistory': [244, 633.0]}, '1': {'Retries': 0, 'WallDurations': [9.0, 183.81634998321533, 6288.0], 'StartTimes': [1631355490.0], 'SubmitTimes': [1631355311.0], 'JobIds': ['72032979.0'], 'EndTimes': [1631361778.0], 'Restarts': 0, 'RecordedSite': True, 'State': 'finished', 'ResidentSetSize': [769880], 'TotalUserCpuTimeHistory': [1140], 'SiteHistory': ['Unknown', 'T2_US_MIT', 'T2_US_MIT'], 'TotalSysCpuTimeHistory': [40]}, '3': {'Retries': 0, 'WallDurations': [10.0, 176.81634998321533, 18974.0], 'StartTimes': [1631355497.0], 'SubmitTimes': [1631355311.0], 'JobIds': ['72032977.0'], 'EndTimes': [1631374471.0], 'Restarts': 0, 'RecordedSite': True, 'State': 'finished', 'ResidentSetSize': [961048], 'TotalUserCpuTimeHistory': [3130], 'SiteHistory': ['Unknown', 'T2_US_Nebraska', 'T2_US_Nebraska'], 'TotalSysCpuTimeHistory': [234]}, '2': {'Retries': 0, 'WallDurations': [9.0, 176.81634998321533, 8752.0], 'StartTimes': [1631355497.0], 'SubmitTimes': [1631355311.0], 'JobIds': ['72032980.0'], 'EndTimes': [1631364249.0], 'Restarts': 0, 'RecordedSite': True, 'State': 'finished', 'ResidentSetSize': [913216], 'TotalUserCpuTimeHistory': [1502], 'SiteHistory': ['Unknown', 'T2_US_Nebraska', 'T2_US_Nebraska'], 'TotalSysCpuTimeHistory': [98]}, '5': {'Retries': 0, 'WallDurations': [10.0, 177.81634998321533, 2522.0], 'StartTimes': [1631355496.0], 'SubmitTimes': [1631355313.0], 'JobIds': ['72032984.0'], 'EndTimes': [1631358018.0], 'Restarts': 0, 'RecordedSite': True, 'State': 'finished', 'ResidentSetSize': [810016], 'TotalUserCpuTimeHistory': [605], 'SiteHistory': ['Unknown', 'T2_US_Nebraska', 'T2_US_Nebraska'], 'TotalSysCpuTimeHistory': [39]}, '4': {'Retries': 0, 'WallDurations': [9.0, 183.81634998321533, 8075.0], 'StartTimes': [1631355490.0], 'SubmitTimes': [1631355311.0], 'JobIds': ['72032978.0'], 'EndTimes': [1631363565.0], 'Restarts': 0, 'RecordedSite': True, 'State': 'finished', 'ResidentSetSize': [770544], 'TotalUserCpuTimeHistory': [1359], 'SiteHistory': ['Unknown', 'T2_US_Purdue', 'T2_US_Purdue'], 'TotalSysCpuTimeHistory': [111]}, '7': {'Retries': 0, 'WallDurations': [8.0, 183.81634998321533, 55657.0], 'StartTimes': [1631355490.0], 'SubmitTimes': [1631355313.0], 'JobIds': ['72032981.0'], 'EndTimes': [1631411147.0], 'Restarts': 0, 'RecordedSite': True, 'State': 'finished', 'ResidentSetSize': [898860], 'TotalUserCpuTimeHistory': [8943], 'SiteHistory': ['Unknown', 'T2_US_MIT', 'T2_US_MIT'], 'TotalSysCpuTimeHistory': [675]}, '6': {'Retries': 0, 'WallDurations': [8.0, 177.81634998321533, 54890.0], 'StartTimes': [1631355496.0], 'SubmitTimes': [1631355313.0], 'JobIds': ['72032983.0'], 'EndTimes': [1631410386.0], 'Restarts': 0, 'RecordedSite': True, 'State': 'finished', 'ResidentSetSize': [1033628], 'TotalUserCpuTimeHistory': [14922], 'SiteHistory': ['Unknown', 'T2_US_Wisconsin', 'T2_US_Wisconsin'], 'TotalSysCpuTimeHistory': [906]}, '9': {'Retries': 0, 'WallDurations': [9.0, 161.81634998321533, 9993.0, 0, 18042.0], 'StartTimes': [1631355512.0, 1631365748.0], 'SubmitTimes': [1631355314.0, -1], 'JobIds': ['72032985.0', '72032985.0'], 'EndTimes': [1631365505.0, 1631383790.0], 'Restarts': 1, 'RecordedSite': True, 'State': 'finished', 'ResidentSetSize': [825412, 0], 'TotalUserCpuTimeHistory': [1436.0, 4865], 'SiteHistory': ['Unknown', 'T2_US_MIT', 'T2_US_MIT', 'Unknown', 'T2_US_MIT'], 'TotalSysCpuTimeHistory': [98.0, 284]}, '8': {'Retries': 0, 'WallDurations': [9.0, 163.81634998321533, 52475.0], 'StartTimes': [1631355510.0], 'SubmitTimes': [1631355313.0], 'JobIds': ['72032982.0'], 'EndTimes': [1631407985.0], 'Restarts': 0, 'RecordedSite': True, 'State': 'finished', 'ResidentSetSize': [1016104], 'TotalUserCpuTimeHistory': [9642], 'SiteHistory': ['Unknown', 'T2_US_MIT', 'T2_US_MIT'], 'TotalSysCpuTimeHistory': [964]}}
INFO 2021-09-13 12:56:23.601 UTC: 	 Status on the scheduler:	COMPLETED
INFO 2021-09-13 12:56:23.601 UTC: 	 
Jobs status:                    finished     		100.0% (15/15)
INFO 2021-09-13 12:56:23.601 UTC: 	 
No publication information (publication has been disabled in the CRAB configuration file)
INFO 2021-09-13 12:56:23.602 UTC: 	 
Warning: the average jobs CPU efficiency is less than 50%, please consider to improve the jobs splitting (e.g. config.Data.splitting = 'Automatic') in a new task
INFO 2021-09-13 12:56:23.602 UTC: 	 
Summary of run jobs:
 * Memory: 751MB min, 1045MB max, 822MB ave
 * Runtime: 0:42:02 min, 18:21:37 max, 8:40:29 ave
 * CPU eff: 12% min, 29% max, 22% ave
 * Waste: 34:22:40 (21% of total)

INFO 2021-09-13 12:56:23.741 UTC: 	 Log file is /afs/cern.ch/work/y/yian/work/GZ/CMSSW_10_6_20/src/PhysicsTools/NanoAODTools/WWG/2018/crab/crab2018/crab_ST_tW_top_5f_NoFullyHadronicDecays_TuneCP5_13TeV-powheg-pythia8_2018/crab.log
DEBUG 2021-09-14 14:37:41.250 UTC: 	 CRAB Client version: v3.210825
DEBUG 2021-09-14 14:37:41.250 UTC: 	 Running on: Linux lxplus738.cern.ch 3.10.0-1160.36.2.el7.x86_64 #1 SMP Wed Jul 21 11:57:15 UTC 2021 x86_64 x86_64 x86_64 GNU/Linux - CentOS Linux 7 (Core)
DEBUG 2021-09-14 14:37:41.250 UTC: 	 Executing command: 'status'
DEBUG 2021-09-14 14:37:41.251 UTC: 	 Found CRAB cache file /afs/cern.ch/user/y/yian/.crab3
DEBUG 2021-09-14 14:37:41.384 UTC: 	 Checking credentials
DEBUG 2021-09-14 14:37:41.384 UTC: 	 Found proxy file /tmp/x509up_u110046
DEBUG 2021-09-14 14:37:41.384 UTC: 	 Getting proxy life time left
DEBUG 2021-09-14 14:37:42.090 UTC: 	 Executing : 
 command : voms-proxy-info -file /tmp/x509up_u110046 -timeleft
 output : 604739

 error: 
 retcode : 0
DEBUG 2021-09-14 14:37:42.804 UTC: 	 Executing : 
 command : voms-proxy-info -file /tmp/x509up_u110046 -actimeleft
 output : 604739

 error: 
 retcode : 0
DEBUG 2021-09-14 14:37:42.805 UTC: 	 Proxy valid for 167:58:59 hours
DEBUG 2021-09-14 14:37:42.931 UTC: 	 Registering user credentials for server /DC=ch/DC=cern/OU=computers/CN=crab-(preprod|prod|dev)-tw(02|01).cern.ch|/DC=ch/DC=cern/OU=computers/CN=(ddi|ddidk|mytw).cern.ch|/DC=ch/DC=cern/OU=computers/CN=stefanov(m|m2).cern.ch
DEBUG 2021-09-14 14:37:43.647 UTC: 	 Executing : 
 command : voms-proxy-info -file /tmp/x509up_u110046 -identity
 output : /DC=ch/DC=cern/OU=Organic Units/OU=Users/CN=yian/CN=826694/CN=Ying An

 error: 
 retcode : 0
DEBUG 2021-09-14 14:37:43.656 UTC: 	 Getting myproxy life time left for myproxy.cern.ch
DEBUG 2021-09-14 14:37:43.656 UTC: 	 using b52ac606a6f7097e9b4b8f05a3a67cc69f8f291b as credential login name
DEBUG 2021-09-14 14:37:43.961 UTC: 	 Executing : 
 command : myproxy-info -l b52ac606a6f7097e9b4b8f05a3a67cc69f8f291b -s myproxy.cern.ch
 output : username: b52ac606a6f7097e9b4b8f05a3a67cc69f8f291b
owner: /DC=ch/DC=cern/OU=Organic Units/OU=Users/CN=yian/CN=826694/CN=Ying An
  renewal policy: /DC=ch/DC=cern/OU=computers/CN=crab-(preprod|prod|dev)-tw(02|01).cern.ch|/DC=ch/DC=cern/OU=computers/CN=(ddi|ddidk|mytw).cern.ch|/DC=ch/DC=cern/OU=computers/CN=stefanov(m|m2).cern.ch
  trusted retrieval policy: /DC=ch/DC=cern/OU=computers/CN=crab-(preprod|prod|dev)-tw(02|01).cern.ch|/DC=ch/DC=cern/OU=computers/CN=(ddi|ddidk|mytw).cern.ch|/DC=ch/DC=cern/OU=computers/CN=stefanov(m|m2).cern.ch
  timeleft: 668:23:58  (27.8 days)

 error: 
 retcode : 0
DEBUG 2021-09-14 14:37:43.963 UTC: 	 Myproxy is valid: 2406238
DEBUG 2021-09-14 14:37:43.963 UTC: 	 Retrieving username ...
DEBUG 2021-09-14 14:37:43.963 UTC: 	 Retrieving username from CRIC...
DEBUG 2021-09-14 14:37:44.670 UTC: 	 username is yian
DEBUG 2021-09-14 14:37:44.679 UTC: 	 Getting myproxy life time left for myproxy.cern.ch
DEBUG 2021-09-14 14:37:44.679 UTC: 	 using yian_CRAB as credential login name
DEBUG 2021-09-14 14:37:44.984 UTC: 	 Executing : 
 command : myproxy-info -l yian_CRAB -s myproxy.cern.ch
 output : username: yian_CRAB
owner: /DC=ch/DC=cern/OU=Organic Units/OU=Users/CN=yian/CN=826694/CN=Ying An
  renewal policy: /DC=ch/DC=cern/OU=computers/CN=crab-(preprod|prod|dev)-tw(02|01).cern.ch|/DC=ch/DC=cern/OU=computers/CN=(ddi|ddidk|mytw).cern.ch|/DC=ch/DC=cern/OU=computers/CN=stefanov(m|m2).cern.ch
  trusted retrieval policy: /DC=ch/DC=cern/OU=computers/CN=crab-(preprod|prod|dev)-tw(02|01).cern.ch|/DC=ch/DC=cern/OU=computers/CN=(ddi|ddidk|mytw).cern.ch|/DC=ch/DC=cern/OU=computers/CN=stefanov(m|m2).cern.ch
  timeleft: 668:24:10  (27.9 days)

 error: 
 retcode : 0
DEBUG 2021-09-14 14:37:44.985 UTC: 	 Myproxy is valid: 2406250
DEBUG 2021-09-14 14:37:44.985 UTC: 	 Result of myproxy credential check:
  Credential exists on myproxy: username: b52ac606a6f7097e9b4b8f05a3a67cc69f8f291b  - validity: 27 days, 20:23:58
  Credential exists on myproxy: username: yian_CRAB  - validity: 27 days, 20:24:10
DEBUG 2021-09-14 14:37:44.987 UTC: 	 Command use: status
DEBUG 2021-09-14 14:37:44.987 UTC: 	 Options use: ['-d', 'crab2018/crab_ST_tW_top_5f_NoFullyHadronicDecays_TuneCP5_13TeV-powheg-pythia8_2018']
DEBUG 2021-09-14 14:37:45.069 UTC: 	 CRABClient version: v3.210825
DEBUG 2021-09-14 14:37:45.070 UTC: 	 Instance is prod
DEBUG 2021-09-14 14:37:45.070 UTC: 	 Server base url is cmsweb.cern.ch
DEBUG 2021-09-14 14:37:45.070 UTC: 	 Command api workflow
DEBUG 2021-09-14 14:37:45.137 UTC: 	 Got information from server oracle database: {u'result': [u'210911_101338:yian_crab_ST_tW_top_5f_NoFullyHadronicDecays_TuneCP5_13TeV-powheg-pythia8_2018', u'None', u'None', u'SUBMITTED', u'None', u'2021-09-11 10:13:38.999931', u'None', u'2021-09-11 10:15:00.631250', u'None', u'CMSSW_10_6_20', u'slc7_amd64_gcc820', u'/ST_tW_top_5f_NoFullyHadronicDecays_TuneCP5_13TeV-powheg-pythia8/RunIISummer20UL18NanoAODv9-106X_upgrade2018_realistic_v16_L1v1-v1/NANOAODSIM', u'T', u'0', u"[u'T2_US_UCSD', u'T2_US_Wisconsin', u'T2_US_MIT', u'T2_US_Caltech', u'T2_US_Purdue', u'T2_US_Nebraska']", u'[]', u'FileBased', u"{'splitOnRun': False, 'halt_job_on_file_boundaries': False, 'files_per_job': 1, 'runs': [], 'lumis': []}", u'ce4024b067767c0af918e51c87b31628855166e163a541c120405109f27fbcb5.tar.gz', u'https://cmsweb.cern.ch/S3/crabcache_prod', u'yian', u'/DC=ch/DC=cern/OU=Organic Units/OU=Users/CN=yian/CN=826694/CN=Ying An', u'cms', u'None', u'None', u'ST_tW_top_5f_NoFullyHadronicDecays_TuneCP5_13TeV-powheg-pythia8_2018-00000000000000000000000000000000', u'F', u'T3_CH_CERNBOX', u'https://cmsweb.cern.ch/dbs/prod/global/DBSReader', u'https://cmsweb.cern.ch/dbs/prod/phys03/DBSWriter', u'F', u'[]', u'[]', u"[b'tree.root']", u'Analysis', u'pythia', u'None', u"{'maxjobruntime': 1250, 'priority': 10, 'site_blacklist': [], 'resubmit_jobids': [b'11'], 'numcores': 1, 'site_whitelist': [u'T2_US_UCSD', u'T2_US_Wisconsin', u'T2_US_MIT', u'T2_US_Caltech', u'T2_US_Purdue', u'T2_US_Nebraska'], 'maxmemory': 2000, 'resubmit_publication': 0}", u'[]', u'F', u'crab-prod-tw01', u'[]', u'1250', u'1', u'2000', u'10', u"['/ST_tW_top_5f_NoFullyHadronicDecays_TuneCP5_13TeV-powheg-pythia8/yian-ST_tW_top_5f_NoFullyHadronicDecays_TuneCP5_13TeV-powheg-pythia8_2018-1ea93bf7cfbb24e247bd0f4bd1955225/USER']", u'[]', u'http://vocms0107.cern.ch/mon/cms1407/210911_101338:yian_crab_ST_tW_top_5f_NoFullyHadronicDecays_TuneCP5_13TeV-powheg-pythia8_2018', u'WWG_crab_script.sh', u"[b'isdata=MC', b'year=2018', b'era=A']", u'[]', u'https://cmsweb.cern.ch/crabserver/prod', u'cmsgwms-collector-global.cern.ch:9620,cmsgwms-collector-global.fnal.gov:9620', u'crab3@vocms0107.cern.ch', u'F', u'[]', u'T', u'/store/user/yian/', u'T', u'None', u'F', u'None', u'ST_tW_top_5f_NoFullyHadronicDecays_TuneCP5_13TeV-powheg-pythia8', u'None', u'd73fead4d829e29da92f66bf87e22c709cf54d61cd1a510f9ab462a5402dc210.tar.gz', u'72032974', u'filetransfers', u'F', u'188.184.98.213', u'0.0', u'None'], u'desc': {u'columns': [u'tm_taskname', u'tm_activity', u'panda_jobset_id', u'tm_task_status', u'tm_task_command', u'tm_start_time', u'tm_start_injection', u'tm_end_injection', u'tm_task_failure', u'tm_job_sw', u'tm_job_arch', u'tm_input_dataset', u'tm_nonvalid_input_dataset', u'tm_use_parent', u'tm_site_whitelist', u'tm_site_blacklist', u'tm_split_algo', u'tm_split_args', u'tm_user_sandbox', u'tm_cache_url', u'tm_username', u'tm_user_dn', u'tm_user_vo', u'tm_user_role', u'tm_user_group', u'tm_publish_name', u'tm_publish_groupname', u'tm_asyncdest', u'tm_dbs_url', u'tm_publish_dbs_url', u'tm_publication', u'tm_outfiles', u'tm_tfile_outfiles', u'tm_edm_outfiles', u'tm_job_type', u'tm_generator', u'tm_events_per_lumi', u'tm_arguments', u'panda_resubmitted_jobs', u'tm_save_logs', u'tw_name', u'tm_user_infiles', u'tm_maxjobruntime', u'tm_numcores', u'tm_maxmemory', u'tm_priority', u'tm_output_dataset', u'tm_task_warnings', u'tm_user_webdir', u'tm_scriptexe', u'tm_scriptargs', u'tm_extrajdl', u'tm_asourl', u'tm_collector', u'tm_schedd', u'tm_dry_run', u'tm_user_files', u'tm_transfer_outputs', u'tm_output_lfn', u'tm_ignore_locality', u'tm_fail_limit', u'tm_one_event_mode', u'tm_secondary_input_dataset', u'tm_primary_dataset', u'tm_last_publication', u'tm_debug_files', u'clusterid', u'tm_asodb', u'tm_ignore_global_blacklist', u'tm_submitter_ip_addr', u'tm_totalunits', u'tm_ddm_reqid']}}
INFO 2021-09-14 14:37:45.138 UTC: 	 CRAB project directory:		/afs/cern.ch/work/y/yian/work/GZ/CMSSW_10_6_20/src/PhysicsTools/NanoAODTools/WWG/2018/crab/crab2018/crab_ST_tW_top_5f_NoFullyHadronicDecays_TuneCP5_13TeV-powheg-pythia8_2018
INFO 2021-09-14 14:37:45.138 UTC: 	 Task name:			210911_101338:yian_crab_ST_tW_top_5f_NoFullyHadronicDecays_TuneCP5_13TeV-powheg-pythia8_2018
INFO 2021-09-14 14:37:45.138 UTC: 	 Grid scheduler - Task Worker:	crab3@vocms0107.cern.ch - crab-prod-tw01
INFO 2021-09-14 14:37:45.138 UTC: 	 Status on the CRAB server:	SUBMITTED
INFO 2021-09-14 14:37:45.139 UTC: 	 Task URL to use for HELP:	https://cmsweb.cern.ch/crabserver/ui/task/210911_101338%3Ayian_crab_ST_tW_top_5f_NoFullyHadronicDecays_TuneCP5_13TeV-powheg-pythia8_2018
INFO 2021-09-14 14:37:45.154 UTC: 	 Dashboard monitoring URL:	https://monit-grafana.cern.ch/d/cmsTMDetail/cms-task-monitoring-task-view?orgId=11&var-user=yian&var-task=210911_101338%3Ayian_crab_ST_tW_top_5f_NoFullyHadronicDecays_TuneCP5_13TeV-powheg-pythia8_2018&from=1631351618000&to=now
DEBUG 2021-09-14 14:37:45.155 UTC: 	 The CRAB server submitted your task to the Grid scheduler (cluster ID: 72032974)
DEBUG 2021-09-14 14:37:45.155 UTC: 	 Webdir is located at http://vocms0107.cern.ch/mon/cms1407/210911_101338:yian_crab_ST_tW_top_5f_NoFullyHadronicDecays_TuneCP5_13TeV-powheg-pythia8_2018
DEBUG 2021-09-14 14:37:45.520 UTC: 	 Proxied webdir is located at https://cmsweb.cern.ch:8443/scheddmon/0107/cms1407/210911_101338:yian_crab_ST_tW_top_5f_NoFullyHadronicDecays_TuneCP5_13TeV-powheg-pythia8_2018
DEBUG 2021-09-14 14:37:45.520 UTC: 	 Retrieving 'status_cache' file from https://cmsweb.cern.ch:8443/scheddmon/0107/cms1407/210911_101338:yian_crab_ST_tW_top_5f_NoFullyHadronicDecays_TuneCP5_13TeV-powheg-pythia8_2018/status_cache
DEBUG 2021-09-14 14:37:45.562 UTC: 	 Got information from status cache file: {'11': {'Retries': 1, 'WallDurations': [9.0, 171.81634998321533, 75020.0, 8.0, 42.65235209465027, 66097.0], 'StartTimes': [1631355502.0, 1631446676.0], 'SubmitTimes': [1631355314.0, 1631446350.0], 'JobIds': ['72032986.0', '72076051.0'], 'TotalUserCpuTimeHistory': [22892.0, 15501], 'EndTimes': [1631512773.0], 'Restarts': 0, 'RecordedSite': True, 'State': 'finished', 'ResidentSetSize': [975008, 1070120], 'Error': [50664, 'Not retrying job due to wall clock limit (job automatically killed on the worker node)', {}], 'SiteHistory': ['Unknown', 'T2_US_Nebraska', 'T2_US_Nebraska', 'Unknown', 'T2_US_Wisconsin', 'T2_US_Wisconsin'], 'TotalSysCpuTimeHistory': [1198.0, 797]}, '10': {'Retries': 0, 'WallDurations': [8.0, 180.81634998321533, 46795.0], 'StartTimes': [1631355493.0], 'SubmitTimes': [1631355314.0], 'JobIds': ['72032987.0'], 'EndTimes': [1631402288.0], 'Restarts': 0, 'RecordedSite': True, 'State': 'finished', 'ResidentSetSize': [944968], 'TotalUserCpuTimeHistory': [8637], 'SiteHistory': ['Unknown', 'T2_US_MIT', 'T2_US_MIT'], 'TotalSysCpuTimeHistory': [625]}, '13': {'Retries': 0, 'WallDurations': [9.0, 167.81634998321533, 47890.0], 'StartTimes': [1631355506.0], 'SubmitTimes': [1631355315.0], 'JobIds': ['72032990.0'], 'EndTimes': [1631403396.0], 'Restarts': 0, 'RecordedSite': True, 'State': 'finished', 'ResidentSetSize': [865616], 'TotalUserCpuTimeHistory': [8634], 'SiteHistory': ['Unknown', 'T2_US_MIT', 'T2_US_MIT'], 'TotalSysCpuTimeHistory': [392]}, '12': {'Retries': 0, 'WallDurations': [9.0, 179.81634998321533, 42419.0], 'StartTimes': [1631355494.0], 'SubmitTimes': [1631355314.0], 'JobIds': ['72032988.0'], 'EndTimes': [1631397913.0], 'Restarts': 0, 'RecordedSite': True, 'State': 'finished', 'ResidentSetSize': [973352], 'TotalUserCpuTimeHistory': [10728], 'SiteHistory': ['Unknown', 'T2_US_Nebraska', 'T2_US_Nebraska'], 'TotalSysCpuTimeHistory': [753]}, '15': {'Retries': 0, 'WallDurations': [10.0, 181.81634998321533, 4086.0], 'StartTimes': [1631355492.0], 'SubmitTimes': [1631355315.0], 'JobIds': ['72032991.0'], 'EndTimes': [1631359578.0], 'Restarts': 0, 'RecordedSite': True, 'State': 'finished', 'ResidentSetSize': [806712], 'TotalUserCpuTimeHistory': [456], 'SiteHistory': ['Unknown', 'T2_US_Purdue', 'T2_US_Purdue'], 'TotalSysCpuTimeHistory': [40]}, '14': {'Retries': 1, 'WallDurations': [8.0, 160.81634998321533, 35901.0, 8.0, 24.467097997665405, 35487.0], 'StartTimes': [1631355513.0, 1631393636.0], 'SubmitTimes': [1631355314.0, 1631393291.0], 'JobIds': ['72032989.0', '72054510.0'], 'EndTimes': [1631391414.0, 1631429123.0], 'Restarts': 0, 'RecordedSite': True, 'State': 'finished', 'ResidentSetSize': [834620, 784308], 'TotalUserCpuTimeHistory': [5556, 5164.0], 'SiteHistory': ['Unknown', 'T2_US_MIT', 'T2_US_MIT', 'Unknown', 'T2_US_MIT', 'T2_US_MIT'], 'TotalSysCpuTimeHistory': [244, 633.0]}, '1': {'Retries': 0, 'WallDurations': [9.0, 183.81634998321533, 6288.0], 'StartTimes': [1631355490.0], 'SubmitTimes': [1631355311.0], 'JobIds': ['72032979.0'], 'EndTimes': [1631361778.0], 'Restarts': 0, 'RecordedSite': True, 'State': 'finished', 'ResidentSetSize': [769880], 'TotalUserCpuTimeHistory': [1140], 'SiteHistory': ['Unknown', 'T2_US_MIT', 'T2_US_MIT'], 'TotalSysCpuTimeHistory': [40]}, '3': {'Retries': 0, 'WallDurations': [10.0, 176.81634998321533, 18974.0], 'StartTimes': [1631355497.0], 'SubmitTimes': [1631355311.0], 'JobIds': ['72032977.0'], 'EndTimes': [1631374471.0], 'Restarts': 0, 'RecordedSite': True, 'State': 'finished', 'ResidentSetSize': [961048], 'TotalUserCpuTimeHistory': [3130], 'SiteHistory': ['Unknown', 'T2_US_Nebraska', 'T2_US_Nebraska'], 'TotalSysCpuTimeHistory': [234]}, '2': {'Retries': 0, 'WallDurations': [9.0, 176.81634998321533, 8752.0], 'StartTimes': [1631355497.0], 'SubmitTimes': [1631355311.0], 'JobIds': ['72032980.0'], 'EndTimes': [1631364249.0], 'Restarts': 0, 'RecordedSite': True, 'State': 'finished', 'ResidentSetSize': [913216], 'TotalUserCpuTimeHistory': [1502], 'SiteHistory': ['Unknown', 'T2_US_Nebraska', 'T2_US_Nebraska'], 'TotalSysCpuTimeHistory': [98]}, '5': {'Retries': 0, 'WallDurations': [10.0, 177.81634998321533, 2522.0], 'StartTimes': [1631355496.0], 'SubmitTimes': [1631355313.0], 'JobIds': ['72032984.0'], 'EndTimes': [1631358018.0], 'Restarts': 0, 'RecordedSite': True, 'State': 'finished', 'ResidentSetSize': [810016], 'TotalUserCpuTimeHistory': [605], 'SiteHistory': ['Unknown', 'T2_US_Nebraska', 'T2_US_Nebraska'], 'TotalSysCpuTimeHistory': [39]}, '4': {'Retries': 0, 'WallDurations': [9.0, 183.81634998321533, 8075.0], 'StartTimes': [1631355490.0], 'SubmitTimes': [1631355311.0], 'JobIds': ['72032978.0'], 'EndTimes': [1631363565.0], 'Restarts': 0, 'RecordedSite': True, 'State': 'finished', 'ResidentSetSize': [770544], 'TotalUserCpuTimeHistory': [1359], 'SiteHistory': ['Unknown', 'T2_US_Purdue', 'T2_US_Purdue'], 'TotalSysCpuTimeHistory': [111]}, '7': {'Retries': 0, 'WallDurations': [8.0, 183.81634998321533, 55657.0], 'StartTimes': [1631355490.0], 'SubmitTimes': [1631355313.0], 'JobIds': ['72032981.0'], 'EndTimes': [1631411147.0], 'Restarts': 0, 'RecordedSite': True, 'State': 'finished', 'ResidentSetSize': [898860], 'TotalUserCpuTimeHistory': [8943], 'SiteHistory': ['Unknown', 'T2_US_MIT', 'T2_US_MIT'], 'TotalSysCpuTimeHistory': [675]}, '6': {'Retries': 0, 'WallDurations': [8.0, 177.81634998321533, 54890.0], 'StartTimes': [1631355496.0], 'SubmitTimes': [1631355313.0], 'JobIds': ['72032983.0'], 'EndTimes': [1631410386.0], 'Restarts': 0, 'RecordedSite': True, 'State': 'finished', 'ResidentSetSize': [1033628], 'TotalUserCpuTimeHistory': [14922], 'SiteHistory': ['Unknown', 'T2_US_Wisconsin', 'T2_US_Wisconsin'], 'TotalSysCpuTimeHistory': [906]}, '9': {'Retries': 0, 'WallDurations': [9.0, 161.81634998321533, 9993.0, 0, 18042.0], 'StartTimes': [1631355512.0, 1631365748.0], 'SubmitTimes': [1631355314.0, -1], 'JobIds': ['72032985.0', '72032985.0'], 'EndTimes': [1631365505.0, 1631383790.0], 'Restarts': 1, 'RecordedSite': True, 'State': 'finished', 'ResidentSetSize': [825412, 0], 'TotalUserCpuTimeHistory': [1436.0, 4865], 'SiteHistory': ['Unknown', 'T2_US_MIT', 'T2_US_MIT', 'Unknown', 'T2_US_MIT'], 'TotalSysCpuTimeHistory': [98.0, 284]}, '8': {'Retries': 0, 'WallDurations': [9.0, 163.81634998321533, 52475.0], 'StartTimes': [1631355510.0], 'SubmitTimes': [1631355313.0], 'JobIds': ['72032982.0'], 'EndTimes': [1631407985.0], 'Restarts': 0, 'RecordedSite': True, 'State': 'finished', 'ResidentSetSize': [1016104], 'TotalUserCpuTimeHistory': [9642], 'SiteHistory': ['Unknown', 'T2_US_MIT', 'T2_US_MIT'], 'TotalSysCpuTimeHistory': [964]}}
INFO 2021-09-14 14:37:45.563 UTC: 	 Status on the scheduler:	COMPLETED
INFO 2021-09-14 14:37:45.563 UTC: 	 
Jobs status:                    finished     		100.0% (15/15)
INFO 2021-09-14 14:37:45.563 UTC: 	 
No publication information (publication has been disabled in the CRAB configuration file)
INFO 2021-09-14 14:37:45.564 UTC: 	 
Warning: the average jobs CPU efficiency is less than 50%, please consider to improve the jobs splitting (e.g. config.Data.splitting = 'Automatic') in a new task
INFO 2021-09-14 14:37:45.564 UTC: 	 
Summary of run jobs:
 * Memory: 751MB min, 1045MB max, 822MB ave
 * Runtime: 0:42:02 min, 18:21:37 max, 8:40:29 ave
 * CPU eff: 12% min, 29% max, 22% ave
 * Waste: 34:22:40 (21% of total)

INFO 2021-09-14 14:37:45.609 UTC: 	 Log file is /afs/cern.ch/work/y/yian/work/GZ/CMSSW_10_6_20/src/PhysicsTools/NanoAODTools/WWG/2018/crab/crab2018/crab_ST_tW_top_5f_NoFullyHadronicDecays_TuneCP5_13TeV-powheg-pythia8_2018/crab.log
