DEBUG 2021-05-17 15:21:20.161 UTC: 	 CRAB Client version: v3.210323
DEBUG 2021-05-17 15:21:20.162 UTC: 	 Running on: Linux lxplus7105.cern.ch 3.10.0-1160.24.1.el7.x86_64 #1 SMP Thu Apr 8 19:51:47 UTC 2021 x86_64 x86_64 x86_64 GNU/Linux - CentOS Linux 7 (Core)
DEBUG 2021-05-17 15:21:20.162 UTC: 	 Executing command: 'submit'
DEBUG 2021-05-17 15:21:20.164 UTC: 	 Found CRAB cache file /afs/cern.ch/user/y/yian/.crab3
INFO 2021-05-17 15:21:20.165 UTC: 	 Will use CRAB configuration file crabcode_2018/WJetsToLNu_0J_TuneCP5_13TeV-amcatnloFXFX-pythia8_2018_cfg.py
DEBUG 2021-05-17 15:21:20.166 UTC: 	 Loading CRAB configuration file.
DEBUG 2021-05-17 15:21:20.189 UTC: 	 Will use CRAB Analysis plugin (i.e. will run an analysis job type).
DEBUG 2021-05-17 15:21:20.213 UTC: 	 Checking credentials
DEBUG 2021-05-17 15:21:20.214 UTC: 	 Found proxy file /tmp/x509up_u110046
DEBUG 2021-05-17 15:21:20.214 UTC: 	 Getting proxy life time left
DEBUG 2021-05-17 15:21:21.126 UTC: 	 Executing : 
 command : voms-proxy-info -file /tmp/x509up_u110046 -timeleft
 output : 603589

 error: 
 retcode : 0
DEBUG 2021-05-17 15:21:21.938 UTC: 	 Executing : 
 command : voms-proxy-info -file /tmp/x509up_u110046 -actimeleft
 output : 603588

 error: 
 retcode : 0
DEBUG 2021-05-17 15:21:21.939 UTC: 	 Proxy lifetime 603589 secs is different from voms extension lifetime 603588 secs for proxy: /tmp/x509up_u110046
DEBUG 2021-05-17 15:21:21.939 UTC: 	 Proxy valid for 167:39:48 hours
DEBUG 2021-05-17 15:21:22.752 UTC: 	 Executing : 
 command : env X509_USER_PROXY=/tmp/x509up_u110046 voms-proxy-info -fqan
 output : /cms/Role=NULL/Capability=NULL

 error: 
 retcode : 0
DEBUG 2021-05-17 15:21:22.875 UTC: 	 Registering user credentials for server /DC=ch/DC=cern/OU=computers/CN=vocms0105.cern.ch|/DC=ch/DC=cern/OU=computers/CN=crab-(preprod|prod|dev)-tw(02|01).cern.ch|/DC=ch/DC=cern/OU=computers/CN=(ddi|ddidk|mytw).cern.ch|/DC=ch/DC=cern/OU=computers/CN=stefanov(m|m2).cern.ch
DEBUG 2021-05-17 15:21:23.694 UTC: 	 Executing : 
 command : voms-proxy-info -file /tmp/x509up_u110046 -identity
 output : /DC=ch/DC=cern/OU=Organic Units/OU=Users/CN=yian/CN=826694/CN=Ying An

 error: 
 retcode : 0
DEBUG 2021-05-17 15:21:23.704 UTC: 	 Getting myproxy life time left for myproxy.cern.ch
DEBUG 2021-05-17 15:21:23.704 UTC: 	 using b52ac606a6f7097e9b4b8f05a3a67cc69f8f291b as credential login name
DEBUG 2021-05-17 15:21:24.111 UTC: 	 Executing : 
 command : myproxy-info -l b52ac606a6f7097e9b4b8f05a3a67cc69f8f291b -s myproxy.cern.ch
 output : username: b52ac606a6f7097e9b4b8f05a3a67cc69f8f291b
owner: /DC=ch/DC=cern/OU=Organic Units/OU=Users/CN=yian/CN=826694/CN=Ying An
  renewal policy: /DC=ch/DC=cern/OU=computers/CN=vocms0105.cern.ch|/DC=ch/DC=cern/OU=computers/CN=crab-(preprod|prod|dev)-tw(02|01).cern.ch|/DC=ch/DC=cern/OU=computers/CN=(ddi|ddidk|mytw).cern.ch|/DC=ch/DC=cern/OU=computers/CN=stefanov(m|m2).cern.ch
  trusted retrieval policy: /DC=ch/DC=cern/OU=computers/CN=vocms0105.cern.ch|/DC=ch/DC=cern/OU=computers/CN=crab-(preprod|prod|dev)-tw(02|01).cern.ch|/DC=ch/DC=cern/OU=computers/CN=(ddi|ddidk|mytw).cern.ch|/DC=ch/DC=cern/OU=computers/CN=stefanov(m|m2).cern.ch
  timeleft: 719:41:26  (30.0 days)

 error: 
 retcode : 0
DEBUG 2021-05-17 15:21:24.113 UTC: 	 Myproxy is valid: 2590886
DEBUG 2021-05-17 15:21:24.114 UTC: 	 Retrieving username ...
DEBUG 2021-05-17 15:21:24.115 UTC: 	 Retrieving username from CRIC...
DEBUG 2021-05-17 15:21:24.919 UTC: 	 username is yian
DEBUG 2021-05-17 15:21:24.927 UTC: 	 Getting myproxy life time left for myproxy.cern.ch
DEBUG 2021-05-17 15:21:24.927 UTC: 	 using yian_CRAB as credential login name
DEBUG 2021-05-17 15:21:25.332 UTC: 	 Executing : 
 command : myproxy-info -l yian_CRAB -s myproxy.cern.ch
 output : username: yian_CRAB
owner: /DC=ch/DC=cern/OU=Organic Units/OU=Users/CN=yian/CN=826694/CN=Ying An
  renewal policy: /DC=ch/DC=cern/OU=computers/CN=vocms0105.cern.ch|/DC=ch/DC=cern/OU=computers/CN=crab-(preprod|prod|dev)-tw(02|01).cern.ch|/DC=ch/DC=cern/OU=computers/CN=(ddi|ddidk|mytw).cern.ch|/DC=ch/DC=cern/OU=computers/CN=stefanov(m|m2).cern.ch
  trusted retrieval policy: /DC=ch/DC=cern/OU=computers/CN=vocms0105.cern.ch|/DC=ch/DC=cern/OU=computers/CN=crab-(preprod|prod|dev)-tw(02|01).cern.ch|/DC=ch/DC=cern/OU=computers/CN=(ddi|ddidk|mytw).cern.ch|/DC=ch/DC=cern/OU=computers/CN=stefanov(m|m2).cern.ch
  timeleft: 719:42:40  (30.0 days)

 error: 
 retcode : 0
DEBUG 2021-05-17 15:21:25.333 UTC: 	 Myproxy is valid: 2590960
DEBUG 2021-05-17 15:21:25.333 UTC: 	 Result of myproxy credential check:
  Credential exists on myproxy: username: b52ac606a6f7097e9b4b8f05a3a67cc69f8f291b  - validity: 29 days, 23:41:26
  Credential exists on myproxy: username: yian_CRAB  - validity: 29 days, 23:42:40
DEBUG 2021-05-17 15:21:25.333 UTC: 	 Command use: submit
DEBUG 2021-05-17 15:21:25.333 UTC: 	 Options use: ['-c', 'crabcode_2018/WJetsToLNu_0J_TuneCP5_13TeV-amcatnloFXFX-pythia8_2018_cfg.py']
DEBUG 2021-05-17 15:21:25.448 UTC: 	 CRABClient version: v3.210323
DEBUG 2021-05-17 15:21:25.448 UTC: 	 Instance is prod
DEBUG 2021-05-17 15:21:25.448 UTC: 	 Server base url is cmsweb.cern.ch
DEBUG 2021-05-17 15:21:25.448 UTC: 	 Command url /crabserver/prod/workflow
DEBUG 2021-05-17 15:21:25.448 UTC: 	 Started submission
DEBUG 2021-05-17 15:21:25.449 UTC: 	 Working on /afs/cern.ch/work/y/yian/work/GZ/CMSSW_10_6_20/src/PhysicsTools/NanoAODTools/WWG/2018/crab/crab2018/crab_WJetsToLNu_0J_TuneCP5_13TeV-amcatnloFXFX-pythia8_2018
DEBUG 2021-05-17 15:21:25.556 UTC: 	 Loading required information from the environment
DEBUG 2021-05-17 15:21:25.556 UTC: 	 Found CMSSW_10_6_20 for slc7_amd64_gcc820 with base /afs/cern.ch/work/y/yian/work/GZ/CMSSW_10_6_20
DEBUG 2021-05-17 15:21:25.556 UTC: 	 Loading required information from the environment
DEBUG 2021-05-17 15:21:25.556 UTC: 	 Found CMSSW_10_6_20 for slc7_amd64_gcc820 with base /afs/cern.ch/work/y/yian/work/GZ/CMSSW_10_6_20
DEBUG 2021-05-17 15:21:25.556 UTC: 	 UNIQUE NAME: tarUUID 802288aa-9661-431c-8c48-3c90cc3f8794 
DEBUG 2021-05-17 15:21:25.557 UTC: 	 self.config: from WMCore.Configuration import Configuration
config = Configuration()
config.section_('General')
config.General.workArea = 'crab2018'
config.General.transferLogs = False
config.General.requestName = 'WJetsToLNu_0J_TuneCP5_13TeV-amcatnloFXFX-pythia8_2018'
config.section_('JobType')
config.JobType.scriptArgs = ['isdata=MC', 'year=2018']
config.JobType.scriptExe = './WWG_crab_script.sh'
config.JobType.pluginName = 'Analysis'
config.JobType.sendPythonFolder = True
config.JobType.allowUndistributedCMSSW = True
config.JobType.psetName = 'PSet.py'
config.JobType.inputFiles = ['../../../scripts/haddnano.py', '../WWG_selector/WWG_postproc.py', '../WWG_selector/WWG_Module.py', '../WWG_selector/WWG_keep_and_drop.txt', '../WWG_selector/WWG_output_branch.txt', '../WWG_selector/DAS_filesearch.py']
config.section_('Data')
config.Data.inputDataset = '/WJetsToLNu_0J_TuneCP5_13TeV-amcatnloFXFX-pythia8/RunIISummer20UL18NanoAODv2-106X_upgrade2018_realistic_v15_L1v1-v1/NANOAODSIM'
config.Data.allowNonValidInputDataset = True
config.Data.publication = False
config.Data.unitsPerJob = 1
config.Data.ignoreLocality = True
config.Data.inputDBS = 'global'
config.Data.splitting = 'FileBased'
config.Data.outputDatasetTag = 'WJetsToLNu_0J_TuneCP5_13TeV-amcatnloFXFX-pythia8_2018'
config.section_('Site')
config.Site.whitelist = ['T2_US_MIT', 'T2_US_Wisconsin', 'T2_US_Purdue', 'T2_US_UCSD', 'T2_US_Caltech', 'T2_US_Nebraska']
config.Site.storageSite = 'T3_CH_CERNBOX'

DEBUG 2021-05-17 15:21:25.557 UTC: 	 self.config.JobType.psetName: PSet.py
INFO 2021-05-17 15:21:25.557 UTC: 	 Importing CMSSW configuration PSet.py
INFO 2021-05-17 15:21:26.216 UTC: 	 Finished importing CMSSW configuration PSet.py
DEBUG 2021-05-17 15:21:26.216 UTC: 	 Writing CMSSW configuration to /afs/cern.ch/work/y/yian/work/GZ/CMSSW_10_6_20/src/PhysicsTools/NanoAODTools/WWG/2018/crab/crab2018/crab_WJetsToLNu_0J_TuneCP5_13TeV-amcatnloFXFX-pythia8_2018/inputs/PSet.py
DEBUG 2021-05-17 15:21:26.231 UTC: 	 The following EDM output files will be collected: ['tree.root']
DEBUG 2021-05-17 15:21:26.231 UTC: 	 The following TFile output files will be collected: []
DEBUG 2021-05-17 15:21:26.231 UTC: 	 The following user output files (not listed as PoolOuputModule or TFileService in the CMSSW PSet) will be collected: 
DEBUG 2021-05-17 15:21:26.231 UTC: 	 Loading required information from the environment
DEBUG 2021-05-17 15:21:26.231 UTC: 	 Found CMSSW_10_6_20 for slc7_amd64_gcc820 with base /afs/cern.ch/work/y/yian/work/GZ/CMSSW_10_6_20
DEBUG 2021-05-17 15:21:26.231 UTC: 	 Making tarball in /afs/cern.ch/work/y/yian/work/GZ/CMSSW_10_6_20/src/PhysicsTools/NanoAODTools/WWG/2018/crab/crab2018/crab_WJetsToLNu_0J_TuneCP5_13TeV-amcatnloFXFX-pythia8_2018/inputs/802288aa-9661-431c-8c48-3c90cc3f8794default.tgz
DEBUG 2021-05-17 15:21:26.290 UTC: 	 Checking directory /afs/cern.ch/work/y/yian/work/GZ/CMSSW_10_6_20/lib
DEBUG 2021-05-17 15:21:26.290 UTC: 	 Adding directory /afs/cern.ch/work/y/yian/work/GZ/CMSSW_10_6_20/lib to tarball
DEBUG 2021-05-17 15:21:26.429 UTC: 	 Checking directory /afs/cern.ch/work/y/yian/work/GZ/CMSSW_10_6_20/biglib
DEBUG 2021-05-17 15:21:26.429 UTC: 	 Adding directory /afs/cern.ch/work/y/yian/work/GZ/CMSSW_10_6_20/biglib to tarball
DEBUG 2021-05-17 15:21:26.431 UTC: 	 Checking directory /afs/cern.ch/work/y/yian/work/GZ/CMSSW_10_6_20/module
DEBUG 2021-05-17 15:21:26.432 UTC: 	 Checking directory /afs/cern.ch/work/y/yian/work/GZ/CMSSW_10_6_20/python
DEBUG 2021-05-17 15:21:26.432 UTC: 	 Adding directory /afs/cern.ch/work/y/yian/work/GZ/CMSSW_10_6_20/python to tarball
DEBUG 2021-05-17 15:21:29.120 UTC: 	 Checking directory /afs/cern.ch/work/y/yian/work/GZ/CMSSW_10_6_20/cfipython
DEBUG 2021-05-17 15:21:29.120 UTC: 	 Adding directory /afs/cern.ch/work/y/yian/work/GZ/CMSSW_10_6_20/cfipython to tarball
DEBUG 2021-05-17 15:21:29.755 UTC: 	 Adding data directory /afs/cern.ch/work/y/yian/work/GZ/CMSSW_10_6_20/src/PhysicsTools/NanoAODTools/data to tarball
DEBUG 2021-05-17 15:21:59.578 UTC: 	 Adding data directory /afs/cern.ch/work/y/yian/work/GZ/CMSSW_10_6_20/src/PhysicsTools/NanoAODTools/interface to tarball
DEBUG 2021-05-17 15:21:59.586 UTC: 	 Adding data directory /afs/cern.ch/work/y/yian/work/GZ/CMSSW_10_6_20/src/PhysicsTools/NanoAODTools/python/postprocessing/data to tarball
DEBUG 2021-05-17 15:22:02.246 UTC: 	 Adding file ../../../scripts/haddnano.py to tarball
DEBUG 2021-05-17 15:22:02.246 UTC: 	 Adding file ../WWG_selector/WWG_postproc.py to tarball
DEBUG 2021-05-17 15:22:02.247 UTC: 	 Adding file ../WWG_selector/WWG_Module.py to tarball
DEBUG 2021-05-17 15:22:02.248 UTC: 	 Adding file ../WWG_selector/WWG_keep_and_drop.txt to tarball
DEBUG 2021-05-17 15:22:02.248 UTC: 	 Adding file ../WWG_selector/WWG_output_branch.txt to tarball
DEBUG 2021-05-17 15:22:02.249 UTC: 	 Adding file ../WWG_selector/DAS_filesearch.py to tarball
DEBUG 2021-05-17 15:22:05.336 UTC: 	 Uploading archive /afs/cern.ch/work/y/yian/work/GZ/CMSSW_10_6_20/src/PhysicsTools/NanoAODTools/WWG/2018/crab/crab2018/crab_WJetsToLNu_0J_TuneCP5_13TeV-amcatnloFXFX-pythia8_2018/inputs/802288aa-9661-431c-8c48-3c90cc3f8794default.tgz (94 MB) to the CRAB cache. Using URI https://cmsweb.cern.ch:8443/crabcache
DEBUG 2021-05-17 15:23:25.365 UTC: 	 Loading required information from the environment
DEBUG 2021-05-17 15:23:25.366 UTC: 	 Found CMSSW_10_6_20 for slc7_amd64_gcc820 with base /afs/cern.ch/work/y/yian/work/GZ/CMSSW_10_6_20
DEBUG 2021-05-17 15:23:25.366 UTC: 	 Making tarball in /afs/cern.ch/work/y/yian/work/GZ/CMSSW_10_6_20/src/PhysicsTools/NanoAODTools/WWG/2018/crab/crab2018/crab_WJetsToLNu_0J_TuneCP5_13TeV-amcatnloFXFX-pythia8_2018/inputs/debugFiles.tgz
DEBUG 2021-05-17 15:23:25.381 UTC: 	 Uploading archive /afs/cern.ch/work/y/yian/work/GZ/CMSSW_10_6_20/src/PhysicsTools/NanoAODTools/WWG/2018/crab/crab2018/crab_WJetsToLNu_0J_TuneCP5_13TeV-amcatnloFXFX-pythia8_2018/inputs/debugFiles.tgz (1 KB) to the CRAB cache. Using URI https://cmsweb.cern.ch:8443/crabcache
DEBUG 2021-05-17 15:23:25.548 UTC: 	 Result uploading input files: 793b663d463229f0fc9ca99985b5d0c4fcac343ca6ed280b2c4d1e2b0acb19ea.tar.gz 
INFO 2021-05-17 15:23:25.549 UTC: 	 Sending the request to the server at cmsweb.cern.ch
DEBUG 2021-05-17 15:23:25.550 UTC: 	 Submitting {'maxjobruntime': 1250, 'extrajdl': [], 'ignorelocality': 1, 'savelogsflag': 0, 'useparent': 0, 'scriptexe': 'WWG_crab_script.sh', 'asyncdest': 'T3_CH_CERNBOX', 'algoargs': 1, 'cachefilename': '793b663d463229f0fc9ca99985b5d0c4fcac343ca6ed280b2c4d1e2b0acb19ea.tar.gz', 'numcores': 1, 'addoutputfiles': [], 'generator': 'pythia', 'maxmemory': 2000, 'publishdbsurl': 'https://cmsweb.cern.ch/dbs/prod/phys03/DBSWriter', 'priority': 10, 'jobsw': 'CMSSW_10_6_20', 'edmoutfiles': ['tree.root'], 'userfiles': [], 'primarydataset': '', 'inputdata': '/WJetsToLNu_0J_TuneCP5_13TeV-amcatnloFXFX-pythia8/RunIISummer20UL18NanoAODv2-106X_upgrade2018_realistic_v15_L1v1-v1/NANOAODSIM', 'dryrun': 0, 'workflow': 'crab_WJetsToLNu_0J_TuneCP5_13TeV-amcatnloFXFX-pythia8_2018', 'scriptargs': ['isdata=MC', 'year=2018'], 'sitewhitelist': ['T2_US_MIT', 'T2_US_Wisconsin', 'T2_US_Purdue', 'T2_US_UCSD', 'T2_US_Caltech', 'T2_US_Nebraska'], 'nonprodsw': 1, 'tfileoutfiles': [], 'oneEventMode': 0, 'debugfilename': '95424ae8834abeb24842e18d8dc96109d9db225fb89138338cd378ff88dfff45.tar.gz', 'cacheurl': u'https://cmsweb.cern.ch:8443/crabcache', 'saveoutput': 1, 'publication': 0, 'jobarch': 'slc7_amd64_gcc820', 'totalunits': 0, 'splitalgo': 'FileBased', 'ignoreglobalblacklist': 0, 'nonvaliddata': 1, 'dbsurl': 'https://cmsweb.cern.ch/dbs/prod/global/DBSReader', 'publishgroupname': 0, 'jobtype': 'Analysis', 'publishname2': 'WJetsToLNu_0J_TuneCP5_13TeV-amcatnloFXFX-pythia8_2018'} 
DEBUG 2021-05-17 15:23:25.550 UTC: 	 Encoded submit request: maxjobruntime=1250&ignorelocality=1&savelogsflag=0&useparent=0&scriptexe=WWG_crab_script.sh&asyncdest=T3_CH_CERNBOX&algoargs=1&cachefilename=793b663d463229f0fc9ca99985b5d0c4fcac343ca6ed280b2c4d1e2b0acb19ea.tar.gz&numcores=1&generator=pythia&maxmemory=2000&publishdbsurl=https%3A%2F%2Fcmsweb.cern.ch%2Fdbs%2Fprod%2Fphys03%2FDBSWriter&priority=10&jobsw=CMSSW_10_6_20&primarydataset=&inputdata=%2FWJetsToLNu_0J_TuneCP5_13TeV-amcatnloFXFX-pythia8%2FRunIISummer20UL18NanoAODv2-106X_upgrade2018_realistic_v15_L1v1-v1%2FNANOAODSIM&dryrun=0&workflow=crab_WJetsToLNu_0J_TuneCP5_13TeV-amcatnloFXFX-pythia8_2018&nonprodsw=1&oneEventMode=0&debugfilename=95424ae8834abeb24842e18d8dc96109d9db225fb89138338cd378ff88dfff45.tar.gz&cacheurl=https%3A%2F%2Fcmsweb.cern.ch%3A8443%2Fcrabcache&saveoutput=1&publication=0&jobarch=slc7_amd64_gcc820&totalunits=0&splitalgo=FileBased&ignoreglobalblacklist=0&nonvaliddata=1&dbsurl=https%3A%2F%2Fcmsweb.cern.ch%2Fdbs%2Fprod%2Fglobal%2FDBSReader&publishgroupname=0&jobtype=Analysis&publishname2=WJetsToLNu_0J_TuneCP5_13TeV-amcatnloFXFX-pythia8_2018&sitewhitelist=T2_US_MIT&sitewhitelist=T2_US_Wisconsin&sitewhitelist=T2_US_Purdue&sitewhitelist=T2_US_UCSD&sitewhitelist=T2_US_Caltech&sitewhitelist=T2_US_Nebraska&edmoutfiles=tree.root&scriptargs=isdata%3DMC&scriptargs=year%3D2018
DEBUG 2021-05-17 15:23:25.700 UTC: 	 Result: {u'result': [{u'RequestName': u'210517_152325:yian_crab_WJetsToLNu_0J_TuneCP5_13TeV-amcatnloFXFX-pythia8_2018'}]}
INFO 2021-05-17 15:23:25.709 UTC: 	 Success: Your task has been delivered to the prod CRAB3 server.
INFO 2021-05-17 15:23:25.710 UTC: 	 Task name: 210517_152325:yian_crab_WJetsToLNu_0J_TuneCP5_13TeV-amcatnloFXFX-pythia8_2018
INFO 2021-05-17 15:23:25.710 UTC: 	 Project dir: crab2018/crab_WJetsToLNu_0J_TuneCP5_13TeV-amcatnloFXFX-pythia8_2018
INFO 2021-05-17 15:23:25.710 UTC: 	 Please use ' crab status -d crab2018/crab_WJetsToLNu_0J_TuneCP5_13TeV-amcatnloFXFX-pythia8_2018 ' to check how the submission process proceeds.
DEBUG 2021-05-17 15:23:25.711 UTC: 	 About to return
INFO 2021-05-17 15:23:25.719 UTC: 	 Log file is /afs/cern.ch/work/y/yian/work/GZ/CMSSW_10_6_20/src/PhysicsTools/NanoAODTools/WWG/2018/crab/crab2018/crab_WJetsToLNu_0J_TuneCP5_13TeV-amcatnloFXFX-pythia8_2018/crab.log
