DEBUG 2021-03-18 10:50:55.520 UTC: 	 CRAB Client version: v3.201110
DEBUG 2021-03-18 10:50:55.520 UTC: 	 Running on: Linux lxplus772.cern.ch 3.10.0-1160.15.2.el7.x86_64 #1 SMP Wed Feb 3 15:06:38 UTC 2021 x86_64 x86_64 x86_64 GNU/Linux - CentOS Linux 7 (Core)
DEBUG 2021-03-18 10:50:55.520 UTC: 	 Executing command: 'submit'
DEBUG 2021-03-18 10:50:55.521 UTC: 	 Found CRAB cache file /afs/cern.ch/user/y/yian/.crab3
INFO 2021-03-18 10:50:55.522 UTC: 	 Will use CRAB configuration file crabcode_2018/WGToLNuG_01J_5f_PDFWeights_TuneCP5_13TeV-amcatnloFXFX-pythia8_2018_cfg.py
DEBUG 2021-03-18 10:50:55.522 UTC: 	 Loading CRAB configuration file.
DEBUG 2021-03-18 10:50:55.529 UTC: 	 Will use CRAB Analysis plugin (i.e. will run an analysis job type).
DEBUG 2021-03-18 10:50:55.629 UTC: 	 Checking credentials
DEBUG 2021-03-18 10:50:55.630 UTC: 	 Found proxy file /tmp/x509up_u110046
DEBUG 2021-03-18 10:50:55.630 UTC: 	 Getting proxy life time left
DEBUG 2021-03-18 10:50:56.437 UTC: 	 Executing : 
 command : voms-proxy-info -file /tmp/x509up_u110046 -timeleft
 output : 41840

 error: 
 retcode : 0
DEBUG 2021-03-18 10:50:57.143 UTC: 	 Executing : 
 command : voms-proxy-info -file /tmp/x509up_u110046 -actimeleft
 output : 41839

 error: 
 retcode : 0
DEBUG 2021-03-18 10:50:57.143 UTC: 	 Proxy lifetime 41840 secs is different from voms extension lifetime 41839 secs for proxy: /tmp/x509up_u110046
DEBUG 2021-03-18 10:50:57.144 UTC: 	 Proxy valid for 11:37:19 hours
DEBUG 2021-03-18 10:50:57.951 UTC: 	 Executing : 
 command : env X509_USER_PROXY=/tmp/x509up_u110046 voms-proxy-info -fqan
 output : /cms/Role=NULL/Capability=NULL

 error: 
 retcode : 0
DEBUG 2021-03-18 10:50:58.067 UTC: 	 Registering user credentials for server /DC=ch/DC=cern/OU=computers/CN=vocms0105.cern.ch|/DC=ch/DC=cern/OU=computers/CN=crab-(preprod|prod|dev)-tw(02|01).cern.ch|/DC=ch/DC=cern/OU=computers/CN=(ddi|ddidk|mytw).cern.ch|/DC=ch/DC=cern/OU=computers/CN=stefanov(m|m2).cern.ch
DEBUG 2021-03-18 10:50:58.882 UTC: 	 Executing : 
 command : voms-proxy-info -file /tmp/x509up_u110046 -identity
 output : /DC=ch/DC=cern/OU=Organic Units/OU=Users/CN=yian/CN=826694/CN=Ying An

 error: 
 retcode : 0
DEBUG 2021-03-18 10:50:58.893 UTC: 	 Getting myproxy life time left for myproxy.cern.ch
DEBUG 2021-03-18 10:50:58.893 UTC: 	 using b52ac606a6f7097e9b4b8f05a3a67cc69f8f291b as credential login name
DEBUG 2021-03-18 10:50:59.299 UTC: 	 Executing : 
 command : myproxy-info -l b52ac606a6f7097e9b4b8f05a3a67cc69f8f291b -s myproxy.cern.ch
 output : username: b52ac606a6f7097e9b4b8f05a3a67cc69f8f291b
owner: /DC=ch/DC=cern/OU=Organic Units/OU=Users/CN=yian/CN=826694/CN=Ying An
  renewal policy: /DC=ch/DC=cern/OU=computers/CN=vocms0105.cern.ch|/DC=ch/DC=cern/OU=computers/CN=crab-(preprod|prod|dev)-tw(02|01).cern.ch|/DC=ch/DC=cern/OU=computers/CN=(ddi|ddidk|mytw).cern.ch|/DC=ch/DC=cern/OU=computers/CN=stefanov(m|m2).cern.ch
  trusted retrieval policy: /DC=ch/DC=cern/OU=computers/CN=vocms0105.cern.ch|/DC=ch/DC=cern/OU=computers/CN=crab-(preprod|prod|dev)-tw(02|01).cern.ch|/DC=ch/DC=cern/OU=computers/CN=(ddi|ddidk|mytw).cern.ch|/DC=ch/DC=cern/OU=computers/CN=stefanov(m|m2).cern.ch
  timeleft: 653:19:09  (27.2 days)

 error: 
 retcode : 0
DEBUG 2021-03-18 10:50:59.300 UTC: 	 Myproxy is valid: 2351949
DEBUG 2021-03-18 10:50:59.301 UTC: 	 Retrieving username ...
DEBUG 2021-03-18 10:50:59.301 UTC: 	 Retrieving username from CRIC...
DEBUG 2021-03-18 10:51:00.065 UTC: 	 username is yian
DEBUG 2021-03-18 10:51:00.073 UTC: 	 Getting myproxy life time left for myproxy.cern.ch
DEBUG 2021-03-18 10:51:00.073 UTC: 	 using yian_CRAB as credential login name
DEBUG 2021-03-18 10:51:00.378 UTC: 	 Executing : 
 command : myproxy-info -l yian_CRAB -s myproxy.cern.ch
 output : username: yian_CRAB
owner: /DC=ch/DC=cern/OU=Organic Units/OU=Users/CN=yian/CN=826694/CN=Ying An
  renewal policy: /DC=ch/DC=cern/OU=computers/CN=vocms0105.cern.ch|/DC=ch/DC=cern/OU=computers/CN=crab-(preprod|prod|dev)-tw(02|01).cern.ch|/DC=ch/DC=cern/OU=computers/CN=(ddi|ddidk|mytw).cern.ch|/DC=ch/DC=cern/OU=computers/CN=stefanov(m|m2).cern.ch
  trusted retrieval policy: /DC=ch/DC=cern/OU=computers/CN=vocms0105.cern.ch|/DC=ch/DC=cern/OU=computers/CN=crab-(preprod|prod|dev)-tw(02|01).cern.ch|/DC=ch/DC=cern/OU=computers/CN=(ddi|ddidk|mytw).cern.ch|/DC=ch/DC=cern/OU=computers/CN=stefanov(m|m2).cern.ch
  timeleft: 653:19:14  (27.2 days)

 error: 
 retcode : 0
DEBUG 2021-03-18 10:51:00.378 UTC: 	 Myproxy is valid: 2351954
DEBUG 2021-03-18 10:51:00.379 UTC: 	 Result of myproxy credential check:
  Credential exists on myproxy: username: b52ac606a6f7097e9b4b8f05a3a67cc69f8f291b  - validity: 27 days, 5:19:09
  Credential exists on myproxy: username: yian_CRAB  - validity: 27 days, 5:19:14
DEBUG 2021-03-18 10:51:00.379 UTC: 	 Command use: submit
DEBUG 2021-03-18 10:51:00.379 UTC: 	 Options use: ['-c', 'crabcode_2018/WGToLNuG_01J_5f_PDFWeights_TuneCP5_13TeV-amcatnloFXFX-pythia8_2018_cfg.py']
DEBUG 2021-03-18 10:51:00.434 UTC: 	 CRABClient version: v3.201110
DEBUG 2021-03-18 10:51:00.434 UTC: 	 Instance is prod
DEBUG 2021-03-18 10:51:00.434 UTC: 	 Server base url is cmsweb-k8s-prod.cern.ch
DEBUG 2021-03-18 10:51:00.434 UTC: 	 Command url /crabserver/prod/workflow
DEBUG 2021-03-18 10:51:00.434 UTC: 	 Started submission
DEBUG 2021-03-18 10:51:00.434 UTC: 	 Working on /afs/cern.ch/work/y/yian/work/GZ/CMSSW_10_6_20/src/PhysicsTools/NanoAODTools/WWG/crab/crab2018/crab_WGToLNuG_01J_5f_PDFWeights_TuneCP5_13TeV-amcatnloFXFX-pythia8_2018
DEBUG 2021-03-18 10:51:00.571 UTC: 	 Loading required information from the environment
DEBUG 2021-03-18 10:51:00.571 UTC: 	 Found CMSSW_10_6_20 for slc7_amd64_gcc820 with base /afs/cern.ch/work/y/yian/work/GZ/CMSSW_10_6_20
DEBUG 2021-03-18 10:51:00.571 UTC: 	 Loading required information from the environment
DEBUG 2021-03-18 10:51:00.571 UTC: 	 Found CMSSW_10_6_20 for slc7_amd64_gcc820 with base /afs/cern.ch/work/y/yian/work/GZ/CMSSW_10_6_20
DEBUG 2021-03-18 10:51:00.571 UTC: 	 UNIQUE NAME: tarUUID fc5e88b2-ec8f-4586-bb71-2e140d5c5bed 
DEBUG 2021-03-18 10:51:00.572 UTC: 	 self.config: from WMCore.Configuration import Configuration
config = Configuration()
config.section_('General')
config.General.workArea = 'crab2018'
config.General.transferLogs = False
config.General.requestName = 'WGToLNuG_01J_5f_PDFWeights_TuneCP5_13TeV-amcatnloFXFX-pythia8_2018'
config.section_('JobType')
config.JobType.scriptArgs = ['isdata=MC', 'year=2018']
config.JobType.scriptExe = './WWG_crab_script.sh'
config.JobType.pluginName = 'Analysis'
config.JobType.sendPythonFolder = True
config.JobType.allowUndistributedCMSSW = True
config.JobType.psetName = 'PSet.py'
config.JobType.inputFiles = ['../../scripts/haddnano.py', '../WWG_selector/WWG_postproc.py', '../WWG_selector/WWG_Module.py', '../WWG_selector/WWG_keep_and_drop.txt', '../WWG_selector/WWG_output_branch.txt', '../WWG_selector/DAS_filesearch.py']
config.section_('Data')
config.Data.inputDataset = '/WGToLNuG_01J_5f_PDFWeights_TuneCP5_13TeV-amcatnloFXFX-pythia8/RunIISummer20UL18NanoAODv2-106X_upgrade2018_realistic_v15_L1v1-v1/NANOAODSIM'
config.Data.allowNonValidInputDataset = True
config.Data.publication = False
config.Data.unitsPerJob = 1
config.Data.ignoreLocality = True
config.Data.inputDBS = 'global'
config.Data.splitting = 'FileBased'
config.Data.outputDatasetTag = 'WGToLNuG_01J_5f_PDFWeights_TuneCP5_13TeV-amcatnloFXFX-pythia8_2018'
config.section_('Site')
config.Site.whitelist = ['T2_US_MIT', 'T2_US_Wisconsin', 'T2_US_Purdue', 'T2_US_UCSD', 'T2_US_Caltech', 'T2_US_Nebraska']
config.Site.storageSite = 'T3_CH_CERNBOX'

DEBUG 2021-03-18 10:51:00.572 UTC: 	 self.config.JobType.psetName: PSet.py
INFO 2021-03-18 10:51:00.572 UTC: 	 Importing CMSSW configuration PSet.py
INFO 2021-03-18 10:51:01.157 UTC: 	 Finished importing CMSSW configuration PSet.py
DEBUG 2021-03-18 10:51:01.157 UTC: 	 Writing CMSSW configuration to /afs/cern.ch/work/y/yian/work/GZ/CMSSW_10_6_20/src/PhysicsTools/NanoAODTools/WWG/crab/crab2018/crab_WGToLNuG_01J_5f_PDFWeights_TuneCP5_13TeV-amcatnloFXFX-pythia8_2018/inputs/PSet.py
DEBUG 2021-03-18 10:51:01.169 UTC: 	 The following EDM output files will be collected: ['tree.root']
DEBUG 2021-03-18 10:51:01.169 UTC: 	 The following TFile output files will be collected: []
DEBUG 2021-03-18 10:51:01.169 UTC: 	 The following user output files (not listed as PoolOuputModule or TFileService in the CMSSW PSet) will be collected: 
DEBUG 2021-03-18 10:51:01.169 UTC: 	 Loading required information from the environment
DEBUG 2021-03-18 10:51:01.169 UTC: 	 Found CMSSW_10_6_20 for slc7_amd64_gcc820 with base /afs/cern.ch/work/y/yian/work/GZ/CMSSW_10_6_20
DEBUG 2021-03-18 10:51:01.169 UTC: 	 Making tarball in /afs/cern.ch/work/y/yian/work/GZ/CMSSW_10_6_20/src/PhysicsTools/NanoAODTools/WWG/crab/crab2018/crab_WGToLNuG_01J_5f_PDFWeights_TuneCP5_13TeV-amcatnloFXFX-pythia8_2018/inputs/fc5e88b2-ec8f-4586-bb71-2e140d5c5beddefault.tgz
DEBUG 2021-03-18 10:51:01.171 UTC: 	 Checking directory /afs/cern.ch/work/y/yian/work/GZ/CMSSW_10_6_20/lib
DEBUG 2021-03-18 10:51:01.171 UTC: 	 Adding directory /afs/cern.ch/work/y/yian/work/GZ/CMSSW_10_6_20/lib to tarball
DEBUG 2021-03-18 10:51:01.300 UTC: 	 Checking directory /afs/cern.ch/work/y/yian/work/GZ/CMSSW_10_6_20/biglib
DEBUG 2021-03-18 10:51:01.300 UTC: 	 Adding directory /afs/cern.ch/work/y/yian/work/GZ/CMSSW_10_6_20/biglib to tarball
DEBUG 2021-03-18 10:51:01.301 UTC: 	 Checking directory /afs/cern.ch/work/y/yian/work/GZ/CMSSW_10_6_20/module
DEBUG 2021-03-18 10:51:01.301 UTC: 	 Checking directory /afs/cern.ch/work/y/yian/work/GZ/CMSSW_10_6_20/python
DEBUG 2021-03-18 10:51:01.301 UTC: 	 Adding directory /afs/cern.ch/work/y/yian/work/GZ/CMSSW_10_6_20/python to tarball
DEBUG 2021-03-18 10:51:03.896 UTC: 	 Checking directory /afs/cern.ch/work/y/yian/work/GZ/CMSSW_10_6_20/cfipython
DEBUG 2021-03-18 10:51:03.896 UTC: 	 Adding directory /afs/cern.ch/work/y/yian/work/GZ/CMSSW_10_6_20/cfipython to tarball
DEBUG 2021-03-18 10:51:04.276 UTC: 	 Adding data directory /afs/cern.ch/work/y/yian/work/GZ/CMSSW_10_6_20/src/PhysicsTools/NanoAODTools/data to tarball
DEBUG 2021-03-18 10:51:26.060 UTC: 	 Adding data directory /afs/cern.ch/work/y/yian/work/GZ/CMSSW_10_6_20/src/PhysicsTools/NanoAODTools/interface to tarball
DEBUG 2021-03-18 10:51:26.072 UTC: 	 Adding data directory /afs/cern.ch/work/y/yian/work/GZ/CMSSW_10_6_20/src/PhysicsTools/NanoAODTools/python/postprocessing/data to tarball
DEBUG 2021-03-18 10:51:28.644 UTC: 	 Adding file ../../scripts/haddnano.py to tarball
DEBUG 2021-03-18 10:51:28.645 UTC: 	 Adding file ../WWG_selector/WWG_postproc.py to tarball
DEBUG 2021-03-18 10:51:28.646 UTC: 	 Adding file ../WWG_selector/WWG_Module.py to tarball
DEBUG 2021-03-18 10:51:28.646 UTC: 	 Adding file ../WWG_selector/WWG_keep_and_drop.txt to tarball
DEBUG 2021-03-18 10:51:28.647 UTC: 	 Adding file ../WWG_selector/WWG_output_branch.txt to tarball
DEBUG 2021-03-18 10:51:28.647 UTC: 	 Adding file ../WWG_selector/DAS_filesearch.py to tarball
DEBUG 2021-03-18 10:51:35.451 UTC: 	 Uploading archive /afs/cern.ch/work/y/yian/work/GZ/CMSSW_10_6_20/src/PhysicsTools/NanoAODTools/WWG/crab/crab2018/crab_WGToLNuG_01J_5f_PDFWeights_TuneCP5_13TeV-amcatnloFXFX-pythia8_2018/inputs/fc5e88b2-ec8f-4586-bb71-2e140d5c5beddefault.tgz (94 MB) to the CRAB cache. Using URI https://cmsweb.cern.ch:8443/crabcache
DEBUG 2021-03-18 10:52:30.233 UTC: 	 Loading required information from the environment
DEBUG 2021-03-18 10:52:30.234 UTC: 	 Found CMSSW_10_6_20 for slc7_amd64_gcc820 with base /afs/cern.ch/work/y/yian/work/GZ/CMSSW_10_6_20
DEBUG 2021-03-18 10:52:30.234 UTC: 	 Making tarball in /afs/cern.ch/work/y/yian/work/GZ/CMSSW_10_6_20/src/PhysicsTools/NanoAODTools/WWG/crab/crab2018/crab_WGToLNuG_01J_5f_PDFWeights_TuneCP5_13TeV-amcatnloFXFX-pythia8_2018/inputs/debugFiles.tgz
DEBUG 2021-03-18 10:52:30.242 UTC: 	 Uploading archive /afs/cern.ch/work/y/yian/work/GZ/CMSSW_10_6_20/src/PhysicsTools/NanoAODTools/WWG/crab/crab2018/crab_WGToLNuG_01J_5f_PDFWeights_TuneCP5_13TeV-amcatnloFXFX-pythia8_2018/inputs/debugFiles.tgz (1 KB) to the CRAB cache. Using URI https://cmsweb.cern.ch:8443/crabcache
DEBUG 2021-03-18 10:52:30.353 UTC: 	 Result uploading input files: e074d6562fe520feb99679e89a7bf910a059db32ab6fe9ba89698c628905dc9e.tar.gz 
INFO 2021-03-18 10:52:30.353 UTC: 	 Sending the request to the server at cmsweb-k8s-prod.cern.ch
DEBUG 2021-03-18 10:52:30.353 UTC: 	 Submitting {'maxjobruntime': 1250, 'extrajdl': [], 'ignorelocality': 1, 'savelogsflag': 0, 'useparent': 0, 'scriptexe': 'WWG_crab_script.sh', 'asyncdest': 'T3_CH_CERNBOX', 'algoargs': 1, 'cachefilename': 'e074d6562fe520feb99679e89a7bf910a059db32ab6fe9ba89698c628905dc9e.tar.gz', 'numcores': 1, 'addoutputfiles': [], 'generator': 'pythia', 'maxmemory': 2000, 'publishdbsurl': 'https://cmsweb.cern.ch/dbs/prod/phys03/DBSWriter', 'priority': 10, 'jobsw': 'CMSSW_10_6_20', 'edmoutfiles': ['tree.root'], 'userfiles': [], 'primarydataset': '', 'inputdata': '/WGToLNuG_01J_5f_PDFWeights_TuneCP5_13TeV-amcatnloFXFX-pythia8/RunIISummer20UL18NanoAODv2-106X_upgrade2018_realistic_v15_L1v1-v1/NANOAODSIM', 'dryrun': 0, 'workflow': 'crab_WGToLNuG_01J_5f_PDFWeights_TuneCP5_13TeV-amcatnloFXFX-pythia8_2018', 'scriptargs': ['isdata=MC', 'year=2018'], 'sitewhitelist': ['T2_US_MIT', 'T2_US_Wisconsin', 'T2_US_Purdue', 'T2_US_UCSD', 'T2_US_Caltech', 'T2_US_Nebraska'], 'nonprodsw': 1, 'tfileoutfiles': [], 'oneEventMode': 0, 'debugfilename': 'd2d6ada57d10534dc32e6fbfdd33697e749417b3a73e54a77e1a1b2b03f3c3ba.tar.gz', 'cacheurl': u'https://cmsweb.cern.ch:8443/crabcache', 'saveoutput': 1, 'publication': 0, 'jobarch': 'slc7_amd64_gcc820', 'totalunits': 0, 'splitalgo': 'FileBased', 'ignoreglobalblacklist': 0, 'nonvaliddata': 1, 'dbsurl': 'https://cmsweb.cern.ch/dbs/prod/global/DBSReader', 'publishgroupname': 0, 'jobtype': 'Analysis', 'publishname2': 'WGToLNuG_01J_5f_PDFWeights_TuneCP5_13TeV-amcatnloFXFX-pythia8_2018'} 
DEBUG 2021-03-18 10:52:30.353 UTC: 	 Encoded submit request: maxjobruntime=1250&ignorelocality=1&savelogsflag=0&useparent=0&scriptexe=WWG_crab_script.sh&asyncdest=T3_CH_CERNBOX&algoargs=1&cachefilename=e074d6562fe520feb99679e89a7bf910a059db32ab6fe9ba89698c628905dc9e.tar.gz&numcores=1&generator=pythia&maxmemory=2000&publishdbsurl=https%3A%2F%2Fcmsweb.cern.ch%2Fdbs%2Fprod%2Fphys03%2FDBSWriter&priority=10&jobsw=CMSSW_10_6_20&primarydataset=&inputdata=%2FWGToLNuG_01J_5f_PDFWeights_TuneCP5_13TeV-amcatnloFXFX-pythia8%2FRunIISummer20UL18NanoAODv2-106X_upgrade2018_realistic_v15_L1v1-v1%2FNANOAODSIM&dryrun=0&workflow=crab_WGToLNuG_01J_5f_PDFWeights_TuneCP5_13TeV-amcatnloFXFX-pythia8_2018&nonprodsw=1&oneEventMode=0&debugfilename=d2d6ada57d10534dc32e6fbfdd33697e749417b3a73e54a77e1a1b2b03f3c3ba.tar.gz&cacheurl=https%3A%2F%2Fcmsweb.cern.ch%3A8443%2Fcrabcache&saveoutput=1&publication=0&jobarch=slc7_amd64_gcc820&totalunits=0&splitalgo=FileBased&ignoreglobalblacklist=0&nonvaliddata=1&dbsurl=https%3A%2F%2Fcmsweb.cern.ch%2Fdbs%2Fprod%2Fglobal%2FDBSReader&publishgroupname=0&jobtype=Analysis&publishname2=WGToLNuG_01J_5f_PDFWeights_TuneCP5_13TeV-amcatnloFXFX-pythia8_2018&sitewhitelist=T2_US_MIT&sitewhitelist=T2_US_Wisconsin&sitewhitelist=T2_US_Purdue&sitewhitelist=T2_US_UCSD&sitewhitelist=T2_US_Caltech&sitewhitelist=T2_US_Nebraska&edmoutfiles=tree.root&scriptargs=isdata%3DMC&scriptargs=year%3D2018
DEBUG 2021-03-18 10:52:30.416 UTC: 	 Result: {u'result': [{u'RequestName': u'210318_105230:yian_crab_WGToLNuG_01J_5f_PDFWeights_TuneCP5_13TeV-amcatnloFXFX-pythia8_2018'}]}
INFO 2021-03-18 10:52:30.420 UTC: 	 Success: Your task has been delivered to the prod CRAB3 server.
INFO 2021-03-18 10:52:30.420 UTC: 	 Task name: 210318_105230:yian_crab_WGToLNuG_01J_5f_PDFWeights_TuneCP5_13TeV-amcatnloFXFX-pythia8_2018
INFO 2021-03-18 10:52:30.421 UTC: 	 Project dir: crab2018/crab_WGToLNuG_01J_5f_PDFWeights_TuneCP5_13TeV-amcatnloFXFX-pythia8_2018
INFO 2021-03-18 10:52:30.421 UTC: 	 Please use ' crab status -d crab2018/crab_WGToLNuG_01J_5f_PDFWeights_TuneCP5_13TeV-amcatnloFXFX-pythia8_2018 ' to check how the submission process proceeds.
DEBUG 2021-03-18 10:52:30.421 UTC: 	 About to return
INFO 2021-03-18 10:52:30.424 UTC: 	 Log file is /afs/cern.ch/work/y/yian/work/GZ/CMSSW_10_6_20/src/PhysicsTools/NanoAODTools/WWG/crab/crab2018/crab_WGToLNuG_01J_5f_PDFWeights_TuneCP5_13TeV-amcatnloFXFX-pythia8_2018/crab.log
DEBUG 2021-03-18 14:12:33.572 UTC: 	 CRAB Client version: v3.201110
DEBUG 2021-03-18 14:12:33.573 UTC: 	 Running on: Linux lxplus799.cern.ch 3.10.0-1160.15.2.el7.x86_64 #1 SMP Wed Feb 3 15:06:38 UTC 2021 x86_64 x86_64 x86_64 GNU/Linux - CentOS Linux 7 (Core)
DEBUG 2021-03-18 14:12:33.573 UTC: 	 Executing command: 'status'
DEBUG 2021-03-18 14:12:33.573 UTC: 	 Found CRAB cache file /afs/cern.ch/user/y/yian/.crab3
DEBUG 2021-03-18 14:12:33.707 UTC: 	 Checking credentials
DEBUG 2021-03-18 14:12:33.707 UTC: 	 Found proxy file /tmp/x509up_u110046
DEBUG 2021-03-18 14:12:33.707 UTC: 	 Getting proxy life time left
DEBUG 2021-03-18 14:12:34.415 UTC: 	 Executing : 
 command : voms-proxy-info -file /tmp/x509up_u110046 -timeleft
 output : 523576

 error: 
 retcode : 0
DEBUG 2021-03-18 14:12:35.121 UTC: 	 Executing : 
 command : voms-proxy-info -file /tmp/x509up_u110046 -actimeleft
 output : 523575

 error: 
 retcode : 0
DEBUG 2021-03-18 14:12:35.122 UTC: 	 Proxy lifetime 523576 secs is different from voms extension lifetime 523575 secs for proxy: /tmp/x509up_u110046
DEBUG 2021-03-18 14:12:35.122 UTC: 	 Proxy valid for 145:26:15 hours
DEBUG 2021-03-18 14:12:35.170 UTC: 	 Registering user credentials for server /DC=ch/DC=cern/OU=computers/CN=vocms0105.cern.ch|/DC=ch/DC=cern/OU=computers/CN=crab-(preprod|prod|dev)-tw(02|01).cern.ch|/DC=ch/DC=cern/OU=computers/CN=(ddi|ddidk|mytw).cern.ch|/DC=ch/DC=cern/OU=computers/CN=stefanov(m|m2).cern.ch
DEBUG 2021-03-18 14:12:35.800 UTC: 	 Executing : 
 command : voms-proxy-info -file /tmp/x509up_u110046 -identity
 output : /DC=ch/DC=cern/OU=Organic Units/OU=Users/CN=yian/CN=826694/CN=Ying An

 error: 
 retcode : 0
DEBUG 2021-03-18 14:12:35.809 UTC: 	 Getting myproxy life time left for myproxy.cern.ch
DEBUG 2021-03-18 14:12:35.809 UTC: 	 using b52ac606a6f7097e9b4b8f05a3a67cc69f8f291b as credential login name
DEBUG 2021-03-18 14:12:36.214 UTC: 	 Executing : 
 command : myproxy-info -l b52ac606a6f7097e9b4b8f05a3a67cc69f8f291b -s myproxy.cern.ch
 output : username: b52ac606a6f7097e9b4b8f05a3a67cc69f8f291b
owner: /DC=ch/DC=cern/OU=Organic Units/OU=Users/CN=yian/CN=826694/CN=Ying An
  renewal policy: /DC=ch/DC=cern/OU=computers/CN=vocms0105.cern.ch|/DC=ch/DC=cern/OU=computers/CN=crab-(preprod|prod|dev)-tw(02|01).cern.ch|/DC=ch/DC=cern/OU=computers/CN=(ddi|ddidk|mytw).cern.ch|/DC=ch/DC=cern/OU=computers/CN=stefanov(m|m2).cern.ch
  trusted retrieval policy: /DC=ch/DC=cern/OU=computers/CN=vocms0105.cern.ch|/DC=ch/DC=cern/OU=computers/CN=crab-(preprod|prod|dev)-tw(02|01).cern.ch|/DC=ch/DC=cern/OU=computers/CN=(ddi|ddidk|mytw).cern.ch|/DC=ch/DC=cern/OU=computers/CN=stefanov(m|m2).cern.ch
  timeleft: 649:57:32  (27.1 days)

 error: 
 retcode : 0
DEBUG 2021-03-18 14:12:36.215 UTC: 	 Myproxy is valid: 2339852
DEBUG 2021-03-18 14:12:36.215 UTC: 	 Retrieving username ...
DEBUG 2021-03-18 14:12:36.215 UTC: 	 Retrieving username from CRIC...
DEBUG 2021-03-18 14:12:36.973 UTC: 	 username is yian
DEBUG 2021-03-18 14:12:36.980 UTC: 	 Getting myproxy life time left for myproxy.cern.ch
DEBUG 2021-03-18 14:12:36.981 UTC: 	 using yian_CRAB as credential login name
DEBUG 2021-03-18 14:12:37.285 UTC: 	 Executing : 
 command : myproxy-info -l yian_CRAB -s myproxy.cern.ch
 output : username: yian_CRAB
owner: /DC=ch/DC=cern/OU=Organic Units/OU=Users/CN=yian/CN=826694/CN=Ying An
  renewal policy: /DC=ch/DC=cern/OU=computers/CN=vocms0105.cern.ch|/DC=ch/DC=cern/OU=computers/CN=crab-(preprod|prod|dev)-tw(02|01).cern.ch|/DC=ch/DC=cern/OU=computers/CN=(ddi|ddidk|mytw).cern.ch|/DC=ch/DC=cern/OU=computers/CN=stefanov(m|m2).cern.ch
  trusted retrieval policy: /DC=ch/DC=cern/OU=computers/CN=vocms0105.cern.ch|/DC=ch/DC=cern/OU=computers/CN=crab-(preprod|prod|dev)-tw(02|01).cern.ch|/DC=ch/DC=cern/OU=computers/CN=(ddi|ddidk|mytw).cern.ch|/DC=ch/DC=cern/OU=computers/CN=stefanov(m|m2).cern.ch
  timeleft: 649:57:37  (27.1 days)

 error: 
 retcode : 0
DEBUG 2021-03-18 14:12:37.286 UTC: 	 Myproxy is valid: 2339857
DEBUG 2021-03-18 14:12:37.286 UTC: 	 Result of myproxy credential check:
  Credential exists on myproxy: username: b52ac606a6f7097e9b4b8f05a3a67cc69f8f291b  - validity: 27 days, 1:57:32
  Credential exists on myproxy: username: yian_CRAB  - validity: 27 days, 1:57:37
DEBUG 2021-03-18 14:12:37.287 UTC: 	 Command use: status
DEBUG 2021-03-18 14:12:37.287 UTC: 	 Options use: ['-d', 'crab_WGToLNuG_01J_5f_PDFWeights_TuneCP5_13TeV-amcatnloFXFX-pythia8_2018']
DEBUG 2021-03-18 14:12:37.394 UTC: 	 CRABClient version: v3.201110
DEBUG 2021-03-18 14:12:37.394 UTC: 	 Instance is prod
DEBUG 2021-03-18 14:12:37.394 UTC: 	 Server base url is cmsweb-k8s-prod.cern.ch
DEBUG 2021-03-18 14:12:37.394 UTC: 	 Command url /crabserver/prod/workflow
DEBUG 2021-03-18 14:12:37.504 UTC: 	 Got information from server oracle database: {u'result': [u'210318_105230:yian_crab_WGToLNuG_01J_5f_PDFWeights_TuneCP5_13TeV-amcatnloFXFX-pythia8_2018', u'None', u'None', u'SUBMITTED', u'SUBMIT', u'2021-03-18 10:52:30.408649', u'None', u'2021-03-18 10:52:58.738323', u'None', u'CMSSW_10_6_20', u'slc7_amd64_gcc820', u'/WGToLNuG_01J_5f_PDFWeights_TuneCP5_13TeV-amcatnloFXFX-pythia8/RunIISummer20UL18NanoAODv2-106X_upgrade2018_realistic_v15_L1v1-v1/NANOAODSIM', u'T', u'0', u"['T2_US_UCSD', 'T2_US_Wisconsin', 'T2_US_MIT', 'T2_US_Caltech', 'T2_US_Purdue', 'T2_US_Nebraska']", u'[]', u'FileBased', u"{'splitOnRun': False, 'halt_job_on_file_boundaries': False, 'files_per_job': 1, 'runs': [], 'lumis': []}", u'e074d6562fe520feb99679e89a7bf910a059db32ab6fe9ba89698c628905dc9e.tar.gz', u'https://cmsweb.cern.ch:8443/crabcache', u'yian', u'/DC=ch/DC=cern/OU=Organic Units/OU=Users/CN=yian/CN=826694/CN=Ying An', u'cms', u'None', u'None', u'WGToLNuG_01J_5f_PDFWeights_TuneCP5_13TeV-amcatnloFXFX-pythia8_2018-00000000000000000000000000000000', u'F', u'T3_CH_CERNBOX', u'https://cmsweb.cern.ch/dbs/prod/global/DBSReader', u'https://cmsweb.cern.ch/dbs/prod/phys03/DBSWriter', u'F', u'[]', u'[]', u"['tree.root']", u'Analysis', u'pythia', u'None', u'{}', u'[]', u'F', u'crab-prod-tw01', u'[]', u'1250', u'1', u'2000', u'10', u"['/WGToLNuG_01J_5f_PDFWeights_TuneCP5_13TeV-amcatnloFXFX-pythia8/yian-WGToLNuG_01J_5f_PDFWeights_TuneCP5_13TeV-amcatnloFXFX-pythia8_2018-79132d624dd3520ee2a7d08026bbccfc/USER']", u'[]', u'http://vocms0197.cern.ch/mon/cms1407/210318_105230:yian_crab_WGToLNuG_01J_5f_PDFWeights_TuneCP5_13TeV-amcatnloFXFX-pythia8_2018', u'WWG_crab_script.sh', u"['isdata=MC', 'year=2018']", u'[]', u'https://cmsweb.cern.ch/crabserver/prod', u'cmsgwms-collector-global.cern.ch:9620,cmsgwms-collector-global.fnal.gov', u'crab3@vocms0197.cern.ch', u'F', u'[]', u'T', u'/store/user/yian/', u'T', u'None', u'F', u'None', u'WGToLNuG_01J_5f_PDFWeights_TuneCP5_13TeV-amcatnloFXFX-pythia8', u'None', u'd2d6ada57d10534dc32e6fbfdd33697e749417b3a73e54a77e1a1b2b03f3c3ba.tar.gz', u'62796210', u'filetransfers', u'F', u'188.185.88.214', u'0.0', u'None'], u'desc': {u'columns': [u'tm_taskname', u'tm_activity', u'panda_jobset_id', u'tm_task_status', u'tm_task_command', u'tm_start_time', u'tm_start_injection', u'tm_end_injection', u'tm_task_failure', u'tm_job_sw', u'tm_job_arch', u'tm_input_dataset', u'tm_nonvalid_input_dataset', u'tm_use_parent', u'tm_site_whitelist', u'tm_site_blacklist', u'tm_split_algo', u'tm_split_args', u'tm_user_sandbox', u'tm_cache_url', u'tm_username', u'tm_user_dn', u'tm_user_vo', u'tm_user_role', u'tm_user_group', u'tm_publish_name', u'tm_publish_groupname', u'tm_asyncdest', u'tm_dbs_url', u'tm_publish_dbs_url', u'tm_publication', u'tm_outfiles', u'tm_tfile_outfiles', u'tm_edm_outfiles', u'tm_job_type', u'tm_generator', u'tm_events_per_lumi', u'tm_arguments', u'panda_resubmitted_jobs', u'tm_save_logs', u'tw_name', u'tm_user_infiles', u'tm_maxjobruntime', u'tm_numcores', u'tm_maxmemory', u'tm_priority', u'tm_output_dataset', u'tm_task_warnings', u'tm_user_webdir', u'tm_scriptexe', u'tm_scriptargs', u'tm_extrajdl', u'tm_asourl', u'tm_collector', u'tm_schedd', u'tm_dry_run', u'tm_user_files', u'tm_transfer_outputs', u'tm_output_lfn', u'tm_ignore_locality', u'tm_fail_limit', u'tm_one_event_mode', u'tm_secondary_input_dataset', u'tm_primary_dataset', u'tm_last_publication', u'tm_debug_files', u'clusterid', u'tm_asodb', u'tm_ignore_global_blacklist', u'tm_submitter_ip_addr', u'tm_totalunits', u'tm_ddm_reqid']}}
INFO 2021-03-18 14:12:37.505 UTC: 	 CRAB project directory:		/afs/cern.ch/work/y/yian/work/GZ/CMSSW_10_6_20/src/PhysicsTools/NanoAODTools/WWG/crab/crab2018/crab_WGToLNuG_01J_5f_PDFWeights_TuneCP5_13TeV-amcatnloFXFX-pythia8_2018
INFO 2021-03-18 14:12:37.505 UTC: 	 Task name:			210318_105230:yian_crab_WGToLNuG_01J_5f_PDFWeights_TuneCP5_13TeV-amcatnloFXFX-pythia8_2018
INFO 2021-03-18 14:12:37.505 UTC: 	 Grid scheduler - Task Worker:	crab3@vocms0197.cern.ch - crab-prod-tw01
INFO 2021-03-18 14:12:37.505 UTC: 	 Status on the CRAB server:	SUBMITTED
INFO 2021-03-18 14:12:37.505 UTC: 	 Task URL to use for HELP:	https://cmsweb-k8s-prod.cern.ch/crabserver/ui/task/210318_105230%3Ayian_crab_WGToLNuG_01J_5f_PDFWeights_TuneCP5_13TeV-amcatnloFXFX-pythia8_2018
INFO 2021-03-18 14:12:37.508 UTC: 	 Dashboard monitoring URL:	https://monit-grafana.cern.ch/d/cmsTMDetail/cms-task-monitoring-task-view?orgId=11&var-user=yian&var-task=210318_105230%3Ayian_crab_WGToLNuG_01J_5f_PDFWeights_TuneCP5_13TeV-amcatnloFXFX-pythia8_2018&from=1616061150000&to=now
INFO 2021-03-18 14:12:37.508 UTC: 	 In case of issues with the dashboard, please provide feedback to hn-cms-computing-tools@cern.ch
DEBUG 2021-03-18 14:12:37.508 UTC: 	 The CRAB server submitted your task to the Grid scheduler (cluster ID: 62796210)
DEBUG 2021-03-18 14:12:37.508 UTC: 	 Webdir is located at http://vocms0197.cern.ch/mon/cms1407/210318_105230:yian_crab_WGToLNuG_01J_5f_PDFWeights_TuneCP5_13TeV-amcatnloFXFX-pythia8_2018
DEBUG 2021-03-18 14:12:37.624 UTC: 	 Proxied webdir is located at https://cmsweb.cern.ch:8443/scheddmon/0197/cms1407/210318_105230:yian_crab_WGToLNuG_01J_5f_PDFWeights_TuneCP5_13TeV-amcatnloFXFX-pythia8_2018
DEBUG 2021-03-18 14:12:37.624 UTC: 	 Retrieving 'status_cache' file from https://cmsweb.cern.ch:8443/scheddmon/0197/cms1407/210318_105230:yian_crab_WGToLNuG_01J_5f_PDFWeights_TuneCP5_13TeV-amcatnloFXFX-pythia8_2018/status_cache
DEBUG 2021-03-18 14:12:37.662 UTC: 	 Got information from status cache file: {'11': {'Retries': 0, 'WallDurations': [8.0, 105.08961510658264, 1208.0], 'StartTimes': [1616065054.0], 'SubmitTimes': [1616064786.0], 'JobIds': ['62796222.0'], 'EndTimes': [], 'Restarts': 0, 'RecordedSite': True, 'State': 'running', 'ResidentSetSize': [542140], 'TotalUserCpuTimeHistory': [161.0], 'SiteHistory': ['Unknown', 'T2_US_Wisconsin', 'T2_US_Wisconsin'], 'TotalSysCpuTimeHistory': [10.0]}, '10': {'Retries': 0, 'WallDurations': [9.0, 99.08961510658264, 1813.0], 'StartTimes': [1616065060.0], 'SubmitTimes': [1616064786.0], 'JobIds': ['62796221.0'], 'EndTimes': [], 'Restarts': 0, 'RecordedSite': True, 'State': 'running', 'ResidentSetSize': [502688], 'TotalUserCpuTimeHistory': [162.0], 'SiteHistory': ['Unknown', 'T2_US_Nebraska', 'T2_US_Nebraska'], 'TotalSysCpuTimeHistory': [6.0]}, '13': {'Retries': 0, 'WallDurations': [11.0, 69.08961510658264, 10532.0], 'StartTimes': [1616065090.0], 'SubmitTimes': [1616064786.0], 'JobIds': ['62796224.0'], 'EndTimes': [], 'Restarts': 0, 'RecordedSite': True, 'State': 'running', 'ResidentSetSize': [518548], 'TotalUserCpuTimeHistory': [10076.0], 'SiteHistory': ['Unknown', 'T2_US_Caltech', 'T2_US_Caltech'], 'TotalSysCpuTimeHistory': [210.0]}, '12': {'Retries': 0, 'WallDurations': [9.0, 93.08961510658264, 7736.0], 'StartTimes': [1616065066.0], 'SubmitTimes': [1616064786.0], 'JobIds': ['62796223.0'], 'EndTimes': [1616072802.0], 'Restarts': 0, 'RecordedSite': True, 'State': 'finished', 'ResidentSetSize': [556492], 'TotalUserCpuTimeHistory': [7171], 'SiteHistory': ['Unknown', 'T2_US_Caltech', 'T2_US_Caltech'], 'TotalSysCpuTimeHistory': [145]}, '15': {'Retries': 0, 'WallDurations': [8.0, 105.08961510658264, 5353.0, 10.0, 4218.0], 'StartTimes': [1616065054.0, 1616070751.0], 'SubmitTimes': [1616064786.0, -1], 'JobIds': ['62796226.0', '62796226.0'], 'EndTimes': [1616070407.0], 'Restarts': 1, 'RecordedSite': True, 'State': 'running', 'ResidentSetSize': [458456, 588228], 'TotalUserCpuTimeHistory': [139.0, 522.0], 'SiteHistory': ['Unknown', 'T2_US_Purdue', 'T2_US_Purdue', 'Unknown', 'T2_US_Wisconsin'], 'TotalSysCpuTimeHistory': [5.0, 24.0]}, '14': {'Retries': 0, 'WallDurations': [9.0, 98.08961510658264, 8419.0], 'StartTimes': [1616065061.0], 'SubmitTimes': [1616064786.0], 'JobIds': ['62796225.0'], 'EndTimes': [1616073480.0], 'Restarts': 0, 'RecordedSite': True, 'State': 'finished', 'ResidentSetSize': [508648], 'TotalUserCpuTimeHistory': [7640], 'SiteHistory': ['Unknown', 'T2_US_Caltech', 'T2_US_Caltech'], 'TotalSysCpuTimeHistory': [131]}, '17': {'Retries': 0, 'WallDurations': [9.0, 34.08961510658264, 6338.0], 'StartTimes': [1616065125.0], 'SubmitTimes': [1616064787.0], 'JobIds': ['62796230.0'], 'EndTimes': [1616071463.0], 'Restarts': 0, 'RecordedSite': True, 'State': 'finished', 'ResidentSetSize': [518664], 'TotalUserCpuTimeHistory': [5865], 'SiteHistory': ['Unknown', 'T2_US_Caltech', 'T2_US_Caltech'], 'TotalSysCpuTimeHistory': [84]}, '16': {'Retries': 0, 'WallDurations': [9.0, 87.08961510658264, 4938.0], 'StartTimes': [1616065072.0], 'SubmitTimes': [1616064786.0], 'JobIds': ['62796227.0'], 'EndTimes': [1616070010.0], 'Restarts': 0, 'RecordedSite': True, 'State': 'finished', 'ResidentSetSize': [517696], 'TotalUserCpuTimeHistory': [4587], 'SiteHistory': ['Unknown', 'T2_US_Caltech', 'T2_US_Caltech'], 'TotalSysCpuTimeHistory': [60]}, '19': {'Retries': 0, 'WallDurations': [10.0, 107.08961510658264, 457.0], 'StartTimes': [1616065052.0], 'SubmitTimes': [1616064786.0], 'JobIds': ['62796229.0'], 'EndTimes': [1616065509.0], 'Restarts': 0, 'RecordedSite': True, 'State': 'finished', 'ResidentSetSize': [433084], 'TotalUserCpuTimeHistory': [370], 'SiteHistory': ['Unknown', 'T2_US_MIT', 'T2_US_MIT'], 'TotalSysCpuTimeHistory': [9]}, '18': {'Retries': 0, 'WallDurations': [9.0, 102.08961510658264, 4161.0], 'StartTimes': [1616065057.0], 'SubmitTimes': [1616064786.0], 'JobIds': ['62796228.0'], 'EndTimes': [1616069218.0], 'Restarts': 0, 'RecordedSite': True, 'State': 'finished', 'ResidentSetSize': [435896], 'TotalUserCpuTimeHistory': [418], 'SiteHistory': ['Unknown', 'T2_US_Nebraska', 'T2_US_Nebraska'], 'TotalSysCpuTimeHistory': [14]}, '1': {'Retries': 0, 'WallDurations': [10.0, 98.08961510658264, 5691.0], 'StartTimes': [1616065061.0], 'SubmitTimes': [1616064785.0], 'JobIds': ['62796212.0'], 'EndTimes': [1616070752.0], 'Restarts': 0, 'RecordedSite': True, 'State': 'finished', 'ResidentSetSize': [436148], 'TotalUserCpuTimeHistory': [793], 'SiteHistory': ['Unknown', 'T2_US_Nebraska', 'T2_US_Nebraska'], 'TotalSysCpuTimeHistory': [24]}, '3': {'Retries': 0, 'WallDurations': [8.0, 105.08961510658264, 7520.0], 'StartTimes': [1616065054.0], 'SubmitTimes': [1616064785.0], 'JobIds': ['62796214.0'], 'EndTimes': [], 'Restarts': 0, 'RecordedSite': True, 'State': 'running', 'ResidentSetSize': [566316], 'TotalUserCpuTimeHistory': [837.0], 'SiteHistory': ['Unknown', 'T2_US_Wisconsin', 'T2_US_Wisconsin'], 'TotalSysCpuTimeHistory': [20.0]}, '2': {'Retries': 0, 'WallDurations': [8.0, 81.08961510658264, 3014.0], 'StartTimes': [1616065078.0], 'SubmitTimes': [1616064785.0], 'JobIds': ['62796213.0'], 'EndTimes': [], 'Restarts': 0, 'RecordedSite': True, 'State': 'running', 'ResidentSetSize': [460212], 'TotalUserCpuTimeHistory': [171.0], 'SiteHistory': ['Unknown', 'T2_US_UCSD', 'T2_US_UCSD'], 'TotalSysCpuTimeHistory': [4.0]}, '5': {'Retries': 0, 'WallDurations': [8.0, 105.08961510658264, 8725.0], 'StartTimes': [1616065054.0], 'SubmitTimes': [1616064785.0], 'JobIds': ['62796216.0'], 'EndTimes': [], 'Restarts': 0, 'RecordedSite': True, 'State': 'running', 'ResidentSetSize': [520100], 'TotalUserCpuTimeHistory': [815.0], 'SiteHistory': ['Unknown', 'T2_US_Purdue', 'T2_US_Purdue'], 'TotalSysCpuTimeHistory': [22.0]}, '4': {'Retries': 0, 'WallDurations': [9.0, 105.08961510658264, 7675.0, 0, 144.02474999427795], 'StartTimes': [1616065054.0, 1616073169.0], 'SubmitTimes': [1616064785.0, -1], 'JobIds': ['62796215.0', '62796215.0'], 'EndTimes': [1616072729.0], 'Restarts': 1, 'RecordedSite': True, 'State': 'running', 'ResidentSetSize': [455504, 0], 'TotalUserCpuTimeHistory': [648.0, 215.0], 'SiteHistory': ['Unknown', 'T2_US_MIT', 'T2_US_MIT', 'Unknown', 'T2_US_Purdue'], 'TotalSysCpuTimeHistory': [22.0, 7.0]}, '7': {'Retries': 0, 'WallDurations': [8.0, 105.08961510658264, 3613.0], 'StartTimes': [1616065054.0], 'SubmitTimes': [1616064785.0], 'JobIds': ['62796218.0'], 'EndTimes': [], 'Restarts': 0, 'RecordedSite': True, 'State': 'running', 'ResidentSetSize': [568648], 'TotalUserCpuTimeHistory': [388.0], 'SiteHistory': ['Unknown', 'T2_US_Wisconsin', 'T2_US_Wisconsin'], 'TotalSysCpuTimeHistory': [14.0]}, '6': {'Retries': 0, 'WallDurations': [10.0, 106.08961510658264, 2415.0], 'StartTimes': [1616065053.0], 'SubmitTimes': [1616064785.0], 'JobIds': ['62796217.0'], 'EndTimes': [], 'Restarts': 0, 'RecordedSite': True, 'State': 'running', 'ResidentSetSize': [589284], 'TotalUserCpuTimeHistory': [368.0], 'SiteHistory': ['Unknown', 'T2_US_Wisconsin', 'T2_US_Wisconsin'], 'TotalSysCpuTimeHistory': [10.0]}, '9': {'Retries': 0, 'WallDurations': [8.0, 107.08961510658264, 7669.0, 610.0], 'StartTimes': [1616065052.0, 1616072951.0], 'SubmitTimes': [1616064785.0, -1], 'JobIds': ['62796220.0', '62796220.0'], 'EndTimes': [1616072721.0], 'Restarts': 1, 'RecordedSite': True, 'State': 'running', 'ResidentSetSize': [495376, 513108], 'TotalUserCpuTimeHistory': [672.0, 39.0], 'SiteHistory': ['Unknown', 'T2_US_MIT', 'T2_US_MIT', 'T2_US_Nebraska'], 'TotalSysCpuTimeHistory': [23.0, 2.0]}, '20': {'Retries': 0, 'WallDurations': [9.0, 92.08961510658264, 624.0], 'StartTimes': [1616065067.0], 'SubmitTimes': [1616064787.0], 'JobIds': ['62796231.0'], 'EndTimes': [1616065691.0], 'Restarts': 0, 'RecordedSite': True, 'State': 'finished', 'ResidentSetSize': [462672], 'TotalUserCpuTimeHistory': [23], 'SiteHistory': ['Unknown', 'T2_US_UCSD', 'T2_US_UCSD'], 'TotalSysCpuTimeHistory': [2]}, '8': {'Retries': 0, 'WallDurations': [10.0, 107.08961510658264, 7678.0, 3014.0], 'StartTimes': [1616065052.0, 1616072829.0], 'SubmitTimes': [1616064785.0, -1], 'JobIds': ['62796219.0', '62796219.0'], 'EndTimes': [1616072730.0], 'Restarts': 1, 'RecordedSite': True, 'State': 'running', 'ResidentSetSize': [405500, 475736], 'TotalUserCpuTimeHistory': [587.0, 2819.0], 'SiteHistory': ['Unknown', 'T2_US_MIT', 'T2_US_MIT', 'T2_US_Caltech'], 'TotalSysCpuTimeHistory': [22.0, 55.0]}}
INFO 2021-03-18 14:12:37.662 UTC: 	 Status on the scheduler:	SUBMITTED
INFO 2021-03-18 14:12:37.663 UTC: 	 
Jobs status:                    finished     		 40.0% ( 8/20)
INFO 2021-03-18 14:12:37.663 UTC: 	 				running      		 60.0% (12/20)
INFO 2021-03-18 14:12:37.663 UTC: 	 
No publication information (publication has been disabled in the CRAB configuration file)
INFO 2021-03-18 14:12:37.664 UTC: 	 
Warning: the max jobs runtime is less than 30% of the task requested value (1250 min), please consider to request a lower value for failed jobs (allowed through crab resubmit) and/or improve the jobs splitting (e.g. config.Data.splitting = 'Automatic') in a new task.
INFO 2021-03-18 14:12:37.664 UTC: 	 
Summary of run jobs:
 * Memory: 0MB min, 543MB max, 472MB ave
 * Runtime: 0:02:24 min, 2:20:19 max, 1:19:55 ave
 * CPU eff: 4% min, 95% max, 71% ave
 * Waste: 0:13:05 (2% of total)

INFO 2021-03-18 14:12:37.671 UTC: 	 Log file is /afs/cern.ch/work/y/yian/work/GZ/CMSSW_10_6_20/src/PhysicsTools/NanoAODTools/WWG/crab/crab2018/crab_WGToLNuG_01J_5f_PDFWeights_TuneCP5_13TeV-amcatnloFXFX-pythia8_2018/crab.log
