DEBUG 2021-11-25 11:52:32.988 UTC: 	 CRAB Client version: v3.210825
DEBUG 2021-11-25 11:52:32.989 UTC: 	 Running on: Linux lxplus768.cern.ch 3.10.0-1160.45.1.el7.x86_64 #1 SMP Wed Oct 13 17:20:51 UTC 2021 x86_64 x86_64 x86_64 GNU/Linux - CentOS Linux 7 (Core)
DEBUG 2021-11-25 11:52:32.989 UTC: 	 Executing command: 'submit'
DEBUG 2021-11-25 11:52:32.989 UTC: 	 Found CRAB cache file /afs/cern.ch/user/y/yian/.crab3
INFO 2021-11-25 11:52:32.990 UTC: 	 Will use CRAB configuration file crabcode_2016/WJetsToLNu_TuneCP5_13TeV-madgraphMLM-pythia8_2016_cfg.py
DEBUG 2021-11-25 11:52:32.990 UTC: 	 Loading CRAB configuration file.
DEBUG 2021-11-25 11:52:33.031 UTC: 	 Will use CRAB Analysis plugin (i.e. will run an analysis job type).
DEBUG 2021-11-25 11:52:33.049 UTC: 	 Checking credentials
DEBUG 2021-11-25 11:52:33.049 UTC: 	 Found proxy file /tmp/x509up_u110046
DEBUG 2021-11-25 11:52:33.049 UTC: 	 Getting proxy life time left
DEBUG 2021-11-25 11:52:33.757 UTC: 	 Executing : 
 command : voms-proxy-info -file /tmp/x509up_u110046 -timeleft
 output : 604369

 error: 
 retcode : 0
DEBUG 2021-11-25 11:52:34.469 UTC: 	 Executing : 
 command : voms-proxy-info -file /tmp/x509up_u110046 -actimeleft
 output : 604368

 error: 
 retcode : 0
DEBUG 2021-11-25 11:52:34.469 UTC: 	 Proxy lifetime 604369 secs is different from voms extension lifetime 604368 secs for proxy: /tmp/x509up_u110046
DEBUG 2021-11-25 11:52:34.469 UTC: 	 Proxy valid for 167:52:48 hours
DEBUG 2021-11-25 11:52:35.178 UTC: 	 Executing : 
 command : env X509_USER_PROXY=/tmp/x509up_u110046 voms-proxy-info -fqan
 output : /cms/Role=NULL/Capability=NULL

 error: 
 retcode : 0
DEBUG 2021-11-25 11:52:35.263 UTC: 	 Registering user credentials for server /DC=ch/DC=cern/OU=computers/CN=crab-(preprod|prod|dev)-tw(02|01).cern.ch|/DC=ch/DC=cern/OU=computers/CN=stefanov(m|m2).cern.ch|/DC=ch/DC=cern/OU=computers/CN=dciangot-tw.cern.ch
DEBUG 2021-11-25 11:52:36.079 UTC: 	 Executing : 
 command : voms-proxy-info -file /tmp/x509up_u110046 -identity
 output : /DC=ch/DC=cern/OU=Organic Units/OU=Users/CN=yian/CN=826694/CN=Ying An

 error: 
 retcode : 0
DEBUG 2021-11-25 11:52:36.086 UTC: 	 Getting myproxy life time left for myproxy.cern.ch
DEBUG 2021-11-25 11:52:36.087 UTC: 	 using b52ac606a6f7097e9b4b8f05a3a67cc69f8f291b as credential login name
DEBUG 2021-11-25 11:52:36.491 UTC: 	 Executing : 
 command : myproxy-info -l b52ac606a6f7097e9b4b8f05a3a67cc69f8f291b -s myproxy.cern.ch
 output : username: b52ac606a6f7097e9b4b8f05a3a67cc69f8f291b
owner: /DC=ch/DC=cern/OU=Organic Units/OU=Users/CN=yian/CN=826694/CN=Ying An
  renewal policy: /DC=ch/DC=cern/OU=computers/CN=crab-(preprod|prod|dev)-tw(02|01).cern.ch|/DC=ch/DC=cern/OU=computers/CN=stefanov(m|m2).cern.ch|/DC=ch/DC=cern/OU=computers/CN=dciangot-tw.cern.ch
  trusted retrieval policy: /DC=ch/DC=cern/OU=computers/CN=crab-(preprod|prod|dev)-tw(02|01).cern.ch|/DC=ch/DC=cern/OU=computers/CN=stefanov(m|m2).cern.ch|/DC=ch/DC=cern/OU=computers/CN=dciangot-tw.cern.ch
  timeleft: 669:04:02  (27.9 days)

 error: 
 retcode : 0
DEBUG 2021-11-25 11:52:36.492 UTC: 	 Myproxy is valid: 2408642
DEBUG 2021-11-25 11:52:36.492 UTC: 	 Retrieving username ...
DEBUG 2021-11-25 11:52:36.492 UTC: 	 Retrieving username from CRIC...
DEBUG 2021-11-25 11:52:37.290 UTC: 	 username is yian
DEBUG 2021-11-25 11:52:37.297 UTC: 	 Getting myproxy life time left for myproxy.cern.ch
DEBUG 2021-11-25 11:52:37.298 UTC: 	 using yian_CRAB as credential login name
DEBUG 2021-11-25 11:52:37.603 UTC: 	 Executing : 
 command : myproxy-info -l yian_CRAB -s myproxy.cern.ch
 output : username: yian_CRAB
owner: /DC=ch/DC=cern/OU=Organic Units/OU=Users/CN=yian/CN=826694/CN=Ying An
  renewal policy: /DC=ch/DC=cern/OU=computers/CN=crab-(preprod|prod|dev)-tw(02|01).cern.ch|/DC=ch/DC=cern/OU=computers/CN=stefanov(m|m2).cern.ch|/DC=ch/DC=cern/OU=computers/CN=dciangot-tw.cern.ch
  trusted retrieval policy: /DC=ch/DC=cern/OU=computers/CN=crab-(preprod|prod|dev)-tw(02|01).cern.ch|/DC=ch/DC=cern/OU=computers/CN=stefanov(m|m2).cern.ch|/DC=ch/DC=cern/OU=computers/CN=dciangot-tw.cern.ch
  timeleft: 669:02:54  (27.9 days)

 error: 
 retcode : 0
DEBUG 2021-11-25 11:52:37.603 UTC: 	 Myproxy is valid: 2408574
DEBUG 2021-11-25 11:52:37.604 UTC: 	 Result of myproxy credential check:
  Credential exists on myproxy: username: b52ac606a6f7097e9b4b8f05a3a67cc69f8f291b  - validity: 27 days, 21:04:02
  Credential exists on myproxy: username: yian_CRAB  - validity: 27 days, 21:02:54
DEBUG 2021-11-25 11:52:37.604 UTC: 	 Command use: submit
DEBUG 2021-11-25 11:52:37.604 UTC: 	 Options use: ['-c', 'crabcode_2016/WJetsToLNu_TuneCP5_13TeV-madgraphMLM-pythia8_2016_cfg.py']
DEBUG 2021-11-25 11:52:37.661 UTC: 	 CRABClient version: v3.210825
DEBUG 2021-11-25 11:52:37.661 UTC: 	 Instance is prod
DEBUG 2021-11-25 11:52:37.661 UTC: 	 Server base url is cmsweb.cern.ch
DEBUG 2021-11-25 11:52:37.661 UTC: 	 Command api workflow
DEBUG 2021-11-25 11:52:37.661 UTC: 	 Started submission
DEBUG 2021-11-25 11:52:37.661 UTC: 	 Working on /afs/cern.ch/work/y/yian/work/GZ/CMSSW_10_6_20/src/PhysicsTools/NanoAODTools/WWG/2016post/fakelepton_crab/crab2016/crab_WJetsToLNu_TuneCP5_13TeV-madgraphMLM-pythia8_2016
DEBUG 2021-11-25 11:52:37.762 UTC: 	 Loading required information from the environment
DEBUG 2021-11-25 11:52:37.762 UTC: 	 Found CMSSW_10_6_20 for slc7_amd64_gcc820 with base /afs/cern.ch/work/y/yian/work/GZ/CMSSW_10_6_20
DEBUG 2021-11-25 11:52:37.762 UTC: 	 Loading required information from the environment
DEBUG 2021-11-25 11:52:37.762 UTC: 	 Found CMSSW_10_6_20 for slc7_amd64_gcc820 with base /afs/cern.ch/work/y/yian/work/GZ/CMSSW_10_6_20
DEBUG 2021-11-25 11:52:37.762 UTC: 	 UNIQUE NAME: tarUUID 0fa8bce4-b83c-40b9-80a1-9a7f205a4c79 
DEBUG 2021-11-25 11:52:37.763 UTC: 	 self.config: from WMCore.Configuration import Configuration
config = Configuration()
config.section_('General')
config.General.workArea = 'crab2016'
config.General.transferLogs = False
config.General.requestName = 'WJetsToLNu_TuneCP5_13TeV-madgraphMLM-pythia8_2016'
config.section_('JobType')
config.JobType.scriptArgs = ['isdata=MC', 'year=2016']
config.JobType.scriptExe = './WWG_crab_script.sh'
config.JobType.pluginName = 'Analysis'
config.JobType.sendPythonFolder = True
config.JobType.allowUndistributedCMSSW = True
config.JobType.psetName = 'PSet.py'
config.JobType.inputFiles = ['../../../scripts/haddnano.py', '../WWG_fakelepton/WWG_postproc.py', '../WWG_fakelepton/WWGfakelepton_Module.py', '../WWG_fakelepton/WWG_keep_and_drop.txt', '../WWG_fakelepton/WWG_output_branch.txt', '../WWG_fakelepton/DAS_filesearch.py']
config.section_('Data')
config.Data.inputDataset = '/WJetsToLNu_TuneCP5_13TeV-madgraphMLM-pythia8/RunIISummer20UL16NanoAODv9-106X_mcRun2_asymptotic_v17-v1/NANOAODSIM'
config.Data.allowNonValidInputDataset = True
config.Data.publication = False
config.Data.unitsPerJob = 1
config.Data.ignoreLocality = True
config.Data.inputDBS = 'global'
config.Data.splitting = 'FileBased'
config.Data.outputDatasetTag = 'WJetsToLNu_TuneCP5_13TeV-madgraphMLM-pythia8_2016'
config.section_('Site')
config.Site.whitelist = ['T2_US_MIT', 'T2_US_Wisconsin', 'T2_US_Purdue', 'T2_US_UCSD', 'T2_US_Caltech', 'T2_US_Nebraska']
config.Site.storageSite = 'T3_CH_CERNBOX'

DEBUG 2021-11-25 11:52:37.763 UTC: 	 self.config.JobType.psetName: PSet.py
INFO 2021-11-25 11:52:37.763 UTC: 	 Importing CMSSW configuration PSet.py
INFO 2021-11-25 11:52:38.185 UTC: 	 Finished importing CMSSW configuration PSet.py
DEBUG 2021-11-25 11:52:38.185 UTC: 	 Writing CMSSW configuration to /afs/cern.ch/work/y/yian/work/GZ/CMSSW_10_6_20/src/PhysicsTools/NanoAODTools/WWG/2016post/fakelepton_crab/crab2016/crab_WJetsToLNu_TuneCP5_13TeV-madgraphMLM-pythia8_2016/inputs/PSet.py
DEBUG 2021-11-25 11:52:38.194 UTC: 	 The following EDM output files will be collected: ['tree.root']
DEBUG 2021-11-25 11:52:38.195 UTC: 	 The following TFile output files will be collected: []
DEBUG 2021-11-25 11:52:38.195 UTC: 	 The following user output files (not listed as PoolOuputModule or TFileService in the CMSSW PSet) will be collected: 
DEBUG 2021-11-25 11:52:38.195 UTC: 	 Loading required information from the environment
DEBUG 2021-11-25 11:52:38.195 UTC: 	 Found CMSSW_10_6_20 for slc7_amd64_gcc820 with base /afs/cern.ch/work/y/yian/work/GZ/CMSSW_10_6_20
DEBUG 2021-11-25 11:52:38.195 UTC: 	 Making tarball in /afs/cern.ch/work/y/yian/work/GZ/CMSSW_10_6_20/src/PhysicsTools/NanoAODTools/WWG/2016post/fakelepton_crab/crab2016/crab_WJetsToLNu_TuneCP5_13TeV-madgraphMLM-pythia8_2016/inputs/0fa8bce4-b83c-40b9-80a1-9a7f205a4c79default.tgz
DEBUG 2021-11-25 11:52:38.196 UTC: 	 Checking directory /afs/cern.ch/work/y/yian/work/GZ/CMSSW_10_6_20/lib
DEBUG 2021-11-25 11:52:38.196 UTC: 	 Adding directory /afs/cern.ch/work/y/yian/work/GZ/CMSSW_10_6_20/lib to tarball
DEBUG 2021-11-25 11:52:38.330 UTC: 	 Checking directory /afs/cern.ch/work/y/yian/work/GZ/CMSSW_10_6_20/biglib
DEBUG 2021-11-25 11:52:38.330 UTC: 	 Adding directory /afs/cern.ch/work/y/yian/work/GZ/CMSSW_10_6_20/biglib to tarball
DEBUG 2021-11-25 11:52:38.331 UTC: 	 Checking directory /afs/cern.ch/work/y/yian/work/GZ/CMSSW_10_6_20/module
DEBUG 2021-11-25 11:52:38.331 UTC: 	 Checking directory /afs/cern.ch/work/y/yian/work/GZ/CMSSW_10_6_20/python
DEBUG 2021-11-25 11:52:38.331 UTC: 	 Adding directory /afs/cern.ch/work/y/yian/work/GZ/CMSSW_10_6_20/python to tarball
DEBUG 2021-11-25 11:52:40.887 UTC: 	 Checking directory /afs/cern.ch/work/y/yian/work/GZ/CMSSW_10_6_20/cfipython
DEBUG 2021-11-25 11:52:40.887 UTC: 	 Adding directory /afs/cern.ch/work/y/yian/work/GZ/CMSSW_10_6_20/cfipython to tarball
DEBUG 2021-11-25 11:52:41.082 UTC: 	 Adding data directory /afs/cern.ch/work/y/yian/work/GZ/CMSSW_10_6_20/src/PhysicsTools/NanoAODTools/data to tarball
DEBUG 2021-11-25 11:53:01.121 UTC: 	 Adding data directory /afs/cern.ch/work/y/yian/work/GZ/CMSSW_10_6_20/src/PhysicsTools/NanoAODTools/interface to tarball
DEBUG 2021-11-25 11:53:01.126 UTC: 	 Adding data directory /afs/cern.ch/work/y/yian/work/GZ/CMSSW_10_6_20/src/PhysicsTools/NanoAODTools/python/postprocessing/data to tarball
DEBUG 2021-11-25 11:53:03.483 UTC: 	 Adding file ../../../scripts/haddnano.py to tarball
DEBUG 2021-11-25 11:53:03.484 UTC: 	 Adding file ../WWG_fakelepton/WWG_postproc.py to tarball
DEBUG 2021-11-25 11:53:03.484 UTC: 	 Adding file ../WWG_fakelepton/WWGfakelepton_Module.py to tarball
DEBUG 2021-11-25 11:53:03.485 UTC: 	 Adding file ../WWG_fakelepton/WWG_keep_and_drop.txt to tarball
DEBUG 2021-11-25 11:53:03.485 UTC: 	 Adding file ../WWG_fakelepton/WWG_output_branch.txt to tarball
DEBUG 2021-11-25 11:53:03.485 UTC: 	 Adding file ../WWG_fakelepton/DAS_filesearch.py to tarball
DEBUG 2021-11-25 11:53:08.337 UTC: 	 Uploading archive /afs/cern.ch/work/y/yian/work/GZ/CMSSW_10_6_20/src/PhysicsTools/NanoAODTools/WWG/2016post/fakelepton_crab/crab2016/crab_WJetsToLNu_TuneCP5_13TeV-madgraphMLM-pythia8_2016/inputs/0fa8bce4-b83c-40b9-80a1-9a7f205a4c79default.tgz (94 MB) to the CRAB cache. Using URI https://cmsweb.cern.ch/S3/crabcache_prod
DEBUG 2021-11-25 11:53:30.789 UTC: 	 sandbox 98c30c6a4ce9153fb22dc3275d2414332d0e42d372c4bd2d84c5ce7e20c44246.tar.gz is already in the S3 store, will not upload again
DEBUG 2021-11-25 11:53:30.790 UTC: 	 Loading required information from the environment
DEBUG 2021-11-25 11:53:30.790 UTC: 	 Found CMSSW_10_6_20 for slc7_amd64_gcc820 with base /afs/cern.ch/work/y/yian/work/GZ/CMSSW_10_6_20
DEBUG 2021-11-25 11:53:30.790 UTC: 	 Making tarball in /afs/cern.ch/work/y/yian/work/GZ/CMSSW_10_6_20/src/PhysicsTools/NanoAODTools/WWG/2016post/fakelepton_crab/crab2016/crab_WJetsToLNu_TuneCP5_13TeV-madgraphMLM-pythia8_2016/inputs/debugFiles.tgz
DEBUG 2021-11-25 11:53:30.797 UTC: 	 Uploading archive /afs/cern.ch/work/y/yian/work/GZ/CMSSW_10_6_20/src/PhysicsTools/NanoAODTools/WWG/2016post/fakelepton_crab/crab2016/crab_WJetsToLNu_TuneCP5_13TeV-madgraphMLM-pythia8_2016/inputs/debugFiles.tgz (1 KB) to the CRAB cache. Using URI https://cmsweb.cern.ch/S3/crabcache_prod
DEBUG 2021-11-25 11:53:30.883 UTC: 	 sandbox aca2c0165d86d34df740ae1c6555d8278fef8f2c1f57a6930994c64545915364.tar.gz is already in the S3 store, will not upload again
DEBUG 2021-11-25 11:53:30.884 UTC: 	 Result uploading input files: 98c30c6a4ce9153fb22dc3275d2414332d0e42d372c4bd2d84c5ce7e20c44246.tar.gz 
INFO 2021-11-25 11:53:30.884 UTC: 	 Sending the request to the server at cmsweb.cern.ch
DEBUG 2021-11-25 11:53:30.884 UTC: 	 Submitting {'maxjobruntime': 1250, 'extrajdl': [], 'ignorelocality': 1, 'savelogsflag': 0, 'useparent': 0, 'scriptexe': 'WWG_crab_script.sh', 'asyncdest': 'T3_CH_CERNBOX', 'algoargs': 1, 'cachefilename': '98c30c6a4ce9153fb22dc3275d2414332d0e42d372c4bd2d84c5ce7e20c44246.tar.gz', 'numcores': 1, 'addoutputfiles': [], 'generator': 'pythia', 'maxmemory': 2000, 'publishdbsurl': 'https://cmsweb.cern.ch/dbs/prod/phys03/DBSWriter', 'priority': 10, 'jobsw': 'CMSSW_10_6_20', 'edmoutfiles': ['tree.root'], 'userfiles': [], 'primarydataset': '', 'inputdata': '/WJetsToLNu_TuneCP5_13TeV-madgraphMLM-pythia8/RunIISummer20UL16NanoAODv9-106X_mcRun2_asymptotic_v17-v1/NANOAODSIM', 'dryrun': 0, 'workflow': 'crab_WJetsToLNu_TuneCP5_13TeV-madgraphMLM-pythia8_2016', 'scriptargs': ['isdata=MC', 'year=2016'], 'sitewhitelist': ['T2_US_MIT', 'T2_US_Wisconsin', 'T2_US_Purdue', 'T2_US_UCSD', 'T2_US_Caltech', 'T2_US_Nebraska'], 'nonprodsw': 1, 'tfileoutfiles': [], 'oneEventMode': 0, 'debugfilename': 'aca2c0165d86d34df740ae1c6555d8278fef8f2c1f57a6930994c64545915364.tar.gz', 'cacheurl': u'https://cmsweb.cern.ch/S3/crabcache_prod', 'saveoutput': 1, 'publication': 0, 'jobarch': 'slc7_amd64_gcc820', 'totalunits': 0, 'splitalgo': 'FileBased', 'ignoreglobalblacklist': 0, 'nonvaliddata': 1, 'dbsurl': 'https://cmsweb.cern.ch/dbs/prod/global/DBSReader', 'publishgroupname': 0, 'jobtype': 'Analysis', 'publishname2': 'WJetsToLNu_TuneCP5_13TeV-madgraphMLM-pythia8_2016'} 
DEBUG 2021-11-25 11:53:30.885 UTC: 	 Encoded submit request: maxjobruntime=1250&ignorelocality=1&savelogsflag=0&useparent=0&scriptexe=WWG_crab_script.sh&asyncdest=T3_CH_CERNBOX&algoargs=1&cachefilename=98c30c6a4ce9153fb22dc3275d2414332d0e42d372c4bd2d84c5ce7e20c44246.tar.gz&numcores=1&generator=pythia&maxmemory=2000&publishdbsurl=https%3A%2F%2Fcmsweb.cern.ch%2Fdbs%2Fprod%2Fphys03%2FDBSWriter&priority=10&jobsw=CMSSW_10_6_20&primarydataset=&inputdata=%2FWJetsToLNu_TuneCP5_13TeV-madgraphMLM-pythia8%2FRunIISummer20UL16NanoAODv9-106X_mcRun2_asymptotic_v17-v1%2FNANOAODSIM&dryrun=0&workflow=crab_WJetsToLNu_TuneCP5_13TeV-madgraphMLM-pythia8_2016&nonprodsw=1&oneEventMode=0&debugfilename=aca2c0165d86d34df740ae1c6555d8278fef8f2c1f57a6930994c64545915364.tar.gz&cacheurl=https%3A%2F%2Fcmsweb.cern.ch%2FS3%2Fcrabcache_prod&saveoutput=1&publication=0&jobarch=slc7_amd64_gcc820&totalunits=0&splitalgo=FileBased&ignoreglobalblacklist=0&nonvaliddata=1&dbsurl=https%3A%2F%2Fcmsweb.cern.ch%2Fdbs%2Fprod%2Fglobal%2FDBSReader&publishgroupname=0&jobtype=Analysis&publishname2=WJetsToLNu_TuneCP5_13TeV-madgraphMLM-pythia8_2016&sitewhitelist=T2_US_MIT&sitewhitelist=T2_US_Wisconsin&sitewhitelist=T2_US_Purdue&sitewhitelist=T2_US_UCSD&sitewhitelist=T2_US_Caltech&sitewhitelist=T2_US_Nebraska&edmoutfiles=tree.root&scriptargs=isdata%3DMC&scriptargs=year%3D2016
DEBUG 2021-11-25 11:53:30.970 UTC: 	 Result: {u'result': [{u'RequestName': u'211125_115330:yian_crab_WJetsToLNu_TuneCP5_13TeV-madgraphMLM-pythia8_2016'}]}
INFO 2021-11-25 11:53:30.974 UTC: 	 Success: Your task has been delivered to the prod CRAB3 server.
INFO 2021-11-25 11:53:30.974 UTC: 	 Task name: 211125_115330:yian_crab_WJetsToLNu_TuneCP5_13TeV-madgraphMLM-pythia8_2016
INFO 2021-11-25 11:53:30.974 UTC: 	 Project dir: crab2016/crab_WJetsToLNu_TuneCP5_13TeV-madgraphMLM-pythia8_2016
INFO 2021-11-25 11:53:30.974 UTC: 	 Please use ' crab status -d crab2016/crab_WJetsToLNu_TuneCP5_13TeV-madgraphMLM-pythia8_2016 ' to check how the submission process proceeds.
DEBUG 2021-11-25 11:53:30.974 UTC: 	 About to return
INFO 2021-11-25 11:53:30.977 UTC: 	 Log file is /afs/cern.ch/work/y/yian/work/GZ/CMSSW_10_6_20/src/PhysicsTools/NanoAODTools/WWG/2016post/fakelepton_crab/crab2016/crab_WJetsToLNu_TuneCP5_13TeV-madgraphMLM-pythia8_2016/crab.log
DEBUG 2021-11-25 14:45:42.884 UTC: 	 CRAB Client version: v3.210825
DEBUG 2021-11-25 14:45:42.884 UTC: 	 Running on: Linux lxplus768.cern.ch 3.10.0-1160.45.1.el7.x86_64 #1 SMP Wed Oct 13 17:20:51 UTC 2021 x86_64 x86_64 x86_64 GNU/Linux - CentOS Linux 7 (Core)
DEBUG 2021-11-25 14:45:42.884 UTC: 	 Executing command: 'status'
DEBUG 2021-11-25 14:45:42.885 UTC: 	 Found CRAB cache file /afs/cern.ch/user/y/yian/.crab3
DEBUG 2021-11-25 14:45:43.214 UTC: 	 Checking credentials
DEBUG 2021-11-25 14:45:43.215 UTC: 	 Found proxy file /tmp/x509up_u110046
DEBUG 2021-11-25 14:45:43.215 UTC: 	 Getting proxy life time left
DEBUG 2021-11-25 14:45:43.920 UTC: 	 Executing : 
 command : voms-proxy-info -file /tmp/x509up_u110046 -timeleft
 output : 593979

 error: 
 retcode : 0
DEBUG 2021-11-25 14:45:44.628 UTC: 	 Executing : 
 command : voms-proxy-info -file /tmp/x509up_u110046 -actimeleft
 output : 593978

 error: 
 retcode : 0
DEBUG 2021-11-25 14:45:44.628 UTC: 	 Proxy lifetime 593979 secs is different from voms extension lifetime 593978 secs for proxy: /tmp/x509up_u110046
DEBUG 2021-11-25 14:45:44.628 UTC: 	 Proxy valid for 164:59:38 hours
DEBUG 2021-11-25 14:45:44.741 UTC: 	 Registering user credentials for server /DC=ch/DC=cern/OU=computers/CN=crab-(preprod|prod|dev)-tw(02|01).cern.ch|/DC=ch/DC=cern/OU=computers/CN=stefanov(m|m2).cern.ch|/DC=ch/DC=cern/OU=computers/CN=dciangot-tw.cern.ch
DEBUG 2021-11-25 14:45:45.455 UTC: 	 Executing : 
 command : voms-proxy-info -file /tmp/x509up_u110046 -identity
 output : /DC=ch/DC=cern/OU=Organic Units/OU=Users/CN=yian/CN=826694/CN=Ying An

 error: 
 retcode : 0
DEBUG 2021-11-25 14:45:45.462 UTC: 	 Getting myproxy life time left for myproxy.cern.ch
DEBUG 2021-11-25 14:45:45.463 UTC: 	 using b52ac606a6f7097e9b4b8f05a3a67cc69f8f291b as credential login name
DEBUG 2021-11-25 14:45:45.867 UTC: 	 Executing : 
 command : myproxy-info -l b52ac606a6f7097e9b4b8f05a3a67cc69f8f291b -s myproxy.cern.ch
 output : username: b52ac606a6f7097e9b4b8f05a3a67cc69f8f291b
owner: /DC=ch/DC=cern/OU=Organic Units/OU=Users/CN=yian/CN=826694/CN=Ying An
  renewal policy: /DC=ch/DC=cern/OU=computers/CN=crab-(preprod|prod|dev)-tw(02|01).cern.ch|/DC=ch/DC=cern/OU=computers/CN=stefanov(m|m2).cern.ch|/DC=ch/DC=cern/OU=computers/CN=dciangot-tw.cern.ch
  trusted retrieval policy: /DC=ch/DC=cern/OU=computers/CN=crab-(preprod|prod|dev)-tw(02|01).cern.ch|/DC=ch/DC=cern/OU=computers/CN=stefanov(m|m2).cern.ch|/DC=ch/DC=cern/OU=computers/CN=dciangot-tw.cern.ch
  timeleft: 666:10:53  (27.8 days)

 error: 
 retcode : 0
DEBUG 2021-11-25 14:45:45.868 UTC: 	 Myproxy is valid: 2398253
DEBUG 2021-11-25 14:45:45.868 UTC: 	 Retrieving username ...
DEBUG 2021-11-25 14:45:45.868 UTC: 	 Retrieving username from CRIC...
DEBUG 2021-11-25 14:45:46.718 UTC: 	 username is yian
DEBUG 2021-11-25 14:45:46.724 UTC: 	 Getting myproxy life time left for myproxy.cern.ch
DEBUG 2021-11-25 14:45:46.724 UTC: 	 using yian_CRAB as credential login name
DEBUG 2021-11-25 14:45:47.128 UTC: 	 Executing : 
 command : myproxy-info -l yian_CRAB -s myproxy.cern.ch
 output : username: yian_CRAB
owner: /DC=ch/DC=cern/OU=Organic Units/OU=Users/CN=yian/CN=826694/CN=Ying An
  renewal policy: /DC=ch/DC=cern/OU=computers/CN=crab-(preprod|prod|dev)-tw(02|01).cern.ch|/DC=ch/DC=cern/OU=computers/CN=stefanov(m|m2).cern.ch|/DC=ch/DC=cern/OU=computers/CN=dciangot-tw.cern.ch
  trusted retrieval policy: /DC=ch/DC=cern/OU=computers/CN=crab-(preprod|prod|dev)-tw(02|01).cern.ch|/DC=ch/DC=cern/OU=computers/CN=stefanov(m|m2).cern.ch|/DC=ch/DC=cern/OU=computers/CN=dciangot-tw.cern.ch
  timeleft: 666:09:44  (27.8 days)

 error: 
 retcode : 0
DEBUG 2021-11-25 14:45:47.129 UTC: 	 Myproxy is valid: 2398184
DEBUG 2021-11-25 14:45:47.129 UTC: 	 Result of myproxy credential check:
  Credential exists on myproxy: username: b52ac606a6f7097e9b4b8f05a3a67cc69f8f291b  - validity: 27 days, 18:10:53
  Credential exists on myproxy: username: yian_CRAB  - validity: 27 days, 18:09:44
DEBUG 2021-11-25 14:45:47.130 UTC: 	 Command use: status
DEBUG 2021-11-25 14:45:47.130 UTC: 	 Options use: ['-d', 'crab2016/crab_WJetsToLNu_TuneCP5_13TeV-madgraphMLM-pythia8_2016']
DEBUG 2021-11-25 14:45:47.190 UTC: 	 CRABClient version: v3.210825
DEBUG 2021-11-25 14:45:47.191 UTC: 	 Instance is prod
DEBUG 2021-11-25 14:45:47.191 UTC: 	 Server base url is cmsweb.cern.ch
DEBUG 2021-11-25 14:45:47.191 UTC: 	 Command api workflow
DEBUG 2021-11-25 14:45:47.255 UTC: 	 Got information from server oracle database: {u'result': [u'211125_115330:yian_crab_WJetsToLNu_TuneCP5_13TeV-madgraphMLM-pythia8_2016', u'None', u'None', u'SUBMITTED', u'SUBMIT', u'2021-11-25 11:53:30.959555', u'None', u'2021-11-25 11:54:21.053926', u'None', u'CMSSW_10_6_20', u'slc7_amd64_gcc820', u'/WJetsToLNu_TuneCP5_13TeV-madgraphMLM-pythia8/RunIISummer20UL16NanoAODv9-106X_mcRun2_asymptotic_v17-v1/NANOAODSIM', u'T', u'0', u"[u'T2_US_UCSD', u'T2_US_Wisconsin', u'T2_US_MIT', u'T2_US_Caltech', u'T2_US_Purdue', u'T2_US_Nebraska']", u'[]', u'FileBased', u"{'splitOnRun': False, 'halt_job_on_file_boundaries': False, 'files_per_job': 1, 'runs': [], 'lumis': []}", u'98c30c6a4ce9153fb22dc3275d2414332d0e42d372c4bd2d84c5ce7e20c44246.tar.gz', u'https://cmsweb.cern.ch/S3/crabcache_prod', u'yian', u'/DC=ch/DC=cern/OU=Organic Units/OU=Users/CN=yian/CN=826694/CN=Ying An', u'cms', u'None', u'None', u'WJetsToLNu_TuneCP5_13TeV-madgraphMLM-pythia8_2016-00000000000000000000000000000000', u'F', u'T3_CH_CERNBOX', u'https://cmsweb.cern.ch/dbs/prod/global/DBSReader', u'https://cmsweb.cern.ch/dbs/prod/phys03/DBSWriter', u'F', u'[]', u'[]', u"[b'tree.root']", u'Analysis', u'pythia', u'None', u'{}', u'[]', u'F', u'crab-prod-tw01', u'[]', u'1250', u'1', u'2000', u'10', u"['/WJetsToLNu_TuneCP5_13TeV-madgraphMLM-pythia8/yian-WJetsToLNu_TuneCP5_13TeV-madgraphMLM-pythia8_2016-cdc8a5f8d50b7902483cf88592ab9ddb/USER']", u'[]', u'http://vocms0195.cern.ch/mon/cms1407/211125_115330:yian_crab_WJetsToLNu_TuneCP5_13TeV-madgraphMLM-pythia8_2016', u'WWG_crab_script.sh', u"[b'isdata=MC', b'year=2016']", u'[]', u'https://cmsweb.cern.ch/crabserver/prod', u'cmsgwms-collector-global.cern.ch:9620,cmsgwms-collector-global.fnal.gov:9620', u'crab3@vocms0195.cern.ch', u'F', u'[]', u'T', u'/store/user/yian/', u'T', u'None', u'F', u'None', u'WJetsToLNu_TuneCP5_13TeV-madgraphMLM-pythia8', u'None', u'aca2c0165d86d34df740ae1c6555d8278fef8f2c1f57a6930994c64545915364.tar.gz', u'70421168', u'filetransfers', u'F', u'188.184.75.95', u'0.0', u'None'], u'desc': {u'columns': [u'tm_taskname', u'tm_activity', u'panda_jobset_id', u'tm_task_status', u'tm_task_command', u'tm_start_time', u'tm_start_injection', u'tm_end_injection', u'tm_task_failure', u'tm_job_sw', u'tm_job_arch', u'tm_input_dataset', u'tm_nonvalid_input_dataset', u'tm_use_parent', u'tm_site_whitelist', u'tm_site_blacklist', u'tm_split_algo', u'tm_split_args', u'tm_user_sandbox', u'tm_cache_url', u'tm_username', u'tm_user_dn', u'tm_user_vo', u'tm_user_role', u'tm_user_group', u'tm_publish_name', u'tm_publish_groupname', u'tm_asyncdest', u'tm_dbs_url', u'tm_publish_dbs_url', u'tm_publication', u'tm_outfiles', u'tm_tfile_outfiles', u'tm_edm_outfiles', u'tm_job_type', u'tm_generator', u'tm_events_per_lumi', u'tm_arguments', u'panda_resubmitted_jobs', u'tm_save_logs', u'tw_name', u'tm_user_infiles', u'tm_maxjobruntime', u'tm_numcores', u'tm_maxmemory', u'tm_priority', u'tm_output_dataset', u'tm_task_warnings', u'tm_user_webdir', u'tm_scriptexe', u'tm_scriptargs', u'tm_extrajdl', u'tm_asourl', u'tm_collector', u'tm_schedd', u'tm_dry_run', u'tm_user_files', u'tm_transfer_outputs', u'tm_output_lfn', u'tm_ignore_locality', u'tm_fail_limit', u'tm_one_event_mode', u'tm_secondary_input_dataset', u'tm_primary_dataset', u'tm_last_publication', u'tm_debug_files', u'clusterid', u'tm_asodb', u'tm_ignore_global_blacklist', u'tm_submitter_ip_addr', u'tm_totalunits', u'tm_ddm_reqid']}}
INFO 2021-11-25 14:45:47.256 UTC: 	 CRAB project directory:		/afs/cern.ch/work/y/yian/work/GZ/CMSSW_10_6_20/src/PhysicsTools/NanoAODTools/WWG/2016post/fakelepton_crab/crab2016/crab_WJetsToLNu_TuneCP5_13TeV-madgraphMLM-pythia8_2016
INFO 2021-11-25 14:45:47.256 UTC: 	 Task name:			211125_115330:yian_crab_WJetsToLNu_TuneCP5_13TeV-madgraphMLM-pythia8_2016
INFO 2021-11-25 14:45:47.256 UTC: 	 Grid scheduler - Task Worker:	crab3@vocms0195.cern.ch - crab-prod-tw01
INFO 2021-11-25 14:45:47.256 UTC: 	 Status on the CRAB server:	SUBMITTED
INFO 2021-11-25 14:45:47.256 UTC: 	 Task URL to use for HELP:	https://cmsweb.cern.ch/crabserver/ui/task/211125_115330%3Ayian_crab_WJetsToLNu_TuneCP5_13TeV-madgraphMLM-pythia8_2016
INFO 2021-11-25 14:45:47.260 UTC: 	 Dashboard monitoring URL:	https://monit-grafana.cern.ch/d/cmsTMDetail/cms-task-monitoring-task-view?orgId=11&var-user=yian&var-task=211125_115330%3Ayian_crab_WJetsToLNu_TuneCP5_13TeV-madgraphMLM-pythia8_2016&from=1637837610000&to=now
DEBUG 2021-11-25 14:45:47.260 UTC: 	 The CRAB server submitted your task to the Grid scheduler (cluster ID: 70421168)
DEBUG 2021-11-25 14:45:47.260 UTC: 	 Webdir is located at http://vocms0195.cern.ch/mon/cms1407/211125_115330:yian_crab_WJetsToLNu_TuneCP5_13TeV-madgraphMLM-pythia8_2016
DEBUG 2021-11-25 14:45:47.349 UTC: 	 Proxied webdir is located at https://cmsweb.cern.ch:8443/scheddmon/0195/cms1407/211125_115330:yian_crab_WJetsToLNu_TuneCP5_13TeV-madgraphMLM-pythia8_2016
DEBUG 2021-11-25 14:45:47.349 UTC: 	 Retrieving 'status_cache' file from https://cmsweb.cern.ch:8443/scheddmon/0195/cms1407/211125_115330:yian_crab_WJetsToLNu_TuneCP5_13TeV-madgraphMLM-pythia8_2016/status_cache
DEBUG 2021-11-25 14:45:47.397 UTC: 	 Got information from status cache file: {'56': {'Retries': 0, 'WallDurations': [0], 'StartTimes': [], 'SubmitTimes': [1637841287.0], 'JobIds': ['70421223.0'], 'EndTimes': [], 'Restarts': 0, 'RecordedSite': False, 'State': 'idle', 'ResidentSetSize': [0], 'TotalUserCpuTimeHistory': [0.0], 'SiteHistory': ['Unknown'], 'TotalSysCpuTimeHistory': [0.0]}, '54': {'Retries': 0, 'WallDurations': [0], 'StartTimes': [], 'SubmitTimes': [1637841287.0], 'JobIds': ['70421222.0'], 'EndTimes': [], 'Restarts': 0, 'RecordedSite': False, 'State': 'idle', 'ResidentSetSize': [0], 'TotalUserCpuTimeHistory': [0.0], 'SiteHistory': ['Unknown'], 'TotalSysCpuTimeHistory': [0.0]}, '42': {'Retries': 0, 'WallDurations': [0], 'StartTimes': [], 'SubmitTimes': [1637841280.0], 'JobIds': ['70421210.0'], 'EndTimes': [], 'Restarts': 0, 'RecordedSite': False, 'State': 'idle', 'ResidentSetSize': [0], 'TotalUserCpuTimeHistory': [0.0], 'SiteHistory': ['Unknown'], 'TotalSysCpuTimeHistory': [0.0]}, '22': {'Retries': 0, 'WallDurations': [9.0, 140.19780707359314, 1213.0], 'StartTimes': [1637849921.0], 'SubmitTimes': [1637841275.0], 'JobIds': ['70421191.0'], 'EndTimes': [], 'Restarts': 0, 'RecordedSite': True, 'State': 'running', 'ResidentSetSize': [875304], 'TotalUserCpuTimeHistory': [230.0], 'SiteHistory': ['Unknown', 'T2_US_MIT', 'T2_US_MIT'], 'TotalSysCpuTimeHistory': [11.0]}, '43': {'Retries': 0, 'WallDurations': [0], 'StartTimes': [], 'SubmitTimes': [1637841280.0], 'JobIds': ['70421211.0'], 'EndTimes': [], 'Restarts': 0, 'RecordedSite': False, 'State': 'idle', 'ResidentSetSize': [0], 'TotalUserCpuTimeHistory': [0.0], 'SiteHistory': ['Unknown'], 'TotalSysCpuTimeHistory': [0.0]}, '60': {'Retries': 0, 'WallDurations': [0], 'StartTimes': [], 'SubmitTimes': [1637841288.0], 'JobIds': ['70421226.0'], 'EndTimes': [], 'Restarts': 0, 'RecordedSite': False, 'State': 'idle', 'ResidentSetSize': [0], 'TotalUserCpuTimeHistory': [0.0], 'SiteHistory': ['Unknown'], 'TotalSysCpuTimeHistory': [0.0]}, '61': {'Retries': 0, 'WallDurations': [0], 'StartTimes': [], 'SubmitTimes': [1637841288.0], 'JobIds': ['70421229.0'], 'EndTimes': [], 'Restarts': 0, 'RecordedSite': False, 'State': 'idle', 'ResidentSetSize': [0], 'TotalUserCpuTimeHistory': [0.0], 'SiteHistory': ['Unknown'], 'TotalSysCpuTimeHistory': [0.0]}, '62': {'Retries': 0, 'WallDurations': [0], 'StartTimes': [], 'SubmitTimes': [1637841288.0], 'JobIds': ['70421230.0'], 'EndTimes': [], 'Restarts': 0, 'RecordedSite': False, 'State': 'idle', 'ResidentSetSize': [0], 'TotalUserCpuTimeHistory': [0.0], 'SiteHistory': ['Unknown'], 'TotalSysCpuTimeHistory': [0.0]}, '63': {'Retries': 0, 'WallDurations': [0], 'StartTimes': [], 'SubmitTimes': [1637841288.0], 'JobIds': ['70421231.0'], 'EndTimes': [], 'Restarts': 0, 'RecordedSite': False, 'State': 'idle', 'ResidentSetSize': [0], 'TotalUserCpuTimeHistory': [0.0], 'SiteHistory': ['Unknown'], 'TotalSysCpuTimeHistory': [0.0]}, '64': {'Retries': 0, 'WallDurations': [0], 'StartTimes': [], 'SubmitTimes': [1637841288.0], 'JobIds': ['70421232.0'], 'EndTimes': [], 'Restarts': 0, 'RecordedSite': False, 'State': 'idle', 'ResidentSetSize': [0], 'TotalUserCpuTimeHistory': [0.0], 'SiteHistory': ['Unknown'], 'TotalSysCpuTimeHistory': [0.0]}, '65': {'Retries': 0, 'WallDurations': [0], 'StartTimes': [], 'SubmitTimes': [1637841289.0], 'JobIds': ['70421234.0'], 'EndTimes': [], 'Restarts': 0, 'RecordedSite': False, 'State': 'idle', 'ResidentSetSize': [0], 'TotalUserCpuTimeHistory': [0.0], 'SiteHistory': ['Unknown'], 'TotalSysCpuTimeHistory': [0.0]}, '66': {'Retries': 0, 'WallDurations': [0], 'StartTimes': [], 'SubmitTimes': [1637841288.0], 'JobIds': ['70421233.0'], 'EndTimes': [], 'Restarts': 0, 'RecordedSite': False, 'State': 'idle', 'ResidentSetSize': [0], 'TotalUserCpuTimeHistory': [0.0], 'SiteHistory': ['Unknown'], 'TotalSysCpuTimeHistory': [0.0]}, '67': {'Retries': 0, 'WallDurations': [0], 'StartTimes': [], 'SubmitTimes': [1637841289.0], 'JobIds': ['70421235.0'], 'EndTimes': [], 'Restarts': 0, 'RecordedSite': False, 'State': 'idle', 'ResidentSetSize': [0], 'TotalUserCpuTimeHistory': [0.0], 'SiteHistory': ['Unknown'], 'TotalSysCpuTimeHistory': [0.0]}, '68': {'Retries': 0, 'WallDurations': [0], 'StartTimes': [], 'SubmitTimes': [1637841289.0], 'JobIds': ['70421236.0'], 'EndTimes': [], 'Restarts': 0, 'RecordedSite': False, 'State': 'idle', 'ResidentSetSize': [0], 'TotalUserCpuTimeHistory': [0.0], 'SiteHistory': ['Unknown'], 'TotalSysCpuTimeHistory': [0.0]}, '52': {'Retries': 0, 'WallDurations': [0], 'StartTimes': [], 'SubmitTimes': [1637841287.0], 'JobIds': ['70421220.0'], 'EndTimes': [], 'Restarts': 0, 'RecordedSite': False, 'State': 'idle', 'ResidentSetSize': [0], 'TotalUserCpuTimeHistory': [0.0], 'SiteHistory': ['Unknown'], 'TotalSysCpuTimeHistory': [0.0]}, '53': {'Retries': 0, 'WallDurations': [0], 'StartTimes': [], 'SubmitTimes': [1637841287.0], 'JobIds': ['70421221.0'], 'EndTimes': [], 'Restarts': 0, 'RecordedSite': False, 'State': 'idle', 'ResidentSetSize': [0], 'TotalUserCpuTimeHistory': [0.0], 'SiteHistory': ['Unknown'], 'TotalSysCpuTimeHistory': [0.0]}, '24': {'Retries': 0, 'WallDurations': [8.0, 210.98645305633545, 210.98645305633545], 'StartTimes': [1637851057.0], 'SubmitTimes': [1637841276.0], 'JobIds': ['70421193.0'], 'EndTimes': [], 'Restarts': 0, 'RecordedSite': True, 'State': 'running', 'ResidentSetSize': [3212], 'TotalUserCpuTimeHistory': [0.0], 'SiteHistory': ['Unknown', 'T2_US_MIT', 'T2_US_MIT'], 'TotalSysCpuTimeHistory': [0.0]}, '25': {'Retries': 0, 'WallDurations': [8.0, 105.98645305633545, 105.98645305633545], 'StartTimes': [1637851162.0], 'SubmitTimes': [1637841276.0], 'JobIds': ['70421194.0'], 'EndTimes': [], 'Restarts': 0, 'RecordedSite': True, 'State': 'running', 'ResidentSetSize': [29164], 'TotalUserCpuTimeHistory': [0.0], 'SiteHistory': ['Unknown', 'T2_US_MIT', 'T2_US_MIT'], 'TotalSysCpuTimeHistory': [0.0]}, '26': {'Retries': 0, 'WallDurations': [9.0, 37.98645305633545, 37.98645305633545], 'StartTimes': [1637851230.0], 'SubmitTimes': [1637841276.0], 'JobIds': ['70421195.0'], 'EndTimes': [], 'Restarts': 0, 'RecordedSite': True, 'State': 'running', 'ResidentSetSize': [2848], 'TotalUserCpuTimeHistory': [0.0], 'SiteHistory': ['Unknown', 'T2_US_MIT', 'T2_US_MIT'], 'TotalSysCpuTimeHistory': [0.0]}, '27': {'Retries': 0, 'WallDurations': [0], 'StartTimes': [], 'SubmitTimes': [1637841276.0], 'JobIds': ['70421196.0'], 'EndTimes': [], 'Restarts': 0, 'RecordedSite': False, 'State': 'idle', 'ResidentSetSize': [0], 'TotalUserCpuTimeHistory': [0.0], 'SiteHistory': ['Unknown'], 'TotalSysCpuTimeHistory': [0.0]}, '20': {'Retries': 0, 'WallDurations': [8.0, 236.1669249534607, 2709.0], 'StartTimes': [1637848016.0], 'SubmitTimes': [1637841275.0], 'JobIds': ['70421189.0'], 'EndTimes': [], 'Restarts': 0, 'RecordedSite': True, 'State': 'running', 'ResidentSetSize': [842456], 'TotalUserCpuTimeHistory': [385.0], 'SiteHistory': ['Unknown', 'T2_US_MIT', 'T2_US_MIT'], 'TotalSysCpuTimeHistory': [20.0]}, '21': {'Retries': 0, 'WallDurations': [9.0, 227.97393107414246, 2116.0], 'StartTimes': [1637848627.0], 'SubmitTimes': [1637841275.0], 'JobIds': ['70421190.0'], 'EndTimes': [], 'Restarts': 0, 'RecordedSite': True, 'State': 'running', 'ResidentSetSize': [856440], 'TotalUserCpuTimeHistory': [408.0], 'SiteHistory': ['Unknown', 'T2_US_MIT', 'T2_US_MIT'], 'TotalSysCpuTimeHistory': [13.0]}, '48': {'Retries': 0, 'WallDurations': [0], 'StartTimes': [], 'SubmitTimes': [1637841286.0], 'JobIds': ['70421216.0'], 'EndTimes': [], 'Restarts': 0, 'RecordedSite': False, 'State': 'idle', 'ResidentSetSize': [0], 'TotalUserCpuTimeHistory': [0.0], 'SiteHistory': ['Unknown'], 'TotalSysCpuTimeHistory': [0.0]}, '49': {'Retries': 0, 'WallDurations': [0], 'StartTimes': [], 'SubmitTimes': [1637841286.0], 'JobIds': ['70421217.0'], 'EndTimes': [], 'Restarts': 0, 'RecordedSite': False, 'State': 'idle', 'ResidentSetSize': [0], 'TotalUserCpuTimeHistory': [0.0], 'SiteHistory': ['Unknown'], 'TotalSysCpuTimeHistory': [0.0]}, '46': {'Retries': 0, 'WallDurations': [0], 'StartTimes': [], 'SubmitTimes': [1637841281.0], 'JobIds': ['70421214.0'], 'EndTimes': [], 'Restarts': 0, 'RecordedSite': False, 'State': 'idle', 'ResidentSetSize': [0], 'TotalUserCpuTimeHistory': [0.0], 'SiteHistory': ['Unknown'], 'TotalSysCpuTimeHistory': [0.0]}, '23': {'Retries': 0, 'WallDurations': [9.0, 30.93703007698059, 912.0], 'StartTimes': [1637850332.0], 'SubmitTimes': [1637841276.0], 'JobIds': ['70421192.0'], 'EndTimes': [], 'Restarts': 0, 'RecordedSite': True, 'State': 'running', 'ResidentSetSize': [703404], 'TotalUserCpuTimeHistory': [208.0], 'SiteHistory': ['Unknown', 'T2_US_MIT', 'T2_US_MIT'], 'TotalSysCpuTimeHistory': [8.0]}, '44': {'Retries': 0, 'WallDurations': [0], 'StartTimes': [], 'SubmitTimes': [1637841280.0], 'JobIds': ['70421212.0'], 'EndTimes': [], 'Restarts': 0, 'RecordedSite': False, 'State': 'idle', 'ResidentSetSize': [0], 'TotalUserCpuTimeHistory': [0.0], 'SiteHistory': ['Unknown'], 'TotalSysCpuTimeHistory': [0.0]}, '45': {'Retries': 0, 'WallDurations': [0], 'StartTimes': [], 'SubmitTimes': [1637841280.0], 'JobIds': ['70421213.0'], 'EndTimes': [], 'Restarts': 0, 'RecordedSite': False, 'State': 'idle', 'ResidentSetSize': [0], 'TotalUserCpuTimeHistory': [0.0], 'SiteHistory': ['Unknown'], 'TotalSysCpuTimeHistory': [0.0]}, '28': {'Retries': 0, 'WallDurations': [0], 'StartTimes': [], 'SubmitTimes': [1637841276.0], 'JobIds': ['70421197.0'], 'EndTimes': [], 'Restarts': 0, 'RecordedSite': False, 'State': 'idle', 'ResidentSetSize': [0], 'TotalUserCpuTimeHistory': [0.0], 'SiteHistory': ['Unknown'], 'TotalSysCpuTimeHistory': [0.0]}, '29': {'Retries': 0, 'WallDurations': [0], 'StartTimes': [], 'SubmitTimes': [1637841276.0], 'JobIds': ['70421198.0'], 'EndTimes': [], 'Restarts': 0, 'RecordedSite': False, 'State': 'idle', 'ResidentSetSize': [0], 'TotalUserCpuTimeHistory': [0.0], 'SiteHistory': ['Unknown'], 'TotalSysCpuTimeHistory': [0.0]}, '40': {'Retries': 0, 'WallDurations': [0], 'StartTimes': [], 'SubmitTimes': [1637841280.0], 'JobIds': ['70421208.0'], 'EndTimes': [], 'Restarts': 0, 'RecordedSite': False, 'State': 'idle', 'ResidentSetSize': [0], 'TotalUserCpuTimeHistory': [0.0], 'SiteHistory': ['Unknown'], 'TotalSysCpuTimeHistory': [0.0]}, '41': {'Retries': 0, 'WallDurations': [0], 'StartTimes': [], 'SubmitTimes': [1637841280.0], 'JobIds': ['70421209.0'], 'EndTimes': [], 'Restarts': 0, 'RecordedSite': False, 'State': 'idle', 'ResidentSetSize': [0], 'TotalUserCpuTimeHistory': [0.0], 'SiteHistory': ['Unknown'], 'TotalSysCpuTimeHistory': [0.0]}, '1': {'Retries': 0, 'WallDurations': [0], 'StartTimes': [], 'SubmitTimes': [1637841268.0], 'JobIds': ['70421170.0'], 'EndTimes': [], 'Restarts': 0, 'RecordedSite': False, 'State': 'idle', 'ResidentSetSize': [0], 'TotalUserCpuTimeHistory': [0.0], 'SiteHistory': ['Unknown'], 'TotalSysCpuTimeHistory': [0.0]}, '3': {'Retries': 0, 'WallDurations': [0], 'StartTimes': [], 'SubmitTimes': [1637841268.0], 'JobIds': ['70421172.0'], 'EndTimes': [], 'Restarts': 0, 'RecordedSite': False, 'State': 'idle', 'ResidentSetSize': [0], 'TotalUserCpuTimeHistory': [0.0], 'SiteHistory': ['Unknown'], 'TotalSysCpuTimeHistory': [0.0]}, '2': {'Retries': 0, 'WallDurations': [0], 'StartTimes': [], 'SubmitTimes': [1637841268.0], 'JobIds': ['70421171.0'], 'EndTimes': [], 'Restarts': 0, 'RecordedSite': False, 'State': 'idle', 'ResidentSetSize': [0], 'TotalUserCpuTimeHistory': [0.0], 'SiteHistory': ['Unknown'], 'TotalSysCpuTimeHistory': [0.0]}, '5': {'Retries': 0, 'WallDurations': [0], 'StartTimes': [], 'SubmitTimes': [1637841268.0], 'JobIds': ['70421174.0'], 'EndTimes': [], 'Restarts': 0, 'RecordedSite': False, 'State': 'idle', 'ResidentSetSize': [0], 'TotalUserCpuTimeHistory': [0.0], 'SiteHistory': ['Unknown'], 'TotalSysCpuTimeHistory': [0.0]}, '4': {'Retries': 0, 'WallDurations': [0], 'StartTimes': [], 'SubmitTimes': [1637841268.0], 'JobIds': ['70421173.0'], 'EndTimes': [], 'Restarts': 0, 'RecordedSite': False, 'State': 'idle', 'ResidentSetSize': [0], 'TotalUserCpuTimeHistory': [0.0], 'SiteHistory': ['Unknown'], 'TotalSysCpuTimeHistory': [0.0]}, '7': {'Retries': 0, 'WallDurations': [9.0, 265.6602580547333, 5719.0], 'StartTimes': [1637845276.0], 'SubmitTimes': [1637841269.0], 'JobIds': ['70421176.0'], 'EndTimes': [], 'Restarts': 0, 'RecordedSite': True, 'State': 'running', 'ResidentSetSize': [927248], 'TotalUserCpuTimeHistory': [5222.0], 'SiteHistory': ['Unknown', 'T2_US_MIT', 'T2_US_MIT'], 'TotalSysCpuTimeHistory': [323.0]}, '6': {'Retries': 0, 'WallDurations': [9.0, 82.46553993225098, 6025.0], 'StartTimes': [1637845159.0], 'SubmitTimes': [1637841268.0], 'JobIds': ['70421175.0'], 'EndTimes': [], 'Restarts': 0, 'RecordedSite': True, 'State': 'running', 'ResidentSetSize': [917184], 'TotalUserCpuTimeHistory': [5463.0], 'SiteHistory': ['Unknown', 'T2_US_MIT', 'T2_US_MIT'], 'TotalSysCpuTimeHistory': [284.0]}, '9': {'Retries': 0, 'WallDurations': [10.0, 174.85264897346497, 744.0], 'StartTimes': [1637845667.0], 'SubmitTimes': [1637841269.0], 'JobIds': ['70421178.0'], 'EndTimes': [1637846411.0], 'Restarts': 0, 'RecordedSite': True, 'State': 'finished', 'ResidentSetSize': [740064], 'TotalUserCpuTimeHistory': [173], 'SiteHistory': ['Unknown', 'T2_US_MIT', 'T2_US_MIT'], 'TotalSysCpuTimeHistory': [3]}, '8': {'Retries': 0, 'WallDurations': [8.0, 274.85264897346497, 5419.0], 'StartTimes': [1637845567.0], 'SubmitTimes': [1637841269.0], 'JobIds': ['70421177.0'], 'EndTimes': [], 'Restarts': 0, 'RecordedSite': True, 'State': 'running', 'ResidentSetSize': [837708], 'TotalUserCpuTimeHistory': [4995.0], 'SiteHistory': ['Unknown', 'T2_US_MIT', 'T2_US_MIT'], 'TotalSysCpuTimeHistory': [258.0]}, '39': {'Retries': 0, 'WallDurations': [0], 'StartTimes': [], 'SubmitTimes': [1637841279.0], 'JobIds': ['70421207.0'], 'EndTimes': [], 'Restarts': 0, 'RecordedSite': False, 'State': 'idle', 'ResidentSetSize': [0], 'TotalUserCpuTimeHistory': [0.0], 'SiteHistory': ['Unknown'], 'TotalSysCpuTimeHistory': [0.0]}, '47': {'Retries': 0, 'WallDurations': [0], 'StartTimes': [], 'SubmitTimes': [1637841286.0], 'JobIds': ['70421215.0'], 'EndTimes': [], 'Restarts': 0, 'RecordedSite': False, 'State': 'idle', 'ResidentSetSize': [0], 'TotalUserCpuTimeHistory': [0.0], 'SiteHistory': ['Unknown'], 'TotalSysCpuTimeHistory': [0.0]}, '38': {'Retries': 0, 'WallDurations': [0], 'StartTimes': [], 'SubmitTimes': [1637841289.0], 'JobIds': ['70421237.0'], 'EndTimes': [], 'Restarts': 0, 'RecordedSite': False, 'State': 'idle', 'ResidentSetSize': [0], 'TotalUserCpuTimeHistory': [0.0], 'SiteHistory': ['Unknown'], 'TotalSysCpuTimeHistory': [0.0]}, '59': {'Retries': 0, 'WallDurations': [0], 'StartTimes': [], 'SubmitTimes': [1637841288.0], 'JobIds': ['70421227.0'], 'EndTimes': [], 'Restarts': 0, 'RecordedSite': False, 'State': 'idle', 'ResidentSetSize': [0], 'TotalUserCpuTimeHistory': [0.0], 'SiteHistory': ['Unknown'], 'TotalSysCpuTimeHistory': [0.0]}, '14': {'Retries': 0, 'WallDurations': [10.0, 73.21785092353821, 2250.0], 'StartTimes': [1637846369.0], 'SubmitTimes': [1637841269.0], 'JobIds': ['70421182.0'], 'EndTimes': [1637848619.0], 'Restarts': 0, 'RecordedSite': True, 'State': 'finished', 'ResidentSetSize': [788080], 'TotalUserCpuTimeHistory': [439], 'SiteHistory': ['Unknown', 'T2_US_MIT', 'T2_US_MIT'], 'TotalSysCpuTimeHistory': [17]}, '11': {'Retries': 0, 'WallDurations': [8.0, 112.21785092353821, 3580.0], 'StartTimes': [1637846330.0], 'SubmitTimes': [1637841269.0], 'JobIds': ['70421181.0'], 'EndTimes': [1637849910.0], 'Restarts': 0, 'RecordedSite': True, 'State': 'transferring', 'ResidentSetSize': [788240], 'TotalUserCpuTimeHistory': [3261], 'SiteHistory': ['Unknown', 'T2_US_MIT', 'T2_US_MIT'], 'TotalSysCpuTimeHistory': [159]}, '10': {'Retries': 0, 'WallDurations': [8.0, 168.85264897346497, 4817.0], 'StartTimes': [1637845673.0], 'SubmitTimes': [1637841269.0], 'JobIds': ['70421179.0'], 'EndTimes': [], 'Restarts': 0, 'RecordedSite': True, 'State': 'running', 'ResidentSetSize': [786716], 'TotalUserCpuTimeHistory': [713.0], 'SiteHistory': ['Unknown', 'T2_US_MIT', 'T2_US_MIT'], 'TotalSysCpuTimeHistory': [55.0]}, '13': {'Retries': 0, 'WallDurations': [9.0, 144.98223209381104, 4553.0], 'StartTimes': [1637846599.0], 'SubmitTimes': [1637841270.0], 'JobIds': ['70421184.0'], 'EndTimes': [1637851152.0], 'Restarts': 0, 'RecordedSite': True, 'State': 'transferring', 'ResidentSetSize': [979248], 'TotalUserCpuTimeHistory': [4170], 'SiteHistory': ['Unknown', 'T2_US_MIT', 'T2_US_MIT'], 'TotalSysCpuTimeHistory': [197]}, '12': {'Retries': 0, 'WallDurations': [8.0, 177.2178509235382, 4816.0], 'StartTimes': [1637846265.0], 'SubmitTimes': [1637841269.0], 'JobIds': ['70421180.0'], 'EndTimes': [], 'Restarts': 0, 'RecordedSite': True, 'State': 'running', 'ResidentSetSize': [896772], 'TotalUserCpuTimeHistory': [4471.0], 'SiteHistory': ['Unknown', 'T2_US_MIT', 'T2_US_MIT'], 'TotalSysCpuTimeHistory': [146.0]}, '15': {'Retries': 0, 'WallDurations': [8.0, 23.217850923538208, 4513.0], 'StartTimes': [1637846419.0], 'SubmitTimes': [1637841270.0], 'JobIds': ['70421183.0'], 'EndTimes': [], 'Restarts': 0, 'RecordedSite': True, 'State': 'running', 'ResidentSetSize': [807968], 'TotalUserCpuTimeHistory': [391.0], 'SiteHistory': ['Unknown', 'T2_US_MIT', 'T2_US_MIT'], 'TotalSysCpuTimeHistory': [13.0]}, '58': {'Retries': 0, 'WallDurations': [0], 'StartTimes': [], 'SubmitTimes': [1637841288.0], 'JobIds': ['70421228.0'], 'EndTimes': [], 'Restarts': 0, 'RecordedSite': False, 'State': 'idle', 'ResidentSetSize': [0], 'TotalUserCpuTimeHistory': [0.0], 'SiteHistory': ['Unknown'], 'TotalSysCpuTimeHistory': [0.0]}, '17': {'Retries': 0, 'WallDurations': [0, 0.8312110900878906, 2411.0], 'StartTimes': [1637847950.0], 'SubmitTimes': [1637841275.0], 'JobIds': ['70421187.0'], 'EndTimes': [], 'Restarts': 0, 'RecordedSite': True, 'State': 'running', 'ResidentSetSize': [803616], 'TotalUserCpuTimeHistory': [735.0], 'SiteHistory': ['Unknown', 'T2_US_MIT', 'T2_US_MIT'], 'TotalSysCpuTimeHistory': [39.0]}, '16': {'Retries': 0, 'WallDurations': [9.0, 56.982232093811035, 4217.0], 'StartTimes': [1637846687.0], 'SubmitTimes': [1637841270.0], 'JobIds': ['70421185.0'], 'EndTimes': [], 'Restarts': 0, 'RecordedSite': True, 'State': 'running', 'ResidentSetSize': [817972], 'TotalUserCpuTimeHistory': [750.0], 'SiteHistory': ['Unknown', 'T2_US_MIT', 'T2_US_MIT'], 'TotalSysCpuTimeHistory': [36.0]}, '19': {'Retries': 0, 'WallDurations': [8.0, 236.1669249534607, 3206.0], 'StartTimes': [1637848016.0], 'SubmitTimes': [1637841275.0], 'JobIds': ['70421188.0'], 'EndTimes': [1637851222.0], 'Restarts': 0, 'RecordedSite': True, 'State': 'transferring', 'ResidentSetSize': [768432], 'TotalUserCpuTimeHistory': [795], 'SiteHistory': ['Unknown', 'T2_US_MIT', 'T2_US_MIT'], 'TotalSysCpuTimeHistory': [35]}, '18': {'Retries': 0, 'WallDurations': [9.0, 44.970582008361816, 3614.0], 'StartTimes': [1637847604.0], 'SubmitTimes': [1637841270.0], 'JobIds': ['70421186.0'], 'EndTimes': [], 'Restarts': 0, 'RecordedSite': True, 'State': 'running', 'ResidentSetSize': [881476], 'TotalUserCpuTimeHistory': [1000.0], 'SiteHistory': ['Unknown', 'T2_US_MIT', 'T2_US_MIT'], 'TotalSysCpuTimeHistory': [47.0]}, '31': {'Retries': 0, 'WallDurations': [0], 'StartTimes': [], 'SubmitTimes': [1637841278.0], 'JobIds': ['70421200.0'], 'EndTimes': [], 'Restarts': 0, 'RecordedSite': False, 'State': 'idle', 'ResidentSetSize': [0], 'TotalUserCpuTimeHistory': [0.0], 'SiteHistory': ['Unknown'], 'TotalSysCpuTimeHistory': [0.0]}, '30': {'Retries': 0, 'WallDurations': [0], 'StartTimes': [], 'SubmitTimes': [1637841277.0], 'JobIds': ['70421199.0'], 'EndTimes': [], 'Restarts': 0, 'RecordedSite': False, 'State': 'idle', 'ResidentSetSize': [0], 'TotalUserCpuTimeHistory': [0.0], 'SiteHistory': ['Unknown'], 'TotalSysCpuTimeHistory': [0.0]}, '51': {'Retries': 0, 'WallDurations': [0], 'StartTimes': [], 'SubmitTimes': [1637841287.0], 'JobIds': ['70421219.0'], 'EndTimes': [], 'Restarts': 0, 'RecordedSite': False, 'State': 'idle', 'ResidentSetSize': [0], 'TotalUserCpuTimeHistory': [0.0], 'SiteHistory': ['Unknown'], 'TotalSysCpuTimeHistory': [0.0]}, '36': {'Retries': 0, 'WallDurations': [0], 'StartTimes': [], 'SubmitTimes': [1637841279.0], 'JobIds': ['70421205.0'], 'EndTimes': [], 'Restarts': 0, 'RecordedSite': False, 'State': 'idle', 'ResidentSetSize': [0], 'TotalUserCpuTimeHistory': [0.0], 'SiteHistory': ['Unknown'], 'TotalSysCpuTimeHistory': [0.0]}, '35': {'Retries': 0, 'WallDurations': [0], 'StartTimes': [], 'SubmitTimes': [1637841279.0], 'JobIds': ['70421204.0'], 'EndTimes': [], 'Restarts': 0, 'RecordedSite': False, 'State': 'idle', 'ResidentSetSize': [0], 'TotalUserCpuTimeHistory': [0.0], 'SiteHistory': ['Unknown'], 'TotalSysCpuTimeHistory': [0.0]}, '34': {'Retries': 0, 'WallDurations': [0], 'StartTimes': [], 'SubmitTimes': [1637841279.0], 'JobIds': ['70421203.0'], 'EndTimes': [], 'Restarts': 0, 'RecordedSite': False, 'State': 'idle', 'ResidentSetSize': [0], 'TotalUserCpuTimeHistory': [0.0], 'SiteHistory': ['Unknown'], 'TotalSysCpuTimeHistory': [0.0]}, '33': {'Retries': 0, 'WallDurations': [0], 'StartTimes': [], 'SubmitTimes': [1637841279.0], 'JobIds': ['70421202.0'], 'EndTimes': [], 'Restarts': 0, 'RecordedSite': False, 'State': 'idle', 'ResidentSetSize': [0], 'TotalUserCpuTimeHistory': [0.0], 'SiteHistory': ['Unknown'], 'TotalSysCpuTimeHistory': [0.0]}, '55': {'Retries': 0, 'WallDurations': [0], 'StartTimes': [], 'SubmitTimes': [1637841287.0], 'JobIds': ['70421224.0'], 'EndTimes': [], 'Restarts': 0, 'RecordedSite': False, 'State': 'idle', 'ResidentSetSize': [0], 'TotalUserCpuTimeHistory': [0.0], 'SiteHistory': ['Unknown'], 'TotalSysCpuTimeHistory': [0.0]}, '37': {'Retries': 0, 'WallDurations': [0], 'StartTimes': [], 'SubmitTimes': [1637841279.0], 'JobIds': ['70421206.0'], 'EndTimes': [], 'Restarts': 0, 'RecordedSite': False, 'State': 'idle', 'ResidentSetSize': [0], 'TotalUserCpuTimeHistory': [0.0], 'SiteHistory': ['Unknown'], 'TotalSysCpuTimeHistory': [0.0]}, '32': {'Retries': 0, 'WallDurations': [0], 'StartTimes': [], 'SubmitTimes': [1637841278.0], 'JobIds': ['70421201.0'], 'EndTimes': [], 'Restarts': 0, 'RecordedSite': False, 'State': 'idle', 'ResidentSetSize': [0], 'TotalUserCpuTimeHistory': [0.0], 'SiteHistory': ['Unknown'], 'TotalSysCpuTimeHistory': [0.0]}, '57': {'Retries': 0, 'WallDurations': [0], 'StartTimes': [], 'SubmitTimes': [1637841287.0], 'JobIds': ['70421225.0'], 'EndTimes': [], 'Restarts': 0, 'RecordedSite': False, 'State': 'idle', 'ResidentSetSize': [0], 'TotalUserCpuTimeHistory': [0.0], 'SiteHistory': ['Unknown'], 'TotalSysCpuTimeHistory': [0.0]}, '50': {'Retries': 0, 'WallDurations': [0], 'StartTimes': [], 'SubmitTimes': [1637841286.0], 'JobIds': ['70421218.0'], 'EndTimes': [], 'Restarts': 0, 'RecordedSite': False, 'State': 'idle', 'ResidentSetSize': [0], 'TotalUserCpuTimeHistory': [0.0], 'SiteHistory': ['Unknown'], 'TotalSysCpuTimeHistory': [0.0]}}
INFO 2021-11-25 14:45:47.397 UTC: 	 Status on the scheduler:	SUBMITTED
INFO 2021-11-25 14:45:47.397 UTC: 	 
Jobs status:                    finished     		  2.9% ( 2/68)
INFO 2021-11-25 14:45:47.397 UTC: 	 				idle         		 69.1% (47/68)
INFO 2021-11-25 14:45:47.397 UTC: 	 				running      		 23.5% (16/68)
INFO 2021-11-25 14:45:47.397 UTC: 	 				transferring 		  4.4% ( 3/68)
INFO 2021-11-25 14:45:47.397 UTC: 	 
No publication information (publication has been disabled in the CRAB configuration file)
INFO 2021-11-25 14:45:47.399 UTC: 	 
Warning: the max jobs runtime is less than 30% of the task requested value (1250 min), please consider to request a lower value for failed jobs (allowed through crab resubmit) and/or improve the jobs splitting (e.g. config.Data.splitting = 'Automatic') in a new task.
INFO 2021-11-25 14:45:47.399 UTC: 	 
Summary of run jobs:
 * Memory: 0MB min, 956MB max, 794MB ave
 * Runtime: 0:00:00 min, 1:15:53 max, 0:47:46 ave
 * CPU eff: 20% min, 96% max, 65% ave
 * Waste: 0:13:06 (5% of total)

INFO 2021-11-25 14:45:47.407 UTC: 	 Log file is /afs/cern.ch/work/y/yian/work/GZ/CMSSW_10_6_20/src/PhysicsTools/NanoAODTools/WWG/2016post/fakelepton_crab/crab2016/crab_WJetsToLNu_TuneCP5_13TeV-madgraphMLM-pythia8_2016/crab.log
DEBUG 2021-11-26 05:08:29.300 UTC: 	 CRAB Client version: v3.210825
DEBUG 2021-11-26 05:08:29.301 UTC: 	 Running on: Linux lxplus772.cern.ch 3.10.0-1160.45.1.el7.x86_64 #1 SMP Wed Oct 13 17:20:51 UTC 2021 x86_64 x86_64 x86_64 GNU/Linux - CentOS Linux 7 (Core)
DEBUG 2021-11-26 05:08:29.301 UTC: 	 Executing command: 'status'
DEBUG 2021-11-26 05:08:29.301 UTC: 	 Found CRAB cache file /afs/cern.ch/user/y/yian/.crab3
DEBUG 2021-11-26 05:08:29.399 UTC: 	 Checking credentials
DEBUG 2021-11-26 05:08:29.400 UTC: 	 Found proxy file /tmp/x509up_u110046
DEBUG 2021-11-26 05:08:29.400 UTC: 	 Getting proxy life time left
DEBUG 2021-11-26 05:08:30.005 UTC: 	 Executing : 
 command : voms-proxy-info -file /tmp/x509up_u110046 -timeleft
 output : 469953

 error: 
 retcode : 0
DEBUG 2021-11-26 05:08:30.610 UTC: 	 Executing : 
 command : voms-proxy-info -file /tmp/x509up_u110046 -actimeleft
 output : 469952

 error: 
 retcode : 0
DEBUG 2021-11-26 05:08:30.611 UTC: 	 Proxy lifetime 469953 secs is different from voms extension lifetime 469952 secs for proxy: /tmp/x509up_u110046
DEBUG 2021-11-26 05:08:30.611 UTC: 	 Proxy valid for 130:32:32 hours
DEBUG 2021-11-26 05:08:30.728 UTC: 	 Registering user credentials for server /DC=ch/DC=cern/OU=computers/CN=crab-(preprod|prod|dev)-tw(02|01).cern.ch|/DC=ch/DC=cern/OU=computers/CN=stefanov(m|m2).cern.ch|/DC=ch/DC=cern/OU=computers/CN=dciangot-tw.cern.ch
DEBUG 2021-11-26 05:08:31.342 UTC: 	 Executing : 
 command : voms-proxy-info -file /tmp/x509up_u110046 -identity
 output : /DC=ch/DC=cern/OU=Organic Units/OU=Users/CN=yian/CN=826694/CN=Ying An

 error: 
 retcode : 0
DEBUG 2021-11-26 05:08:31.349 UTC: 	 Getting myproxy life time left for myproxy.cern.ch
DEBUG 2021-11-26 05:08:31.349 UTC: 	 using b52ac606a6f7097e9b4b8f05a3a67cc69f8f291b as credential login name
DEBUG 2021-11-26 05:08:31.853 UTC: 	 Executing : 
 command : myproxy-info -l b52ac606a6f7097e9b4b8f05a3a67cc69f8f291b -s myproxy.cern.ch
 output : username: b52ac606a6f7097e9b4b8f05a3a67cc69f8f291b
owner: /DC=ch/DC=cern/OU=Organic Units/OU=Users/CN=yian/CN=826694/CN=Ying An
  renewal policy: /DC=ch/DC=cern/OU=computers/CN=crab-(preprod|prod|dev)-tw(02|01).cern.ch|/DC=ch/DC=cern/OU=computers/CN=stefanov(m|m2).cern.ch|/DC=ch/DC=cern/OU=computers/CN=dciangot-tw.cern.ch
  trusted retrieval policy: /DC=ch/DC=cern/OU=computers/CN=crab-(preprod|prod|dev)-tw(02|01).cern.ch|/DC=ch/DC=cern/OU=computers/CN=stefanov(m|m2).cern.ch|/DC=ch/DC=cern/OU=computers/CN=dciangot-tw.cern.ch
  timeleft: 651:48:07  (27.2 days)

 error: 
 retcode : 0
DEBUG 2021-11-26 05:08:31.855 UTC: 	 Myproxy is valid: 2346487
DEBUG 2021-11-26 05:08:31.855 UTC: 	 Retrieving username ...
DEBUG 2021-11-26 05:08:31.855 UTC: 	 Retrieving username from CRIC...
DEBUG 2021-11-26 05:08:32.861 UTC: 	 username is yian
DEBUG 2021-11-26 05:08:32.867 UTC: 	 Getting myproxy life time left for myproxy.cern.ch
DEBUG 2021-11-26 05:08:32.867 UTC: 	 using yian_CRAB as credential login name
DEBUG 2021-11-26 05:08:33.172 UTC: 	 Executing : 
 command : myproxy-info -l yian_CRAB -s myproxy.cern.ch
 output : username: yian_CRAB
owner: /DC=ch/DC=cern/OU=Organic Units/OU=Users/CN=yian/CN=826694/CN=Ying An
  renewal policy: /DC=ch/DC=cern/OU=computers/CN=crab-(preprod|prod|dev)-tw(02|01).cern.ch|/DC=ch/DC=cern/OU=computers/CN=stefanov(m|m2).cern.ch|/DC=ch/DC=cern/OU=computers/CN=dciangot-tw.cern.ch
  trusted retrieval policy: /DC=ch/DC=cern/OU=computers/CN=crab-(preprod|prod|dev)-tw(02|01).cern.ch|/DC=ch/DC=cern/OU=computers/CN=stefanov(m|m2).cern.ch|/DC=ch/DC=cern/OU=computers/CN=dciangot-tw.cern.ch
  timeleft: 651:46:58  (27.2 days)

 error: 
 retcode : 0
DEBUG 2021-11-26 05:08:33.172 UTC: 	 Myproxy is valid: 2346418
DEBUG 2021-11-26 05:08:33.172 UTC: 	 Result of myproxy credential check:
  Credential exists on myproxy: username: b52ac606a6f7097e9b4b8f05a3a67cc69f8f291b  - validity: 27 days, 3:48:07
  Credential exists on myproxy: username: yian_CRAB  - validity: 27 days, 3:46:58
DEBUG 2021-11-26 05:08:33.173 UTC: 	 Command use: status
DEBUG 2021-11-26 05:08:33.173 UTC: 	 Options use: ['-d', 'crab2016/crab_WJetsToLNu_TuneCP5_13TeV-madgraphMLM-pythia8_2016']
DEBUG 2021-11-26 05:08:33.257 UTC: 	 CRABClient version: v3.210825
DEBUG 2021-11-26 05:08:33.258 UTC: 	 Instance is prod
DEBUG 2021-11-26 05:08:33.258 UTC: 	 Server base url is cmsweb.cern.ch
DEBUG 2021-11-26 05:08:33.258 UTC: 	 Command api workflow
DEBUG 2021-11-26 05:08:33.348 UTC: 	 Got information from server oracle database: {u'result': [u'211125_115330:yian_crab_WJetsToLNu_TuneCP5_13TeV-madgraphMLM-pythia8_2016', u'None', u'None', u'SUBMITTED', u'SUBMIT', u'2021-11-25 11:53:30.959555', u'None', u'2021-11-25 11:54:21.053926', u'None', u'CMSSW_10_6_20', u'slc7_amd64_gcc820', u'/WJetsToLNu_TuneCP5_13TeV-madgraphMLM-pythia8/RunIISummer20UL16NanoAODv9-106X_mcRun2_asymptotic_v17-v1/NANOAODSIM', u'T', u'0', u"[u'T2_US_UCSD', u'T2_US_Wisconsin', u'T2_US_MIT', u'T2_US_Caltech', u'T2_US_Purdue', u'T2_US_Nebraska']", u'[]', u'FileBased', u"{'splitOnRun': False, 'halt_job_on_file_boundaries': False, 'files_per_job': 1, 'runs': [], 'lumis': []}", u'98c30c6a4ce9153fb22dc3275d2414332d0e42d372c4bd2d84c5ce7e20c44246.tar.gz', u'https://cmsweb.cern.ch/S3/crabcache_prod', u'yian', u'/DC=ch/DC=cern/OU=Organic Units/OU=Users/CN=yian/CN=826694/CN=Ying An', u'cms', u'None', u'None', u'WJetsToLNu_TuneCP5_13TeV-madgraphMLM-pythia8_2016-00000000000000000000000000000000', u'F', u'T3_CH_CERNBOX', u'https://cmsweb.cern.ch/dbs/prod/global/DBSReader', u'https://cmsweb.cern.ch/dbs/prod/phys03/DBSWriter', u'F', u'[]', u'[]', u"[b'tree.root']", u'Analysis', u'pythia', u'None', u'{}', u'[]', u'F', u'crab-prod-tw01', u'[]', u'1250', u'1', u'2000', u'10', u"['/WJetsToLNu_TuneCP5_13TeV-madgraphMLM-pythia8/yian-WJetsToLNu_TuneCP5_13TeV-madgraphMLM-pythia8_2016-cdc8a5f8d50b7902483cf88592ab9ddb/USER']", u'[]', u'http://vocms0195.cern.ch/mon/cms1407/211125_115330:yian_crab_WJetsToLNu_TuneCP5_13TeV-madgraphMLM-pythia8_2016', u'WWG_crab_script.sh', u"[b'isdata=MC', b'year=2016']", u'[]', u'https://cmsweb.cern.ch/crabserver/prod', u'cmsgwms-collector-global.cern.ch:9620,cmsgwms-collector-global.fnal.gov:9620', u'crab3@vocms0195.cern.ch', u'F', u'[]', u'T', u'/store/user/yian/', u'T', u'None', u'F', u'None', u'WJetsToLNu_TuneCP5_13TeV-madgraphMLM-pythia8', u'None', u'aca2c0165d86d34df740ae1c6555d8278fef8f2c1f57a6930994c64545915364.tar.gz', u'70421168', u'filetransfers', u'F', u'188.184.75.95', u'0.0', u'None'], u'desc': {u'columns': [u'tm_taskname', u'tm_activity', u'panda_jobset_id', u'tm_task_status', u'tm_task_command', u'tm_start_time', u'tm_start_injection', u'tm_end_injection', u'tm_task_failure', u'tm_job_sw', u'tm_job_arch', u'tm_input_dataset', u'tm_nonvalid_input_dataset', u'tm_use_parent', u'tm_site_whitelist', u'tm_site_blacklist', u'tm_split_algo', u'tm_split_args', u'tm_user_sandbox', u'tm_cache_url', u'tm_username', u'tm_user_dn', u'tm_user_vo', u'tm_user_role', u'tm_user_group', u'tm_publish_name', u'tm_publish_groupname', u'tm_asyncdest', u'tm_dbs_url', u'tm_publish_dbs_url', u'tm_publication', u'tm_outfiles', u'tm_tfile_outfiles', u'tm_edm_outfiles', u'tm_job_type', u'tm_generator', u'tm_events_per_lumi', u'tm_arguments', u'panda_resubmitted_jobs', u'tm_save_logs', u'tw_name', u'tm_user_infiles', u'tm_maxjobruntime', u'tm_numcores', u'tm_maxmemory', u'tm_priority', u'tm_output_dataset', u'tm_task_warnings', u'tm_user_webdir', u'tm_scriptexe', u'tm_scriptargs', u'tm_extrajdl', u'tm_asourl', u'tm_collector', u'tm_schedd', u'tm_dry_run', u'tm_user_files', u'tm_transfer_outputs', u'tm_output_lfn', u'tm_ignore_locality', u'tm_fail_limit', u'tm_one_event_mode', u'tm_secondary_input_dataset', u'tm_primary_dataset', u'tm_last_publication', u'tm_debug_files', u'clusterid', u'tm_asodb', u'tm_ignore_global_blacklist', u'tm_submitter_ip_addr', u'tm_totalunits', u'tm_ddm_reqid']}}
INFO 2021-11-26 05:08:33.348 UTC: 	 CRAB project directory:		/afs/cern.ch/work/y/yian/work/GZ/CMSSW_10_6_20/src/PhysicsTools/NanoAODTools/WWG/2016post/fakelepton_crab/crab2016/crab_WJetsToLNu_TuneCP5_13TeV-madgraphMLM-pythia8_2016
INFO 2021-11-26 05:08:33.348 UTC: 	 Task name:			211125_115330:yian_crab_WJetsToLNu_TuneCP5_13TeV-madgraphMLM-pythia8_2016
INFO 2021-11-26 05:08:33.349 UTC: 	 Grid scheduler - Task Worker:	crab3@vocms0195.cern.ch - crab-prod-tw01
INFO 2021-11-26 05:08:33.349 UTC: 	 Status on the CRAB server:	SUBMITTED
INFO 2021-11-26 05:08:33.349 UTC: 	 Task URL to use for HELP:	https://cmsweb.cern.ch/crabserver/ui/task/211125_115330%3Ayian_crab_WJetsToLNu_TuneCP5_13TeV-madgraphMLM-pythia8_2016
INFO 2021-11-26 05:08:33.352 UTC: 	 Dashboard monitoring URL:	https://monit-grafana.cern.ch/d/cmsTMDetail/cms-task-monitoring-task-view?orgId=11&var-user=yian&var-task=211125_115330%3Ayian_crab_WJetsToLNu_TuneCP5_13TeV-madgraphMLM-pythia8_2016&from=1637837610000&to=now
DEBUG 2021-11-26 05:08:33.352 UTC: 	 The CRAB server submitted your task to the Grid scheduler (cluster ID: 70421168)
DEBUG 2021-11-26 05:08:33.352 UTC: 	 Webdir is located at http://vocms0195.cern.ch/mon/cms1407/211125_115330:yian_crab_WJetsToLNu_TuneCP5_13TeV-madgraphMLM-pythia8_2016
DEBUG 2021-11-26 05:08:33.487 UTC: 	 Proxied webdir is located at https://cmsweb.cern.ch:8443/scheddmon/0195/cms1407/211125_115330:yian_crab_WJetsToLNu_TuneCP5_13TeV-madgraphMLM-pythia8_2016
DEBUG 2021-11-26 05:08:33.487 UTC: 	 Retrieving 'status_cache' file from https://cmsweb.cern.ch:8443/scheddmon/0195/cms1407/211125_115330:yian_crab_WJetsToLNu_TuneCP5_13TeV-madgraphMLM-pythia8_2016/status_cache
DEBUG 2021-11-26 05:08:33.536 UTC: 	 Got information from status cache file: {'56': {'Retries': 0, 'WallDurations': [9.0, 70.94177603721619, 30686.0], 'StartTimes': [1637856929.0], 'SubmitTimes': [1637841287.0], 'JobIds': ['70421223.0'], 'EndTimes': [1637887615.0], 'Restarts': 0, 'RecordedSite': True, 'State': 'finished', 'ResidentSetSize': [976032], 'TotalUserCpuTimeHistory': [6818], 'SiteHistory': ['Unknown', 'T2_US_MIT', 'T2_US_MIT'], 'TotalSysCpuTimeHistory': [379]}, '54': {'Retries': 0, 'WallDurations': [8.0, 31.434091091156006, 1405.0], 'StartTimes': [1637856667.0], 'SubmitTimes': [1637841287.0], 'JobIds': ['70421222.0'], 'EndTimes': [1637858072.0], 'Restarts': 0, 'RecordedSite': True, 'State': 'finished', 'ResidentSetSize': [777720], 'TotalUserCpuTimeHistory': [367], 'SiteHistory': ['Unknown', 'T2_US_MIT', 'T2_US_MIT'], 'TotalSysCpuTimeHistory': [16]}, '42': {'Retries': 0, 'WallDurations': [9.0, 57.01280403137207, 17103.0, 0, 6894.0], 'StartTimes': [1637853625.0, 1637872704.0], 'SubmitTimes': [1637841280.0, -1], 'JobIds': ['70421210.0', '70421210.0'], 'EndTimes': [1637870728.0, 1637879598.0], 'Restarts': 1, 'RecordedSite': True, 'State': 'finished', 'ResidentSetSize': [850636, 0], 'TotalUserCpuTimeHistory': [1845.0, 8296], 'SiteHistory': ['Unknown', 'T2_US_MIT', 'T2_US_MIT', 'Unknown', 'T2_US_Caltech'], 'TotalSysCpuTimeHistory': [72.0, 361]}, '22': {'Retries': 0, 'WallDurations': [9.0, 140.19780707359314, 51942.0], 'StartTimes': [1637849921.0], 'SubmitTimes': [1637841275.0], 'JobIds': ['70421191.0'], 'EndTimes': [1637901863.0], 'Restarts': 0, 'RecordedSite': True, 'State': 'transferring', 'ResidentSetSize': [900092], 'TotalUserCpuTimeHistory': [9147], 'SiteHistory': ['Unknown', 'T2_US_MIT', 'T2_US_MIT'], 'TotalSysCpuTimeHistory': [383]}, '43': {'Retries': 0, 'WallDurations': [8.0, 55.01280403137207, 10611.0], 'StartTimes': [1637853627.0], 'SubmitTimes': [1637841280.0], 'JobIds': ['70421211.0'], 'EndTimes': [1637864238.0], 'Restarts': 0, 'RecordedSite': True, 'State': 'finished', 'ResidentSetSize': [934532], 'TotalUserCpuTimeHistory': [2420], 'SiteHistory': ['Unknown', 'T2_US_MIT', 'T2_US_MIT'], 'TotalSysCpuTimeHistory': [158]}, '60': {'Retries': 0, 'WallDurations': [10.0, 197.5557460784912, 704.0], 'StartTimes': [1637857405.0], 'SubmitTimes': [1637841288.0], 'JobIds': ['70421226.0'], 'EndTimes': [1637858109.0], 'Restarts': 0, 'RecordedSite': True, 'State': 'finished', 'ResidentSetSize': [863096], 'TotalUserCpuTimeHistory': [427], 'SiteHistory': ['Unknown', 'T2_US_Nebraska', 'T2_US_Nebraska'], 'TotalSysCpuTimeHistory': [24]}, '61': {'Retries': 0, 'WallDurations': [9.0, 85.8910870552063, 4775.0], 'StartTimes': [1637858120.0], 'SubmitTimes': [1637841288.0], 'JobIds': ['70421229.0'], 'EndTimes': [1637862895.0], 'Restarts': 0, 'RecordedSite': True, 'State': 'finished', 'ResidentSetSize': [838960], 'TotalUserCpuTimeHistory': [1531], 'SiteHistory': ['Unknown', 'T2_US_Nebraska', 'T2_US_Nebraska'], 'TotalSysCpuTimeHistory': [100]}, '62': {'Retries': 0, 'WallDurations': [9.0, 39.11299705505371, 1774.0], 'StartTimes': [1637858469.0], 'SubmitTimes': [1637841288.0], 'JobIds': ['70421230.0'], 'EndTimes': [1637860243.0], 'Restarts': 0, 'RecordedSite': True, 'State': 'finished', 'ResidentSetSize': [810848], 'TotalUserCpuTimeHistory': [1568], 'SiteHistory': ['Unknown', 'T2_US_Caltech', 'T2_US_Caltech'], 'TotalSysCpuTimeHistory': [63]}, '63': {'Retries': 0, 'WallDurations': [9.0, 50.11299705505371, 4509.0], 'StartTimes': [1637858458.0], 'SubmitTimes': [1637841288.0], 'JobIds': ['70421231.0'], 'EndTimes': [1637862967.0], 'Restarts': 0, 'RecordedSite': True, 'State': 'finished', 'ResidentSetSize': [810908], 'TotalUserCpuTimeHistory': [640], 'SiteHistory': ['Unknown', 'T2_US_Purdue', 'T2_US_Purdue'], 'TotalSysCpuTimeHistory': [38]}, '64': {'Retries': 0, 'WallDurations': [9.0, 43.11299705505371, 26350.0], 'StartTimes': [1637858465.0], 'SubmitTimes': [1637841288.0], 'JobIds': ['70421232.0'], 'EndTimes': [1637884815.0], 'Restarts': 0, 'RecordedSite': True, 'State': 'finished', 'ResidentSetSize': [811088], 'TotalUserCpuTimeHistory': [4031], 'SiteHistory': ['Unknown', 'T2_US_Purdue', 'T2_US_Purdue'], 'TotalSysCpuTimeHistory': [471]}, '65': {'Retries': 0, 'WallDurations': [9.0, 32.11299705505371, 42080.0], 'StartTimes': [1637858476.0], 'SubmitTimes': [1637841289.0], 'JobIds': ['70421234.0'], 'EndTimes': [], 'Restarts': 0, 'RecordedSite': True, 'State': 'running', 'ResidentSetSize': [910912], 'TotalUserCpuTimeHistory': [11147.0], 'SiteHistory': ['Unknown', 'T2_US_Caltech', 'T2_US_Caltech'], 'TotalSysCpuTimeHistory': [538.0]}, '66': {'Retries': 0, 'WallDurations': [0, 9.0, 34769.0], 'StartTimes': [1637858578.0], 'SubmitTimes': [1637841288.0], 'JobIds': ['70421233.0'], 'EndTimes': [1637893347.0], 'Restarts': 0, 'RecordedSite': True, 'State': 'finished', 'ResidentSetSize': [956628], 'TotalUserCpuTimeHistory': [5173], 'SiteHistory': ['Unknown', 'T2_US_UCSD', 'T2_US_UCSD'], 'TotalSysCpuTimeHistory': [311]}, '67': {'Retries': 0, 'WallDurations': [0, 9.0, 13421.0, 0, 5324.0], 'StartTimes': [1637858514.0, 1637872722.0], 'SubmitTimes': [1637841289.0, -1], 'JobIds': ['70421235.0', '70421235.0'], 'EndTimes': [1637871935.0, 1637878046.0], 'Restarts': 1, 'RecordedSite': True, 'State': 'finished', 'ResidentSetSize': [807404, 1000000], 'TotalUserCpuTimeHistory': [1656.0, 3530], 'SiteHistory': ['Unknown', 'T2_US_Caltech', 'T2_US_Caltech', 'Unknown', 'T2_US_Caltech'], 'TotalSysCpuTimeHistory': [97.0, 181]}, '68': {'Retries': 0, 'WallDurations': [10.0, 40.11299705505371, 1019.0], 'StartTimes': [1637858468.0], 'SubmitTimes': [1637841289.0], 'JobIds': ['70421236.0'], 'EndTimes': [1637859487.0], 'Restarts': 0, 'RecordedSite': True, 'State': 'finished', 'ResidentSetSize': [801688], 'TotalUserCpuTimeHistory': [187], 'SiteHistory': ['Unknown', 'T2_US_Caltech', 'T2_US_Caltech'], 'TotalSysCpuTimeHistory': [6]}, '52': {'Retries': 0, 'WallDurations': [9.0, 273.52452993392944, 1479.0], 'StartTimes': [1637855822.0], 'SubmitTimes': [1637841287.0], 'JobIds': ['70421220.0'], 'EndTimes': [1637857301.0], 'Restarts': 0, 'RecordedSite': True, 'State': 'finished', 'ResidentSetSize': [748456], 'TotalUserCpuTimeHistory': [258], 'SiteHistory': ['Unknown', 'T2_US_MIT', 'T2_US_MIT'], 'TotalSysCpuTimeHistory': [7]}, '53': {'Retries': 0, 'WallDurations': [8.0, 175.95587491989136, 14527.0, 0, 277.5385670661926], 'StartTimes': [1637856221.0, 1637872705.0], 'SubmitTimes': [1637841287.0, -1], 'JobIds': ['70421221.0', '70421221.0'], 'EndTimes': [1637870748.0], 'Restarts': 1, 'RecordedSite': True, 'State': 'running', 'ResidentSetSize': [834868, 0], 'TotalUserCpuTimeHistory': [2144.0, 0.0], 'SiteHistory': ['Unknown', 'T2_US_MIT', 'T2_US_MIT', 'Unknown', 'T2_US_Caltech'], 'TotalSysCpuTimeHistory': [84.0, 0.0]}, '24': {'Retries': 3, 'WallDurations': [8.0, 210.98645305633545, 19715.0, 0, 946.0, 9.0, 244.88228702545166, 1320.0, 9.0, 241.2068281173706, 783.0], 'StartTimes': [1637851057.0, 1637872703.0, 1637873943.0, 1637876057.0], 'SubmitTimes': [1637841276.0, -1, 1637873715.0, 1637875391.0], 'JobIds': ['70421193.0', '70421193.0', '70427772.0', '70428087.0'], 'EndTimes': [1637870772.0, 1637873649.0, 1637875263.0, 1637876840.0], 'Restarts': 1, 'RecordedSite': True, 'State': 'failed', 'ResidentSetSize': [855576, 1000000, 625716, 638964], 'Error': [50115, 'BadFWJRXML', {}], 'TotalUserCpuTimeHistory': [3517.0, 3692, 147, 108], 'SiteHistory': ['Unknown', 'T2_US_MIT', 'T2_US_MIT', 'Unknown', 'T2_US_UCSD', 'Unknown', 'T2_US_Purdue', 'T2_US_Purdue', 'Unknown', 'T2_US_UCSD', 'T2_US_UCSD'], 'TotalSysCpuTimeHistory': [260.0, 278, 3, 3]}, '25': {'Retries': 0, 'WallDurations': [8.0, 105.98645305633545, 23136.0], 'StartTimes': [1637851162.0], 'SubmitTimes': [1637841276.0], 'JobIds': ['70421194.0'], 'EndTimes': [], 'Restarts': 0, 'RecordedSite': True, 'State': 'running', 'ResidentSetSize': [1129532], 'TotalUserCpuTimeHistory': [2789.0], 'SiteHistory': ['Unknown', 'T2_US_MIT', 'T2_US_MIT'], 'TotalSysCpuTimeHistory': [152.0]}, '26': {'Retries': 0, 'WallDurations': [9.0, 37.98645305633545, 19493.0, 0, 28859.0], 'StartTimes': [1637851230.0, 1637872699.0], 'SubmitTimes': [1637841276.0, -1], 'JobIds': ['70421195.0', '70421195.0'], 'EndTimes': [1637870723.0], 'Restarts': 1, 'RecordedSite': True, 'State': 'running', 'ResidentSetSize': [870700, 1000000], 'TotalUserCpuTimeHistory': [4049.0, 3353.0], 'SiteHistory': ['Unknown', 'T2_US_MIT', 'T2_US_MIT', 'Unknown', 'T2_US_Caltech'], 'TotalSysCpuTimeHistory': [209.0, 173.0]}, '27': {'Retries': 0, 'WallDurations': [9.0, 189.7151288986206, 19345.0, 0, 17094.0, 0, 12636.0], 'StartTimes': [1637851380.0, 1637872744.0, 1637889983.0], 'SubmitTimes': [1637841276.0, -1, -1], 'JobIds': ['70421196.0', '70421196.0', '70421196.0'], 'EndTimes': [1637870725.0, 1637889838.0], 'Restarts': 2, 'RecordedSite': True, 'State': 'running', 'ResidentSetSize': [806020, 0, 1000000], 'TotalUserCpuTimeHistory': [3899.0, 3882.0, 3901.0], 'SiteHistory': ['Unknown', 'T2_US_MIT', 'T2_US_MIT', 'Unknown', 'T2_US_Caltech', 'Unknown', 'T2_US_Nebraska'], 'TotalSysCpuTimeHistory': [195.0, 5790.0, 213.0]}, '20': {'Retries': 0, 'WallDurations': [8.0, 236.1669249534607, 22769.0, 0, 285.5385670661926], 'StartTimes': [1637848016.0, 1637872697.0], 'SubmitTimes': [1637841275.0, -1], 'JobIds': ['70421189.0', '70421189.0'], 'EndTimes': [1637870785.0], 'Restarts': 1, 'RecordedSite': True, 'State': 'running', 'ResidentSetSize': [842456, 0], 'TotalUserCpuTimeHistory': [2198.0, 0.0], 'SiteHistory': ['Unknown', 'T2_US_MIT', 'T2_US_MIT', 'Unknown', 'T2_US_Nebraska'], 'TotalSysCpuTimeHistory': [111.0, 0.0]}, '21': {'Retries': 0, 'WallDurations': [9.0, 227.97393107414246, 45979.0], 'StartTimes': [1637848627.0], 'SubmitTimes': [1637841275.0], 'JobIds': ['70421190.0'], 'EndTimes': [1637894606.0], 'Restarts': 0, 'RecordedSite': True, 'State': 'finished', 'ResidentSetSize': [856440], 'TotalUserCpuTimeHistory': [8352], 'SiteHistory': ['Unknown', 'T2_US_MIT', 'T2_US_MIT'], 'TotalSysCpuTimeHistory': [340]}, '48': {'Retries': 0, 'WallDurations': [9.0, 142.8814079761505, 36459.0], 'StartTimes': [1637855048.0], 'SubmitTimes': [1637841286.0], 'JobIds': ['70421216.0'], 'EndTimes': [1637891507.0], 'Restarts': 0, 'RecordedSite': True, 'State': 'finished', 'ResidentSetSize': [938564], 'TotalUserCpuTimeHistory': [6682], 'SiteHistory': ['Unknown', 'T2_US_MIT', 'T2_US_MIT'], 'TotalSysCpuTimeHistory': [413]}, '49': {'Retries': 0, 'WallDurations': [9.0, 89.53934407234192, 5283.0], 'StartTimes': [1637855403.0], 'SubmitTimes': [1637841286.0], 'JobIds': ['70421217.0'], 'EndTimes': [1637860686.0], 'Restarts': 0, 'RecordedSite': True, 'State': 'finished', 'ResidentSetSize': [781848], 'TotalUserCpuTimeHistory': [955], 'SiteHistory': ['Unknown', 'T2_US_MIT', 'T2_US_MIT'], 'TotalSysCpuTimeHistory': [29]}, '46': {'Retries': 0, 'WallDurations': [8.0, 29.07586908340454, 29098.0], 'StartTimes': [1637853955.0], 'SubmitTimes': [1637841281.0], 'JobIds': ['70421214.0'], 'EndTimes': [1637883053.0], 'Restarts': 0, 'RecordedSite': True, 'State': 'finished', 'ResidentSetSize': [865776], 'TotalUserCpuTimeHistory': [4144], 'SiteHistory': ['Unknown', 'T2_US_MIT', 'T2_US_MIT'], 'TotalSysCpuTimeHistory': [165]}, '23': {'Retries': 0, 'WallDurations': [9.0, 30.93703007698059, 1466.0], 'StartTimes': [1637850332.0], 'SubmitTimes': [1637841276.0], 'JobIds': ['70421192.0'], 'EndTimes': [1637851798.0], 'Restarts': 0, 'RecordedSite': True, 'State': 'finished', 'ResidentSetSize': [703404], 'TotalUserCpuTimeHistory': [273], 'SiteHistory': ['Unknown', 'T2_US_MIT', 'T2_US_MIT'], 'TotalSysCpuTimeHistory': [12]}, '44': {'Retries': 0, 'WallDurations': [8.0, 249.07586908340454, 17015.0, 0, 30362.0], 'StartTimes': [1637853735.0, 1637872718.0], 'SubmitTimes': [1637841280.0, -1], 'JobIds': ['70421212.0', '70421212.0'], 'EndTimes': [1637870750.0], 'Restarts': 1, 'RecordedSite': True, 'State': 'running', 'ResidentSetSize': [825996, 1000000], 'TotalUserCpuTimeHistory': [3111.0, 6778.0], 'SiteHistory': ['Unknown', 'T2_US_MIT', 'T2_US_MIT', 'Unknown', 'T2_US_UCSD'], 'TotalSysCpuTimeHistory': [172.0, 321.0]}, '45': {'Retries': 0, 'WallDurations': [9.0, 214.07586908340454, 17023.0, 0, 18281.0], 'StartTimes': [1637853770.0, 1637872719.0], 'SubmitTimes': [1637841280.0, -1], 'JobIds': ['70421213.0', '70421213.0'], 'EndTimes': [1637870793.0, 1637891000.0], 'Restarts': 1, 'RecordedSite': True, 'State': 'finished', 'ResidentSetSize': [829172, 1000000], 'TotalUserCpuTimeHistory': [2880.0, 8488], 'SiteHistory': ['Unknown', 'T2_US_MIT', 'T2_US_MIT', 'Unknown', 'T2_US_UCSD'], 'TotalSysCpuTimeHistory': [167.0, 484]}, '28': {'Retries': 3, 'WallDurations': [0, 10.0, 19161.0, 0, 886.0, 9.0, 241.88228702545166, 813.0, 9.0, 154.96614599227905, 27358.0], 'StartTimes': [1637851571.0, 1637872719.0, 1637873946.0, 1637875239.0], 'SubmitTimes': [1637841276.0, -1, 1637873675.0, 1637874894.0], 'JobIds': ['70421197.0', '70421197.0', '70427770.0', '70428068.0'], 'EndTimes': [1637870732.0, 1637873605.0, 1637874759.0], 'Restarts': 1, 'RecordedSite': True, 'State': 'running', 'ResidentSetSize': [828508, 0, 630584, 970428], 'TotalUserCpuTimeHistory': [3050.0, 3250, 124, 4275.0], 'SiteHistory': ['Unknown', 'T2_US_MIT', 'T2_US_MIT', 'Unknown', 'T2_US_UCSD', 'Unknown', 'T2_US_Nebraska', 'T2_US_Nebraska', 'Unknown', 'T2_US_Caltech', 'T2_US_Caltech'], 'TotalSysCpuTimeHistory': [117.0, 120, 3, 221.0]}, '29': {'Retries': 0, 'WallDurations': [9.0, 64.48230409622192, 18909.0, 0, 28834.0], 'StartTimes': [1637851808.0, 1637872703.0], 'SubmitTimes': [1637841276.0, -1], 'JobIds': ['70421198.0', '70421198.0'], 'EndTimes': [1637870717.0, 1637901537.0], 'Restarts': 1, 'RecordedSite': True, 'State': 'transferring', 'ResidentSetSize': [847680, 1088308], 'TotalUserCpuTimeHistory': [1717.0, 11271], 'SiteHistory': ['Unknown', 'T2_US_MIT', 'T2_US_MIT', 'Unknown', 'T2_US_Caltech'], 'TotalSysCpuTimeHistory': [111.0, 594]}, '40': {'Retries': 0, 'WallDurations': [8.0, 63.02160692214966, 43470.0], 'StartTimes': [1637853317.0], 'SubmitTimes': [1637841280.0], 'JobIds': ['70421208.0'], 'EndTimes': [1637896787.0], 'Restarts': 0, 'RecordedSite': True, 'State': 'finished', 'ResidentSetSize': [1004124], 'TotalUserCpuTimeHistory': [9031], 'SiteHistory': ['Unknown', 'T2_US_MIT', 'T2_US_MIT'], 'TotalSysCpuTimeHistory': [296]}, '41': {'Retries': 0, 'WallDurations': [8.0, 71.01280403137207, 17115.0, 0, 6116.0], 'StartTimes': [1637853611.0, 1637872703.0], 'SubmitTimes': [1637841280.0, -1], 'JobIds': ['70421209.0', '70421209.0'], 'EndTimes': [1637870726.0, 1637878819.0], 'Restarts': 1, 'RecordedSite': True, 'State': 'finished', 'ResidentSetSize': [883420, 1052016], 'TotalUserCpuTimeHistory': [2974.0, 8679], 'SiteHistory': ['Unknown', 'T2_US_MIT', 'T2_US_MIT', 'Unknown', 'T2_US_Caltech'], 'TotalSysCpuTimeHistory': [155.0, 385]}, '1': {'Retries': 0, 'WallDurations': [10.0, 49.11299705505371, 4859.0], 'StartTimes': [1637858459.0], 'SubmitTimes': [1637841268.0], 'JobIds': ['70421170.0'], 'EndTimes': [1637863318.0], 'Restarts': 0, 'RecordedSite': True, 'State': 'finished', 'ResidentSetSize': [832184], 'TotalUserCpuTimeHistory': [885], 'SiteHistory': ['Unknown', 'T2_US_MIT', 'T2_US_MIT'], 'TotalSysCpuTimeHistory': [46]}, '3': {'Retries': 0, 'WallDurations': [10.0, 48.11299705505371, 12265.0, 0, 11426.0], 'StartTimes': [1637858460.0, 1637872700.0], 'SubmitTimes': [1637841268.0, -1], 'JobIds': ['70421172.0', '70421172.0'], 'EndTimes': [1637870725.0, 1637884126.0], 'Restarts': 1, 'RecordedSite': True, 'State': 'finished', 'ResidentSetSize': [769128, 1000000], 'TotalUserCpuTimeHistory': [1589.0, 7058], 'SiteHistory': ['Unknown', 'T2_US_MIT', 'T2_US_MIT', 'Unknown', 'T2_US_UCSD'], 'TotalSysCpuTimeHistory': [60.0, 7885]}, '2': {'Retries': 0, 'WallDurations': [10.0, 49.11299705505371, 26662.0, 7539.0, 0, 246.38196301460266], 'StartTimes': [1637858459.0, 1637885181.0, 1637892937.0], 'SubmitTimes': [1637841268.0, -1, -1], 'JobIds': ['70421171.0', '70421171.0', '70421171.0'], 'EndTimes': [1637885121.0, 1637892720.0], 'Restarts': 2, 'RecordedSite': True, 'State': 'running', 'ResidentSetSize': [801044, 0, 0], 'TotalUserCpuTimeHistory': [5033.0, 0.0, 0.0], 'SiteHistory': ['Unknown', 'T2_US_MIT', 'T2_US_MIT', 'T2_US_Caltech', 'Unknown', 'T2_US_Nebraska'], 'TotalSysCpuTimeHistory': [376.0, 0.0, 0.0]}, '5': {'Retries': 0, 'WallDurations': [9.0, 33.11299705505371, 13011.0, 0, 6821.0, 0, 13044.0], 'StartTimes': [1637858475.0, 1637872733.0, 1637880699.0], 'SubmitTimes': [1637841268.0, -1, -1], 'JobIds': ['70421174.0', '70421174.0', '70421174.0'], 'EndTimes': [1637871486.0, 1637879554.0, 1637893743.0], 'Restarts': 2, 'RecordedSite': True, 'State': 'finished', 'ResidentSetSize': [723104, 885476, 1023932], 'TotalUserCpuTimeHistory': [88.0, 384.0, 7938], 'SiteHistory': ['Unknown', 'T2_US_Caltech', 'T2_US_Caltech', 'Unknown', 'T2_US_Caltech', 'Unknown', 'T2_US_Nebraska'], 'TotalSysCpuTimeHistory': [8.0, 20.0, 505]}, '4': {'Retries': 0, 'WallDurations': [9.0, 45.11299705505371, 12266.0], 'StartTimes': [1637858463.0], 'SubmitTimes': [1637841268.0], 'JobIds': ['70421173.0'], 'EndTimes': [1637870729.0], 'Restarts': 0, 'RecordedSite': True, 'State': 'finished', 'ResidentSetSize': [1001076], 'TotalUserCpuTimeHistory': [11349], 'SiteHistory': ['Unknown', 'T2_US_MIT', 'T2_US_MIT'], 'TotalSysCpuTimeHistory': [681]}, '7': {'Retries': 0, 'WallDurations': [9.0, 265.6602580547333, 9764.0], 'StartTimes': [1637845276.0], 'SubmitTimes': [1637841269.0], 'JobIds': ['70421176.0'], 'EndTimes': [1637855040.0], 'Restarts': 0, 'RecordedSite': True, 'State': 'finished', 'ResidentSetSize': [1028532], 'TotalUserCpuTimeHistory': [8947], 'SiteHistory': ['Unknown', 'T2_US_MIT', 'T2_US_MIT'], 'TotalSysCpuTimeHistory': [541]}, '6': {'Retries': 0, 'WallDurations': [9.0, 82.46553993225098, 7989.0], 'StartTimes': [1637845159.0], 'SubmitTimes': [1637841268.0], 'JobIds': ['70421175.0'], 'EndTimes': [1637853148.0], 'Restarts': 0, 'RecordedSite': True, 'State': 'finished', 'ResidentSetSize': [1026456], 'TotalUserCpuTimeHistory': [7257], 'SiteHistory': ['Unknown', 'T2_US_MIT', 'T2_US_MIT'], 'TotalSysCpuTimeHistory': [365]}, '9': {'Retries': 0, 'WallDurations': [10.0, 174.85264897346497, 744.0], 'StartTimes': [1637845667.0], 'SubmitTimes': [1637841269.0], 'JobIds': ['70421178.0'], 'EndTimes': [1637846411.0], 'Restarts': 0, 'RecordedSite': True, 'State': 'finished', 'ResidentSetSize': [740064], 'TotalUserCpuTimeHistory': [173], 'SiteHistory': ['Unknown', 'T2_US_MIT', 'T2_US_MIT'], 'TotalSysCpuTimeHistory': [3]}, '8': {'Retries': 0, 'WallDurations': [8.0, 274.85264897346497, 10770.0, 0, 18020.0, 5311.0, 0, 21950.0], 'StartTimes': [1637845567.0, 1637856658.0, 1637874722.0, 1637880698.0], 'SubmitTimes': [1637841269.0, -1, -1, -1], 'JobIds': ['70421177.0', '70421177.0', '70421177.0', '70421177.0'], 'EndTimes': [1637856337.0, 1637874678.0, 1637880033.0], 'Restarts': 3, 'RecordedSite': True, 'State': 'running', 'ResidentSetSize': [837708, 1000000, 1000000, 1000000], 'TotalUserCpuTimeHistory': [7533.0, 1802.0, 901.0, 3320.0], 'SiteHistory': ['Unknown', 'T2_US_MIT', 'T2_US_MIT', 'Unknown', 'T2_US_Caltech', 'T2_US_Caltech', 'Unknown', 'T2_US_Purdue'], 'TotalSysCpuTimeHistory': [388.0, 99.0, 47.0, 281.0]}, '39': {'Retries': 0, 'WallDurations': [10.0, 188.02160692214966, 12994.0], 'StartTimes': [1637853192.0], 'SubmitTimes': [1637841279.0], 'JobIds': ['70421207.0'], 'EndTimes': [1637866186.0], 'Restarts': 0, 'RecordedSite': True, 'State': 'finished', 'ResidentSetSize': [908064], 'TotalUserCpuTimeHistory': [4016], 'SiteHistory': ['Unknown', 'T2_US_MIT', 'T2_US_MIT'], 'TotalSysCpuTimeHistory': [236]}, '47': {'Retries': 0, 'WallDurations': [9.0, 25.07586908340454, 17740.0], 'StartTimes': [1637853959.0], 'SubmitTimes': [1637841286.0], 'JobIds': ['70421215.0'], 'EndTimes': [], 'Restarts': 0, 'RecordedSite': True, 'State': 'running', 'ResidentSetSize': [1233972], 'TotalUserCpuTimeHistory': [2141.0], 'SiteHistory': ['Unknown', 'T2_US_MIT', 'T2_US_MIT'], 'TotalSysCpuTimeHistory': [92.0]}, '38': {'Retries': 0, 'WallDurations': [0, 9.0, 10790.0, 0, 17124.0, 0, 12930.0], 'StartTimes': [1637859931.0, 1637872714.0, 1637889982.0], 'SubmitTimes': [1637841289.0, -1, -1], 'JobIds': ['70421237.0', '70421237.0', '70421237.0'], 'EndTimes': [1637870721.0, 1637889838.0], 'Restarts': 2, 'RecordedSite': True, 'State': 'running', 'ResidentSetSize': [840484, 0, 1000000], 'TotalUserCpuTimeHistory': [1686.0, 5093.0, 1487.0], 'SiteHistory': ['Unknown', 'T2_US_UCSD', 'T2_US_MIT', 'Unknown', 'T2_US_Caltech', 'Unknown', 'T2_US_Purdue'], 'TotalSysCpuTimeHistory': [135.0, 276.0, 97.0]}, '59': {'Retries': 0, 'WallDurations': [9.0, 287.8910870552063, 627.0], 'StartTimes': [1637857918.0], 'SubmitTimes': [1637841288.0], 'JobIds': ['70421227.0'], 'EndTimes': [1637858545.0], 'Restarts': 0, 'RecordedSite': True, 'State': 'finished', 'ResidentSetSize': [836652], 'TotalUserCpuTimeHistory': [227], 'SiteHistory': ['Unknown', 'T2_US_MIT', 'T2_US_MIT'], 'TotalSysCpuTimeHistory': [6]}, '14': {'Retries': 0, 'WallDurations': [10.0, 73.21785092353821, 2250.0], 'StartTimes': [1637846369.0], 'SubmitTimes': [1637841269.0], 'JobIds': ['70421182.0'], 'EndTimes': [1637848619.0], 'Restarts': 0, 'RecordedSite': True, 'State': 'finished', 'ResidentSetSize': [788080], 'TotalUserCpuTimeHistory': [439], 'SiteHistory': ['Unknown', 'T2_US_MIT', 'T2_US_MIT'], 'TotalSysCpuTimeHistory': [17]}, '11': {'Retries': 0, 'WallDurations': [8.0, 112.21785092353821, 3580.0], 'StartTimes': [1637846330.0], 'SubmitTimes': [1637841269.0], 'JobIds': ['70421181.0'], 'EndTimes': [1637849910.0], 'Restarts': 0, 'RecordedSite': True, 'State': 'finished', 'ResidentSetSize': [788240], 'TotalUserCpuTimeHistory': [3261], 'SiteHistory': ['Unknown', 'T2_US_MIT', 'T2_US_MIT'], 'TotalSysCpuTimeHistory': [159]}, '10': {'Retries': 0, 'WallDurations': [8.0, 168.85264897346497, 14920.0], 'StartTimes': [1637845673.0], 'SubmitTimes': [1637841269.0], 'JobIds': ['70421179.0'], 'EndTimes': [1637860593.0], 'Restarts': 0, 'RecordedSite': True, 'State': 'finished', 'ResidentSetSize': [786716], 'TotalUserCpuTimeHistory': [2087], 'SiteHistory': ['Unknown', 'T2_US_MIT', 'T2_US_MIT'], 'TotalSysCpuTimeHistory': [169]}, '13': {'Retries': 0, 'WallDurations': [9.0, 144.98223209381104, 4553.0], 'StartTimes': [1637846599.0], 'SubmitTimes': [1637841270.0], 'JobIds': ['70421184.0'], 'EndTimes': [1637851152.0], 'Restarts': 0, 'RecordedSite': True, 'State': 'finished', 'ResidentSetSize': [979248], 'TotalUserCpuTimeHistory': [4170], 'SiteHistory': ['Unknown', 'T2_US_MIT', 'T2_US_MIT'], 'TotalSysCpuTimeHistory': [197]}, '12': {'Retries': 0, 'WallDurations': [8.0, 177.2178509235382, 7044.0], 'StartTimes': [1637846265.0], 'SubmitTimes': [1637841269.0], 'JobIds': ['70421180.0'], 'EndTimes': [1637853309.0], 'Restarts': 0, 'RecordedSite': True, 'State': 'finished', 'ResidentSetSize': [996696], 'TotalUserCpuTimeHistory': [6545], 'SiteHistory': ['Unknown', 'T2_US_MIT', 'T2_US_MIT'], 'TotalSysCpuTimeHistory': [205]}, '15': {'Retries': 0, 'WallDurations': [8.0, 23.217850923538208, 24315.0, 0, 11744.0], 'StartTimes': [1637846419.0, 1637872723.0], 'SubmitTimes': [1637841270.0, -1], 'JobIds': ['70421183.0', '70421183.0'], 'EndTimes': [1637870734.0, 1637884467.0], 'Restarts': 1, 'RecordedSite': True, 'State': 'finished', 'ResidentSetSize': [807968, 1140332], 'TotalUserCpuTimeHistory': [1567.0, 8910], 'SiteHistory': ['Unknown', 'T2_US_MIT', 'T2_US_MIT', 'Unknown', 'T2_US_UCSD'], 'TotalSysCpuTimeHistory': [63.0, 7972]}, '58': {'Retries': 0, 'WallDurations': [8.0, 115.8910870552063, 38806.0], 'StartTimes': [1637858090.0], 'SubmitTimes': [1637841288.0], 'JobIds': ['70421228.0'], 'EndTimes': [1637896896.0], 'Restarts': 0, 'RecordedSite': True, 'State': 'finished', 'ResidentSetSize': [987292], 'TotalUserCpuTimeHistory': [11504], 'SiteHistory': ['Unknown', 'T2_US_MIT', 'T2_US_MIT'], 'TotalSysCpuTimeHistory': [672]}, '17': {'Retries': 0, 'WallDurations': [0, 0.8312110900878906, 26547.0], 'StartTimes': [1637847950.0], 'SubmitTimes': [1637841275.0], 'JobIds': ['70421187.0'], 'EndTimes': [1637874497.0], 'Restarts': 0, 'RecordedSite': True, 'State': 'finished', 'ResidentSetSize': [952804], 'TotalUserCpuTimeHistory': [6925], 'SiteHistory': ['Unknown', 'T2_US_MIT', 'T2_US_MIT'], 'TotalSysCpuTimeHistory': [432]}, '16': {'Retries': 0, 'WallDurations': [9.0, 56.982232093811035, 6916.0], 'StartTimes': [1637846687.0], 'SubmitTimes': [1637841270.0], 'JobIds': ['70421185.0'], 'EndTimes': [1637853603.0], 'Restarts': 0, 'RecordedSite': True, 'State': 'finished', 'ResidentSetSize': [817972], 'TotalUserCpuTimeHistory': [1218], 'SiteHistory': ['Unknown', 'T2_US_MIT', 'T2_US_MIT'], 'TotalSysCpuTimeHistory': [59]}, '19': {'Retries': 0, 'WallDurations': [8.0, 236.1669249534607, 3206.0], 'StartTimes': [1637848016.0], 'SubmitTimes': [1637841275.0], 'JobIds': ['70421188.0'], 'EndTimes': [1637851222.0], 'Restarts': 0, 'RecordedSite': True, 'State': 'finished', 'ResidentSetSize': [768432], 'TotalUserCpuTimeHistory': [795], 'SiteHistory': ['Unknown', 'T2_US_MIT', 'T2_US_MIT'], 'TotalSysCpuTimeHistory': [35]}, '18': {'Retries': 0, 'WallDurations': [9.0, 44.970582008361816, 43990.0], 'StartTimes': [1637847604.0], 'SubmitTimes': [1637841270.0], 'JobIds': ['70421186.0'], 'EndTimes': [1637891594.0], 'Restarts': 0, 'RecordedSite': True, 'State': 'finished', 'ResidentSetSize': [1018816], 'TotalUserCpuTimeHistory': [10332], 'SiteHistory': ['Unknown', 'T2_US_MIT', 'T2_US_MIT'], 'TotalSysCpuTimeHistory': [555]}, '31': {'Retries': 0, 'WallDurations': [8.0, 198.24559211730957, 18746.0, 0, 30064.0], 'StartTimes': [1637851976.0, 1637872717.0], 'SubmitTimes': [1637841278.0, -1], 'JobIds': ['70421200.0', '70421200.0'], 'EndTimes': [1637870722.0], 'Restarts': 1, 'RecordedSite': True, 'State': 'running', 'ResidentSetSize': [857684, 1000000], 'TotalUserCpuTimeHistory': [1525.0, 7472.0], 'SiteHistory': ['Unknown', 'T2_US_MIT', 'T2_US_MIT', 'Unknown', 'T2_US_UCSD'], 'TotalSysCpuTimeHistory': [86.0, 412.0]}, '30': {'Retries': 0, 'WallDurations': [9.0, 252.24559211730957, 18886.0, 0, 3315.0], 'StartTimes': [1637851922.0, 1637872705.0], 'SubmitTimes': [1637841277.0, -1], 'JobIds': ['70421199.0', '70421199.0'], 'EndTimes': [1637870808.0], 'Restarts': 1, 'RecordedSite': True, 'State': 'running', 'ResidentSetSize': [894828, 1010720], 'TotalUserCpuTimeHistory': [2017.0, 739.0], 'SiteHistory': ['Unknown', 'T2_US_MIT', 'T2_US_MIT', 'Unknown', 'T2_US_Caltech'], 'TotalSysCpuTimeHistory': [66.0, 35.0]}, '51': {'Retries': 0, 'WallDurations': [8.0, 40.1482629776001, 14966.0, 0, 910.0], 'StartTimes': [1637855754.0, 1637872705.0], 'SubmitTimes': [1637841287.0, -1], 'JobIds': ['70421219.0', '70421219.0'], 'EndTimes': [1637870720.0], 'Restarts': 1, 'RecordedSite': True, 'State': 'running', 'ResidentSetSize': [849772, 1000864], 'TotalUserCpuTimeHistory': [1614.0, 146.0], 'SiteHistory': ['Unknown', 'T2_US_MIT', 'T2_US_MIT', 'Unknown', 'T2_US_Caltech'], 'TotalSysCpuTimeHistory': [64.0, 5.0]}, '36': {'Retries': 0, 'WallDurations': [9.0, 265.02160692214966, 30933.0], 'StartTimes': [1637853115.0], 'SubmitTimes': [1637841279.0], 'JobIds': ['70421205.0'], 'EndTimes': [1637884048.0], 'Restarts': 0, 'RecordedSite': True, 'State': 'finished', 'ResidentSetSize': [986860], 'TotalUserCpuTimeHistory': [6145], 'SiteHistory': ['Unknown', 'T2_US_MIT', 'T2_US_MIT'], 'TotalSysCpuTimeHistory': [1572]}, '35': {'Retries': 0, 'WallDurations': [9.0, 37.63475203514099, 49607.0], 'StartTimes': [1637853041.0], 'SubmitTimes': [1637841279.0], 'JobIds': ['70421204.0'], 'EndTimes': [], 'Restarts': 0, 'RecordedSite': True, 'State': 'running', 'ResidentSetSize': [890688], 'TotalUserCpuTimeHistory': [3772.0], 'SiteHistory': ['Unknown', 'T2_US_MIT', 'T2_US_MIT'], 'TotalSysCpuTimeHistory': [162.0]}, '34': {'Retries': 0, 'WallDurations': [9.0, 293.27338695526123, 47024.0, 0, 187.00644493103027], 'StartTimes': [1637852484.0, 1637899931.0], 'SubmitTimes': [1637841279.0, -1], 'JobIds': ['70421203.0', '70421203.0'], 'EndTimes': [1637899508.0], 'Restarts': 1, 'RecordedSite': True, 'State': 'running', 'ResidentSetSize': [869428, 0], 'TotalUserCpuTimeHistory': [3911.0, 135.0], 'SiteHistory': ['Unknown', 'T2_US_MIT', 'T2_US_MIT', 'Unknown', 'T2_US_Purdue'], 'TotalSysCpuTimeHistory': [156.0, 6.0]}, '33': {'Retries': 0, 'WallDurations': [8.0, 20.24559211730957, 50199.0], 'StartTimes': [1637852154.0], 'SubmitTimes': [1637841279.0], 'JobIds': ['70421202.0'], 'EndTimes': [], 'Restarts': 0, 'RecordedSite': True, 'State': 'running', 'ResidentSetSize': [871400], 'TotalUserCpuTimeHistory': [3808.0], 'SiteHistory': ['Unknown', 'T2_US_MIT', 'T2_US_MIT'], 'TotalSysCpuTimeHistory': [174.0]}, '55': {'Retries': 0, 'WallDurations': [9.0, 293.5557460784912, 32615.0], 'StartTimes': [1637857309.0], 'SubmitTimes': [1637841287.0], 'JobIds': ['70421224.0'], 'EndTimes': [1637889924.0], 'Restarts': 0, 'RecordedSite': True, 'State': 'finished', 'ResidentSetSize': [989336], 'TotalUserCpuTimeHistory': [4397], 'SiteHistory': ['Unknown', 'T2_US_MIT', 'T2_US_MIT'], 'TotalSysCpuTimeHistory': [159]}, '37': {'Retries': 0, 'WallDurations': [8.0, 223.02160692214966, 24492.0], 'StartTimes': [1637853157.0], 'SubmitTimes': [1637841279.0], 'JobIds': ['70421206.0'], 'EndTimes': [1637877649.0], 'Restarts': 0, 'RecordedSite': True, 'State': 'finished', 'ResidentSetSize': [981056], 'TotalUserCpuTimeHistory': [4942], 'SiteHistory': ['Unknown', 'T2_US_MIT', 'T2_US_MIT'], 'TotalSysCpuTimeHistory': [240]}, '32': {'Retries': 0, 'WallDurations': [9.0, 144.24559211730957, 9816.0], 'StartTimes': [1637852030.0], 'SubmitTimes': [1637841278.0], 'JobIds': ['70421201.0'], 'EndTimes': [1637861846.0], 'Restarts': 0, 'RecordedSite': True, 'State': 'finished', 'ResidentSetSize': [774444], 'TotalUserCpuTimeHistory': [934], 'SiteHistory': ['Unknown', 'T2_US_MIT', 'T2_US_MIT'], 'TotalSysCpuTimeHistory': [46]}, '57': {'Retries': 0, 'WallDurations': [9.0, 281.5557460784912, 42187.0, 0, 135.00644493103027], 'StartTimes': [1637857321.0, 1637899983.0], 'SubmitTimes': [1637841287.0, -1], 'JobIds': ['70421225.0', '70421225.0'], 'EndTimes': [1637899508.0], 'Restarts': 1, 'RecordedSite': True, 'State': 'running', 'ResidentSetSize': [845932, 0], 'TotalUserCpuTimeHistory': [5935.0, 0.0], 'SiteHistory': ['Unknown', 'T2_US_MIT', 'T2_US_MIT', 'Unknown', 'T2_US_UCSD'], 'TotalSysCpuTimeHistory': [234.0, 0.0]}, '50': {'Retries': 3, 'WallDurations': [9.0, 252.1482629776001, 15231.0, 0, 961.0, 9.0, 243.88228702545166, 833.0, 8.0, 147.96614599227905, 781.0], 'StartTimes': [1637855542.0, 1637872701.0, 1637873944.0, 1637875246.0], 'SubmitTimes': [1637841286.0, -1, 1637873731.0, 1637874905.0], 'JobIds': ['70421218.0', '70421218.0', '70427773.0', '70428070.0'], 'EndTimes': [1637870773.0, 1637873662.0, 1637874777.0, 1637876027.0], 'Restarts': 1, 'RecordedSite': True, 'State': 'failed', 'ResidentSetSize': [884124, 1000000, 635616, 638544], 'Error': [50115, 'BadFWJRXML', {}], 'TotalUserCpuTimeHistory': [2459.0, 2636, 124, 98], 'SiteHistory': ['Unknown', 'T2_US_MIT', 'T2_US_MIT', 'Unknown', 'T2_US_UCSD', 'Unknown', 'T2_US_Nebraska', 'T2_US_Nebraska', 'Unknown', 'T2_US_UCSD', 'T2_US_UCSD'], 'TotalSysCpuTimeHistory': [132.0, 152, 3, 3]}}
INFO 2021-11-26 05:08:33.536 UTC: 	 Status on the scheduler:	SUBMITTED
INFO 2021-11-26 05:08:33.536 UTC: 	 
Jobs status:                    failed       		  2.9% ( 2/68)
INFO 2021-11-26 05:08:33.536 UTC: 	 				finished     		 66.2% (45/68)
INFO 2021-11-26 05:08:33.536 UTC: 	 				running      		 27.9% (19/68)
INFO 2021-11-26 05:08:33.536 UTC: 	 				transferring 		  2.9% ( 2/68)
INFO 2021-11-26 05:08:33.537 UTC: 	 
No publication information (publication has been disabled in the CRAB configuration file)
INFO 2021-11-26 05:08:33.537 UTC: 	 
Error Summary: (use crab status --verboseErrors for details about the errors)

 2 jobs failed with exit code 50115

Have a look at https://twiki.cern.ch/twiki/bin/viewauth/CMSPublic/JobExitCodes for a description of the exit codes.
INFO 2021-11-26 05:08:33.539 UTC: 	 
Warning: the average jobs CPU efficiency is less than 50%, please consider to improve the jobs splitting (e.g. config.Data.splitting = 'Automatic') in a new task
INFO 2021-11-26 05:08:33.539 UTC: 	 
Summary of run jobs:
 * Memory: 0MB min, 1113MB max, 856MB ave
 * Runtime: 0:02:15 min, 14:25:42 max, 4:09:37 ave
 * CPU eff: 10% min, 148% max, 34% ave
 * Waste: 51:41:02 (20% of total)

INFO 2021-11-26 05:08:33.589 UTC: 	 Log file is /afs/cern.ch/work/y/yian/work/GZ/CMSSW_10_6_20/src/PhysicsTools/NanoAODTools/WWG/2016post/fakelepton_crab/crab2016/crab_WJetsToLNu_TuneCP5_13TeV-madgraphMLM-pythia8_2016/crab.log
