DEBUG 2021-09-11 10:11:32.856 UTC: 	 CRAB Client version: v3.210825
DEBUG 2021-09-11 10:11:32.856 UTC: 	 Running on: Linux lxplus718.cern.ch 3.10.0-1160.36.2.el7.x86_64 #1 SMP Wed Jul 21 11:57:15 UTC 2021 x86_64 x86_64 x86_64 GNU/Linux - CentOS Linux 7 (Core)
DEBUG 2021-09-11 10:11:32.856 UTC: 	 Executing command: 'submit'
DEBUG 2021-09-11 10:11:32.857 UTC: 	 Found CRAB cache file /afs/cern.ch/user/y/yian/.crab3
INFO 2021-09-11 10:11:32.858 UTC: 	 Will use CRAB configuration file crabcode_2018/ST_tW_antitop_5f_NoFullyHadronicDecays_TuneCP5_13TeV-powheg-pythia8_2018_cfg.py
DEBUG 2021-09-11 10:11:32.858 UTC: 	 Loading CRAB configuration file.
DEBUG 2021-09-11 10:11:32.879 UTC: 	 Will use CRAB Analysis plugin (i.e. will run an analysis job type).
DEBUG 2021-09-11 10:11:32.896 UTC: 	 Checking credentials
DEBUG 2021-09-11 10:11:32.897 UTC: 	 Found proxy file /tmp/x509up_u110046
DEBUG 2021-09-11 10:11:32.897 UTC: 	 Getting proxy life time left
DEBUG 2021-09-11 10:11:33.603 UTC: 	 Executing : 
 command : voms-proxy-info -file /tmp/x509up_u110046 -timeleft
 output : 604523

 error: 
 retcode : 0
DEBUG 2021-09-11 10:11:34.309 UTC: 	 Executing : 
 command : voms-proxy-info -file /tmp/x509up_u110046 -actimeleft
 output : 604522

 error: 
 retcode : 0
DEBUG 2021-09-11 10:11:34.309 UTC: 	 Proxy lifetime 604523 secs is different from voms extension lifetime 604522 secs for proxy: /tmp/x509up_u110046
DEBUG 2021-09-11 10:11:34.309 UTC: 	 Proxy valid for 167:55:22 hours
DEBUG 2021-09-11 10:11:35.015 UTC: 	 Executing : 
 command : env X509_USER_PROXY=/tmp/x509up_u110046 voms-proxy-info -fqan
 output : /cms/Role=NULL/Capability=NULL

 error: 
 retcode : 0
DEBUG 2021-09-11 10:11:35.091 UTC: 	 Registering user credentials for server /DC=ch/DC=cern/OU=computers/CN=crab-(preprod|prod|dev)-tw(02|01).cern.ch|/DC=ch/DC=cern/OU=computers/CN=(ddi|ddidk|mytw).cern.ch|/DC=ch/DC=cern/OU=computers/CN=stefanov(m|m2).cern.ch
DEBUG 2021-09-11 10:11:35.905 UTC: 	 Executing : 
 command : voms-proxy-info -file /tmp/x509up_u110046 -identity
 output : /DC=ch/DC=cern/OU=Organic Units/OU=Users/CN=yian/CN=826694/CN=Ying An

 error: 
 retcode : 0
DEBUG 2021-09-11 10:11:35.913 UTC: 	 Getting myproxy life time left for myproxy.cern.ch
DEBUG 2021-09-11 10:11:35.913 UTC: 	 using b52ac606a6f7097e9b4b8f05a3a67cc69f8f291b as credential login name
DEBUG 2021-09-11 10:11:36.218 UTC: 	 Executing : 
 command : myproxy-info -l b52ac606a6f7097e9b4b8f05a3a67cc69f8f291b -s myproxy.cern.ch
 output : username: b52ac606a6f7097e9b4b8f05a3a67cc69f8f291b
owner: /DC=ch/DC=cern/OU=Organic Units/OU=Users/CN=yian/CN=826694/CN=Ying An
  renewal policy: /DC=ch/DC=cern/OU=computers/CN=crab-(preprod|prod|dev)-tw(02|01).cern.ch|/DC=ch/DC=cern/OU=computers/CN=(ddi|ddidk|mytw).cern.ch|/DC=ch/DC=cern/OU=computers/CN=stefanov(m|m2).cern.ch
  trusted retrieval policy: /DC=ch/DC=cern/OU=computers/CN=crab-(preprod|prod|dev)-tw(02|01).cern.ch|/DC=ch/DC=cern/OU=computers/CN=(ddi|ddidk|mytw).cern.ch|/DC=ch/DC=cern/OU=computers/CN=stefanov(m|m2).cern.ch
  timeleft: 362:13:36  (15.1 days)

 error: 
 retcode : 0
DEBUG 2021-09-11 10:11:36.219 UTC: 	 Myproxy is valid: 1304016
DEBUG 2021-09-11 10:11:36.219 UTC: 	 Retrieving username ...
DEBUG 2021-09-11 10:11:36.219 UTC: 	 Retrieving username from CRIC...
DEBUG 2021-09-11 10:11:36.992 UTC: 	 username is yian
DEBUG 2021-09-11 10:11:36.999 UTC: 	 Getting myproxy life time left for myproxy.cern.ch
DEBUG 2021-09-11 10:11:37.000 UTC: 	 using yian_CRAB as credential login name
DEBUG 2021-09-11 10:11:37.307 UTC: 	 Executing : 
 command : myproxy-info -l yian_CRAB -s myproxy.cern.ch
 output : username: yian_CRAB
owner: /DC=ch/DC=cern/OU=Organic Units/OU=Users/CN=yian/CN=826694/CN=Ying An
  renewal policy: /DC=ch/DC=cern/OU=computers/CN=crab-(preprod|prod|dev)-tw(02|01).cern.ch|/DC=ch/DC=cern/OU=computers/CN=(ddi|ddidk|mytw).cern.ch|/DC=ch/DC=cern/OU=computers/CN=stefanov(m|m2).cern.ch
  trusted retrieval policy: /DC=ch/DC=cern/OU=computers/CN=crab-(preprod|prod|dev)-tw(02|01).cern.ch|/DC=ch/DC=cern/OU=computers/CN=(ddi|ddidk|mytw).cern.ch|/DC=ch/DC=cern/OU=computers/CN=stefanov(m|m2).cern.ch
  timeleft: 363:14:01  (15.1 days)

 error: 
 retcode : 0
DEBUG 2021-09-11 10:11:37.307 UTC: 	 Myproxy is valid: 1307641
DEBUG 2021-09-11 10:11:37.308 UTC: 	 Result of myproxy credential check:
  Credential exists on myproxy: username: b52ac606a6f7097e9b4b8f05a3a67cc69f8f291b  - validity: 15 days, 2:13:36
  Credential exists on myproxy: username: yian_CRAB  - validity: 15 days, 3:14:01
DEBUG 2021-09-11 10:11:37.308 UTC: 	 Command use: submit
DEBUG 2021-09-11 10:11:37.308 UTC: 	 Options use: ['-c', 'crabcode_2018/ST_tW_antitop_5f_NoFullyHadronicDecays_TuneCP5_13TeV-powheg-pythia8_2018_cfg.py']
DEBUG 2021-09-11 10:11:37.386 UTC: 	 CRABClient version: v3.210825
DEBUG 2021-09-11 10:11:37.386 UTC: 	 Instance is prod
DEBUG 2021-09-11 10:11:37.386 UTC: 	 Server base url is cmsweb.cern.ch
DEBUG 2021-09-11 10:11:37.386 UTC: 	 Command api workflow
DEBUG 2021-09-11 10:11:37.387 UTC: 	 Started submission
DEBUG 2021-09-11 10:11:37.387 UTC: 	 Working on /afs/cern.ch/work/y/yian/work/GZ/CMSSW_10_6_20/src/PhysicsTools/NanoAODTools/WWG/2018/crab/crab2018/crab_ST_tW_antitop_5f_NoFullyHadronicDecays_TuneCP5_13TeV-powheg-pythia8_2018
DEBUG 2021-09-11 10:11:37.494 UTC: 	 Loading required information from the environment
DEBUG 2021-09-11 10:11:37.494 UTC: 	 Found CMSSW_10_6_20 for slc7_amd64_gcc820 with base /afs/cern.ch/work/y/yian/work/GZ/CMSSW_10_6_20
DEBUG 2021-09-11 10:11:37.494 UTC: 	 Loading required information from the environment
DEBUG 2021-09-11 10:11:37.494 UTC: 	 Found CMSSW_10_6_20 for slc7_amd64_gcc820 with base /afs/cern.ch/work/y/yian/work/GZ/CMSSW_10_6_20
DEBUG 2021-09-11 10:11:37.494 UTC: 	 UNIQUE NAME: tarUUID 1b2468b3-257e-41d8-b37f-bdb543d47da9 
DEBUG 2021-09-11 10:11:37.495 UTC: 	 self.config: from WMCore.Configuration import Configuration
config = Configuration()
config.section_('General')
config.General.workArea = 'crab2018'
config.General.transferLogs = False
config.General.requestName = 'ST_tW_antitop_5f_NoFullyHadronicDecays_TuneCP5_13TeV-powheg-pythia8_2018'
config.section_('JobType')
config.JobType.scriptArgs = ['isdata=MC', 'year=2018', 'era=A']
config.JobType.scriptExe = './WWG_crab_script.sh'
config.JobType.pluginName = 'Analysis'
config.JobType.sendPythonFolder = True
config.JobType.allowUndistributedCMSSW = True
config.JobType.psetName = 'PSet.py'
config.JobType.inputFiles = ['../../../scripts/haddnano.py', '../WWG_selector/WWG_postproc.py', '../WWG_selector/WWG_Module.py', '../WWG_selector/WWG_keep_and_drop.txt', '../WWG_selector/WWG_output_branch.txt', '../WWG_selector/DAS_filesearch.py']
config.section_('Data')
config.Data.inputDataset = '/ST_tW_antitop_5f_NoFullyHadronicDecays_TuneCP5_13TeV-powheg-pythia8/RunIISummer20UL18NanoAODv9-106X_upgrade2018_realistic_v16_L1v1-v1/NANOAODSIM'
config.Data.allowNonValidInputDataset = True
config.Data.publication = False
config.Data.unitsPerJob = 1
config.Data.ignoreLocality = True
config.Data.inputDBS = 'global'
config.Data.splitting = 'FileBased'
config.Data.outputDatasetTag = 'ST_tW_antitop_5f_NoFullyHadronicDecays_TuneCP5_13TeV-powheg-pythia8_2018'
config.section_('Site')
config.Site.whitelist = ['T2_US_MIT', 'T2_US_Wisconsin', 'T2_US_Purdue', 'T2_US_UCSD', 'T2_US_Caltech', 'T2_US_Nebraska']
config.Site.storageSite = 'T3_CH_CERNBOX'

DEBUG 2021-09-11 10:11:37.495 UTC: 	 self.config.JobType.psetName: PSet.py
INFO 2021-09-11 10:11:37.495 UTC: 	 Importing CMSSW configuration PSet.py
INFO 2021-09-11 10:11:37.928 UTC: 	 Finished importing CMSSW configuration PSet.py
DEBUG 2021-09-11 10:11:37.928 UTC: 	 Writing CMSSW configuration to /afs/cern.ch/work/y/yian/work/GZ/CMSSW_10_6_20/src/PhysicsTools/NanoAODTools/WWG/2018/crab/crab2018/crab_ST_tW_antitop_5f_NoFullyHadronicDecays_TuneCP5_13TeV-powheg-pythia8_2018/inputs/PSet.py
DEBUG 2021-09-11 10:11:37.937 UTC: 	 The following EDM output files will be collected: ['tree.root']
DEBUG 2021-09-11 10:11:37.937 UTC: 	 The following TFile output files will be collected: []
DEBUG 2021-09-11 10:11:37.937 UTC: 	 The following user output files (not listed as PoolOuputModule or TFileService in the CMSSW PSet) will be collected: 
DEBUG 2021-09-11 10:11:37.937 UTC: 	 Loading required information from the environment
DEBUG 2021-09-11 10:11:37.937 UTC: 	 Found CMSSW_10_6_20 for slc7_amd64_gcc820 with base /afs/cern.ch/work/y/yian/work/GZ/CMSSW_10_6_20
DEBUG 2021-09-11 10:11:37.937 UTC: 	 Making tarball in /afs/cern.ch/work/y/yian/work/GZ/CMSSW_10_6_20/src/PhysicsTools/NanoAODTools/WWG/2018/crab/crab2018/crab_ST_tW_antitop_5f_NoFullyHadronicDecays_TuneCP5_13TeV-powheg-pythia8_2018/inputs/1b2468b3-257e-41d8-b37f-bdb543d47da9default.tgz
DEBUG 2021-09-11 10:11:37.939 UTC: 	 Checking directory /afs/cern.ch/work/y/yian/work/GZ/CMSSW_10_6_20/lib
DEBUG 2021-09-11 10:11:37.939 UTC: 	 Adding directory /afs/cern.ch/work/y/yian/work/GZ/CMSSW_10_6_20/lib to tarball
DEBUG 2021-09-11 10:11:38.061 UTC: 	 Checking directory /afs/cern.ch/work/y/yian/work/GZ/CMSSW_10_6_20/biglib
DEBUG 2021-09-11 10:11:38.061 UTC: 	 Adding directory /afs/cern.ch/work/y/yian/work/GZ/CMSSW_10_6_20/biglib to tarball
DEBUG 2021-09-11 10:11:38.062 UTC: 	 Checking directory /afs/cern.ch/work/y/yian/work/GZ/CMSSW_10_6_20/module
DEBUG 2021-09-11 10:11:38.062 UTC: 	 Checking directory /afs/cern.ch/work/y/yian/work/GZ/CMSSW_10_6_20/python
DEBUG 2021-09-11 10:11:38.062 UTC: 	 Adding directory /afs/cern.ch/work/y/yian/work/GZ/CMSSW_10_6_20/python to tarball
DEBUG 2021-09-11 10:11:40.792 UTC: 	 Checking directory /afs/cern.ch/work/y/yian/work/GZ/CMSSW_10_6_20/cfipython
DEBUG 2021-09-11 10:11:40.792 UTC: 	 Adding directory /afs/cern.ch/work/y/yian/work/GZ/CMSSW_10_6_20/cfipython to tarball
DEBUG 2021-09-11 10:11:40.888 UTC: 	 Adding data directory /afs/cern.ch/work/y/yian/work/GZ/CMSSW_10_6_20/src/PhysicsTools/NanoAODTools/data to tarball
DEBUG 2021-09-11 10:12:02.994 UTC: 	 Adding data directory /afs/cern.ch/work/y/yian/work/GZ/CMSSW_10_6_20/src/PhysicsTools/NanoAODTools/interface to tarball
DEBUG 2021-09-11 10:12:02.998 UTC: 	 Adding data directory /afs/cern.ch/work/y/yian/work/GZ/CMSSW_10_6_20/src/PhysicsTools/NanoAODTools/python/postprocessing/data to tarball
DEBUG 2021-09-11 10:12:05.607 UTC: 	 Adding file ../../../scripts/haddnano.py to tarball
DEBUG 2021-09-11 10:12:05.608 UTC: 	 Adding file ../WWG_selector/WWG_postproc.py to tarball
DEBUG 2021-09-11 10:12:05.608 UTC: 	 Adding file ../WWG_selector/WWG_Module.py to tarball
DEBUG 2021-09-11 10:12:05.609 UTC: 	 Adding file ../WWG_selector/WWG_keep_and_drop.txt to tarball
DEBUG 2021-09-11 10:12:05.609 UTC: 	 Adding file ../WWG_selector/WWG_output_branch.txt to tarball
DEBUG 2021-09-11 10:12:05.610 UTC: 	 Adding file ../WWG_selector/DAS_filesearch.py to tarball
DEBUG 2021-09-11 10:12:10.946 UTC: 	 Uploading archive /afs/cern.ch/work/y/yian/work/GZ/CMSSW_10_6_20/src/PhysicsTools/NanoAODTools/WWG/2018/crab/crab2018/crab_ST_tW_antitop_5f_NoFullyHadronicDecays_TuneCP5_13TeV-powheg-pythia8_2018/inputs/1b2468b3-257e-41d8-b37f-bdb543d47da9default.tgz (94 MB) to the CRAB cache. Using URI https://cmsweb.cern.ch/S3/crabcache_prod
DEBUG 2021-09-11 10:12:35.501 UTC: 	 sandbox ce4024b067767c0af918e51c87b31628855166e163a541c120405109f27fbcb5.tar.gz is already in the S3 store, will not upload again
DEBUG 2021-09-11 10:12:35.501 UTC: 	 Loading required information from the environment
DEBUG 2021-09-11 10:12:35.501 UTC: 	 Found CMSSW_10_6_20 for slc7_amd64_gcc820 with base /afs/cern.ch/work/y/yian/work/GZ/CMSSW_10_6_20
DEBUG 2021-09-11 10:12:35.501 UTC: 	 Making tarball in /afs/cern.ch/work/y/yian/work/GZ/CMSSW_10_6_20/src/PhysicsTools/NanoAODTools/WWG/2018/crab/crab2018/crab_ST_tW_antitop_5f_NoFullyHadronicDecays_TuneCP5_13TeV-powheg-pythia8_2018/inputs/debugFiles.tgz
DEBUG 2021-09-11 10:12:35.507 UTC: 	 Uploading archive /afs/cern.ch/work/y/yian/work/GZ/CMSSW_10_6_20/src/PhysicsTools/NanoAODTools/WWG/2018/crab/crab2018/crab_ST_tW_antitop_5f_NoFullyHadronicDecays_TuneCP5_13TeV-powheg-pythia8_2018/inputs/debugFiles.tgz (1 KB) to the CRAB cache. Using URI https://cmsweb.cern.ch/S3/crabcache_prod
DEBUG 2021-09-11 10:12:35.621 UTC: 	 Will execute:
curl -f -v -X POST  -H "User-Agent: CRAB" -F "key=yian/sandboxes/e510eb24c30958b049daa43d9eb4c160d25051a294baf0f6539324b864f70328.tar.gz" -F "AWSAccessKeyId=ab00fcc889f248c495d2875f15a3badb" -F "policy=eyJjb25kaXRpb25zIjogW3siYnVja2V0IjogImNyYWJjYWNoZV9wcm9kIn0sIHsia2V5IjogInlpYW4vc2FuZGJveGVzL2U1MTBlYjI0YzMwOTU4YjA0OWRhYTQzZDllYjRjMTYwZDI1MDUxYTI5NGJhZjBmNjUzOTMyNGI4NjRmNzAzMjgudGFyLmd6In1dLCAiZXhwaXJhdGlvbiI6ICIyMDIxLTA5LTExVDExOjEyOjM1WiJ9" -F "signature=w3NFWOo3pRjP3KYp8eYX9jn8m4c=" -F "file=@/afs/cern.ch/work/y/yian/work/GZ/CMSSW_10_6_20/src/PhysicsTools/NanoAODTools/WWG/2018/crab/crab2018/crab_ST_tW_antitop_5f_NoFullyHadronicDecays_TuneCP5_13TeV-powheg-pythia8_2018/inputs/debugFiles.tgz" "https://s3.cern.ch/crabcache_prod"
DEBUG 2021-09-11 10:12:36.692 UTC: 	 exitcode: 0
stdout: 
stderr: Note: Unnecessary use of -X or --request, POST is already inferred.
  % Total    % Received % Xferd  Average Speed   Time    Time     Time  Current
                                 Dload  Upload   Total   Spent    Left  Speed
  0     0    0     0    0     0      0      0 --:--:-- --:--:-- --:--:--     0*   Trying 2001:1458:d00:14::341...
* TCP_NODELAY set
* Connected to s3.cern.ch (2001:1458:d00:14::341) port 443 (#0)
* ALPN, offering http/1.1
* Cipher selection: ALL:!EXPORT:!EXPORT40:!EXPORT56:!aNULL:!LOW:!RC4:@STRENGTH
* successfully set certificate verify locations:
  CAfile: /etc/pki/tls/certs/ca-bundle.crt
  CApath: none
* TLSv1.2 (OUT), TLS header, Certificate Status (22):
} [5 bytes data]
* TLSv1.2 (OUT), TLS handshake, Client hello (1):
} [512 bytes data]
* TLSv1.2 (IN), TLS handshake, Server hello (2):
{ [70 bytes data]
* TLSv1.2 (IN), TLS handshake, Certificate (11):
{ [4780 bytes data]
* TLSv1.2 (IN), TLS handshake, Server key exchange (12):
{ [333 bytes data]
* TLSv1.2 (IN), TLS handshake, Server finished (14):
{ [4 bytes data]
* TLSv1.2 (OUT), TLS handshake, Client key exchange (16):
} [70 bytes data]
* TLSv1.2 (OUT), TLS change cipher, Client hello (1):
} [1 bytes data]
* TLSv1.2 (OUT), TLS handshake, Finished (20):
} [16 bytes data]
* TLSv1.2 (IN), TLS change cipher, Client hello (1):
{ [1 bytes data]
* TLSv1.2 (IN), TLS handshake, Finished (20):
{ [16 bytes data]
* SSL connection using TLSv1.2 / ECDHE-RSA-AES128-GCM-SHA256
* ALPN, server accepted to use http/1.1
* Server certificate:
*  subject: C=CH; ST=Genève; L=Meyrin; O=Organisation européenne pour la Recherche nucléaire (CERN); CN=*.s3.cern.ch
*  start date: Mar 10 00:00:00 2021 GMT
*  expire date: Mar 10 23:59:59 2022 GMT
*  subjectAltName: host "s3.cern.ch" matched cert's "s3.cern.ch"
*  issuer: C=GB; ST=Greater Manchester; L=Salford; O=Sectigo Limited; CN=Sectigo RSA Organization Validation Secure Server CA
*  SSL certificate verify ok.
} [5 bytes data]
> POST /crabcache_prod HTTP/1.1
> Host: s3.cern.ch
> Accept: */*
> User-Agent: CRAB
> Content-Length: 2802
> Content-Type: multipart/form-data; boundary=------------------------52eeb440ad6cf3b3
> Expect: 100-continue
> 
  0  2802    0     0    0     0      0      0 --:--:-- --:--:-- --:--:--     0* Done waiting for 100-continue
} [5 bytes data]
< HTTP/1.1 100 Continue
{ [5 bytes data]
< HTTP/1.1 204 No Content
< Accept-Ranges: bytes
< Bucket: crabcache_prod
< Date: Sat, 11 Sep 2021 10:12:36 GMT
< X-Amz-Request-Id: tx00000000000000e24a730-00613c8113-1e049818-default
< 
100  2802    0     0  100  2802      0   2720  0:00:01  0:00:01 --:--:--  2720
* Connection #0 to host s3.cern.ch left intact

DEBUG 2021-09-11 10:12:36.692 UTC: 	 sandbox /afs/cern.ch/work/y/yian/work/GZ/CMSSW_10_6_20/src/PhysicsTools/NanoAODTools/WWG/2018/crab/crab2018/crab_ST_tW_antitop_5f_NoFullyHadronicDecays_TuneCP5_13TeV-powheg-pythia8_2018/inputs/debugFiles.tgz successully uploaded to S3
DEBUG 2021-09-11 10:12:36.692 UTC: 	 Result uploading input files: ce4024b067767c0af918e51c87b31628855166e163a541c120405109f27fbcb5.tar.gz 
INFO 2021-09-11 10:12:36.693 UTC: 	 Sending the request to the server at cmsweb.cern.ch
DEBUG 2021-09-11 10:12:36.693 UTC: 	 Submitting {'maxjobruntime': 1250, 'extrajdl': [], 'ignorelocality': 1, 'savelogsflag': 0, 'useparent': 0, 'scriptexe': 'WWG_crab_script.sh', 'asyncdest': 'T3_CH_CERNBOX', 'algoargs': 1, 'cachefilename': 'ce4024b067767c0af918e51c87b31628855166e163a541c120405109f27fbcb5.tar.gz', 'numcores': 1, 'addoutputfiles': [], 'generator': 'pythia', 'maxmemory': 2000, 'publishdbsurl': 'https://cmsweb.cern.ch/dbs/prod/phys03/DBSWriter', 'priority': 10, 'jobsw': 'CMSSW_10_6_20', 'edmoutfiles': ['tree.root'], 'userfiles': [], 'primarydataset': '', 'inputdata': '/ST_tW_antitop_5f_NoFullyHadronicDecays_TuneCP5_13TeV-powheg-pythia8/RunIISummer20UL18NanoAODv9-106X_upgrade2018_realistic_v16_L1v1-v1/NANOAODSIM', 'dryrun': 0, 'workflow': 'crab_ST_tW_antitop_5f_NoFullyHadronicDecays_TuneCP5_13TeV-powheg-pythia8_2018', 'scriptargs': ['isdata=MC', 'year=2018', 'era=A'], 'sitewhitelist': ['T2_US_MIT', 'T2_US_Wisconsin', 'T2_US_Purdue', 'T2_US_UCSD', 'T2_US_Caltech', 'T2_US_Nebraska'], 'nonprodsw': 1, 'tfileoutfiles': [], 'oneEventMode': 0, 'debugfilename': 'e510eb24c30958b049daa43d9eb4c160d25051a294baf0f6539324b864f70328.tar.gz', 'cacheurl': u'https://cmsweb.cern.ch/S3/crabcache_prod', 'saveoutput': 1, 'publication': 0, 'jobarch': 'slc7_amd64_gcc820', 'totalunits': 0, 'splitalgo': 'FileBased', 'ignoreglobalblacklist': 0, 'nonvaliddata': 1, 'dbsurl': 'https://cmsweb.cern.ch/dbs/prod/global/DBSReader', 'publishgroupname': 0, 'jobtype': 'Analysis', 'publishname2': 'ST_tW_antitop_5f_NoFullyHadronicDecays_TuneCP5_13TeV-powheg-pythia8_2018'} 
DEBUG 2021-09-11 10:12:36.693 UTC: 	 Encoded submit request: maxjobruntime=1250&ignorelocality=1&savelogsflag=0&useparent=0&scriptexe=WWG_crab_script.sh&asyncdest=T3_CH_CERNBOX&algoargs=1&cachefilename=ce4024b067767c0af918e51c87b31628855166e163a541c120405109f27fbcb5.tar.gz&numcores=1&generator=pythia&maxmemory=2000&publishdbsurl=https%3A%2F%2Fcmsweb.cern.ch%2Fdbs%2Fprod%2Fphys03%2FDBSWriter&priority=10&jobsw=CMSSW_10_6_20&primarydataset=&inputdata=%2FST_tW_antitop_5f_NoFullyHadronicDecays_TuneCP5_13TeV-powheg-pythia8%2FRunIISummer20UL18NanoAODv9-106X_upgrade2018_realistic_v16_L1v1-v1%2FNANOAODSIM&dryrun=0&workflow=crab_ST_tW_antitop_5f_NoFullyHadronicDecays_TuneCP5_13TeV-powheg-pythia8_2018&nonprodsw=1&oneEventMode=0&debugfilename=e510eb24c30958b049daa43d9eb4c160d25051a294baf0f6539324b864f70328.tar.gz&cacheurl=https%3A%2F%2Fcmsweb.cern.ch%2FS3%2Fcrabcache_prod&saveoutput=1&publication=0&jobarch=slc7_amd64_gcc820&totalunits=0&splitalgo=FileBased&ignoreglobalblacklist=0&nonvaliddata=1&dbsurl=https%3A%2F%2Fcmsweb.cern.ch%2Fdbs%2Fprod%2Fglobal%2FDBSReader&publishgroupname=0&jobtype=Analysis&publishname2=ST_tW_antitop_5f_NoFullyHadronicDecays_TuneCP5_13TeV-powheg-pythia8_2018&sitewhitelist=T2_US_MIT&sitewhitelist=T2_US_Wisconsin&sitewhitelist=T2_US_Purdue&sitewhitelist=T2_US_UCSD&sitewhitelist=T2_US_Caltech&sitewhitelist=T2_US_Nebraska&edmoutfiles=tree.root&scriptargs=isdata%3DMC&scriptargs=year%3D2018&scriptargs=era%3DA
DEBUG 2021-09-11 10:12:36.888 UTC: 	 Result: {u'result': [{u'RequestName': u'210911_101236:yian_crab_ST_tW_antitop_5f_NoFullyHadronicDecays_TuneCP5_13TeV-powheg-pythia8_2018'}]}
INFO 2021-09-11 10:12:36.892 UTC: 	 Success: Your task has been delivered to the prod CRAB3 server.
INFO 2021-09-11 10:12:36.892 UTC: 	 Task name: 210911_101236:yian_crab_ST_tW_antitop_5f_NoFullyHadronicDecays_TuneCP5_13TeV-powheg-pythia8_2018
INFO 2021-09-11 10:12:36.892 UTC: 	 Project dir: crab2018/crab_ST_tW_antitop_5f_NoFullyHadronicDecays_TuneCP5_13TeV-powheg-pythia8_2018
INFO 2021-09-11 10:12:36.892 UTC: 	 Please use ' crab status -d crab2018/crab_ST_tW_antitop_5f_NoFullyHadronicDecays_TuneCP5_13TeV-powheg-pythia8_2018 ' to check how the submission process proceeds.
DEBUG 2021-09-11 10:12:36.892 UTC: 	 About to return
INFO 2021-09-11 10:12:36.896 UTC: 	 Log file is /afs/cern.ch/work/y/yian/work/GZ/CMSSW_10_6_20/src/PhysicsTools/NanoAODTools/WWG/2018/crab/crab2018/crab_ST_tW_antitop_5f_NoFullyHadronicDecays_TuneCP5_13TeV-powheg-pythia8_2018/crab.log
DEBUG 2021-09-12 11:07:25.109 UTC: 	 CRAB Client version: v3.210825
DEBUG 2021-09-12 11:07:25.110 UTC: 	 Running on: Linux lxplus710.cern.ch 3.10.0-1160.36.2.el7.x86_64 #1 SMP Wed Jul 21 11:57:15 UTC 2021 x86_64 x86_64 x86_64 GNU/Linux - CentOS Linux 7 (Core)
DEBUG 2021-09-12 11:07:25.110 UTC: 	 Executing command: 'status'
DEBUG 2021-09-12 11:07:25.110 UTC: 	 Found CRAB cache file /afs/cern.ch/user/y/yian/.crab3
DEBUG 2021-09-12 11:07:25.311 UTC: 	 Checking credentials
DEBUG 2021-09-12 11:07:25.311 UTC: 	 Found proxy file /tmp/x509up_u110046
DEBUG 2021-09-12 11:07:25.311 UTC: 	 Getting proxy life time left
DEBUG 2021-09-12 11:07:25.916 UTC: 	 Executing : 
 command : voms-proxy-info -file /tmp/x509up_u110046 -timeleft
 output : 604360

 error: 
 retcode : 0
DEBUG 2021-09-12 11:07:26.535 UTC: 	 Executing : 
 command : voms-proxy-info -file /tmp/x509up_u110046 -actimeleft
 output : 604359

 error: 
 retcode : 0
DEBUG 2021-09-12 11:07:26.535 UTC: 	 Proxy lifetime 604360 secs is different from voms extension lifetime 604359 secs for proxy: /tmp/x509up_u110046
DEBUG 2021-09-12 11:07:26.535 UTC: 	 Proxy valid for 167:52:39 hours
DEBUG 2021-09-12 11:07:26.602 UTC: 	 Registering user credentials for server /DC=ch/DC=cern/OU=computers/CN=crab-(preprod|prod|dev)-tw(02|01).cern.ch|/DC=ch/DC=cern/OU=computers/CN=(ddi|ddidk|mytw).cern.ch|/DC=ch/DC=cern/OU=computers/CN=stefanov(m|m2).cern.ch
DEBUG 2021-09-12 11:07:27.315 UTC: 	 Executing : 
 command : voms-proxy-info -file /tmp/x509up_u110046 -identity
 output : /DC=ch/DC=cern/OU=Organic Units/OU=Users/CN=yian/CN=826694/CN=Ying An

 error: 
 retcode : 0
DEBUG 2021-09-12 11:07:27.323 UTC: 	 Getting myproxy life time left for myproxy.cern.ch
DEBUG 2021-09-12 11:07:27.323 UTC: 	 using b52ac606a6f7097e9b4b8f05a3a67cc69f8f291b as credential login name
DEBUG 2021-09-12 11:07:27.730 UTC: 	 Executing : 
 command : myproxy-info -l b52ac606a6f7097e9b4b8f05a3a67cc69f8f291b -s myproxy.cern.ch
 output : username: b52ac606a6f7097e9b4b8f05a3a67cc69f8f291b
owner: /DC=ch/DC=cern/OU=Organic Units/OU=Users/CN=yian/CN=826694/CN=Ying An
  renewal policy: /DC=ch/DC=cern/OU=computers/CN=crab-(preprod|prod|dev)-tw(02|01).cern.ch|/DC=ch/DC=cern/OU=computers/CN=(ddi|ddidk|mytw).cern.ch|/DC=ch/DC=cern/OU=computers/CN=stefanov(m|m2).cern.ch
  trusted retrieval policy: /DC=ch/DC=cern/OU=computers/CN=crab-(preprod|prod|dev)-tw(02|01).cern.ch|/DC=ch/DC=cern/OU=computers/CN=(ddi|ddidk|mytw).cern.ch|/DC=ch/DC=cern/OU=computers/CN=stefanov(m|m2).cern.ch
  timeleft: 719:54:14  (30.0 days)

 error: 
 retcode : 0
DEBUG 2021-09-12 11:07:27.731 UTC: 	 Myproxy is valid: 2591654
DEBUG 2021-09-12 11:07:27.731 UTC: 	 Retrieving username ...
DEBUG 2021-09-12 11:07:27.731 UTC: 	 Retrieving username from CRIC...
DEBUG 2021-09-12 11:07:28.966 UTC: 	 username is yian
DEBUG 2021-09-12 11:07:28.973 UTC: 	 Getting myproxy life time left for myproxy.cern.ch
DEBUG 2021-09-12 11:07:28.974 UTC: 	 using yian_CRAB as credential login name
DEBUG 2021-09-12 11:07:29.378 UTC: 	 Executing : 
 command : myproxy-info -l yian_CRAB -s myproxy.cern.ch
 output : username: yian_CRAB
owner: /DC=ch/DC=cern/OU=Organic Units/OU=Users/CN=yian/CN=826694/CN=Ying An
  renewal policy: /DC=ch/DC=cern/OU=computers/CN=crab-(preprod|prod|dev)-tw(02|01).cern.ch|/DC=ch/DC=cern/OU=computers/CN=(ddi|ddidk|mytw).cern.ch|/DC=ch/DC=cern/OU=computers/CN=stefanov(m|m2).cern.ch
  trusted retrieval policy: /DC=ch/DC=cern/OU=computers/CN=crab-(preprod|prod|dev)-tw(02|01).cern.ch|/DC=ch/DC=cern/OU=computers/CN=(ddi|ddidk|mytw).cern.ch|/DC=ch/DC=cern/OU=computers/CN=stefanov(m|m2).cern.ch
  timeleft: 719:54:25  (30.0 days)

 error: 
 retcode : 0
DEBUG 2021-09-12 11:07:29.378 UTC: 	 Myproxy is valid: 2591665
DEBUG 2021-09-12 11:07:29.378 UTC: 	 Result of myproxy credential check:
  Credential exists on myproxy: username: b52ac606a6f7097e9b4b8f05a3a67cc69f8f291b  - validity: 29 days, 23:54:14
  Credential exists on myproxy: username: yian_CRAB  - validity: 29 days, 23:54:25
DEBUG 2021-09-12 11:07:29.380 UTC: 	 Command use: status
DEBUG 2021-09-12 11:07:29.380 UTC: 	 Options use: ['-d', 'crab2018/crab_ST_tW_antitop_5f_NoFullyHadronicDecays_TuneCP5_13TeV-powheg-pythia8_2018']
DEBUG 2021-09-12 11:07:29.457 UTC: 	 CRABClient version: v3.210825
DEBUG 2021-09-12 11:07:29.458 UTC: 	 Instance is prod
DEBUG 2021-09-12 11:07:29.458 UTC: 	 Server base url is cmsweb.cern.ch
DEBUG 2021-09-12 11:07:29.458 UTC: 	 Command api workflow
DEBUG 2021-09-12 11:07:29.578 UTC: 	 Got information from server oracle database: {u'result': [u'210911_101236:yian_crab_ST_tW_antitop_5f_NoFullyHadronicDecays_TuneCP5_13TeV-powheg-pythia8_2018', u'None', u'None', u'SUBMITTED', u'SUBMIT', u'2021-09-11 10:12:36.879784', u'None', u'2021-09-11 10:13:24.244382', u'None', u'CMSSW_10_6_20', u'slc7_amd64_gcc820', u'/ST_tW_antitop_5f_NoFullyHadronicDecays_TuneCP5_13TeV-powheg-pythia8/RunIISummer20UL18NanoAODv9-106X_upgrade2018_realistic_v16_L1v1-v1/NANOAODSIM', u'T', u'0', u"[u'T2_US_UCSD', u'T2_US_Wisconsin', u'T2_US_MIT', u'T2_US_Caltech', u'T2_US_Purdue', u'T2_US_Nebraska']", u'[]', u'FileBased', u"{'splitOnRun': False, 'halt_job_on_file_boundaries': False, 'files_per_job': 1, 'runs': [], 'lumis': []}", u'ce4024b067767c0af918e51c87b31628855166e163a541c120405109f27fbcb5.tar.gz', u'https://cmsweb.cern.ch/S3/crabcache_prod', u'yian', u'/DC=ch/DC=cern/OU=Organic Units/OU=Users/CN=yian/CN=826694/CN=Ying An', u'cms', u'None', u'None', u'ST_tW_antitop_5f_NoFullyHadronicDecays_TuneCP5_13TeV-powheg-pythia8_2018-00000000000000000000000000000000', u'F', u'T3_CH_CERNBOX', u'https://cmsweb.cern.ch/dbs/prod/global/DBSReader', u'https://cmsweb.cern.ch/dbs/prod/phys03/DBSWriter', u'F', u'[]', u'[]', u"[b'tree.root']", u'Analysis', u'pythia', u'None', u'{}', u'[]', u'F', u'crab-prod-tw01', u'[]', u'1250', u'1', u'2000', u'10', u"['/ST_tW_antitop_5f_NoFullyHadronicDecays_TuneCP5_13TeV-powheg-pythia8/yian-ST_tW_antitop_5f_NoFullyHadronicDecays_TuneCP5_13TeV-powheg-pythia8_2018-1ea93bf7cfbb24e247bd0f4bd1955225/USER']", u'[]', u'http://vocms0120.cern.ch/mon/cms1407/210911_101236:yian_crab_ST_tW_antitop_5f_NoFullyHadronicDecays_TuneCP5_13TeV-powheg-pythia8_2018', u'WWG_crab_script.sh', u"[b'isdata=MC', b'year=2018', b'era=A']", u'[]', u'https://cmsweb.cern.ch/crabserver/prod', u'cmsgwms-collector-global.cern.ch:9620,cmsgwms-collector-global.fnal.gov:9620', u'crab3@vocms0120.cern.ch', u'F', u'[]', u'T', u'/store/user/yian/', u'T', u'None', u'F', u'None', u'ST_tW_antitop_5f_NoFullyHadronicDecays_TuneCP5_13TeV-powheg-pythia8', u'None', u'e510eb24c30958b049daa43d9eb4c160d25051a294baf0f6539324b864f70328.tar.gz', u'70987684', u'filetransfers', u'F', u'188.184.98.213', u'0.0', u'None'], u'desc': {u'columns': [u'tm_taskname', u'tm_activity', u'panda_jobset_id', u'tm_task_status', u'tm_task_command', u'tm_start_time', u'tm_start_injection', u'tm_end_injection', u'tm_task_failure', u'tm_job_sw', u'tm_job_arch', u'tm_input_dataset', u'tm_nonvalid_input_dataset', u'tm_use_parent', u'tm_site_whitelist', u'tm_site_blacklist', u'tm_split_algo', u'tm_split_args', u'tm_user_sandbox', u'tm_cache_url', u'tm_username', u'tm_user_dn', u'tm_user_vo', u'tm_user_role', u'tm_user_group', u'tm_publish_name', u'tm_publish_groupname', u'tm_asyncdest', u'tm_dbs_url', u'tm_publish_dbs_url', u'tm_publication', u'tm_outfiles', u'tm_tfile_outfiles', u'tm_edm_outfiles', u'tm_job_type', u'tm_generator', u'tm_events_per_lumi', u'tm_arguments', u'panda_resubmitted_jobs', u'tm_save_logs', u'tw_name', u'tm_user_infiles', u'tm_maxjobruntime', u'tm_numcores', u'tm_maxmemory', u'tm_priority', u'tm_output_dataset', u'tm_task_warnings', u'tm_user_webdir', u'tm_scriptexe', u'tm_scriptargs', u'tm_extrajdl', u'tm_asourl', u'tm_collector', u'tm_schedd', u'tm_dry_run', u'tm_user_files', u'tm_transfer_outputs', u'tm_output_lfn', u'tm_ignore_locality', u'tm_fail_limit', u'tm_one_event_mode', u'tm_secondary_input_dataset', u'tm_primary_dataset', u'tm_last_publication', u'tm_debug_files', u'clusterid', u'tm_asodb', u'tm_ignore_global_blacklist', u'tm_submitter_ip_addr', u'tm_totalunits', u'tm_ddm_reqid']}}
INFO 2021-09-12 11:07:29.578 UTC: 	 CRAB project directory:		/afs/cern.ch/work/y/yian/work/GZ/CMSSW_10_6_20/src/PhysicsTools/NanoAODTools/WWG/2018/crab/crab2018/crab_ST_tW_antitop_5f_NoFullyHadronicDecays_TuneCP5_13TeV-powheg-pythia8_2018
INFO 2021-09-12 11:07:29.579 UTC: 	 Task name:			210911_101236:yian_crab_ST_tW_antitop_5f_NoFullyHadronicDecays_TuneCP5_13TeV-powheg-pythia8_2018
INFO 2021-09-12 11:07:29.579 UTC: 	 Grid scheduler - Task Worker:	crab3@vocms0120.cern.ch - crab-prod-tw01
INFO 2021-09-12 11:07:29.579 UTC: 	 Status on the CRAB server:	SUBMITTED
INFO 2021-09-12 11:07:29.579 UTC: 	 Task URL to use for HELP:	https://cmsweb.cern.ch/crabserver/ui/task/210911_101236%3Ayian_crab_ST_tW_antitop_5f_NoFullyHadronicDecays_TuneCP5_13TeV-powheg-pythia8_2018
INFO 2021-09-12 11:07:29.582 UTC: 	 Dashboard monitoring URL:	https://monit-grafana.cern.ch/d/cmsTMDetail/cms-task-monitoring-task-view?orgId=11&var-user=yian&var-task=210911_101236%3Ayian_crab_ST_tW_antitop_5f_NoFullyHadronicDecays_TuneCP5_13TeV-powheg-pythia8_2018&from=1631351556000&to=now
DEBUG 2021-09-12 11:07:29.582 UTC: 	 The CRAB server submitted your task to the Grid scheduler (cluster ID: 70987684)
DEBUG 2021-09-12 11:07:29.582 UTC: 	 Webdir is located at http://vocms0120.cern.ch/mon/cms1407/210911_101236:yian_crab_ST_tW_antitop_5f_NoFullyHadronicDecays_TuneCP5_13TeV-powheg-pythia8_2018
DEBUG 2021-09-12 11:07:29.704 UTC: 	 Proxied webdir is located at https://cmsweb.cern.ch:8443/scheddmon/0120/cms1407/210911_101236:yian_crab_ST_tW_antitop_5f_NoFullyHadronicDecays_TuneCP5_13TeV-powheg-pythia8_2018
DEBUG 2021-09-12 11:07:29.704 UTC: 	 Retrieving 'status_cache' file from https://cmsweb.cern.ch:8443/scheddmon/0120/cms1407/210911_101236:yian_crab_ST_tW_antitop_5f_NoFullyHadronicDecays_TuneCP5_13TeV-powheg-pythia8_2018/status_cache
DEBUG 2021-09-12 11:07:29.747 UTC: 	 Got information from status cache file: {'11': {'Retries': 0, 'WallDurations': [9.0, 279.26788997650146, 10216.0, 34974.0], 'StartTimes': [1631355290.0, 1631365659.0], 'SubmitTimes': [1631355211.0, -1], 'JobIds': ['70987696.0', '70987696.0'], 'EndTimes': [1631365506.0, 1631400633.0], 'Restarts': 1, 'RecordedSite': True, 'State': 'finished', 'ResidentSetSize': [860168, 1000000], 'TotalUserCpuTimeHistory': [1325.0, 7881], 'SiteHistory': ['Unknown', 'T2_US_MIT', 'T2_US_MIT', 'T2_US_Wisconsin'], 'TotalSysCpuTimeHistory': [97.0, 483]}, '10': {'Retries': 0, 'WallDurations': [10.0, 284.26788997650146, 45571.0], 'StartTimes': [1631355285.0], 'SubmitTimes': [1631355210.0], 'JobIds': ['70987695.0'], 'EndTimes': [1631400856.0], 'Restarts': 0, 'RecordedSite': True, 'State': 'finished', 'ResidentSetSize': [998264], 'TotalUserCpuTimeHistory': [12827], 'SiteHistory': ['Unknown', 'T2_US_Nebraska', 'T2_US_Nebraska'], 'TotalSysCpuTimeHistory': [896]}, '13': {'Retries': 0, 'WallDurations': [8.0, 265.26788997650146, 10343.0], 'StartTimes': [1631355304.0], 'SubmitTimes': [1631355211.0], 'JobIds': ['70987697.0'], 'EndTimes': [1631365647.0], 'Restarts': 0, 'RecordedSite': True, 'State': 'finished', 'ResidentSetSize': [908280], 'TotalUserCpuTimeHistory': [1999], 'SiteHistory': ['Unknown', 'T2_US_Wisconsin', 'T2_US_Wisconsin'], 'TotalSysCpuTimeHistory': [120]}, '12': {'Retries': 0, 'WallDurations': [9.0, 284.26788997650146, 7552.0], 'StartTimes': [1631355285.0], 'SubmitTimes': [1631355211.0], 'JobIds': ['70987698.0'], 'EndTimes': [1631362837.0], 'Restarts': 0, 'RecordedSite': True, 'State': 'finished', 'ResidentSetSize': [924748], 'TotalUserCpuTimeHistory': [1502], 'SiteHistory': ['Unknown', 'T2_US_Wisconsin', 'T2_US_Wisconsin'], 'TotalSysCpuTimeHistory': [93]}, '15': {'Retries': 0, 'WallDurations': [9.0, 284.26788997650146, 31856.0], 'StartTimes': [1631355285.0], 'SubmitTimes': [1631355211.0], 'JobIds': ['70987701.0'], 'EndTimes': [1631387141.0], 'Restarts': 0, 'RecordedSite': True, 'State': 'finished', 'ResidentSetSize': [939408], 'TotalUserCpuTimeHistory': [6217], 'SiteHistory': ['Unknown', 'T2_US_Wisconsin', 'T2_US_Wisconsin'], 'TotalSysCpuTimeHistory': [387]}, '14': {'Retries': 0, 'WallDurations': [9.0, 279.26788997650146, 37169.0], 'StartTimes': [1631355290.0], 'SubmitTimes': [1631355211.0], 'JobIds': ['70987699.0'], 'EndTimes': [1631392459.0], 'Restarts': 0, 'RecordedSite': True, 'State': 'finished', 'ResidentSetSize': [941904], 'TotalUserCpuTimeHistory': [10343], 'SiteHistory': ['Unknown', 'T2_US_Wisconsin', 'T2_US_Wisconsin'], 'TotalSysCpuTimeHistory': [686]}, '16': {'Retries': 0, 'WallDurations': [10.0, 260.26788997650146, 30265.0], 'StartTimes': [1631355309.0], 'SubmitTimes': [1631355211.0], 'JobIds': ['70987700.0'], 'EndTimes': [1631385574.0], 'Restarts': 0, 'RecordedSite': True, 'State': 'finished', 'ResidentSetSize': [799592], 'TotalUserCpuTimeHistory': [5041], 'SiteHistory': ['Unknown', 'T2_US_MIT', 'T2_US_MIT'], 'TotalSysCpuTimeHistory': [637]}, '1': {'Retries': 0, 'WallDurations': [9.0, 277.26788997650146, 31932.0], 'StartTimes': [1631355292.0], 'SubmitTimes': [1631355209.0], 'JobIds': ['70987686.0'], 'EndTimes': [1631387224.0], 'Restarts': 0, 'RecordedSite': True, 'State': 'finished', 'ResidentSetSize': [1018960], 'TotalUserCpuTimeHistory': [5912], 'SiteHistory': ['Unknown', 'T2_US_Wisconsin', 'T2_US_Wisconsin'], 'TotalSysCpuTimeHistory': [386]}, '3': {'Retries': 0, 'WallDurations': [10.0, 268.26788997650146, 36854.0], 'StartTimes': [1631355301.0], 'SubmitTimes': [1631355209.0], 'JobIds': ['70987688.0'], 'EndTimes': [1631392155.0], 'Restarts': 0, 'RecordedSite': True, 'State': 'finished', 'ResidentSetSize': [826100], 'TotalUserCpuTimeHistory': [4393], 'SiteHistory': ['Unknown', 'T2_US_Nebraska', 'T2_US_Nebraska'], 'TotalSysCpuTimeHistory': [479]}, '2': {'Retries': 0, 'WallDurations': [9.0, 74.26788997650146, 35702.0], 'StartTimes': [1631355495.0], 'SubmitTimes': [1631355209.0], 'JobIds': ['70987687.0'], 'EndTimes': [1631391197.0], 'Restarts': 0, 'RecordedSite': True, 'State': 'finished', 'ResidentSetSize': [845800], 'TotalUserCpuTimeHistory': [9436], 'SiteHistory': ['Unknown', 'T2_US_Nebraska', 'T2_US_Nebraska'], 'TotalSysCpuTimeHistory': [686]}, '5': {'Retries': 0, 'WallDurations': [9.0, 280.26788997650146, 17330.0], 'StartTimes': [1631355289.0], 'SubmitTimes': [1631355210.0], 'JobIds': ['70987690.0'], 'EndTimes': [1631372619.0], 'Restarts': 0, 'RecordedSite': True, 'State': 'finished', 'ResidentSetSize': [840616], 'TotalUserCpuTimeHistory': [1706], 'SiteHistory': ['Unknown', 'T2_US_Nebraska', 'T2_US_Nebraska'], 'TotalSysCpuTimeHistory': [97]}, '4': {'Retries': 1, 'WallDurations': [9.0, 249.26788997650146, 34906.0, 0, 8.0, 34240.0], 'StartTimes': [1631355320.0, 1631392637.0], 'SubmitTimes': [1631355210.0, 1631392099.0], 'JobIds': ['70987689.0', '70995984.0'], 'EndTimes': [1631390226.0, 1631426877.0], 'Restarts': 0, 'RecordedSite': True, 'State': 'finished', 'ResidentSetSize': [997168, 832728], 'TotalUserCpuTimeHistory': [6700, 6369], 'SiteHistory': ['Unknown', 'T2_US_MIT', 'T2_US_MIT', 'Unknown', 'T2_US_MIT', 'T2_US_MIT'], 'TotalSysCpuTimeHistory': [456, 437]}, '7': {'Retries': 0, 'WallDurations': [8.0, 285.26788997650146, 20087.0], 'StartTimes': [1631355284.0], 'SubmitTimes': [1631355210.0], 'JobIds': ['70987693.0'], 'EndTimes': [1631375371.0], 'Restarts': 0, 'RecordedSite': True, 'State': 'finished', 'ResidentSetSize': [852636], 'TotalUserCpuTimeHistory': [2622], 'SiteHistory': ['Unknown', 'T2_US_Purdue', 'T2_US_Purdue'], 'TotalSysCpuTimeHistory': [196]}, '6': {'Retries': 0, 'WallDurations': [8.0, 285.26788997650146, 56616.0], 'StartTimes': [1631355284.0], 'SubmitTimes': [1631355210.0], 'JobIds': ['70987691.0'], 'EndTimes': [1631411900.0], 'Restarts': 0, 'RecordedSite': True, 'State': 'finished', 'ResidentSetSize': [1074388], 'TotalUserCpuTimeHistory': [7344], 'SiteHistory': ['Unknown', 'T2_US_Wisconsin', 'T2_US_Wisconsin'], 'TotalSysCpuTimeHistory': [419]}, '9': {'Retries': 0, 'WallDurations': [9.0, 282.26788997650146, 4692.0], 'StartTimes': [1631355287.0], 'SubmitTimes': [1631355210.0], 'JobIds': ['70987694.0'], 'EndTimes': [1631359979.0], 'Restarts': 0, 'RecordedSite': True, 'State': 'finished', 'ResidentSetSize': [904016], 'TotalUserCpuTimeHistory': [897], 'SiteHistory': ['Unknown', 'T2_US_Wisconsin', 'T2_US_Wisconsin'], 'TotalSysCpuTimeHistory': [54]}, '8': {'Retries': 0, 'WallDurations': [9.0, 251.26788997650146, 45559.0], 'StartTimes': [1631355318.0], 'SubmitTimes': [1631355210.0], 'JobIds': ['70987692.0'], 'EndTimes': [1631400877.0], 'Restarts': 0, 'RecordedSite': True, 'State': 'finished', 'ResidentSetSize': [1073928], 'TotalUserCpuTimeHistory': [11583], 'SiteHistory': ['Unknown', 'T2_US_Nebraska', 'T2_US_Nebraska'], 'TotalSysCpuTimeHistory': [621]}}
INFO 2021-09-12 11:07:29.747 UTC: 	 Status on the scheduler:	COMPLETED
INFO 2021-09-12 11:07:29.748 UTC: 	 
Jobs status:                    finished     		100.0% (16/16)
INFO 2021-09-12 11:07:29.748 UTC: 	 
No publication information (publication has been disabled in the CRAB configuration file)
INFO 2021-09-12 11:07:29.748 UTC: 	 
Warning: the average jobs CPU efficiency is less than 50%, please consider to improve the jobs splitting (e.g. config.Data.splitting = 'Automatic') in a new task
INFO 2021-09-12 11:07:29.748 UTC: 	 
Summary of run jobs:
 * Memory: 995MB min, 1049MB max, 902MB ave
 * Runtime: 1:18:12 min, 15:43:36 max, 8:20:46 ave
 * CPU eff: 10% min, 30% max, 21% ave
 * Waste: 13:44:24 (9% of total)

INFO 2021-09-12 11:07:29.756 UTC: 	 Log file is /afs/cern.ch/work/y/yian/work/GZ/CMSSW_10_6_20/src/PhysicsTools/NanoAODTools/WWG/2018/crab/crab2018/crab_ST_tW_antitop_5f_NoFullyHadronicDecays_TuneCP5_13TeV-powheg-pythia8_2018/crab.log
DEBUG 2021-09-12 11:31:23.036 UTC: 	 CRAB Client version: v3.210825
DEBUG 2021-09-12 11:31:23.037 UTC: 	 Running on: Linux lxplus710.cern.ch 3.10.0-1160.36.2.el7.x86_64 #1 SMP Wed Jul 21 11:57:15 UTC 2021 x86_64 x86_64 x86_64 GNU/Linux - CentOS Linux 7 (Core)
DEBUG 2021-09-12 11:31:23.037 UTC: 	 Executing command: 'resubmit'
DEBUG 2021-09-12 11:31:23.037 UTC: 	 Found CRAB cache file /afs/cern.ch/user/y/yian/.crab3
DEBUG 2021-09-12 11:31:23.107 UTC: 	 Checking credentials
DEBUG 2021-09-12 11:31:23.108 UTC: 	 Found proxy file /tmp/x509up_u110046
DEBUG 2021-09-12 11:31:23.108 UTC: 	 Getting proxy life time left
DEBUG 2021-09-12 11:31:23.718 UTC: 	 Executing : 
 command : voms-proxy-info -file /tmp/x509up_u110046 -timeleft
 output : 602922

 error: 
 retcode : 0
DEBUG 2021-09-12 11:31:24.324 UTC: 	 Executing : 
 command : voms-proxy-info -file /tmp/x509up_u110046 -actimeleft
 output : 602921

 error: 
 retcode : 0
DEBUG 2021-09-12 11:31:24.325 UTC: 	 Proxy lifetime 602922 secs is different from voms extension lifetime 602921 secs for proxy: /tmp/x509up_u110046
DEBUG 2021-09-12 11:31:24.325 UTC: 	 Proxy valid for 167:28:41 hours
DEBUG 2021-09-12 11:31:24.451 UTC: 	 Registering user credentials for server /DC=ch/DC=cern/OU=computers/CN=crab-(preprod|prod|dev)-tw(02|01).cern.ch|/DC=ch/DC=cern/OU=computers/CN=(ddi|ddidk|mytw).cern.ch|/DC=ch/DC=cern/OU=computers/CN=stefanov(m|m2).cern.ch
DEBUG 2021-09-12 11:31:25.062 UTC: 	 Executing : 
 command : voms-proxy-info -file /tmp/x509up_u110046 -identity
 output : /DC=ch/DC=cern/OU=Organic Units/OU=Users/CN=yian/CN=826694/CN=Ying An

 error: 
 retcode : 0
DEBUG 2021-09-12 11:31:25.069 UTC: 	 Getting myproxy life time left for myproxy.cern.ch
DEBUG 2021-09-12 11:31:25.069 UTC: 	 using b52ac606a6f7097e9b4b8f05a3a67cc69f8f291b as credential login name
DEBUG 2021-09-12 11:31:25.373 UTC: 	 Executing : 
 command : myproxy-info -l b52ac606a6f7097e9b4b8f05a3a67cc69f8f291b -s myproxy.cern.ch
 output : username: b52ac606a6f7097e9b4b8f05a3a67cc69f8f291b
owner: /DC=ch/DC=cern/OU=Organic Units/OU=Users/CN=yian/CN=826694/CN=Ying An
  renewal policy: /DC=ch/DC=cern/OU=computers/CN=crab-(preprod|prod|dev)-tw(02|01).cern.ch|/DC=ch/DC=cern/OU=computers/CN=(ddi|ddidk|mytw).cern.ch|/DC=ch/DC=cern/OU=computers/CN=stefanov(m|m2).cern.ch
  trusted retrieval policy: /DC=ch/DC=cern/OU=computers/CN=crab-(preprod|prod|dev)-tw(02|01).cern.ch|/DC=ch/DC=cern/OU=computers/CN=(ddi|ddidk|mytw).cern.ch|/DC=ch/DC=cern/OU=computers/CN=stefanov(m|m2).cern.ch
  timeleft: 719:30:16  (30.0 days)

 error: 
 retcode : 0
DEBUG 2021-09-12 11:31:25.374 UTC: 	 Myproxy is valid: 2590216
DEBUG 2021-09-12 11:31:25.374 UTC: 	 Retrieving username ...
DEBUG 2021-09-12 11:31:25.374 UTC: 	 Retrieving username from CRIC...
DEBUG 2021-09-12 11:31:26.135 UTC: 	 username is yian
DEBUG 2021-09-12 11:31:26.141 UTC: 	 Getting myproxy life time left for myproxy.cern.ch
DEBUG 2021-09-12 11:31:26.141 UTC: 	 using yian_CRAB as credential login name
DEBUG 2021-09-12 11:31:26.448 UTC: 	 Executing : 
 command : myproxy-info -l yian_CRAB -s myproxy.cern.ch
 output : username: yian_CRAB
owner: /DC=ch/DC=cern/OU=Organic Units/OU=Users/CN=yian/CN=826694/CN=Ying An
  renewal policy: /DC=ch/DC=cern/OU=computers/CN=crab-(preprod|prod|dev)-tw(02|01).cern.ch|/DC=ch/DC=cern/OU=computers/CN=(ddi|ddidk|mytw).cern.ch|/DC=ch/DC=cern/OU=computers/CN=stefanov(m|m2).cern.ch
  trusted retrieval policy: /DC=ch/DC=cern/OU=computers/CN=crab-(preprod|prod|dev)-tw(02|01).cern.ch|/DC=ch/DC=cern/OU=computers/CN=(ddi|ddidk|mytw).cern.ch|/DC=ch/DC=cern/OU=computers/CN=stefanov(m|m2).cern.ch
  timeleft: 719:30:28  (30.0 days)

 error: 
 retcode : 0
DEBUG 2021-09-12 11:31:26.448 UTC: 	 Myproxy is valid: 2590228
DEBUG 2021-09-12 11:31:26.449 UTC: 	 Result of myproxy credential check:
  Credential exists on myproxy: username: b52ac606a6f7097e9b4b8f05a3a67cc69f8f291b  - validity: 29 days, 23:30:16
  Credential exists on myproxy: username: yian_CRAB  - validity: 29 days, 23:30:28
DEBUG 2021-09-12 11:31:26.602 UTC: 	 Command use: resubmit
DEBUG 2021-09-12 11:31:26.602 UTC: 	 Options use: ['-d', 'crab2018/crab_ST_tW_antitop_5f_NoFullyHadronicDecays_TuneCP5_13TeV-powheg-pythia8_2018']
DEBUG 2021-09-12 11:31:26.678 UTC: 	 CRABClient version: v3.210825
DEBUG 2021-09-12 11:31:26.679 UTC: 	 Instance is prod
DEBUG 2021-09-12 11:31:26.679 UTC: 	 Server base url is cmsweb.cern.ch
DEBUG 2021-09-12 11:31:26.679 UTC: 	 Command api workflow
DEBUG 2021-09-12 11:31:26.689 UTC: 	 CRAB Client version: v3.210825
DEBUG 2021-09-12 11:31:26.690 UTC: 	 Running on: Linux lxplus710.cern.ch 3.10.0-1160.36.2.el7.x86_64 #1 SMP Wed Jul 21 11:57:15 UTC 2021 x86_64 x86_64 x86_64 GNU/Linux - CentOS Linux 7 (Core)
DEBUG 2021-09-12 11:31:26.690 UTC: 	 Executing command: 'status'
DEBUG 2021-09-12 11:31:26.690 UTC: 	 Found CRAB cache file /afs/cern.ch/user/y/yian/.crab3
DEBUG 2021-09-12 11:31:26.762 UTC: 	 Checking credentials
DEBUG 2021-09-12 11:31:26.762 UTC: 	 Found proxy file /tmp/x509up_u110046
DEBUG 2021-09-12 11:31:26.762 UTC: 	 Getting proxy life time left
DEBUG 2021-09-12 11:31:27.367 UTC: 	 Executing : 
 command : voms-proxy-info -file /tmp/x509up_u110046 -timeleft
 output : 602918

 error: 
 retcode : 0
DEBUG 2021-09-12 11:31:27.973 UTC: 	 Executing : 
 command : voms-proxy-info -file /tmp/x509up_u110046 -actimeleft
 output : 602918

 error: 
 retcode : 0
DEBUG 2021-09-12 11:31:27.974 UTC: 	 Proxy valid for 167:28:38 hours
DEBUG 2021-09-12 11:31:28.089 UTC: 	 Registering user credentials for server /DC=ch/DC=cern/OU=computers/CN=crab-(preprod|prod|dev)-tw(02|01).cern.ch|/DC=ch/DC=cern/OU=computers/CN=(ddi|ddidk|mytw).cern.ch|/DC=ch/DC=cern/OU=computers/CN=stefanov(m|m2).cern.ch
DEBUG 2021-09-12 11:31:28.801 UTC: 	 Executing : 
 command : voms-proxy-info -file /tmp/x509up_u110046 -identity
 output : /DC=ch/DC=cern/OU=Organic Units/OU=Users/CN=yian/CN=826694/CN=Ying An

 error: 
 retcode : 0
DEBUG 2021-09-12 11:31:28.808 UTC: 	 Getting myproxy life time left for myproxy.cern.ch
DEBUG 2021-09-12 11:31:28.808 UTC: 	 using b52ac606a6f7097e9b4b8f05a3a67cc69f8f291b as credential login name
DEBUG 2021-09-12 11:31:29.213 UTC: 	 Executing : 
 command : myproxy-info -l b52ac606a6f7097e9b4b8f05a3a67cc69f8f291b -s myproxy.cern.ch
 output : username: b52ac606a6f7097e9b4b8f05a3a67cc69f8f291b
owner: /DC=ch/DC=cern/OU=Organic Units/OU=Users/CN=yian/CN=826694/CN=Ying An
  renewal policy: /DC=ch/DC=cern/OU=computers/CN=crab-(preprod|prod|dev)-tw(02|01).cern.ch|/DC=ch/DC=cern/OU=computers/CN=(ddi|ddidk|mytw).cern.ch|/DC=ch/DC=cern/OU=computers/CN=stefanov(m|m2).cern.ch
  trusted retrieval policy: /DC=ch/DC=cern/OU=computers/CN=crab-(preprod|prod|dev)-tw(02|01).cern.ch|/DC=ch/DC=cern/OU=computers/CN=(ddi|ddidk|mytw).cern.ch|/DC=ch/DC=cern/OU=computers/CN=stefanov(m|m2).cern.ch
  timeleft: 719:30:12  (30.0 days)

 error: 
 retcode : 0
DEBUG 2021-09-12 11:31:29.213 UTC: 	 Myproxy is valid: 2590212
DEBUG 2021-09-12 11:31:29.213 UTC: 	 Retrieving username ...
DEBUG 2021-09-12 11:31:29.213 UTC: 	 Retrieving username from CRIC...
DEBUG 2021-09-12 11:31:29.943 UTC: 	 username is yian
DEBUG 2021-09-12 11:31:29.949 UTC: 	 Getting myproxy life time left for myproxy.cern.ch
DEBUG 2021-09-12 11:31:29.949 UTC: 	 using yian_CRAB as credential login name
DEBUG 2021-09-12 11:31:30.354 UTC: 	 Executing : 
 command : myproxy-info -l yian_CRAB -s myproxy.cern.ch
 output : username: yian_CRAB
owner: /DC=ch/DC=cern/OU=Organic Units/OU=Users/CN=yian/CN=826694/CN=Ying An
  renewal policy: /DC=ch/DC=cern/OU=computers/CN=crab-(preprod|prod|dev)-tw(02|01).cern.ch|/DC=ch/DC=cern/OU=computers/CN=(ddi|ddidk|mytw).cern.ch|/DC=ch/DC=cern/OU=computers/CN=stefanov(m|m2).cern.ch
  trusted retrieval policy: /DC=ch/DC=cern/OU=computers/CN=crab-(preprod|prod|dev)-tw(02|01).cern.ch|/DC=ch/DC=cern/OU=computers/CN=(ddi|ddidk|mytw).cern.ch|/DC=ch/DC=cern/OU=computers/CN=stefanov(m|m2).cern.ch
  timeleft: 719:30:24  (30.0 days)

 error: 
 retcode : 0
DEBUG 2021-09-12 11:31:30.354 UTC: 	 Myproxy is valid: 2590224
DEBUG 2021-09-12 11:31:30.354 UTC: 	 Result of myproxy credential check:
  Credential exists on myproxy: username: b52ac606a6f7097e9b4b8f05a3a67cc69f8f291b  - validity: 29 days, 23:30:12
  Credential exists on myproxy: username: yian_CRAB  - validity: 29 days, 23:30:24
DEBUG 2021-09-12 11:31:30.356 UTC: 	 Command use: status
DEBUG 2021-09-12 11:31:30.356 UTC: 	 Options use: []
DEBUG 2021-09-12 11:31:30.433 UTC: 	 CRABClient version: v3.210825
DEBUG 2021-09-12 11:31:30.433 UTC: 	 Instance is prod
DEBUG 2021-09-12 11:31:30.434 UTC: 	 Server base url is cmsweb.cern.ch
DEBUG 2021-09-12 11:31:30.434 UTC: 	 Command api workflow
DEBUG 2021-09-12 11:31:30.500 UTC: 	 Got information from server oracle database: {u'result': [u'210911_101236:yian_crab_ST_tW_antitop_5f_NoFullyHadronicDecays_TuneCP5_13TeV-powheg-pythia8_2018', u'None', u'None', u'SUBMITTED', u'SUBMIT', u'2021-09-11 10:12:36.879784', u'None', u'2021-09-11 10:13:24.244382', u'None', u'CMSSW_10_6_20', u'slc7_amd64_gcc820', u'/ST_tW_antitop_5f_NoFullyHadronicDecays_TuneCP5_13TeV-powheg-pythia8/RunIISummer20UL18NanoAODv9-106X_upgrade2018_realistic_v16_L1v1-v1/NANOAODSIM', u'T', u'0', u"[u'T2_US_UCSD', u'T2_US_Wisconsin', u'T2_US_MIT', u'T2_US_Caltech', u'T2_US_Purdue', u'T2_US_Nebraska']", u'[]', u'FileBased', u"{'splitOnRun': False, 'halt_job_on_file_boundaries': False, 'files_per_job': 1, 'runs': [], 'lumis': []}", u'ce4024b067767c0af918e51c87b31628855166e163a541c120405109f27fbcb5.tar.gz', u'https://cmsweb.cern.ch/S3/crabcache_prod', u'yian', u'/DC=ch/DC=cern/OU=Organic Units/OU=Users/CN=yian/CN=826694/CN=Ying An', u'cms', u'None', u'None', u'ST_tW_antitop_5f_NoFullyHadronicDecays_TuneCP5_13TeV-powheg-pythia8_2018-00000000000000000000000000000000', u'F', u'T3_CH_CERNBOX', u'https://cmsweb.cern.ch/dbs/prod/global/DBSReader', u'https://cmsweb.cern.ch/dbs/prod/phys03/DBSWriter', u'F', u'[]', u'[]', u"[b'tree.root']", u'Analysis', u'pythia', u'None', u'{}', u'[]', u'F', u'crab-prod-tw01', u'[]', u'1250', u'1', u'2000', u'10', u"['/ST_tW_antitop_5f_NoFullyHadronicDecays_TuneCP5_13TeV-powheg-pythia8/yian-ST_tW_antitop_5f_NoFullyHadronicDecays_TuneCP5_13TeV-powheg-pythia8_2018-1ea93bf7cfbb24e247bd0f4bd1955225/USER']", u'[]', u'http://vocms0120.cern.ch/mon/cms1407/210911_101236:yian_crab_ST_tW_antitop_5f_NoFullyHadronicDecays_TuneCP5_13TeV-powheg-pythia8_2018', u'WWG_crab_script.sh', u"[b'isdata=MC', b'year=2018', b'era=A']", u'[]', u'https://cmsweb.cern.ch/crabserver/prod', u'cmsgwms-collector-global.cern.ch:9620,cmsgwms-collector-global.fnal.gov:9620', u'crab3@vocms0120.cern.ch', u'F', u'[]', u'T', u'/store/user/yian/', u'T', u'None', u'F', u'None', u'ST_tW_antitop_5f_NoFullyHadronicDecays_TuneCP5_13TeV-powheg-pythia8', u'None', u'e510eb24c30958b049daa43d9eb4c160d25051a294baf0f6539324b864f70328.tar.gz', u'70987684', u'filetransfers', u'F', u'188.184.98.213', u'0.0', u'None'], u'desc': {u'columns': [u'tm_taskname', u'tm_activity', u'panda_jobset_id', u'tm_task_status', u'tm_task_command', u'tm_start_time', u'tm_start_injection', u'tm_end_injection', u'tm_task_failure', u'tm_job_sw', u'tm_job_arch', u'tm_input_dataset', u'tm_nonvalid_input_dataset', u'tm_use_parent', u'tm_site_whitelist', u'tm_site_blacklist', u'tm_split_algo', u'tm_split_args', u'tm_user_sandbox', u'tm_cache_url', u'tm_username', u'tm_user_dn', u'tm_user_vo', u'tm_user_role', u'tm_user_group', u'tm_publish_name', u'tm_publish_groupname', u'tm_asyncdest', u'tm_dbs_url', u'tm_publish_dbs_url', u'tm_publication', u'tm_outfiles', u'tm_tfile_outfiles', u'tm_edm_outfiles', u'tm_job_type', u'tm_generator', u'tm_events_per_lumi', u'tm_arguments', u'panda_resubmitted_jobs', u'tm_save_logs', u'tw_name', u'tm_user_infiles', u'tm_maxjobruntime', u'tm_numcores', u'tm_maxmemory', u'tm_priority', u'tm_output_dataset', u'tm_task_warnings', u'tm_user_webdir', u'tm_scriptexe', u'tm_scriptargs', u'tm_extrajdl', u'tm_asourl', u'tm_collector', u'tm_schedd', u'tm_dry_run', u'tm_user_files', u'tm_transfer_outputs', u'tm_output_lfn', u'tm_ignore_locality', u'tm_fail_limit', u'tm_one_event_mode', u'tm_secondary_input_dataset', u'tm_primary_dataset', u'tm_last_publication', u'tm_debug_files', u'clusterid', u'tm_asodb', u'tm_ignore_global_blacklist', u'tm_submitter_ip_addr', u'tm_totalunits', u'tm_ddm_reqid']}}
INFO 2021-09-12 11:31:30.501 UTC: 	 CRAB project directory:		/afs/cern.ch/work/y/yian/work/GZ/CMSSW_10_6_20/src/PhysicsTools/NanoAODTools/WWG/2018/crab/crab2018/crab_ST_tW_antitop_5f_NoFullyHadronicDecays_TuneCP5_13TeV-powheg-pythia8_2018
INFO 2021-09-12 11:31:30.501 UTC: 	 Task name:			210911_101236:yian_crab_ST_tW_antitop_5f_NoFullyHadronicDecays_TuneCP5_13TeV-powheg-pythia8_2018
INFO 2021-09-12 11:31:30.501 UTC: 	 Grid scheduler - Task Worker:	crab3@vocms0120.cern.ch - crab-prod-tw01
INFO 2021-09-12 11:31:30.501 UTC: 	 Status on the CRAB server:	SUBMITTED
INFO 2021-09-12 11:31:30.501 UTC: 	 Task URL to use for HELP:	https://cmsweb.cern.ch/crabserver/ui/task/210911_101236%3Ayian_crab_ST_tW_antitop_5f_NoFullyHadronicDecays_TuneCP5_13TeV-powheg-pythia8_2018
INFO 2021-09-12 11:31:30.505 UTC: 	 Dashboard monitoring URL:	https://monit-grafana.cern.ch/d/cmsTMDetail/cms-task-monitoring-task-view?orgId=11&var-user=yian&var-task=210911_101236%3Ayian_crab_ST_tW_antitop_5f_NoFullyHadronicDecays_TuneCP5_13TeV-powheg-pythia8_2018&from=1631351556000&to=now
DEBUG 2021-09-12 11:31:30.505 UTC: 	 The CRAB server submitted your task to the Grid scheduler (cluster ID: 70987684)
DEBUG 2021-09-12 11:31:30.505 UTC: 	 Webdir is located at http://vocms0120.cern.ch/mon/cms1407/210911_101236:yian_crab_ST_tW_antitop_5f_NoFullyHadronicDecays_TuneCP5_13TeV-powheg-pythia8_2018
DEBUG 2021-09-12 11:31:30.619 UTC: 	 Proxied webdir is located at https://cmsweb.cern.ch:8443/scheddmon/0120/cms1407/210911_101236:yian_crab_ST_tW_antitop_5f_NoFullyHadronicDecays_TuneCP5_13TeV-powheg-pythia8_2018
DEBUG 2021-09-12 11:31:30.619 UTC: 	 Retrieving 'status_cache' file from https://cmsweb.cern.ch:8443/scheddmon/0120/cms1407/210911_101236:yian_crab_ST_tW_antitop_5f_NoFullyHadronicDecays_TuneCP5_13TeV-powheg-pythia8_2018/status_cache
DEBUG 2021-09-12 11:31:30.660 UTC: 	 Got information from status cache file: {'11': {'Retries': 0, 'WallDurations': [9.0, 279.26788997650146, 10216.0, 34974.0], 'StartTimes': [1631355290.0, 1631365659.0], 'SubmitTimes': [1631355211.0, -1], 'JobIds': ['70987696.0', '70987696.0'], 'EndTimes': [1631365506.0, 1631400633.0], 'Restarts': 1, 'RecordedSite': True, 'State': 'finished', 'ResidentSetSize': [860168, 1000000], 'TotalUserCpuTimeHistory': [1325.0, 7881], 'SiteHistory': ['Unknown', 'T2_US_MIT', 'T2_US_MIT', 'T2_US_Wisconsin'], 'TotalSysCpuTimeHistory': [97.0, 483]}, '10': {'Retries': 0, 'WallDurations': [10.0, 284.26788997650146, 45571.0], 'StartTimes': [1631355285.0], 'SubmitTimes': [1631355210.0], 'JobIds': ['70987695.0'], 'EndTimes': [1631400856.0], 'Restarts': 0, 'RecordedSite': True, 'State': 'finished', 'ResidentSetSize': [998264], 'TotalUserCpuTimeHistory': [12827], 'SiteHistory': ['Unknown', 'T2_US_Nebraska', 'T2_US_Nebraska'], 'TotalSysCpuTimeHistory': [896]}, '13': {'Retries': 0, 'WallDurations': [8.0, 265.26788997650146, 10343.0], 'StartTimes': [1631355304.0], 'SubmitTimes': [1631355211.0], 'JobIds': ['70987697.0'], 'EndTimes': [1631365647.0], 'Restarts': 0, 'RecordedSite': True, 'State': 'finished', 'ResidentSetSize': [908280], 'TotalUserCpuTimeHistory': [1999], 'SiteHistory': ['Unknown', 'T2_US_Wisconsin', 'T2_US_Wisconsin'], 'TotalSysCpuTimeHistory': [120]}, '12': {'Retries': 0, 'WallDurations': [9.0, 284.26788997650146, 7552.0], 'StartTimes': [1631355285.0], 'SubmitTimes': [1631355211.0], 'JobIds': ['70987698.0'], 'EndTimes': [1631362837.0], 'Restarts': 0, 'RecordedSite': True, 'State': 'finished', 'ResidentSetSize': [924748], 'TotalUserCpuTimeHistory': [1502], 'SiteHistory': ['Unknown', 'T2_US_Wisconsin', 'T2_US_Wisconsin'], 'TotalSysCpuTimeHistory': [93]}, '15': {'Retries': 0, 'WallDurations': [9.0, 284.26788997650146, 31856.0], 'StartTimes': [1631355285.0], 'SubmitTimes': [1631355211.0], 'JobIds': ['70987701.0'], 'EndTimes': [1631387141.0], 'Restarts': 0, 'RecordedSite': True, 'State': 'finished', 'ResidentSetSize': [939408], 'TotalUserCpuTimeHistory': [6217], 'SiteHistory': ['Unknown', 'T2_US_Wisconsin', 'T2_US_Wisconsin'], 'TotalSysCpuTimeHistory': [387]}, '14': {'Retries': 0, 'WallDurations': [9.0, 279.26788997650146, 37169.0], 'StartTimes': [1631355290.0], 'SubmitTimes': [1631355211.0], 'JobIds': ['70987699.0'], 'EndTimes': [1631392459.0], 'Restarts': 0, 'RecordedSite': True, 'State': 'finished', 'ResidentSetSize': [941904], 'TotalUserCpuTimeHistory': [10343], 'SiteHistory': ['Unknown', 'T2_US_Wisconsin', 'T2_US_Wisconsin'], 'TotalSysCpuTimeHistory': [686]}, '16': {'Retries': 0, 'WallDurations': [10.0, 260.26788997650146, 30265.0], 'StartTimes': [1631355309.0], 'SubmitTimes': [1631355211.0], 'JobIds': ['70987700.0'], 'EndTimes': [1631385574.0], 'Restarts': 0, 'RecordedSite': True, 'State': 'finished', 'ResidentSetSize': [799592], 'TotalUserCpuTimeHistory': [5041], 'SiteHistory': ['Unknown', 'T2_US_MIT', 'T2_US_MIT'], 'TotalSysCpuTimeHistory': [637]}, '1': {'Retries': 0, 'WallDurations': [9.0, 277.26788997650146, 31932.0], 'StartTimes': [1631355292.0], 'SubmitTimes': [1631355209.0], 'JobIds': ['70987686.0'], 'EndTimes': [1631387224.0], 'Restarts': 0, 'RecordedSite': True, 'State': 'finished', 'ResidentSetSize': [1018960], 'TotalUserCpuTimeHistory': [5912], 'SiteHistory': ['Unknown', 'T2_US_Wisconsin', 'T2_US_Wisconsin'], 'TotalSysCpuTimeHistory': [386]}, '3': {'Retries': 0, 'WallDurations': [10.0, 268.26788997650146, 36854.0], 'StartTimes': [1631355301.0], 'SubmitTimes': [1631355209.0], 'JobIds': ['70987688.0'], 'EndTimes': [1631392155.0], 'Restarts': 0, 'RecordedSite': True, 'State': 'finished', 'ResidentSetSize': [826100], 'TotalUserCpuTimeHistory': [4393], 'SiteHistory': ['Unknown', 'T2_US_Nebraska', 'T2_US_Nebraska'], 'TotalSysCpuTimeHistory': [479]}, '2': {'Retries': 0, 'WallDurations': [9.0, 74.26788997650146, 35702.0], 'StartTimes': [1631355495.0], 'SubmitTimes': [1631355209.0], 'JobIds': ['70987687.0'], 'EndTimes': [1631391197.0], 'Restarts': 0, 'RecordedSite': True, 'State': 'finished', 'ResidentSetSize': [845800], 'TotalUserCpuTimeHistory': [9436], 'SiteHistory': ['Unknown', 'T2_US_Nebraska', 'T2_US_Nebraska'], 'TotalSysCpuTimeHistory': [686]}, '5': {'Retries': 0, 'WallDurations': [9.0, 280.26788997650146, 17330.0], 'StartTimes': [1631355289.0], 'SubmitTimes': [1631355210.0], 'JobIds': ['70987690.0'], 'EndTimes': [1631372619.0], 'Restarts': 0, 'RecordedSite': True, 'State': 'finished', 'ResidentSetSize': [840616], 'TotalUserCpuTimeHistory': [1706], 'SiteHistory': ['Unknown', 'T2_US_Nebraska', 'T2_US_Nebraska'], 'TotalSysCpuTimeHistory': [97]}, '4': {'Retries': 1, 'WallDurations': [9.0, 249.26788997650146, 34906.0, 0, 8.0, 34240.0], 'StartTimes': [1631355320.0, 1631392637.0], 'SubmitTimes': [1631355210.0, 1631392099.0], 'JobIds': ['70987689.0', '70995984.0'], 'EndTimes': [1631390226.0, 1631426877.0], 'Restarts': 0, 'RecordedSite': True, 'State': 'finished', 'ResidentSetSize': [997168, 832728], 'TotalUserCpuTimeHistory': [6700, 6369], 'SiteHistory': ['Unknown', 'T2_US_MIT', 'T2_US_MIT', 'Unknown', 'T2_US_MIT', 'T2_US_MIT'], 'TotalSysCpuTimeHistory': [456, 437]}, '7': {'Retries': 0, 'WallDurations': [8.0, 285.26788997650146, 20087.0], 'StartTimes': [1631355284.0], 'SubmitTimes': [1631355210.0], 'JobIds': ['70987693.0'], 'EndTimes': [1631375371.0], 'Restarts': 0, 'RecordedSite': True, 'State': 'finished', 'ResidentSetSize': [852636], 'TotalUserCpuTimeHistory': [2622], 'SiteHistory': ['Unknown', 'T2_US_Purdue', 'T2_US_Purdue'], 'TotalSysCpuTimeHistory': [196]}, '6': {'Retries': 0, 'WallDurations': [8.0, 285.26788997650146, 56616.0], 'StartTimes': [1631355284.0], 'SubmitTimes': [1631355210.0], 'JobIds': ['70987691.0'], 'EndTimes': [1631411900.0], 'Restarts': 0, 'RecordedSite': True, 'State': 'finished', 'ResidentSetSize': [1074388], 'TotalUserCpuTimeHistory': [7344], 'SiteHistory': ['Unknown', 'T2_US_Wisconsin', 'T2_US_Wisconsin'], 'TotalSysCpuTimeHistory': [419]}, '9': {'Retries': 0, 'WallDurations': [9.0, 282.26788997650146, 4692.0], 'StartTimes': [1631355287.0], 'SubmitTimes': [1631355210.0], 'JobIds': ['70987694.0'], 'EndTimes': [1631359979.0], 'Restarts': 0, 'RecordedSite': True, 'State': 'finished', 'ResidentSetSize': [904016], 'TotalUserCpuTimeHistory': [897], 'SiteHistory': ['Unknown', 'T2_US_Wisconsin', 'T2_US_Wisconsin'], 'TotalSysCpuTimeHistory': [54]}, '8': {'Retries': 0, 'WallDurations': [9.0, 251.26788997650146, 45559.0], 'StartTimes': [1631355318.0], 'SubmitTimes': [1631355210.0], 'JobIds': ['70987692.0'], 'EndTimes': [1631400877.0], 'Restarts': 0, 'RecordedSite': True, 'State': 'finished', 'ResidentSetSize': [1073928], 'TotalUserCpuTimeHistory': [11583], 'SiteHistory': ['Unknown', 'T2_US_Nebraska', 'T2_US_Nebraska'], 'TotalSysCpuTimeHistory': [621]}}
INFO 2021-09-12 11:31:30.661 UTC: 	 Status on the scheduler:	COMPLETED
INFO 2021-09-12 11:31:30.661 UTC: 	 
Jobs status:                    finished     		100.0% (16/16)
INFO 2021-09-12 11:31:30.661 UTC: 	 
No publication information (publication has been disabled in the CRAB configuration file)
INFO 2021-09-12 11:31:30.661 UTC: 	 
Warning: the average jobs CPU efficiency is less than 50%, please consider to improve the jobs splitting (e.g. config.Data.splitting = 'Automatic') in a new task
INFO 2021-09-12 11:31:30.661 UTC: 	 
Summary of run jobs:
 * Memory: 995MB min, 1049MB max, 902MB ave
 * Runtime: 1:18:12 min, 15:43:36 max, 8:20:46 ave
 * CPU eff: 10% min, 30% max, 21% ave
 * Waste: 13:44:24 (9% of total)

DEBUG 2021-09-12 11:31:30.662 UTC: 	 Requesting resubmission of failed jobs in task 210911_101236:yian_crab_ST_tW_antitop_5f_NoFullyHadronicDecays_TuneCP5_13TeV-powheg-pythia8_2018
ERROR 2021-09-12 11:31:30.662 UTC: 	 Found no jobs to resubmit. Only jobs in status failed can be resubmitted. Jobs in status finished can also be resubmitted, but only if the jobids are specified and the force option is set.
ERROR 2021-09-12 11:31:30.662 UTC: 	 Caught ClientException exception
Traceback (most recent call last):
  File "/cvmfs/cms.cern.ch/share/cms/crab-prod/v3.210825.00/bin/crab", line 151, in <module>
    client()
  File "/cvmfs/cms.cern.ch/share/cms/crab-prod/v3.210825.00/bin/crab", line 138, in __call__
    self.cmd()
  File "/cvmfs/cms.cern.ch/share/cms/crab-prod/v3.210825.00/lib/CRABClient/Commands/resubmit.py", line 61, in __call__
    self.jobids = self.processJobIds(jobList)
  File "/cvmfs/cms.cern.ch/share/cms/crab-prod/v3.210825.00/lib/CRABClient/Commands/resubmit.py", line 166, in processJobIds
    raise ConfigurationException(msg)
ConfigurationException: Found no jobs to resubmit. Only jobs in status failed can be resubmitted. Jobs in status finished can also be resubmitted, but only if the jobids are specified and the force option is set.
DEBUG 2021-09-13 12:55:53.819 UTC: 	 CRAB Client version: v3.210825
DEBUG 2021-09-13 12:55:53.820 UTC: 	 Running on: Linux lxplus7100.cern.ch 3.10.0-1160.36.2.el7.x86_64 #1 SMP Wed Jul 21 11:57:15 UTC 2021 x86_64 x86_64 x86_64 GNU/Linux - CentOS Linux 7 (Core)
DEBUG 2021-09-13 12:55:53.820 UTC: 	 Executing command: 'status'
DEBUG 2021-09-13 12:55:53.820 UTC: 	 Found CRAB cache file /afs/cern.ch/user/y/yian/.crab3
DEBUG 2021-09-13 12:55:54.446 UTC: 	 Checking credentials
DEBUG 2021-09-13 12:55:54.446 UTC: 	 Found proxy file /tmp/x509up_u110046
DEBUG 2021-09-13 12:55:54.446 UTC: 	 Getting proxy life time left
DEBUG 2021-09-13 12:55:55.152 UTC: 	 Executing : 
 command : voms-proxy-info -file /tmp/x509up_u110046 -timeleft
 output : 604757

 error: 
 retcode : 0
DEBUG 2021-09-13 12:55:55.858 UTC: 	 Executing : 
 command : voms-proxy-info -file /tmp/x509up_u110046 -actimeleft
 output : 604757

 error: 
 retcode : 0
DEBUG 2021-09-13 12:55:55.858 UTC: 	 Proxy valid for 167:59:17 hours
DEBUG 2021-09-13 12:55:55.920 UTC: 	 Registering user credentials for server /DC=ch/DC=cern/OU=computers/CN=crab-(preprod|prod|dev)-tw(02|01).cern.ch|/DC=ch/DC=cern/OU=computers/CN=(ddi|ddidk|mytw).cern.ch|/DC=ch/DC=cern/OU=computers/CN=stefanov(m|m2).cern.ch
DEBUG 2021-09-13 12:55:56.636 UTC: 	 Executing : 
 command : voms-proxy-info -file /tmp/x509up_u110046 -identity
 output : /DC=ch/DC=cern/OU=Organic Units/OU=Users/CN=yian/CN=826694/CN=Ying An

 error: 
 retcode : 0
DEBUG 2021-09-13 12:55:56.645 UTC: 	 Getting myproxy life time left for myproxy.cern.ch
DEBUG 2021-09-13 12:55:56.645 UTC: 	 using b52ac606a6f7097e9b4b8f05a3a67cc69f8f291b as credential login name
DEBUG 2021-09-13 12:55:57.050 UTC: 	 Executing : 
 command : myproxy-info -l b52ac606a6f7097e9b4b8f05a3a67cc69f8f291b -s myproxy.cern.ch
 output : username: b52ac606a6f7097e9b4b8f05a3a67cc69f8f291b
owner: /DC=ch/DC=cern/OU=Organic Units/OU=Users/CN=yian/CN=826694/CN=Ying An
  renewal policy: /DC=ch/DC=cern/OU=computers/CN=crab-(preprod|prod|dev)-tw(02|01).cern.ch|/DC=ch/DC=cern/OU=computers/CN=(ddi|ddidk|mytw).cern.ch|/DC=ch/DC=cern/OU=computers/CN=stefanov(m|m2).cern.ch
  trusted retrieval policy: /DC=ch/DC=cern/OU=computers/CN=crab-(preprod|prod|dev)-tw(02|01).cern.ch|/DC=ch/DC=cern/OU=computers/CN=(ddi|ddidk|mytw).cern.ch|/DC=ch/DC=cern/OU=computers/CN=stefanov(m|m2).cern.ch
  timeleft: 694:05:45  (28.9 days)

 error: 
 retcode : 0
DEBUG 2021-09-13 12:55:57.051 UTC: 	 Myproxy is valid: 2498745
DEBUG 2021-09-13 12:55:57.051 UTC: 	 Retrieving username ...
DEBUG 2021-09-13 12:55:57.051 UTC: 	 Retrieving username from CRIC...
DEBUG 2021-09-13 12:55:57.807 UTC: 	 username is yian
DEBUG 2021-09-13 12:55:57.815 UTC: 	 Getting myproxy life time left for myproxy.cern.ch
DEBUG 2021-09-13 12:55:57.815 UTC: 	 using yian_CRAB as credential login name
DEBUG 2021-09-13 12:55:58.220 UTC: 	 Executing : 
 command : myproxy-info -l yian_CRAB -s myproxy.cern.ch
 output : username: yian_CRAB
owner: /DC=ch/DC=cern/OU=Organic Units/OU=Users/CN=yian/CN=826694/CN=Ying An
  renewal policy: /DC=ch/DC=cern/OU=computers/CN=crab-(preprod|prod|dev)-tw(02|01).cern.ch|/DC=ch/DC=cern/OU=computers/CN=(ddi|ddidk|mytw).cern.ch|/DC=ch/DC=cern/OU=computers/CN=stefanov(m|m2).cern.ch
  trusted retrieval policy: /DC=ch/DC=cern/OU=computers/CN=crab-(preprod|prod|dev)-tw(02|01).cern.ch|/DC=ch/DC=cern/OU=computers/CN=(ddi|ddidk|mytw).cern.ch|/DC=ch/DC=cern/OU=computers/CN=stefanov(m|m2).cern.ch
  timeleft: 694:05:56  (28.9 days)

 error: 
 retcode : 0
DEBUG 2021-09-13 12:55:58.220 UTC: 	 Myproxy is valid: 2498756
DEBUG 2021-09-13 12:55:58.221 UTC: 	 Result of myproxy credential check:
  Credential exists on myproxy: username: b52ac606a6f7097e9b4b8f05a3a67cc69f8f291b  - validity: 28 days, 22:05:45
  Credential exists on myproxy: username: yian_CRAB  - validity: 28 days, 22:05:56
DEBUG 2021-09-13 12:55:58.222 UTC: 	 Command use: status
DEBUG 2021-09-13 12:55:58.222 UTC: 	 Options use: ['-d', 'crab2018/crab_ST_tW_antitop_5f_NoFullyHadronicDecays_TuneCP5_13TeV-powheg-pythia8_2018']
DEBUG 2021-09-13 12:55:58.300 UTC: 	 CRABClient version: v3.210825
DEBUG 2021-09-13 12:55:58.301 UTC: 	 Instance is prod
DEBUG 2021-09-13 12:55:58.301 UTC: 	 Server base url is cmsweb.cern.ch
DEBUG 2021-09-13 12:55:58.301 UTC: 	 Command api workflow
DEBUG 2021-09-13 12:55:58.372 UTC: 	 Got information from server oracle database: {u'result': [u'210911_101236:yian_crab_ST_tW_antitop_5f_NoFullyHadronicDecays_TuneCP5_13TeV-powheg-pythia8_2018', u'None', u'None', u'SUBMITTED', u'SUBMIT', u'2021-09-11 10:12:36.879784', u'None', u'2021-09-11 10:13:24.244382', u'None', u'CMSSW_10_6_20', u'slc7_amd64_gcc820', u'/ST_tW_antitop_5f_NoFullyHadronicDecays_TuneCP5_13TeV-powheg-pythia8/RunIISummer20UL18NanoAODv9-106X_upgrade2018_realistic_v16_L1v1-v1/NANOAODSIM', u'T', u'0', u"[u'T2_US_UCSD', u'T2_US_Wisconsin', u'T2_US_MIT', u'T2_US_Caltech', u'T2_US_Purdue', u'T2_US_Nebraska']", u'[]', u'FileBased', u"{'splitOnRun': False, 'halt_job_on_file_boundaries': False, 'files_per_job': 1, 'runs': [], 'lumis': []}", u'ce4024b067767c0af918e51c87b31628855166e163a541c120405109f27fbcb5.tar.gz', u'https://cmsweb.cern.ch/S3/crabcache_prod', u'yian', u'/DC=ch/DC=cern/OU=Organic Units/OU=Users/CN=yian/CN=826694/CN=Ying An', u'cms', u'None', u'None', u'ST_tW_antitop_5f_NoFullyHadronicDecays_TuneCP5_13TeV-powheg-pythia8_2018-00000000000000000000000000000000', u'F', u'T3_CH_CERNBOX', u'https://cmsweb.cern.ch/dbs/prod/global/DBSReader', u'https://cmsweb.cern.ch/dbs/prod/phys03/DBSWriter', u'F', u'[]', u'[]', u"[b'tree.root']", u'Analysis', u'pythia', u'None', u'{}', u'[]', u'F', u'crab-prod-tw01', u'[]', u'1250', u'1', u'2000', u'10', u"['/ST_tW_antitop_5f_NoFullyHadronicDecays_TuneCP5_13TeV-powheg-pythia8/yian-ST_tW_antitop_5f_NoFullyHadronicDecays_TuneCP5_13TeV-powheg-pythia8_2018-1ea93bf7cfbb24e247bd0f4bd1955225/USER']", u'[]', u'http://vocms0120.cern.ch/mon/cms1407/210911_101236:yian_crab_ST_tW_antitop_5f_NoFullyHadronicDecays_TuneCP5_13TeV-powheg-pythia8_2018', u'WWG_crab_script.sh', u"[b'isdata=MC', b'year=2018', b'era=A']", u'[]', u'https://cmsweb.cern.ch/crabserver/prod', u'cmsgwms-collector-global.cern.ch:9620,cmsgwms-collector-global.fnal.gov:9620', u'crab3@vocms0120.cern.ch', u'F', u'[]', u'T', u'/store/user/yian/', u'T', u'None', u'F', u'None', u'ST_tW_antitop_5f_NoFullyHadronicDecays_TuneCP5_13TeV-powheg-pythia8', u'None', u'e510eb24c30958b049daa43d9eb4c160d25051a294baf0f6539324b864f70328.tar.gz', u'70987684', u'filetransfers', u'F', u'188.184.98.213', u'0.0', u'None'], u'desc': {u'columns': [u'tm_taskname', u'tm_activity', u'panda_jobset_id', u'tm_task_status', u'tm_task_command', u'tm_start_time', u'tm_start_injection', u'tm_end_injection', u'tm_task_failure', u'tm_job_sw', u'tm_job_arch', u'tm_input_dataset', u'tm_nonvalid_input_dataset', u'tm_use_parent', u'tm_site_whitelist', u'tm_site_blacklist', u'tm_split_algo', u'tm_split_args', u'tm_user_sandbox', u'tm_cache_url', u'tm_username', u'tm_user_dn', u'tm_user_vo', u'tm_user_role', u'tm_user_group', u'tm_publish_name', u'tm_publish_groupname', u'tm_asyncdest', u'tm_dbs_url', u'tm_publish_dbs_url', u'tm_publication', u'tm_outfiles', u'tm_tfile_outfiles', u'tm_edm_outfiles', u'tm_job_type', u'tm_generator', u'tm_events_per_lumi', u'tm_arguments', u'panda_resubmitted_jobs', u'tm_save_logs', u'tw_name', u'tm_user_infiles', u'tm_maxjobruntime', u'tm_numcores', u'tm_maxmemory', u'tm_priority', u'tm_output_dataset', u'tm_task_warnings', u'tm_user_webdir', u'tm_scriptexe', u'tm_scriptargs', u'tm_extrajdl', u'tm_asourl', u'tm_collector', u'tm_schedd', u'tm_dry_run', u'tm_user_files', u'tm_transfer_outputs', u'tm_output_lfn', u'tm_ignore_locality', u'tm_fail_limit', u'tm_one_event_mode', u'tm_secondary_input_dataset', u'tm_primary_dataset', u'tm_last_publication', u'tm_debug_files', u'clusterid', u'tm_asodb', u'tm_ignore_global_blacklist', u'tm_submitter_ip_addr', u'tm_totalunits', u'tm_ddm_reqid']}}
INFO 2021-09-13 12:55:58.373 UTC: 	 CRAB project directory:		/afs/cern.ch/work/y/yian/work/GZ/CMSSW_10_6_20/src/PhysicsTools/NanoAODTools/WWG/2018/crab/crab2018/crab_ST_tW_antitop_5f_NoFullyHadronicDecays_TuneCP5_13TeV-powheg-pythia8_2018
INFO 2021-09-13 12:55:58.373 UTC: 	 Task name:			210911_101236:yian_crab_ST_tW_antitop_5f_NoFullyHadronicDecays_TuneCP5_13TeV-powheg-pythia8_2018
INFO 2021-09-13 12:55:58.373 UTC: 	 Grid scheduler - Task Worker:	crab3@vocms0120.cern.ch - crab-prod-tw01
INFO 2021-09-13 12:55:58.373 UTC: 	 Status on the CRAB server:	SUBMITTED
INFO 2021-09-13 12:55:58.373 UTC: 	 Task URL to use for HELP:	https://cmsweb.cern.ch/crabserver/ui/task/210911_101236%3Ayian_crab_ST_tW_antitop_5f_NoFullyHadronicDecays_TuneCP5_13TeV-powheg-pythia8_2018
INFO 2021-09-13 12:55:58.378 UTC: 	 Dashboard monitoring URL:	https://monit-grafana.cern.ch/d/cmsTMDetail/cms-task-monitoring-task-view?orgId=11&var-user=yian&var-task=210911_101236%3Ayian_crab_ST_tW_antitop_5f_NoFullyHadronicDecays_TuneCP5_13TeV-powheg-pythia8_2018&from=1631351556000&to=now
DEBUG 2021-09-13 12:55:58.378 UTC: 	 The CRAB server submitted your task to the Grid scheduler (cluster ID: 70987684)
DEBUG 2021-09-13 12:55:58.378 UTC: 	 Webdir is located at http://vocms0120.cern.ch/mon/cms1407/210911_101236:yian_crab_ST_tW_antitop_5f_NoFullyHadronicDecays_TuneCP5_13TeV-powheg-pythia8_2018
DEBUG 2021-09-13 12:55:58.504 UTC: 	 Proxied webdir is located at https://cmsweb.cern.ch:8443/scheddmon/0120/cms1407/210911_101236:yian_crab_ST_tW_antitop_5f_NoFullyHadronicDecays_TuneCP5_13TeV-powheg-pythia8_2018
DEBUG 2021-09-13 12:55:58.504 UTC: 	 Retrieving 'status_cache' file from https://cmsweb.cern.ch:8443/scheddmon/0120/cms1407/210911_101236:yian_crab_ST_tW_antitop_5f_NoFullyHadronicDecays_TuneCP5_13TeV-powheg-pythia8_2018/status_cache
DEBUG 2021-09-13 12:55:58.544 UTC: 	 Got information from status cache file: {'11': {'Retries': 0, 'WallDurations': [9.0, 279.26788997650146, 10216.0, 34974.0], 'StartTimes': [1631355290.0, 1631365659.0], 'SubmitTimes': [1631355211.0, -1], 'JobIds': ['70987696.0', '70987696.0'], 'EndTimes': [1631365506.0, 1631400633.0], 'Restarts': 1, 'RecordedSite': True, 'State': 'finished', 'ResidentSetSize': [860168, 1000000], 'TotalUserCpuTimeHistory': [1325.0, 7881], 'SiteHistory': ['Unknown', 'T2_US_MIT', 'T2_US_MIT', 'T2_US_Wisconsin'], 'TotalSysCpuTimeHistory': [97.0, 483]}, '10': {'Retries': 0, 'WallDurations': [10.0, 284.26788997650146, 45571.0], 'StartTimes': [1631355285.0], 'SubmitTimes': [1631355210.0], 'JobIds': ['70987695.0'], 'EndTimes': [1631400856.0], 'Restarts': 0, 'RecordedSite': True, 'State': 'finished', 'ResidentSetSize': [998264], 'TotalUserCpuTimeHistory': [12827], 'SiteHistory': ['Unknown', 'T2_US_Nebraska', 'T2_US_Nebraska'], 'TotalSysCpuTimeHistory': [896]}, '13': {'Retries': 0, 'WallDurations': [8.0, 265.26788997650146, 10343.0], 'StartTimes': [1631355304.0], 'SubmitTimes': [1631355211.0], 'JobIds': ['70987697.0'], 'EndTimes': [1631365647.0], 'Restarts': 0, 'RecordedSite': True, 'State': 'finished', 'ResidentSetSize': [908280], 'TotalUserCpuTimeHistory': [1999], 'SiteHistory': ['Unknown', 'T2_US_Wisconsin', 'T2_US_Wisconsin'], 'TotalSysCpuTimeHistory': [120]}, '12': {'Retries': 0, 'WallDurations': [9.0, 284.26788997650146, 7552.0], 'StartTimes': [1631355285.0], 'SubmitTimes': [1631355211.0], 'JobIds': ['70987698.0'], 'EndTimes': [1631362837.0], 'Restarts': 0, 'RecordedSite': True, 'State': 'finished', 'ResidentSetSize': [924748], 'TotalUserCpuTimeHistory': [1502], 'SiteHistory': ['Unknown', 'T2_US_Wisconsin', 'T2_US_Wisconsin'], 'TotalSysCpuTimeHistory': [93]}, '15': {'Retries': 0, 'WallDurations': [9.0, 284.26788997650146, 31856.0], 'StartTimes': [1631355285.0], 'SubmitTimes': [1631355211.0], 'JobIds': ['70987701.0'], 'EndTimes': [1631387141.0], 'Restarts': 0, 'RecordedSite': True, 'State': 'finished', 'ResidentSetSize': [939408], 'TotalUserCpuTimeHistory': [6217], 'SiteHistory': ['Unknown', 'T2_US_Wisconsin', 'T2_US_Wisconsin'], 'TotalSysCpuTimeHistory': [387]}, '14': {'Retries': 0, 'WallDurations': [9.0, 279.26788997650146, 37169.0], 'StartTimes': [1631355290.0], 'SubmitTimes': [1631355211.0], 'JobIds': ['70987699.0'], 'EndTimes': [1631392459.0], 'Restarts': 0, 'RecordedSite': True, 'State': 'finished', 'ResidentSetSize': [941904], 'TotalUserCpuTimeHistory': [10343], 'SiteHistory': ['Unknown', 'T2_US_Wisconsin', 'T2_US_Wisconsin'], 'TotalSysCpuTimeHistory': [686]}, '16': {'Retries': 0, 'WallDurations': [10.0, 260.26788997650146, 30265.0], 'StartTimes': [1631355309.0], 'SubmitTimes': [1631355211.0], 'JobIds': ['70987700.0'], 'EndTimes': [1631385574.0], 'Restarts': 0, 'RecordedSite': True, 'State': 'finished', 'ResidentSetSize': [799592], 'TotalUserCpuTimeHistory': [5041], 'SiteHistory': ['Unknown', 'T2_US_MIT', 'T2_US_MIT'], 'TotalSysCpuTimeHistory': [637]}, '1': {'Retries': 0, 'WallDurations': [9.0, 277.26788997650146, 31932.0], 'StartTimes': [1631355292.0], 'SubmitTimes': [1631355209.0], 'JobIds': ['70987686.0'], 'EndTimes': [1631387224.0], 'Restarts': 0, 'RecordedSite': True, 'State': 'finished', 'ResidentSetSize': [1018960], 'TotalUserCpuTimeHistory': [5912], 'SiteHistory': ['Unknown', 'T2_US_Wisconsin', 'T2_US_Wisconsin'], 'TotalSysCpuTimeHistory': [386]}, '3': {'Retries': 0, 'WallDurations': [10.0, 268.26788997650146, 36854.0], 'StartTimes': [1631355301.0], 'SubmitTimes': [1631355209.0], 'JobIds': ['70987688.0'], 'EndTimes': [1631392155.0], 'Restarts': 0, 'RecordedSite': True, 'State': 'finished', 'ResidentSetSize': [826100], 'TotalUserCpuTimeHistory': [4393], 'SiteHistory': ['Unknown', 'T2_US_Nebraska', 'T2_US_Nebraska'], 'TotalSysCpuTimeHistory': [479]}, '2': {'Retries': 0, 'WallDurations': [9.0, 74.26788997650146, 35702.0], 'StartTimes': [1631355495.0], 'SubmitTimes': [1631355209.0], 'JobIds': ['70987687.0'], 'EndTimes': [1631391197.0], 'Restarts': 0, 'RecordedSite': True, 'State': 'finished', 'ResidentSetSize': [845800], 'TotalUserCpuTimeHistory': [9436], 'SiteHistory': ['Unknown', 'T2_US_Nebraska', 'T2_US_Nebraska'], 'TotalSysCpuTimeHistory': [686]}, '5': {'Retries': 0, 'WallDurations': [9.0, 280.26788997650146, 17330.0], 'StartTimes': [1631355289.0], 'SubmitTimes': [1631355210.0], 'JobIds': ['70987690.0'], 'EndTimes': [1631372619.0], 'Restarts': 0, 'RecordedSite': True, 'State': 'finished', 'ResidentSetSize': [840616], 'TotalUserCpuTimeHistory': [1706], 'SiteHistory': ['Unknown', 'T2_US_Nebraska', 'T2_US_Nebraska'], 'TotalSysCpuTimeHistory': [97]}, '4': {'Retries': 1, 'WallDurations': [9.0, 249.26788997650146, 34906.0, 0, 8.0, 34240.0], 'StartTimes': [1631355320.0, 1631392637.0], 'SubmitTimes': [1631355210.0, 1631392099.0], 'JobIds': ['70987689.0', '70995984.0'], 'EndTimes': [1631390226.0, 1631426877.0], 'Restarts': 0, 'RecordedSite': True, 'State': 'finished', 'ResidentSetSize': [997168, 832728], 'TotalUserCpuTimeHistory': [6700, 6369], 'SiteHistory': ['Unknown', 'T2_US_MIT', 'T2_US_MIT', 'Unknown', 'T2_US_MIT', 'T2_US_MIT'], 'TotalSysCpuTimeHistory': [456, 437]}, '7': {'Retries': 0, 'WallDurations': [8.0, 285.26788997650146, 20087.0], 'StartTimes': [1631355284.0], 'SubmitTimes': [1631355210.0], 'JobIds': ['70987693.0'], 'EndTimes': [1631375371.0], 'Restarts': 0, 'RecordedSite': True, 'State': 'finished', 'ResidentSetSize': [852636], 'TotalUserCpuTimeHistory': [2622], 'SiteHistory': ['Unknown', 'T2_US_Purdue', 'T2_US_Purdue'], 'TotalSysCpuTimeHistory': [196]}, '6': {'Retries': 0, 'WallDurations': [8.0, 285.26788997650146, 56616.0], 'StartTimes': [1631355284.0], 'SubmitTimes': [1631355210.0], 'JobIds': ['70987691.0'], 'EndTimes': [1631411900.0], 'Restarts': 0, 'RecordedSite': True, 'State': 'finished', 'ResidentSetSize': [1074388], 'TotalUserCpuTimeHistory': [7344], 'SiteHistory': ['Unknown', 'T2_US_Wisconsin', 'T2_US_Wisconsin'], 'TotalSysCpuTimeHistory': [419]}, '9': {'Retries': 0, 'WallDurations': [9.0, 282.26788997650146, 4692.0], 'StartTimes': [1631355287.0], 'SubmitTimes': [1631355210.0], 'JobIds': ['70987694.0'], 'EndTimes': [1631359979.0], 'Restarts': 0, 'RecordedSite': True, 'State': 'finished', 'ResidentSetSize': [904016], 'TotalUserCpuTimeHistory': [897], 'SiteHistory': ['Unknown', 'T2_US_Wisconsin', 'T2_US_Wisconsin'], 'TotalSysCpuTimeHistory': [54]}, '8': {'Retries': 0, 'WallDurations': [9.0, 251.26788997650146, 45559.0], 'StartTimes': [1631355318.0], 'SubmitTimes': [1631355210.0], 'JobIds': ['70987692.0'], 'EndTimes': [1631400877.0], 'Restarts': 0, 'RecordedSite': True, 'State': 'finished', 'ResidentSetSize': [1073928], 'TotalUserCpuTimeHistory': [11583], 'SiteHistory': ['Unknown', 'T2_US_Nebraska', 'T2_US_Nebraska'], 'TotalSysCpuTimeHistory': [621]}}
INFO 2021-09-13 12:55:58.544 UTC: 	 Status on the scheduler:	COMPLETED
INFO 2021-09-13 12:55:58.545 UTC: 	 
Jobs status:                    finished     		100.0% (16/16)
INFO 2021-09-13 12:55:58.545 UTC: 	 
No publication information (publication has been disabled in the CRAB configuration file)
INFO 2021-09-13 12:55:58.545 UTC: 	 
Warning: the average jobs CPU efficiency is less than 50%, please consider to improve the jobs splitting (e.g. config.Data.splitting = 'Automatic') in a new task
INFO 2021-09-13 12:55:58.545 UTC: 	 
Summary of run jobs:
 * Memory: 995MB min, 1049MB max, 902MB ave
 * Runtime: 1:18:12 min, 15:43:36 max, 8:20:46 ave
 * CPU eff: 10% min, 30% max, 21% ave
 * Waste: 13:44:24 (9% of total)

INFO 2021-09-13 12:55:59.272 UTC: 	 Log file is /afs/cern.ch/work/y/yian/work/GZ/CMSSW_10_6_20/src/PhysicsTools/NanoAODTools/WWG/2018/crab/crab2018/crab_ST_tW_antitop_5f_NoFullyHadronicDecays_TuneCP5_13TeV-powheg-pythia8_2018/crab.log
DEBUG 2021-09-14 14:37:36.043 UTC: 	 CRAB Client version: v3.210825
DEBUG 2021-09-14 14:37:36.044 UTC: 	 Running on: Linux lxplus738.cern.ch 3.10.0-1160.36.2.el7.x86_64 #1 SMP Wed Jul 21 11:57:15 UTC 2021 x86_64 x86_64 x86_64 GNU/Linux - CentOS Linux 7 (Core)
DEBUG 2021-09-14 14:37:36.044 UTC: 	 Executing command: 'status'
DEBUG 2021-09-14 14:37:36.044 UTC: 	 Found CRAB cache file /afs/cern.ch/user/y/yian/.crab3
DEBUG 2021-09-14 14:37:36.175 UTC: 	 Checking credentials
DEBUG 2021-09-14 14:37:36.176 UTC: 	 Found proxy file /tmp/x509up_u110046
DEBUG 2021-09-14 14:37:36.176 UTC: 	 Getting proxy life time left
DEBUG 2021-09-14 14:37:36.983 UTC: 	 Executing : 
 command : voms-proxy-info -file /tmp/x509up_u110046 -timeleft
 output : 604745

 error: 
 retcode : 0
DEBUG 2021-09-14 14:37:37.802 UTC: 	 Executing : 
 command : voms-proxy-info -file /tmp/x509up_u110046 -actimeleft
 output : 604744

 error: 
 retcode : 0
DEBUG 2021-09-14 14:37:37.802 UTC: 	 Proxy lifetime 604745 secs is different from voms extension lifetime 604744 secs for proxy: /tmp/x509up_u110046
DEBUG 2021-09-14 14:37:37.802 UTC: 	 Proxy valid for 167:59:04 hours
DEBUG 2021-09-14 14:37:37.888 UTC: 	 Registering user credentials for server /DC=ch/DC=cern/OU=computers/CN=crab-(preprod|prod|dev)-tw(02|01).cern.ch|/DC=ch/DC=cern/OU=computers/CN=(ddi|ddidk|mytw).cern.ch|/DC=ch/DC=cern/OU=computers/CN=stefanov(m|m2).cern.ch
DEBUG 2021-09-14 14:37:38.604 UTC: 	 Executing : 
 command : voms-proxy-info -file /tmp/x509up_u110046 -identity
 output : /DC=ch/DC=cern/OU=Organic Units/OU=Users/CN=yian/CN=826694/CN=Ying An

 error: 
 retcode : 0
DEBUG 2021-09-14 14:37:38.612 UTC: 	 Getting myproxy life time left for myproxy.cern.ch
DEBUG 2021-09-14 14:37:38.613 UTC: 	 using b52ac606a6f7097e9b4b8f05a3a67cc69f8f291b as credential login name
DEBUG 2021-09-14 14:37:38.918 UTC: 	 Executing : 
 command : myproxy-info -l b52ac606a6f7097e9b4b8f05a3a67cc69f8f291b -s myproxy.cern.ch
 output : username: b52ac606a6f7097e9b4b8f05a3a67cc69f8f291b
owner: /DC=ch/DC=cern/OU=Organic Units/OU=Users/CN=yian/CN=826694/CN=Ying An
  renewal policy: /DC=ch/DC=cern/OU=computers/CN=crab-(preprod|prod|dev)-tw(02|01).cern.ch|/DC=ch/DC=cern/OU=computers/CN=(ddi|ddidk|mytw).cern.ch|/DC=ch/DC=cern/OU=computers/CN=stefanov(m|m2).cern.ch
  trusted retrieval policy: /DC=ch/DC=cern/OU=computers/CN=crab-(preprod|prod|dev)-tw(02|01).cern.ch|/DC=ch/DC=cern/OU=computers/CN=(ddi|ddidk|mytw).cern.ch|/DC=ch/DC=cern/OU=computers/CN=stefanov(m|m2).cern.ch
  timeleft: 668:24:03  (27.9 days)

 error: 
 retcode : 0
DEBUG 2021-09-14 14:37:38.919 UTC: 	 Myproxy is valid: 2406243
DEBUG 2021-09-14 14:37:38.919 UTC: 	 Retrieving username ...
DEBUG 2021-09-14 14:37:38.919 UTC: 	 Retrieving username from CRIC...
DEBUG 2021-09-14 14:37:39.775 UTC: 	 username is yian
DEBUG 2021-09-14 14:37:39.782 UTC: 	 Getting myproxy life time left for myproxy.cern.ch
DEBUG 2021-09-14 14:37:39.782 UTC: 	 using yian_CRAB as credential login name
DEBUG 2021-09-14 14:37:40.087 UTC: 	 Executing : 
 command : myproxy-info -l yian_CRAB -s myproxy.cern.ch
 output : username: yian_CRAB
owner: /DC=ch/DC=cern/OU=Organic Units/OU=Users/CN=yian/CN=826694/CN=Ying An
  renewal policy: /DC=ch/DC=cern/OU=computers/CN=crab-(preprod|prod|dev)-tw(02|01).cern.ch|/DC=ch/DC=cern/OU=computers/CN=(ddi|ddidk|mytw).cern.ch|/DC=ch/DC=cern/OU=computers/CN=stefanov(m|m2).cern.ch
  trusted retrieval policy: /DC=ch/DC=cern/OU=computers/CN=crab-(preprod|prod|dev)-tw(02|01).cern.ch|/DC=ch/DC=cern/OU=computers/CN=(ddi|ddidk|mytw).cern.ch|/DC=ch/DC=cern/OU=computers/CN=stefanov(m|m2).cern.ch
  timeleft: 668:24:14  (27.9 days)

 error: 
 retcode : 0
DEBUG 2021-09-14 14:37:40.087 UTC: 	 Myproxy is valid: 2406254
DEBUG 2021-09-14 14:37:40.088 UTC: 	 Result of myproxy credential check:
  Credential exists on myproxy: username: b52ac606a6f7097e9b4b8f05a3a67cc69f8f291b  - validity: 27 days, 20:24:03
  Credential exists on myproxy: username: yian_CRAB  - validity: 27 days, 20:24:14
DEBUG 2021-09-14 14:37:40.089 UTC: 	 Command use: status
DEBUG 2021-09-14 14:37:40.089 UTC: 	 Options use: ['-d', 'crab2018/crab_ST_tW_antitop_5f_NoFullyHadronicDecays_TuneCP5_13TeV-powheg-pythia8_2018']
DEBUG 2021-09-14 14:37:40.143 UTC: 	 CRABClient version: v3.210825
DEBUG 2021-09-14 14:37:40.143 UTC: 	 Instance is prod
DEBUG 2021-09-14 14:37:40.143 UTC: 	 Server base url is cmsweb.cern.ch
DEBUG 2021-09-14 14:37:40.143 UTC: 	 Command api workflow
DEBUG 2021-09-14 14:37:40.237 UTC: 	 Got information from server oracle database: {u'result': [u'210911_101236:yian_crab_ST_tW_antitop_5f_NoFullyHadronicDecays_TuneCP5_13TeV-powheg-pythia8_2018', u'None', u'None', u'SUBMITTED', u'SUBMIT', u'2021-09-11 10:12:36.879784', u'None', u'2021-09-11 10:13:24.244382', u'None', u'CMSSW_10_6_20', u'slc7_amd64_gcc820', u'/ST_tW_antitop_5f_NoFullyHadronicDecays_TuneCP5_13TeV-powheg-pythia8/RunIISummer20UL18NanoAODv9-106X_upgrade2018_realistic_v16_L1v1-v1/NANOAODSIM', u'T', u'0', u"[u'T2_US_UCSD', u'T2_US_Wisconsin', u'T2_US_MIT', u'T2_US_Caltech', u'T2_US_Purdue', u'T2_US_Nebraska']", u'[]', u'FileBased', u"{'splitOnRun': False, 'halt_job_on_file_boundaries': False, 'files_per_job': 1, 'runs': [], 'lumis': []}", u'ce4024b067767c0af918e51c87b31628855166e163a541c120405109f27fbcb5.tar.gz', u'https://cmsweb.cern.ch/S3/crabcache_prod', u'yian', u'/DC=ch/DC=cern/OU=Organic Units/OU=Users/CN=yian/CN=826694/CN=Ying An', u'cms', u'None', u'None', u'ST_tW_antitop_5f_NoFullyHadronicDecays_TuneCP5_13TeV-powheg-pythia8_2018-00000000000000000000000000000000', u'F', u'T3_CH_CERNBOX', u'https://cmsweb.cern.ch/dbs/prod/global/DBSReader', u'https://cmsweb.cern.ch/dbs/prod/phys03/DBSWriter', u'F', u'[]', u'[]', u"[b'tree.root']", u'Analysis', u'pythia', u'None', u'{}', u'[]', u'F', u'crab-prod-tw01', u'[]', u'1250', u'1', u'2000', u'10', u"['/ST_tW_antitop_5f_NoFullyHadronicDecays_TuneCP5_13TeV-powheg-pythia8/yian-ST_tW_antitop_5f_NoFullyHadronicDecays_TuneCP5_13TeV-powheg-pythia8_2018-1ea93bf7cfbb24e247bd0f4bd1955225/USER']", u'[]', u'http://vocms0120.cern.ch/mon/cms1407/210911_101236:yian_crab_ST_tW_antitop_5f_NoFullyHadronicDecays_TuneCP5_13TeV-powheg-pythia8_2018', u'WWG_crab_script.sh', u"[b'isdata=MC', b'year=2018', b'era=A']", u'[]', u'https://cmsweb.cern.ch/crabserver/prod', u'cmsgwms-collector-global.cern.ch:9620,cmsgwms-collector-global.fnal.gov:9620', u'crab3@vocms0120.cern.ch', u'F', u'[]', u'T', u'/store/user/yian/', u'T', u'None', u'F', u'None', u'ST_tW_antitop_5f_NoFullyHadronicDecays_TuneCP5_13TeV-powheg-pythia8', u'None', u'e510eb24c30958b049daa43d9eb4c160d25051a294baf0f6539324b864f70328.tar.gz', u'70987684', u'filetransfers', u'F', u'188.184.98.213', u'0.0', u'None'], u'desc': {u'columns': [u'tm_taskname', u'tm_activity', u'panda_jobset_id', u'tm_task_status', u'tm_task_command', u'tm_start_time', u'tm_start_injection', u'tm_end_injection', u'tm_task_failure', u'tm_job_sw', u'tm_job_arch', u'tm_input_dataset', u'tm_nonvalid_input_dataset', u'tm_use_parent', u'tm_site_whitelist', u'tm_site_blacklist', u'tm_split_algo', u'tm_split_args', u'tm_user_sandbox', u'tm_cache_url', u'tm_username', u'tm_user_dn', u'tm_user_vo', u'tm_user_role', u'tm_user_group', u'tm_publish_name', u'tm_publish_groupname', u'tm_asyncdest', u'tm_dbs_url', u'tm_publish_dbs_url', u'tm_publication', u'tm_outfiles', u'tm_tfile_outfiles', u'tm_edm_outfiles', u'tm_job_type', u'tm_generator', u'tm_events_per_lumi', u'tm_arguments', u'panda_resubmitted_jobs', u'tm_save_logs', u'tw_name', u'tm_user_infiles', u'tm_maxjobruntime', u'tm_numcores', u'tm_maxmemory', u'tm_priority', u'tm_output_dataset', u'tm_task_warnings', u'tm_user_webdir', u'tm_scriptexe', u'tm_scriptargs', u'tm_extrajdl', u'tm_asourl', u'tm_collector', u'tm_schedd', u'tm_dry_run', u'tm_user_files', u'tm_transfer_outputs', u'tm_output_lfn', u'tm_ignore_locality', u'tm_fail_limit', u'tm_one_event_mode', u'tm_secondary_input_dataset', u'tm_primary_dataset', u'tm_last_publication', u'tm_debug_files', u'clusterid', u'tm_asodb', u'tm_ignore_global_blacklist', u'tm_submitter_ip_addr', u'tm_totalunits', u'tm_ddm_reqid']}}
INFO 2021-09-14 14:37:40.237 UTC: 	 CRAB project directory:		/afs/cern.ch/work/y/yian/work/GZ/CMSSW_10_6_20/src/PhysicsTools/NanoAODTools/WWG/2018/crab/crab2018/crab_ST_tW_antitop_5f_NoFullyHadronicDecays_TuneCP5_13TeV-powheg-pythia8_2018
INFO 2021-09-14 14:37:40.237 UTC: 	 Task name:			210911_101236:yian_crab_ST_tW_antitop_5f_NoFullyHadronicDecays_TuneCP5_13TeV-powheg-pythia8_2018
INFO 2021-09-14 14:37:40.237 UTC: 	 Grid scheduler - Task Worker:	crab3@vocms0120.cern.ch - crab-prod-tw01
INFO 2021-09-14 14:37:40.237 UTC: 	 Status on the CRAB server:	SUBMITTED
INFO 2021-09-14 14:37:40.238 UTC: 	 Task URL to use for HELP:	https://cmsweb.cern.ch/crabserver/ui/task/210911_101236%3Ayian_crab_ST_tW_antitop_5f_NoFullyHadronicDecays_TuneCP5_13TeV-powheg-pythia8_2018
INFO 2021-09-14 14:37:40.241 UTC: 	 Dashboard monitoring URL:	https://monit-grafana.cern.ch/d/cmsTMDetail/cms-task-monitoring-task-view?orgId=11&var-user=yian&var-task=210911_101236%3Ayian_crab_ST_tW_antitop_5f_NoFullyHadronicDecays_TuneCP5_13TeV-powheg-pythia8_2018&from=1631351556000&to=now
DEBUG 2021-09-14 14:37:40.242 UTC: 	 The CRAB server submitted your task to the Grid scheduler (cluster ID: 70987684)
DEBUG 2021-09-14 14:37:40.242 UTC: 	 Webdir is located at http://vocms0120.cern.ch/mon/cms1407/210911_101236:yian_crab_ST_tW_antitop_5f_NoFullyHadronicDecays_TuneCP5_13TeV-powheg-pythia8_2018
DEBUG 2021-09-14 14:37:40.527 UTC: 	 Proxied webdir is located at https://cmsweb.cern.ch:8443/scheddmon/0120/cms1407/210911_101236:yian_crab_ST_tW_antitop_5f_NoFullyHadronicDecays_TuneCP5_13TeV-powheg-pythia8_2018
DEBUG 2021-09-14 14:37:40.527 UTC: 	 Retrieving 'status_cache' file from https://cmsweb.cern.ch:8443/scheddmon/0120/cms1407/210911_101236:yian_crab_ST_tW_antitop_5f_NoFullyHadronicDecays_TuneCP5_13TeV-powheg-pythia8_2018/status_cache
DEBUG 2021-09-14 14:37:40.803 UTC: 	 Got information from status cache file: {'11': {'Retries': 0, 'WallDurations': [9.0, 279.26788997650146, 10216.0, 34974.0], 'StartTimes': [1631355290.0, 1631365659.0], 'SubmitTimes': [1631355211.0, -1], 'JobIds': ['70987696.0', '70987696.0'], 'EndTimes': [1631365506.0, 1631400633.0], 'Restarts': 1, 'RecordedSite': True, 'State': 'finished', 'ResidentSetSize': [860168, 1000000], 'TotalUserCpuTimeHistory': [1325.0, 7881], 'SiteHistory': ['Unknown', 'T2_US_MIT', 'T2_US_MIT', 'T2_US_Wisconsin'], 'TotalSysCpuTimeHistory': [97.0, 483]}, '10': {'Retries': 0, 'WallDurations': [10.0, 284.26788997650146, 45571.0], 'StartTimes': [1631355285.0], 'SubmitTimes': [1631355210.0], 'JobIds': ['70987695.0'], 'EndTimes': [1631400856.0], 'Restarts': 0, 'RecordedSite': True, 'State': 'finished', 'ResidentSetSize': [998264], 'TotalUserCpuTimeHistory': [12827], 'SiteHistory': ['Unknown', 'T2_US_Nebraska', 'T2_US_Nebraska'], 'TotalSysCpuTimeHistory': [896]}, '13': {'Retries': 0, 'WallDurations': [8.0, 265.26788997650146, 10343.0], 'StartTimes': [1631355304.0], 'SubmitTimes': [1631355211.0], 'JobIds': ['70987697.0'], 'EndTimes': [1631365647.0], 'Restarts': 0, 'RecordedSite': True, 'State': 'finished', 'ResidentSetSize': [908280], 'TotalUserCpuTimeHistory': [1999], 'SiteHistory': ['Unknown', 'T2_US_Wisconsin', 'T2_US_Wisconsin'], 'TotalSysCpuTimeHistory': [120]}, '12': {'Retries': 0, 'WallDurations': [9.0, 284.26788997650146, 7552.0], 'StartTimes': [1631355285.0], 'SubmitTimes': [1631355211.0], 'JobIds': ['70987698.0'], 'EndTimes': [1631362837.0], 'Restarts': 0, 'RecordedSite': True, 'State': 'finished', 'ResidentSetSize': [924748], 'TotalUserCpuTimeHistory': [1502], 'SiteHistory': ['Unknown', 'T2_US_Wisconsin', 'T2_US_Wisconsin'], 'TotalSysCpuTimeHistory': [93]}, '15': {'Retries': 0, 'WallDurations': [9.0, 284.26788997650146, 31856.0], 'StartTimes': [1631355285.0], 'SubmitTimes': [1631355211.0], 'JobIds': ['70987701.0'], 'EndTimes': [1631387141.0], 'Restarts': 0, 'RecordedSite': True, 'State': 'finished', 'ResidentSetSize': [939408], 'TotalUserCpuTimeHistory': [6217], 'SiteHistory': ['Unknown', 'T2_US_Wisconsin', 'T2_US_Wisconsin'], 'TotalSysCpuTimeHistory': [387]}, '14': {'Retries': 0, 'WallDurations': [9.0, 279.26788997650146, 37169.0], 'StartTimes': [1631355290.0], 'SubmitTimes': [1631355211.0], 'JobIds': ['70987699.0'], 'EndTimes': [1631392459.0], 'Restarts': 0, 'RecordedSite': True, 'State': 'finished', 'ResidentSetSize': [941904], 'TotalUserCpuTimeHistory': [10343], 'SiteHistory': ['Unknown', 'T2_US_Wisconsin', 'T2_US_Wisconsin'], 'TotalSysCpuTimeHistory': [686]}, '16': {'Retries': 0, 'WallDurations': [10.0, 260.26788997650146, 30265.0], 'StartTimes': [1631355309.0], 'SubmitTimes': [1631355211.0], 'JobIds': ['70987700.0'], 'EndTimes': [1631385574.0], 'Restarts': 0, 'RecordedSite': True, 'State': 'finished', 'ResidentSetSize': [799592], 'TotalUserCpuTimeHistory': [5041], 'SiteHistory': ['Unknown', 'T2_US_MIT', 'T2_US_MIT'], 'TotalSysCpuTimeHistory': [637]}, '1': {'Retries': 0, 'WallDurations': [9.0, 277.26788997650146, 31932.0], 'StartTimes': [1631355292.0], 'SubmitTimes': [1631355209.0], 'JobIds': ['70987686.0'], 'EndTimes': [1631387224.0], 'Restarts': 0, 'RecordedSite': True, 'State': 'finished', 'ResidentSetSize': [1018960], 'TotalUserCpuTimeHistory': [5912], 'SiteHistory': ['Unknown', 'T2_US_Wisconsin', 'T2_US_Wisconsin'], 'TotalSysCpuTimeHistory': [386]}, '3': {'Retries': 0, 'WallDurations': [10.0, 268.26788997650146, 36854.0], 'StartTimes': [1631355301.0], 'SubmitTimes': [1631355209.0], 'JobIds': ['70987688.0'], 'EndTimes': [1631392155.0], 'Restarts': 0, 'RecordedSite': True, 'State': 'finished', 'ResidentSetSize': [826100], 'TotalUserCpuTimeHistory': [4393], 'SiteHistory': ['Unknown', 'T2_US_Nebraska', 'T2_US_Nebraska'], 'TotalSysCpuTimeHistory': [479]}, '2': {'Retries': 0, 'WallDurations': [9.0, 74.26788997650146, 35702.0], 'StartTimes': [1631355495.0], 'SubmitTimes': [1631355209.0], 'JobIds': ['70987687.0'], 'EndTimes': [1631391197.0], 'Restarts': 0, 'RecordedSite': True, 'State': 'finished', 'ResidentSetSize': [845800], 'TotalUserCpuTimeHistory': [9436], 'SiteHistory': ['Unknown', 'T2_US_Nebraska', 'T2_US_Nebraska'], 'TotalSysCpuTimeHistory': [686]}, '5': {'Retries': 0, 'WallDurations': [9.0, 280.26788997650146, 17330.0], 'StartTimes': [1631355289.0], 'SubmitTimes': [1631355210.0], 'JobIds': ['70987690.0'], 'EndTimes': [1631372619.0], 'Restarts': 0, 'RecordedSite': True, 'State': 'finished', 'ResidentSetSize': [840616], 'TotalUserCpuTimeHistory': [1706], 'SiteHistory': ['Unknown', 'T2_US_Nebraska', 'T2_US_Nebraska'], 'TotalSysCpuTimeHistory': [97]}, '4': {'Retries': 1, 'WallDurations': [9.0, 249.26788997650146, 34906.0, 0, 8.0, 34240.0], 'StartTimes': [1631355320.0, 1631392637.0], 'SubmitTimes': [1631355210.0, 1631392099.0], 'JobIds': ['70987689.0', '70995984.0'], 'EndTimes': [1631390226.0, 1631426877.0], 'Restarts': 0, 'RecordedSite': True, 'State': 'finished', 'ResidentSetSize': [997168, 832728], 'TotalUserCpuTimeHistory': [6700, 6369], 'SiteHistory': ['Unknown', 'T2_US_MIT', 'T2_US_MIT', 'Unknown', 'T2_US_MIT', 'T2_US_MIT'], 'TotalSysCpuTimeHistory': [456, 437]}, '7': {'Retries': 0, 'WallDurations': [8.0, 285.26788997650146, 20087.0], 'StartTimes': [1631355284.0], 'SubmitTimes': [1631355210.0], 'JobIds': ['70987693.0'], 'EndTimes': [1631375371.0], 'Restarts': 0, 'RecordedSite': True, 'State': 'finished', 'ResidentSetSize': [852636], 'TotalUserCpuTimeHistory': [2622], 'SiteHistory': ['Unknown', 'T2_US_Purdue', 'T2_US_Purdue'], 'TotalSysCpuTimeHistory': [196]}, '6': {'Retries': 0, 'WallDurations': [8.0, 285.26788997650146, 56616.0], 'StartTimes': [1631355284.0], 'SubmitTimes': [1631355210.0], 'JobIds': ['70987691.0'], 'EndTimes': [1631411900.0], 'Restarts': 0, 'RecordedSite': True, 'State': 'finished', 'ResidentSetSize': [1074388], 'TotalUserCpuTimeHistory': [7344], 'SiteHistory': ['Unknown', 'T2_US_Wisconsin', 'T2_US_Wisconsin'], 'TotalSysCpuTimeHistory': [419]}, '9': {'Retries': 0, 'WallDurations': [9.0, 282.26788997650146, 4692.0], 'StartTimes': [1631355287.0], 'SubmitTimes': [1631355210.0], 'JobIds': ['70987694.0'], 'EndTimes': [1631359979.0], 'Restarts': 0, 'RecordedSite': True, 'State': 'finished', 'ResidentSetSize': [904016], 'TotalUserCpuTimeHistory': [897], 'SiteHistory': ['Unknown', 'T2_US_Wisconsin', 'T2_US_Wisconsin'], 'TotalSysCpuTimeHistory': [54]}, '8': {'Retries': 0, 'WallDurations': [9.0, 251.26788997650146, 45559.0], 'StartTimes': [1631355318.0], 'SubmitTimes': [1631355210.0], 'JobIds': ['70987692.0'], 'EndTimes': [1631400877.0], 'Restarts': 0, 'RecordedSite': True, 'State': 'finished', 'ResidentSetSize': [1073928], 'TotalUserCpuTimeHistory': [11583], 'SiteHistory': ['Unknown', 'T2_US_Nebraska', 'T2_US_Nebraska'], 'TotalSysCpuTimeHistory': [621]}}
INFO 2021-09-14 14:37:40.803 UTC: 	 Status on the scheduler:	COMPLETED
INFO 2021-09-14 14:37:40.803 UTC: 	 
Jobs status:                    finished     		100.0% (16/16)
INFO 2021-09-14 14:37:40.803 UTC: 	 
No publication information (publication has been disabled in the CRAB configuration file)
INFO 2021-09-14 14:37:40.804 UTC: 	 
Warning: the average jobs CPU efficiency is less than 50%, please consider to improve the jobs splitting (e.g. config.Data.splitting = 'Automatic') in a new task
INFO 2021-09-14 14:37:40.804 UTC: 	 
Summary of run jobs:
 * Memory: 995MB min, 1049MB max, 902MB ave
 * Runtime: 1:18:12 min, 15:43:36 max, 8:20:46 ave
 * CPU eff: 10% min, 30% max, 21% ave
 * Waste: 13:44:24 (9% of total)

INFO 2021-09-14 14:37:40.836 UTC: 	 Log file is /afs/cern.ch/work/y/yian/work/GZ/CMSSW_10_6_20/src/PhysicsTools/NanoAODTools/WWG/2018/crab/crab2018/crab_ST_tW_antitop_5f_NoFullyHadronicDecays_TuneCP5_13TeV-powheg-pythia8_2018/crab.log
