DEBUG 2021-10-27 12:38:17.444 UTC: 	 CRAB Client version: v3.210825
DEBUG 2021-10-27 12:38:17.445 UTC: 	 Running on: Linux lxplus704.cern.ch 3.10.0-1160.45.1.el7.x86_64 #1 SMP Wed Oct 13 17:20:51 UTC 2021 x86_64 x86_64 x86_64 GNU/Linux - CentOS Linux 7 (Core)
DEBUG 2021-10-27 12:38:17.445 UTC: 	 Executing command: 'submit'
DEBUG 2021-10-27 12:38:17.445 UTC: 	 Found CRAB cache file /afs/cern.ch/user/y/yian/.crab3
INFO 2021-10-27 12:38:17.446 UTC: 	 Will use CRAB configuration file crabcode_2018/GluGluHToWWTo2L2Nu_M125_TuneCP5_13TeV_powheg2_JHUGenV714_pythia8_2018_cfg.py
DEBUG 2021-10-27 12:38:17.446 UTC: 	 Loading CRAB configuration file.
DEBUG 2021-10-27 12:38:17.449 UTC: 	 Will use CRAB Analysis plugin (i.e. will run an analysis job type).
DEBUG 2021-10-27 12:38:17.470 UTC: 	 Checking credentials
DEBUG 2021-10-27 12:38:17.470 UTC: 	 Found proxy file /tmp/x509up_u110046
DEBUG 2021-10-27 12:38:17.470 UTC: 	 Getting proxy life time left
DEBUG 2021-10-27 12:38:18.383 UTC: 	 Executing : 
 command : voms-proxy-info -file /tmp/x509up_u110046 -timeleft
 output : 518328

 error: 
 retcode : 0
DEBUG 2021-10-27 12:38:19.302 UTC: 	 Executing : 
 command : voms-proxy-info -file /tmp/x509up_u110046 -actimeleft
 output : 518327

 error: 
 retcode : 0
DEBUG 2021-10-27 12:38:19.302 UTC: 	 Proxy lifetime 518328 secs is different from voms extension lifetime 518327 secs for proxy: /tmp/x509up_u110046
DEBUG 2021-10-27 12:38:19.302 UTC: 	 Proxy valid for 143:58:47 hours
DEBUG 2021-10-27 12:38:20.320 UTC: 	 Executing : 
 command : env X509_USER_PROXY=/tmp/x509up_u110046 voms-proxy-info -fqan
 output : /cms/Role=NULL/Capability=NULL

 error: 
 retcode : 0
DEBUG 2021-10-27 12:38:20.429 UTC: 	 Registering user credentials for server /DC=ch/DC=cern/OU=computers/CN=crab-(preprod|prod|dev)-tw(02|01).cern.ch|/DC=ch/DC=cern/OU=computers/CN=stefanov(m|m2).cern.ch
DEBUG 2021-10-27 12:38:21.359 UTC: 	 Executing : 
 command : voms-proxy-info -file /tmp/x509up_u110046 -identity
 output : /DC=ch/DC=cern/OU=Organic Units/OU=Users/CN=yian/CN=826694/CN=Ying An

 error: 
 retcode : 0
DEBUG 2021-10-27 12:38:21.371 UTC: 	 Getting myproxy life time left for myproxy.cern.ch
DEBUG 2021-10-27 12:38:21.371 UTC: 	 using b52ac606a6f7097e9b4b8f05a3a67cc69f8f291b as credential login name
DEBUG 2021-10-27 12:38:21.778 UTC: 	 Executing : 
 command : myproxy-info -l b52ac606a6f7097e9b4b8f05a3a67cc69f8f291b -s myproxy.cern.ch
 output : username: b52ac606a6f7097e9b4b8f05a3a67cc69f8f291b
owner: /DC=ch/DC=cern/OU=Organic Units/OU=Users/CN=yian/CN=826694/CN=Ying An
  renewal policy: /DC=ch/DC=cern/OU=computers/CN=crab-(preprod|prod|dev)-tw(02|01).cern.ch|/DC=ch/DC=cern/OU=computers/CN=stefanov(m|m2).cern.ch
  trusted retrieval policy: /DC=ch/DC=cern/OU=computers/CN=crab-(preprod|prod|dev)-tw(02|01).cern.ch|/DC=ch/DC=cern/OU=computers/CN=stefanov(m|m2).cern.ch
  timeleft: 719:50:00  (30.0 days)

 error: 
 retcode : 0
DEBUG 2021-10-27 12:38:21.779 UTC: 	 Myproxy is valid: 2591400
DEBUG 2021-10-27 12:38:21.779 UTC: 	 Retrieving username ...
DEBUG 2021-10-27 12:38:21.779 UTC: 	 Retrieving username from CRIC...
DEBUG 2021-10-27 12:38:22.717 UTC: 	 username is yian
DEBUG 2021-10-27 12:38:22.724 UTC: 	 Getting myproxy life time left for myproxy.cern.ch
DEBUG 2021-10-27 12:38:22.724 UTC: 	 using yian_CRAB as credential login name
DEBUG 2021-10-27 12:38:23.135 UTC: 	 Executing : 
 command : myproxy-info -l yian_CRAB -s myproxy.cern.ch
 output : username: yian_CRAB
owner: /DC=ch/DC=cern/OU=Organic Units/OU=Users/CN=yian/CN=826694/CN=Ying An
  renewal policy: /DC=ch/DC=cern/OU=computers/CN=crab-(preprod|prod|dev)-tw(02|01).cern.ch|/DC=ch/DC=cern/OU=computers/CN=stefanov(m|m2).cern.ch
  trusted retrieval policy: /DC=ch/DC=cern/OU=computers/CN=crab-(preprod|prod|dev)-tw(02|01).cern.ch|/DC=ch/DC=cern/OU=computers/CN=stefanov(m|m2).cern.ch
  timeleft: 719:50:05  (30.0 days)

 error: 
 retcode : 0
DEBUG 2021-10-27 12:38:23.135 UTC: 	 Myproxy is valid: 2591405
DEBUG 2021-10-27 12:38:23.135 UTC: 	 Result of myproxy credential check:
  Credential exists on myproxy: username: b52ac606a6f7097e9b4b8f05a3a67cc69f8f291b  - validity: 29 days, 23:50:00
  Credential exists on myproxy: username: yian_CRAB  - validity: 29 days, 23:50:05
DEBUG 2021-10-27 12:38:23.135 UTC: 	 Command use: submit
DEBUG 2021-10-27 12:38:23.135 UTC: 	 Options use: ['-c', 'crabcode_2018/GluGluHToWWTo2L2Nu_M125_TuneCP5_13TeV_powheg2_JHUGenV714_pythia8_2018_cfg.py']
DEBUG 2021-10-27 12:38:23.189 UTC: 	 CRABClient version: v3.210825
DEBUG 2021-10-27 12:38:23.189 UTC: 	 Instance is prod
DEBUG 2021-10-27 12:38:23.189 UTC: 	 Server base url is cmsweb.cern.ch
DEBUG 2021-10-27 12:38:23.189 UTC: 	 Command api workflow
DEBUG 2021-10-27 12:38:23.189 UTC: 	 Started submission
DEBUG 2021-10-27 12:38:23.189 UTC: 	 Working on /afs/cern.ch/work/y/yian/work/GZ/CMSSW_10_6_20/src/PhysicsTools/NanoAODTools/WWG/2018/crab/crab2018/crab_GluGluHToWWTo2L2Nu_M125_TuneCP5_13TeV_powheg2_JHUGenV714_pythia8_2018
DEBUG 2021-10-27 12:38:23.561 UTC: 	 Loading required information from the environment
DEBUG 2021-10-27 12:38:23.562 UTC: 	 Found CMSSW_10_6_20 for slc7_amd64_gcc820 with base /afs/cern.ch/work/y/yian/work/GZ/CMSSW_10_6_20
DEBUG 2021-10-27 12:38:23.562 UTC: 	 Loading required information from the environment
DEBUG 2021-10-27 12:38:23.562 UTC: 	 Found CMSSW_10_6_20 for slc7_amd64_gcc820 with base /afs/cern.ch/work/y/yian/work/GZ/CMSSW_10_6_20
DEBUG 2021-10-27 12:38:23.562 UTC: 	 UNIQUE NAME: tarUUID 8801d303-a510-4aa6-83f2-f1c9fa9970c5 
DEBUG 2021-10-27 12:38:23.562 UTC: 	 self.config: from WMCore.Configuration import Configuration
config = Configuration()
config.section_('General')
config.General.workArea = 'crab2018'
config.General.transferLogs = False
config.General.requestName = 'GluGluHToWWTo2L2Nu_M125_TuneCP5_13TeV_powheg2_JHUGenV714_pythia8_2018'
config.section_('JobType')
config.JobType.scriptArgs = ['isdata=MC', 'year=2018', 'era=A']
config.JobType.scriptExe = './WWG_crab_script.sh'
config.JobType.pluginName = 'Analysis'
config.JobType.sendPythonFolder = True
config.JobType.allowUndistributedCMSSW = True
config.JobType.psetName = 'PSet.py'
config.JobType.inputFiles = ['../../../scripts/haddnano.py', '../WWG_selector/WWG_postproc.py', '../WWG_selector/WWG_Module.py', '../WWG_selector/WWG_keep_and_drop.txt', '../WWG_selector/WWG_output_branch.txt', '../WWG_selector/DAS_filesearch.py']
config.section_('Data')
config.Data.inputDataset = '/GluGluHToWWTo2L2Nu_M125_TuneCP5_13TeV_powheg2_JHUGenV714_pythia8/RunIISummer20UL18NanoAODv9-106X_upgrade2018_realistic_v16_L1v1-v2/NANOAODSIM'
config.Data.allowNonValidInputDataset = True
config.Data.publication = False
config.Data.unitsPerJob = 1
config.Data.ignoreLocality = True
config.Data.inputDBS = 'global'
config.Data.splitting = 'FileBased'
config.Data.outputDatasetTag = 'GluGluHToWWTo2L2Nu_M125_TuneCP5_13TeV_powheg2_JHUGenV714_pythia8_2018'
config.section_('Site')
config.Site.whitelist = ['T2_US_MIT', 'T2_US_Wisconsin', 'T2_US_Purdue', 'T2_US_UCSD', 'T2_US_Caltech', 'T2_US_Nebraska']
config.Site.storageSite = 'T3_CH_CERNBOX'

DEBUG 2021-10-27 12:38:23.562 UTC: 	 self.config.JobType.psetName: PSet.py
INFO 2021-10-27 12:38:23.562 UTC: 	 Importing CMSSW configuration PSet.py
INFO 2021-10-27 12:38:25.648 UTC: 	 Finished importing CMSSW configuration PSet.py
DEBUG 2021-10-27 12:38:25.649 UTC: 	 Writing CMSSW configuration to /afs/cern.ch/work/y/yian/work/GZ/CMSSW_10_6_20/src/PhysicsTools/NanoAODTools/WWG/2018/crab/crab2018/crab_GluGluHToWWTo2L2Nu_M125_TuneCP5_13TeV_powheg2_JHUGenV714_pythia8_2018/inputs/PSet.py
DEBUG 2021-10-27 12:38:25.667 UTC: 	 The following EDM output files will be collected: ['tree.root']
DEBUG 2021-10-27 12:38:25.667 UTC: 	 The following TFile output files will be collected: []
DEBUG 2021-10-27 12:38:25.667 UTC: 	 The following user output files (not listed as PoolOuputModule or TFileService in the CMSSW PSet) will be collected: 
DEBUG 2021-10-27 12:38:25.667 UTC: 	 Loading required information from the environment
DEBUG 2021-10-27 12:38:25.667 UTC: 	 Found CMSSW_10_6_20 for slc7_amd64_gcc820 with base /afs/cern.ch/work/y/yian/work/GZ/CMSSW_10_6_20
DEBUG 2021-10-27 12:38:25.667 UTC: 	 Making tarball in /afs/cern.ch/work/y/yian/work/GZ/CMSSW_10_6_20/src/PhysicsTools/NanoAODTools/WWG/2018/crab/crab2018/crab_GluGluHToWWTo2L2Nu_M125_TuneCP5_13TeV_powheg2_JHUGenV714_pythia8_2018/inputs/8801d303-a510-4aa6-83f2-f1c9fa9970c5default.tgz
DEBUG 2021-10-27 12:38:25.668 UTC: 	 Checking directory /afs/cern.ch/work/y/yian/work/GZ/CMSSW_10_6_20/lib
DEBUG 2021-10-27 12:38:25.668 UTC: 	 Adding directory /afs/cern.ch/work/y/yian/work/GZ/CMSSW_10_6_20/lib to tarball
DEBUG 2021-10-27 12:38:25.990 UTC: 	 Checking directory /afs/cern.ch/work/y/yian/work/GZ/CMSSW_10_6_20/biglib
DEBUG 2021-10-27 12:38:25.990 UTC: 	 Adding directory /afs/cern.ch/work/y/yian/work/GZ/CMSSW_10_6_20/biglib to tarball
DEBUG 2021-10-27 12:38:25.991 UTC: 	 Checking directory /afs/cern.ch/work/y/yian/work/GZ/CMSSW_10_6_20/module
DEBUG 2021-10-27 12:38:25.991 UTC: 	 Checking directory /afs/cern.ch/work/y/yian/work/GZ/CMSSW_10_6_20/python
DEBUG 2021-10-27 12:38:25.991 UTC: 	 Adding directory /afs/cern.ch/work/y/yian/work/GZ/CMSSW_10_6_20/python to tarball
DEBUG 2021-10-27 12:38:40.024 UTC: 	 Checking directory /afs/cern.ch/work/y/yian/work/GZ/CMSSW_10_6_20/cfipython
DEBUG 2021-10-27 12:38:40.025 UTC: 	 Adding directory /afs/cern.ch/work/y/yian/work/GZ/CMSSW_10_6_20/cfipython to tarball
DEBUG 2021-10-27 12:38:49.737 UTC: 	 Adding data directory /afs/cern.ch/work/y/yian/work/GZ/CMSSW_10_6_20/src/PhysicsTools/NanoAODTools/data to tarball
DEBUG 2021-10-27 12:39:19.203 UTC: 	 Adding data directory /afs/cern.ch/work/y/yian/work/GZ/CMSSW_10_6_20/src/PhysicsTools/NanoAODTools/interface to tarball
DEBUG 2021-10-27 12:39:19.255 UTC: 	 Adding data directory /afs/cern.ch/work/y/yian/work/GZ/CMSSW_10_6_20/src/PhysicsTools/NanoAODTools/python/postprocessing/data to tarball
DEBUG 2021-10-27 12:39:21.709 UTC: 	 Adding file ../../../scripts/haddnano.py to tarball
DEBUG 2021-10-27 12:39:21.712 UTC: 	 Adding file ../WWG_selector/WWG_postproc.py to tarball
DEBUG 2021-10-27 12:39:21.723 UTC: 	 Adding file ../WWG_selector/WWG_Module.py to tarball
DEBUG 2021-10-27 12:39:21.820 UTC: 	 Adding file ../WWG_selector/WWG_keep_and_drop.txt to tarball
DEBUG 2021-10-27 12:39:21.919 UTC: 	 Adding file ../WWG_selector/WWG_output_branch.txt to tarball
DEBUG 2021-10-27 12:39:21.986 UTC: 	 Adding file ../WWG_selector/DAS_filesearch.py to tarball
DEBUG 2021-10-27 12:39:28.009 UTC: 	 Uploading archive /afs/cern.ch/work/y/yian/work/GZ/CMSSW_10_6_20/src/PhysicsTools/NanoAODTools/WWG/2018/crab/crab2018/crab_GluGluHToWWTo2L2Nu_M125_TuneCP5_13TeV_powheg2_JHUGenV714_pythia8_2018/inputs/8801d303-a510-4aa6-83f2-f1c9fa9970c5default.tgz (94 MB) to the CRAB cache. Using URI https://cmsweb.cern.ch/S3/crabcache_prod
DEBUG 2021-10-27 12:39:52.044 UTC: 	 sandbox fdc83b2f21d57261f5cf7acac4a7690fc02d3211127c48eff5fc0f767be70918.tar.gz is already in the S3 store, will not upload again
DEBUG 2021-10-27 12:39:52.045 UTC: 	 Loading required information from the environment
DEBUG 2021-10-27 12:39:52.045 UTC: 	 Found CMSSW_10_6_20 for slc7_amd64_gcc820 with base /afs/cern.ch/work/y/yian/work/GZ/CMSSW_10_6_20
DEBUG 2021-10-27 12:39:52.045 UTC: 	 Making tarball in /afs/cern.ch/work/y/yian/work/GZ/CMSSW_10_6_20/src/PhysicsTools/NanoAODTools/WWG/2018/crab/crab2018/crab_GluGluHToWWTo2L2Nu_M125_TuneCP5_13TeV_powheg2_JHUGenV714_pythia8_2018/inputs/debugFiles.tgz
DEBUG 2021-10-27 12:39:52.055 UTC: 	 Uploading archive /afs/cern.ch/work/y/yian/work/GZ/CMSSW_10_6_20/src/PhysicsTools/NanoAODTools/WWG/2018/crab/crab2018/crab_GluGluHToWWTo2L2Nu_M125_TuneCP5_13TeV_powheg2_JHUGenV714_pythia8_2018/inputs/debugFiles.tgz (1 KB) to the CRAB cache. Using URI https://cmsweb.cern.ch/S3/crabcache_prod
DEBUG 2021-10-27 12:39:52.124 UTC: 	 Will execute:
curl -f -v -X POST  -H "User-Agent: CRAB" -F "key=yian/sandboxes/4c9c2360bae370cb354db013f9d79612396e96f8835b484eab840a542e18d018.tar.gz" -F "AWSAccessKeyId=ab00fcc889f248c495d2875f15a3badb" -F "policy=eyJjb25kaXRpb25zIjogW3siYnVja2V0IjogImNyYWJjYWNoZV9wcm9kIn0sIHsia2V5IjogInlpYW4vc2FuZGJveGVzLzRjOWMyMzYwYmFlMzcwY2IzNTRkYjAxM2Y5ZDc5NjEyMzk2ZTk2Zjg4MzViNDg0ZWFiODQwYTU0MmUxOGQwMTgudGFyLmd6In1dLCAiZXhwaXJhdGlvbiI6ICIyMDIxLTEwLTI3VDEzOjM5OjUyWiJ9" -F "signature=vPzc1+LUyCVdKatmAMjRU68jFtg=" -F "file=@/afs/cern.ch/work/y/yian/work/GZ/CMSSW_10_6_20/src/PhysicsTools/NanoAODTools/WWG/2018/crab/crab2018/crab_GluGluHToWWTo2L2Nu_M125_TuneCP5_13TeV_powheg2_JHUGenV714_pythia8_2018/inputs/debugFiles.tgz" "https://s3.cern.ch/crabcache_prod"
DEBUG 2021-10-27 12:39:53.235 UTC: 	 exitcode: 0
stdout: 
stderr: Note: Unnecessary use of -X or --request, POST is already inferred.
  % Total    % Received % Xferd  Average Speed   Time    Time     Time  Current
                                 Dload  Upload   Total   Spent    Left  Speed
  0     0    0     0    0     0      0      0 --:--:-- --:--:-- --:--:--     0*   Trying 2001:1458:d00:12::3e0...
* TCP_NODELAY set
* Connected to s3.cern.ch (2001:1458:d00:12::3e0) port 443 (#0)
* ALPN, offering http/1.1
* Cipher selection: ALL:!EXPORT:!EXPORT40:!EXPORT56:!aNULL:!LOW:!RC4:@STRENGTH
* successfully set certificate verify locations:
  CAfile: /etc/pki/tls/certs/ca-bundle.crt
  CApath: none
* TLSv1.2 (OUT), TLS header, Certificate Status (22):
} [5 bytes data]
* TLSv1.2 (OUT), TLS handshake, Client hello (1):
} [512 bytes data]
* TLSv1.2 (IN), TLS handshake, Server hello (2):
{ [70 bytes data]
* TLSv1.2 (IN), TLS handshake, Certificate (11):
{ [4780 bytes data]
* TLSv1.2 (IN), TLS handshake, Server key exchange (12):
{ [333 bytes data]
* TLSv1.2 (IN), TLS handshake, Server finished (14):
{ [4 bytes data]
* TLSv1.2 (OUT), TLS handshake, Client key exchange (16):
} [70 bytes data]
* TLSv1.2 (OUT), TLS change cipher, Client hello (1):
} [1 bytes data]
* TLSv1.2 (OUT), TLS handshake, Finished (20):
} [16 bytes data]
* TLSv1.2 (IN), TLS change cipher, Client hello (1):
{ [1 bytes data]
* TLSv1.2 (IN), TLS handshake, Finished (20):
{ [16 bytes data]
* SSL connection using TLSv1.2 / ECDHE-RSA-AES128-GCM-SHA256
* ALPN, server accepted to use http/1.1
* Server certificate:
*  subject: C=CH; ST=Genève; L=Meyrin; O=Organisation européenne pour la Recherche nucléaire (CERN); CN=*.s3.cern.ch
*  start date: Mar 10 00:00:00 2021 GMT
*  expire date: Mar 10 23:59:59 2022 GMT
*  subjectAltName: host "s3.cern.ch" matched cert's "s3.cern.ch"
*  issuer: C=GB; ST=Greater Manchester; L=Salford; O=Sectigo Limited; CN=Sectigo RSA Organization Validation Secure Server CA
*  SSL certificate verify ok.
} [5 bytes data]
> POST /crabcache_prod HTTP/1.1
> Host: s3.cern.ch
> Accept: */*
> User-Agent: CRAB
> Content-Length: 2801
> Content-Type: multipart/form-data; boundary=------------------------c33151289167715d
> Expect: 100-continue
> 
{ [5 bytes data]
< HTTP/1.1 100 Continue
  0  2801    0     0    0     0      0      0 --:--:--  0:00:01 --:--:--     0} [5 bytes data]
< HTTP/1.1 204 No Content
< Accept-Ranges: bytes
< Bucket: crabcache_prod
< Date: Wed, 27 Oct 2021 12:39:53 GMT
< X-Amz-Request-Id: tx00000000000001a0f36e8-0061794898-1e049857-default
< 
100  2801    0     0  100  2801      0   2706  0:00:01  0:00:01 --:--:--  2708
* Connection #0 to host s3.cern.ch left intact

DEBUG 2021-10-27 12:39:53.236 UTC: 	 sandbox /afs/cern.ch/work/y/yian/work/GZ/CMSSW_10_6_20/src/PhysicsTools/NanoAODTools/WWG/2018/crab/crab2018/crab_GluGluHToWWTo2L2Nu_M125_TuneCP5_13TeV_powheg2_JHUGenV714_pythia8_2018/inputs/debugFiles.tgz successully uploaded to S3
DEBUG 2021-10-27 12:39:53.236 UTC: 	 Result uploading input files: fdc83b2f21d57261f5cf7acac4a7690fc02d3211127c48eff5fc0f767be70918.tar.gz 
INFO 2021-10-27 12:39:53.236 UTC: 	 Sending the request to the server at cmsweb.cern.ch
DEBUG 2021-10-27 12:39:53.236 UTC: 	 Submitting {'maxjobruntime': 1250, 'extrajdl': [], 'ignorelocality': 1, 'savelogsflag': 0, 'useparent': 0, 'scriptexe': 'WWG_crab_script.sh', 'asyncdest': 'T3_CH_CERNBOX', 'algoargs': 1, 'cachefilename': 'fdc83b2f21d57261f5cf7acac4a7690fc02d3211127c48eff5fc0f767be70918.tar.gz', 'numcores': 1, 'addoutputfiles': [], 'generator': 'pythia', 'maxmemory': 2000, 'publishdbsurl': 'https://cmsweb.cern.ch/dbs/prod/phys03/DBSWriter', 'priority': 10, 'jobsw': 'CMSSW_10_6_20', 'edmoutfiles': ['tree.root'], 'userfiles': [], 'primarydataset': '', 'inputdata': '/GluGluHToWWTo2L2Nu_M125_TuneCP5_13TeV_powheg2_JHUGenV714_pythia8/RunIISummer20UL18NanoAODv9-106X_upgrade2018_realistic_v16_L1v1-v2/NANOAODSIM', 'dryrun': 0, 'workflow': 'crab_GluGluHToWWTo2L2Nu_M125_TuneCP5_13TeV_powheg2_JHUGenV714_pythia8_2018', 'scriptargs': ['isdata=MC', 'year=2018', 'era=A'], 'sitewhitelist': ['T2_US_MIT', 'T2_US_Wisconsin', 'T2_US_Purdue', 'T2_US_UCSD', 'T2_US_Caltech', 'T2_US_Nebraska'], 'nonprodsw': 1, 'tfileoutfiles': [], 'oneEventMode': 0, 'debugfilename': '4c9c2360bae370cb354db013f9d79612396e96f8835b484eab840a542e18d018.tar.gz', 'cacheurl': u'https://cmsweb.cern.ch/S3/crabcache_prod', 'saveoutput': 1, 'publication': 0, 'jobarch': 'slc7_amd64_gcc820', 'totalunits': 0, 'splitalgo': 'FileBased', 'ignoreglobalblacklist': 0, 'nonvaliddata': 1, 'dbsurl': 'https://cmsweb.cern.ch/dbs/prod/global/DBSReader', 'publishgroupname': 0, 'jobtype': 'Analysis', 'publishname2': 'GluGluHToWWTo2L2Nu_M125_TuneCP5_13TeV_powheg2_JHUGenV714_pythia8_2018'} 
DEBUG 2021-10-27 12:39:53.237 UTC: 	 Encoded submit request: maxjobruntime=1250&ignorelocality=1&savelogsflag=0&useparent=0&scriptexe=WWG_crab_script.sh&asyncdest=T3_CH_CERNBOX&algoargs=1&cachefilename=fdc83b2f21d57261f5cf7acac4a7690fc02d3211127c48eff5fc0f767be70918.tar.gz&numcores=1&generator=pythia&maxmemory=2000&publishdbsurl=https%3A%2F%2Fcmsweb.cern.ch%2Fdbs%2Fprod%2Fphys03%2FDBSWriter&priority=10&jobsw=CMSSW_10_6_20&primarydataset=&inputdata=%2FGluGluHToWWTo2L2Nu_M125_TuneCP5_13TeV_powheg2_JHUGenV714_pythia8%2FRunIISummer20UL18NanoAODv9-106X_upgrade2018_realistic_v16_L1v1-v2%2FNANOAODSIM&dryrun=0&workflow=crab_GluGluHToWWTo2L2Nu_M125_TuneCP5_13TeV_powheg2_JHUGenV714_pythia8_2018&nonprodsw=1&oneEventMode=0&debugfilename=4c9c2360bae370cb354db013f9d79612396e96f8835b484eab840a542e18d018.tar.gz&cacheurl=https%3A%2F%2Fcmsweb.cern.ch%2FS3%2Fcrabcache_prod&saveoutput=1&publication=0&jobarch=slc7_amd64_gcc820&totalunits=0&splitalgo=FileBased&ignoreglobalblacklist=0&nonvaliddata=1&dbsurl=https%3A%2F%2Fcmsweb.cern.ch%2Fdbs%2Fprod%2Fglobal%2FDBSReader&publishgroupname=0&jobtype=Analysis&publishname2=GluGluHToWWTo2L2Nu_M125_TuneCP5_13TeV_powheg2_JHUGenV714_pythia8_2018&sitewhitelist=T2_US_MIT&sitewhitelist=T2_US_Wisconsin&sitewhitelist=T2_US_Purdue&sitewhitelist=T2_US_UCSD&sitewhitelist=T2_US_Caltech&sitewhitelist=T2_US_Nebraska&edmoutfiles=tree.root&scriptargs=isdata%3DMC&scriptargs=year%3D2018&scriptargs=era%3DA
DEBUG 2021-10-27 12:39:53.301 UTC: 	 Result: {u'result': [{u'RequestName': u'211027_123953:yian_crab_GluGluHToWWTo2L2Nu_M125_TuneCP5_13TeV_powheg2_JHUGenV714_pythia8_2018'}]}
INFO 2021-10-27 12:39:53.304 UTC: 	 Success: Your task has been delivered to the prod CRAB3 server.
INFO 2021-10-27 12:39:53.304 UTC: 	 Task name: 211027_123953:yian_crab_GluGluHToWWTo2L2Nu_M125_TuneCP5_13TeV_powheg2_JHUGenV714_pythia8_2018
INFO 2021-10-27 12:39:53.304 UTC: 	 Project dir: crab2018/crab_GluGluHToWWTo2L2Nu_M125_TuneCP5_13TeV_powheg2_JHUGenV714_pythia8_2018
INFO 2021-10-27 12:39:53.305 UTC: 	 Please use ' crab status -d crab2018/crab_GluGluHToWWTo2L2Nu_M125_TuneCP5_13TeV_powheg2_JHUGenV714_pythia8_2018 ' to check how the submission process proceeds.
DEBUG 2021-10-27 12:39:53.305 UTC: 	 About to return
INFO 2021-10-27 12:39:53.308 UTC: 	 Log file is /afs/cern.ch/work/y/yian/work/GZ/CMSSW_10_6_20/src/PhysicsTools/NanoAODTools/WWG/2018/crab/crab2018/crab_GluGluHToWWTo2L2Nu_M125_TuneCP5_13TeV_powheg2_JHUGenV714_pythia8_2018/crab.log
DEBUG 2021-10-28 05:44:23.900 UTC: 	 CRAB Client version: v3.210825
DEBUG 2021-10-28 05:44:23.900 UTC: 	 Running on: Linux lxplus779.cern.ch 3.10.0-1160.45.1.el7.x86_64 #1 SMP Wed Oct 13 17:20:51 UTC 2021 x86_64 x86_64 x86_64 GNU/Linux - CentOS Linux 7 (Core)
DEBUG 2021-10-28 05:44:23.900 UTC: 	 Executing command: 'status'
DEBUG 2021-10-28 05:44:23.900 UTC: 	 Found CRAB cache file /afs/cern.ch/user/y/yian/.crab3
DEBUG 2021-10-28 05:44:23.961 UTC: 	 Checking credentials
DEBUG 2021-10-28 05:44:23.961 UTC: 	 Found proxy file /tmp/x509up_u110046
DEBUG 2021-10-28 05:44:23.961 UTC: 	 Getting proxy life time left
DEBUG 2021-10-28 05:44:24.566 UTC: 	 Executing : 
 command : voms-proxy-info -file /tmp/x509up_u110046 -timeleft
 output : 604228

 error: 
 retcode : 0
DEBUG 2021-10-28 05:44:25.174 UTC: 	 Executing : 
 command : voms-proxy-info -file /tmp/x509up_u110046 -actimeleft
 output : 604226

 error: 
 retcode : 0
DEBUG 2021-10-28 05:44:25.175 UTC: 	 Proxy lifetime 604228 secs is different from voms extension lifetime 604226 secs for proxy: /tmp/x509up_u110046
DEBUG 2021-10-28 05:44:25.175 UTC: 	 Proxy valid for 167:50:26 hours
DEBUG 2021-10-28 05:44:25.291 UTC: 	 Registering user credentials for server /DC=ch/DC=cern/OU=computers/CN=crab-(preprod|prod|dev)-tw(02|01).cern.ch|/DC=ch/DC=cern/OU=computers/CN=stefanov(m|m2).cern.ch
DEBUG 2021-10-28 05:44:25.902 UTC: 	 Executing : 
 command : voms-proxy-info -file /tmp/x509up_u110046 -identity
 output : /DC=ch/DC=cern/OU=Organic Units/OU=Users/CN=yian/CN=826694/CN=Ying An

 error: 
 retcode : 0
DEBUG 2021-10-28 05:44:25.908 UTC: 	 Getting myproxy life time left for myproxy.cern.ch
DEBUG 2021-10-28 05:44:25.908 UTC: 	 using b52ac606a6f7097e9b4b8f05a3a67cc69f8f291b as credential login name
DEBUG 2021-10-28 05:44:26.312 UTC: 	 Executing : 
 command : myproxy-info -l b52ac606a6f7097e9b4b8f05a3a67cc69f8f291b -s myproxy.cern.ch
 output : username: b52ac606a6f7097e9b4b8f05a3a67cc69f8f291b
owner: /DC=ch/DC=cern/OU=Organic Units/OU=Users/CN=yian/CN=826694/CN=Ying An
  renewal policy: /DC=ch/DC=cern/OU=computers/CN=crab-(preprod|prod|dev)-tw(02|01).cern.ch|/DC=ch/DC=cern/OU=computers/CN=stefanov(m|m2).cern.ch
  trusted retrieval policy: /DC=ch/DC=cern/OU=computers/CN=crab-(preprod|prod|dev)-tw(02|01).cern.ch|/DC=ch/DC=cern/OU=computers/CN=stefanov(m|m2).cern.ch
  timeleft: 702:43:55  (29.3 days)

 error: 
 retcode : 0
DEBUG 2021-10-28 05:44:26.313 UTC: 	 Myproxy is valid: 2529835
DEBUG 2021-10-28 05:44:26.313 UTC: 	 Retrieving username ...
DEBUG 2021-10-28 05:44:26.313 UTC: 	 Retrieving username from CRIC...
DEBUG 2021-10-28 05:44:27.071 UTC: 	 username is yian
DEBUG 2021-10-28 05:44:27.077 UTC: 	 Getting myproxy life time left for myproxy.cern.ch
DEBUG 2021-10-28 05:44:27.078 UTC: 	 using yian_CRAB as credential login name
DEBUG 2021-10-28 05:44:27.382 UTC: 	 Executing : 
 command : myproxy-info -l yian_CRAB -s myproxy.cern.ch
 output : username: yian_CRAB
owner: /DC=ch/DC=cern/OU=Organic Units/OU=Users/CN=yian/CN=826694/CN=Ying An
  renewal policy: /DC=ch/DC=cern/OU=computers/CN=crab-(preprod|prod|dev)-tw(02|01).cern.ch|/DC=ch/DC=cern/OU=computers/CN=stefanov(m|m2).cern.ch
  trusted retrieval policy: /DC=ch/DC=cern/OU=computers/CN=crab-(preprod|prod|dev)-tw(02|01).cern.ch|/DC=ch/DC=cern/OU=computers/CN=stefanov(m|m2).cern.ch
  timeleft: 702:44:01  (29.3 days)

 error: 
 retcode : 0
DEBUG 2021-10-28 05:44:27.382 UTC: 	 Myproxy is valid: 2529841
DEBUG 2021-10-28 05:44:27.383 UTC: 	 Result of myproxy credential check:
  Credential exists on myproxy: username: b52ac606a6f7097e9b4b8f05a3a67cc69f8f291b  - validity: 29 days, 6:43:55
  Credential exists on myproxy: username: yian_CRAB  - validity: 29 days, 6:44:01
DEBUG 2021-10-28 05:44:27.384 UTC: 	 Command use: status
DEBUG 2021-10-28 05:44:27.384 UTC: 	 Options use: ['-d', 'crab2018/crab_GluGluHToWWTo2L2Nu_M125_TuneCP5_13TeV_powheg2_JHUGenV714_pythia8_2018/']
DEBUG 2021-10-28 05:44:27.434 UTC: 	 CRABClient version: v3.210825
DEBUG 2021-10-28 05:44:27.434 UTC: 	 Instance is prod
DEBUG 2021-10-28 05:44:27.434 UTC: 	 Server base url is cmsweb.cern.ch
DEBUG 2021-10-28 05:44:27.434 UTC: 	 Command api workflow
DEBUG 2021-10-28 05:44:27.515 UTC: 	 Got information from server oracle database: {u'result': [u'211027_123953:yian_crab_GluGluHToWWTo2L2Nu_M125_TuneCP5_13TeV_powheg2_JHUGenV714_pythia8_2018', u'None', u'None', u'SUBMITTED', u'SUBMIT', u'2021-10-27 12:39:53.290109', u'None', u'2021-10-27 12:40:42.831401', u'None', u'CMSSW_10_6_20', u'slc7_amd64_gcc820', u'/GluGluHToWWTo2L2Nu_M125_TuneCP5_13TeV_powheg2_JHUGenV714_pythia8/RunIISummer20UL18NanoAODv9-106X_upgrade2018_realistic_v16_L1v1-v2/NANOAODSIM', u'T', u'0', u"[u'T2_US_UCSD', u'T2_US_Wisconsin', u'T2_US_MIT', u'T2_US_Caltech', u'T2_US_Purdue', u'T2_US_Nebraska']", u'[]', u'FileBased', u"{'splitOnRun': False, 'halt_job_on_file_boundaries': False, 'files_per_job': 1, 'runs': [], 'lumis': []}", u'fdc83b2f21d57261f5cf7acac4a7690fc02d3211127c48eff5fc0f767be70918.tar.gz', u'https://cmsweb.cern.ch/S3/crabcache_prod', u'yian', u'/DC=ch/DC=cern/OU=Organic Units/OU=Users/CN=yian/CN=826694/CN=Ying An', u'cms', u'None', u'None', u'GluGluHToWWTo2L2Nu_M125_TuneCP5_13TeV_powheg2_JHUGenV714_pythia8_2018-00000000000000000000000000000000', u'F', u'T3_CH_CERNBOX', u'https://cmsweb.cern.ch/dbs/prod/global/DBSReader', u'https://cmsweb.cern.ch/dbs/prod/phys03/DBSWriter', u'F', u'[]', u'[]', u"[b'tree.root']", u'Analysis', u'pythia', u'None', u'{}', u'[]', u'F', u'crab-prod-tw01', u'[]', u'1250', u'1', u'2000', u'10', u"['/GluGluHToWWTo2L2Nu_M125_TuneCP5_13TeV_powheg2_JHUGenV714_pythia8/yian-GluGluHToWWTo2L2Nu_M125_TuneCP5_13TeV_powheg2_JHUGenV714_pythia8_2018-1ea93bf7cfbb24e247bd0f4bd1955225/USER']", u'[]', u'http://vocms0120.cern.ch/mon/cms1407/211027_123953:yian_crab_GluGluHToWWTo2L2Nu_M125_TuneCP5_13TeV_powheg2_JHUGenV714_pythia8_2018', u'WWG_crab_script.sh', u"[b'isdata=MC', b'year=2018', b'era=A']", u'[]', u'https://cmsweb.cern.ch/crabserver/prod', u'cmsgwms-collector-global.cern.ch:9620,cmsgwms-collector-global.fnal.gov:9620', u'crab3@vocms0120.cern.ch', u'F', u'[]', u'T', u'/store/user/yian/', u'T', u'None', u'F', u'None', u'GluGluHToWWTo2L2Nu_M125_TuneCP5_13TeV_powheg2_JHUGenV714_pythia8', u'None', u'4c9c2360bae370cb354db013f9d79612396e96f8835b484eab840a542e18d018.tar.gz', u'72554897', u'filetransfers', u'F', u'188.184.97.219', u'0.0', u'None'], u'desc': {u'columns': [u'tm_taskname', u'tm_activity', u'panda_jobset_id', u'tm_task_status', u'tm_task_command', u'tm_start_time', u'tm_start_injection', u'tm_end_injection', u'tm_task_failure', u'tm_job_sw', u'tm_job_arch', u'tm_input_dataset', u'tm_nonvalid_input_dataset', u'tm_use_parent', u'tm_site_whitelist', u'tm_site_blacklist', u'tm_split_algo', u'tm_split_args', u'tm_user_sandbox', u'tm_cache_url', u'tm_username', u'tm_user_dn', u'tm_user_vo', u'tm_user_role', u'tm_user_group', u'tm_publish_name', u'tm_publish_groupname', u'tm_asyncdest', u'tm_dbs_url', u'tm_publish_dbs_url', u'tm_publication', u'tm_outfiles', u'tm_tfile_outfiles', u'tm_edm_outfiles', u'tm_job_type', u'tm_generator', u'tm_events_per_lumi', u'tm_arguments', u'panda_resubmitted_jobs', u'tm_save_logs', u'tw_name', u'tm_user_infiles', u'tm_maxjobruntime', u'tm_numcores', u'tm_maxmemory', u'tm_priority', u'tm_output_dataset', u'tm_task_warnings', u'tm_user_webdir', u'tm_scriptexe', u'tm_scriptargs', u'tm_extrajdl', u'tm_asourl', u'tm_collector', u'tm_schedd', u'tm_dry_run', u'tm_user_files', u'tm_transfer_outputs', u'tm_output_lfn', u'tm_ignore_locality', u'tm_fail_limit', u'tm_one_event_mode', u'tm_secondary_input_dataset', u'tm_primary_dataset', u'tm_last_publication', u'tm_debug_files', u'clusterid', u'tm_asodb', u'tm_ignore_global_blacklist', u'tm_submitter_ip_addr', u'tm_totalunits', u'tm_ddm_reqid']}}
INFO 2021-10-28 05:44:27.515 UTC: 	 CRAB project directory:		/afs/cern.ch/work/y/yian/work/GZ/CMSSW_10_6_20/src/PhysicsTools/NanoAODTools/WWG/2018/crab/crab2018/crab_GluGluHToWWTo2L2Nu_M125_TuneCP5_13TeV_powheg2_JHUGenV714_pythia8_2018
INFO 2021-10-28 05:44:27.515 UTC: 	 Task name:			211027_123953:yian_crab_GluGluHToWWTo2L2Nu_M125_TuneCP5_13TeV_powheg2_JHUGenV714_pythia8_2018
INFO 2021-10-28 05:44:27.515 UTC: 	 Grid scheduler - Task Worker:	crab3@vocms0120.cern.ch - crab-prod-tw01
INFO 2021-10-28 05:44:27.515 UTC: 	 Status on the CRAB server:	SUBMITTED
INFO 2021-10-28 05:44:27.516 UTC: 	 Task URL to use for HELP:	https://cmsweb.cern.ch/crabserver/ui/task/211027_123953%3Ayian_crab_GluGluHToWWTo2L2Nu_M125_TuneCP5_13TeV_powheg2_JHUGenV714_pythia8_2018
INFO 2021-10-28 05:44:27.521 UTC: 	 Dashboard monitoring URL:	https://monit-grafana.cern.ch/d/cmsTMDetail/cms-task-monitoring-task-view?orgId=11&var-user=yian&var-task=211027_123953%3Ayian_crab_GluGluHToWWTo2L2Nu_M125_TuneCP5_13TeV_powheg2_JHUGenV714_pythia8_2018&from=1635334793000&to=now
DEBUG 2021-10-28 05:44:27.521 UTC: 	 The CRAB server submitted your task to the Grid scheduler (cluster ID: 72554897)
DEBUG 2021-10-28 05:44:27.521 UTC: 	 Webdir is located at http://vocms0120.cern.ch/mon/cms1407/211027_123953:yian_crab_GluGluHToWWTo2L2Nu_M125_TuneCP5_13TeV_powheg2_JHUGenV714_pythia8_2018
DEBUG 2021-10-28 05:44:27.586 UTC: 	 Proxied webdir is located at https://cmsweb.cern.ch:8443/scheddmon/0120/cms1407/211027_123953:yian_crab_GluGluHToWWTo2L2Nu_M125_TuneCP5_13TeV_powheg2_JHUGenV714_pythia8_2018
DEBUG 2021-10-28 05:44:27.587 UTC: 	 Retrieving 'status_cache' file from https://cmsweb.cern.ch:8443/scheddmon/0120/cms1407/211027_123953:yian_crab_GluGluHToWWTo2L2Nu_M125_TuneCP5_13TeV_powheg2_JHUGenV714_pythia8_2018/status_cache
DEBUG 2021-10-28 05:44:27.825 UTC: 	 Got information from status cache file: {'11': {'Retries': 0, 'WallDurations': [9.0, 190.29740595817566, 39440.0], 'StartTimes': [1635338919.0], 'SubmitTimes': [1635338456.0], 'JobIds': ['72554912.0'], 'EndTimes': [1635378359.0], 'Restarts': 0, 'RecordedSite': True, 'State': 'finished', 'ResidentSetSize': [1104668], 'TotalUserCpuTimeHistory': [4520], 'SiteHistory': ['Unknown', 'T2_US_Caltech', 'T2_US_Caltech'], 'TotalSysCpuTimeHistory': [224]}, '10': {'Retries': 0, 'WallDurations': [10.0, 188.29740595817566, 34693.0], 'StartTimes': [1635338921.0], 'SubmitTimes': [1635338456.0], 'JobIds': ['72554911.0'], 'EndTimes': [1635373614.0], 'Restarts': 0, 'RecordedSite': True, 'State': 'finished', 'ResidentSetSize': [1020344], 'TotalUserCpuTimeHistory': [8426], 'SiteHistory': ['Unknown', 'T2_US_Nebraska', 'T2_US_Nebraska'], 'TotalSysCpuTimeHistory': [451]}, '13': {'Retries': 0, 'WallDurations': [8.0, 191.29740595817566, 33438.0], 'StartTimes': [1635338918.0], 'SubmitTimes': [1635338457.0], 'JobIds': ['72554914.0'], 'EndTimes': [1635372356.0], 'Restarts': 0, 'RecordedSite': True, 'State': 'finished', 'ResidentSetSize': [1032044], 'TotalUserCpuTimeHistory': [7052], 'SiteHistory': ['Unknown', 'T2_US_Purdue', 'T2_US_Purdue'], 'TotalSysCpuTimeHistory': [384]}, '12': {'Retries': 0, 'WallDurations': [9.0, 183.29740595817566, 23009.0, 0, 24163.0], 'StartTimes': [1635338926.0, 1635362505.0], 'SubmitTimes': [1635338456.0, -1], 'JobIds': ['72554913.0', '72554913.0'], 'EndTimes': [1635361935.0, 1635386668.0], 'Restarts': 1, 'RecordedSite': True, 'State': 'finished', 'ResidentSetSize': [926624, 1002120], 'TotalUserCpuTimeHistory': [3268.0, 6823], 'SiteHistory': ['Unknown', 'T2_US_Caltech', 'T2_US_Caltech', 'Unknown', 'T2_US_Nebraska'], 'TotalSysCpuTimeHistory': [154.0, 372]}, '1': {'Retries': 0, 'WallDurations': [9.0, 194.29740595817566, 9881.0], 'StartTimes': [1635338915.0], 'SubmitTimes': [1635338450.0], 'JobIds': ['72554903.0'], 'EndTimes': [1635348796.0], 'Restarts': 0, 'RecordedSite': True, 'State': 'finished', 'ResidentSetSize': [814032], 'TotalUserCpuTimeHistory': [1941], 'SiteHistory': ['Unknown', 'T2_US_Purdue', 'T2_US_Purdue'], 'TotalSysCpuTimeHistory': [93]}, '3': {'Retries': 0, 'WallDurations': [10.0, 25.29740595817566, 13145.0], 'StartTimes': [1635339084.0], 'SubmitTimes': [1635338448.0], 'JobIds': ['72554900.0'], 'EndTimes': [1635352229.0], 'Restarts': 0, 'RecordedSite': True, 'State': 'finished', 'ResidentSetSize': [892956], 'TotalUserCpuTimeHistory': [1525], 'SiteHistory': ['Unknown', 'T2_US_Caltech', 'T2_US_Caltech'], 'TotalSysCpuTimeHistory': [72]}, '2': {'Retries': 0, 'WallDurations': [8.0, 198.29740595817566, 29851.0], 'StartTimes': [1635338911.0], 'SubmitTimes': [1635338449.0], 'JobIds': ['72554902.0'], 'EndTimes': [1635368762.0], 'Restarts': 0, 'RecordedSite': True, 'State': 'finished', 'ResidentSetSize': [1032652], 'TotalUserCpuTimeHistory': [4323], 'SiteHistory': ['Unknown', 'T2_US_Purdue', 'T2_US_Purdue'], 'TotalSysCpuTimeHistory': [265]}, '5': {'Retries': 0, 'WallDurations': [8.0, 199.29740595817566, 25453.0], 'StartTimes': [1635338910.0], 'SubmitTimes': [1635338450.0], 'JobIds': ['72554905.0'], 'EndTimes': [1635364363.0], 'Restarts': 0, 'RecordedSite': True, 'State': 'finished', 'ResidentSetSize': [1034148], 'TotalUserCpuTimeHistory': [4886], 'SiteHistory': ['Unknown', 'T2_US_Purdue', 'T2_US_Purdue'], 'TotalSysCpuTimeHistory': [375]}, '4': {'Retries': 0, 'WallDurations': [8.0, 122.29740595817566, 33777.0], 'StartTimes': [1635338987.0], 'SubmitTimes': [1635338450.0], 'JobIds': ['72554904.0'], 'EndTimes': [1635372764.0], 'Restarts': 0, 'RecordedSite': True, 'State': 'finished', 'ResidentSetSize': [1098680], 'TotalUserCpuTimeHistory': [6018], 'SiteHistory': ['Unknown', 'T2_US_Caltech', 'T2_US_Caltech'], 'TotalSysCpuTimeHistory': [309]}, '7': {'Retries': 0, 'WallDurations': [8.0, 200.29740595817566, 22646.0, 0, 31972.0], 'StartTimes': [1635338909.0, 1635361967.0], 'SubmitTimes': [1635338451.0, -1], 'JobIds': ['72554907.0', '72554907.0'], 'EndTimes': [1635361555.0, 1635393939.0], 'Restarts': 1, 'RecordedSite': True, 'State': 'finished', 'ResidentSetSize': [858448, 1047820], 'TotalUserCpuTimeHistory': [4975.0, 14764], 'SiteHistory': ['Unknown', 'T2_US_MIT', 'T2_US_MIT', 'Unknown', 'T2_US_Nebraska'], 'TotalSysCpuTimeHistory': [432.0, 920]}, '6': {'Retries': 0, 'WallDurations': [9.0, 204.29740595817566, 8559.0, 0, 46334.0], 'StartTimes': [1635338905.0, 1635347824.0], 'SubmitTimes': [1635338451.0, -1], 'JobIds': ['72554906.0', '72554906.0'], 'EndTimes': [1635347464.0, 1635394158.0], 'Restarts': 1, 'RecordedSite': True, 'State': 'finished', 'ResidentSetSize': [885260, 1076772], 'TotalUserCpuTimeHistory': [1035.0, 10605], 'SiteHistory': ['Unknown', 'T2_US_Purdue', 'T2_US_Purdue', 'Unknown', 'T2_US_Wisconsin'], 'TotalSysCpuTimeHistory': [76.0, 594]}, '9': {'Retries': 0, 'WallDurations': [9.0, 183.29740595817566, 38508.0], 'StartTimes': [1635338926.0], 'SubmitTimes': [1635338456.0], 'JobIds': ['72554910.0'], 'EndTimes': [1635377434.0], 'Restarts': 0, 'RecordedSite': True, 'State': 'finished', 'ResidentSetSize': [1026412], 'TotalUserCpuTimeHistory': [4528], 'SiteHistory': ['Unknown', 'T2_US_Caltech', 'T2_US_Caltech'], 'TotalSysCpuTimeHistory': [242]}, '8': {'Retries': 0, 'WallDurations': [10.0, 196.29740595817566, 11846.0], 'StartTimes': [1635338913.0], 'SubmitTimes': [1635338451.0], 'JobIds': ['72554908.0'], 'EndTimes': [1635350759.0], 'Restarts': 0, 'RecordedSite': True, 'State': 'finished', 'ResidentSetSize': [974840], 'TotalUserCpuTimeHistory': [2307], 'SiteHistory': ['Unknown', 'T2_US_Nebraska', 'T2_US_Nebraska'], 'TotalSysCpuTimeHistory': [141]}}
INFO 2021-10-28 05:44:27.825 UTC: 	 Status on the scheduler:	COMPLETED
INFO 2021-10-28 05:44:27.826 UTC: 	 
Jobs status:                    finished     		100.0% (13/13)
INFO 2021-10-28 05:44:27.826 UTC: 	 
No publication information (publication has been disabled in the CRAB configuration file)
INFO 2021-10-28 05:44:27.826 UTC: 	 
Warning: the average jobs CPU efficiency is less than 50%, please consider to improve the jobs splitting (e.g. config.Data.splitting = 'Automatic') in a new task
INFO 2021-10-28 05:44:27.826 UTC: 	 
Summary of run jobs:
 * Memory: 794MB min, 1078MB max, 988MB ave
 * Runtime: 2:44:41 min, 12:52:14 max, 7:57:33 ave
 * CPU eff: 12% min, 49% max, 22% ave
 * Waste: 15:43:25 (13% of total)

INFO 2021-10-28 05:44:27.833 UTC: 	 Log file is /afs/cern.ch/work/y/yian/work/GZ/CMSSW_10_6_20/src/PhysicsTools/NanoAODTools/WWG/2018/crab/crab2018/crab_GluGluHToWWTo2L2Nu_M125_TuneCP5_13TeV_powheg2_JHUGenV714_pythia8_2018/crab.log
