DEBUG 2021-11-23 16:22:54.810 UTC: 	 CRAB Client version: v3.210825
DEBUG 2021-11-23 16:22:54.810 UTC: 	 Running on: Linux lxplus772.cern.ch 3.10.0-1160.45.1.el7.x86_64 #1 SMP Wed Oct 13 17:20:51 UTC 2021 x86_64 x86_64 x86_64 GNU/Linux - CentOS Linux 7 (Core)
DEBUG 2021-11-23 16:22:54.810 UTC: 	 Executing command: 'submit'
DEBUG 2021-11-23 16:22:54.831 UTC: 	 Found CRAB cache file /afs/cern.ch/user/y/yian/.crab3
INFO 2021-11-23 16:22:54.833 UTC: 	 Will use CRAB configuration file crabcode_2017/ZGToLLG_01J_5f_TuneCP5_13TeV-amcatnloFXFX-pythia8_2017_cfg.py
DEBUG 2021-11-23 16:22:54.833 UTC: 	 Loading CRAB configuration file.
DEBUG 2021-11-23 16:22:54.994 UTC: 	 Will use CRAB Analysis plugin (i.e. will run an analysis job type).
DEBUG 2021-11-23 16:22:55.168 UTC: 	 Checking credentials
DEBUG 2021-11-23 16:22:55.169 UTC: 	 Found proxy file /tmp/x509up_u110046
DEBUG 2021-11-23 16:22:55.169 UTC: 	 Getting proxy life time left
DEBUG 2021-11-23 16:22:57.009 UTC: 	 Executing : 
 command : voms-proxy-info -file /tmp/x509up_u110046 -timeleft
 output : 603427

 error: 
 retcode : 0
DEBUG 2021-11-23 16:22:58.632 UTC: 	 Executing : 
 command : voms-proxy-info -file /tmp/x509up_u110046 -actimeleft
 output : 603425

 error: 
 retcode : 0
DEBUG 2021-11-23 16:22:58.633 UTC: 	 Proxy lifetime 603427 secs is different from voms extension lifetime 603425 secs for proxy: /tmp/x509up_u110046
DEBUG 2021-11-23 16:22:58.633 UTC: 	 Proxy valid for 167:37:05 hours
DEBUG 2021-11-23 16:23:00.527 UTC: 	 Executing : 
 command : env X509_USER_PROXY=/tmp/x509up_u110046 voms-proxy-info -fqan
 output : /cms/Role=NULL/Capability=NULL

 error: 
 retcode : 0
DEBUG 2021-11-23 16:23:00.647 UTC: 	 Registering user credentials for server /DC=ch/DC=cern/OU=computers/CN=crab-(preprod|prod|dev)-tw(02|01).cern.ch|/DC=ch/DC=cern/OU=computers/CN=stefanov(m|m2).cern.ch|/DC=ch/DC=cern/OU=computers/CN=dciangot-tw.cern.ch
DEBUG 2021-11-23 16:23:02.320 UTC: 	 Executing : 
 command : voms-proxy-info -file /tmp/x509up_u110046 -identity
 output : /DC=ch/DC=cern/OU=Organic Units/OU=Users/CN=yian/CN=826694/CN=Ying An

 error: 
 retcode : 0
DEBUG 2021-11-23 16:23:02.361 UTC: 	 Getting myproxy life time left for myproxy.cern.ch
DEBUG 2021-11-23 16:23:02.361 UTC: 	 using b52ac606a6f7097e9b4b8f05a3a67cc69f8f291b as credential login name
DEBUG 2021-11-23 16:23:03.284 UTC: 	 Executing : 
 command : myproxy-info -l b52ac606a6f7097e9b4b8f05a3a67cc69f8f291b -s myproxy.cern.ch
 output : username: b52ac606a6f7097e9b4b8f05a3a67cc69f8f291b
owner: /DC=ch/DC=cern/OU=Organic Units/OU=Users/CN=yian/CN=826694/CN=Ying An
  renewal policy: /DC=ch/DC=cern/OU=computers/CN=crab-(preprod|prod|dev)-tw(02|01).cern.ch|/DC=ch/DC=cern/OU=computers/CN=stefanov(m|m2).cern.ch|/DC=ch/DC=cern/OU=computers/CN=dciangot-tw.cern.ch
  trusted retrieval policy: /DC=ch/DC=cern/OU=computers/CN=crab-(preprod|prod|dev)-tw(02|01).cern.ch|/DC=ch/DC=cern/OU=computers/CN=stefanov(m|m2).cern.ch|/DC=ch/DC=cern/OU=computers/CN=dciangot-tw.cern.ch
  timeleft: 712:33:35  (29.7 days)

 error: 
 retcode : 0
DEBUG 2021-11-23 16:23:03.285 UTC: 	 Myproxy is valid: 2565215
DEBUG 2021-11-23 16:23:03.285 UTC: 	 Retrieving username ...
DEBUG 2021-11-23 16:23:03.286 UTC: 	 Retrieving username from CRIC...
DEBUG 2021-11-23 16:23:04.447 UTC: 	 username is yian
DEBUG 2021-11-23 16:23:04.457 UTC: 	 Getting myproxy life time left for myproxy.cern.ch
DEBUG 2021-11-23 16:23:04.458 UTC: 	 using yian_CRAB as credential login name
DEBUG 2021-11-23 16:23:04.874 UTC: 	 Executing : 
 command : myproxy-info -l yian_CRAB -s myproxy.cern.ch
 output : username: yian_CRAB
owner: /DC=ch/DC=cern/OU=Organic Units/OU=Users/CN=yian/CN=826694/CN=Ying An
  renewal policy: /DC=ch/DC=cern/OU=computers/CN=crab-(preprod|prod|dev)-tw(02|01).cern.ch|/DC=ch/DC=cern/OU=computers/CN=stefanov(m|m2).cern.ch|/DC=ch/DC=cern/OU=computers/CN=dciangot-tw.cern.ch
  trusted retrieval policy: /DC=ch/DC=cern/OU=computers/CN=crab-(preprod|prod|dev)-tw(02|01).cern.ch|/DC=ch/DC=cern/OU=computers/CN=stefanov(m|m2).cern.ch|/DC=ch/DC=cern/OU=computers/CN=dciangot-tw.cern.ch
  timeleft: 712:32:27  (29.7 days)

 error: 
 retcode : 0
DEBUG 2021-11-23 16:23:04.875 UTC: 	 Myproxy is valid: 2565147
DEBUG 2021-11-23 16:23:04.875 UTC: 	 Result of myproxy credential check:
  Credential exists on myproxy: username: b52ac606a6f7097e9b4b8f05a3a67cc69f8f291b  - validity: 29 days, 16:33:35
  Credential exists on myproxy: username: yian_CRAB  - validity: 29 days, 16:32:27
DEBUG 2021-11-23 16:23:04.875 UTC: 	 Command use: submit
DEBUG 2021-11-23 16:23:04.875 UTC: 	 Options use: ['-c', 'crabcode_2017/ZGToLLG_01J_5f_TuneCP5_13TeV-amcatnloFXFX-pythia8_2017_cfg.py']
DEBUG 2021-11-23 16:23:05.007 UTC: 	 CRABClient version: v3.210825
DEBUG 2021-11-23 16:23:05.007 UTC: 	 Instance is prod
DEBUG 2021-11-23 16:23:05.007 UTC: 	 Server base url is cmsweb.cern.ch
DEBUG 2021-11-23 16:23:05.007 UTC: 	 Command api workflow
DEBUG 2021-11-23 16:23:05.007 UTC: 	 Started submission
DEBUG 2021-11-23 16:23:05.007 UTC: 	 Working on /afs/cern.ch/work/y/yian/work/GZ/CMSSW_10_6_20/src/PhysicsTools/NanoAODTools/WWG/2017/crab/crab2017/crab_ZGToLLG_01J_5f_TuneCP5_13TeV-amcatnloFXFX-pythia8_2017
DEBUG 2021-11-23 16:23:06.237 UTC: 	 Loading required information from the environment
DEBUG 2021-11-23 16:23:06.237 UTC: 	 Found CMSSW_10_6_20 for slc7_amd64_gcc820 with base /afs/cern.ch/work/y/yian/work/GZ/CMSSW_10_6_20
DEBUG 2021-11-23 16:23:06.237 UTC: 	 Loading required information from the environment
DEBUG 2021-11-23 16:23:06.238 UTC: 	 Found CMSSW_10_6_20 for slc7_amd64_gcc820 with base /afs/cern.ch/work/y/yian/work/GZ/CMSSW_10_6_20
DEBUG 2021-11-23 16:23:06.238 UTC: 	 UNIQUE NAME: tarUUID 7ef35ff0-74e6-4ce9-9203-bc6b0278b7c5 
DEBUG 2021-11-23 16:23:06.238 UTC: 	 self.config: from WMCore.Configuration import Configuration
config = Configuration()
config.section_('General')
config.General.workArea = 'crab2017'
config.General.transferLogs = False
config.General.requestName = 'ZGToLLG_01J_5f_TuneCP5_13TeV-amcatnloFXFX-pythia8_2017'
config.section_('JobType')
config.JobType.scriptArgs = ['isdata=MC', 'year=2017', 'era=B']
config.JobType.scriptExe = './WWG_crab_script.sh'
config.JobType.pluginName = 'Analysis'
config.JobType.sendPythonFolder = True
config.JobType.allowUndistributedCMSSW = True
config.JobType.psetName = 'PSet.py'
config.JobType.inputFiles = ['../../../scripts/haddnano.py', '../WWG_selector/WWG_postproc.py', '../WWG_selector/WWG_Module.py', '../WWG_selector/WWG_keep_and_drop.txt', '../WWG_selector/WWG_output_branch.txt', '../WWG_selector/DAS_filesearch.py']
config.section_('Data')
config.Data.inputDataset = '/ZGToLLG_01J_5f_TuneCP5_13TeV-amcatnloFXFX-pythia8/RunIISummer20UL17NanoAODv9-106X_mc2017_realistic_v9-v1/NANOAODSIM'
config.Data.allowNonValidInputDataset = True
config.Data.publication = False
config.Data.unitsPerJob = 1
config.Data.ignoreLocality = True
config.Data.inputDBS = 'global'
config.Data.splitting = 'FileBased'
config.Data.outputDatasetTag = 'ZGToLLG_01J_5f_TuneCP5_13TeV-amcatnloFXFX-pythia8_2017'
config.section_('Site')
config.Site.whitelist = ['T2_US_MIT', 'T2_US_Wisconsin', 'T2_US_Purdue', 'T2_US_UCSD', 'T2_US_Caltech', 'T2_US_Nebraska']
config.Site.storageSite = 'T2_CH_CERN'

DEBUG 2021-11-23 16:23:06.238 UTC: 	 self.config.JobType.psetName: PSet.py
INFO 2021-11-23 16:23:06.238 UTC: 	 Importing CMSSW configuration PSet.py
INFO 2021-11-23 16:23:17.070 UTC: 	 Finished importing CMSSW configuration PSet.py
DEBUG 2021-11-23 16:23:17.070 UTC: 	 Writing CMSSW configuration to /afs/cern.ch/work/y/yian/work/GZ/CMSSW_10_6_20/src/PhysicsTools/NanoAODTools/WWG/2017/crab/crab2017/crab_ZGToLLG_01J_5f_TuneCP5_13TeV-amcatnloFXFX-pythia8_2017/inputs/PSet.py
DEBUG 2021-11-23 16:23:17.145 UTC: 	 The following EDM output files will be collected: ['tree.root']
DEBUG 2021-11-23 16:23:17.145 UTC: 	 The following TFile output files will be collected: []
DEBUG 2021-11-23 16:23:17.145 UTC: 	 The following user output files (not listed as PoolOuputModule or TFileService in the CMSSW PSet) will be collected: 
DEBUG 2021-11-23 16:23:17.145 UTC: 	 Loading required information from the environment
DEBUG 2021-11-23 16:23:17.145 UTC: 	 Found CMSSW_10_6_20 for slc7_amd64_gcc820 with base /afs/cern.ch/work/y/yian/work/GZ/CMSSW_10_6_20
DEBUG 2021-11-23 16:23:17.145 UTC: 	 Making tarball in /afs/cern.ch/work/y/yian/work/GZ/CMSSW_10_6_20/src/PhysicsTools/NanoAODTools/WWG/2017/crab/crab2017/crab_ZGToLLG_01J_5f_TuneCP5_13TeV-amcatnloFXFX-pythia8_2017/inputs/7ef35ff0-74e6-4ce9-9203-bc6b0278b7c5default.tgz
DEBUG 2021-11-23 16:23:17.156 UTC: 	 Checking directory /afs/cern.ch/work/y/yian/work/GZ/CMSSW_10_6_20/lib
DEBUG 2021-11-23 16:23:17.156 UTC: 	 Adding directory /afs/cern.ch/work/y/yian/work/GZ/CMSSW_10_6_20/lib to tarball
DEBUG 2021-11-23 16:23:17.350 UTC: 	 Checking directory /afs/cern.ch/work/y/yian/work/GZ/CMSSW_10_6_20/biglib
DEBUG 2021-11-23 16:23:17.350 UTC: 	 Adding directory /afs/cern.ch/work/y/yian/work/GZ/CMSSW_10_6_20/biglib to tarball
DEBUG 2021-11-23 16:23:17.351 UTC: 	 Checking directory /afs/cern.ch/work/y/yian/work/GZ/CMSSW_10_6_20/module
DEBUG 2021-11-23 16:23:17.351 UTC: 	 Checking directory /afs/cern.ch/work/y/yian/work/GZ/CMSSW_10_6_20/python
DEBUG 2021-11-23 16:23:17.351 UTC: 	 Adding directory /afs/cern.ch/work/y/yian/work/GZ/CMSSW_10_6_20/python to tarball
DEBUG 2021-11-23 16:23:20.649 UTC: 	 Checking directory /afs/cern.ch/work/y/yian/work/GZ/CMSSW_10_6_20/cfipython
DEBUG 2021-11-23 16:23:20.649 UTC: 	 Adding directory /afs/cern.ch/work/y/yian/work/GZ/CMSSW_10_6_20/cfipython to tarball
DEBUG 2021-11-23 16:23:28.844 UTC: 	 Adding data directory /afs/cern.ch/work/y/yian/work/GZ/CMSSW_10_6_20/src/PhysicsTools/NanoAODTools/data to tarball
DEBUG 2021-11-23 16:23:50.957 UTC: 	 Adding data directory /afs/cern.ch/work/y/yian/work/GZ/CMSSW_10_6_20/src/PhysicsTools/NanoAODTools/interface to tarball
DEBUG 2021-11-23 16:23:50.979 UTC: 	 Adding data directory /afs/cern.ch/work/y/yian/work/GZ/CMSSW_10_6_20/src/PhysicsTools/NanoAODTools/python/postprocessing/data to tarball
DEBUG 2021-11-23 16:23:53.842 UTC: 	 Adding file ../../../scripts/haddnano.py to tarball
DEBUG 2021-11-23 16:23:53.843 UTC: 	 Adding file ../WWG_selector/WWG_postproc.py to tarball
DEBUG 2021-11-23 16:23:53.844 UTC: 	 Adding file ../WWG_selector/WWG_Module.py to tarball
DEBUG 2021-11-23 16:23:53.844 UTC: 	 Adding file ../WWG_selector/WWG_keep_and_drop.txt to tarball
DEBUG 2021-11-23 16:23:53.845 UTC: 	 Adding file ../WWG_selector/WWG_output_branch.txt to tarball
DEBUG 2021-11-23 16:23:53.846 UTC: 	 Adding file ../WWG_selector/DAS_filesearch.py to tarball
DEBUG 2021-11-23 16:24:12.796 UTC: 	 Uploading archive /afs/cern.ch/work/y/yian/work/GZ/CMSSW_10_6_20/src/PhysicsTools/NanoAODTools/WWG/2017/crab/crab2017/crab_ZGToLLG_01J_5f_TuneCP5_13TeV-amcatnloFXFX-pythia8_2017/inputs/7ef35ff0-74e6-4ce9-9203-bc6b0278b7c5default.tgz (94 MB) to the CRAB cache. Using URI https://cmsweb.cern.ch/S3/crabcache_prod
DEBUG 2021-11-23 16:24:42.725 UTC: 	 sandbox 39bc3010d7ba2374684857ed42fc86481bae0161e7f8c7d93f5c25e342929c09.tar.gz is already in the S3 store, will not upload again
DEBUG 2021-11-23 16:24:42.725 UTC: 	 Loading required information from the environment
DEBUG 2021-11-23 16:24:42.725 UTC: 	 Found CMSSW_10_6_20 for slc7_amd64_gcc820 with base /afs/cern.ch/work/y/yian/work/GZ/CMSSW_10_6_20
DEBUG 2021-11-23 16:24:42.725 UTC: 	 Making tarball in /afs/cern.ch/work/y/yian/work/GZ/CMSSW_10_6_20/src/PhysicsTools/NanoAODTools/WWG/2017/crab/crab2017/crab_ZGToLLG_01J_5f_TuneCP5_13TeV-amcatnloFXFX-pythia8_2017/inputs/debugFiles.tgz
DEBUG 2021-11-23 16:24:43.122 UTC: 	 Uploading archive /afs/cern.ch/work/y/yian/work/GZ/CMSSW_10_6_20/src/PhysicsTools/NanoAODTools/WWG/2017/crab/crab2017/crab_ZGToLLG_01J_5f_TuneCP5_13TeV-amcatnloFXFX-pythia8_2017/inputs/debugFiles.tgz (1 KB) to the CRAB cache. Using URI https://cmsweb.cern.ch/S3/crabcache_prod
DEBUG 2021-11-23 16:24:43.246 UTC: 	 sandbox 46bcbb9033e61f98830e5ae78637faa95e45b85d12a96bd0e997590bc6190849.tar.gz is already in the S3 store, will not upload again
DEBUG 2021-11-23 16:24:43.246 UTC: 	 Result uploading input files: 39bc3010d7ba2374684857ed42fc86481bae0161e7f8c7d93f5c25e342929c09.tar.gz 
INFO 2021-11-23 16:24:43.246 UTC: 	 Sending the request to the server at cmsweb.cern.ch
DEBUG 2021-11-23 16:24:43.246 UTC: 	 Submitting {'maxjobruntime': 1250, 'extrajdl': [], 'ignorelocality': 1, 'savelogsflag': 0, 'useparent': 0, 'scriptexe': 'WWG_crab_script.sh', 'asyncdest': 'T2_CH_CERN', 'algoargs': 1, 'cachefilename': '39bc3010d7ba2374684857ed42fc86481bae0161e7f8c7d93f5c25e342929c09.tar.gz', 'numcores': 1, 'addoutputfiles': [], 'generator': 'pythia', 'maxmemory': 2000, 'publishdbsurl': 'https://cmsweb.cern.ch/dbs/prod/phys03/DBSWriter', 'priority': 10, 'jobsw': 'CMSSW_10_6_20', 'edmoutfiles': ['tree.root'], 'userfiles': [], 'primarydataset': '', 'inputdata': '/ZGToLLG_01J_5f_TuneCP5_13TeV-amcatnloFXFX-pythia8/RunIISummer20UL17NanoAODv9-106X_mc2017_realistic_v9-v1/NANOAODSIM', 'dryrun': 0, 'workflow': 'crab_ZGToLLG_01J_5f_TuneCP5_13TeV-amcatnloFXFX-pythia8_2017', 'scriptargs': ['isdata=MC', 'year=2017', 'era=B'], 'sitewhitelist': ['T2_US_MIT', 'T2_US_Wisconsin', 'T2_US_Purdue', 'T2_US_UCSD', 'T2_US_Caltech', 'T2_US_Nebraska'], 'nonprodsw': 1, 'tfileoutfiles': [], 'oneEventMode': 0, 'debugfilename': '46bcbb9033e61f98830e5ae78637faa95e45b85d12a96bd0e997590bc6190849.tar.gz', 'cacheurl': u'https://cmsweb.cern.ch/S3/crabcache_prod', 'saveoutput': 1, 'publication': 0, 'jobarch': 'slc7_amd64_gcc820', 'totalunits': 0, 'splitalgo': 'FileBased', 'ignoreglobalblacklist': 0, 'nonvaliddata': 1, 'dbsurl': 'https://cmsweb.cern.ch/dbs/prod/global/DBSReader', 'publishgroupname': 0, 'jobtype': 'Analysis', 'publishname2': 'ZGToLLG_01J_5f_TuneCP5_13TeV-amcatnloFXFX-pythia8_2017'} 
DEBUG 2021-11-23 16:24:43.246 UTC: 	 Encoded submit request: maxjobruntime=1250&ignorelocality=1&savelogsflag=0&useparent=0&scriptexe=WWG_crab_script.sh&asyncdest=T2_CH_CERN&algoargs=1&cachefilename=39bc3010d7ba2374684857ed42fc86481bae0161e7f8c7d93f5c25e342929c09.tar.gz&numcores=1&generator=pythia&maxmemory=2000&publishdbsurl=https%3A%2F%2Fcmsweb.cern.ch%2Fdbs%2Fprod%2Fphys03%2FDBSWriter&priority=10&jobsw=CMSSW_10_6_20&primarydataset=&inputdata=%2FZGToLLG_01J_5f_TuneCP5_13TeV-amcatnloFXFX-pythia8%2FRunIISummer20UL17NanoAODv9-106X_mc2017_realistic_v9-v1%2FNANOAODSIM&dryrun=0&workflow=crab_ZGToLLG_01J_5f_TuneCP5_13TeV-amcatnloFXFX-pythia8_2017&nonprodsw=1&oneEventMode=0&debugfilename=46bcbb9033e61f98830e5ae78637faa95e45b85d12a96bd0e997590bc6190849.tar.gz&cacheurl=https%3A%2F%2Fcmsweb.cern.ch%2FS3%2Fcrabcache_prod&saveoutput=1&publication=0&jobarch=slc7_amd64_gcc820&totalunits=0&splitalgo=FileBased&ignoreglobalblacklist=0&nonvaliddata=1&dbsurl=https%3A%2F%2Fcmsweb.cern.ch%2Fdbs%2Fprod%2Fglobal%2FDBSReader&publishgroupname=0&jobtype=Analysis&publishname2=ZGToLLG_01J_5f_TuneCP5_13TeV-amcatnloFXFX-pythia8_2017&sitewhitelist=T2_US_MIT&sitewhitelist=T2_US_Wisconsin&sitewhitelist=T2_US_Purdue&sitewhitelist=T2_US_UCSD&sitewhitelist=T2_US_Caltech&sitewhitelist=T2_US_Nebraska&edmoutfiles=tree.root&scriptargs=isdata%3DMC&scriptargs=year%3D2017&scriptargs=era%3DB
DEBUG 2021-11-23 16:24:43.386 UTC: 	 Result: {u'result': [{u'RequestName': u'211123_162443:yian_crab_ZGToLLG_01J_5f_TuneCP5_13TeV-amcatnloFXFX-pythia8_2017'}]}
INFO 2021-11-23 16:24:44.803 UTC: 	 Success: Your task has been delivered to the prod CRAB3 server.
INFO 2021-11-23 16:24:44.804 UTC: 	 Task name: 211123_162443:yian_crab_ZGToLLG_01J_5f_TuneCP5_13TeV-amcatnloFXFX-pythia8_2017
INFO 2021-11-23 16:24:44.804 UTC: 	 Project dir: crab2017/crab_ZGToLLG_01J_5f_TuneCP5_13TeV-amcatnloFXFX-pythia8_2017
INFO 2021-11-23 16:24:44.804 UTC: 	 Please use ' crab status -d crab2017/crab_ZGToLLG_01J_5f_TuneCP5_13TeV-amcatnloFXFX-pythia8_2017 ' to check how the submission process proceeds.
DEBUG 2021-11-23 16:24:44.804 UTC: 	 About to return
INFO 2021-11-23 16:24:44.807 UTC: 	 Log file is /afs/cern.ch/work/y/yian/work/GZ/CMSSW_10_6_20/src/PhysicsTools/NanoAODTools/WWG/2017/crab/crab2017/crab_ZGToLLG_01J_5f_TuneCP5_13TeV-amcatnloFXFX-pythia8_2017/crab.log
DEBUG 2021-11-24 04:49:20.173 UTC: 	 CRAB Client version: v3.210825
DEBUG 2021-11-24 04:49:20.174 UTC: 	 Running on: Linux lxplus772.cern.ch 3.10.0-1160.45.1.el7.x86_64 #1 SMP Wed Oct 13 17:20:51 UTC 2021 x86_64 x86_64 x86_64 GNU/Linux - CentOS Linux 7 (Core)
DEBUG 2021-11-24 04:49:20.174 UTC: 	 Executing command: 'status'
DEBUG 2021-11-24 04:49:20.174 UTC: 	 Found CRAB cache file /afs/cern.ch/user/y/yian/.crab3
DEBUG 2021-11-24 04:49:20.313 UTC: 	 Checking credentials
DEBUG 2021-11-24 04:49:20.313 UTC: 	 Found proxy file /tmp/x509up_u110046
DEBUG 2021-11-24 04:49:20.313 UTC: 	 Getting proxy life time left
DEBUG 2021-11-24 04:49:21.019 UTC: 	 Executing : 
 command : voms-proxy-info -file /tmp/x509up_u110046 -timeleft
 output : 558642

 error: 
 retcode : 0
DEBUG 2021-11-24 04:49:21.839 UTC: 	 Executing : 
 command : voms-proxy-info -file /tmp/x509up_u110046 -actimeleft
 output : 558642

 error: 
 retcode : 0
DEBUG 2021-11-24 04:49:21.840 UTC: 	 Proxy valid for 155:10:42 hours
DEBUG 2021-11-24 04:49:21.927 UTC: 	 Registering user credentials for server /DC=ch/DC=cern/OU=computers/CN=crab-(preprod|prod|dev)-tw(02|01).cern.ch|/DC=ch/DC=cern/OU=computers/CN=stefanov(m|m2).cern.ch|/DC=ch/DC=cern/OU=computers/CN=dciangot-tw.cern.ch
DEBUG 2021-11-24 04:49:22.643 UTC: 	 Executing : 
 command : voms-proxy-info -file /tmp/x509up_u110046 -identity
 output : /DC=ch/DC=cern/OU=Organic Units/OU=Users/CN=yian/CN=826694/CN=Ying An

 error: 
 retcode : 0
DEBUG 2021-11-24 04:49:22.652 UTC: 	 Getting myproxy life time left for myproxy.cern.ch
DEBUG 2021-11-24 04:49:22.652 UTC: 	 using b52ac606a6f7097e9b4b8f05a3a67cc69f8f291b as credential login name
DEBUG 2021-11-24 04:49:23.056 UTC: 	 Executing : 
 command : myproxy-info -l b52ac606a6f7097e9b4b8f05a3a67cc69f8f291b -s myproxy.cern.ch
 output : username: b52ac606a6f7097e9b4b8f05a3a67cc69f8f291b
owner: /DC=ch/DC=cern/OU=Organic Units/OU=Users/CN=yian/CN=826694/CN=Ying An
  renewal policy: /DC=ch/DC=cern/OU=computers/CN=crab-(preprod|prod|dev)-tw(02|01).cern.ch|/DC=ch/DC=cern/OU=computers/CN=stefanov(m|m2).cern.ch|/DC=ch/DC=cern/OU=computers/CN=dciangot-tw.cern.ch
  trusted retrieval policy: /DC=ch/DC=cern/OU=computers/CN=crab-(preprod|prod|dev)-tw(02|01).cern.ch|/DC=ch/DC=cern/OU=computers/CN=stefanov(m|m2).cern.ch|/DC=ch/DC=cern/OU=computers/CN=dciangot-tw.cern.ch
  timeleft: 700:07:16  (29.2 days)

 error: 
 retcode : 0
DEBUG 2021-11-24 04:49:23.058 UTC: 	 Myproxy is valid: 2520436
DEBUG 2021-11-24 04:49:23.058 UTC: 	 Retrieving username ...
DEBUG 2021-11-24 04:49:23.058 UTC: 	 Retrieving username from CRIC...
DEBUG 2021-11-24 04:49:23.972 UTC: 	 username is yian
DEBUG 2021-11-24 04:49:23.979 UTC: 	 Getting myproxy life time left for myproxy.cern.ch
DEBUG 2021-11-24 04:49:23.979 UTC: 	 using yian_CRAB as credential login name
DEBUG 2021-11-24 04:49:24.391 UTC: 	 Executing : 
 command : myproxy-info -l yian_CRAB -s myproxy.cern.ch
 output : username: yian_CRAB
owner: /DC=ch/DC=cern/OU=Organic Units/OU=Users/CN=yian/CN=826694/CN=Ying An
  renewal policy: /DC=ch/DC=cern/OU=computers/CN=crab-(preprod|prod|dev)-tw(02|01).cern.ch|/DC=ch/DC=cern/OU=computers/CN=stefanov(m|m2).cern.ch|/DC=ch/DC=cern/OU=computers/CN=dciangot-tw.cern.ch
  trusted retrieval policy: /DC=ch/DC=cern/OU=computers/CN=crab-(preprod|prod|dev)-tw(02|01).cern.ch|/DC=ch/DC=cern/OU=computers/CN=stefanov(m|m2).cern.ch|/DC=ch/DC=cern/OU=computers/CN=dciangot-tw.cern.ch
  timeleft: 700:06:07  (29.2 days)

 error: 
 retcode : 0
DEBUG 2021-11-24 04:49:24.391 UTC: 	 Myproxy is valid: 2520367
DEBUG 2021-11-24 04:49:24.392 UTC: 	 Result of myproxy credential check:
  Credential exists on myproxy: username: b52ac606a6f7097e9b4b8f05a3a67cc69f8f291b  - validity: 29 days, 4:07:16
  Credential exists on myproxy: username: yian_CRAB  - validity: 29 days, 4:06:07
DEBUG 2021-11-24 04:49:24.393 UTC: 	 Command use: status
DEBUG 2021-11-24 04:49:24.393 UTC: 	 Options use: ['-d', 'crab2017/crab_ZGToLLG_01J_5f_TuneCP5_13TeV-amcatnloFXFX-pythia8_2017']
DEBUG 2021-11-24 04:49:24.502 UTC: 	 CRABClient version: v3.210825
DEBUG 2021-11-24 04:49:24.502 UTC: 	 Instance is prod
DEBUG 2021-11-24 04:49:24.502 UTC: 	 Server base url is cmsweb.cern.ch
DEBUG 2021-11-24 04:49:24.502 UTC: 	 Command api workflow
DEBUG 2021-11-24 04:49:24.556 UTC: 	 Got information from server oracle database: {u'result': [u'211123_162443:yian_crab_ZGToLLG_01J_5f_TuneCP5_13TeV-amcatnloFXFX-pythia8_2017', u'None', u'None', u'SUBMITTED', u'SUBMIT', u'2021-11-23 16:24:43.368251', u'None', u'2021-11-23 16:26:23.599463', u'None', u'CMSSW_10_6_20', u'slc7_amd64_gcc820', u'/ZGToLLG_01J_5f_TuneCP5_13TeV-amcatnloFXFX-pythia8/RunIISummer20UL17NanoAODv9-106X_mc2017_realistic_v9-v1/NANOAODSIM', u'T', u'0', u"[u'T2_US_UCSD', u'T2_US_Wisconsin', u'T2_US_MIT', u'T2_US_Caltech', u'T2_US_Purdue', u'T2_US_Nebraska']", u'[]', u'FileBased', u"{'splitOnRun': False, 'halt_job_on_file_boundaries': False, 'files_per_job': 1, 'runs': [], 'lumis': []}", u'39bc3010d7ba2374684857ed42fc86481bae0161e7f8c7d93f5c25e342929c09.tar.gz', u'https://cmsweb.cern.ch/S3/crabcache_prod', u'yian', u'/DC=ch/DC=cern/OU=Organic Units/OU=Users/CN=yian/CN=826694/CN=Ying An', u'cms', u'None', u'None', u'ZGToLLG_01J_5f_TuneCP5_13TeV-amcatnloFXFX-pythia8_2017-00000000000000000000000000000000', u'F', u'T2_CH_CERN', u'https://cmsweb.cern.ch/dbs/prod/global/DBSReader', u'https://cmsweb.cern.ch/dbs/prod/phys03/DBSWriter', u'F', u'[]', u'[]', u"[b'tree.root']", u'Analysis', u'pythia', u'None', u'{}', u'[]', u'F', u'crab-prod-tw01', u'[]', u'1250', u'1', u'2000', u'10', u"['/ZGToLLG_01J_5f_TuneCP5_13TeV-amcatnloFXFX-pythia8/yian-ZGToLLG_01J_5f_TuneCP5_13TeV-amcatnloFXFX-pythia8_2017-76de701442013e6ff941c86cd482e64d/USER']", u'[]', u'http://vocms0120.cern.ch/mon/cms1407/211123_162443:yian_crab_ZGToLLG_01J_5f_TuneCP5_13TeV-amcatnloFXFX-pythia8_2017', u'WWG_crab_script.sh', u"[b'isdata=MC', b'year=2017', b'era=B']", u'[]', u'https://cmsweb.cern.ch/crabserver/prod', u'cmsgwms-collector-global.cern.ch:9620,cmsgwms-collector-global.fnal.gov:9620', u'crab3@vocms0120.cern.ch', u'F', u'[]', u'T', u'/store/user/yian/', u'T', u'None', u'F', u'None', u'ZGToLLG_01J_5f_TuneCP5_13TeV-amcatnloFXFX-pythia8', u'None', u'46bcbb9033e61f98830e5ae78637faa95e45b85d12a96bd0e997590bc6190849.tar.gz', u'73554359', u'filetransfers', u'F', u'188.184.97.219', u'0.0', u'None'], u'desc': {u'columns': [u'tm_taskname', u'tm_activity', u'panda_jobset_id', u'tm_task_status', u'tm_task_command', u'tm_start_time', u'tm_start_injection', u'tm_end_injection', u'tm_task_failure', u'tm_job_sw', u'tm_job_arch', u'tm_input_dataset', u'tm_nonvalid_input_dataset', u'tm_use_parent', u'tm_site_whitelist', u'tm_site_blacklist', u'tm_split_algo', u'tm_split_args', u'tm_user_sandbox', u'tm_cache_url', u'tm_username', u'tm_user_dn', u'tm_user_vo', u'tm_user_role', u'tm_user_group', u'tm_publish_name', u'tm_publish_groupname', u'tm_asyncdest', u'tm_dbs_url', u'tm_publish_dbs_url', u'tm_publication', u'tm_outfiles', u'tm_tfile_outfiles', u'tm_edm_outfiles', u'tm_job_type', u'tm_generator', u'tm_events_per_lumi', u'tm_arguments', u'panda_resubmitted_jobs', u'tm_save_logs', u'tw_name', u'tm_user_infiles', u'tm_maxjobruntime', u'tm_numcores', u'tm_maxmemory', u'tm_priority', u'tm_output_dataset', u'tm_task_warnings', u'tm_user_webdir', u'tm_scriptexe', u'tm_scriptargs', u'tm_extrajdl', u'tm_asourl', u'tm_collector', u'tm_schedd', u'tm_dry_run', u'tm_user_files', u'tm_transfer_outputs', u'tm_output_lfn', u'tm_ignore_locality', u'tm_fail_limit', u'tm_one_event_mode', u'tm_secondary_input_dataset', u'tm_primary_dataset', u'tm_last_publication', u'tm_debug_files', u'clusterid', u'tm_asodb', u'tm_ignore_global_blacklist', u'tm_submitter_ip_addr', u'tm_totalunits', u'tm_ddm_reqid']}}
INFO 2021-11-24 04:49:24.557 UTC: 	 CRAB project directory:		/afs/cern.ch/work/y/yian/work/GZ/CMSSW_10_6_20/src/PhysicsTools/NanoAODTools/WWG/2017/crab/crab2017/crab_ZGToLLG_01J_5f_TuneCP5_13TeV-amcatnloFXFX-pythia8_2017
INFO 2021-11-24 04:49:24.557 UTC: 	 Task name:			211123_162443:yian_crab_ZGToLLG_01J_5f_TuneCP5_13TeV-amcatnloFXFX-pythia8_2017
INFO 2021-11-24 04:49:24.557 UTC: 	 Grid scheduler - Task Worker:	crab3@vocms0120.cern.ch - crab-prod-tw01
INFO 2021-11-24 04:49:24.557 UTC: 	 Status on the CRAB server:	SUBMITTED
INFO 2021-11-24 04:49:24.557 UTC: 	 Task URL to use for HELP:	https://cmsweb.cern.ch/crabserver/ui/task/211123_162443%3Ayian_crab_ZGToLLG_01J_5f_TuneCP5_13TeV-amcatnloFXFX-pythia8_2017
INFO 2021-11-24 04:49:24.560 UTC: 	 Dashboard monitoring URL:	https://monit-grafana.cern.ch/d/cmsTMDetail/cms-task-monitoring-task-view?orgId=11&var-user=yian&var-task=211123_162443%3Ayian_crab_ZGToLLG_01J_5f_TuneCP5_13TeV-amcatnloFXFX-pythia8_2017&from=1637681083000&to=now
DEBUG 2021-11-24 04:49:24.561 UTC: 	 The CRAB server submitted your task to the Grid scheduler (cluster ID: 73554359)
DEBUG 2021-11-24 04:49:24.561 UTC: 	 Webdir is located at http://vocms0120.cern.ch/mon/cms1407/211123_162443:yian_crab_ZGToLLG_01J_5f_TuneCP5_13TeV-amcatnloFXFX-pythia8_2017
DEBUG 2021-11-24 04:49:24.616 UTC: 	 Proxied webdir is located at https://cmsweb.cern.ch:8443/scheddmon/0120/cms1407/211123_162443:yian_crab_ZGToLLG_01J_5f_TuneCP5_13TeV-amcatnloFXFX-pythia8_2017
DEBUG 2021-11-24 04:49:24.616 UTC: 	 Retrieving 'status_cache' file from https://cmsweb.cern.ch:8443/scheddmon/0120/cms1407/211123_162443:yian_crab_ZGToLLG_01J_5f_TuneCP5_13TeV-amcatnloFXFX-pythia8_2017/status_cache
DEBUG 2021-11-24 04:49:24.679 UTC: 	 Got information from status cache file: {'42': {'Retries': 0, 'WallDurations': [8.0, 129.22914600372314, 29167.0], 'StartTimes': [1637699431.0], 'SubmitTimes': [1637684821.0], 'JobIds': ['73554428.0'], 'EndTimes': [], 'Restarts': 0, 'RecordedSite': True, 'State': 'running', 'ResidentSetSize': [1487228], 'TotalUserCpuTimeHistory': [6417.0], 'SiteHistory': ['Unknown', 'T2_US_MIT', 'T2_US_MIT'], 'TotalSysCpuTimeHistory': [330.0]}, '43': {'Retries': 0, 'WallDurations': [10.0, 108.22914600372314, 2518.0], 'StartTimes': [1637699452.0], 'SubmitTimes': [1637684822.0], 'JobIds': ['73554430.0'], 'EndTimes': [1637701970.0], 'Restarts': 0, 'RecordedSite': True, 'State': 'finished', 'ResidentSetSize': [1428604], 'TotalUserCpuTimeHistory': [1062], 'SiteHistory': ['Unknown', 'T2_US_UCSD', 'T2_US_UCSD'], 'TotalSysCpuTimeHistory': [26]}, '24': {'Retries': 0, 'WallDurations': [8.0, 36.87495803833008, 28557.0], 'StartTimes': [1637698923.0], 'SubmitTimes': [1637684810.0], 'JobIds': ['73554400.0'], 'EndTimes': [], 'Restarts': 0, 'RecordedSite': True, 'State': 'running', 'ResidentSetSize': [1495668], 'TotalUserCpuTimeHistory': [2333.0], 'SiteHistory': ['Unknown', 'T2_US_Purdue', 'T2_US_Purdue'], 'TotalSysCpuTimeHistory': [136.0]}, '25': {'Retries': 0, 'WallDurations': [9.0, 31.874958038330078, 24621.0], 'StartTimes': [1637698928.0], 'SubmitTimes': [1637684810.0], 'JobIds': ['73554401.0'], 'EndTimes': [1637723549.0], 'Restarts': 0, 'RecordedSite': True, 'State': 'finished', 'ResidentSetSize': [1445852], 'TotalUserCpuTimeHistory': [4309], 'SiteHistory': ['Unknown', 'T2_US_Purdue', 'T2_US_Purdue'], 'TotalSysCpuTimeHistory': [285]}, '26': {'Retries': 0, 'WallDurations': [8.0, 36.87495803833008, 17876.0], 'StartTimes': [1637698923.0], 'SubmitTimes': [1637684811.0], 'JobIds': ['73554402.0'], 'EndTimes': [1637716799.0], 'Restarts': 0, 'RecordedSite': True, 'State': 'finished', 'ResidentSetSize': [1465016], 'TotalUserCpuTimeHistory': [3010], 'SiteHistory': ['Unknown', 'T2_US_Purdue', 'T2_US_Purdue'], 'TotalSysCpuTimeHistory': [187]}, '27': {'Retries': 0, 'WallDurations': [9.0, 125.22914600372314, 4354.0], 'StartTimes': [1637699435.0], 'SubmitTimes': [1637684823.0], 'JobIds': ['73554432.0'], 'EndTimes': [1637703789.0], 'Restarts': 0, 'RecordedSite': True, 'State': 'finished', 'ResidentSetSize': [1467804], 'TotalUserCpuTimeHistory': [4079], 'SiteHistory': ['Unknown', 'T2_US_MIT', 'T2_US_MIT'], 'TotalSysCpuTimeHistory': [140]}, '20': {'Retries': 0, 'WallDurations': [10.0, 38.87495803833008, 4042.0], 'StartTimes': [1637698921.0], 'SubmitTimes': [1637684809.0], 'JobIds': ['73554396.0'], 'EndTimes': [1637702963.0], 'Restarts': 0, 'RecordedSite': True, 'State': 'finished', 'ResidentSetSize': [1409172], 'TotalUserCpuTimeHistory': [1149], 'SiteHistory': ['Unknown', 'T2_US_Purdue', 'T2_US_Purdue'], 'TotalSysCpuTimeHistory': [36]}, '21': {'Retries': 0, 'WallDurations': [10.0, 37.87495803833008, 16082.0], 'StartTimes': [1637698922.0], 'SubmitTimes': [1637684809.0], 'JobIds': ['73554397.0'], 'EndTimes': [1637715004.0], 'Restarts': 0, 'RecordedSite': True, 'State': 'finished', 'ResidentSetSize': [1451744], 'TotalUserCpuTimeHistory': [2739], 'SiteHistory': ['Unknown', 'T2_US_Purdue', 'T2_US_Purdue'], 'TotalSysCpuTimeHistory': [153]}, '22': {'Retries': 0, 'WallDurations': [0, 1.8749580383300781, 30059.0], 'StartTimes': [1637698958.0], 'SubmitTimes': [1637684809.0], 'JobIds': ['73554398.0'], 'EndTimes': [], 'Restarts': 0, 'RecordedSite': True, 'State': 'running', 'ResidentSetSize': [1431632], 'TotalUserCpuTimeHistory': [3777.0], 'SiteHistory': ['Unknown', 'T2_US_UCSD', 'T2_US_UCSD'], 'TotalSysCpuTimeHistory': [229.0]}, '23': {'Retries': 0, 'WallDurations': [9.0, 16.874958038330078, 8509.0], 'StartTimes': [1637698943.0], 'SubmitTimes': [1637684810.0], 'JobIds': ['73554399.0'], 'EndTimes': [1637707452.0], 'Restarts': 0, 'RecordedSite': True, 'State': 'finished', 'ResidentSetSize': [1387548], 'TotalUserCpuTimeHistory': [1781], 'SiteHistory': ['Unknown', 'T2_US_UCSD', 'T2_US_UCSD'], 'TotalSysCpuTimeHistory': [73]}, '44': {'Retries': 0, 'WallDurations': [9.0, 130.22914600372314, 28865.0], 'StartTimes': [1637699430.0], 'SubmitTimes': [1637684822.0], 'JobIds': ['73554429.0'], 'EndTimes': [], 'Restarts': 0, 'RecordedSite': True, 'State': 'running', 'ResidentSetSize': [1458368], 'TotalUserCpuTimeHistory': [6460.0], 'SiteHistory': ['Unknown', 'T2_US_MIT', 'T2_US_MIT'], 'TotalSysCpuTimeHistory': [251.0]}, '45': {'Retries': 0, 'WallDurations': [9.0, 125.22914600372314, 6194.0, 0, 5576.0, 0], 'StartTimes': [1637699435.0, 1637706772.0, 1637712516.0], 'SubmitTimes': [1637684822.0, -1, -1], 'JobIds': ['73554431.0', '73554431.0', '73554431.0'], 'EndTimes': [1637705629.0, 1637712348.0], 'Restarts': 2, 'RecordedSite': True, 'State': 'running', 'ResidentSetSize': [1424264, 0, 0], 'TotalUserCpuTimeHistory': [1369.0, 990.0, 0.0], 'SiteHistory': ['Unknown', 'T2_US_UCSD', 'T2_US_UCSD', 'Unknown', 'T2_US_MIT', 'T2_US_MIT'], 'TotalSysCpuTimeHistory': [53.0, 25.0, 0.0]}, '28': {'Retries': 0, 'WallDurations': [9.0, 35.87495803833008, 2529.0], 'StartTimes': [1637698924.0], 'SubmitTimes': [1637684811.0], 'JobIds': ['73554403.0'], 'EndTimes': [1637701453.0], 'Restarts': 0, 'RecordedSite': True, 'State': 'finished', 'ResidentSetSize': [1404784], 'TotalUserCpuTimeHistory': [945], 'SiteHistory': ['Unknown', 'T2_US_Purdue', 'T2_US_Purdue'], 'TotalSysCpuTimeHistory': [23]}, '29': {'Retries': 0, 'WallDurations': [9.0, 35.87495803833008, 15443.0], 'StartTimes': [1637698924.0], 'SubmitTimes': [1637684811.0], 'JobIds': ['73554404.0'], 'EndTimes': [1637714367.0], 'Restarts': 0, 'RecordedSite': True, 'State': 'finished', 'ResidentSetSize': [1465632], 'TotalUserCpuTimeHistory': [2773], 'SiteHistory': ['Unknown', 'T2_US_Purdue', 'T2_US_Purdue'], 'TotalSysCpuTimeHistory': [160]}, '40': {'Retries': 0, 'WallDurations': [9.0, 129.22914600372314, 7333.0], 'StartTimes': [1637699431.0], 'SubmitTimes': [1637684820.0], 'JobIds': ['73554425.0'], 'EndTimes': [1637706764.0], 'Restarts': 0, 'RecordedSite': True, 'State': 'finished', 'ResidentSetSize': [1428916], 'TotalUserCpuTimeHistory': [1967], 'SiteHistory': ['Unknown', 'T2_US_MIT', 'T2_US_MIT'], 'TotalSysCpuTimeHistory': [108]}, '41': {'Retries': 0, 'WallDurations': [9.0, 124.22914600372314, 26757.0], 'StartTimes': [1637699436.0], 'SubmitTimes': [1637684821.0], 'JobIds': ['73554427.0'], 'EndTimes': [], 'Restarts': 0, 'RecordedSite': True, 'State': 'running', 'ResidentSetSize': [1473704], 'TotalUserCpuTimeHistory': [7982.0], 'SiteHistory': ['Unknown', 'T2_US_MIT', 'T2_US_MIT'], 'TotalSysCpuTimeHistory': [455.0]}, '1': {'Retries': 0, 'WallDurations': [9.0, 126.22914600372314, 13067.0], 'StartTimes': [1637699434.0], 'SubmitTimes': [1637684788.0], 'JobIds': ['73554361.0'], 'EndTimes': [1637712501.0], 'Restarts': 0, 'RecordedSite': True, 'State': 'finished', 'ResidentSetSize': [1486408], 'TotalUserCpuTimeHistory': [12103], 'SiteHistory': ['Unknown', 'T2_US_MIT', 'T2_US_MIT'], 'TotalSysCpuTimeHistory': [593]}, '3': {'Retries': 0, 'WallDurations': [9.0, 128.22914600372314, 12062.0], 'StartTimes': [1637699432.0], 'SubmitTimes': [1637684788.0], 'JobIds': ['73554363.0'], 'EndTimes': [1637711494.0], 'Restarts': 0, 'RecordedSite': True, 'State': 'finished', 'ResidentSetSize': [1613300], 'TotalUserCpuTimeHistory': [10659], 'SiteHistory': ['Unknown', 'T2_US_MIT', 'T2_US_MIT'], 'TotalSysCpuTimeHistory': [940]}, '2': {'Retries': 0, 'WallDurations': [9.0, 130.22914600372314, 5015.0], 'StartTimes': [1637699430.0], 'SubmitTimes': [1637684788.0], 'JobIds': ['73554362.0'], 'EndTimes': [1637704445.0], 'Restarts': 0, 'RecordedSite': True, 'State': 'finished', 'ResidentSetSize': [1441300], 'TotalUserCpuTimeHistory': [4510], 'SiteHistory': ['Unknown', 'T2_US_MIT', 'T2_US_MIT'], 'TotalSysCpuTimeHistory': [327]}, '5': {'Retries': 0, 'WallDurations': [8.0, 129.22914600372314, 2562.0], 'StartTimes': [1637699431.0], 'SubmitTimes': [1637684788.0], 'JobIds': ['73554365.0'], 'EndTimes': [1637701993.0], 'Restarts': 0, 'RecordedSite': True, 'State': 'finished', 'ResidentSetSize': [1434736], 'TotalUserCpuTimeHistory': [1157], 'SiteHistory': ['Unknown', 'T2_US_MIT', 'T2_US_MIT'], 'TotalSysCpuTimeHistory': [20]}, '4': {'Retries': 0, 'WallDurations': [9.0, 110.22914600372314, 29464.0], 'StartTimes': [1637699450.0], 'SubmitTimes': [1637684788.0], 'JobIds': ['73554364.0'], 'EndTimes': [], 'Restarts': 0, 'RecordedSite': True, 'State': 'running', 'ResidentSetSize': [1427296], 'TotalUserCpuTimeHistory': [4954.0], 'SiteHistory': ['Unknown', 'T2_US_UCSD', 'T2_US_UCSD'], 'TotalSysCpuTimeHistory': [308.0]}, '7': {'Retries': 0, 'WallDurations': [9.0, 41.87495803833008, 30013.0], 'StartTimes': [1637698918.0], 'SubmitTimes': [1637684794.0], 'JobIds': ['73554367.0'], 'EndTimes': [1637728931.0], 'Restarts': 0, 'RecordedSite': True, 'State': 'transferring', 'ResidentSetSize': [1442384], 'TotalUserCpuTimeHistory': [4720], 'SiteHistory': ['Unknown', 'T2_US_Purdue', 'T2_US_Purdue'], 'TotalSysCpuTimeHistory': [327]}, '6': {'Retries': 0, 'WallDurations': [10.0, 17.874958038330078, 30056.0], 'StartTimes': [1637698942.0], 'SubmitTimes': [1637684788.0], 'JobIds': ['73554366.0'], 'EndTimes': [], 'Restarts': 0, 'RecordedSite': True, 'State': 'running', 'ResidentSetSize': [1437116], 'TotalUserCpuTimeHistory': [3645.0], 'SiteHistory': ['Unknown', 'T2_US_UCSD', 'T2_US_UCSD'], 'TotalSysCpuTimeHistory': [214.0]}, '9': {'Retries': 0, 'WallDurations': [9.0, 14.874958038330078, 3958.0], 'StartTimes': [1637698945.0], 'SubmitTimes': [1637684795.0], 'JobIds': ['73554370.0'], 'EndTimes': [1637702903.0], 'Restarts': 0, 'RecordedSite': True, 'State': 'finished', 'ResidentSetSize': [1381364], 'TotalUserCpuTimeHistory': [1024], 'SiteHistory': ['Unknown', 'T2_US_UCSD', 'T2_US_UCSD'], 'TotalSysCpuTimeHistory': [25]}, '8': {'Retries': 0, 'WallDurations': [8.0, 41.87495803833008, 1553.0], 'StartTimes': [1637698918.0], 'SubmitTimes': [1637684794.0], 'JobIds': ['73554368.0'], 'EndTimes': [1637700471.0], 'Restarts': 0, 'RecordedSite': True, 'State': 'finished', 'ResidentSetSize': [1335024], 'TotalUserCpuTimeHistory': [900], 'SiteHistory': ['Unknown', 'T2_US_MIT', 'T2_US_MIT'], 'TotalSysCpuTimeHistory': [6]}, '39': {'Retries': 0, 'WallDurations': [0, 9.0, 6131.0], 'StartTimes': [1637698976.0], 'SubmitTimes': [1637684820.0], 'JobIds': ['73554424.0'], 'EndTimes': [1637705107.0], 'Restarts': 0, 'RecordedSite': True, 'State': 'finished', 'ResidentSetSize': [1399984], 'TotalUserCpuTimeHistory': [1923], 'SiteHistory': ['Unknown', 'T2_US_UCSD', 'T2_US_UCSD'], 'TotalSysCpuTimeHistory': [96]}, '38': {'Retries': 0, 'WallDurations': [9.0, 128.22914600372314, 1036.0], 'StartTimes': [1637699432.0], 'SubmitTimes': [1637684821.0], 'JobIds': ['73554426.0'], 'EndTimes': [1637700468.0], 'Restarts': 0, 'RecordedSite': True, 'State': 'finished', 'ResidentSetSize': [1433572], 'TotalUserCpuTimeHistory': [943], 'SiteHistory': ['Unknown', 'T2_US_MIT', 'T2_US_MIT'], 'TotalSysCpuTimeHistory': [18]}, '11': {'Retries': 0, 'WallDurations': [0, 3.874958038330078, 9664.0], 'StartTimes': [1637698956.0], 'SubmitTimes': [1637684796.0], 'JobIds': ['73554372.0'], 'EndTimes': [1637708620.0], 'Restarts': 0, 'RecordedSite': True, 'State': 'finished', 'ResidentSetSize': [1633244], 'TotalUserCpuTimeHistory': [9081], 'SiteHistory': ['Unknown', 'T2_US_MIT', 'T2_US_MIT'], 'TotalSysCpuTimeHistory': [344]}, '10': {'Retries': 0, 'WallDurations': [8.0, 41.87495803833008, 30063.0], 'StartTimes': [1637698918.0], 'SubmitTimes': [1637684796.0], 'JobIds': ['73554371.0'], 'EndTimes': [], 'Restarts': 0, 'RecordedSite': True, 'State': 'running', 'ResidentSetSize': [1480056], 'TotalUserCpuTimeHistory': [4512.0], 'SiteHistory': ['Unknown', 'T2_US_Purdue', 'T2_US_Purdue'], 'TotalSysCpuTimeHistory': [325.0]}, '13': {'Retries': 0, 'WallDurations': [9.0, 42.87495803833008, 4083.0], 'StartTimes': [1637698917.0], 'SubmitTimes': [1637684798.0], 'JobIds': ['73554375.0'], 'EndTimes': [1637703000.0], 'Restarts': 0, 'RecordedSite': True, 'State': 'finished', 'ResidentSetSize': [1405776], 'TotalUserCpuTimeHistory': [3832], 'SiteHistory': ['Unknown', 'T2_US_MIT', 'T2_US_MIT'], 'TotalSysCpuTimeHistory': [130]}, '12': {'Retries': 0, 'WallDurations': [0, 9.0, 6996.0], 'StartTimes': [1637700476.0], 'SubmitTimes': [1637684797.0], 'JobIds': ['73554374.0'], 'EndTimes': [1637707472.0], 'Restarts': 0, 'RecordedSite': True, 'State': 'finished', 'ResidentSetSize': [1494948], 'TotalUserCpuTimeHistory': [6463], 'SiteHistory': ['Unknown', 'T2_US_UCSD', 'T2_US_MIT'], 'TotalSysCpuTimeHistory': [381]}, '15': {'Retries': 0, 'WallDurations': [10.0, 40.87495803833008, 30061.0], 'StartTimes': [1637698919.0], 'SubmitTimes': [1637684807.0], 'JobIds': ['73554386.0'], 'EndTimes': [], 'Restarts': 0, 'RecordedSite': True, 'State': 'running', 'ResidentSetSize': [1462172], 'TotalUserCpuTimeHistory': [4066.0], 'SiteHistory': ['Unknown', 'T2_US_Purdue', 'T2_US_Purdue'], 'TotalSysCpuTimeHistory': [271.0]}, '14': {'Retries': 0, 'WallDurations': [0, 4.874958038330078, 29160.0], 'StartTimes': [1637698955.0], 'SubmitTimes': [1637684801.0], 'JobIds': ['73554376.0'], 'EndTimes': [], 'Restarts': 0, 'RecordedSite': True, 'State': 'running', 'ResidentSetSize': [1487564], 'TotalUserCpuTimeHistory': [3480.0], 'SiteHistory': ['Unknown', 'T2_US_UCSD', 'T2_US_UCSD'], 'TotalSysCpuTimeHistory': [195.0]}, '17': {'Retries': 0, 'WallDurations': [0, 0.8749580383300781, 16850.0], 'StartTimes': [1637698959.0], 'SubmitTimes': [1637684808.0], 'JobIds': ['73554390.0'], 'EndTimes': [1637715809.0], 'Restarts': 0, 'RecordedSite': True, 'State': 'finished', 'ResidentSetSize': [1427132], 'TotalUserCpuTimeHistory': [4903], 'SiteHistory': ['Unknown', 'T2_US_UCSD', 'T2_US_UCSD'], 'TotalSysCpuTimeHistory': [296]}, '16': {'Retries': 0, 'WallDurations': [8.0, 40.87495803833008, 30063.0], 'StartTimes': [1637698919.0], 'SubmitTimes': [1637684807.0], 'JobIds': ['73554388.0'], 'EndTimes': [], 'Restarts': 0, 'RecordedSite': True, 'State': 'running', 'ResidentSetSize': [1490472], 'TotalUserCpuTimeHistory': [3659.0], 'SiteHistory': ['Unknown', 'T2_US_Purdue', 'T2_US_Purdue'], 'TotalSysCpuTimeHistory': [229.0]}, '19': {'Retries': 0, 'WallDurations': [8.0, 25.874958038330078, 30061.0], 'StartTimes': [1637698934.0], 'SubmitTimes': [1637684808.0], 'JobIds': ['73554394.0'], 'EndTimes': [], 'Restarts': 0, 'RecordedSite': True, 'State': 'running', 'ResidentSetSize': [1444448], 'TotalUserCpuTimeHistory': [3822.0], 'SiteHistory': ['Unknown', 'T2_US_UCSD', 'T2_US_UCSD'], 'TotalSysCpuTimeHistory': [221.0]}, '18': {'Retries': 0, 'WallDurations': [0, 8.0, 15481.0], 'StartTimes': [1637698961.0], 'SubmitTimes': [1637684808.0], 'JobIds': ['73554392.0'], 'EndTimes': [1637714442.0], 'Restarts': 0, 'RecordedSite': True, 'State': 'finished', 'ResidentSetSize': [1405504], 'TotalUserCpuTimeHistory': [3382], 'SiteHistory': ['Unknown', 'T2_US_MIT', 'T2_US_MIT'], 'TotalSysCpuTimeHistory': [119]}, '31': {'Retries': 0, 'WallDurations': [0, 9.0, 2465.0], 'StartTimes': [1637698990.0], 'SubmitTimes': [1637684817.0], 'JobIds': ['73554411.0'], 'EndTimes': [1637701455.0], 'Restarts': 0, 'RecordedSite': True, 'State': 'finished', 'ResidentSetSize': [1382128], 'TotalUserCpuTimeHistory': [883], 'SiteHistory': ['Unknown', 'T2_US_UCSD', 'T2_US_UCSD'], 'TotalSysCpuTimeHistory': [16]}, '30': {'Retries': 0, 'WallDurations': [10.0, 32.87495803833008, 5882.0], 'StartTimes': [1637698927.0], 'SubmitTimes': [1637684812.0], 'JobIds': ['73554405.0'], 'EndTimes': [1637704809.0], 'Restarts': 0, 'RecordedSite': True, 'State': 'finished', 'ResidentSetSize': [1402608], 'TotalUserCpuTimeHistory': [1257], 'SiteHistory': ['Unknown', 'T2_US_Purdue', 'T2_US_Purdue'], 'TotalSysCpuTimeHistory': [43]}, '37': {'Retries': 0, 'WallDurations': [9.0, 19.874958038330078, 3807.0], 'StartTimes': [1637698940.0], 'SubmitTimes': [1637684820.0], 'JobIds': ['73554423.0'], 'EndTimes': [1637702747.0], 'Restarts': 0, 'RecordedSite': True, 'State': 'finished', 'ResidentSetSize': [1361716], 'TotalUserCpuTimeHistory': [809], 'SiteHistory': ['Unknown', 'T2_US_Purdue', 'T2_US_Purdue'], 'TotalSysCpuTimeHistory': [10]}, '36': {'Retries': 0, 'WallDurations': [10.0, 19.874958038330078, 1938.0], 'StartTimes': [1637698940.0], 'SubmitTimes': [1637684819.0], 'JobIds': ['73554421.0'], 'EndTimes': [1637700878.0], 'Restarts': 0, 'RecordedSite': True, 'State': 'finished', 'ResidentSetSize': [1430216], 'TotalUserCpuTimeHistory': [870], 'SiteHistory': ['Unknown', 'T2_US_Purdue', 'T2_US_Purdue'], 'TotalSysCpuTimeHistory': [15]}, '35': {'Retries': 0, 'WallDurations': [9.0, 28.874958038330078, 30063.0], 'StartTimes': [1637698931.0], 'SubmitTimes': [1637684819.0], 'JobIds': ['73554419.0'], 'EndTimes': [], 'Restarts': 0, 'RecordedSite': True, 'State': 'running', 'ResidentSetSize': [1463168], 'TotalUserCpuTimeHistory': [4031.0], 'SiteHistory': ['Unknown', 'T2_US_Purdue', 'T2_US_Purdue'], 'TotalSysCpuTimeHistory': [270.0]}, '34': {'Retries': 0, 'WallDurations': [9.0, 30.874958038330078, 10192.0], 'StartTimes': [1637698929.0], 'SubmitTimes': [1637684819.0], 'JobIds': ['73554417.0'], 'EndTimes': [1637709121.0], 'Restarts': 0, 'RecordedSite': True, 'State': 'finished', 'ResidentSetSize': [1422764], 'TotalUserCpuTimeHistory': [2076], 'SiteHistory': ['Unknown', 'T2_US_Purdue', 'T2_US_Purdue'], 'TotalSysCpuTimeHistory': [110]}, '33': {'Retries': 0, 'WallDurations': [0, 9.0, 3580.0], 'StartTimes': [1637699006.0], 'SubmitTimes': [1637684818.0], 'JobIds': ['73554415.0'], 'EndTimes': [1637702586.0], 'Restarts': 0, 'RecordedSite': True, 'State': 'finished', 'ResidentSetSize': [1433928], 'TotalUserCpuTimeHistory': [1060], 'SiteHistory': ['Unknown', 'T2_US_UCSD', 'T2_US_UCSD'], 'TotalSysCpuTimeHistory': [31]}, '32': {'Retries': 0, 'WallDurations': [9.0, 31.874958038330078, 30060.0], 'StartTimes': [1637698928.0], 'SubmitTimes': [1637684818.0], 'JobIds': ['73554413.0'], 'EndTimes': [], 'Restarts': 0, 'RecordedSite': True, 'State': 'running', 'ResidentSetSize': [1443408], 'TotalUserCpuTimeHistory': [3799.0], 'SiteHistory': ['Unknown', 'T2_US_Purdue', 'T2_US_Purdue'], 'TotalSysCpuTimeHistory': [252.0]}}
INFO 2021-11-24 04:49:24.679 UTC: 	 Status on the scheduler:	SUBMITTED
INFO 2021-11-24 04:49:24.679 UTC: 	 
Jobs status:                    finished     		 64.4% (29/45)
INFO 2021-11-24 04:49:24.679 UTC: 	 				running      		 33.3% (15/45)
INFO 2021-11-24 04:49:24.679 UTC: 	 				transferring 		  2.2% ( 1/45)
INFO 2021-11-24 04:49:24.680 UTC: 	 
No publication information (publication has been disabled in the CRAB configuration file)
INFO 2021-11-24 04:49:24.681 UTC: 	 
Warning: the average jobs CPU efficiency is less than 50%, please consider to improve the jobs splitting (e.g. config.Data.splitting = 'Automatic') in a new task
INFO 2021-11-24 04:49:24.681 UTC: 	 
Summary of run jobs:
 * Memory: 0MB min, 1594MB max, 1404MB ave
 * Runtime: 0:00:00 min, 8:20:13 max, 2:24:14 ave
 * CPU eff: 17% min, 98% max, 39% ave
 * Waste: 0:29:01 (1% of total)

INFO 2021-11-24 04:49:24.700 UTC: 	 Log file is /afs/cern.ch/work/y/yian/work/GZ/CMSSW_10_6_20/src/PhysicsTools/NanoAODTools/WWG/2017/crab/crab2017/crab_ZGToLLG_01J_5f_TuneCP5_13TeV-amcatnloFXFX-pythia8_2017/crab.log
