DEBUG 2021-11-23 16:15:23.876 UTC: 	 CRAB Client version: v3.210825
DEBUG 2021-11-23 16:15:23.877 UTC: 	 Running on: Linux lxplus772.cern.ch 3.10.0-1160.45.1.el7.x86_64 #1 SMP Wed Oct 13 17:20:51 UTC 2021 x86_64 x86_64 x86_64 GNU/Linux - CentOS Linux 7 (Core)
DEBUG 2021-11-23 16:15:23.877 UTC: 	 Executing command: 'submit'
DEBUG 2021-11-23 16:15:23.892 UTC: 	 Found CRAB cache file /afs/cern.ch/user/y/yian/.crab3
INFO 2021-11-23 16:15:23.894 UTC: 	 Will use CRAB configuration file crabcode_2017/WGToLNuG_01J_5f_TuneCP5_13TeV-amcatnloFXFX-pythia8_2017_cfg.py
DEBUG 2021-11-23 16:15:23.894 UTC: 	 Loading CRAB configuration file.
DEBUG 2021-11-23 16:15:24.195 UTC: 	 Will use CRAB Analysis plugin (i.e. will run an analysis job type).
DEBUG 2021-11-23 16:15:24.567 UTC: 	 Checking credentials
DEBUG 2021-11-23 16:15:24.568 UTC: 	 Found proxy file /tmp/x509up_u110046
DEBUG 2021-11-23 16:15:24.568 UTC: 	 Getting proxy life time left
DEBUG 2021-11-23 16:15:26.414 UTC: 	 Executing : 
 command : voms-proxy-info -file /tmp/x509up_u110046 -timeleft
 output : 603877

 error: 
 retcode : 0
DEBUG 2021-11-23 16:15:28.277 UTC: 	 Executing : 
 command : voms-proxy-info -file /tmp/x509up_u110046 -actimeleft
 output : 603875

 error: 
 retcode : 0
DEBUG 2021-11-23 16:15:28.278 UTC: 	 Proxy lifetime 603877 secs is different from voms extension lifetime 603875 secs for proxy: /tmp/x509up_u110046
DEBUG 2021-11-23 16:15:28.278 UTC: 	 Proxy valid for 167:44:35 hours
DEBUG 2021-11-23 16:15:30.021 UTC: 	 Executing : 
 command : env X509_USER_PROXY=/tmp/x509up_u110046 voms-proxy-info -fqan
 output : /cms/Role=NULL/Capability=NULL

 error: 
 retcode : 0
DEBUG 2021-11-23 16:15:30.094 UTC: 	 Registering user credentials for server /DC=ch/DC=cern/OU=computers/CN=crab-(preprod|prod|dev)-tw(02|01).cern.ch|/DC=ch/DC=cern/OU=computers/CN=stefanov(m|m2).cern.ch|/DC=ch/DC=cern/OU=computers/CN=dciangot-tw.cern.ch
DEBUG 2021-11-23 16:15:31.676 UTC: 	 Executing : 
 command : voms-proxy-info -file /tmp/x509up_u110046 -identity
 output : /DC=ch/DC=cern/OU=Organic Units/OU=Users/CN=yian/CN=826694/CN=Ying An

 error: 
 retcode : 0
DEBUG 2021-11-23 16:15:31.693 UTC: 	 Getting myproxy life time left for myproxy.cern.ch
DEBUG 2021-11-23 16:15:31.693 UTC: 	 using b52ac606a6f7097e9b4b8f05a3a67cc69f8f291b as credential login name
DEBUG 2021-11-23 16:15:32.818 UTC: 	 Executing : 
 command : myproxy-info -l b52ac606a6f7097e9b4b8f05a3a67cc69f8f291b -s myproxy.cern.ch
 output : username: b52ac606a6f7097e9b4b8f05a3a67cc69f8f291b
owner: /DC=ch/DC=cern/OU=Organic Units/OU=Users/CN=yian/CN=826694/CN=Ying An
  renewal policy: /DC=ch/DC=cern/OU=computers/CN=crab-(preprod|prod|dev)-tw(02|01).cern.ch|/DC=ch/DC=cern/OU=computers/CN=stefanov(m|m2).cern.ch|/DC=ch/DC=cern/OU=computers/CN=dciangot-tw.cern.ch
  trusted retrieval policy: /DC=ch/DC=cern/OU=computers/CN=crab-(preprod|prod|dev)-tw(02|01).cern.ch|/DC=ch/DC=cern/OU=computers/CN=stefanov(m|m2).cern.ch|/DC=ch/DC=cern/OU=computers/CN=dciangot-tw.cern.ch
  timeleft: 712:41:06  (29.7 days)

 error: 
 retcode : 0
DEBUG 2021-11-23 16:15:32.819 UTC: 	 Myproxy is valid: 2565666
DEBUG 2021-11-23 16:15:32.819 UTC: 	 Retrieving username ...
DEBUG 2021-11-23 16:15:32.820 UTC: 	 Retrieving username from CRIC...
DEBUG 2021-11-23 16:15:33.982 UTC: 	 username is yian
DEBUG 2021-11-23 16:15:34.019 UTC: 	 Getting myproxy life time left for myproxy.cern.ch
DEBUG 2021-11-23 16:15:34.019 UTC: 	 using yian_CRAB as credential login name
DEBUG 2021-11-23 16:15:34.843 UTC: 	 Executing : 
 command : myproxy-info -l yian_CRAB -s myproxy.cern.ch
 output : username: yian_CRAB
owner: /DC=ch/DC=cern/OU=Organic Units/OU=Users/CN=yian/CN=826694/CN=Ying An
  renewal policy: /DC=ch/DC=cern/OU=computers/CN=crab-(preprod|prod|dev)-tw(02|01).cern.ch|/DC=ch/DC=cern/OU=computers/CN=stefanov(m|m2).cern.ch|/DC=ch/DC=cern/OU=computers/CN=dciangot-tw.cern.ch
  trusted retrieval policy: /DC=ch/DC=cern/OU=computers/CN=crab-(preprod|prod|dev)-tw(02|01).cern.ch|/DC=ch/DC=cern/OU=computers/CN=stefanov(m|m2).cern.ch|/DC=ch/DC=cern/OU=computers/CN=dciangot-tw.cern.ch
  timeleft: 712:39:57  (29.7 days)

 error: 
 retcode : 0
DEBUG 2021-11-23 16:15:34.844 UTC: 	 Myproxy is valid: 2565597
DEBUG 2021-11-23 16:15:34.844 UTC: 	 Result of myproxy credential check:
  Credential exists on myproxy: username: b52ac606a6f7097e9b4b8f05a3a67cc69f8f291b  - validity: 29 days, 16:41:06
  Credential exists on myproxy: username: yian_CRAB  - validity: 29 days, 16:39:57
DEBUG 2021-11-23 16:15:34.844 UTC: 	 Command use: submit
DEBUG 2021-11-23 16:15:34.844 UTC: 	 Options use: ['-c', 'crabcode_2017/WGToLNuG_01J_5f_TuneCP5_13TeV-amcatnloFXFX-pythia8_2017_cfg.py']
DEBUG 2021-11-23 16:15:34.938 UTC: 	 CRABClient version: v3.210825
DEBUG 2021-11-23 16:15:34.938 UTC: 	 Instance is prod
DEBUG 2021-11-23 16:15:34.938 UTC: 	 Server base url is cmsweb.cern.ch
DEBUG 2021-11-23 16:15:34.938 UTC: 	 Command api workflow
DEBUG 2021-11-23 16:15:34.938 UTC: 	 Started submission
DEBUG 2021-11-23 16:15:34.938 UTC: 	 Working on /afs/cern.ch/work/y/yian/work/GZ/CMSSW_10_6_20/src/PhysicsTools/NanoAODTools/WWG/2017/crab/crab2017/crab_WGToLNuG_01J_5f_TuneCP5_13TeV-amcatnloFXFX-pythia8_2017
DEBUG 2021-11-23 16:15:36.018 UTC: 	 Loading required information from the environment
DEBUG 2021-11-23 16:15:36.018 UTC: 	 Found CMSSW_10_6_20 for slc7_amd64_gcc820 with base /afs/cern.ch/work/y/yian/work/GZ/CMSSW_10_6_20
DEBUG 2021-11-23 16:15:36.019 UTC: 	 Loading required information from the environment
DEBUG 2021-11-23 16:15:36.019 UTC: 	 Found CMSSW_10_6_20 for slc7_amd64_gcc820 with base /afs/cern.ch/work/y/yian/work/GZ/CMSSW_10_6_20
DEBUG 2021-11-23 16:15:36.019 UTC: 	 UNIQUE NAME: tarUUID 6f3641ed-7c93-4716-815f-f6a7038c0f7f 
DEBUG 2021-11-23 16:15:36.019 UTC: 	 self.config: from WMCore.Configuration import Configuration
config = Configuration()
config.section_('General')
config.General.workArea = 'crab2017'
config.General.transferLogs = False
config.General.requestName = 'WGToLNuG_01J_5f_TuneCP5_13TeV-amcatnloFXFX-pythia8_2017'
config.section_('JobType')
config.JobType.scriptArgs = ['isdata=MC', 'year=2017', 'era=B']
config.JobType.scriptExe = './WWG_crab_script.sh'
config.JobType.pluginName = 'Analysis'
config.JobType.sendPythonFolder = True
config.JobType.allowUndistributedCMSSW = True
config.JobType.psetName = 'PSet.py'
config.JobType.inputFiles = ['../../../scripts/haddnano.py', '../WWG_selector/WWG_postproc.py', '../WWG_selector/WWG_Module.py', '../WWG_selector/WWG_keep_and_drop.txt', '../WWG_selector/WWG_output_branch.txt', '../WWG_selector/DAS_filesearch.py']
config.section_('Data')
config.Data.inputDataset = '/WGToLNuG_01J_5f_TuneCP5_13TeV-amcatnloFXFX-pythia8/RunIISummer20UL17NanoAODv9-106X_mc2017_realistic_v9-v1/NANOAODSIM'
config.Data.allowNonValidInputDataset = True
config.Data.publication = False
config.Data.unitsPerJob = 1
config.Data.ignoreLocality = True
config.Data.inputDBS = 'global'
config.Data.splitting = 'FileBased'
config.Data.outputDatasetTag = 'WGToLNuG_01J_5f_TuneCP5_13TeV-amcatnloFXFX-pythia8_2017'
config.section_('Site')
config.Site.whitelist = ['T2_US_MIT', 'T2_US_Wisconsin', 'T2_US_Purdue', 'T2_US_UCSD', 'T2_US_Caltech', 'T2_US_Nebraska']
config.Site.storageSite = 'T2_CH_CERN'

DEBUG 2021-11-23 16:15:36.019 UTC: 	 self.config.JobType.psetName: PSet.py
INFO 2021-11-23 16:15:36.019 UTC: 	 Importing CMSSW configuration PSet.py
INFO 2021-11-23 16:15:46.303 UTC: 	 Finished importing CMSSW configuration PSet.py
DEBUG 2021-11-23 16:15:46.303 UTC: 	 Writing CMSSW configuration to /afs/cern.ch/work/y/yian/work/GZ/CMSSW_10_6_20/src/PhysicsTools/NanoAODTools/WWG/2017/crab/crab2017/crab_WGToLNuG_01J_5f_TuneCP5_13TeV-amcatnloFXFX-pythia8_2017/inputs/PSet.py
DEBUG 2021-11-23 16:15:46.400 UTC: 	 The following EDM output files will be collected: ['tree.root']
DEBUG 2021-11-23 16:15:46.400 UTC: 	 The following TFile output files will be collected: []
DEBUG 2021-11-23 16:15:46.400 UTC: 	 The following user output files (not listed as PoolOuputModule or TFileService in the CMSSW PSet) will be collected: 
DEBUG 2021-11-23 16:15:46.401 UTC: 	 Loading required information from the environment
DEBUG 2021-11-23 16:15:46.401 UTC: 	 Found CMSSW_10_6_20 for slc7_amd64_gcc820 with base /afs/cern.ch/work/y/yian/work/GZ/CMSSW_10_6_20
DEBUG 2021-11-23 16:15:46.401 UTC: 	 Making tarball in /afs/cern.ch/work/y/yian/work/GZ/CMSSW_10_6_20/src/PhysicsTools/NanoAODTools/WWG/2017/crab/crab2017/crab_WGToLNuG_01J_5f_TuneCP5_13TeV-amcatnloFXFX-pythia8_2017/inputs/6f3641ed-7c93-4716-815f-f6a7038c0f7fdefault.tgz
DEBUG 2021-11-23 16:15:46.414 UTC: 	 Checking directory /afs/cern.ch/work/y/yian/work/GZ/CMSSW_10_6_20/lib
DEBUG 2021-11-23 16:15:46.415 UTC: 	 Adding directory /afs/cern.ch/work/y/yian/work/GZ/CMSSW_10_6_20/lib to tarball
DEBUG 2021-11-23 16:15:47.402 UTC: 	 Checking directory /afs/cern.ch/work/y/yian/work/GZ/CMSSW_10_6_20/biglib
DEBUG 2021-11-23 16:15:47.402 UTC: 	 Adding directory /afs/cern.ch/work/y/yian/work/GZ/CMSSW_10_6_20/biglib to tarball
DEBUG 2021-11-23 16:15:47.403 UTC: 	 Checking directory /afs/cern.ch/work/y/yian/work/GZ/CMSSW_10_6_20/module
DEBUG 2021-11-23 16:15:47.403 UTC: 	 Checking directory /afs/cern.ch/work/y/yian/work/GZ/CMSSW_10_6_20/python
DEBUG 2021-11-23 16:15:47.403 UTC: 	 Adding directory /afs/cern.ch/work/y/yian/work/GZ/CMSSW_10_6_20/python to tarball
DEBUG 2021-11-23 16:15:53.120 UTC: 	 Checking directory /afs/cern.ch/work/y/yian/work/GZ/CMSSW_10_6_20/cfipython
DEBUG 2021-11-23 16:15:53.121 UTC: 	 Adding directory /afs/cern.ch/work/y/yian/work/GZ/CMSSW_10_6_20/cfipython to tarball
DEBUG 2021-11-23 16:16:12.264 UTC: 	 Adding data directory /afs/cern.ch/work/y/yian/work/GZ/CMSSW_10_6_20/src/PhysicsTools/NanoAODTools/data to tarball
DEBUG 2021-11-23 16:16:59.760 UTC: 	 Adding data directory /afs/cern.ch/work/y/yian/work/GZ/CMSSW_10_6_20/src/PhysicsTools/NanoAODTools/interface to tarball
DEBUG 2021-11-23 16:16:59.772 UTC: 	 Adding data directory /afs/cern.ch/work/y/yian/work/GZ/CMSSW_10_6_20/src/PhysicsTools/NanoAODTools/python/postprocessing/data to tarball
DEBUG 2021-11-23 16:17:02.534 UTC: 	 Adding file ../../../scripts/haddnano.py to tarball
DEBUG 2021-11-23 16:17:02.535 UTC: 	 Adding file ../WWG_selector/WWG_postproc.py to tarball
DEBUG 2021-11-23 16:17:02.536 UTC: 	 Adding file ../WWG_selector/WWG_Module.py to tarball
DEBUG 2021-11-23 16:17:02.537 UTC: 	 Adding file ../WWG_selector/WWG_keep_and_drop.txt to tarball
DEBUG 2021-11-23 16:17:02.544 UTC: 	 Adding file ../WWG_selector/WWG_output_branch.txt to tarball
DEBUG 2021-11-23 16:17:02.545 UTC: 	 Adding file ../WWG_selector/DAS_filesearch.py to tarball
DEBUG 2021-11-23 16:17:25.903 UTC: 	 Uploading archive /afs/cern.ch/work/y/yian/work/GZ/CMSSW_10_6_20/src/PhysicsTools/NanoAODTools/WWG/2017/crab/crab2017/crab_WGToLNuG_01J_5f_TuneCP5_13TeV-amcatnloFXFX-pythia8_2017/inputs/6f3641ed-7c93-4716-815f-f6a7038c0f7fdefault.tgz (94 MB) to the CRAB cache. Using URI https://cmsweb.cern.ch/S3/crabcache_prod
DEBUG 2021-11-23 16:17:52.969 UTC: 	 sandbox 39bc3010d7ba2374684857ed42fc86481bae0161e7f8c7d93f5c25e342929c09.tar.gz is already in the S3 store, will not upload again
DEBUG 2021-11-23 16:17:52.969 UTC: 	 Loading required information from the environment
DEBUG 2021-11-23 16:17:52.970 UTC: 	 Found CMSSW_10_6_20 for slc7_amd64_gcc820 with base /afs/cern.ch/work/y/yian/work/GZ/CMSSW_10_6_20
DEBUG 2021-11-23 16:17:52.970 UTC: 	 Making tarball in /afs/cern.ch/work/y/yian/work/GZ/CMSSW_10_6_20/src/PhysicsTools/NanoAODTools/WWG/2017/crab/crab2017/crab_WGToLNuG_01J_5f_TuneCP5_13TeV-amcatnloFXFX-pythia8_2017/inputs/debugFiles.tgz
DEBUG 2021-11-23 16:17:53.007 UTC: 	 Uploading archive /afs/cern.ch/work/y/yian/work/GZ/CMSSW_10_6_20/src/PhysicsTools/NanoAODTools/WWG/2017/crab/crab2017/crab_WGToLNuG_01J_5f_TuneCP5_13TeV-amcatnloFXFX-pythia8_2017/inputs/debugFiles.tgz (1 KB) to the CRAB cache. Using URI https://cmsweb.cern.ch/S3/crabcache_prod
DEBUG 2021-11-23 16:17:53.162 UTC: 	 sandbox 416a56a51dd1e64e5cabf25011d5f2791c0d7645c52fdc67fc2041fe11e87096.tar.gz is already in the S3 store, will not upload again
DEBUG 2021-11-23 16:17:53.162 UTC: 	 Result uploading input files: 39bc3010d7ba2374684857ed42fc86481bae0161e7f8c7d93f5c25e342929c09.tar.gz 
INFO 2021-11-23 16:17:53.162 UTC: 	 Sending the request to the server at cmsweb.cern.ch
DEBUG 2021-11-23 16:17:53.162 UTC: 	 Submitting {'maxjobruntime': 1250, 'extrajdl': [], 'ignorelocality': 1, 'savelogsflag': 0, 'useparent': 0, 'scriptexe': 'WWG_crab_script.sh', 'asyncdest': 'T2_CH_CERN', 'algoargs': 1, 'cachefilename': '39bc3010d7ba2374684857ed42fc86481bae0161e7f8c7d93f5c25e342929c09.tar.gz', 'numcores': 1, 'addoutputfiles': [], 'generator': 'pythia', 'maxmemory': 2000, 'publishdbsurl': 'https://cmsweb.cern.ch/dbs/prod/phys03/DBSWriter', 'priority': 10, 'jobsw': 'CMSSW_10_6_20', 'edmoutfiles': ['tree.root'], 'userfiles': [], 'primarydataset': '', 'inputdata': '/WGToLNuG_01J_5f_TuneCP5_13TeV-amcatnloFXFX-pythia8/RunIISummer20UL17NanoAODv9-106X_mc2017_realistic_v9-v1/NANOAODSIM', 'dryrun': 0, 'workflow': 'crab_WGToLNuG_01J_5f_TuneCP5_13TeV-amcatnloFXFX-pythia8_2017', 'scriptargs': ['isdata=MC', 'year=2017', 'era=B'], 'sitewhitelist': ['T2_US_MIT', 'T2_US_Wisconsin', 'T2_US_Purdue', 'T2_US_UCSD', 'T2_US_Caltech', 'T2_US_Nebraska'], 'nonprodsw': 1, 'tfileoutfiles': [], 'oneEventMode': 0, 'debugfilename': '416a56a51dd1e64e5cabf25011d5f2791c0d7645c52fdc67fc2041fe11e87096.tar.gz', 'cacheurl': u'https://cmsweb.cern.ch/S3/crabcache_prod', 'saveoutput': 1, 'publication': 0, 'jobarch': 'slc7_amd64_gcc820', 'totalunits': 0, 'splitalgo': 'FileBased', 'ignoreglobalblacklist': 0, 'nonvaliddata': 1, 'dbsurl': 'https://cmsweb.cern.ch/dbs/prod/global/DBSReader', 'publishgroupname': 0, 'jobtype': 'Analysis', 'publishname2': 'WGToLNuG_01J_5f_TuneCP5_13TeV-amcatnloFXFX-pythia8_2017'} 
DEBUG 2021-11-23 16:17:53.163 UTC: 	 Encoded submit request: maxjobruntime=1250&ignorelocality=1&savelogsflag=0&useparent=0&scriptexe=WWG_crab_script.sh&asyncdest=T2_CH_CERN&algoargs=1&cachefilename=39bc3010d7ba2374684857ed42fc86481bae0161e7f8c7d93f5c25e342929c09.tar.gz&numcores=1&generator=pythia&maxmemory=2000&publishdbsurl=https%3A%2F%2Fcmsweb.cern.ch%2Fdbs%2Fprod%2Fphys03%2FDBSWriter&priority=10&jobsw=CMSSW_10_6_20&primarydataset=&inputdata=%2FWGToLNuG_01J_5f_TuneCP5_13TeV-amcatnloFXFX-pythia8%2FRunIISummer20UL17NanoAODv9-106X_mc2017_realistic_v9-v1%2FNANOAODSIM&dryrun=0&workflow=crab_WGToLNuG_01J_5f_TuneCP5_13TeV-amcatnloFXFX-pythia8_2017&nonprodsw=1&oneEventMode=0&debugfilename=416a56a51dd1e64e5cabf25011d5f2791c0d7645c52fdc67fc2041fe11e87096.tar.gz&cacheurl=https%3A%2F%2Fcmsweb.cern.ch%2FS3%2Fcrabcache_prod&saveoutput=1&publication=0&jobarch=slc7_amd64_gcc820&totalunits=0&splitalgo=FileBased&ignoreglobalblacklist=0&nonvaliddata=1&dbsurl=https%3A%2F%2Fcmsweb.cern.ch%2Fdbs%2Fprod%2Fglobal%2FDBSReader&publishgroupname=0&jobtype=Analysis&publishname2=WGToLNuG_01J_5f_TuneCP5_13TeV-amcatnloFXFX-pythia8_2017&sitewhitelist=T2_US_MIT&sitewhitelist=T2_US_Wisconsin&sitewhitelist=T2_US_Purdue&sitewhitelist=T2_US_UCSD&sitewhitelist=T2_US_Caltech&sitewhitelist=T2_US_Nebraska&edmoutfiles=tree.root&scriptargs=isdata%3DMC&scriptargs=year%3D2017&scriptargs=era%3DB
DEBUG 2021-11-23 16:17:53.314 UTC: 	 Result: {u'result': [{u'RequestName': u'211123_161753:yian_crab_WGToLNuG_01J_5f_TuneCP5_13TeV-amcatnloFXFX-pythia8_2017'}]}
INFO 2021-11-23 16:17:53.357 UTC: 	 Success: Your task has been delivered to the prod CRAB3 server.
INFO 2021-11-23 16:17:53.357 UTC: 	 Task name: 211123_161753:yian_crab_WGToLNuG_01J_5f_TuneCP5_13TeV-amcatnloFXFX-pythia8_2017
INFO 2021-11-23 16:17:53.357 UTC: 	 Project dir: crab2017/crab_WGToLNuG_01J_5f_TuneCP5_13TeV-amcatnloFXFX-pythia8_2017
INFO 2021-11-23 16:17:53.357 UTC: 	 Please use ' crab status -d crab2017/crab_WGToLNuG_01J_5f_TuneCP5_13TeV-amcatnloFXFX-pythia8_2017 ' to check how the submission process proceeds.
DEBUG 2021-11-23 16:17:53.358 UTC: 	 About to return
INFO 2021-11-23 16:17:53.365 UTC: 	 Log file is /afs/cern.ch/work/y/yian/work/GZ/CMSSW_10_6_20/src/PhysicsTools/NanoAODTools/WWG/2017/crab/crab2017/crab_WGToLNuG_01J_5f_TuneCP5_13TeV-amcatnloFXFX-pythia8_2017/crab.log
DEBUG 2021-11-24 04:49:01.437 UTC: 	 CRAB Client version: v3.210825
DEBUG 2021-11-24 04:49:01.437 UTC: 	 Running on: Linux lxplus772.cern.ch 3.10.0-1160.45.1.el7.x86_64 #1 SMP Wed Oct 13 17:20:51 UTC 2021 x86_64 x86_64 x86_64 GNU/Linux - CentOS Linux 7 (Core)
DEBUG 2021-11-24 04:49:01.437 UTC: 	 Executing command: 'status'
DEBUG 2021-11-24 04:49:01.438 UTC: 	 Found CRAB cache file /afs/cern.ch/user/y/yian/.crab3
DEBUG 2021-11-24 04:49:01.525 UTC: 	 Checking credentials
DEBUG 2021-11-24 04:49:01.526 UTC: 	 Found proxy file /tmp/x509up_u110046
DEBUG 2021-11-24 04:49:01.526 UTC: 	 Getting proxy life time left
DEBUG 2021-11-24 04:49:02.333 UTC: 	 Executing : 
 command : voms-proxy-info -file /tmp/x509up_u110046 -timeleft
 output : 558661

 error: 
 retcode : 0
DEBUG 2021-11-24 04:49:03.039 UTC: 	 Executing : 
 command : voms-proxy-info -file /tmp/x509up_u110046 -actimeleft
 output : 558660

 error: 
 retcode : 0
DEBUG 2021-11-24 04:49:03.039 UTC: 	 Proxy lifetime 558661 secs is different from voms extension lifetime 558660 secs for proxy: /tmp/x509up_u110046
DEBUG 2021-11-24 04:49:03.039 UTC: 	 Proxy valid for 155:11:00 hours
DEBUG 2021-11-24 04:49:03.095 UTC: 	 Registering user credentials for server /DC=ch/DC=cern/OU=computers/CN=crab-(preprod|prod|dev)-tw(02|01).cern.ch|/DC=ch/DC=cern/OU=computers/CN=stefanov(m|m2).cern.ch|/DC=ch/DC=cern/OU=computers/CN=dciangot-tw.cern.ch
DEBUG 2021-11-24 04:49:03.812 UTC: 	 Executing : 
 command : voms-proxy-info -file /tmp/x509up_u110046 -identity
 output : /DC=ch/DC=cern/OU=Organic Units/OU=Users/CN=yian/CN=826694/CN=Ying An

 error: 
 retcode : 0
DEBUG 2021-11-24 04:49:03.819 UTC: 	 Getting myproxy life time left for myproxy.cern.ch
DEBUG 2021-11-24 04:49:03.819 UTC: 	 using b52ac606a6f7097e9b4b8f05a3a67cc69f8f291b as credential login name
DEBUG 2021-11-24 04:49:04.124 UTC: 	 Executing : 
 command : myproxy-info -l b52ac606a6f7097e9b4b8f05a3a67cc69f8f291b -s myproxy.cern.ch
 output : username: b52ac606a6f7097e9b4b8f05a3a67cc69f8f291b
owner: /DC=ch/DC=cern/OU=Organic Units/OU=Users/CN=yian/CN=826694/CN=Ying An
  renewal policy: /DC=ch/DC=cern/OU=computers/CN=crab-(preprod|prod|dev)-tw(02|01).cern.ch|/DC=ch/DC=cern/OU=computers/CN=stefanov(m|m2).cern.ch|/DC=ch/DC=cern/OU=computers/CN=dciangot-tw.cern.ch
  trusted retrieval policy: /DC=ch/DC=cern/OU=computers/CN=crab-(preprod|prod|dev)-tw(02|01).cern.ch|/DC=ch/DC=cern/OU=computers/CN=stefanov(m|m2).cern.ch|/DC=ch/DC=cern/OU=computers/CN=dciangot-tw.cern.ch
  timeleft: 700:07:34  (29.2 days)

 error: 
 retcode : 0
DEBUG 2021-11-24 04:49:04.125 UTC: 	 Myproxy is valid: 2520454
DEBUG 2021-11-24 04:49:04.125 UTC: 	 Retrieving username ...
DEBUG 2021-11-24 04:49:04.125 UTC: 	 Retrieving username from CRIC...
DEBUG 2021-11-24 04:49:05.064 UTC: 	 username is yian
DEBUG 2021-11-24 04:49:05.071 UTC: 	 Getting myproxy life time left for myproxy.cern.ch
DEBUG 2021-11-24 04:49:05.071 UTC: 	 using yian_CRAB as credential login name
DEBUG 2021-11-24 04:49:05.376 UTC: 	 Executing : 
 command : myproxy-info -l yian_CRAB -s myproxy.cern.ch
 output : username: yian_CRAB
owner: /DC=ch/DC=cern/OU=Organic Units/OU=Users/CN=yian/CN=826694/CN=Ying An
  renewal policy: /DC=ch/DC=cern/OU=computers/CN=crab-(preprod|prod|dev)-tw(02|01).cern.ch|/DC=ch/DC=cern/OU=computers/CN=stefanov(m|m2).cern.ch|/DC=ch/DC=cern/OU=computers/CN=dciangot-tw.cern.ch
  trusted retrieval policy: /DC=ch/DC=cern/OU=computers/CN=crab-(preprod|prod|dev)-tw(02|01).cern.ch|/DC=ch/DC=cern/OU=computers/CN=stefanov(m|m2).cern.ch|/DC=ch/DC=cern/OU=computers/CN=dciangot-tw.cern.ch
  timeleft: 700:06:26  (29.2 days)

 error: 
 retcode : 0
DEBUG 2021-11-24 04:49:05.376 UTC: 	 Myproxy is valid: 2520386
DEBUG 2021-11-24 04:49:05.377 UTC: 	 Result of myproxy credential check:
  Credential exists on myproxy: username: b52ac606a6f7097e9b4b8f05a3a67cc69f8f291b  - validity: 29 days, 4:07:34
  Credential exists on myproxy: username: yian_CRAB  - validity: 29 days, 4:06:26
DEBUG 2021-11-24 04:49:05.378 UTC: 	 Command use: status
DEBUG 2021-11-24 04:49:05.378 UTC: 	 Options use: ['-d', 'crab2017/crab_WGToLNuG_01J_5f_TuneCP5_13TeV-amcatnloFXFX-pythia8_2017']
DEBUG 2021-11-24 04:49:05.428 UTC: 	 CRABClient version: v3.210825
DEBUG 2021-11-24 04:49:05.428 UTC: 	 Instance is prod
DEBUG 2021-11-24 04:49:05.428 UTC: 	 Server base url is cmsweb.cern.ch
DEBUG 2021-11-24 04:49:05.428 UTC: 	 Command api workflow
DEBUG 2021-11-24 04:49:05.550 UTC: 	 Got information from server oracle database: {u'result': [u'211123_161753:yian_crab_WGToLNuG_01J_5f_TuneCP5_13TeV-amcatnloFXFX-pythia8_2017', u'None', u'None', u'SUBMITTED', u'SUBMIT', u'2021-11-23 16:17:53.295860', u'None', u'2021-11-23 16:18:50.391391', u'None', u'CMSSW_10_6_20', u'slc7_amd64_gcc820', u'/WGToLNuG_01J_5f_TuneCP5_13TeV-amcatnloFXFX-pythia8/RunIISummer20UL17NanoAODv9-106X_mc2017_realistic_v9-v1/NANOAODSIM', u'T', u'0', u"[u'T2_US_UCSD', u'T2_US_Wisconsin', u'T2_US_MIT', u'T2_US_Caltech', u'T2_US_Purdue', u'T2_US_Nebraska']", u'[]', u'FileBased', u"{'splitOnRun': False, 'halt_job_on_file_boundaries': False, 'files_per_job': 1, 'runs': [], 'lumis': []}", u'39bc3010d7ba2374684857ed42fc86481bae0161e7f8c7d93f5c25e342929c09.tar.gz', u'https://cmsweb.cern.ch/S3/crabcache_prod', u'yian', u'/DC=ch/DC=cern/OU=Organic Units/OU=Users/CN=yian/CN=826694/CN=Ying An', u'cms', u'None', u'None', u'WGToLNuG_01J_5f_TuneCP5_13TeV-amcatnloFXFX-pythia8_2017-00000000000000000000000000000000', u'F', u'T2_CH_CERN', u'https://cmsweb.cern.ch/dbs/prod/global/DBSReader', u'https://cmsweb.cern.ch/dbs/prod/phys03/DBSWriter', u'F', u'[]', u'[]', u"[b'tree.root']", u'Analysis', u'pythia', u'None', u'{}', u'[]', u'F', u'crab-prod-tw01', u'[]', u'1250', u'1', u'2000', u'10', u"['/WGToLNuG_01J_5f_TuneCP5_13TeV-amcatnloFXFX-pythia8/yian-WGToLNuG_01J_5f_TuneCP5_13TeV-amcatnloFXFX-pythia8_2017-76de701442013e6ff941c86cd482e64d/USER']", u'[]', u'http://vocms0199.cern.ch/mon/cms1407/211123_161753:yian_crab_WGToLNuG_01J_5f_TuneCP5_13TeV-amcatnloFXFX-pythia8_2017', u'WWG_crab_script.sh', u"[b'isdata=MC', b'year=2017', b'era=B']", u'[]', u'https://cmsweb.cern.ch/crabserver/prod', u'cmsgwms-collector-global.cern.ch:9620,cmsgwms-collector-global.fnal.gov:9620', u'crab3@vocms0199.cern.ch', u'F', u'[]', u'T', u'/store/user/yian/', u'T', u'None', u'F', u'None', u'WGToLNuG_01J_5f_TuneCP5_13TeV-amcatnloFXFX-pythia8', u'None', u'416a56a51dd1e64e5cabf25011d5f2791c0d7645c52fdc67fc2041fe11e87096.tar.gz', u'33258252', u'filetransfers', u'F', u'188.184.97.219', u'0.0', u'None'], u'desc': {u'columns': [u'tm_taskname', u'tm_activity', u'panda_jobset_id', u'tm_task_status', u'tm_task_command', u'tm_start_time', u'tm_start_injection', u'tm_end_injection', u'tm_task_failure', u'tm_job_sw', u'tm_job_arch', u'tm_input_dataset', u'tm_nonvalid_input_dataset', u'tm_use_parent', u'tm_site_whitelist', u'tm_site_blacklist', u'tm_split_algo', u'tm_split_args', u'tm_user_sandbox', u'tm_cache_url', u'tm_username', u'tm_user_dn', u'tm_user_vo', u'tm_user_role', u'tm_user_group', u'tm_publish_name', u'tm_publish_groupname', u'tm_asyncdest', u'tm_dbs_url', u'tm_publish_dbs_url', u'tm_publication', u'tm_outfiles', u'tm_tfile_outfiles', u'tm_edm_outfiles', u'tm_job_type', u'tm_generator', u'tm_events_per_lumi', u'tm_arguments', u'panda_resubmitted_jobs', u'tm_save_logs', u'tw_name', u'tm_user_infiles', u'tm_maxjobruntime', u'tm_numcores', u'tm_maxmemory', u'tm_priority', u'tm_output_dataset', u'tm_task_warnings', u'tm_user_webdir', u'tm_scriptexe', u'tm_scriptargs', u'tm_extrajdl', u'tm_asourl', u'tm_collector', u'tm_schedd', u'tm_dry_run', u'tm_user_files', u'tm_transfer_outputs', u'tm_output_lfn', u'tm_ignore_locality', u'tm_fail_limit', u'tm_one_event_mode', u'tm_secondary_input_dataset', u'tm_primary_dataset', u'tm_last_publication', u'tm_debug_files', u'clusterid', u'tm_asodb', u'tm_ignore_global_blacklist', u'tm_submitter_ip_addr', u'tm_totalunits', u'tm_ddm_reqid']}}
INFO 2021-11-24 04:49:05.551 UTC: 	 CRAB project directory:		/afs/cern.ch/work/y/yian/work/GZ/CMSSW_10_6_20/src/PhysicsTools/NanoAODTools/WWG/2017/crab/crab2017/crab_WGToLNuG_01J_5f_TuneCP5_13TeV-amcatnloFXFX-pythia8_2017
INFO 2021-11-24 04:49:05.551 UTC: 	 Task name:			211123_161753:yian_crab_WGToLNuG_01J_5f_TuneCP5_13TeV-amcatnloFXFX-pythia8_2017
INFO 2021-11-24 04:49:05.551 UTC: 	 Grid scheduler - Task Worker:	crab3@vocms0199.cern.ch - crab-prod-tw01
INFO 2021-11-24 04:49:05.551 UTC: 	 Status on the CRAB server:	SUBMITTED
INFO 2021-11-24 04:49:05.551 UTC: 	 Task URL to use for HELP:	https://cmsweb.cern.ch/crabserver/ui/task/211123_161753%3Ayian_crab_WGToLNuG_01J_5f_TuneCP5_13TeV-amcatnloFXFX-pythia8_2017
INFO 2021-11-24 04:49:05.555 UTC: 	 Dashboard monitoring URL:	https://monit-grafana.cern.ch/d/cmsTMDetail/cms-task-monitoring-task-view?orgId=11&var-user=yian&var-task=211123_161753%3Ayian_crab_WGToLNuG_01J_5f_TuneCP5_13TeV-amcatnloFXFX-pythia8_2017&from=1637680673000&to=now
DEBUG 2021-11-24 04:49:05.555 UTC: 	 The CRAB server submitted your task to the Grid scheduler (cluster ID: 33258252)
DEBUG 2021-11-24 04:49:05.555 UTC: 	 Webdir is located at http://vocms0199.cern.ch/mon/cms1407/211123_161753:yian_crab_WGToLNuG_01J_5f_TuneCP5_13TeV-amcatnloFXFX-pythia8_2017
DEBUG 2021-11-24 04:49:05.630 UTC: 	 Proxied webdir is located at https://cmsweb.cern.ch:8443/scheddmon/0199/cms1407/211123_161753:yian_crab_WGToLNuG_01J_5f_TuneCP5_13TeV-amcatnloFXFX-pythia8_2017
DEBUG 2021-11-24 04:49:05.630 UTC: 	 Retrieving 'status_cache' file from https://cmsweb.cern.ch:8443/scheddmon/0199/cms1407/211123_161753:yian_crab_WGToLNuG_01J_5f_TuneCP5_13TeV-amcatnloFXFX-pythia8_2017/status_cache
DEBUG 2021-11-24 04:49:05.705 UTC: 	 Got information from status cache file: {'54': {'Retries': 0, 'WallDurations': [9.0, 259.7105350494385, 2294.0], 'StartTimes': [1637700075.0], 'SubmitTimes': [1637684351.0], 'JobIds': ['33258310.0'], 'EndTimes': [1637702369.0], 'Restarts': 0, 'RecordedSite': True, 'State': 'finished', 'ResidentSetSize': [1362088], 'TotalUserCpuTimeHistory': [897], 'SiteHistory': ['Unknown', 'T2_US_UCSD', 'T2_US_UCSD'], 'TotalSysCpuTimeHistory': [30]}, '42': {'Retries': 0, 'WallDurations': [9.0, 284.9640920162201, 13916.0], 'StartTimes': [1637697944.0], 'SubmitTimes': [1637684349.0], 'JobIds': ['33258299.0'], 'EndTimes': [1637711860.0], 'Restarts': 0, 'RecordedSite': True, 'State': 'finished', 'ResidentSetSize': [1455728], 'TotalUserCpuTimeHistory': [2575], 'SiteHistory': ['Unknown', 'T2_US_Purdue', 'T2_US_Purdue'], 'TotalSysCpuTimeHistory': [148]}, '48': {'Retries': 0, 'WallDurations': [9.0, 279.9640920162201, 27956.0], 'StartTimes': [1637697949.0], 'SubmitTimes': [1637684350.0], 'JobIds': ['33258304.0'], 'EndTimes': [], 'Restarts': 0, 'RecordedSite': True, 'State': 'running', 'ResidentSetSize': [1453248], 'TotalUserCpuTimeHistory': [1047.0], 'SiteHistory': ['Unknown', 'T2_US_Purdue', 'T2_US_Purdue'], 'TotalSysCpuTimeHistory': [27.0]}, '43': {'Retries': 0, 'WallDurations': [9.0, 283.9640920162201, 31265.0], 'StartTimes': [1637697945.0], 'SubmitTimes': [1637684349.0], 'JobIds': ['33258300.0'], 'EndTimes': [], 'Restarts': 0, 'RecordedSite': True, 'State': 'running', 'ResidentSetSize': [1529064], 'TotalUserCpuTimeHistory': [4695.0], 'SiteHistory': ['Unknown', 'T2_US_Purdue', 'T2_US_Purdue'], 'TotalSysCpuTimeHistory': [302.0]}, '53': {'Retries': 0, 'WallDurations': [8.0, 42.300503969192505, 29156.0], 'StartTimes': [1637699991.0], 'SubmitTimes': [1637684351.0], 'JobIds': ['33258309.0'], 'EndTimes': [], 'Restarts': 0, 'RecordedSite': True, 'State': 'running', 'ResidentSetSize': [1470468], 'TotalUserCpuTimeHistory': [3824.0], 'SiteHistory': ['Unknown', 'T2_US_Purdue', 'T2_US_Purdue'], 'TotalSysCpuTimeHistory': [263.0]}, '52': {'Retries': 0, 'WallDurations': [9.0, 245.9640920162201, 30961.0], 'StartTimes': [1637697983.0], 'SubmitTimes': [1637684351.0], 'JobIds': ['33258308.0'], 'EndTimes': [], 'Restarts': 0, 'RecordedSite': True, 'State': 'running', 'ResidentSetSize': [1534356], 'TotalUserCpuTimeHistory': [4978.0], 'SiteHistory': ['Unknown', 'T2_US_Purdue', 'T2_US_Purdue'], 'TotalSysCpuTimeHistory': [334.0]}, '23': {'Retries': 0, 'WallDurations': [10.0, 258.9640920162201, 31264.0], 'StartTimes': [1637697970.0], 'SubmitTimes': [1637684342.0], 'JobIds': ['33258280.0'], 'EndTimes': [], 'Restarts': 0, 'RecordedSite': True, 'State': 'running', 'ResidentSetSize': [1385668], 'TotalUserCpuTimeHistory': [2508.0], 'SiteHistory': ['Unknown', 'T2_US_UCSD', 'T2_US_UCSD'], 'TotalSysCpuTimeHistory': [137.0]}, '24': {'Retries': 0, 'WallDurations': [8.0, 280.9640920162201, 30956.0], 'StartTimes': [1637697948.0], 'SubmitTimes': [1637684342.0], 'JobIds': ['33258281.0'], 'EndTimes': [], 'Restarts': 0, 'RecordedSite': True, 'State': 'running', 'ResidentSetSize': [1473152], 'TotalUserCpuTimeHistory': [4631.0], 'SiteHistory': ['Unknown', 'T2_US_Purdue', 'T2_US_Purdue'], 'TotalSysCpuTimeHistory': [301.0]}, '25': {'Retries': 0, 'WallDurations': [9.0, 285.9640920162201, 15031.0], 'StartTimes': [1637697943.0], 'SubmitTimes': [1637684342.0], 'JobIds': ['33258282.0'], 'EndTimes': [1637712974.0], 'Restarts': 0, 'RecordedSite': True, 'State': 'finished', 'ResidentSetSize': [1515580], 'TotalUserCpuTimeHistory': [13798], 'SiteHistory': ['Unknown', 'T2_US_MIT', 'T2_US_MIT'], 'TotalSysCpuTimeHistory': [861]}, '26': {'Retries': 0, 'WallDurations': [9.0, 285.9640920162201, 31268.0], 'StartTimes': [1637697943.0], 'SubmitTimes': [1637684342.0], 'JobIds': ['33258283.0'], 'EndTimes': [], 'Restarts': 0, 'RecordedSite': True, 'State': 'running', 'ResidentSetSize': [1463932], 'TotalUserCpuTimeHistory': [3323.0], 'SiteHistory': ['Unknown', 'T2_US_UCSD', 'T2_US_UCSD'], 'TotalSysCpuTimeHistory': [361.0]}, '27': {'Retries': 0, 'WallDurations': [8.0, 283.9640920162201, 31263.0], 'StartTimes': [1637697945.0], 'SubmitTimes': [1637684347.0], 'JobIds': ['33258284.0'], 'EndTimes': [], 'Restarts': 0, 'RecordedSite': True, 'State': 'running', 'ResidentSetSize': [1476584], 'TotalUserCpuTimeHistory': [4499.0], 'SiteHistory': ['Unknown', 'T2_US_Purdue', 'T2_US_Purdue'], 'TotalSysCpuTimeHistory': [288.0]}, '20': {'Retries': 0, 'WallDurations': [9.0, 286.9640920162201, 2019.0], 'StartTimes': [1637697942.0], 'SubmitTimes': [1637684341.0], 'JobIds': ['33258277.0'], 'EndTimes': [1637699961.0], 'Restarts': 0, 'RecordedSite': True, 'State': 'finished', 'ResidentSetSize': [1431364], 'TotalUserCpuTimeHistory': [869], 'SiteHistory': ['Unknown', 'T2_US_Purdue', 'T2_US_Purdue'], 'TotalSysCpuTimeHistory': [10]}, '21': {'Retries': 0, 'WallDurations': [9.0, 278.9640920162201, 1464.0], 'StartTimes': [1637697950.0], 'SubmitTimes': [1637684341.0], 'JobIds': ['33258278.0'], 'EndTimes': [1637699414.0], 'Restarts': 0, 'RecordedSite': True, 'State': 'finished', 'ResidentSetSize': [1376516], 'TotalUserCpuTimeHistory': [980], 'SiteHistory': ['Unknown', 'T2_US_MIT', 'T2_US_MIT'], 'TotalSysCpuTimeHistory': [9]}, '22': {'Retries': 0, 'WallDurations': [9.0, 258.9640920162201, 29759.0], 'StartTimes': [1637697970.0], 'SubmitTimes': [1637684342.0], 'JobIds': ['33258279.0'], 'EndTimes': [], 'Restarts': 0, 'RecordedSite': True, 'State': 'running', 'ResidentSetSize': [1458392], 'TotalUserCpuTimeHistory': [2814.0], 'SiteHistory': ['Unknown', 'T2_US_UCSD', 'T2_US_UCSD'], 'TotalSysCpuTimeHistory': [158.0]}, '49': {'Retries': 0, 'WallDurations': [10.0, 272.9640920162201, 2264.0], 'StartTimes': [1637697956.0], 'SubmitTimes': [1637684350.0], 'JobIds': ['33258305.0'], 'EndTimes': [1637700220.0], 'Restarts': 0, 'RecordedSite': True, 'State': 'finished', 'ResidentSetSize': [1428168], 'TotalUserCpuTimeHistory': [865], 'SiteHistory': ['Unknown', 'T2_US_Purdue', 'T2_US_Purdue'], 'TotalSysCpuTimeHistory': [13]}, '46': {'Retries': 0, 'WallDurations': [9.0, 280.9640920162201, 31267.0], 'StartTimes': [1637697948.0], 'SubmitTimes': [1637684349.0], 'JobIds': ['33258303.0'], 'EndTimes': [], 'Restarts': 0, 'RecordedSite': True, 'State': 'running', 'ResidentSetSize': [1528052], 'TotalUserCpuTimeHistory': [4599.0], 'SiteHistory': ['Unknown', 'T2_US_Purdue', 'T2_US_Purdue'], 'TotalSysCpuTimeHistory': [304.0]}, '47': {'Retries': 0, 'WallDurations': [8.0, 104.71053504943848, 26155.0], 'StartTimes': [1637700230.0], 'SubmitTimes': [1637684351.0], 'JobIds': ['33258311.0'], 'EndTimes': [], 'Restarts': 0, 'RecordedSite': True, 'State': 'running', 'ResidentSetSize': [1358492], 'TotalUserCpuTimeHistory': [530.0], 'SiteHistory': ['Unknown', 'T2_US_Purdue', 'T2_US_Purdue'], 'TotalSysCpuTimeHistory': [18.0]}, '44': {'Retries': 0, 'WallDurations': [8.0, 117.3005039691925, 29158.0], 'StartTimes': [1637699916.0], 'SubmitTimes': [1637684349.0], 'JobIds': ['33258301.0'], 'EndTimes': [], 'Restarts': 0, 'RecordedSite': True, 'State': 'running', 'ResidentSetSize': [1493988], 'TotalUserCpuTimeHistory': [4374.0], 'SiteHistory': ['Unknown', 'T2_US_Purdue', 'T2_US_Purdue'], 'TotalSysCpuTimeHistory': [303.0]}, '45': {'Retries': 0, 'WallDurations': [9.0, 281.9640920162201, 31261.0], 'StartTimes': [1637697947.0], 'SubmitTimes': [1637684349.0], 'JobIds': ['33258302.0'], 'EndTimes': [], 'Restarts': 0, 'RecordedSite': True, 'State': 'running', 'ResidentSetSize': [1496792], 'TotalUserCpuTimeHistory': [4997.0], 'SiteHistory': ['Unknown', 'T2_US_Purdue', 'T2_US_Purdue'], 'TotalSysCpuTimeHistory': [330.0]}, '28': {'Retries': 0, 'WallDurations': [9.0, 263.9640920162201, 31265.0], 'StartTimes': [1637697965.0], 'SubmitTimes': [1637684347.0], 'JobIds': ['33258285.0'], 'EndTimes': [], 'Restarts': 0, 'RecordedSite': True, 'State': 'running', 'ResidentSetSize': [1423048], 'TotalUserCpuTimeHistory': [4192.0], 'SiteHistory': ['Unknown', 'T2_US_UCSD', 'T2_US_UCSD'], 'TotalSysCpuTimeHistory': [267.0]}, '29': {'Retries': 0, 'WallDurations': [8.0, 275.9640920162201, 13798.0], 'StartTimes': [1637697953.0], 'SubmitTimes': [1637684347.0], 'JobIds': ['33258286.0'], 'EndTimes': [1637711751.0], 'Restarts': 0, 'RecordedSite': True, 'State': 'finished', 'ResidentSetSize': [1510976], 'TotalUserCpuTimeHistory': [12692], 'SiteHistory': ['Unknown', 'T2_US_MIT', 'T2_US_MIT'], 'TotalSysCpuTimeHistory': [754]}, '40': {'Retries': 0, 'WallDurations': [8.0, 284.9640920162201, 31258.0], 'StartTimes': [1637697944.0], 'SubmitTimes': [1637684349.0], 'JobIds': ['33258297.0'], 'EndTimes': [], 'Restarts': 0, 'RecordedSite': True, 'State': 'running', 'ResidentSetSize': [1495092], 'TotalUserCpuTimeHistory': [4678.0], 'SiteHistory': ['Unknown', 'T2_US_Purdue', 'T2_US_Purdue'], 'TotalSysCpuTimeHistory': [301.0]}, '41': {'Retries': 0, 'WallDurations': [9.0, 279.9640920162201, 11352.0], 'StartTimes': [1637697949.0], 'SubmitTimes': [1637684349.0], 'JobIds': ['33258298.0'], 'EndTimes': [1637709301.0], 'Restarts': 0, 'RecordedSite': True, 'State': 'finished', 'ResidentSetSize': [1501004], 'TotalUserCpuTimeHistory': [6681], 'SiteHistory': ['Unknown', 'T2_US_UCSD', 'T2_US_UCSD'], 'TotalSysCpuTimeHistory': [737]}, '1': {'Retries': 0, 'WallDurations': [9.0, 35.86861991882324, 17041.0], 'StartTimes': [1637703917.0], 'SubmitTimes': [1637684337.0], 'JobIds': ['33258258.0'], 'EndTimes': [1637720958.0], 'Restarts': 0, 'RecordedSite': True, 'State': 'finished', 'ResidentSetSize': [1369456], 'TotalUserCpuTimeHistory': [2833], 'SiteHistory': ['Unknown', 'T2_US_MIT', 'T2_US_MIT'], 'TotalSysCpuTimeHistory': [205]}, '3': {'Retries': 0, 'WallDurations': [9.0, 35.86861991882324, 25263.0], 'StartTimes': [1637703917.0], 'SubmitTimes': [1637684338.0], 'JobIds': ['33258260.0'], 'EndTimes': [], 'Restarts': 0, 'RecordedSite': True, 'State': 'running', 'ResidentSetSize': [1458664], 'TotalUserCpuTimeHistory': [6144.0], 'SiteHistory': ['Unknown', 'T2_US_MIT', 'T2_US_MIT'], 'TotalSysCpuTimeHistory': [444.0]}, '2': {'Retries': 0, 'WallDurations': [10.0, 32.86861991882324, 2996.0, 0, 21950.0], 'StartTimes': [1637703920.0, 1637707136.0], 'SubmitTimes': [1637684338.0, -1], 'JobIds': ['33258259.0', '33258259.0'], 'EndTimes': [1637706916.0], 'Restarts': 1, 'RecordedSite': True, 'State': 'running', 'ResidentSetSize': [117720, 1457224], 'TotalUserCpuTimeHistory': [3.0, 5229.0], 'SiteHistory': ['Unknown', 'T2_US_Purdue', 'T2_US_Purdue', 'Unknown', 'T2_US_MIT'], 'TotalSysCpuTimeHistory': [0.0, 465.0]}, '5': {'Retries': 0, 'WallDurations': [9.0, 35.86861991882324, 8430.0, 0, 8392.0], 'StartTimes': [1637703917.0, 1637713297.0], 'SubmitTimes': [1637684339.0, -1], 'JobIds': ['33258262.0', '33258262.0'], 'EndTimes': [1637712347.0, 1637721689.0], 'Restarts': 1, 'RecordedSite': True, 'State': 'finished', 'ResidentSetSize': [1527692, 1750000], 'TotalUserCpuTimeHistory': [2183.0, 9406], 'SiteHistory': ['Unknown', 'T2_US_MIT', 'T2_US_MIT', 'Unknown', 'T2_US_Purdue'], 'TotalSysCpuTimeHistory': [77.0, 534]}, '4': {'Retries': 0, 'WallDurations': [10.0, 35.86861991882324, 24660.0], 'StartTimes': [1637703917.0], 'SubmitTimes': [1637684338.0], 'JobIds': ['33258261.0'], 'EndTimes': [], 'Restarts': 0, 'RecordedSite': True, 'State': 'running', 'ResidentSetSize': [1483964], 'TotalUserCpuTimeHistory': [6864.0], 'SiteHistory': ['Unknown', 'T2_US_MIT', 'T2_US_MIT'], 'TotalSysCpuTimeHistory': [531.0]}, '7': {'Retries': 0, 'WallDurations': [9.0, 270.9640920162201, 30660.0], 'StartTimes': [1637697958.0], 'SubmitTimes': [1637684339.0], 'JobIds': ['33258264.0'], 'EndTimes': [], 'Restarts': 0, 'RecordedSite': True, 'State': 'running', 'ResidentSetSize': [1503400], 'TotalUserCpuTimeHistory': [6437.0], 'SiteHistory': ['Unknown', 'T2_US_UCSD', 'T2_US_UCSD'], 'TotalSysCpuTimeHistory': [430.0]}, '6': {'Retries': 0, 'WallDurations': [9.0, 294.9640920162201, 5737.0], 'StartTimes': [1637697934.0], 'SubmitTimes': [1637684339.0], 'JobIds': ['33258263.0'], 'EndTimes': [1637703671.0], 'Restarts': 0, 'RecordedSite': True, 'State': 'finished', 'ResidentSetSize': [1453660], 'TotalUserCpuTimeHistory': [1407], 'SiteHistory': ['Unknown', 'T2_US_Purdue', 'T2_US_Purdue'], 'TotalSysCpuTimeHistory': [53]}, '9': {'Retries': 0, 'WallDurations': [8.0, 284.9640920162201, 30963.0], 'StartTimes': [1637697944.0], 'SubmitTimes': [1637684339.0], 'JobIds': ['33258266.0'], 'EndTimes': [], 'Restarts': 0, 'RecordedSite': True, 'State': 'running', 'ResidentSetSize': [1486408], 'TotalUserCpuTimeHistory': [9263.0], 'SiteHistory': ['Unknown', 'T2_US_MIT', 'T2_US_MIT'], 'TotalSysCpuTimeHistory': [594.0]}, '8': {'Retries': 0, 'WallDurations': [9.0, 286.9640920162201, 31261.0], 'StartTimes': [1637697942.0], 'SubmitTimes': [1637684339.0], 'JobIds': ['33258265.0'], 'EndTimes': [], 'Restarts': 0, 'RecordedSite': True, 'State': 'running', 'ResidentSetSize': [1490240], 'TotalUserCpuTimeHistory': [3949.0], 'SiteHistory': ['Unknown', 'T2_US_UCSD', 'T2_US_UCSD'], 'TotalSysCpuTimeHistory': [443.0]}, '39': {'Retries': 0, 'WallDurations': [9.0, 258.9640920162201, 11854.0], 'StartTimes': [1637697970.0], 'SubmitTimes': [1637684349.0], 'JobIds': ['33258296.0'], 'EndTimes': [1637709824.0], 'Restarts': 0, 'RecordedSite': True, 'State': 'finished', 'ResidentSetSize': [1518884], 'TotalUserCpuTimeHistory': [9193], 'SiteHistory': ['Unknown', 'T2_US_UCSD', 'T2_US_UCSD'], 'TotalSysCpuTimeHistory': [619]}, '38': {'Retries': 0, 'WallDurations': [0, 0.0, 29766.0], 'StartTimes': [1637699425.0], 'SubmitTimes': [1637684349.0], 'JobIds': ['33258295.0'], 'EndTimes': [], 'Restarts': 0, 'RecordedSite': True, 'State': 'running', 'ResidentSetSize': [1539552], 'TotalUserCpuTimeHistory': [9218.0], 'SiteHistory': ['Unknown', 'T2_US_UCSD', 'T2_US_MIT'], 'TotalSysCpuTimeHistory': [579.0]}, '11': {'Retries': 0, 'WallDurations': [9.0, 288.9640920162201, 2119.0], 'StartTimes': [1637697940.0], 'SubmitTimes': [1637684340.0], 'JobIds': ['33258268.0'], 'EndTimes': [1637700059.0], 'Restarts': 0, 'RecordedSite': True, 'State': 'finished', 'ResidentSetSize': [1400744], 'TotalUserCpuTimeHistory': [995], 'SiteHistory': ['Unknown', 'T2_US_UCSD', 'T2_US_UCSD'], 'TotalSysCpuTimeHistory': [39]}, '10': {'Retries': 0, 'WallDurations': [8.0, 289.9640920162201, 1965.0], 'StartTimes': [1637697939.0], 'SubmitTimes': [1637684339.0], 'JobIds': ['33258267.0'], 'EndTimes': [1637699904.0], 'Restarts': 0, 'RecordedSite': True, 'State': 'finished', 'ResidentSetSize': [1431576], 'TotalUserCpuTimeHistory': [828], 'SiteHistory': ['Unknown', 'T2_US_Purdue', 'T2_US_Purdue'], 'TotalSysCpuTimeHistory': [10]}, '13': {'Retries': 0, 'WallDurations': [0, 9.0, 21233.0], 'StartTimes': [1637699313.0], 'SubmitTimes': [1637684340.0], 'JobIds': ['33258270.0'], 'EndTimes': [1637720546.0], 'Restarts': 0, 'RecordedSite': True, 'State': 'finished', 'ResidentSetSize': [1401784], 'TotalUserCpuTimeHistory': [3032], 'SiteHistory': ['Unknown', 'T2_US_UCSD', 'T2_US_UCSD'], 'TotalSysCpuTimeHistory': [193]}, '12': {'Retries': 0, 'WallDurations': [13.0, 236.9640920162201, 9377.0], 'StartTimes': [1637697992.0], 'SubmitTimes': [1637684340.0], 'JobIds': ['33258269.0'], 'EndTimes': [1637707369.0], 'Restarts': 0, 'RecordedSite': True, 'State': 'finished', 'ResidentSetSize': [1380920], 'TotalUserCpuTimeHistory': [1842], 'SiteHistory': ['Unknown', 'T2_US_UCSD', 'T2_US_UCSD'], 'TotalSysCpuTimeHistory': [80]}, '15': {'Retries': 0, 'WallDurations': [8.0, 277.9640920162201, 31264.0], 'StartTimes': [1637697951.0], 'SubmitTimes': [1637684340.0], 'JobIds': ['33258272.0'], 'EndTimes': [], 'Restarts': 0, 'RecordedSite': True, 'State': 'running', 'ResidentSetSize': [1492388], 'TotalUserCpuTimeHistory': [4240.0], 'SiteHistory': ['Unknown', 'T2_US_Purdue', 'T2_US_Purdue'], 'TotalSysCpuTimeHistory': [282.0]}, '14': {'Retries': 0, 'WallDurations': [8.0, 282.9640920162201, 16427.0], 'StartTimes': [1637697946.0], 'SubmitTimes': [1637684340.0], 'JobIds': ['33258271.0'], 'EndTimes': [1637714373.0], 'Restarts': 0, 'RecordedSite': True, 'State': 'finished', 'ResidentSetSize': [1527876], 'TotalUserCpuTimeHistory': [15104], 'SiteHistory': ['Unknown', 'T2_US_MIT', 'T2_US_MIT'], 'TotalSysCpuTimeHistory': [956]}, '17': {'Retries': 0, 'WallDurations': [59.0, 264.9640920162201, 23500.0], 'StartTimes': [1637697964.0], 'SubmitTimes': [1637684341.0], 'JobIds': ['33258274.0'], 'EndTimes': [], 'Restarts': 0, 'RecordedSite': True, 'State': 'running', 'ResidentSetSize': [1406248], 'TotalUserCpuTimeHistory': [6966.0], 'SiteHistory': ['Unknown', 'T2_US_UCSD', 'T2_US_UCSD'], 'TotalSysCpuTimeHistory': [14415.0]}, '16': {'Retries': 0, 'WallDurations': [9.0, 256.9640920162201, 1314.0], 'StartTimes': [1637697972.0], 'SubmitTimes': [1637684341.0], 'JobIds': ['33258273.0'], 'EndTimes': [1637699286.0], 'Restarts': 0, 'RecordedSite': True, 'State': 'finished', 'ResidentSetSize': [1339544], 'TotalUserCpuTimeHistory': [947], 'SiteHistory': ['Unknown', 'T2_US_UCSD', 'T2_US_UCSD'], 'TotalSysCpuTimeHistory': [9]}, '19': {'Retries': 0, 'WallDurations': [9.0, 270.9640920162201, 3450.0], 'StartTimes': [1637697958.0], 'SubmitTimes': [1637684341.0], 'JobIds': ['33258276.0'], 'EndTimes': [1637701408.0], 'Restarts': 0, 'RecordedSite': True, 'State': 'finished', 'ResidentSetSize': [1407088], 'TotalUserCpuTimeHistory': [1081], 'SiteHistory': ['Unknown', 'T2_US_UCSD', 'T2_US_UCSD'], 'TotalSysCpuTimeHistory': [53]}, '18': {'Retries': 0, 'WallDurations': [8.0, 272.9640920162201, 17410.0], 'StartTimes': [1637697956.0], 'SubmitTimes': [1637684341.0], 'JobIds': ['33258275.0'], 'EndTimes': [1637715366.0], 'Restarts': 0, 'RecordedSite': True, 'State': 'finished', 'ResidentSetSize': [1415024], 'TotalUserCpuTimeHistory': [5082], 'SiteHistory': ['Unknown', 'T2_US_MIT', 'T2_US_MIT'], 'TotalSysCpuTimeHistory': [297]}, '31': {'Retries': 0, 'WallDurations': [9.0, 287.9640920162201, 30960.0], 'StartTimes': [1637697941.0], 'SubmitTimes': [1637684347.0], 'JobIds': ['33258288.0'], 'EndTimes': [], 'Restarts': 0, 'RecordedSite': True, 'State': 'running', 'ResidentSetSize': [1539176], 'TotalUserCpuTimeHistory': [4480.0], 'SiteHistory': ['Unknown', 'T2_US_Purdue', 'T2_US_Purdue'], 'TotalSysCpuTimeHistory': [293.0]}, '30': {'Retries': 0, 'WallDurations': [8.0, 257.9640920162201, 31265.0], 'StartTimes': [1637697971.0], 'SubmitTimes': [1637684347.0], 'JobIds': ['33258287.0'], 'EndTimes': [], 'Restarts': 0, 'RecordedSite': True, 'State': 'running', 'ResidentSetSize': [1483264], 'TotalUserCpuTimeHistory': [4099.0], 'SiteHistory': ['Unknown', 'T2_US_UCSD', 'T2_US_UCSD'], 'TotalSysCpuTimeHistory': [273.0]}, '51': {'Retries': 0, 'WallDurations': [8.0, 274.9640920162201, 3742.0], 'StartTimes': [1637697954.0], 'SubmitTimes': [1637684350.0], 'JobIds': ['33258307.0'], 'EndTimes': [1637701696.0], 'Restarts': 0, 'RecordedSite': True, 'State': 'finished', 'ResidentSetSize': [1434972], 'TotalUserCpuTimeHistory': [1099], 'SiteHistory': ['Unknown', 'T2_US_Purdue', 'T2_US_Purdue'], 'TotalSysCpuTimeHistory': [31]}, '36': {'Retries': 0, 'WallDurations': [9.0, 283.9640920162201, 3831.0], 'StartTimes': [1637697945.0], 'SubmitTimes': [1637684348.0], 'JobIds': ['33258293.0'], 'EndTimes': [1637701776.0], 'Restarts': 0, 'RecordedSite': True, 'State': 'finished', 'ResidentSetSize': [1393312], 'TotalUserCpuTimeHistory': [1212], 'SiteHistory': ['Unknown', 'T2_US_UCSD', 'T2_US_UCSD'], 'TotalSysCpuTimeHistory': [57]}, '35': {'Retries': 0, 'WallDurations': [10.0, 287.9640920162201, 31264.0], 'StartTimes': [1637697941.0], 'SubmitTimes': [1637684348.0], 'JobIds': ['33258292.0'], 'EndTimes': [], 'Restarts': 0, 'RecordedSite': True, 'State': 'running', 'ResidentSetSize': [1492072], 'TotalUserCpuTimeHistory': [4454.0], 'SiteHistory': ['Unknown', 'T2_US_Purdue', 'T2_US_Purdue'], 'TotalSysCpuTimeHistory': [298.0]}, '34': {'Retries': 0, 'WallDurations': [9.0, 245.9640920162201, 30961.0], 'StartTimes': [1637697983.0], 'SubmitTimes': [1637684348.0], 'JobIds': ['33258291.0'], 'EndTimes': [], 'Restarts': 0, 'RecordedSite': True, 'State': 'running', 'ResidentSetSize': [1494336], 'TotalUserCpuTimeHistory': [4658.0], 'SiteHistory': ['Unknown', 'T2_US_UCSD', 'T2_US_UCSD'], 'TotalSysCpuTimeHistory': [310.0]}, '33': {'Retries': 0, 'WallDurations': [8.0, 258.9640920162201, 30964.0], 'StartTimes': [1637697970.0], 'SubmitTimes': [1637684348.0], 'JobIds': ['33258290.0'], 'EndTimes': [], 'Restarts': 0, 'RecordedSite': True, 'State': 'running', 'ResidentSetSize': [1490384], 'TotalUserCpuTimeHistory': [6562.0], 'SiteHistory': ['Unknown', 'T2_US_UCSD', 'T2_US_UCSD'], 'TotalSysCpuTimeHistory': [440.0]}, '37': {'Retries': 0, 'WallDurations': [9.0, 285.9640920162201, 29006.0], 'StartTimes': [1637697943.0], 'SubmitTimes': [1637684348.0], 'JobIds': ['33258294.0'], 'EndTimes': [1637726949.0], 'Restarts': 0, 'RecordedSite': True, 'State': 'finished', 'ResidentSetSize': [1483844], 'TotalUserCpuTimeHistory': [4685], 'SiteHistory': ['Unknown', 'T2_US_Purdue', 'T2_US_Purdue'], 'TotalSysCpuTimeHistory': [294]}, '32': {'Retries': 0, 'WallDurations': [9.0, 284.9640920162201, 31265.0], 'StartTimes': [1637697944.0], 'SubmitTimes': [1637684348.0], 'JobIds': ['33258289.0'], 'EndTimes': [], 'Restarts': 0, 'RecordedSite': True, 'State': 'running', 'ResidentSetSize': [1478216], 'TotalUserCpuTimeHistory': [3370.0], 'SiteHistory': ['Unknown', 'T2_US_UCSD', 'T2_US_UCSD'], 'TotalSysCpuTimeHistory': [368.0]}, '50': {'Retries': 0, 'WallDurations': [8.0, 276.9640920162201, 31259.0], 'StartTimes': [1637697952.0], 'SubmitTimes': [1637684350.0], 'JobIds': ['33258306.0'], 'EndTimes': [], 'Restarts': 0, 'RecordedSite': True, 'State': 'running', 'ResidentSetSize': [1521528], 'TotalUserCpuTimeHistory': [5069.0], 'SiteHistory': ['Unknown', 'T2_US_Purdue', 'T2_US_Purdue'], 'TotalSysCpuTimeHistory': [334.0]}}
INFO 2021-11-24 04:49:05.705 UTC: 	 Status on the scheduler:	SUBMITTED
INFO 2021-11-24 04:49:05.705 UTC: 	 
Jobs status:                    finished     		 42.6% (23/54)
INFO 2021-11-24 04:49:05.706 UTC: 	 				running      		 57.4% (31/54)
INFO 2021-11-24 04:49:05.706 UTC: 	 
No publication information (publication has been disabled in the CRAB configuration file)
INFO 2021-11-24 04:49:05.707 UTC: 	 
Warning: the average jobs CPU efficiency is less than 50%, please consider to improve the jobs splitting (e.g. config.Data.splitting = 'Automatic') in a new task
INFO 2021-11-24 04:49:05.707 UTC: 	 
Summary of run jobs:
 * Memory: 1308MB min, 1708MB max, 1413MB ave
 * Runtime: 0:21:54 min, 8:03:26 max, 2:35:49 ave
 * CPU eff: 15% min, 118% max, 48% ave
 * Waste: 3:57:12 (6% of total)

INFO 2021-11-24 04:49:05.723 UTC: 	 Log file is /afs/cern.ch/work/y/yian/work/GZ/CMSSW_10_6_20/src/PhysicsTools/NanoAODTools/WWG/2017/crab/crab2017/crab_WGToLNuG_01J_5f_TuneCP5_13TeV-amcatnloFXFX-pythia8_2017/crab.log
