DEBUG 2021-03-19 08:04:29.626 UTC: 	 CRAB Client version: v3.201110
DEBUG 2021-03-19 08:04:29.626 UTC: 	 Running on: Linux lxplus730.cern.ch 3.10.0-1160.15.2.el7.x86_64 #1 SMP Wed Feb 3 15:06:38 UTC 2021 x86_64 x86_64 x86_64 GNU/Linux - CentOS Linux 7 (Core)
DEBUG 2021-03-19 08:04:29.626 UTC: 	 Executing command: 'submit'
DEBUG 2021-03-19 08:04:29.627 UTC: 	 Found CRAB cache file /afs/cern.ch/user/y/yian/.crab3
INFO 2021-03-19 08:04:29.628 UTC: 	 Will use CRAB configuration file crabcode_2016/WW_TuneCP5_13TeV-pythia8_2016_cfg.py
DEBUG 2021-03-19 08:04:29.628 UTC: 	 Loading CRAB configuration file.
DEBUG 2021-03-19 08:04:29.632 UTC: 	 Will use CRAB Analysis plugin (i.e. will run an analysis job type).
DEBUG 2021-03-19 08:04:29.645 UTC: 	 Checking credentials
DEBUG 2021-03-19 08:04:29.645 UTC: 	 Found proxy file /tmp/x509up_u110046
DEBUG 2021-03-19 08:04:29.645 UTC: 	 Getting proxy life time left
DEBUG 2021-03-19 08:04:30.249 UTC: 	 Executing : 
 command : voms-proxy-info -file /tmp/x509up_u110046 -timeleft
 output : 41536

 error: 
 retcode : 0
DEBUG 2021-03-19 08:04:30.857 UTC: 	 Executing : 
 command : voms-proxy-info -file /tmp/x509up_u110046 -actimeleft
 output : 41536

 error: 
 retcode : 0
DEBUG 2021-03-19 08:04:30.858 UTC: 	 Proxy valid for 11:32:16 hours
DEBUG 2021-03-19 08:04:31.365 UTC: 	 Executing : 
 command : env X509_USER_PROXY=/tmp/x509up_u110046 voms-proxy-info -fqan
 output : /cms/Role=NULL/Capability=NULL

 error: 
 retcode : 0
DEBUG 2021-03-19 08:04:31.428 UTC: 	 Registering user credentials for server /DC=ch/DC=cern/OU=computers/CN=vocms0105.cern.ch|/DC=ch/DC=cern/OU=computers/CN=crab-(preprod|prod|dev)-tw(02|01).cern.ch|/DC=ch/DC=cern/OU=computers/CN=(ddi|ddidk|mytw).cern.ch|/DC=ch/DC=cern/OU=computers/CN=stefanov(m|m2).cern.ch
DEBUG 2021-03-19 08:04:31.939 UTC: 	 Executing : 
 command : voms-proxy-info -file /tmp/x509up_u110046 -identity
 output : /DC=ch/DC=cern/OU=Organic Units/OU=Users/CN=yian/CN=826694/CN=Ying An

 error: 
 retcode : 0
DEBUG 2021-03-19 08:04:31.946 UTC: 	 Getting myproxy life time left for myproxy.cern.ch
DEBUG 2021-03-19 08:04:31.946 UTC: 	 using b52ac606a6f7097e9b4b8f05a3a67cc69f8f291b as credential login name
DEBUG 2021-03-19 08:04:32.250 UTC: 	 Executing : 
 command : myproxy-info -l b52ac606a6f7097e9b4b8f05a3a67cc69f8f291b -s myproxy.cern.ch
 output : username: b52ac606a6f7097e9b4b8f05a3a67cc69f8f291b
owner: /DC=ch/DC=cern/OU=Organic Units/OU=Users/CN=yian/CN=826694/CN=Ying An
  renewal policy: /DC=ch/DC=cern/OU=computers/CN=vocms0105.cern.ch|/DC=ch/DC=cern/OU=computers/CN=crab-(preprod|prod|dev)-tw(02|01).cern.ch|/DC=ch/DC=cern/OU=computers/CN=(ddi|ddidk|mytw).cern.ch|/DC=ch/DC=cern/OU=computers/CN=stefanov(m|m2).cern.ch
  trusted retrieval policy: /DC=ch/DC=cern/OU=computers/CN=vocms0105.cern.ch|/DC=ch/DC=cern/OU=computers/CN=crab-(preprod|prod|dev)-tw(02|01).cern.ch|/DC=ch/DC=cern/OU=computers/CN=(ddi|ddidk|mytw).cern.ch|/DC=ch/DC=cern/OU=computers/CN=stefanov(m|m2).cern.ch
  timeleft: 632:05:36  (26.3 days)

 error: 
 retcode : 0
DEBUG 2021-03-19 08:04:32.251 UTC: 	 Myproxy is valid: 2275536
DEBUG 2021-03-19 08:04:32.251 UTC: 	 Retrieving username ...
DEBUG 2021-03-19 08:04:32.251 UTC: 	 Retrieving username from CRIC...
DEBUG 2021-03-19 08:04:33.366 UTC: 	 username is yian
DEBUG 2021-03-19 08:04:33.372 UTC: 	 Getting myproxy life time left for myproxy.cern.ch
DEBUG 2021-03-19 08:04:33.372 UTC: 	 using yian_CRAB as credential login name
DEBUG 2021-03-19 08:04:33.877 UTC: 	 Executing : 
 command : myproxy-info -l yian_CRAB -s myproxy.cern.ch
 output : username: yian_CRAB
owner: /DC=ch/DC=cern/OU=Organic Units/OU=Users/CN=yian/CN=826694/CN=Ying An
  renewal policy: /DC=ch/DC=cern/OU=computers/CN=vocms0105.cern.ch|/DC=ch/DC=cern/OU=computers/CN=crab-(preprod|prod|dev)-tw(02|01).cern.ch|/DC=ch/DC=cern/OU=computers/CN=(ddi|ddidk|mytw).cern.ch|/DC=ch/DC=cern/OU=computers/CN=stefanov(m|m2).cern.ch
  trusted retrieval policy: /DC=ch/DC=cern/OU=computers/CN=vocms0105.cern.ch|/DC=ch/DC=cern/OU=computers/CN=crab-(preprod|prod|dev)-tw(02|01).cern.ch|/DC=ch/DC=cern/OU=computers/CN=(ddi|ddidk|mytw).cern.ch|/DC=ch/DC=cern/OU=computers/CN=stefanov(m|m2).cern.ch
  timeleft: 632:05:41  (26.3 days)

 error: 
 retcode : 0
DEBUG 2021-03-19 08:04:33.877 UTC: 	 Myproxy is valid: 2275541
DEBUG 2021-03-19 08:04:33.878 UTC: 	 Result of myproxy credential check:
  Credential exists on myproxy: username: b52ac606a6f7097e9b4b8f05a3a67cc69f8f291b  - validity: 26 days, 8:05:36
  Credential exists on myproxy: username: yian_CRAB  - validity: 26 days, 8:05:41
DEBUG 2021-03-19 08:04:33.878 UTC: 	 Command use: submit
DEBUG 2021-03-19 08:04:33.878 UTC: 	 Options use: ['-c', 'crabcode_2016/WW_TuneCP5_13TeV-pythia8_2016_cfg.py']
DEBUG 2021-03-19 08:04:33.949 UTC: 	 CRABClient version: v3.201110
DEBUG 2021-03-19 08:04:33.949 UTC: 	 Instance is prod
DEBUG 2021-03-19 08:04:33.949 UTC: 	 Server base url is cmsweb-k8s-prod.cern.ch
DEBUG 2021-03-19 08:04:33.949 UTC: 	 Command url /crabserver/prod/workflow
DEBUG 2021-03-19 08:04:33.949 UTC: 	 Started submission
DEBUG 2021-03-19 08:04:33.949 UTC: 	 Working on /afs/cern.ch/work/y/yian/work/GZ/CMSSW_10_6_20/src/PhysicsTools/NanoAODTools/WWG/2016/crab/crab2016/crab_WW_TuneCP5_13TeV-pythia8_2016
DEBUG 2021-03-19 08:04:34.032 UTC: 	 Loading required information from the environment
DEBUG 2021-03-19 08:04:34.033 UTC: 	 Found CMSSW_10_6_20 for slc7_amd64_gcc820 with base /afs/cern.ch/work/y/yian/work/GZ/CMSSW_10_6_20
DEBUG 2021-03-19 08:04:34.033 UTC: 	 Loading required information from the environment
DEBUG 2021-03-19 08:04:34.033 UTC: 	 Found CMSSW_10_6_20 for slc7_amd64_gcc820 with base /afs/cern.ch/work/y/yian/work/GZ/CMSSW_10_6_20
DEBUG 2021-03-19 08:04:34.033 UTC: 	 UNIQUE NAME: tarUUID 46dc11bf-b328-4799-b84f-db5b5d10325b 
DEBUG 2021-03-19 08:04:34.033 UTC: 	 self.config: from WMCore.Configuration import Configuration
config = Configuration()
config.section_('General')
config.General.workArea = 'crab2016'
config.General.transferLogs = False
config.General.requestName = 'WW_TuneCP5_13TeV-pythia8_2016'
config.section_('JobType')
config.JobType.scriptArgs = ['isdata=MC', 'year=2016']
config.JobType.scriptExe = './WWG_crab_script.sh'
config.JobType.pluginName = 'Analysis'
config.JobType.sendPythonFolder = True
config.JobType.allowUndistributedCMSSW = True
config.JobType.psetName = 'PSet.py'
config.JobType.inputFiles = ['../../../scripts/haddnano.py', '../WWG_selector/WWG_postproc.py', '../WWG_selector/WWG_Module.py', '../WWG_selector/WWG_keep_and_drop.txt', '../WWG_selector/WWG_output_branch.txt', '../WWG_selector/DAS_filesearch.py']
config.section_('Data')
config.Data.inputDataset = '/WW_TuneCP5_13TeV-pythia8/RunIISummer19UL16NanoAODAPVv2-106X_mcRun2_asymptotic_preVFP_v9-v1/NANOAODSIM'
config.Data.allowNonValidInputDataset = True
config.Data.publication = False
config.Data.unitsPerJob = 1
config.Data.ignoreLocality = True
config.Data.inputDBS = 'global'
config.Data.splitting = 'FileBased'
config.Data.outputDatasetTag = 'WW_TuneCP5_13TeV-pythia8_2016'
config.section_('Site')
config.Site.whitelist = ['T2_US_MIT', 'T2_US_Wisconsin', 'T2_US_Purdue', 'T2_US_UCSD', 'T2_US_Caltech', 'T2_US_Nebraska']
config.Site.storageSite = 'T3_CH_CERNBOX'

DEBUG 2021-03-19 08:04:34.033 UTC: 	 self.config.JobType.psetName: PSet.py
INFO 2021-03-19 08:04:34.033 UTC: 	 Importing CMSSW configuration PSet.py
INFO 2021-03-19 08:04:34.283 UTC: 	 Finished importing CMSSW configuration PSet.py
DEBUG 2021-03-19 08:04:34.283 UTC: 	 Writing CMSSW configuration to /afs/cern.ch/work/y/yian/work/GZ/CMSSW_10_6_20/src/PhysicsTools/NanoAODTools/WWG/2016/crab/crab2016/crab_WW_TuneCP5_13TeV-pythia8_2016/inputs/PSet.py
DEBUG 2021-03-19 08:04:34.292 UTC: 	 The following EDM output files will be collected: ['tree.root']
DEBUG 2021-03-19 08:04:34.292 UTC: 	 The following TFile output files will be collected: []
DEBUG 2021-03-19 08:04:34.292 UTC: 	 The following user output files (not listed as PoolOuputModule or TFileService in the CMSSW PSet) will be collected: 
DEBUG 2021-03-19 08:04:34.292 UTC: 	 Loading required information from the environment
DEBUG 2021-03-19 08:04:34.292 UTC: 	 Found CMSSW_10_6_20 for slc7_amd64_gcc820 with base /afs/cern.ch/work/y/yian/work/GZ/CMSSW_10_6_20
DEBUG 2021-03-19 08:04:34.292 UTC: 	 Making tarball in /afs/cern.ch/work/y/yian/work/GZ/CMSSW_10_6_20/src/PhysicsTools/NanoAODTools/WWG/2016/crab/crab2016/crab_WW_TuneCP5_13TeV-pythia8_2016/inputs/46dc11bf-b328-4799-b84f-db5b5d10325bdefault.tgz
DEBUG 2021-03-19 08:04:34.293 UTC: 	 Checking directory /afs/cern.ch/work/y/yian/work/GZ/CMSSW_10_6_20/lib
DEBUG 2021-03-19 08:04:34.293 UTC: 	 Adding directory /afs/cern.ch/work/y/yian/work/GZ/CMSSW_10_6_20/lib to tarball
DEBUG 2021-03-19 08:04:34.401 UTC: 	 Checking directory /afs/cern.ch/work/y/yian/work/GZ/CMSSW_10_6_20/biglib
DEBUG 2021-03-19 08:04:34.401 UTC: 	 Adding directory /afs/cern.ch/work/y/yian/work/GZ/CMSSW_10_6_20/biglib to tarball
DEBUG 2021-03-19 08:04:34.401 UTC: 	 Checking directory /afs/cern.ch/work/y/yian/work/GZ/CMSSW_10_6_20/module
DEBUG 2021-03-19 08:04:34.401 UTC: 	 Checking directory /afs/cern.ch/work/y/yian/work/GZ/CMSSW_10_6_20/python
DEBUG 2021-03-19 08:04:34.402 UTC: 	 Adding directory /afs/cern.ch/work/y/yian/work/GZ/CMSSW_10_6_20/python to tarball
DEBUG 2021-03-19 08:04:36.527 UTC: 	 Checking directory /afs/cern.ch/work/y/yian/work/GZ/CMSSW_10_6_20/cfipython
DEBUG 2021-03-19 08:04:36.527 UTC: 	 Adding directory /afs/cern.ch/work/y/yian/work/GZ/CMSSW_10_6_20/cfipython to tarball
DEBUG 2021-03-19 08:04:36.565 UTC: 	 Adding data directory /afs/cern.ch/work/y/yian/work/GZ/CMSSW_10_6_20/src/PhysicsTools/NanoAODTools/data to tarball
DEBUG 2021-03-19 08:04:54.544 UTC: 	 Adding data directory /afs/cern.ch/work/y/yian/work/GZ/CMSSW_10_6_20/src/PhysicsTools/NanoAODTools/interface to tarball
DEBUG 2021-03-19 08:04:54.547 UTC: 	 Adding data directory /afs/cern.ch/work/y/yian/work/GZ/CMSSW_10_6_20/src/PhysicsTools/NanoAODTools/python/postprocessing/data to tarball
DEBUG 2021-03-19 08:04:56.596 UTC: 	 Adding file ../../../scripts/haddnano.py to tarball
DEBUG 2021-03-19 08:04:56.597 UTC: 	 Adding file ../WWG_selector/WWG_postproc.py to tarball
DEBUG 2021-03-19 08:04:56.597 UTC: 	 Adding file ../WWG_selector/WWG_Module.py to tarball
DEBUG 2021-03-19 08:04:56.598 UTC: 	 Adding file ../WWG_selector/WWG_keep_and_drop.txt to tarball
DEBUG 2021-03-19 08:04:56.598 UTC: 	 Adding file ../WWG_selector/WWG_output_branch.txt to tarball
DEBUG 2021-03-19 08:04:56.598 UTC: 	 Adding file ../WWG_selector/DAS_filesearch.py to tarball
DEBUG 2021-03-19 08:05:01.335 UTC: 	 Uploading archive /afs/cern.ch/work/y/yian/work/GZ/CMSSW_10_6_20/src/PhysicsTools/NanoAODTools/WWG/2016/crab/crab2016/crab_WW_TuneCP5_13TeV-pythia8_2016/inputs/46dc11bf-b328-4799-b84f-db5b5d10325bdefault.tgz (94 MB) to the CRAB cache. Using URI https://cmsweb.cern.ch:8443/crabcache
DEBUG 2021-03-19 08:05:59.828 UTC: 	 Loading required information from the environment
DEBUG 2021-03-19 08:05:59.829 UTC: 	 Found CMSSW_10_6_20 for slc7_amd64_gcc820 with base /afs/cern.ch/work/y/yian/work/GZ/CMSSW_10_6_20
DEBUG 2021-03-19 08:05:59.829 UTC: 	 Making tarball in /afs/cern.ch/work/y/yian/work/GZ/CMSSW_10_6_20/src/PhysicsTools/NanoAODTools/WWG/2016/crab/crab2016/crab_WW_TuneCP5_13TeV-pythia8_2016/inputs/debugFiles.tgz
DEBUG 2021-03-19 08:05:59.834 UTC: 	 Uploading archive /afs/cern.ch/work/y/yian/work/GZ/CMSSW_10_6_20/src/PhysicsTools/NanoAODTools/WWG/2016/crab/crab2016/crab_WW_TuneCP5_13TeV-pythia8_2016/inputs/debugFiles.tgz (1 KB) to the CRAB cache. Using URI https://cmsweb.cern.ch:8443/crabcache
DEBUG 2021-03-19 08:05:59.941 UTC: 	 Result uploading input files: 7abec191de573024ef6f91ee0669e53cdb43ec90a48c222ed33a1ef9d2332a63.tar.gz 
INFO 2021-03-19 08:05:59.941 UTC: 	 Sending the request to the server at cmsweb-k8s-prod.cern.ch
DEBUG 2021-03-19 08:05:59.941 UTC: 	 Submitting {'maxjobruntime': 1250, 'extrajdl': [], 'ignorelocality': 1, 'savelogsflag': 0, 'useparent': 0, 'scriptexe': 'WWG_crab_script.sh', 'asyncdest': 'T3_CH_CERNBOX', 'algoargs': 1, 'cachefilename': '7abec191de573024ef6f91ee0669e53cdb43ec90a48c222ed33a1ef9d2332a63.tar.gz', 'numcores': 1, 'addoutputfiles': [], 'generator': 'pythia', 'maxmemory': 2000, 'publishdbsurl': 'https://cmsweb.cern.ch/dbs/prod/phys03/DBSWriter', 'priority': 10, 'jobsw': 'CMSSW_10_6_20', 'edmoutfiles': ['tree.root'], 'userfiles': [], 'primarydataset': '', 'inputdata': '/WW_TuneCP5_13TeV-pythia8/RunIISummer19UL16NanoAODAPVv2-106X_mcRun2_asymptotic_preVFP_v9-v1/NANOAODSIM', 'dryrun': 0, 'workflow': 'crab_WW_TuneCP5_13TeV-pythia8_2016', 'scriptargs': ['isdata=MC', 'year=2016'], 'sitewhitelist': ['T2_US_MIT', 'T2_US_Wisconsin', 'T2_US_Purdue', 'T2_US_UCSD', 'T2_US_Caltech', 'T2_US_Nebraska'], 'nonprodsw': 1, 'tfileoutfiles': [], 'oneEventMode': 0, 'debugfilename': '743d29f7f9fa3bb8fb505d17ffb8e40cfb83384fc5720cc59343cdffd5424901.tar.gz', 'cacheurl': u'https://cmsweb.cern.ch:8443/crabcache', 'saveoutput': 1, 'publication': 0, 'jobarch': 'slc7_amd64_gcc820', 'totalunits': 0, 'splitalgo': 'FileBased', 'ignoreglobalblacklist': 0, 'nonvaliddata': 1, 'dbsurl': 'https://cmsweb.cern.ch/dbs/prod/global/DBSReader', 'publishgroupname': 0, 'jobtype': 'Analysis', 'publishname2': 'WW_TuneCP5_13TeV-pythia8_2016'} 
DEBUG 2021-03-19 08:05:59.941 UTC: 	 Encoded submit request: maxjobruntime=1250&ignorelocality=1&savelogsflag=0&useparent=0&scriptexe=WWG_crab_script.sh&asyncdest=T3_CH_CERNBOX&algoargs=1&cachefilename=7abec191de573024ef6f91ee0669e53cdb43ec90a48c222ed33a1ef9d2332a63.tar.gz&numcores=1&generator=pythia&maxmemory=2000&publishdbsurl=https%3A%2F%2Fcmsweb.cern.ch%2Fdbs%2Fprod%2Fphys03%2FDBSWriter&priority=10&jobsw=CMSSW_10_6_20&primarydataset=&inputdata=%2FWW_TuneCP5_13TeV-pythia8%2FRunIISummer19UL16NanoAODAPVv2-106X_mcRun2_asymptotic_preVFP_v9-v1%2FNANOAODSIM&dryrun=0&workflow=crab_WW_TuneCP5_13TeV-pythia8_2016&nonprodsw=1&oneEventMode=0&debugfilename=743d29f7f9fa3bb8fb505d17ffb8e40cfb83384fc5720cc59343cdffd5424901.tar.gz&cacheurl=https%3A%2F%2Fcmsweb.cern.ch%3A8443%2Fcrabcache&saveoutput=1&publication=0&jobarch=slc7_amd64_gcc820&totalunits=0&splitalgo=FileBased&ignoreglobalblacklist=0&nonvaliddata=1&dbsurl=https%3A%2F%2Fcmsweb.cern.ch%2Fdbs%2Fprod%2Fglobal%2FDBSReader&publishgroupname=0&jobtype=Analysis&publishname2=WW_TuneCP5_13TeV-pythia8_2016&sitewhitelist=T2_US_MIT&sitewhitelist=T2_US_Wisconsin&sitewhitelist=T2_US_Purdue&sitewhitelist=T2_US_UCSD&sitewhitelist=T2_US_Caltech&sitewhitelist=T2_US_Nebraska&edmoutfiles=tree.root&scriptargs=isdata%3DMC&scriptargs=year%3D2016
DEBUG 2021-03-19 08:06:00.059 UTC: 	 Result: {u'result': [{u'RequestName': u'210319_080559:yian_crab_WW_TuneCP5_13TeV-pythia8_2016'}]}
INFO 2021-03-19 08:06:00.062 UTC: 	 Success: Your task has been delivered to the prod CRAB3 server.
INFO 2021-03-19 08:06:00.062 UTC: 	 Task name: 210319_080559:yian_crab_WW_TuneCP5_13TeV-pythia8_2016
INFO 2021-03-19 08:06:00.062 UTC: 	 Project dir: crab2016/crab_WW_TuneCP5_13TeV-pythia8_2016
INFO 2021-03-19 08:06:00.062 UTC: 	 Please use ' crab status -d crab2016/crab_WW_TuneCP5_13TeV-pythia8_2016 ' to check how the submission process proceeds.
DEBUG 2021-03-19 08:06:00.062 UTC: 	 About to return
INFO 2021-03-19 08:06:00.065 UTC: 	 Log file is /afs/cern.ch/work/y/yian/work/GZ/CMSSW_10_6_20/src/PhysicsTools/NanoAODTools/WWG/2016/crab/crab2016/crab_WW_TuneCP5_13TeV-pythia8_2016/crab.log
