DEBUG 2021-04-20 16:38:07.613 UTC: 	 CRAB Client version: v3.210323
DEBUG 2021-04-20 16:38:07.614 UTC: 	 Running on: Linux lxplus728.cern.ch 3.10.0-1160.15.2.el7.x86_64 #1 SMP Wed Feb 3 15:06:38 UTC 2021 x86_64 x86_64 x86_64 GNU/Linux - CentOS Linux 7 (Core)
DEBUG 2021-04-20 16:38:07.614 UTC: 	 Executing command: 'submit'
DEBUG 2021-04-20 16:38:07.614 UTC: 	 Found CRAB cache file /afs/cern.ch/user/y/yian/.crab3
INFO 2021-04-20 16:38:07.615 UTC: 	 Will use CRAB configuration file crabcode_2018/MuonEG_Run2018D_cfg.py
DEBUG 2021-04-20 16:38:07.615 UTC: 	 Loading CRAB configuration file.
DEBUG 2021-04-20 16:38:07.633 UTC: 	 Will use CRAB Analysis plugin (i.e. will run an analysis job type).
DEBUG 2021-04-20 16:38:07.686 UTC: 	 Checking credentials
DEBUG 2021-04-20 16:38:07.687 UTC: 	 Found proxy file /tmp/x509up_u110046
DEBUG 2021-04-20 16:38:07.687 UTC: 	 Getting proxy life time left
DEBUG 2021-04-20 16:38:08.814 UTC: 	 Executing : 
 command : voms-proxy-info -file /tmp/x509up_u110046 -timeleft
 output : 680268

 error: 
 retcode : 0
DEBUG 2021-04-20 16:38:09.846 UTC: 	 Executing : 
 command : voms-proxy-info -file /tmp/x509up_u110046 -actimeleft
 output : 680267

 error: 
 retcode : 0
DEBUG 2021-04-20 16:38:09.846 UTC: 	 Proxy lifetime 680268 secs is different from voms extension lifetime 680267 secs for proxy: /tmp/x509up_u110046
DEBUG 2021-04-20 16:38:09.847 UTC: 	 Proxy valid for 188:57:47 hours
DEBUG 2021-04-20 16:38:10.866 UTC: 	 Executing : 
 command : env X509_USER_PROXY=/tmp/x509up_u110046 voms-proxy-info -fqan
 output : /cms/Role=NULL/Capability=NULL

 error: 
 retcode : 0
DEBUG 2021-04-20 16:38:11.004 UTC: 	 Registering user credentials for server /DC=ch/DC=cern/OU=computers/CN=vocms0105.cern.ch|/DC=ch/DC=cern/OU=computers/CN=crab-(preprod|prod|dev)-tw(02|01).cern.ch|/DC=ch/DC=cern/OU=computers/CN=(ddi|ddidk|mytw).cern.ch|/DC=ch/DC=cern/OU=computers/CN=stefanov(m|m2).cern.ch
DEBUG 2021-04-20 16:38:12.276 UTC: 	 Executing : 
 command : voms-proxy-info -file /tmp/x509up_u110046 -identity
 output : /DC=ch/DC=cern/OU=Organic Units/OU=Users/CN=yian/CN=826694/CN=Ying An

 error: 
 retcode : 0
DEBUG 2021-04-20 16:38:12.307 UTC: 	 Getting myproxy life time left for myproxy.cern.ch
DEBUG 2021-04-20 16:38:12.307 UTC: 	 using b52ac606a6f7097e9b4b8f05a3a67cc69f8f291b as credential login name
DEBUG 2021-04-20 16:38:12.835 UTC: 	 Executing : 
 command : myproxy-info -l b52ac606a6f7097e9b4b8f05a3a67cc69f8f291b -s myproxy.cern.ch
 output : username: b52ac606a6f7097e9b4b8f05a3a67cc69f8f291b
owner: /DC=ch/DC=cern/OU=Organic Units/OU=Users/CN=yian/CN=826694/CN=Ying An
  renewal policy: /DC=ch/DC=cern/OU=computers/CN=vocms0105.cern.ch|/DC=ch/DC=cern/OU=computers/CN=crab-(preprod|prod|dev)-tw(02|01).cern.ch|/DC=ch/DC=cern/OU=computers/CN=(ddi|ddidk|mytw).cern.ch|/DC=ch/DC=cern/OU=computers/CN=stefanov(m|m2).cern.ch
  trusted retrieval policy: /DC=ch/DC=cern/OU=computers/CN=vocms0105.cern.ch|/DC=ch/DC=cern/OU=computers/CN=crab-(preprod|prod|dev)-tw(02|01).cern.ch|/DC=ch/DC=cern/OU=computers/CN=(ddi|ddidk|mytw).cern.ch|/DC=ch/DC=cern/OU=computers/CN=stefanov(m|m2).cern.ch
  timeleft: 398:52:00  (16.6 days)

 error: 
 retcode : 0
DEBUG 2021-04-20 16:38:12.836 UTC: 	 Myproxy is valid: 1435920
DEBUG 2021-04-20 16:38:12.836 UTC: 	 Retrieving username ...
DEBUG 2021-04-20 16:38:12.836 UTC: 	 Retrieving username from CRIC...
DEBUG 2021-04-20 16:38:13.872 UTC: 	 username is yian
DEBUG 2021-04-20 16:38:13.883 UTC: 	 Getting myproxy life time left for myproxy.cern.ch
DEBUG 2021-04-20 16:38:13.883 UTC: 	 using yian_CRAB as credential login name
DEBUG 2021-04-20 16:38:14.409 UTC: 	 Executing : 
 command : myproxy-info -l yian_CRAB -s myproxy.cern.ch
 output : username: yian_CRAB
owner: /DC=ch/DC=cern/OU=Organic Units/OU=Users/CN=yian/CN=826694/CN=Ying An
  renewal policy: /DC=ch/DC=cern/OU=computers/CN=vocms0105.cern.ch|/DC=ch/DC=cern/OU=computers/CN=crab-(preprod|prod|dev)-tw(02|01).cern.ch|/DC=ch/DC=cern/OU=computers/CN=(ddi|ddidk|mytw).cern.ch|/DC=ch/DC=cern/OU=computers/CN=stefanov(m|m2).cern.ch
  trusted retrieval policy: /DC=ch/DC=cern/OU=computers/CN=vocms0105.cern.ch|/DC=ch/DC=cern/OU=computers/CN=crab-(preprod|prod|dev)-tw(02|01).cern.ch|/DC=ch/DC=cern/OU=computers/CN=(ddi|ddidk|mytw).cern.ch|/DC=ch/DC=cern/OU=computers/CN=stefanov(m|m2).cern.ch
  timeleft: 398:53:13  (16.6 days)

 error: 
 retcode : 0
DEBUG 2021-04-20 16:38:14.410 UTC: 	 Myproxy is valid: 1435993
DEBUG 2021-04-20 16:38:14.410 UTC: 	 Result of myproxy credential check:
  Credential exists on myproxy: username: b52ac606a6f7097e9b4b8f05a3a67cc69f8f291b  - validity: 16 days, 14:52:00
  Credential exists on myproxy: username: yian_CRAB  - validity: 16 days, 14:53:13
DEBUG 2021-04-20 16:38:14.410 UTC: 	 Command use: submit
DEBUG 2021-04-20 16:38:14.410 UTC: 	 Options use: ['-c', 'crabcode_2018/MuonEG_Run2018D_cfg.py']
DEBUG 2021-04-20 16:38:14.483 UTC: 	 CRABClient version: v3.210323
DEBUG 2021-04-20 16:38:14.483 UTC: 	 Instance is prod
DEBUG 2021-04-20 16:38:14.483 UTC: 	 Server base url is cmsweb.cern.ch
DEBUG 2021-04-20 16:38:14.484 UTC: 	 Command url /crabserver/prod/workflow
DEBUG 2021-04-20 16:38:14.484 UTC: 	 Started submission
DEBUG 2021-04-20 16:38:14.484 UTC: 	 Working on /afs/cern.ch/work/y/yian/work/GZ/CMSSW_10_6_20/src/PhysicsTools/NanoAODTools/WWG/2018/crab/crab2018/crab_MuonEG_Run2018D
DEBUG 2021-04-20 16:38:14.810 UTC: 	 Loading required information from the environment
DEBUG 2021-04-20 16:38:14.811 UTC: 	 Found CMSSW_10_6_20 for slc7_amd64_gcc820 with base /afs/cern.ch/work/y/yian/work/GZ/CMSSW_10_6_20
DEBUG 2021-04-20 16:38:14.811 UTC: 	 Loading required information from the environment
DEBUG 2021-04-20 16:38:14.811 UTC: 	 Found CMSSW_10_6_20 for slc7_amd64_gcc820 with base /afs/cern.ch/work/y/yian/work/GZ/CMSSW_10_6_20
DEBUG 2021-04-20 16:38:14.811 UTC: 	 UNIQUE NAME: tarUUID 7389da23-b447-42d6-a5a3-7f1930354693 
DEBUG 2021-04-20 16:38:14.811 UTC: 	 self.config: from WMCore.Configuration import Configuration
config = Configuration()
config.section_('General')
config.General.workArea = 'crab2018'
config.General.transferLogs = False
config.General.requestName = 'MuonEG_Run2018D'
config.section_('JobType')
config.JobType.scriptArgs = ['isdata=data', 'year=2018']
config.JobType.scriptExe = './WWG_crab_script.sh'
config.JobType.pluginName = 'Analysis'
config.JobType.sendPythonFolder = True
config.JobType.allowUndistributedCMSSW = True
config.JobType.psetName = 'PSet.py'
config.JobType.inputFiles = ['../../../scripts/haddnano.py', '../WWG_selector/WWG_postproc.py', '../WWG_selector/WWG_Module.py', '../WWG_selector/WWG_keep_and_drop.txt', '../WWG_selector/WWG_output_branch.txt', '../WWG_selector/DAS_filesearch.py']
config.section_('Data')
config.Data.inputDataset = '/MuonEG/Run2018D-UL2018_MiniAODv1_NanoAODv2-v1/NANOAOD'
config.Data.allowNonValidInputDataset = True
config.Data.publication = False
config.Data.unitsPerJob = 1
config.Data.ignoreLocality = True
config.Data.inputDBS = 'global'
config.Data.splitting = 'FileBased'
config.Data.outputDatasetTag = 'MuonEG_Run2018D'
config.section_('Site')
config.Site.whitelist = ['T2_US_MIT', 'T2_US_Wisconsin', 'T2_US_Purdue', 'T2_US_UCSD', 'T2_US_Caltech', 'T2_US_Nebraska']
config.Site.storageSite = 'T3_CH_CERNBOX'

DEBUG 2021-04-20 16:38:14.811 UTC: 	 self.config.JobType.psetName: PSet.py
INFO 2021-04-20 16:38:14.811 UTC: 	 Importing CMSSW configuration PSet.py
INFO 2021-04-20 16:38:15.824 UTC: 	 Finished importing CMSSW configuration PSet.py
DEBUG 2021-04-20 16:38:15.824 UTC: 	 Writing CMSSW configuration to /afs/cern.ch/work/y/yian/work/GZ/CMSSW_10_6_20/src/PhysicsTools/NanoAODTools/WWG/2018/crab/crab2018/crab_MuonEG_Run2018D/inputs/PSet.py
DEBUG 2021-04-20 16:38:15.837 UTC: 	 The following EDM output files will be collected: ['tree.root']
DEBUG 2021-04-20 16:38:15.837 UTC: 	 The following TFile output files will be collected: []
DEBUG 2021-04-20 16:38:15.837 UTC: 	 The following user output files (not listed as PoolOuputModule or TFileService in the CMSSW PSet) will be collected: 
DEBUG 2021-04-20 16:38:15.837 UTC: 	 Loading required information from the environment
DEBUG 2021-04-20 16:38:15.837 UTC: 	 Found CMSSW_10_6_20 for slc7_amd64_gcc820 with base /afs/cern.ch/work/y/yian/work/GZ/CMSSW_10_6_20
DEBUG 2021-04-20 16:38:15.837 UTC: 	 Making tarball in /afs/cern.ch/work/y/yian/work/GZ/CMSSW_10_6_20/src/PhysicsTools/NanoAODTools/WWG/2018/crab/crab2018/crab_MuonEG_Run2018D/inputs/7389da23-b447-42d6-a5a3-7f1930354693default.tgz
DEBUG 2021-04-20 16:38:15.838 UTC: 	 Checking directory /afs/cern.ch/work/y/yian/work/GZ/CMSSW_10_6_20/lib
DEBUG 2021-04-20 16:38:15.839 UTC: 	 Adding directory /afs/cern.ch/work/y/yian/work/GZ/CMSSW_10_6_20/lib to tarball
DEBUG 2021-04-20 16:38:16.007 UTC: 	 Checking directory /afs/cern.ch/work/y/yian/work/GZ/CMSSW_10_6_20/biglib
DEBUG 2021-04-20 16:38:16.007 UTC: 	 Adding directory /afs/cern.ch/work/y/yian/work/GZ/CMSSW_10_6_20/biglib to tarball
DEBUG 2021-04-20 16:38:16.008 UTC: 	 Checking directory /afs/cern.ch/work/y/yian/work/GZ/CMSSW_10_6_20/module
DEBUG 2021-04-20 16:38:16.008 UTC: 	 Checking directory /afs/cern.ch/work/y/yian/work/GZ/CMSSW_10_6_20/python
DEBUG 2021-04-20 16:38:16.008 UTC: 	 Adding directory /afs/cern.ch/work/y/yian/work/GZ/CMSSW_10_6_20/python to tarball
DEBUG 2021-04-20 16:38:18.291 UTC: 	 Checking directory /afs/cern.ch/work/y/yian/work/GZ/CMSSW_10_6_20/cfipython
DEBUG 2021-04-20 16:38:18.291 UTC: 	 Adding directory /afs/cern.ch/work/y/yian/work/GZ/CMSSW_10_6_20/cfipython to tarball
DEBUG 2021-04-20 16:38:18.347 UTC: 	 Adding data directory /afs/cern.ch/work/y/yian/work/GZ/CMSSW_10_6_20/src/PhysicsTools/NanoAODTools/data to tarball
DEBUG 2021-04-20 16:38:37.623 UTC: 	 Adding data directory /afs/cern.ch/work/y/yian/work/GZ/CMSSW_10_6_20/src/PhysicsTools/NanoAODTools/interface to tarball
DEBUG 2021-04-20 16:38:37.627 UTC: 	 Adding data directory /afs/cern.ch/work/y/yian/work/GZ/CMSSW_10_6_20/src/PhysicsTools/NanoAODTools/python/postprocessing/data to tarball
DEBUG 2021-04-20 16:38:39.812 UTC: 	 Adding file ../../../scripts/haddnano.py to tarball
DEBUG 2021-04-20 16:38:39.813 UTC: 	 Adding file ../WWG_selector/WWG_postproc.py to tarball
DEBUG 2021-04-20 16:38:39.813 UTC: 	 Adding file ../WWG_selector/WWG_Module.py to tarball
DEBUG 2021-04-20 16:38:39.814 UTC: 	 Adding file ../WWG_selector/WWG_keep_and_drop.txt to tarball
DEBUG 2021-04-20 16:38:39.814 UTC: 	 Adding file ../WWG_selector/WWG_output_branch.txt to tarball
DEBUG 2021-04-20 16:38:39.814 UTC: 	 Adding file ../WWG_selector/DAS_filesearch.py to tarball
DEBUG 2021-04-20 16:38:46.107 UTC: 	 Uploading archive /afs/cern.ch/work/y/yian/work/GZ/CMSSW_10_6_20/src/PhysicsTools/NanoAODTools/WWG/2018/crab/crab2018/crab_MuonEG_Run2018D/inputs/7389da23-b447-42d6-a5a3-7f1930354693default.tgz (94 MB) to the CRAB cache. Using URI https://cmsweb.cern.ch:8443/crabcache
DEBUG 2021-04-20 16:39:55.622 UTC: 	 Loading required information from the environment
DEBUG 2021-04-20 16:39:55.622 UTC: 	 Found CMSSW_10_6_20 for slc7_amd64_gcc820 with base /afs/cern.ch/work/y/yian/work/GZ/CMSSW_10_6_20
DEBUG 2021-04-20 16:39:55.623 UTC: 	 Making tarball in /afs/cern.ch/work/y/yian/work/GZ/CMSSW_10_6_20/src/PhysicsTools/NanoAODTools/WWG/2018/crab/crab2018/crab_MuonEG_Run2018D/inputs/debugFiles.tgz
DEBUG 2021-04-20 16:39:55.629 UTC: 	 Uploading archive /afs/cern.ch/work/y/yian/work/GZ/CMSSW_10_6_20/src/PhysicsTools/NanoAODTools/WWG/2018/crab/crab2018/crab_MuonEG_Run2018D/inputs/debugFiles.tgz (1 KB) to the CRAB cache. Using URI https://cmsweb.cern.ch:8443/crabcache
DEBUG 2021-04-20 16:39:55.689 UTC: 	 Result uploading input files: cb9ce4da543e365541c271069e62cd496919132164a5f4f8054459152f8be9c4.tar.gz 
INFO 2021-04-20 16:39:55.690 UTC: 	 Sending the request to the server at cmsweb.cern.ch
DEBUG 2021-04-20 16:39:55.690 UTC: 	 Submitting {'maxjobruntime': 1250, 'extrajdl': [], 'ignorelocality': 1, 'savelogsflag': 0, 'useparent': 0, 'scriptexe': 'WWG_crab_script.sh', 'asyncdest': 'T3_CH_CERNBOX', 'algoargs': 1, 'cachefilename': 'cb9ce4da543e365541c271069e62cd496919132164a5f4f8054459152f8be9c4.tar.gz', 'numcores': 1, 'addoutputfiles': [], 'generator': 'pythia', 'maxmemory': 2000, 'publishdbsurl': 'https://cmsweb.cern.ch/dbs/prod/phys03/DBSWriter', 'priority': 10, 'jobsw': 'CMSSW_10_6_20', 'edmoutfiles': ['tree.root'], 'userfiles': [], 'primarydataset': '', 'inputdata': '/MuonEG/Run2018D-UL2018_MiniAODv1_NanoAODv2-v1/NANOAOD', 'dryrun': 0, 'workflow': 'crab_MuonEG_Run2018D', 'scriptargs': ['isdata=data', 'year=2018'], 'sitewhitelist': ['T2_US_MIT', 'T2_US_Wisconsin', 'T2_US_Purdue', 'T2_US_UCSD', 'T2_US_Caltech', 'T2_US_Nebraska'], 'nonprodsw': 1, 'tfileoutfiles': [], 'oneEventMode': 0, 'debugfilename': 'b6db5b1693476159b44539396b3b8e921a3dee49181121c4790f3edbc90b343a.tar.gz', 'cacheurl': u'https://cmsweb.cern.ch:8443/crabcache', 'saveoutput': 1, 'publication': 0, 'jobarch': 'slc7_amd64_gcc820', 'totalunits': 0, 'splitalgo': 'FileBased', 'ignoreglobalblacklist': 0, 'nonvaliddata': 1, 'dbsurl': 'https://cmsweb.cern.ch/dbs/prod/global/DBSReader', 'publishgroupname': 0, 'jobtype': 'Analysis', 'publishname2': 'MuonEG_Run2018D'} 
DEBUG 2021-04-20 16:39:55.691 UTC: 	 Encoded submit request: maxjobruntime=1250&ignorelocality=1&savelogsflag=0&useparent=0&scriptexe=WWG_crab_script.sh&asyncdest=T3_CH_CERNBOX&algoargs=1&cachefilename=cb9ce4da543e365541c271069e62cd496919132164a5f4f8054459152f8be9c4.tar.gz&numcores=1&generator=pythia&maxmemory=2000&publishdbsurl=https%3A%2F%2Fcmsweb.cern.ch%2Fdbs%2Fprod%2Fphys03%2FDBSWriter&priority=10&jobsw=CMSSW_10_6_20&primarydataset=&inputdata=%2FMuonEG%2FRun2018D-UL2018_MiniAODv1_NanoAODv2-v1%2FNANOAOD&dryrun=0&workflow=crab_MuonEG_Run2018D&nonprodsw=1&oneEventMode=0&debugfilename=b6db5b1693476159b44539396b3b8e921a3dee49181121c4790f3edbc90b343a.tar.gz&cacheurl=https%3A%2F%2Fcmsweb.cern.ch%3A8443%2Fcrabcache&saveoutput=1&publication=0&jobarch=slc7_amd64_gcc820&totalunits=0&splitalgo=FileBased&ignoreglobalblacklist=0&nonvaliddata=1&dbsurl=https%3A%2F%2Fcmsweb.cern.ch%2Fdbs%2Fprod%2Fglobal%2FDBSReader&publishgroupname=0&jobtype=Analysis&publishname2=MuonEG_Run2018D&sitewhitelist=T2_US_MIT&sitewhitelist=T2_US_Wisconsin&sitewhitelist=T2_US_Purdue&sitewhitelist=T2_US_UCSD&sitewhitelist=T2_US_Caltech&sitewhitelist=T2_US_Nebraska&edmoutfiles=tree.root&scriptargs=isdata%3Ddata&scriptargs=year%3D2018
DEBUG 2021-04-20 16:39:55.761 UTC: 	 Result: {u'result': [{u'RequestName': u'210420_163955:yian_crab_MuonEG_Run2018D'}]}
INFO 2021-04-20 16:39:55.774 UTC: 	 Success: Your task has been delivered to the prod CRAB3 server.
INFO 2021-04-20 16:39:55.775 UTC: 	 Task name: 210420_163955:yian_crab_MuonEG_Run2018D
INFO 2021-04-20 16:39:55.775 UTC: 	 Project dir: crab2018/crab_MuonEG_Run2018D
INFO 2021-04-20 16:39:55.775 UTC: 	 Please use ' crab status -d crab2018/crab_MuonEG_Run2018D ' to check how the submission process proceeds.
DEBUG 2021-04-20 16:39:55.775 UTC: 	 About to return
INFO 2021-04-20 16:39:55.778 UTC: 	 Log file is /afs/cern.ch/work/y/yian/work/GZ/CMSSW_10_6_20/src/PhysicsTools/NanoAODTools/WWG/2018/crab/crab2018/crab_MuonEG_Run2018D/crab.log
DEBUG 2021-04-21 04:53:57.962 UTC: 	 CRAB Client version: v3.210323
DEBUG 2021-04-21 04:53:57.963 UTC: 	 Running on: Linux lxplus772.cern.ch 3.10.0-1160.15.2.el7.x86_64 #1 SMP Wed Feb 3 15:06:38 UTC 2021 x86_64 x86_64 x86_64 GNU/Linux - CentOS Linux 7 (Core)
DEBUG 2021-04-21 04:53:57.963 UTC: 	 Executing command: 'status'
DEBUG 2021-04-21 04:53:57.964 UTC: 	 Found CRAB cache file /afs/cern.ch/user/y/yian/.crab3
DEBUG 2021-04-21 04:53:58.095 UTC: 	 Checking credentials
DEBUG 2021-04-21 04:53:58.095 UTC: 	 Found proxy file /tmp/x509up_u110046
DEBUG 2021-04-21 04:53:58.095 UTC: 	 Getting proxy life time left
DEBUG 2021-04-21 04:53:58.907 UTC: 	 Executing : 
 command : voms-proxy-info -file /tmp/x509up_u110046 -timeleft
 output : 0

 error: 
 retcode : 0
DEBUG 2021-04-21 04:53:58.907 UTC: 	 Proxy valid for 00:00:00 hours
DEBUG 2021-04-21 04:53:58.907 UTC: 	 Creating new proxy for 172:00 hours with VO group '' and VO role 'NULL'.
DEBUG 2021-04-21 04:54:05.073 UTC: 	 Executing : 
 command : voms-proxy-init -voms cms:/cms -valid 172:00 -rfc
 output : None
 error: None
 retcode : 0
DEBUG 2021-04-21 04:54:05.780 UTC: 	 Executing : 
 command : voms-proxy-info -file /tmp/x509up_u110046 -timeleft
 output : 619198

 error: 
 retcode : 0
DEBUG 2021-04-21 04:54:06.489 UTC: 	 Executing : 
 command : voms-proxy-info -file /tmp/x509up_u110046 -actimeleft
 output : 619197

 error: 
 retcode : 0
DEBUG 2021-04-21 04:54:06.489 UTC: 	 Proxy lifetime 619198 secs is different from voms extension lifetime 619197 secs for proxy: /tmp/x509up_u110046
DEBUG 2021-04-21 04:54:07.199 UTC: 	 Executing : 
 command : env X509_USER_PROXY=/tmp/x509up_u110046 voms-proxy-info -fqan
 output : /cms/Role=NULL/Capability=NULL

 error: 
 retcode : 0
DEBUG 2021-04-21 04:54:07.200 UTC: 	 Proxy created.
DEBUG 2021-04-21 04:54:07.269 UTC: 	 Registering user credentials for server /DC=ch/DC=cern/OU=computers/CN=vocms0105.cern.ch|/DC=ch/DC=cern/OU=computers/CN=crab-(preprod|prod|dev)-tw(02|01).cern.ch|/DC=ch/DC=cern/OU=computers/CN=(ddi|ddidk|mytw).cern.ch|/DC=ch/DC=cern/OU=computers/CN=stefanov(m|m2).cern.ch
DEBUG 2021-04-21 04:54:07.987 UTC: 	 Executing : 
 command : voms-proxy-info -file /tmp/x509up_u110046 -identity
 output : /DC=ch/DC=cern/OU=Organic Units/OU=Users/CN=yian/CN=826694/CN=Ying An

 error: 
 retcode : 0
DEBUG 2021-04-21 04:54:07.995 UTC: 	 Getting myproxy life time left for myproxy.cern.ch
DEBUG 2021-04-21 04:54:07.995 UTC: 	 using b52ac606a6f7097e9b4b8f05a3a67cc69f8f291b as credential login name
DEBUG 2021-04-21 04:54:08.503 UTC: 	 Executing : 
 command : myproxy-info -l b52ac606a6f7097e9b4b8f05a3a67cc69f8f291b -s myproxy.cern.ch
 output : username: b52ac606a6f7097e9b4b8f05a3a67cc69f8f291b
owner: /DC=ch/DC=cern/OU=Organic Units/OU=Users/CN=yian/CN=826694/CN=Ying An
  renewal policy: /DC=ch/DC=cern/OU=computers/CN=vocms0105.cern.ch|/DC=ch/DC=cern/OU=computers/CN=crab-(preprod|prod|dev)-tw(02|01).cern.ch|/DC=ch/DC=cern/OU=computers/CN=(ddi|ddidk|mytw).cern.ch|/DC=ch/DC=cern/OU=computers/CN=stefanov(m|m2).cern.ch
  trusted retrieval policy: /DC=ch/DC=cern/OU=computers/CN=vocms0105.cern.ch|/DC=ch/DC=cern/OU=computers/CN=crab-(preprod|prod|dev)-tw(02|01).cern.ch|/DC=ch/DC=cern/OU=computers/CN=(ddi|ddidk|mytw).cern.ch|/DC=ch/DC=cern/OU=computers/CN=stefanov(m|m2).cern.ch
  timeleft: 386:36:04  (16.1 days)

 error: 
 retcode : 0
DEBUG 2021-04-21 04:54:08.504 UTC: 	 Myproxy is valid: 1391764
DEBUG 2021-04-21 04:54:08.504 UTC: 	 Retrieving username ...
DEBUG 2021-04-21 04:54:08.504 UTC: 	 Retrieving username from CRIC...
DEBUG 2021-04-21 04:54:09.243 UTC: 	 username is yian
DEBUG 2021-04-21 04:54:09.250 UTC: 	 Getting myproxy life time left for myproxy.cern.ch
DEBUG 2021-04-21 04:54:09.250 UTC: 	 using yian_CRAB as credential login name
DEBUG 2021-04-21 04:54:09.654 UTC: 	 Executing : 
 command : myproxy-info -l yian_CRAB -s myproxy.cern.ch
 output : username: yian_CRAB
owner: /DC=ch/DC=cern/OU=Organic Units/OU=Users/CN=yian/CN=826694/CN=Ying An
  renewal policy: /DC=ch/DC=cern/OU=computers/CN=vocms0105.cern.ch|/DC=ch/DC=cern/OU=computers/CN=crab-(preprod|prod|dev)-tw(02|01).cern.ch|/DC=ch/DC=cern/OU=computers/CN=(ddi|ddidk|mytw).cern.ch|/DC=ch/DC=cern/OU=computers/CN=stefanov(m|m2).cern.ch
  trusted retrieval policy: /DC=ch/DC=cern/OU=computers/CN=vocms0105.cern.ch|/DC=ch/DC=cern/OU=computers/CN=crab-(preprod|prod|dev)-tw(02|01).cern.ch|/DC=ch/DC=cern/OU=computers/CN=(ddi|ddidk|mytw).cern.ch|/DC=ch/DC=cern/OU=computers/CN=stefanov(m|m2).cern.ch
  timeleft: 386:37:18  (16.1 days)

 error: 
 retcode : 0
DEBUG 2021-04-21 04:54:09.654 UTC: 	 Myproxy is valid: 1391838
DEBUG 2021-04-21 04:54:09.655 UTC: 	 Result of myproxy credential check:
  Credential exists on myproxy: username: b52ac606a6f7097e9b4b8f05a3a67cc69f8f291b  - validity: 16 days, 2:36:04
  Credential exists on myproxy: username: yian_CRAB  - validity: 16 days, 2:37:18
DEBUG 2021-04-21 04:54:09.655 UTC: 	 Command use: status
DEBUG 2021-04-21 04:54:09.655 UTC: 	 Options use: ['-d', 'crab_MuonEG_Run2018D/']
DEBUG 2021-04-21 04:54:09.730 UTC: 	 CRABClient version: v3.210323
DEBUG 2021-04-21 04:54:09.730 UTC: 	 Instance is prod
DEBUG 2021-04-21 04:54:09.730 UTC: 	 Server base url is cmsweb.cern.ch
DEBUG 2021-04-21 04:54:09.730 UTC: 	 Command url /crabserver/prod/workflow
DEBUG 2021-04-21 04:54:09.831 UTC: 	 Got information from server oracle database: {u'result': [u'210420_163955:yian_crab_MuonEG_Run2018D', u'None', u'None', u'SUBMITTED', u'SUBMIT', u'2021-04-20 16:39:55.754093', u'None', u'2021-04-20 16:40:57.065017', u'None', u'CMSSW_10_6_20', u'slc7_amd64_gcc820', u'/MuonEG/Run2018D-UL2018_MiniAODv1_NanoAODv2-v1/NANOAOD', u'T', u'0', u"['T2_US_UCSD', 'T2_US_Wisconsin', 'T2_US_MIT', 'T2_US_Caltech', 'T2_US_Purdue', 'T2_US_Nebraska']", u'[]', u'FileBased', u"{'splitOnRun': False, 'halt_job_on_file_boundaries': False, 'files_per_job': 1, 'runs': [], 'lumis': []}", u'cb9ce4da543e365541c271069e62cd496919132164a5f4f8054459152f8be9c4.tar.gz', u'https://cmsweb.cern.ch:8443/crabcache', u'yian', u'/DC=ch/DC=cern/OU=Organic Units/OU=Users/CN=yian/CN=826694/CN=Ying An', u'cms', u'None', u'None', u'MuonEG_Run2018D-00000000000000000000000000000000', u'F', u'T3_CH_CERNBOX', u'https://cmsweb.cern.ch/dbs/prod/global/DBSReader', u'https://cmsweb.cern.ch/dbs/prod/phys03/DBSWriter', u'F', u'[]', u'[]', u"['tree.root']", u'Analysis', u'pythia', u'None', u'{}', u'[]', u'F', u'crab-prod-tw01', u'[]', u'1250', u'1', u'2000', u'10', u"['/MuonEG/yian-MuonEG_Run2018D-30bd7c63e2b92018da026c2e24160eb3/USER']", u'[]', u'http://vocms0196.cern.ch/mon/cms1407/210420_163955:yian_crab_MuonEG_Run2018D', u'WWG_crab_script.sh', u"['isdata=data', 'year=2018']", u'[]', u'https://cmsweb.cern.ch/crabserver/prod', u'cmsgwms-collector-global.cern.ch:9620,cmsgwms-collector-global.fnal.gov', u'crab3@vocms0196.cern.ch', u'F', u'[]', u'T', u'/store/user/yian/', u'T', u'None', u'F', u'None', u'MuonEG', u'None', u'b6db5b1693476159b44539396b3b8e921a3dee49181121c4790f3edbc90b343a.tar.gz', u'63812455', u'filetransfers', u'F', u'188.185.90.209', u'0.0', u'None'], u'desc': {u'columns': [u'tm_taskname', u'tm_activity', u'panda_jobset_id', u'tm_task_status', u'tm_task_command', u'tm_start_time', u'tm_start_injection', u'tm_end_injection', u'tm_task_failure', u'tm_job_sw', u'tm_job_arch', u'tm_input_dataset', u'tm_nonvalid_input_dataset', u'tm_use_parent', u'tm_site_whitelist', u'tm_site_blacklist', u'tm_split_algo', u'tm_split_args', u'tm_user_sandbox', u'tm_cache_url', u'tm_username', u'tm_user_dn', u'tm_user_vo', u'tm_user_role', u'tm_user_group', u'tm_publish_name', u'tm_publish_groupname', u'tm_asyncdest', u'tm_dbs_url', u'tm_publish_dbs_url', u'tm_publication', u'tm_outfiles', u'tm_tfile_outfiles', u'tm_edm_outfiles', u'tm_job_type', u'tm_generator', u'tm_events_per_lumi', u'tm_arguments', u'panda_resubmitted_jobs', u'tm_save_logs', u'tw_name', u'tm_user_infiles', u'tm_maxjobruntime', u'tm_numcores', u'tm_maxmemory', u'tm_priority', u'tm_output_dataset', u'tm_task_warnings', u'tm_user_webdir', u'tm_scriptexe', u'tm_scriptargs', u'tm_extrajdl', u'tm_asourl', u'tm_collector', u'tm_schedd', u'tm_dry_run', u'tm_user_files', u'tm_transfer_outputs', u'tm_output_lfn', u'tm_ignore_locality', u'tm_fail_limit', u'tm_one_event_mode', u'tm_secondary_input_dataset', u'tm_primary_dataset', u'tm_last_publication', u'tm_debug_files', u'clusterid', u'tm_asodb', u'tm_ignore_global_blacklist', u'tm_submitter_ip_addr', u'tm_totalunits', u'tm_ddm_reqid']}}
INFO 2021-04-21 04:54:09.831 UTC: 	 CRAB project directory:		/afs/cern.ch/work/y/yian/work/GZ/CMSSW_10_6_20/src/PhysicsTools/NanoAODTools/WWG/2018/crab/crab2018/crab_MuonEG_Run2018D
INFO 2021-04-21 04:54:09.832 UTC: 	 Task name:			210420_163955:yian_crab_MuonEG_Run2018D
INFO 2021-04-21 04:54:09.832 UTC: 	 Grid scheduler - Task Worker:	crab3@vocms0196.cern.ch - crab-prod-tw01
INFO 2021-04-21 04:54:09.832 UTC: 	 Status on the CRAB server:	SUBMITTED
INFO 2021-04-21 04:54:09.832 UTC: 	 Task URL to use for HELP:	https://cmsweb.cern.ch/crabserver/ui/task/210420_163955%3Ayian_crab_MuonEG_Run2018D
INFO 2021-04-21 04:54:09.846 UTC: 	 Dashboard monitoring URL:	https://monit-grafana.cern.ch/d/cmsTMDetail/cms-task-monitoring-task-view?orgId=11&var-user=yian&var-task=210420_163955%3Ayian_crab_MuonEG_Run2018D&from=1618933195000&to=now
DEBUG 2021-04-21 04:54:09.846 UTC: 	 The CRAB server submitted your task to the Grid scheduler (cluster ID: 63812455)
DEBUG 2021-04-21 04:54:09.846 UTC: 	 Webdir is located at http://vocms0196.cern.ch/mon/cms1407/210420_163955:yian_crab_MuonEG_Run2018D
DEBUG 2021-04-21 04:54:10.059 UTC: 	 Proxied webdir is located at https://cmsweb.cern.ch:8443/scheddmon/0196/cms1407/210420_163955:yian_crab_MuonEG_Run2018D
DEBUG 2021-04-21 04:54:10.059 UTC: 	 Retrieving 'status_cache' file from https://cmsweb.cern.ch:8443/scheddmon/0196/cms1407/210420_163955:yian_crab_MuonEG_Run2018D/status_cache
DEBUG 2021-04-21 04:54:10.108 UTC: 	 Got information from status cache file: {'42': {'Retries': 0, 'WallDurations': [9.0, 186.5546100139618, 27944.0], 'StartTimes': [1618937041.0], 'SubmitTimes': [1618936874.0], 'JobIds': ['63812577.0'], 'EndTimes': [1618964985.0], 'Restarts': 0, 'RecordedSite': True, 'State': 'finished', 'ResidentSetSize': [502512], 'TotalUserCpuTimeHistory': [7182], 'SiteHistory': ['Unknown', 'T2_US_Nebraska', 'T2_US_Nebraska'], 'TotalSysCpuTimeHistory': [159]}, '43': {'Retries': 1, 'WallDurations': [9.0, 216.5546100139618, 15791.0, 9.0, 92.74164891242981, 14466.0], 'StartTimes': [1618937011.0, 1618956741.0], 'SubmitTimes': [1618936879.0, 1618956479.0], 'JobIds': ['63812581.0', '63816958.0'], 'EndTimes': [1618952802.0, 1618971207.0], 'Restarts': 0, 'RecordedSite': True, 'State': 'finished', 'ResidentSetSize': [405264, 469708], 'TotalUserCpuTimeHistory': [2044, 3652], 'SiteHistory': ['Unknown', 'T2_US_UCSD', 'T2_US_UCSD', 'Unknown', 'T2_US_Nebraska', 'T2_US_Nebraska'], 'TotalSysCpuTimeHistory': [31, 78]}, '49': {'Retries': 0, 'WallDurations': [9.0, 214.5546100139618, 32941.0], 'StartTimes': [1618937013.0], 'SubmitTimes': [1618936880.0], 'JobIds': ['63812604.0'], 'EndTimes': [1618969954.0], 'Restarts': 0, 'RecordedSite': True, 'State': 'finished', 'ResidentSetSize': [442004], 'TotalUserCpuTimeHistory': [2764], 'SiteHistory': ['Unknown', 'T2_US_UCSD', 'T2_US_UCSD'], 'TotalSysCpuTimeHistory': [57]}, '52': {'Retries': 0, 'WallDurations': [9.0, 211.5546100139618, 28520.0], 'StartTimes': [1618937016.0], 'SubmitTimes': [1618936879.0], 'JobIds': ['63812589.0'], 'EndTimes': [1618965536.0], 'Restarts': 0, 'RecordedSite': True, 'State': 'finished', 'ResidentSetSize': [445044], 'TotalUserCpuTimeHistory': [5641], 'SiteHistory': ['Unknown', 'T2_US_Nebraska', 'T2_US_Nebraska'], 'TotalSysCpuTimeHistory': [112]}, '53': {'Retries': 0, 'WallDurations': [10.0, 206.5546100139618, 598.0], 'StartTimes': [1618937021.0], 'SubmitTimes': [1618936880.0], 'JobIds': ['63812595.0'], 'EndTimes': [1618937619.0], 'Restarts': 0, 'RecordedSite': True, 'State': 'finished', 'ResidentSetSize': [301600], 'TotalUserCpuTimeHistory': [58], 'SiteHistory': ['Unknown', 'T2_US_Nebraska', 'T2_US_Nebraska'], 'TotalSysCpuTimeHistory': [2]}, '24': {'Retries': 0, 'WallDurations': [9.0, 178.5546100139618, 26365.0], 'StartTimes': [1618937049.0], 'SubmitTimes': [1618936871.0], 'JobIds': ['63812543.0'], 'EndTimes': [1618963414.0], 'Restarts': 0, 'RecordedSite': True, 'State': 'finished', 'ResidentSetSize': [479072], 'TotalUserCpuTimeHistory': [6909], 'SiteHistory': ['Unknown', 'T2_US_Nebraska', 'T2_US_Nebraska'], 'TotalSysCpuTimeHistory': [154]}, '25': {'Retries': 1, 'WallDurations': [9.0, 175.5546100139618, 32523.0, 9.0, 611.0], 'StartTimes': [1618937052.0, 1618973370.0], 'SubmitTimes': [1618936880.0, 1618973252.0], 'JobIds': ['63812601.0', '63818500.0'], 'EndTimes': [1618969575.0], 'Restarts': 0, 'RecordedSite': True, 'State': 'running', 'ResidentSetSize': [436736, 446764], 'TotalUserCpuTimeHistory': [3844, 74.0], 'SiteHistory': ['Unknown', 'T2_US_UCSD', 'T2_US_UCSD', 'T2_US_MIT', 'T2_US_MIT'], 'TotalSysCpuTimeHistory': [70, 2.0]}, '26': {'Retries': 1, 'WallDurations': [9.0, 93.55461001396179, 26788.0, 8.0, 198.1621708869934, 7521.0], 'StartTimes': [1618937134.0, 1618967850.0], 'SubmitTimes': [1618936871.0, 1618967597.0], 'JobIds': ['63812547.0', '63818057.0'], 'EndTimes': [1618963922.0], 'Restarts': 0, 'RecordedSite': True, 'State': 'running', 'ResidentSetSize': [432216, 424504], 'TotalUserCpuTimeHistory': [3221, 749.0], 'SiteHistory': ['Unknown', 'T2_US_UCSD', 'T2_US_UCSD', 'Unknown', 'T2_US_Purdue', 'T2_US_Purdue'], 'TotalSysCpuTimeHistory': [54, 21.0]}, '27': {'Retries': 0, 'WallDurations': [9.0, 193.5546100139618, 31407.0], 'StartTimes': [1618937034.0], 'SubmitTimes': [1618936871.0], 'JobIds': ['63812545.0'], 'EndTimes': [1618968441.0], 'Restarts': 0, 'RecordedSite': True, 'State': 'finished', 'ResidentSetSize': [506444], 'TotalUserCpuTimeHistory': [9052], 'SiteHistory': ['Unknown', 'T2_US_Nebraska', 'T2_US_Nebraska'], 'TotalSysCpuTimeHistory': [166]}, '20': {'Retries': 0, 'WallDurations': [9.0, 199.5546100139618, 27018.0], 'StartTimes': [1618937028.0], 'SubmitTimes': [1618936870.0], 'JobIds': ['63812535.0'], 'EndTimes': [1618964046.0], 'Restarts': 0, 'RecordedSite': True, 'State': 'finished', 'ResidentSetSize': [525000], 'TotalUserCpuTimeHistory': [7599], 'SiteHistory': ['Unknown', 'T2_US_Nebraska', 'T2_US_Nebraska'], 'TotalSysCpuTimeHistory': [175]}, '21': {'Retries': 0, 'WallDurations': [10.0, 200.5546100139618, 17465.0], 'StartTimes': [1618937027.0], 'SubmitTimes': [1618936870.0], 'JobIds': ['63812537.0'], 'EndTimes': [1618954492.0], 'Restarts': 0, 'RecordedSite': True, 'State': 'finished', 'ResidentSetSize': [401324], 'TotalUserCpuTimeHistory': [3517], 'SiteHistory': ['Unknown', 'T2_US_Nebraska', 'T2_US_Nebraska'], 'TotalSysCpuTimeHistory': [68]}, '48': {'Retries': 1, 'WallDurations': [8.0, 215.5546100139618, 24633.0, 8.0, 190.90852689743042, 9623.0], 'StartTimes': [1618937012.0, 1618965440.0], 'SubmitTimes': [1618936879.0, 1618965323.0], 'JobIds': ['63812587.0', '63817850.0'], 'EndTimes': [1618961645.0], 'Restarts': 0, 'RecordedSite': True, 'State': 'running', 'ResidentSetSize': [428232, 433768], 'TotalUserCpuTimeHistory': [2518, 820.0], 'SiteHistory': ['Unknown', 'T2_US_UCSD', 'T2_US_UCSD', 'Unknown', 'T2_US_Purdue', 'T2_US_Purdue'], 'TotalSysCpuTimeHistory': [46, 20.0]}, '23': {'Retries': 0, 'WallDurations': [9.0, 196.5546100139618, 24915.0], 'StartTimes': [1618937031.0], 'SubmitTimes': [1618936871.0], 'JobIds': ['63812541.0'], 'EndTimes': [1618961946.0], 'Restarts': 0, 'RecordedSite': True, 'State': 'finished', 'ResidentSetSize': [428120], 'TotalUserCpuTimeHistory': [4312], 'SiteHistory': ['Unknown', 'T2_US_Nebraska', 'T2_US_Nebraska'], 'TotalSysCpuTimeHistory': [91]}, '46': {'Retries': 1, 'WallDurations': [8.0, 173.5546100139618, 27123.0, 9.0, 611.0], 'StartTimes': [1618937054.0, 1618967997.0], 'SubmitTimes': [1618936879.0, 1618967852.0], 'JobIds': ['63812585.0', '63818077.0'], 'EndTimes': [1618964177.0], 'Restarts': 0, 'RecordedSite': True, 'State': 'running', 'ResidentSetSize': [438356, 433656], 'TotalUserCpuTimeHistory': [3393, 72.0], 'SiteHistory': ['Unknown', 'T2_US_UCSD', 'T2_US_UCSD', 'T2_US_Nebraska', 'T2_US_Nebraska'], 'TotalSysCpuTimeHistory': [63, 2.0]}, '47': {'Retries': 1, 'WallDurations': [9.0, 216.5546100139618, 25060.0, 9.0, 247.29441690444946, 610.0], 'StartTimes': [1618937011.0, 1618966290.0], 'SubmitTimes': [1618936879.0, 1618965745.0], 'JobIds': ['63812593.0', '63817886.0'], 'EndTimes': [1618962071.0], 'Restarts': 0, 'RecordedSite': True, 'State': 'running', 'ResidentSetSize': [611632, 427672], 'TotalUserCpuTimeHistory': [2636, 92.0], 'SiteHistory': ['Unknown', 'T2_US_UCSD', 'T2_US_UCSD', 'Unknown', 'T2_US_Nebraska', 'T2_US_Nebraska'], 'TotalSysCpuTimeHistory': [55, 2.0]}, '44': {'Retries': 0, 'WallDurations': [10.0, 221.5546100139618, 13632.0], 'StartTimes': [1618937006.0], 'SubmitTimes': [1618936873.0], 'JobIds': ['63812575.0'], 'EndTimes': [1618950638.0], 'Restarts': 0, 'RecordedSite': True, 'State': 'finished', 'ResidentSetSize': [404036], 'TotalUserCpuTimeHistory': [2356], 'SiteHistory': ['Unknown', 'T2_US_MIT', 'T2_US_MIT'], 'TotalSysCpuTimeHistory': [22]}, '45': {'Retries': 0, 'WallDurations': [9.0, 203.5546100139618, 19698.0], 'StartTimes': [1618937024.0], 'SubmitTimes': [1618936879.0], 'JobIds': ['63812583.0'], 'EndTimes': [1618956722.0], 'Restarts': 0, 'RecordedSite': True, 'State': 'finished', 'ResidentSetSize': [468948], 'TotalUserCpuTimeHistory': [5568], 'SiteHistory': ['Unknown', 'T2_US_Nebraska', 'T2_US_Nebraska'], 'TotalSysCpuTimeHistory': [130]}, '28': {'Retries': 1, 'WallDurations': [8.0, 288.7256579399109, 34113.0, 10.0, 1812.0], 'StartTimes': [1618937239.0, 1618975281.0], 'SubmitTimes': [1618936872.0, 1618975031.0], 'JobIds': ['63812549.0', '63818966.0'], 'EndTimes': [1618971352.0], 'Restarts': 0, 'RecordedSite': True, 'State': 'running', 'ResidentSetSize': [440964, 401404], 'TotalUserCpuTimeHistory': [4237, 199.0], 'SiteHistory': ['Unknown', 'T2_US_UCSD', 'T2_US_UCSD', 'T2_US_Wisconsin', 'T2_US_Wisconsin'], 'TotalSysCpuTimeHistory': [103, 8.0]}, '29': {'Retries': 1, 'WallDurations': [10.0, 91.55461001396179, 17632.0, 9.0, 293.3522539138794, 911.0], 'StartTimes': [1618937136.0, 1618958655.0], 'SubmitTimes': [1618936872.0, 1618958443.0], 'JobIds': ['63812551.0', '63817033.0'], 'EndTimes': [1618954768.0], 'Restarts': 0, 'RecordedSite': True, 'State': 'running', 'ResidentSetSize': [448500, 430932], 'TotalUserCpuTimeHistory': [3798, 81.0], 'SiteHistory': ['Unknown', 'T2_US_UCSD', 'T2_US_UCSD', 'Unknown', 'T2_US_Nebraska', 'T2_US_Nebraska'], 'TotalSysCpuTimeHistory': [60, 2.0]}, '40': {'Retries': 0, 'WallDurations': [9.0, 199.5546100139618, 22360.0], 'StartTimes': [1618937028.0], 'SubmitTimes': [1618936873.0], 'JobIds': ['63812571.0'], 'EndTimes': [1618959388.0], 'Restarts': 0, 'RecordedSite': True, 'State': 'finished', 'ResidentSetSize': [424476], 'TotalUserCpuTimeHistory': [4032], 'SiteHistory': ['Unknown', 'T2_US_Nebraska', 'T2_US_Nebraska'], 'TotalSysCpuTimeHistory': [88]}, '41': {'Retries': 1, 'WallDurations': [10.0, 172.5546100139618, 25364.0, 9.0, 248.29441690444946, 6619.0], 'StartTimes': [1618937055.0, 1618966289.0], 'SubmitTimes': [1618936879.0, 1618966092.0], 'JobIds': ['63812579.0', '63817908.0'], 'EndTimes': [1618962419.0], 'Restarts': 0, 'RecordedSite': True, 'State': 'running', 'ResidentSetSize': [409168, 426724], 'TotalUserCpuTimeHistory': [2539, 408.0], 'SiteHistory': ['Unknown', 'T2_US_UCSD', 'T2_US_UCSD', 'Unknown', 'T2_US_UCSD', 'T2_US_UCSD'], 'TotalSysCpuTimeHistory': [50, 11.0]}, '1': {'Retries': 0, 'WallDurations': [10.0, 205.5546100139618, 21914.0], 'StartTimes': [1618937022.0], 'SubmitTimes': [1618936863.0], 'JobIds': ['63812496.0'], 'EndTimes': [1618958936.0], 'Restarts': 0, 'RecordedSite': True, 'State': 'finished', 'ResidentSetSize': [402628], 'TotalUserCpuTimeHistory': [3475], 'SiteHistory': ['Unknown', 'T2_US_Nebraska', 'T2_US_Nebraska'], 'TotalSysCpuTimeHistory': [74]}, '3': {'Retries': 1, 'WallDurations': [9.0, 25.554610013961792, 17845.0, 10.0, 13104.0], 'StartTimes': [1618937202.0, 1618958916.0], 'SubmitTimes': [1618936863.0, 1618958726.0], 'JobIds': ['63812498.0', '63817080.0'], 'EndTimes': [1618955047.0, 1618972020.0], 'Restarts': 0, 'RecordedSite': True, 'State': 'finished', 'ResidentSetSize': [481448, 395996], 'TotalUserCpuTimeHistory': [1527, 3124], 'SiteHistory': ['Unknown', 'T2_US_UCSD', 'T2_US_UCSD', 'T2_US_Nebraska', 'T2_US_Nebraska'], 'TotalSysCpuTimeHistory': [31, 53]}, '2': {'Retries': 1, 'WallDurations': [9.0, 177.5546100139618, 32321.0, 9.0, 79.84657192230225, 6620.0], 'StartTimes': [1618937050.0, 1618973415.0], 'SubmitTimes': [1618936863.0, 1618973050.0], 'JobIds': ['63812497.0', '63818487.0'], 'EndTimes': [1618969371.0], 'Restarts': 0, 'RecordedSite': True, 'State': 'running', 'ResidentSetSize': [422448, 427212], 'TotalUserCpuTimeHistory': [2818, 434.0], 'SiteHistory': ['Unknown', 'T2_US_UCSD', 'T2_US_UCSD', 'Unknown', 'T2_US_UCSD', 'T2_US_UCSD'], 'TotalSysCpuTimeHistory': [53, 14.0]}, '5': {'Retries': 1, 'WallDurations': [9.0, 66.55461001396179, 17587.0, 9.0, 12101.0], 'StartTimes': [1618937161.0, 1618958648.0], 'SubmitTimes': [1618936869.0, 1618958423.0], 'JobIds': ['63812505.0', '63817032.0'], 'EndTimes': [1618954748.0, 1618970749.0], 'Restarts': 0, 'RecordedSite': True, 'State': 'finished', 'ResidentSetSize': [442600, 447740], 'TotalUserCpuTimeHistory': [2041, 1798], 'SiteHistory': ['Unknown', 'T2_US_UCSD', 'T2_US_UCSD', 'T2_US_Wisconsin', 'T2_US_Wisconsin'], 'TotalSysCpuTimeHistory': [31, 33]}, '4': {'Retries': 2, 'WallDurations': [9.0, 61.55461001396179, 12861.0, 9.0, 10116.0, 9.0, 204.1621708869934, 9469.0], 'StartTimes': [1618937166.0, 1618953893.0, 1618967844.0], 'SubmitTimes': [1618936863.0, 1618953702.0, 1618967742.0], 'JobIds': ['63812499.0', '63816847.0', '63818071.0'], 'EndTimes': [1618950027.0, 1618964009.0, 1618977313.0], 'Restarts': 0, 'RecordedSite': True, 'State': 'finished', 'ResidentSetSize': [387880, 387820, 435668], 'TotalUserCpuTimeHistory': [1748, 1322, 1194], 'SiteHistory': ['Unknown', 'T2_US_UCSD', 'T2_US_UCSD', 'T2_US_UCSD', 'T2_US_UCSD', 'Unknown', 'T2_US_Wisconsin', 'T2_US_Wisconsin'], 'TotalSysCpuTimeHistory': [30, 24, 27]}, '7': {'Retries': 0, 'WallDurations': [9.0, 211.5546100139618, 27234.0], 'StartTimes': [1618937016.0], 'SubmitTimes': [1618936869.0], 'JobIds': ['63812509.0'], 'EndTimes': [1618964250.0], 'Restarts': 0, 'RecordedSite': True, 'State': 'finished', 'ResidentSetSize': [446392], 'TotalUserCpuTimeHistory': [3822], 'SiteHistory': ['Unknown', 'T2_US_Nebraska', 'T2_US_Nebraska'], 'TotalSysCpuTimeHistory': [74]}, '6': {'Retries': 1, 'WallDurations': [8.0, 212.5546100139618, 19033.0, 8.0, 172.05397009849548, 4514.0], 'StartTimes': [1618937015.0, 1618959988.0], 'SubmitTimes': [1618936869.0, 1618959723.0], 'JobIds': ['63812507.0', '63817173.0'], 'EndTimes': [1618956048.0], 'Restarts': 0, 'RecordedSite': True, 'State': 'running', 'ResidentSetSize': [456952, 506588], 'TotalUserCpuTimeHistory': [3434, 587.0], 'SiteHistory': ['Unknown', 'T2_US_UCSD', 'T2_US_UCSD', 'Unknown', 'T2_US_Wisconsin', 'T2_US_Wisconsin'], 'TotalSysCpuTimeHistory': [69, 12.0]}, '9': {'Retries': 2, 'WallDurations': [9.0, 165.5546100139618, 16711.0, 9.0, 19004.0, 9.0, 271.0861210823059, 271.0861210823059], 'StartTimes': [1618937062.0, 1618957611.0, 1618980499.0], 'SubmitTimes': [1618936869.0, 1618957453.0, 1618980360.0], 'JobIds': ['63812513.0', '63816996.0', '63820487.0'], 'EndTimes': [1618953773.0, 1618976615.0], 'Restarts': 0, 'RecordedSite': True, 'State': 'running', 'ResidentSetSize': [402332, 404656, 77892], 'TotalUserCpuTimeHistory': [2589, 1805, 0.0], 'SiteHistory': ['Unknown', 'T2_US_UCSD', 'T2_US_UCSD', 'T2_US_UCSD', 'T2_US_UCSD', 'Unknown', 'T2_US_Wisconsin', 'T2_US_Wisconsin'], 'TotalSysCpuTimeHistory': [40, 38, 0.0]}, '8': {'Retries': 1, 'WallDurations': [8.0, 185.5546100139618, 30268.0, 9.0, 7822.0], 'StartTimes': [1618937042.0, 1618971055.0], 'SubmitTimes': [1618936869.0, 1618970984.0], 'JobIds': ['63812511.0', '63818346.0'], 'EndTimes': [1618967310.0], 'Restarts': 0, 'RecordedSite': True, 'State': 'running', 'ResidentSetSize': [449960, 427268], 'TotalUserCpuTimeHistory': [3671, 683.0], 'SiteHistory': ['Unknown', 'T2_US_UCSD', 'T2_US_UCSD', 'T2_US_Purdue', 'T2_US_Purdue'], 'TotalSysCpuTimeHistory': [68, 16.0]}, '39': {'Retries': 0, 'WallDurations': [9.0, 199.5546100139618, 42648.0], 'StartTimes': [1618937028.0], 'SubmitTimes': [1618936873.0], 'JobIds': ['63812573.0'], 'EndTimes': [1618979676.0], 'Restarts': 0, 'RecordedSite': True, 'State': 'transferring', 'ResidentSetSize': [446240], 'TotalUserCpuTimeHistory': [3541], 'SiteHistory': ['Unknown', 'T2_US_UCSD', 'T2_US_UCSD'], 'TotalSysCpuTimeHistory': [66]}, '38': {'Retries': 1, 'WallDurations': [8.0, 38.55461001396179, 30137.0, 10.0, 1814.0], 'StartTimes': [1618937189.0, 1618971067.0], 'SubmitTimes': [1618936873.0, 1618970999.0], 'JobIds': ['63812565.0', '63818348.0'], 'EndTimes': [1618967326.0], 'Restarts': 0, 'RecordedSite': True, 'State': 'running', 'ResidentSetSize': [433992, 517364], 'TotalUserCpuTimeHistory': [3841, 351.0], 'SiteHistory': ['Unknown', 'T2_US_UCSD', 'T2_US_UCSD', 'T2_US_Nebraska', 'T2_US_Nebraska'], 'TotalSysCpuTimeHistory': [67, 10.0]}, '14': {'Retries': 1, 'WallDurations': [8.0, 159.5546100139618, 23490.0, 9.0, 131.49109196662903, 9445.0, 0, 78.81921410560608], 'StartTimes': [1618937068.0, 1618964891.0, 1618974630.0], 'SubmitTimes': [1618936870.0, 1618964230.0, -1], 'JobIds': ['63812523.0', '63817761.0', '63817761.0'], 'EndTimes': [1618960558.0, 1618974336.0], 'Restarts': 1, 'RecordedSite': True, 'State': 'running', 'ResidentSetSize': [414440, 406720, 0], 'TotalUserCpuTimeHistory': [3866, 1031.0, 0.0], 'SiteHistory': ['Unknown', 'T2_US_UCSD', 'T2_US_UCSD', 'Unknown', 'T2_US_MIT', 'T2_US_MIT', 'Unknown', 'T2_US_Vanderbilt'], 'TotalSysCpuTimeHistory': [48, 22.0, 0.0]}, '11': {'Retries': 1, 'WallDurations': [9.0, 189.5546100139618, 33864.0, 9.0, 227.23017001152039, 610.0], 'StartTimes': [1618937038.0, 1618974784.0], 'SubmitTimes': [1618936869.0, 1618974578.0], 'JobIds': ['63812517.0', '63818888.0'], 'EndTimes': [1618970902.0], 'Restarts': 0, 'RecordedSite': True, 'State': 'running', 'ResidentSetSize': [441408, 426508], 'TotalUserCpuTimeHistory': [4275, 61.0], 'SiteHistory': ['Unknown', 'T2_US_UCSD', 'T2_US_UCSD', 'Unknown', 'T2_US_Nebraska', 'T2_US_Nebraska'], 'TotalSysCpuTimeHistory': [66, 3.0]}, '10': {'Retries': 1, 'WallDurations': [9.0, 194.5546100139618, 23286.0, 8.0, 89.60346794128418, 16165.0], 'StartTimes': [1618937033.0, 1618964324.0], 'SubmitTimes': [1618936869.0, 1618963995.0], 'JobIds': ['63812515.0', '63817748.0'], 'EndTimes': [1618960319.0, 1618980489.0], 'Restarts': 0, 'RecordedSite': True, 'State': 'transferring', 'ResidentSetSize': [602732, 482720], 'TotalUserCpuTimeHistory': [3137, 1524], 'SiteHistory': ['Unknown', 'T2_US_UCSD', 'T2_US_UCSD', 'Unknown', 'T2_US_Wisconsin', 'T2_US_Wisconsin'], 'TotalSysCpuTimeHistory': [52, 31]}, '13': {'Retries': 1, 'WallDurations': [9.0, 151.5546100139618, 24229.0, 8.0, 126.06559205055237, 5592.0, 608.0], 'StartTimes': [1618937076.0, 1618965201.0, 1618971056.0], 'SubmitTimes': [1618936869.0, 1618964982.0, -1], 'JobIds': ['63812521.0', '63817823.0', '63817823.0'], 'EndTimes': [1618961305.0, 1618970793.0], 'Restarts': 1, 'RecordedSite': True, 'State': 'running', 'ResidentSetSize': [429036, 426476, 490816], 'TotalUserCpuTimeHistory': [3044, 234.0, 85.0], 'SiteHistory': ['Unknown', 'T2_US_UCSD', 'T2_US_UCSD', 'Unknown', 'T2_US_UCSD', 'T2_US_UCSD', 'T2_US_Wisconsin'], 'TotalSysCpuTimeHistory': [48, 7.0, 7.0]}, '12': {'Retries': 1, 'WallDurations': [9.0, 217.5546100139618, 28020.0, 10.0, 288.4082500934601, 1213.0], 'StartTimes': [1618937010.0, 1618968966.0], 'SubmitTimes': [1618936869.0, 1618968708.0], 'JobIds': ['63812519.0', '63818149.0'], 'EndTimes': [1618965030.0], 'Restarts': 0, 'RecordedSite': True, 'State': 'running', 'ResidentSetSize': [435760, 436956], 'TotalUserCpuTimeHistory': [2934, 235.0], 'SiteHistory': ['Unknown', 'T2_US_UCSD', 'T2_US_UCSD', 'Unknown', 'T2_US_Nebraska', 'T2_US_Nebraska'], 'TotalSysCpuTimeHistory': [57, 6.0]}, '15': {'Retries': 0, 'WallDurations': [9.0, 208.5546100139618, 16120.0], 'StartTimes': [1618937019.0], 'SubmitTimes': [1618936870.0], 'JobIds': ['63812525.0'], 'EndTimes': [1618953139.0], 'Restarts': 0, 'RecordedSite': True, 'State': 'finished', 'ResidentSetSize': [390988], 'TotalUserCpuTimeHistory': [2367], 'SiteHistory': ['Unknown', 'T2_US_Nebraska', 'T2_US_Nebraska'], 'TotalSysCpuTimeHistory': [37]}, '22': {'Retries': 0, 'WallDurations': [9.0, 199.5546100139618, 25844.0], 'StartTimes': [1618937028.0], 'SubmitTimes': [1618936871.0], 'JobIds': ['63812539.0'], 'EndTimes': [1618962872.0], 'Restarts': 0, 'RecordedSite': True, 'State': 'finished', 'ResidentSetSize': [431232], 'TotalUserCpuTimeHistory': [4678], 'SiteHistory': ['Unknown', 'T2_US_Nebraska', 'T2_US_Nebraska'], 'TotalSysCpuTimeHistory': [100]}, '17': {'Retries': 0, 'WallDurations': [9.0, 206.5546100139618, 22846.0], 'StartTimes': [1618937021.0], 'SubmitTimes': [1618936870.0], 'JobIds': ['63812529.0'], 'EndTimes': [1618959867.0], 'Restarts': 0, 'RecordedSite': True, 'State': 'finished', 'ResidentSetSize': [425420], 'TotalUserCpuTimeHistory': [5370], 'SiteHistory': ['Unknown', 'T2_US_Nebraska', 'T2_US_Nebraska'], 'TotalSysCpuTimeHistory': [86]}, '16': {'Retries': 1, 'WallDurations': [8.0, 182.5546100139618, 33006.0, 8.0, 194.25602388381958, 1210.0], 'StartTimes': [1618937045.0, 1618974211.0], 'SubmitTimes': [1618936870.0, 1618973724.0], 'JobIds': ['63812527.0', '63818532.0'], 'EndTimes': [1618970051.0], 'Restarts': 0, 'RecordedSite': True, 'State': 'running', 'ResidentSetSize': [437940, 442356], 'TotalUserCpuTimeHistory': [3933, 49.0], 'SiteHistory': ['Unknown', 'T2_US_UCSD', 'T2_US_UCSD', 'Unknown', 'T2_US_UCSD', 'T2_US_UCSD'], 'TotalSysCpuTimeHistory': [69, 2.0]}, '19': {'Retries': 0, 'WallDurations': [9.0, 198.5546100139618, 19964.0], 'StartTimes': [1618937029.0], 'SubmitTimes': [1618936870.0], 'JobIds': ['63812533.0'], 'EndTimes': [1618956993.0], 'Restarts': 0, 'RecordedSite': True, 'State': 'finished', 'ResidentSetSize': [464212], 'TotalUserCpuTimeHistory': [5589], 'SiteHistory': ['Unknown', 'T2_US_Nebraska', 'T2_US_Nebraska'], 'TotalSysCpuTimeHistory': [109]}, '32': {'Retries': 1, 'WallDurations': [9.0, 100.55461001396179, 17991.0, 9.0, 21053.0], 'StartTimes': [1618937127.0, 1618958908.0], 'SubmitTimes': [1618936872.0, 1618958796.0], 'JobIds': ['63812555.0', '63817112.0'], 'EndTimes': [1618955118.0], 'Restarts': 0, 'RecordedSite': True, 'State': 'running', 'ResidentSetSize': [432220, 472000], 'TotalUserCpuTimeHistory': [3147, 2489.0], 'SiteHistory': ['Unknown', 'T2_US_UCSD', 'T2_US_UCSD', 'T2_US_Wisconsin', 'T2_US_Wisconsin'], 'TotalSysCpuTimeHistory': [58, 64.0]}, '31': {'Retries': 1, 'WallDurations': [9.0, 35.55461001396179, 16799.0, 10.0, 260.4073181152344, 16105.0], 'StartTimes': [1618937192.0, 1618958085.0], 'SubmitTimes': [1618936873.0, 1618957665.0], 'JobIds': ['63812563.0', '63817006.0'], 'EndTimes': [1618953991.0, 1618974190.0], 'Restarts': 0, 'RecordedSite': True, 'State': 'finished', 'ResidentSetSize': [409132, 458740], 'TotalUserCpuTimeHistory': [2118, 4514], 'SiteHistory': ['Unknown', 'T2_US_UCSD', 'T2_US_UCSD', 'Unknown', 'T2_US_Nebraska', 'T2_US_Nebraska'], 'TotalSysCpuTimeHistory': [35, 84]}, '30': {'Retries': 1, 'WallDurations': [0, 8.0, 20310.0, 0, 12976.0, 0, 308.0], 'StartTimes': [1618937237.0, 1618961361.0, 1618974593.0], 'SubmitTimes': [1618936872.0, 1618961220.0, -1], 'JobIds': ['63812553.0', '63817267.0', '63817267.0'], 'EndTimes': [1618957547.0, 1618974337.0], 'Restarts': 1, 'RecordedSite': True, 'State': 'running', 'ResidentSetSize': [432816, 425800, 513288], 'TotalUserCpuTimeHistory': [4309, 1209.0, 43.0], 'SiteHistory': ['Unknown', 'T2_US_UCSD', 'T2_US_UCSD', 'T2_US_MIT', 'T2_US_MIT', 'Unknown', 'T2_US_Wisconsin'], 'TotalSysCpuTimeHistory': [68, 17.0, 5.0]}, '51': {'Retries': 0, 'WallDurations': [8.0, 217.5546100139618, 20132.0], 'StartTimes': [1618937010.0], 'SubmitTimes': [1618936880.0], 'JobIds': ['63812598.0'], 'EndTimes': [1618957142.0], 'Restarts': 0, 'RecordedSite': True, 'State': 'finished', 'ResidentSetSize': [444296], 'TotalUserCpuTimeHistory': [3442], 'SiteHistory': ['Unknown', 'T2_US_MIT', 'T2_US_MIT'], 'TotalSysCpuTimeHistory': [37]}, '36': {'Retries': 0, 'WallDurations': [8.0, 101.55461001396179, 13520.0], 'StartTimes': [1618937126.0], 'SubmitTimes': [1618936873.0], 'JobIds': ['63812569.0'], 'EndTimes': [1618950646.0], 'Restarts': 0, 'RecordedSite': True, 'State': 'finished', 'ResidentSetSize': [411576], 'TotalUserCpuTimeHistory': [2791], 'SiteHistory': ['Unknown', 'T2_US_MIT', 'T2_US_MIT'], 'TotalSysCpuTimeHistory': [22]}, '35': {'Retries': 0, 'WallDurations': [8.0, 104.55461001396179, 16555.0], 'StartTimes': [1618937123.0], 'SubmitTimes': [1618936873.0], 'JobIds': ['63812567.0'], 'EndTimes': [1618953678.0], 'Restarts': 0, 'RecordedSite': True, 'State': 'finished', 'ResidentSetSize': [423116], 'TotalUserCpuTimeHistory': [3098], 'SiteHistory': ['Unknown', 'T2_US_MIT', 'T2_US_MIT'], 'TotalSysCpuTimeHistory': [26]}, '34': {'Retries': 0, 'WallDurations': [9.0, 85.55461001396179, 24605.0], 'StartTimes': [1618937142.0], 'SubmitTimes': [1618936872.0], 'JobIds': ['63812559.0'], 'EndTimes': [1618961747.0], 'Restarts': 0, 'RecordedSite': True, 'State': 'finished', 'ResidentSetSize': [429088], 'TotalUserCpuTimeHistory': [5270], 'SiteHistory': ['Unknown', 'T2_US_Nebraska', 'T2_US_Nebraska'], 'TotalSysCpuTimeHistory': [105]}, '33': {'Retries': 1, 'WallDurations': [8.0, 70.55461001396179, 33544.0, 10.0, 104.81921410560608, 3015.0], 'StartTimes': [1618937157.0, 1618974604.0], 'SubmitTimes': [1618936872.0, 1618974381.0], 'JobIds': ['63812557.0', '63818865.0'], 'EndTimes': [1618970701.0], 'Restarts': 0, 'RecordedSite': True, 'State': 'running', 'ResidentSetSize': [603764, 435928], 'TotalUserCpuTimeHistory': [4064, 384.0], 'SiteHistory': ['Unknown', 'T2_US_UCSD', 'T2_US_UCSD', 'Unknown', 'T2_US_Nebraska', 'T2_US_Nebraska'], 'TotalSysCpuTimeHistory': [108, 12.0]}, '37': {'Retries': 0, 'WallDurations': [0, 9.0, 37366.0], 'StartTimes': [1618939983.0], 'SubmitTimes': [1618936873.0], 'JobIds': ['63812561.0'], 'EndTimes': [1618977349.0], 'Restarts': 0, 'RecordedSite': True, 'State': 'transferring', 'ResidentSetSize': [476376], 'TotalUserCpuTimeHistory': [2187], 'SiteHistory': ['Unknown', 'T2_US_UCSD', 'T2_US_UCSD'], 'TotalSysCpuTimeHistory': [61]}, '18': {'Retries': 1, 'WallDurations': [9.0, 216.5546100139618, 27499.0, 8.0, 231.86380910873413, 6618.0], 'StartTimes': [1618937011.0, 1618968419.0], 'SubmitTimes': [1618936870.0, 1618968185.0], 'JobIds': ['63812531.0', '63818107.0'], 'EndTimes': [1618964510.0], 'Restarts': 0, 'RecordedSite': True, 'State': 'running', 'ResidentSetSize': [438204, 551556], 'TotalUserCpuTimeHistory': [2742, 1228.0], 'SiteHistory': ['Unknown', 'T2_US_UCSD', 'T2_US_UCSD', 'Unknown', 'T2_US_Nebraska', 'T2_US_Nebraska'], 'TotalSysCpuTimeHistory': [52, 36.0]}, '50': {'Retries': 0, 'WallDurations': [10.0, 206.5546100139618, 17548.0], 'StartTimes': [1618937021.0], 'SubmitTimes': [1618936879.0], 'JobIds': ['63812591.0'], 'EndTimes': [1618954569.0], 'Restarts': 0, 'RecordedSite': True, 'State': 'finished', 'ResidentSetSize': [674772], 'TotalUserCpuTimeHistory': [4966], 'SiteHistory': ['Unknown', 'T2_US_Nebraska', 'T2_US_Nebraska'], 'TotalSysCpuTimeHistory': [96]}}
INFO 2021-04-21 04:54:10.108 UTC: 	 Status on the scheduler:	SUBMITTED
INFO 2021-04-21 04:54:10.108 UTC: 	 
Jobs status:                    finished     		 52.8% (28/53)
INFO 2021-04-21 04:54:10.108 UTC: 	 				running      		 41.5% (22/53)
INFO 2021-04-21 04:54:10.108 UTC: 	 				transferring 		  5.7% ( 3/53)
INFO 2021-04-21 04:54:10.108 UTC: 	 
No publication information (publication has been disabled in the CRAB configuration file)
INFO 2021-04-21 04:54:10.110 UTC: 	 
Warning: the average jobs CPU efficiency is less than 50%, please consider to improve the jobs splitting (e.g. config.Data.splitting = 'Automatic') in a new task
INFO 2021-04-21 04:54:10.110 UTC: 	 
Summary of run jobs:
 * Memory: 76MB min, 658MB max, 437MB ave
 * Runtime: 0:01:18 min, 11:50:48 max, 5:55:08 ave
 * CPU eff: 6% min, 29% max, 19% ave
 * Waste: 33:27:15 (15% of total)

INFO 2021-04-21 04:54:10.119 UTC: 	 Log file is /afs/cern.ch/work/y/yian/work/GZ/CMSSW_10_6_20/src/PhysicsTools/NanoAODTools/WWG/2018/crab/crab2018/crab_MuonEG_Run2018D/crab.log
