DEBUG 2021-11-17 17:09:25.837 UTC: 	 CRAB Client version: v3.210825
DEBUG 2021-11-17 17:09:25.837 UTC: 	 Running on: Linux lxplus717.cern.ch 3.10.0-1160.45.1.el7.x86_64 #1 SMP Wed Oct 13 17:20:51 UTC 2021 x86_64 x86_64 x86_64 GNU/Linux - CentOS Linux 7 (Core)
DEBUG 2021-11-17 17:09:25.837 UTC: 	 Executing command: 'submit'
DEBUG 2021-11-17 17:09:25.841 UTC: 	 Found CRAB cache file /afs/cern.ch/user/y/yian/.crab3
INFO 2021-11-17 17:09:25.844 UTC: 	 Will use CRAB configuration file crabcode_2016/DYJetsToLL_M-50_TuneCP5_13TeV-amcatnloFXFX-pythia8_2016_cfg.py
DEBUG 2021-11-17 17:09:25.844 UTC: 	 Loading CRAB configuration file.
DEBUG 2021-11-17 17:09:25.848 UTC: 	 Will use CRAB Analysis plugin (i.e. will run an analysis job type).
DEBUG 2021-11-17 17:09:25.877 UTC: 	 Checking credentials
DEBUG 2021-11-17 17:09:25.877 UTC: 	 Found proxy file /tmp/x509up_u110046
DEBUG 2021-11-17 17:09:25.877 UTC: 	 Getting proxy life time left
DEBUG 2021-11-17 17:09:26.686 UTC: 	 Executing : 
 command : voms-proxy-info -file /tmp/x509up_u110046 -timeleft
 output : 618417

 error: 
 retcode : 0
DEBUG 2021-11-17 17:09:27.402 UTC: 	 Executing : 
 command : voms-proxy-info -file /tmp/x509up_u110046 -actimeleft
 output : 618416

 error: 
 retcode : 0
DEBUG 2021-11-17 17:09:27.403 UTC: 	 Proxy lifetime 618417 secs is different from voms extension lifetime 618416 secs for proxy: /tmp/x509up_u110046
DEBUG 2021-11-17 17:09:27.403 UTC: 	 Proxy valid for 171:46:56 hours
DEBUG 2021-11-17 17:09:28.338 UTC: 	 Executing : 
 command : env X509_USER_PROXY=/tmp/x509up_u110046 voms-proxy-info -fqan
 output : /cms/Role=NULL/Capability=NULL

 error: 
 retcode : 0
DEBUG 2021-11-17 17:09:28.457 UTC: 	 Registering user credentials for server /DC=ch/DC=cern/OU=computers/CN=crab-(preprod|prod|dev)-tw(02|01).cern.ch|/DC=ch/DC=cern/OU=computers/CN=stefanov(m|m2).cern.ch|/DC=ch/DC=cern/OU=computers/CN=dciangot-tw.cern.ch
DEBUG 2021-11-17 17:09:29.548 UTC: 	 Executing : 
 command : voms-proxy-info -file /tmp/x509up_u110046 -identity
 output : /DC=ch/DC=cern/OU=Organic Units/OU=Users/CN=yian/CN=826694/CN=Ying An

 error: 
 retcode : 0
DEBUG 2021-11-17 17:09:29.556 UTC: 	 Getting myproxy life time left for myproxy.cern.ch
DEBUG 2021-11-17 17:09:29.556 UTC: 	 using b52ac606a6f7097e9b4b8f05a3a67cc69f8f291b as credential login name
DEBUG 2021-11-17 17:09:29.860 UTC: 	 Executing : 
 command : myproxy-info -l b52ac606a6f7097e9b4b8f05a3a67cc69f8f291b -s myproxy.cern.ch
 output : username: b52ac606a6f7097e9b4b8f05a3a67cc69f8f291b
owner: /DC=ch/DC=cern/OU=Organic Units/OU=Users/CN=yian/CN=826694/CN=Ying An
  renewal policy: /DC=ch/DC=cern/OU=computers/CN=crab-(preprod|prod|dev)-tw(02|01).cern.ch|/DC=ch/DC=cern/OU=computers/CN=stefanov(m|m2).cern.ch|/DC=ch/DC=cern/OU=computers/CN=dciangot-tw.cern.ch
  trusted retrieval policy: /DC=ch/DC=cern/OU=computers/CN=crab-(preprod|prod|dev)-tw(02|01).cern.ch|/DC=ch/DC=cern/OU=computers/CN=stefanov(m|m2).cern.ch|/DC=ch/DC=cern/OU=computers/CN=dciangot-tw.cern.ch
  timeleft: 495:41:01  (20.7 days)

 error: 
 retcode : 0
DEBUG 2021-11-17 17:09:29.861 UTC: 	 Myproxy is valid: 1784461
DEBUG 2021-11-17 17:09:29.861 UTC: 	 Retrieving username ...
DEBUG 2021-11-17 17:09:29.861 UTC: 	 Retrieving username from CRIC...
DEBUG 2021-11-17 17:09:31.339 UTC: 	 username is yian
DEBUG 2021-11-17 17:09:31.349 UTC: 	 Getting myproxy life time left for myproxy.cern.ch
DEBUG 2021-11-17 17:09:31.350 UTC: 	 using yian_CRAB as credential login name
DEBUG 2021-11-17 17:09:31.655 UTC: 	 Executing : 
 command : myproxy-info -l yian_CRAB -s myproxy.cern.ch
 output : username: yian_CRAB
owner: /DC=ch/DC=cern/OU=Organic Units/OU=Users/CN=yian/CN=826694/CN=Ying An
  renewal policy: /DC=ch/DC=cern/OU=computers/CN=crab-(preprod|prod|dev)-tw(02|01).cern.ch|/DC=ch/DC=cern/OU=computers/CN=stefanov(m|m2).cern.ch|/DC=ch/DC=cern/OU=computers/CN=dciangot-tw.cern.ch
  trusted retrieval policy: /DC=ch/DC=cern/OU=computers/CN=crab-(preprod|prod|dev)-tw(02|01).cern.ch|/DC=ch/DC=cern/OU=computers/CN=stefanov(m|m2).cern.ch|/DC=ch/DC=cern/OU=computers/CN=dciangot-tw.cern.ch
  timeleft: 495:41:05  (20.7 days)

 error: 
 retcode : 0
DEBUG 2021-11-17 17:09:31.655 UTC: 	 Myproxy is valid: 1784465
DEBUG 2021-11-17 17:09:31.655 UTC: 	 Result of myproxy credential check:
  Credential exists on myproxy: username: b52ac606a6f7097e9b4b8f05a3a67cc69f8f291b  - validity: 20 days, 15:41:01
  Credential exists on myproxy: username: yian_CRAB  - validity: 20 days, 15:41:05
DEBUG 2021-11-17 17:09:31.655 UTC: 	 Command use: submit
DEBUG 2021-11-17 17:09:31.655 UTC: 	 Options use: ['-c', 'crabcode_2016/DYJetsToLL_M-50_TuneCP5_13TeV-amcatnloFXFX-pythia8_2016_cfg.py']
DEBUG 2021-11-17 17:09:31.740 UTC: 	 CRABClient version: v3.210825
DEBUG 2021-11-17 17:09:31.740 UTC: 	 Instance is prod
DEBUG 2021-11-17 17:09:31.740 UTC: 	 Server base url is cmsweb.cern.ch
DEBUG 2021-11-17 17:09:31.740 UTC: 	 Command api workflow
DEBUG 2021-11-17 17:09:31.740 UTC: 	 Started submission
DEBUG 2021-11-17 17:09:31.740 UTC: 	 Working on /afs/cern.ch/work/y/yian/work/GZ/CMSSW_10_6_20/src/PhysicsTools/NanoAODTools/WWG/2016pre/fakelepton_crab/crab2016/crab_DYJetsToLL_M-50_TuneCP5_13TeV-amcatnloFXFX-pythia8_2016
DEBUG 2021-11-17 17:09:31.873 UTC: 	 Loading required information from the environment
DEBUG 2021-11-17 17:09:31.873 UTC: 	 Found CMSSW_10_6_20 for slc7_amd64_gcc820 with base /afs/cern.ch/work/y/yian/work/GZ/CMSSW_10_6_20
DEBUG 2021-11-17 17:09:31.873 UTC: 	 Loading required information from the environment
DEBUG 2021-11-17 17:09:31.873 UTC: 	 Found CMSSW_10_6_20 for slc7_amd64_gcc820 with base /afs/cern.ch/work/y/yian/work/GZ/CMSSW_10_6_20
DEBUG 2021-11-17 17:09:31.873 UTC: 	 UNIQUE NAME: tarUUID 6e27f240-5304-43d3-80a5-62c84bfd2480 
DEBUG 2021-11-17 17:09:31.873 UTC: 	 self.config: from WMCore.Configuration import Configuration
config = Configuration()
config.section_('General')
config.General.workArea = 'crab2016'
config.General.transferLogs = False
config.General.requestName = 'DYJetsToLL_M-50_TuneCP5_13TeV-amcatnloFXFX-pythia8_2016'
config.section_('JobType')
config.JobType.scriptArgs = ['isdata=MC', 'year=2016']
config.JobType.scriptExe = './WWG_crab_script.sh'
config.JobType.pluginName = 'Analysis'
config.JobType.sendPythonFolder = True
config.JobType.allowUndistributedCMSSW = True
config.JobType.psetName = 'PSet.py'
config.JobType.inputFiles = ['../../../scripts/haddnano.py', '../WWG_fakelepton/WWG_postproc.py', '../WWG_fakelepton/WWGfakelepton_Module.py', '../WWG_fakelepton/WWG_keep_and_drop.txt', '../WWG_fakelepton/WWG_output_branch.txt', '../WWG_fakelepton/DAS_filesearch.py']
config.section_('Data')
config.Data.inputDataset = '/DYJetsToLL_M-50_TuneCP5_13TeV-amcatnloFXFX-pythia8/RunIISummer20UL16NanoAODAPVv9-106X_mcRun2_asymptotic_preVFP_v11-v1/NANOAODSIM'
config.Data.allowNonValidInputDataset = True
config.Data.publication = False
config.Data.unitsPerJob = 1
config.Data.ignoreLocality = True
config.Data.inputDBS = 'global'
config.Data.splitting = 'FileBased'
config.Data.outputDatasetTag = 'DYJetsToLL_M-50_TuneCP5_13TeV-amcatnloFXFX-pythia8_2016'
config.section_('Site')
config.Site.whitelist = ['T2_US_MIT', 'T2_US_Wisconsin', 'T2_US_Purdue', 'T2_US_UCSD', 'T2_US_Caltech', 'T2_US_Nebraska']
config.Site.storageSite = 'T3_CH_CERNBOX'

DEBUG 2021-11-17 17:09:31.873 UTC: 	 self.config.JobType.psetName: PSet.py
INFO 2021-11-17 17:09:31.874 UTC: 	 Importing CMSSW configuration PSet.py
INFO 2021-11-17 17:09:32.324 UTC: 	 Finished importing CMSSW configuration PSet.py
DEBUG 2021-11-17 17:09:32.324 UTC: 	 Writing CMSSW configuration to /afs/cern.ch/work/y/yian/work/GZ/CMSSW_10_6_20/src/PhysicsTools/NanoAODTools/WWG/2016pre/fakelepton_crab/crab2016/crab_DYJetsToLL_M-50_TuneCP5_13TeV-amcatnloFXFX-pythia8_2016/inputs/PSet.py
DEBUG 2021-11-17 17:09:32.333 UTC: 	 The following EDM output files will be collected: ['tree.root']
DEBUG 2021-11-17 17:09:32.333 UTC: 	 The following TFile output files will be collected: []
DEBUG 2021-11-17 17:09:32.333 UTC: 	 The following user output files (not listed as PoolOuputModule or TFileService in the CMSSW PSet) will be collected: 
DEBUG 2021-11-17 17:09:32.333 UTC: 	 Loading required information from the environment
DEBUG 2021-11-17 17:09:32.333 UTC: 	 Found CMSSW_10_6_20 for slc7_amd64_gcc820 with base /afs/cern.ch/work/y/yian/work/GZ/CMSSW_10_6_20
DEBUG 2021-11-17 17:09:32.333 UTC: 	 Making tarball in /afs/cern.ch/work/y/yian/work/GZ/CMSSW_10_6_20/src/PhysicsTools/NanoAODTools/WWG/2016pre/fakelepton_crab/crab2016/crab_DYJetsToLL_M-50_TuneCP5_13TeV-amcatnloFXFX-pythia8_2016/inputs/6e27f240-5304-43d3-80a5-62c84bfd2480default.tgz
DEBUG 2021-11-17 17:09:32.334 UTC: 	 Checking directory /afs/cern.ch/work/y/yian/work/GZ/CMSSW_10_6_20/lib
DEBUG 2021-11-17 17:09:32.334 UTC: 	 Adding directory /afs/cern.ch/work/y/yian/work/GZ/CMSSW_10_6_20/lib to tarball
DEBUG 2021-11-17 17:09:32.460 UTC: 	 Checking directory /afs/cern.ch/work/y/yian/work/GZ/CMSSW_10_6_20/biglib
DEBUG 2021-11-17 17:09:32.460 UTC: 	 Adding directory /afs/cern.ch/work/y/yian/work/GZ/CMSSW_10_6_20/biglib to tarball
DEBUG 2021-11-17 17:09:32.460 UTC: 	 Checking directory /afs/cern.ch/work/y/yian/work/GZ/CMSSW_10_6_20/module
DEBUG 2021-11-17 17:09:32.461 UTC: 	 Checking directory /afs/cern.ch/work/y/yian/work/GZ/CMSSW_10_6_20/python
DEBUG 2021-11-17 17:09:32.461 UTC: 	 Adding directory /afs/cern.ch/work/y/yian/work/GZ/CMSSW_10_6_20/python to tarball
DEBUG 2021-11-17 17:09:34.995 UTC: 	 Checking directory /afs/cern.ch/work/y/yian/work/GZ/CMSSW_10_6_20/cfipython
DEBUG 2021-11-17 17:09:34.995 UTC: 	 Adding directory /afs/cern.ch/work/y/yian/work/GZ/CMSSW_10_6_20/cfipython to tarball
DEBUG 2021-11-17 17:09:35.127 UTC: 	 Adding data directory /afs/cern.ch/work/y/yian/work/GZ/CMSSW_10_6_20/src/PhysicsTools/NanoAODTools/data to tarball
DEBUG 2021-11-17 17:09:55.914 UTC: 	 Adding data directory /afs/cern.ch/work/y/yian/work/GZ/CMSSW_10_6_20/src/PhysicsTools/NanoAODTools/interface to tarball
DEBUG 2021-11-17 17:09:55.918 UTC: 	 Adding data directory /afs/cern.ch/work/y/yian/work/GZ/CMSSW_10_6_20/src/PhysicsTools/NanoAODTools/python/postprocessing/data to tarball
DEBUG 2021-11-17 17:09:58.311 UTC: 	 Adding file ../../../scripts/haddnano.py to tarball
DEBUG 2021-11-17 17:09:58.312 UTC: 	 Adding file ../WWG_fakelepton/WWG_postproc.py to tarball
DEBUG 2021-11-17 17:09:58.312 UTC: 	 Adding file ../WWG_fakelepton/WWGfakelepton_Module.py to tarball
DEBUG 2021-11-17 17:09:58.313 UTC: 	 Adding file ../WWG_fakelepton/WWG_keep_and_drop.txt to tarball
DEBUG 2021-11-17 17:09:58.313 UTC: 	 Adding file ../WWG_fakelepton/WWG_output_branch.txt to tarball
DEBUG 2021-11-17 17:09:58.314 UTC: 	 Adding file ../WWG_fakelepton/DAS_filesearch.py to tarball
DEBUG 2021-11-17 17:10:04.247 UTC: 	 Uploading archive /afs/cern.ch/work/y/yian/work/GZ/CMSSW_10_6_20/src/PhysicsTools/NanoAODTools/WWG/2016pre/fakelepton_crab/crab2016/crab_DYJetsToLL_M-50_TuneCP5_13TeV-amcatnloFXFX-pythia8_2016/inputs/6e27f240-5304-43d3-80a5-62c84bfd2480default.tgz (94 MB) to the CRAB cache. Using URI https://cmsweb.cern.ch/S3/crabcache_prod
DEBUG 2021-11-17 17:10:28.840 UTC: 	 sandbox 1a0d83d005add8089254fbd8e212f91b2d0df128f9c2c5240262f7112160ce56.tar.gz is already in the S3 store, will not upload again
DEBUG 2021-11-17 17:10:28.840 UTC: 	 Loading required information from the environment
DEBUG 2021-11-17 17:10:28.840 UTC: 	 Found CMSSW_10_6_20 for slc7_amd64_gcc820 with base /afs/cern.ch/work/y/yian/work/GZ/CMSSW_10_6_20
DEBUG 2021-11-17 17:10:28.840 UTC: 	 Making tarball in /afs/cern.ch/work/y/yian/work/GZ/CMSSW_10_6_20/src/PhysicsTools/NanoAODTools/WWG/2016pre/fakelepton_crab/crab2016/crab_DYJetsToLL_M-50_TuneCP5_13TeV-amcatnloFXFX-pythia8_2016/inputs/debugFiles.tgz
DEBUG 2021-11-17 17:10:28.857 UTC: 	 Uploading archive /afs/cern.ch/work/y/yian/work/GZ/CMSSW_10_6_20/src/PhysicsTools/NanoAODTools/WWG/2016pre/fakelepton_crab/crab2016/crab_DYJetsToLL_M-50_TuneCP5_13TeV-amcatnloFXFX-pythia8_2016/inputs/debugFiles.tgz (1 KB) to the CRAB cache. Using URI https://cmsweb.cern.ch/S3/crabcache_prod
DEBUG 2021-11-17 17:10:28.961 UTC: 	 Will execute:
curl -f -v -X POST  -H "User-Agent: CRAB" -F "key=yian/sandboxes/f42d05a20443c68c75b8105447794462edb574569dc8baecabfed1a9d84560a4.tar.gz" -F "AWSAccessKeyId=ab00fcc889f248c495d2875f15a3badb" -F "policy=eyJjb25kaXRpb25zIjogW3siYnVja2V0IjogImNyYWJjYWNoZV9wcm9kIn0sIHsia2V5IjogInlpYW4vc2FuZGJveGVzL2Y0MmQwNWEyMDQ0M2M2OGM3NWI4MTA1NDQ3Nzk0NDYyZWRiNTc0NTY5ZGM4YmFlY2FiZmVkMWE5ZDg0NTYwYTQudGFyLmd6In1dLCAiZXhwaXJhdGlvbiI6ICIyMDIxLTExLTE3VDE4OjEwOjI4WiJ9" -F "signature=G8wCcOHCfF/PC8T6SLkOlFUhhc8=" -F "file=@/afs/cern.ch/work/y/yian/work/GZ/CMSSW_10_6_20/src/PhysicsTools/NanoAODTools/WWG/2016pre/fakelepton_crab/crab2016/crab_DYJetsToLL_M-50_TuneCP5_13TeV-amcatnloFXFX-pythia8_2016/inputs/debugFiles.tgz" "https://s3.cern.ch/crabcache_prod"
DEBUG 2021-11-17 17:10:30.117 UTC: 	 exitcode: 0
stdout: 
stderr: Note: Unnecessary use of -X or --request, POST is already inferred.
  % Total    % Received % Xferd  Average Speed   Time    Time     Time  Current
                                 Dload  Upload   Total   Spent    Left  Speed
  0     0    0     0    0     0      0      0 --:--:-- --:--:-- --:--:--     0*   Trying 2001:1458:d00:14::341...
* TCP_NODELAY set
* Connected to s3.cern.ch (2001:1458:d00:14::341) port 443 (#0)
* ALPN, offering http/1.1
* Cipher selection: ALL:!EXPORT:!EXPORT40:!EXPORT56:!aNULL:!LOW:!RC4:@STRENGTH
* successfully set certificate verify locations:
  CAfile: /etc/pki/tls/certs/ca-bundle.crt
  CApath: none
* TLSv1.2 (OUT), TLS header, Certificate Status (22):
} [5 bytes data]
* TLSv1.2 (OUT), TLS handshake, Client hello (1):
} [512 bytes data]
* TLSv1.2 (IN), TLS handshake, Server hello (2):
{ [70 bytes data]
* TLSv1.2 (IN), TLS handshake, Certificate (11):
{ [4780 bytes data]
* TLSv1.2 (IN), TLS handshake, Server key exchange (12):
{ [333 bytes data]
* TLSv1.2 (IN), TLS handshake, Server finished (14):
{ [4 bytes data]
* TLSv1.2 (OUT), TLS handshake, Client key exchange (16):
} [70 bytes data]
* TLSv1.2 (OUT), TLS change cipher, Client hello (1):
} [1 bytes data]
* TLSv1.2 (OUT), TLS handshake, Finished (20):
} [16 bytes data]
* TLSv1.2 (IN), TLS change cipher, Client hello (1):
{ [1 bytes data]
* TLSv1.2 (IN), TLS handshake, Finished (20):
{ [16 bytes data]
* SSL connection using TLSv1.2 / ECDHE-RSA-AES128-GCM-SHA256
* ALPN, server accepted to use http/1.1
* Server certificate:
*  subject: C=CH; ST=Genève; L=Meyrin; O=Organisation européenne pour la Recherche nucléaire (CERN); CN=*.s3.cern.ch
*  start date: Mar 10 00:00:00 2021 GMT
*  expire date: Mar 10 23:59:59 2022 GMT
*  subjectAltName: host "s3.cern.ch" matched cert's "s3.cern.ch"
*  issuer: C=GB; ST=Greater Manchester; L=Salford; O=Sectigo Limited; CN=Sectigo RSA Organization Validation Secure Server CA
*  SSL certificate verify ok.
} [5 bytes data]
> POST /crabcache_prod HTTP/1.1
> Host: s3.cern.ch
> Accept: */*
> User-Agent: CRAB
> Content-Length: 2764
> Content-Type: multipart/form-data; boundary=------------------------95ed67178049ba86
> Expect: 100-continue
> 
{ [5 bytes data]
< HTTP/1.1 100 Continue
  0  2764    0     0    0     0      0      0 --:--:--  0:00:01 --:--:--     0} [5 bytes data]
< HTTP/1.1 204 No Content
< Accept-Ranges: bytes
< Bucket: crabcache_prod
< Date: Wed, 17 Nov 2021 17:10:30 GMT
< X-Amz-Request-Id: tx0000000000000038830a1-0061953785-228d995f-default
< 
100  2764    0     0  100  2764      0   2578  0:00:01  0:00:01 --:--:--  2578
* Connection #0 to host s3.cern.ch left intact

DEBUG 2021-11-17 17:10:30.117 UTC: 	 sandbox /afs/cern.ch/work/y/yian/work/GZ/CMSSW_10_6_20/src/PhysicsTools/NanoAODTools/WWG/2016pre/fakelepton_crab/crab2016/crab_DYJetsToLL_M-50_TuneCP5_13TeV-amcatnloFXFX-pythia8_2016/inputs/debugFiles.tgz successully uploaded to S3
DEBUG 2021-11-17 17:10:30.117 UTC: 	 Result uploading input files: 1a0d83d005add8089254fbd8e212f91b2d0df128f9c2c5240262f7112160ce56.tar.gz 
INFO 2021-11-17 17:10:30.118 UTC: 	 Sending the request to the server at cmsweb.cern.ch
DEBUG 2021-11-17 17:10:30.118 UTC: 	 Submitting {'maxjobruntime': 1250, 'extrajdl': [], 'ignorelocality': 1, 'savelogsflag': 0, 'useparent': 0, 'scriptexe': 'WWG_crab_script.sh', 'asyncdest': 'T3_CH_CERNBOX', 'algoargs': 1, 'cachefilename': '1a0d83d005add8089254fbd8e212f91b2d0df128f9c2c5240262f7112160ce56.tar.gz', 'numcores': 1, 'addoutputfiles': [], 'generator': 'pythia', 'maxmemory': 2000, 'publishdbsurl': 'https://cmsweb.cern.ch/dbs/prod/phys03/DBSWriter', 'priority': 10, 'jobsw': 'CMSSW_10_6_20', 'edmoutfiles': ['tree.root'], 'userfiles': [], 'primarydataset': '', 'inputdata': '/DYJetsToLL_M-50_TuneCP5_13TeV-amcatnloFXFX-pythia8/RunIISummer20UL16NanoAODAPVv9-106X_mcRun2_asymptotic_preVFP_v11-v1/NANOAODSIM', 'dryrun': 0, 'workflow': 'crab_DYJetsToLL_M-50_TuneCP5_13TeV-amcatnloFXFX-pythia8_2016', 'scriptargs': ['isdata=MC', 'year=2016'], 'sitewhitelist': ['T2_US_MIT', 'T2_US_Wisconsin', 'T2_US_Purdue', 'T2_US_UCSD', 'T2_US_Caltech', 'T2_US_Nebraska'], 'nonprodsw': 1, 'tfileoutfiles': [], 'oneEventMode': 0, 'debugfilename': 'f42d05a20443c68c75b8105447794462edb574569dc8baecabfed1a9d84560a4.tar.gz', 'cacheurl': u'https://cmsweb.cern.ch/S3/crabcache_prod', 'saveoutput': 1, 'publication': 0, 'jobarch': 'slc7_amd64_gcc820', 'totalunits': 0, 'splitalgo': 'FileBased', 'ignoreglobalblacklist': 0, 'nonvaliddata': 1, 'dbsurl': 'https://cmsweb.cern.ch/dbs/prod/global/DBSReader', 'publishgroupname': 0, 'jobtype': 'Analysis', 'publishname2': 'DYJetsToLL_M-50_TuneCP5_13TeV-amcatnloFXFX-pythia8_2016'} 
DEBUG 2021-11-17 17:10:30.118 UTC: 	 Encoded submit request: maxjobruntime=1250&ignorelocality=1&savelogsflag=0&useparent=0&scriptexe=WWG_crab_script.sh&asyncdest=T3_CH_CERNBOX&algoargs=1&cachefilename=1a0d83d005add8089254fbd8e212f91b2d0df128f9c2c5240262f7112160ce56.tar.gz&numcores=1&generator=pythia&maxmemory=2000&publishdbsurl=https%3A%2F%2Fcmsweb.cern.ch%2Fdbs%2Fprod%2Fphys03%2FDBSWriter&priority=10&jobsw=CMSSW_10_6_20&primarydataset=&inputdata=%2FDYJetsToLL_M-50_TuneCP5_13TeV-amcatnloFXFX-pythia8%2FRunIISummer20UL16NanoAODAPVv9-106X_mcRun2_asymptotic_preVFP_v11-v1%2FNANOAODSIM&dryrun=0&workflow=crab_DYJetsToLL_M-50_TuneCP5_13TeV-amcatnloFXFX-pythia8_2016&nonprodsw=1&oneEventMode=0&debugfilename=f42d05a20443c68c75b8105447794462edb574569dc8baecabfed1a9d84560a4.tar.gz&cacheurl=https%3A%2F%2Fcmsweb.cern.ch%2FS3%2Fcrabcache_prod&saveoutput=1&publication=0&jobarch=slc7_amd64_gcc820&totalunits=0&splitalgo=FileBased&ignoreglobalblacklist=0&nonvaliddata=1&dbsurl=https%3A%2F%2Fcmsweb.cern.ch%2Fdbs%2Fprod%2Fglobal%2FDBSReader&publishgroupname=0&jobtype=Analysis&publishname2=DYJetsToLL_M-50_TuneCP5_13TeV-amcatnloFXFX-pythia8_2016&sitewhitelist=T2_US_MIT&sitewhitelist=T2_US_Wisconsin&sitewhitelist=T2_US_Purdue&sitewhitelist=T2_US_UCSD&sitewhitelist=T2_US_Caltech&sitewhitelist=T2_US_Nebraska&edmoutfiles=tree.root&scriptargs=isdata%3DMC&scriptargs=year%3D2016
DEBUG 2021-11-17 17:10:30.228 UTC: 	 Result: {u'result': [{u'RequestName': u'211117_171030:yian_crab_DYJetsToLL_M-50_TuneCP5_13TeV-amcatnloFXFX-pythia8_2016'}]}
INFO 2021-11-17 17:10:30.234 UTC: 	 Success: Your task has been delivered to the prod CRAB3 server.
INFO 2021-11-17 17:10:30.234 UTC: 	 Task name: 211117_171030:yian_crab_DYJetsToLL_M-50_TuneCP5_13TeV-amcatnloFXFX-pythia8_2016
INFO 2021-11-17 17:10:30.234 UTC: 	 Project dir: crab2016/crab_DYJetsToLL_M-50_TuneCP5_13TeV-amcatnloFXFX-pythia8_2016
INFO 2021-11-17 17:10:30.234 UTC: 	 Please use ' crab status -d crab2016/crab_DYJetsToLL_M-50_TuneCP5_13TeV-amcatnloFXFX-pythia8_2016 ' to check how the submission process proceeds.
DEBUG 2021-11-17 17:10:30.235 UTC: 	 About to return
INFO 2021-11-17 17:10:30.239 UTC: 	 Log file is /afs/cern.ch/work/y/yian/work/GZ/CMSSW_10_6_20/src/PhysicsTools/NanoAODTools/WWG/2016pre/fakelepton_crab/crab2016/crab_DYJetsToLL_M-50_TuneCP5_13TeV-amcatnloFXFX-pythia8_2016/crab.log
DEBUG 2021-11-18 07:06:37.072 UTC: 	 CRAB Client version: v3.210825
DEBUG 2021-11-18 07:06:37.072 UTC: 	 Running on: Linux lxplus791.cern.ch 3.10.0-1160.45.1.el7.x86_64 #1 SMP Wed Oct 13 17:20:51 UTC 2021 x86_64 x86_64 x86_64 GNU/Linux - CentOS Linux 7 (Core)
DEBUG 2021-11-18 07:06:37.072 UTC: 	 Executing command: 'status'
DEBUG 2021-11-18 07:06:37.073 UTC: 	 Found CRAB cache file /afs/cern.ch/user/y/yian/.crab3
DEBUG 2021-11-18 07:06:37.100 UTC: 	 Checking credentials
DEBUG 2021-11-18 07:06:37.101 UTC: 	 Found proxy file /tmp/x509up_u110046
DEBUG 2021-11-18 07:06:37.101 UTC: 	 Getting proxy life time left
DEBUG 2021-11-18 07:06:37.930 UTC: 	 Executing : 
 command : voms-proxy-info -file /tmp/x509up_u110046 -timeleft
 output : 603741

 error: 
 retcode : 0
DEBUG 2021-11-18 07:06:38.746 UTC: 	 Executing : 
 command : voms-proxy-info -file /tmp/x509up_u110046 -actimeleft
 output : 603739

 error: 
 retcode : 0
DEBUG 2021-11-18 07:06:38.747 UTC: 	 Proxy lifetime 603741 secs is different from voms extension lifetime 603739 secs for proxy: /tmp/x509up_u110046
DEBUG 2021-11-18 07:06:38.747 UTC: 	 Proxy valid for 167:42:19 hours
DEBUG 2021-11-18 07:06:38.813 UTC: 	 Registering user credentials for server /DC=ch/DC=cern/OU=computers/CN=crab-(preprod|prod|dev)-tw(02|01).cern.ch|/DC=ch/DC=cern/OU=computers/CN=stefanov(m|m2).cern.ch|/DC=ch/DC=cern/OU=computers/CN=dciangot-tw.cern.ch
DEBUG 2021-11-18 07:06:39.536 UTC: 	 Executing : 
 command : voms-proxy-info -file /tmp/x509up_u110046 -identity
 output : /DC=ch/DC=cern/OU=Organic Units/OU=Users/CN=yian/CN=826694/CN=Ying An

 error: 
 retcode : 0
DEBUG 2021-11-18 07:06:39.544 UTC: 	 Getting myproxy life time left for myproxy.cern.ch
DEBUG 2021-11-18 07:06:39.544 UTC: 	 using b52ac606a6f7097e9b4b8f05a3a67cc69f8f291b as credential login name
DEBUG 2021-11-18 07:06:39.950 UTC: 	 Executing : 
 command : myproxy-info -l b52ac606a6f7097e9b4b8f05a3a67cc69f8f291b -s myproxy.cern.ch
 output : username: b52ac606a6f7097e9b4b8f05a3a67cc69f8f291b
owner: /DC=ch/DC=cern/OU=Organic Units/OU=Users/CN=yian/CN=826694/CN=Ying An
  renewal policy: /DC=ch/DC=cern/OU=computers/CN=crab-(preprod|prod|dev)-tw(02|01).cern.ch|/DC=ch/DC=cern/OU=computers/CN=stefanov(m|m2).cern.ch|/DC=ch/DC=cern/OU=computers/CN=dciangot-tw.cern.ch
  trusted retrieval policy: /DC=ch/DC=cern/OU=computers/CN=crab-(preprod|prod|dev)-tw(02|01).cern.ch|/DC=ch/DC=cern/OU=computers/CN=stefanov(m|m2).cern.ch|/DC=ch/DC=cern/OU=computers/CN=dciangot-tw.cern.ch
  timeleft: 481:43:51  (20.1 days)

 error: 
 retcode : 0
DEBUG 2021-11-18 07:06:39.951 UTC: 	 Myproxy is valid: 1734231
DEBUG 2021-11-18 07:06:39.951 UTC: 	 Retrieving username ...
DEBUG 2021-11-18 07:06:39.951 UTC: 	 Retrieving username from CRIC...
DEBUG 2021-11-18 07:06:41.084 UTC: 	 username is yian
DEBUG 2021-11-18 07:06:41.091 UTC: 	 Getting myproxy life time left for myproxy.cern.ch
DEBUG 2021-11-18 07:06:41.092 UTC: 	 using yian_CRAB as credential login name
DEBUG 2021-11-18 07:06:41.401 UTC: 	 Executing : 
 command : myproxy-info -l yian_CRAB -s myproxy.cern.ch
 output : username: yian_CRAB
owner: /DC=ch/DC=cern/OU=Organic Units/OU=Users/CN=yian/CN=826694/CN=Ying An
  renewal policy: /DC=ch/DC=cern/OU=computers/CN=crab-(preprod|prod|dev)-tw(02|01).cern.ch|/DC=ch/DC=cern/OU=computers/CN=stefanov(m|m2).cern.ch|/DC=ch/DC=cern/OU=computers/CN=dciangot-tw.cern.ch
  trusted retrieval policy: /DC=ch/DC=cern/OU=computers/CN=crab-(preprod|prod|dev)-tw(02|01).cern.ch|/DC=ch/DC=cern/OU=computers/CN=stefanov(m|m2).cern.ch|/DC=ch/DC=cern/OU=computers/CN=dciangot-tw.cern.ch
  timeleft: 481:43:55  (20.1 days)

 error: 
 retcode : 0
DEBUG 2021-11-18 07:06:41.401 UTC: 	 Myproxy is valid: 1734235
DEBUG 2021-11-18 07:06:41.402 UTC: 	 Result of myproxy credential check:
  Credential exists on myproxy: username: b52ac606a6f7097e9b4b8f05a3a67cc69f8f291b  - validity: 20 days, 1:43:51
  Credential exists on myproxy: username: yian_CRAB  - validity: 20 days, 1:43:55
DEBUG 2021-11-18 07:06:41.403 UTC: 	 Command use: status
DEBUG 2021-11-18 07:06:41.403 UTC: 	 Options use: ['-d', 'crab2016/crab_DYJetsToLL_M-50_TuneCP5_13TeV-amcatnloFXFX-pythia8_2016']
DEBUG 2021-11-18 07:06:41.486 UTC: 	 CRABClient version: v3.210825
DEBUG 2021-11-18 07:06:41.486 UTC: 	 Instance is prod
DEBUG 2021-11-18 07:06:41.486 UTC: 	 Server base url is cmsweb.cern.ch
DEBUG 2021-11-18 07:06:41.486 UTC: 	 Command api workflow
DEBUG 2021-11-18 07:06:41.607 UTC: 	 Got information from server oracle database: {u'result': [u'211117_171030:yian_crab_DYJetsToLL_M-50_TuneCP5_13TeV-amcatnloFXFX-pythia8_2016', u'None', u'None', u'SUBMITTED', u'SUBMIT', u'2021-11-17 17:10:30.216119', u'None', u'2021-11-17 17:11:11.228547', u'None', u'CMSSW_10_6_20', u'slc7_amd64_gcc820', u'/DYJetsToLL_M-50_TuneCP5_13TeV-amcatnloFXFX-pythia8/RunIISummer20UL16NanoAODAPVv9-106X_mcRun2_asymptotic_preVFP_v11-v1/NANOAODSIM', u'T', u'0', u"[u'T2_US_UCSD', u'T2_US_Wisconsin', u'T2_US_MIT', u'T2_US_Caltech', u'T2_US_Purdue', u'T2_US_Nebraska']", u'[]', u'FileBased', u"{'splitOnRun': False, 'halt_job_on_file_boundaries': False, 'files_per_job': 1, 'runs': [], 'lumis': []}", u'1a0d83d005add8089254fbd8e212f91b2d0df128f9c2c5240262f7112160ce56.tar.gz', u'https://cmsweb.cern.ch/S3/crabcache_prod', u'yian', u'/DC=ch/DC=cern/OU=Organic Units/OU=Users/CN=yian/CN=826694/CN=Ying An', u'cms', u'None', u'None', u'DYJetsToLL_M-50_TuneCP5_13TeV-amcatnloFXFX-pythia8_2016-00000000000000000000000000000000', u'F', u'T3_CH_CERNBOX', u'https://cmsweb.cern.ch/dbs/prod/global/DBSReader', u'https://cmsweb.cern.ch/dbs/prod/phys03/DBSWriter', u'F', u'[]', u'[]', u"[b'tree.root']", u'Analysis', u'pythia', u'None', u'{}', u'[]', u'F', u'crab-prod-tw01', u'[]', u'1250', u'1', u'2000', u'10', u"['/DYJetsToLL_M-50_TuneCP5_13TeV-amcatnloFXFX-pythia8/yian-DYJetsToLL_M-50_TuneCP5_13TeV-amcatnloFXFX-pythia8_2016-8957b29c601d60219f5188b9be2eb225/USER']", u'[]', u'http://vocms0121.cern.ch/mon/cms1407/211117_171030:yian_crab_DYJetsToLL_M-50_TuneCP5_13TeV-amcatnloFXFX-pythia8_2016', u'WWG_crab_script.sh', u"[b'isdata=MC', b'year=2016']", u'[]', u'https://cmsweb.cern.ch/crabserver/prod', u'cmsgwms-collector-global.cern.ch:9620,cmsgwms-collector-global.fnal.gov:9620', u'crab3@vocms0121.cern.ch', u'F', u'[]', u'T', u'/store/user/yian/', u'T', u'None', u'F', u'None', u'DYJetsToLL_M-50_TuneCP5_13TeV-amcatnloFXFX-pythia8', u'None', u'f42d05a20443c68c75b8105447794462edb574569dc8baecabfed1a9d84560a4.tar.gz', u'72031141', u'filetransfers', u'F', u'188.185.120.166', u'0.0', u'None'], u'desc': {u'columns': [u'tm_taskname', u'tm_activity', u'panda_jobset_id', u'tm_task_status', u'tm_task_command', u'tm_start_time', u'tm_start_injection', u'tm_end_injection', u'tm_task_failure', u'tm_job_sw', u'tm_job_arch', u'tm_input_dataset', u'tm_nonvalid_input_dataset', u'tm_use_parent', u'tm_site_whitelist', u'tm_site_blacklist', u'tm_split_algo', u'tm_split_args', u'tm_user_sandbox', u'tm_cache_url', u'tm_username', u'tm_user_dn', u'tm_user_vo', u'tm_user_role', u'tm_user_group', u'tm_publish_name', u'tm_publish_groupname', u'tm_asyncdest', u'tm_dbs_url', u'tm_publish_dbs_url', u'tm_publication', u'tm_outfiles', u'tm_tfile_outfiles', u'tm_edm_outfiles', u'tm_job_type', u'tm_generator', u'tm_events_per_lumi', u'tm_arguments', u'panda_resubmitted_jobs', u'tm_save_logs', u'tw_name', u'tm_user_infiles', u'tm_maxjobruntime', u'tm_numcores', u'tm_maxmemory', u'tm_priority', u'tm_output_dataset', u'tm_task_warnings', u'tm_user_webdir', u'tm_scriptexe', u'tm_scriptargs', u'tm_extrajdl', u'tm_asourl', u'tm_collector', u'tm_schedd', u'tm_dry_run', u'tm_user_files', u'tm_transfer_outputs', u'tm_output_lfn', u'tm_ignore_locality', u'tm_fail_limit', u'tm_one_event_mode', u'tm_secondary_input_dataset', u'tm_primary_dataset', u'tm_last_publication', u'tm_debug_files', u'clusterid', u'tm_asodb', u'tm_ignore_global_blacklist', u'tm_submitter_ip_addr', u'tm_totalunits', u'tm_ddm_reqid']}}
INFO 2021-11-18 07:06:41.608 UTC: 	 CRAB project directory:		/afs/cern.ch/work/y/yian/work/GZ/CMSSW_10_6_20/src/PhysicsTools/NanoAODTools/WWG/2016pre/fakelepton_crab/crab2016/crab_DYJetsToLL_M-50_TuneCP5_13TeV-amcatnloFXFX-pythia8_2016
INFO 2021-11-18 07:06:41.608 UTC: 	 Task name:			211117_171030:yian_crab_DYJetsToLL_M-50_TuneCP5_13TeV-amcatnloFXFX-pythia8_2016
INFO 2021-11-18 07:06:41.608 UTC: 	 Grid scheduler - Task Worker:	crab3@vocms0121.cern.ch - crab-prod-tw01
INFO 2021-11-18 07:06:41.608 UTC: 	 Status on the CRAB server:	SUBMITTED
INFO 2021-11-18 07:06:41.609 UTC: 	 Task URL to use for HELP:	https://cmsweb.cern.ch/crabserver/ui/task/211117_171030%3Ayian_crab_DYJetsToLL_M-50_TuneCP5_13TeV-amcatnloFXFX-pythia8_2016
INFO 2021-11-18 07:06:41.613 UTC: 	 Dashboard monitoring URL:	https://monit-grafana.cern.ch/d/cmsTMDetail/cms-task-monitoring-task-view?orgId=11&var-user=yian&var-task=211117_171030%3Ayian_crab_DYJetsToLL_M-50_TuneCP5_13TeV-amcatnloFXFX-pythia8_2016&from=1637165430000&to=now
DEBUG 2021-11-18 07:06:41.613 UTC: 	 The CRAB server submitted your task to the Grid scheduler (cluster ID: 72031141)
DEBUG 2021-11-18 07:06:41.613 UTC: 	 Webdir is located at http://vocms0121.cern.ch/mon/cms1407/211117_171030:yian_crab_DYJetsToLL_M-50_TuneCP5_13TeV-amcatnloFXFX-pythia8_2016
DEBUG 2021-11-18 07:06:41.671 UTC: 	 Proxied webdir is located at https://cmsweb.cern.ch:8443/scheddmon/0121/cms1407/211117_171030:yian_crab_DYJetsToLL_M-50_TuneCP5_13TeV-amcatnloFXFX-pythia8_2016
DEBUG 2021-11-18 07:06:41.671 UTC: 	 Retrieving 'status_cache' file from https://cmsweb.cern.ch:8443/scheddmon/0121/cms1407/211117_171030:yian_crab_DYJetsToLL_M-50_TuneCP5_13TeV-amcatnloFXFX-pythia8_2016/status_cache
DEBUG 2021-11-18 07:06:41.722 UTC: 	 Got information from status cache file: {'30': {'Retries': 0, 'WallDurations': [9.0, 61.12356090545654, 31293.0], 'StartTimes': [1637169377.0], 'SubmitTimes': [1637169084.0], 'JobIds': ['72031192.0'], 'EndTimes': [1637200670.0], 'Restarts': 0, 'RecordedSite': True, 'State': 'finished', 'ResidentSetSize': [434064], 'TotalUserCpuTimeHistory': [1533], 'SiteHistory': ['Unknown', 'T2_US_MIT', 'T2_US_MIT'], 'TotalSysCpuTimeHistory': [66]}, '28': {'Retries': 0, 'WallDurations': [9.0, 58.12356090545654, 29152.0], 'StartTimes': [1637169380.0], 'SubmitTimes': [1637169084.0], 'JobIds': ['72031188.0'], 'EndTimes': [1637198532.0], 'Restarts': 0, 'RecordedSite': True, 'State': 'finished', 'ResidentSetSize': [414492], 'TotalUserCpuTimeHistory': [857], 'SiteHistory': ['Unknown', 'T2_US_Purdue', 'T2_US_Purdue'], 'TotalSysCpuTimeHistory': [40]}, '22': {'Retries': 0, 'WallDurations': [0, 8.0, 49598.0], 'StartTimes': [1637169449.0], 'SubmitTimes': [1637169083.0], 'JobIds': ['72031178.0'], 'EndTimes': [], 'Restarts': 0, 'RecordedSite': True, 'State': 'running', 'ResidentSetSize': [520048], 'TotalUserCpuTimeHistory': [908.0], 'SiteHistory': ['Unknown', 'T2_US_Caltech', 'T2_US_Caltech'], 'TotalSysCpuTimeHistory': [62.0]}, '29': {'Retries': 0, 'WallDurations': [9.0, 63.12356090545654, 47773.0], 'StartTimes': [1637169375.0], 'SubmitTimes': [1637169084.0], 'JobIds': ['72031190.0'], 'EndTimes': [1637217148.0], 'Restarts': 0, 'RecordedSite': True, 'State': 'finished', 'ResidentSetSize': [431696], 'TotalUserCpuTimeHistory': [2577], 'SiteHistory': ['Unknown', 'T2_US_MIT', 'T2_US_MIT'], 'TotalSysCpuTimeHistory': [79]}, '60': {'Retries': 0, 'WallDurations': [9.0, 29.123560905456543, 27565.0], 'StartTimes': [1637169409.0], 'SubmitTimes': [1637169093.0], 'JobIds': ['72031254.0'], 'EndTimes': [1637196974.0], 'Restarts': 0, 'RecordedSite': True, 'State': 'finished', 'ResidentSetSize': [521032], 'TotalUserCpuTimeHistory': [1535], 'SiteHistory': ['Unknown', 'T2_US_MIT', 'T2_US_MIT'], 'TotalSysCpuTimeHistory': [50]}, '61': {'Retries': 0, 'WallDurations': [9.0, 54.12356090545654, 27648.0], 'StartTimes': [1637169384.0], 'SubmitTimes': [1637169093.0], 'JobIds': ['72031258.0'], 'EndTimes': [1637197032.0], 'Restarts': 0, 'RecordedSite': True, 'State': 'finished', 'ResidentSetSize': [430904], 'TotalUserCpuTimeHistory': [917], 'SiteHistory': ['Unknown', 'T2_US_Purdue', 'T2_US_Purdue'], 'TotalSysCpuTimeHistory': [44]}, '62': {'Retries': 0, 'WallDurations': [9.0, 57.12356090545654, 41004.0], 'StartTimes': [1637169381.0], 'SubmitTimes': [1637169093.0], 'JobIds': ['72031256.0'], 'EndTimes': [1637210385.0], 'Restarts': 0, 'RecordedSite': True, 'State': 'finished', 'ResidentSetSize': [453592], 'TotalUserCpuTimeHistory': [1535], 'SiteHistory': ['Unknown', 'T2_US_MIT', 'T2_US_MIT'], 'TotalSysCpuTimeHistory': [60]}, '49': {'Retries': 0, 'WallDurations': [9.0, 54.12356090545654, 34023.0], 'StartTimes': [1637169384.0], 'SubmitTimes': [1637169092.0], 'JobIds': ['72031232.0'], 'EndTimes': [1637203407.0], 'Restarts': 0, 'RecordedSite': True, 'State': 'finished', 'ResidentSetSize': [624216], 'TotalUserCpuTimeHistory': [2702], 'SiteHistory': ['Unknown', 'T2_US_Wisconsin', 'T2_US_Wisconsin'], 'TotalSysCpuTimeHistory': [144]}, '34': {'Retries': 0, 'WallDurations': [9.0, 57.12356090545654, 49604.0], 'StartTimes': [1637169381.0], 'SubmitTimes': [1637169085.0], 'JobIds': ['72031200.0'], 'EndTimes': [], 'Restarts': 0, 'RecordedSite': True, 'State': 'running', 'ResidentSetSize': [441696], 'TotalUserCpuTimeHistory': [2099.0], 'SiteHistory': ['Unknown', 'T2_US_MIT', 'T2_US_MIT'], 'TotalSysCpuTimeHistory': [62.0]}, '24': {'Retries': 0, 'WallDurations': [9.0, 64.12356090545654, 49608.0], 'StartTimes': [1637169374.0], 'SubmitTimes': [1637169083.0], 'JobIds': ['72031180.0'], 'EndTimes': [], 'Restarts': 0, 'RecordedSite': True, 'State': 'running', 'ResidentSetSize': [502348], 'TotalUserCpuTimeHistory': [2039.0], 'SiteHistory': ['Unknown', 'T2_US_MIT', 'T2_US_MIT'], 'TotalSysCpuTimeHistory': [70.0]}, '25': {'Retries': 0, 'WallDurations': [8.0, 65.12356090545654, 49300.0], 'StartTimes': [1637169373.0], 'SubmitTimes': [1637169083.0], 'JobIds': ['72031182.0'], 'EndTimes': [], 'Restarts': 0, 'RecordedSite': True, 'State': 'running', 'ResidentSetSize': [444304], 'TotalUserCpuTimeHistory': [606.0], 'SiteHistory': ['Unknown', 'T2_US_MIT', 'T2_US_MIT'], 'TotalSysCpuTimeHistory': [32.0]}, '26': {'Retries': 0, 'WallDurations': [9.0, 67.12356090545654, 2638.0], 'StartTimes': [1637169371.0], 'SubmitTimes': [1637169084.0], 'JobIds': ['72031184.0'], 'EndTimes': [1637172009.0], 'Restarts': 0, 'RecordedSite': True, 'State': 'finished', 'ResidentSetSize': [617916], 'TotalUserCpuTimeHistory': [2185], 'SiteHistory': ['Unknown', 'T2_US_MIT', 'T2_US_MIT'], 'TotalSysCpuTimeHistory': [60]}, '27': {'Retries': 0, 'WallDurations': [8.0, 60.12356090545654, 20455.0], 'StartTimes': [1637169378.0], 'SubmitTimes': [1637169084.0], 'JobIds': ['72031186.0'], 'EndTimes': [1637189833.0], 'Restarts': 0, 'RecordedSite': True, 'State': 'finished', 'ResidentSetSize': [572248], 'TotalUserCpuTimeHistory': [915], 'SiteHistory': ['Unknown', 'T2_US_Purdue', 'T2_US_Purdue'], 'TotalSysCpuTimeHistory': [61]}, '20': {'Retries': 0, 'WallDurations': [9.0, 58.12356090545654, 49290.0], 'StartTimes': [1637169380.0], 'SubmitTimes': [1637169083.0], 'JobIds': ['72031174.0'], 'EndTimes': [], 'Restarts': 0, 'RecordedSite': True, 'State': 'running', 'ResidentSetSize': [494148], 'TotalUserCpuTimeHistory': [2541.0], 'SiteHistory': ['Unknown', 'T2_US_MIT', 'T2_US_MIT'], 'TotalSysCpuTimeHistory': [119.0]}, '21': {'Retries': 0, 'WallDurations': [8.0, 39.12356090545654, 22859.0], 'StartTimes': [1637169399.0], 'SubmitTimes': [1637169083.0], 'JobIds': ['72031176.0'], 'EndTimes': [1637192258.0], 'Restarts': 0, 'RecordedSite': True, 'State': 'finished', 'ResidentSetSize': [668504], 'TotalUserCpuTimeHistory': [690], 'SiteHistory': ['Unknown', 'T2_US_Wisconsin', 'T2_US_Wisconsin'], 'TotalSysCpuTimeHistory': [48]}, '48': {'Retries': 0, 'WallDurations': [8.0, 52.12356090545654, 32608.0], 'StartTimes': [1637169386.0], 'SubmitTimes': [1637169087.0], 'JobIds': ['72031223.0'], 'EndTimes': [1637201994.0], 'Restarts': 0, 'RecordedSite': True, 'State': 'finished', 'ResidentSetSize': [518888], 'TotalUserCpuTimeHistory': [2853], 'SiteHistory': ['Unknown', 'T2_US_MIT', 'T2_US_MIT'], 'TotalSysCpuTimeHistory': [127]}, '23': {'Retries': 0, 'WallDurations': [9.0, 51.12356090545654, 49296.0], 'StartTimes': [1637169387.0], 'SubmitTimes': [1637169094.0], 'JobIds': ['72031260.0'], 'EndTimes': [], 'Restarts': 0, 'RecordedSite': True, 'State': 'running', 'ResidentSetSize': [606028], 'TotalUserCpuTimeHistory': [2096.0], 'SiteHistory': ['Unknown', 'T2_US_Caltech', 'T2_US_Caltech'], 'TotalSysCpuTimeHistory': [95.0]}, '46': {'Retries': 0, 'WallDurations': [10.0, 55.12356090545654, 25743.0], 'StartTimes': [1637169383.0], 'SubmitTimes': [1637169086.0], 'JobIds': ['72031221.0'], 'EndTimes': [1637195126.0], 'Restarts': 0, 'RecordedSite': True, 'State': 'finished', 'ResidentSetSize': [421644], 'TotalUserCpuTimeHistory': [1844], 'SiteHistory': ['Unknown', 'T2_US_MIT', 'T2_US_MIT'], 'TotalSysCpuTimeHistory': [52]}, '47': {'Retries': 0, 'WallDurations': [8.0, 55.12356090545654, 21224.0], 'StartTimes': [1637169383.0], 'SubmitTimes': [1637169086.0], 'JobIds': ['72031222.0'], 'EndTimes': [1637190607.0], 'Restarts': 0, 'RecordedSite': True, 'State': 'finished', 'ResidentSetSize': [459840], 'TotalUserCpuTimeHistory': [1613], 'SiteHistory': ['Unknown', 'T2_US_MIT', 'T2_US_MIT'], 'TotalSysCpuTimeHistory': [75]}, '44': {'Retries': 0, 'WallDurations': [8.0, 57.12356090545654, 36122.0], 'StartTimes': [1637169381.0], 'SubmitTimes': [1637169086.0], 'JobIds': ['72031219.0'], 'EndTimes': [1637205503.0], 'Restarts': 0, 'RecordedSite': True, 'State': 'finished', 'ResidentSetSize': [501404], 'TotalUserCpuTimeHistory': [3170], 'SiteHistory': ['Unknown', 'T2_US_MIT', 'T2_US_MIT'], 'TotalSysCpuTimeHistory': [127]}, '45': {'Retries': 0, 'WallDurations': [9.0, 41.12356090545654, 43588.0], 'StartTimes': [1637169397.0], 'SubmitTimes': [1637169086.0], 'JobIds': ['72031220.0'], 'EndTimes': [1637212985.0], 'Restarts': 0, 'RecordedSite': True, 'State': 'finished', 'ResidentSetSize': [569872], 'TotalUserCpuTimeHistory': [3351], 'SiteHistory': ['Unknown', 'T2_US_Wisconsin', 'T2_US_Wisconsin'], 'TotalSysCpuTimeHistory': [169]}, '42': {'Retries': 0, 'WallDurations': [9.0, 53.12356090545654, 6492.0], 'StartTimes': [1637169385.0], 'SubmitTimes': [1637169086.0], 'JobIds': ['72031216.0'], 'EndTimes': [1637175877.0], 'Restarts': 0, 'RecordedSite': True, 'State': 'finished', 'ResidentSetSize': [441300], 'TotalUserCpuTimeHistory': [459], 'SiteHistory': ['Unknown', 'T2_US_MIT', 'T2_US_MIT'], 'TotalSysCpuTimeHistory': [14]}, '43': {'Retries': 0, 'WallDurations': [8.0, 60.12356090545654, 17529.0], 'StartTimes': [1637169378.0], 'SubmitTimes': [1637169086.0], 'JobIds': ['72031218.0'], 'EndTimes': [1637186907.0], 'Restarts': 0, 'RecordedSite': True, 'State': 'finished', 'ResidentSetSize': [408980], 'TotalUserCpuTimeHistory': [1088], 'SiteHistory': ['Unknown', 'T2_US_MIT', 'T2_US_MIT'], 'TotalSysCpuTimeHistory': [32]}, '40': {'Retries': 0, 'WallDurations': [8.0, 61.12356090545654, 26894.0], 'StartTimes': [1637169377.0], 'SubmitTimes': [1637169086.0], 'JobIds': ['72031212.0'], 'EndTimes': [1637196271.0], 'Restarts': 0, 'RecordedSite': True, 'State': 'finished', 'ResidentSetSize': [494616], 'TotalUserCpuTimeHistory': [1111], 'SiteHistory': ['Unknown', 'T2_US_MIT', 'T2_US_MIT'], 'TotalSysCpuTimeHistory': [43]}, '41': {'Retries': 0, 'WallDurations': [9.0, 59.12356090545654, 25757.0], 'StartTimes': [1637169379.0], 'SubmitTimes': [1637169086.0], 'JobIds': ['72031214.0'], 'EndTimes': [1637195136.0], 'Restarts': 0, 'RecordedSite': True, 'State': 'finished', 'ResidentSetSize': [541904], 'TotalUserCpuTimeHistory': [2269], 'SiteHistory': ['Unknown', 'T2_US_MIT', 'T2_US_MIT'], 'TotalSysCpuTimeHistory': [89]}, '1': {'Retries': 0, 'WallDurations': [9.0, 57.12356090545654, 36178.0], 'StartTimes': [1637169381.0], 'SubmitTimes': [1637169076.0], 'JobIds': ['72031144.0'], 'EndTimes': [1637205559.0], 'Restarts': 0, 'RecordedSite': True, 'State': 'finished', 'ResidentSetSize': [605204], 'TotalUserCpuTimeHistory': [1503], 'SiteHistory': ['Unknown', 'T2_US_Purdue', 'T2_US_Purdue'], 'TotalSysCpuTimeHistory': [70]}, '35': {'Retries': 0, 'WallDurations': [8.0, 58.12356090545654, 43069.0], 'StartTimes': [1637169380.0], 'SubmitTimes': [1637169085.0], 'JobIds': ['72031202.0'], 'EndTimes': [1637212449.0], 'Restarts': 0, 'RecordedSite': True, 'State': 'finished', 'ResidentSetSize': [560932], 'TotalUserCpuTimeHistory': [1417], 'SiteHistory': ['Unknown', 'T2_US_MIT', 'T2_US_MIT'], 'TotalSysCpuTimeHistory': [59]}, '3': {'Retries': 0, 'WallDurations': [9.0, 48.12356090545654, 34728.0], 'StartTimes': [1637169390.0], 'SubmitTimes': [1637169081.0], 'JobIds': ['72031147.0'], 'EndTimes': [1637204118.0], 'Restarts': 0, 'RecordedSite': True, 'State': 'finished', 'ResidentSetSize': [447452], 'TotalUserCpuTimeHistory': [2532], 'SiteHistory': ['Unknown', 'T2_US_MIT', 'T2_US_MIT'], 'TotalSysCpuTimeHistory': [80]}, '2': {'Retries': 0, 'WallDurations': [10.0, 34.12356090545654, 11295.0], 'StartTimes': [1637169404.0], 'SubmitTimes': [1637169076.0], 'JobIds': ['72031145.0'], 'EndTimes': [1637180699.0], 'Restarts': 0, 'RecordedSite': True, 'State': 'finished', 'ResidentSetSize': [528336], 'TotalUserCpuTimeHistory': [765], 'SiteHistory': ['Unknown', 'T2_US_Caltech', 'T2_US_Caltech'], 'TotalSysCpuTimeHistory': [31]}, '5': {'Retries': 0, 'WallDurations': [9.0, 51.12356090545654, 29986.0], 'StartTimes': [1637169387.0], 'SubmitTimes': [1637169081.0], 'JobIds': ['72031149.0'], 'EndTimes': [1637199373.0], 'Restarts': 0, 'RecordedSite': True, 'State': 'finished', 'ResidentSetSize': [590472], 'TotalUserCpuTimeHistory': [1203], 'SiteHistory': ['Unknown', 'T2_US_Purdue', 'T2_US_Purdue'], 'TotalSysCpuTimeHistory': [76]}, '4': {'Retries': 0, 'WallDurations': [8.0, 45.12356090545654, 1864.0], 'StartTimes': [1637169393.0], 'SubmitTimes': [1637169081.0], 'JobIds': ['72031148.0'], 'EndTimes': [1637171257.0], 'Restarts': 0, 'RecordedSite': True, 'State': 'finished', 'ResidentSetSize': [639464], 'TotalUserCpuTimeHistory': [1736], 'SiteHistory': ['Unknown', 'T2_US_Caltech', 'T2_US_Caltech'], 'TotalSysCpuTimeHistory': [40]}, '7': {'Retries': 0, 'WallDurations': [8.0, 33.12356090545654, 2941.0], 'StartTimes': [1637169405.0], 'SubmitTimes': [1637169081.0], 'JobIds': ['72031151.0'], 'EndTimes': [1637172346.0], 'Restarts': 0, 'RecordedSite': True, 'State': 'finished', 'ResidentSetSize': [657712], 'TotalUserCpuTimeHistory': [2752], 'SiteHistory': ['Unknown', 'T2_US_Caltech', 'T2_US_Caltech'], 'TotalSysCpuTimeHistory': [65]}, '6': {'Retries': 0, 'WallDurations': [8.0, 65.12356090545654, 5001.0], 'StartTimes': [1637169373.0], 'SubmitTimes': [1637169081.0], 'JobIds': ['72031150.0'], 'EndTimes': [1637174374.0], 'Restarts': 0, 'RecordedSite': True, 'State': 'finished', 'ResidentSetSize': [382508], 'TotalUserCpuTimeHistory': [365], 'SiteHistory': ['Unknown', 'T2_US_MIT', 'T2_US_MIT'], 'TotalSysCpuTimeHistory': [11]}, '9': {'Retries': 0, 'WallDurations': [8.0, 36.12356090545654, 13175.0], 'StartTimes': [1637169402.0], 'SubmitTimes': [1637169082.0], 'JobIds': ['72031153.0'], 'EndTimes': [1637182577.0], 'Restarts': 0, 'RecordedSite': True, 'State': 'finished', 'ResidentSetSize': [612752], 'TotalUserCpuTimeHistory': [1256], 'SiteHistory': ['Unknown', 'T2_US_MIT', 'T2_US_MIT'], 'TotalSysCpuTimeHistory': [39]}, '8': {'Retries': 0, 'WallDurations': [9.0, 64.12356090545654, 1628.0], 'StartTimes': [1637169374.0], 'SubmitTimes': [1637169081.0], 'JobIds': ['72031152.0'], 'EndTimes': [1637171002.0], 'Restarts': 0, 'RecordedSite': True, 'State': 'finished', 'ResidentSetSize': [351616], 'TotalUserCpuTimeHistory': [71], 'SiteHistory': ['Unknown', 'T2_US_MIT', 'T2_US_MIT'], 'TotalSysCpuTimeHistory': [3]}, '18': {'Retries': 0, 'WallDurations': [9.0, 54.12356090545654, 49591.0], 'StartTimes': [1637169384.0], 'SubmitTimes': [1637169083.0], 'JobIds': ['72031170.0'], 'EndTimes': [], 'Restarts': 0, 'RecordedSite': True, 'State': 'running', 'ResidentSetSize': [463252], 'TotalUserCpuTimeHistory': [1847.0], 'SiteHistory': ['Unknown', 'T2_US_Purdue', 'T2_US_Purdue'], 'TotalSysCpuTimeHistory': [79.0]}, '13': {'Retries': 0, 'WallDurations': [8.0, 13.123560905456543, 49595.0], 'StartTimes': [1637169425.0], 'SubmitTimes': [1637169082.0], 'JobIds': ['72031160.0'], 'EndTimes': [], 'Restarts': 0, 'RecordedSite': True, 'State': 'running', 'ResidentSetSize': [520148], 'TotalUserCpuTimeHistory': [976.0], 'SiteHistory': ['Unknown', 'T2_US_Caltech', 'T2_US_Caltech'], 'TotalSysCpuTimeHistory': [81.0]}, '12': {'Retries': 0, 'WallDurations': [9.0, 58.12356090545654, 8936.0], 'StartTimes': [1637169380.0], 'SubmitTimes': [1637169082.0], 'JobIds': ['72031158.0'], 'EndTimes': [1637178316.0], 'Restarts': 0, 'RecordedSite': True, 'State': 'finished', 'ResidentSetSize': [390420], 'TotalUserCpuTimeHistory': [305], 'SiteHistory': ['Unknown', 'T2_US_Purdue', 'T2_US_Purdue'], 'TotalSysCpuTimeHistory': [14]}, '15': {'Retries': 0, 'WallDurations': [9.0, 61.12356090545654, 49602.0], 'StartTimes': [1637169377.0], 'SubmitTimes': [1637169082.0], 'JobIds': ['72031164.0'], 'EndTimes': [], 'Restarts': 0, 'RecordedSite': True, 'State': 'running', 'ResidentSetSize': [480320], 'TotalUserCpuTimeHistory': [2660.0], 'SiteHistory': ['Unknown', 'T2_US_MIT', 'T2_US_MIT'], 'TotalSysCpuTimeHistory': [128.0]}, '14': {'Retries': 0, 'WallDurations': [10.0, 67.12356090545654, 49610.0], 'StartTimes': [1637169371.0], 'SubmitTimes': [1637169082.0], 'JobIds': ['72031162.0'], 'EndTimes': [], 'Restarts': 0, 'RecordedSite': True, 'State': 'running', 'ResidentSetSize': [603884], 'TotalUserCpuTimeHistory': [1832.0], 'SiteHistory': ['Unknown', 'T2_US_MIT', 'T2_US_MIT'], 'TotalSysCpuTimeHistory': [80.0]}, '11': {'Retries': 0, 'WallDurations': [9.0, 60.12356090545654, 31481.0], 'StartTimes': [1637169378.0], 'SubmitTimes': [1637169082.0], 'JobIds': ['72031156.0'], 'EndTimes': [1637200859.0], 'Restarts': 0, 'RecordedSite': True, 'State': 'finished', 'ResidentSetSize': [612376], 'TotalUserCpuTimeHistory': [1171], 'SiteHistory': ['Unknown', 'T2_US_Purdue', 'T2_US_Purdue'], 'TotalSysCpuTimeHistory': [53]}, '10': {'Retries': 0, 'WallDurations': [8.0, 64.12356090545654, 2898.0], 'StartTimes': [1637169374.0], 'SubmitTimes': [1637169082.0], 'JobIds': ['72031154.0'], 'EndTimes': [1637172272.0], 'Restarts': 0, 'RecordedSite': True, 'State': 'finished', 'ResidentSetSize': [618328], 'TotalUserCpuTimeHistory': [2329], 'SiteHistory': ['Unknown', 'T2_US_MIT', 'T2_US_MIT'], 'TotalSysCpuTimeHistory': [60]}, '39': {'Retries': 0, 'WallDurations': [10.0, 58.12356090545654, 11852.0], 'StartTimes': [1637169380.0], 'SubmitTimes': [1637169085.0], 'JobIds': ['72031210.0'], 'EndTimes': [1637181232.0], 'Restarts': 0, 'RecordedSite': True, 'State': 'finished', 'ResidentSetSize': [532852], 'TotalUserCpuTimeHistory': [642], 'SiteHistory': ['Unknown', 'T2_US_MIT', 'T2_US_MIT'], 'TotalSysCpuTimeHistory': [20]}, '38': {'Retries': 0, 'WallDurations': [9.0, 56.12356090545654, 20556.0], 'StartTimes': [1637169382.0], 'SubmitTimes': [1637169085.0], 'JobIds': ['72031208.0'], 'EndTimes': [1637189938.0], 'Restarts': 0, 'RecordedSite': True, 'State': 'finished', 'ResidentSetSize': [554568], 'TotalUserCpuTimeHistory': [938], 'SiteHistory': ['Unknown', 'T2_US_Wisconsin', 'T2_US_Wisconsin'], 'TotalSysCpuTimeHistory': [41]}, '59': {'Retries': 0, 'WallDurations': [9.0, 45.12356090545654, 42343.0], 'StartTimes': [1637169393.0], 'SubmitTimes': [1637169093.0], 'JobIds': ['72031252.0'], 'EndTimes': [1637211736.0], 'Restarts': 0, 'RecordedSite': True, 'State': 'finished', 'ResidentSetSize': [538208], 'TotalUserCpuTimeHistory': [2656], 'SiteHistory': ['Unknown', 'T2_US_MIT', 'T2_US_MIT'], 'TotalSysCpuTimeHistory': [108]}, '58': {'Retries': 0, 'WallDurations': [8.0, 54.12356090545654, 45778.0], 'StartTimes': [1637169384.0], 'SubmitTimes': [1637169093.0], 'JobIds': ['72031250.0'], 'EndTimes': [1637215162.0], 'Restarts': 0, 'RecordedSite': True, 'State': 'finished', 'ResidentSetSize': [619008], 'TotalUserCpuTimeHistory': [1599], 'SiteHistory': ['Unknown', 'T2_US_Purdue', 'T2_US_Purdue'], 'TotalSysCpuTimeHistory': [75]}, '17': {'Retries': 0, 'WallDurations': [10.0, 58.12356090545654, 1727.0], 'StartTimes': [1637169380.0], 'SubmitTimes': [1637169083.0], 'JobIds': ['72031168.0'], 'EndTimes': [1637171107.0], 'Restarts': 0, 'RecordedSite': True, 'State': 'finished', 'ResidentSetSize': [591204], 'TotalUserCpuTimeHistory': [1455], 'SiteHistory': ['Unknown', 'T2_US_Wisconsin', 'T2_US_Wisconsin'], 'TotalSysCpuTimeHistory': [50]}, '16': {'Retries': 0, 'WallDurations': [10.0, 54.12356090545654, 41794.0], 'StartTimes': [1637169384.0], 'SubmitTimes': [1637169083.0], 'JobIds': ['72031166.0'], 'EndTimes': [1637211178.0], 'Restarts': 0, 'RecordedSite': True, 'State': 'finished', 'ResidentSetSize': [610732], 'TotalUserCpuTimeHistory': [1945], 'SiteHistory': ['Unknown', 'T2_US_Wisconsin', 'T2_US_Wisconsin'], 'TotalSysCpuTimeHistory': [90]}, '19': {'Retries': 0, 'WallDurations': [9.0, 29.123560905456543, 49598.0], 'StartTimes': [1637169409.0], 'SubmitTimes': [1637169083.0], 'JobIds': ['72031172.0'], 'EndTimes': [], 'Restarts': 0, 'RecordedSite': True, 'State': 'running', 'ResidentSetSize': [598180], 'TotalUserCpuTimeHistory': [2131.0], 'SiteHistory': ['Unknown', 'T2_US_Caltech', 'T2_US_Caltech'], 'TotalSysCpuTimeHistory': [97.0]}, '32': {'Retries': 0, 'WallDurations': [9.0, 60.12356090545654, 45514.0], 'StartTimes': [1637169378.0], 'SubmitTimes': [1637169085.0], 'JobIds': ['72031196.0'], 'EndTimes': [1637214892.0], 'Restarts': 0, 'RecordedSite': True, 'State': 'finished', 'ResidentSetSize': [489632], 'TotalUserCpuTimeHistory': [2462], 'SiteHistory': ['Unknown', 'T2_US_MIT', 'T2_US_MIT'], 'TotalSysCpuTimeHistory': [115]}, '31': {'Retries': 0, 'WallDurations': [8.0, 50.12356090545654, 49599.0], 'StartTimes': [1637169388.0], 'SubmitTimes': [1637169085.0], 'JobIds': ['72031194.0'], 'EndTimes': [], 'Restarts': 0, 'RecordedSite': True, 'State': 'running', 'ResidentSetSize': [480380], 'TotalUserCpuTimeHistory': [1739.0], 'SiteHistory': ['Unknown', 'T2_US_Wisconsin', 'T2_US_Wisconsin'], 'TotalSysCpuTimeHistory': [92.0]}, '56': {'Retries': 0, 'WallDurations': [9.0, 47.12356090545654, 41545.0], 'StartTimes': [1637169391.0], 'SubmitTimes': [1637169093.0], 'JobIds': ['72031246.0'], 'EndTimes': [1637210936.0], 'Restarts': 0, 'RecordedSite': True, 'State': 'finished', 'ResidentSetSize': [625980], 'TotalUserCpuTimeHistory': [1671], 'SiteHistory': ['Unknown', 'T2_US_Wisconsin', 'T2_US_Wisconsin'], 'TotalSysCpuTimeHistory': [106]}, '51': {'Retries': 0, 'WallDurations': [9.0, 57.12356090545654, 43960.0], 'StartTimes': [1637169381.0], 'SubmitTimes': [1637169092.0], 'JobIds': ['72031234.0'], 'EndTimes': [1637213341.0], 'Restarts': 0, 'RecordedSite': True, 'State': 'finished', 'ResidentSetSize': [642296], 'TotalUserCpuTimeHistory': [3544], 'SiteHistory': ['Unknown', 'T2_US_MIT', 'T2_US_MIT'], 'TotalSysCpuTimeHistory': [142]}, '36': {'Retries': 0, 'WallDurations': [9.0, 45.12356090545654, 28844.0], 'StartTimes': [1637169393.0], 'SubmitTimes': [1637169085.0], 'JobIds': ['72031204.0'], 'EndTimes': [1637198237.0], 'Restarts': 0, 'RecordedSite': True, 'State': 'finished', 'ResidentSetSize': [493944], 'TotalUserCpuTimeHistory': [1512], 'SiteHistory': ['Unknown', 'T2_US_MIT', 'T2_US_MIT'], 'TotalSysCpuTimeHistory': [39]}, '53': {'Retries': 0, 'WallDurations': [10.0, 53.12356090545654, 27802.0], 'StartTimes': [1637169385.0], 'SubmitTimes': [1637169092.0], 'JobIds': ['72031238.0'], 'EndTimes': [1637197187.0], 'Restarts': 0, 'RecordedSite': True, 'State': 'finished', 'ResidentSetSize': [593692], 'TotalUserCpuTimeHistory': [2395], 'SiteHistory': ['Unknown', 'T2_US_Wisconsin', 'T2_US_Wisconsin'], 'TotalSysCpuTimeHistory': [104]}, '52': {'Retries': 0, 'WallDurations': [8.0, 52.12356090545654, 15128.0], 'StartTimes': [1637169386.0], 'SubmitTimes': [1637169092.0], 'JobIds': ['72031240.0'], 'EndTimes': [1637184514.0], 'Restarts': 0, 'RecordedSite': True, 'State': 'finished', 'ResidentSetSize': [631328], 'TotalUserCpuTimeHistory': [3119], 'SiteHistory': ['Unknown', 'T2_US_Wisconsin', 'T2_US_Wisconsin'], 'TotalSysCpuTimeHistory': [140]}, '33': {'Retries': 0, 'WallDurations': [9.0, 49.12356090545654, 49619.0], 'StartTimes': [1637169389.0], 'SubmitTimes': [1637169085.0], 'JobIds': ['72031198.0'], 'EndTimes': [], 'Restarts': 0, 'RecordedSite': True, 'State': 'running', 'ResidentSetSize': [618804], 'TotalUserCpuTimeHistory': [2228.0], 'SiteHistory': ['Unknown', 'T2_US_MIT', 'T2_US_MIT'], 'TotalSysCpuTimeHistory': [82.0]}, '55': {'Retries': 0, 'WallDurations': [8.0, 46.12356090545654, 17815.0], 'StartTimes': [1637169392.0], 'SubmitTimes': [1637169092.0], 'JobIds': ['72031242.0'], 'EndTimes': [1637187207.0], 'Restarts': 0, 'RecordedSite': True, 'State': 'finished', 'ResidentSetSize': [552484], 'TotalUserCpuTimeHistory': [573], 'SiteHistory': ['Unknown', 'T2_US_Purdue', 'T2_US_Purdue'], 'TotalSysCpuTimeHistory': [24]}, '37': {'Retries': 0, 'WallDurations': [9.0, 57.12356090545654, 32084.0], 'StartTimes': [1637169381.0], 'SubmitTimes': [1637169085.0], 'JobIds': ['72031206.0'], 'EndTimes': [1637201465.0], 'Restarts': 0, 'RecordedSite': True, 'State': 'finished', 'ResidentSetSize': [580244], 'TotalUserCpuTimeHistory': [1342], 'SiteHistory': ['Unknown', 'T2_US_MIT', 'T2_US_MIT'], 'TotalSysCpuTimeHistory': [47]}, '54': {'Retries': 0, 'WallDurations': [9.0, 32.12356090545654, 14505.0], 'StartTimes': [1637169406.0], 'SubmitTimes': [1637169093.0], 'JobIds': ['72031244.0'], 'EndTimes': [1637183911.0], 'Restarts': 0, 'RecordedSite': True, 'State': 'finished', 'ResidentSetSize': [627124], 'TotalUserCpuTimeHistory': [2743], 'SiteHistory': ['Unknown', 'T2_US_Wisconsin', 'T2_US_Wisconsin'], 'TotalSysCpuTimeHistory': [116]}, '57': {'Retries': 0, 'WallDurations': [9.0, 56.12356090545654, 46170.0], 'StartTimes': [1637169382.0], 'SubmitTimes': [1637169093.0], 'JobIds': ['72031248.0'], 'EndTimes': [1637215552.0], 'Restarts': 0, 'RecordedSite': True, 'State': 'finished', 'ResidentSetSize': [620080], 'TotalUserCpuTimeHistory': [1660], 'SiteHistory': ['Unknown', 'T2_US_Purdue', 'T2_US_Purdue'], 'TotalSysCpuTimeHistory': [100]}, '50': {'Retries': 0, 'WallDurations': [9.0, 52.12356090545654, 49603.0], 'StartTimes': [1637169386.0], 'SubmitTimes': [1637169092.0], 'JobIds': ['72031236.0'], 'EndTimes': [], 'Restarts': 0, 'RecordedSite': True, 'State': 'running', 'ResidentSetSize': [450004], 'TotalUserCpuTimeHistory': [1969.0], 'SiteHistory': ['Unknown', 'T2_US_Wisconsin', 'T2_US_Wisconsin'], 'TotalSysCpuTimeHistory': [130.0]}}
INFO 2021-11-18 07:06:41.722 UTC: 	 Status on the scheduler:	SUBMITTED
INFO 2021-11-18 07:06:41.722 UTC: 	 
Jobs status:                    finished     		 77.4% (48/62)
INFO 2021-11-18 07:06:41.722 UTC: 	 				running      		 22.6% (14/62)
INFO 2021-11-18 07:06:41.722 UTC: 	 
No publication information (publication has been disabled in the CRAB configuration file)
INFO 2021-11-18 07:06:41.724 UTC: 	 
Warning: the average jobs CPU efficiency is less than 50%, please consider to improve the jobs splitting (e.g. config.Data.splitting = 'Automatic') in a new task
INFO 2021-11-18 07:06:41.724 UTC: 	 
Summary of run jobs:
 * Memory: 591MB min, 652MB max, 525MB ave
 * Runtime: 0:27:08 min, 13:16:13 max, 7:03:56 ave
 * CPU eff: 3% min, 96% max, 7% ave
 * Waste: 0:49:25 (0% of total)

INFO 2021-11-18 07:06:41.751 UTC: 	 Log file is /afs/cern.ch/work/y/yian/work/GZ/CMSSW_10_6_20/src/PhysicsTools/NanoAODTools/WWG/2016pre/fakelepton_crab/crab2016/crab_DYJetsToLL_M-50_TuneCP5_13TeV-amcatnloFXFX-pythia8_2016/crab.log
