DEBUG 2021-05-19 14:26:03.600 UTC: 	 CRAB Client version: v3.210323
DEBUG 2021-05-19 14:26:03.600 UTC: 	 Running on: Linux lxplus727.cern.ch 3.10.0-1160.24.1.el7.x86_64 #1 SMP Thu Apr 8 19:51:47 UTC 2021 x86_64 x86_64 x86_64 GNU/Linux - CentOS Linux 7 (Core)
DEBUG 2021-05-19 14:26:03.601 UTC: 	 Executing command: 'submit'
DEBUG 2021-05-19 14:26:03.601 UTC: 	 Found CRAB cache file /afs/cern.ch/user/y/yian/.crab3
INFO 2021-05-19 14:26:03.602 UTC: 	 Will use CRAB configuration file crabcode_2018/WGToLNuG_01J_5f_PDFWeights_TuneCP5_13TeV-amcatnloFXFX-pythia8_2018_cfg.py
DEBUG 2021-05-19 14:26:03.602 UTC: 	 Loading CRAB configuration file.
DEBUG 2021-05-19 14:26:03.646 UTC: 	 Will use CRAB Analysis plugin (i.e. will run an analysis job type).
DEBUG 2021-05-19 14:26:03.669 UTC: 	 Checking credentials
DEBUG 2021-05-19 14:26:03.669 UTC: 	 Found proxy file /tmp/x509up_u110046
DEBUG 2021-05-19 14:26:03.669 UTC: 	 Getting proxy life time left
DEBUG 2021-05-19 14:26:04.476 UTC: 	 Executing : 
 command : voms-proxy-info -file /tmp/x509up_u110046 -timeleft
 output : 604172

 error: 
 retcode : 0
DEBUG 2021-05-19 14:26:05.182 UTC: 	 Executing : 
 command : voms-proxy-info -file /tmp/x509up_u110046 -actimeleft
 output : 604171

 error: 
 retcode : 0
DEBUG 2021-05-19 14:26:05.182 UTC: 	 Proxy lifetime 604172 secs is different from voms extension lifetime 604171 secs for proxy: /tmp/x509up_u110046
DEBUG 2021-05-19 14:26:05.182 UTC: 	 Proxy valid for 167:49:31 hours
DEBUG 2021-05-19 14:26:05.888 UTC: 	 Executing : 
 command : env X509_USER_PROXY=/tmp/x509up_u110046 voms-proxy-info -fqan
 output : /cms/Role=NULL/Capability=NULL

 error: 
 retcode : 0
DEBUG 2021-05-19 14:26:05.974 UTC: 	 Registering user credentials for server /DC=ch/DC=cern/OU=computers/CN=vocms0105.cern.ch|/DC=ch/DC=cern/OU=computers/CN=crab-(preprod|prod|dev)-tw(02|01).cern.ch|/DC=ch/DC=cern/OU=computers/CN=(ddi|ddidk|mytw).cern.ch|/DC=ch/DC=cern/OU=computers/CN=stefanov(m|m2).cern.ch
DEBUG 2021-05-19 14:26:06.689 UTC: 	 Executing : 
 command : voms-proxy-info -file /tmp/x509up_u110046 -identity
 output : /DC=ch/DC=cern/OU=Organic Units/OU=Users/CN=yian/CN=826694/CN=Ying An

 error: 
 retcode : 0
DEBUG 2021-05-19 14:26:06.699 UTC: 	 Getting myproxy life time left for myproxy.cern.ch
DEBUG 2021-05-19 14:26:06.700 UTC: 	 using b52ac606a6f7097e9b4b8f05a3a67cc69f8f291b as credential login name
DEBUG 2021-05-19 14:26:07.105 UTC: 	 Executing : 
 command : myproxy-info -l b52ac606a6f7097e9b4b8f05a3a67cc69f8f291b -s myproxy.cern.ch
 output : username: b52ac606a6f7097e9b4b8f05a3a67cc69f8f291b
owner: /DC=ch/DC=cern/OU=Organic Units/OU=Users/CN=yian/CN=826694/CN=Ying An
  renewal policy: /DC=ch/DC=cern/OU=computers/CN=vocms0105.cern.ch|/DC=ch/DC=cern/OU=computers/CN=crab-(preprod|prod|dev)-tw(02|01).cern.ch|/DC=ch/DC=cern/OU=computers/CN=(ddi|ddidk|mytw).cern.ch|/DC=ch/DC=cern/OU=computers/CN=stefanov(m|m2).cern.ch
  trusted retrieval policy: /DC=ch/DC=cern/OU=computers/CN=vocms0105.cern.ch|/DC=ch/DC=cern/OU=computers/CN=crab-(preprod|prod|dev)-tw(02|01).cern.ch|/DC=ch/DC=cern/OU=computers/CN=(ddi|ddidk|mytw).cern.ch|/DC=ch/DC=cern/OU=computers/CN=stefanov(m|m2).cern.ch
  timeleft: 672:36:43  (28.0 days)

 error: 
 retcode : 0
DEBUG 2021-05-19 14:26:07.107 UTC: 	 Myproxy is valid: 2421403
DEBUG 2021-05-19 14:26:07.107 UTC: 	 Retrieving username ...
DEBUG 2021-05-19 14:26:07.107 UTC: 	 Retrieving username from CRIC...
DEBUG 2021-05-19 14:26:07.849 UTC: 	 username is yian
DEBUG 2021-05-19 14:26:07.856 UTC: 	 Getting myproxy life time left for myproxy.cern.ch
DEBUG 2021-05-19 14:26:07.857 UTC: 	 using yian_CRAB as credential login name
DEBUG 2021-05-19 14:26:08.462 UTC: 	 Executing : 
 command : myproxy-info -l yian_CRAB -s myproxy.cern.ch
 output : username: yian_CRAB
owner: /DC=ch/DC=cern/OU=Organic Units/OU=Users/CN=yian/CN=826694/CN=Ying An
  renewal policy: /DC=ch/DC=cern/OU=computers/CN=vocms0105.cern.ch|/DC=ch/DC=cern/OU=computers/CN=crab-(preprod|prod|dev)-tw(02|01).cern.ch|/DC=ch/DC=cern/OU=computers/CN=(ddi|ddidk|mytw).cern.ch|/DC=ch/DC=cern/OU=computers/CN=stefanov(m|m2).cern.ch
  trusted retrieval policy: /DC=ch/DC=cern/OU=computers/CN=vocms0105.cern.ch|/DC=ch/DC=cern/OU=computers/CN=crab-(preprod|prod|dev)-tw(02|01).cern.ch|/DC=ch/DC=cern/OU=computers/CN=(ddi|ddidk|mytw).cern.ch|/DC=ch/DC=cern/OU=computers/CN=stefanov(m|m2).cern.ch
  timeleft: 672:37:57  (28.0 days)

 error: 
 retcode : 0
DEBUG 2021-05-19 14:26:08.462 UTC: 	 Myproxy is valid: 2421477
DEBUG 2021-05-19 14:26:08.462 UTC: 	 Result of myproxy credential check:
  Credential exists on myproxy: username: b52ac606a6f7097e9b4b8f05a3a67cc69f8f291b  - validity: 28 days, 0:36:43
  Credential exists on myproxy: username: yian_CRAB  - validity: 28 days, 0:37:57
DEBUG 2021-05-19 14:26:08.462 UTC: 	 Command use: submit
DEBUG 2021-05-19 14:26:08.463 UTC: 	 Options use: ['-c', 'crabcode_2018/WGToLNuG_01J_5f_PDFWeights_TuneCP5_13TeV-amcatnloFXFX-pythia8_2018_cfg.py']
DEBUG 2021-05-19 14:26:08.582 UTC: 	 CRABClient version: v3.210323
DEBUG 2021-05-19 14:26:08.582 UTC: 	 Instance is prod
DEBUG 2021-05-19 14:26:08.582 UTC: 	 Server base url is cmsweb.cern.ch
DEBUG 2021-05-19 14:26:08.582 UTC: 	 Command url /crabserver/prod/workflow
DEBUG 2021-05-19 14:26:08.582 UTC: 	 Started submission
DEBUG 2021-05-19 14:26:08.582 UTC: 	 Working on /afs/cern.ch/work/y/yian/work/GZ/CMSSW_10_6_20/src/PhysicsTools/NanoAODTools/WWG/2018/fakephoton_crab/crab2018/crab_WGToLNuG_01J_5f_PDFWeights_TuneCP5_13TeV-amcatnloFXFX-pythia8_2018
DEBUG 2021-05-19 14:26:08.791 UTC: 	 Loading required information from the environment
DEBUG 2021-05-19 14:26:08.791 UTC: 	 Found CMSSW_10_6_20 for slc7_amd64_gcc820 with base /afs/cern.ch/work/y/yian/work/GZ/CMSSW_10_6_20
DEBUG 2021-05-19 14:26:08.791 UTC: 	 Loading required information from the environment
DEBUG 2021-05-19 14:26:08.791 UTC: 	 Found CMSSW_10_6_20 for slc7_amd64_gcc820 with base /afs/cern.ch/work/y/yian/work/GZ/CMSSW_10_6_20
DEBUG 2021-05-19 14:26:08.792 UTC: 	 UNIQUE NAME: tarUUID 266d230d-7cd9-4f0e-96dc-ed0326ca154d 
DEBUG 2021-05-19 14:26:08.792 UTC: 	 self.config: from WMCore.Configuration import Configuration
config = Configuration()
config.section_('General')
config.General.workArea = 'crab2018'
config.General.transferLogs = False
config.General.requestName = 'WGToLNuG_01J_5f_PDFWeights_TuneCP5_13TeV-amcatnloFXFX-pythia8_2018'
config.section_('JobType')
config.JobType.scriptArgs = ['isdata=MC', 'year=2018']
config.JobType.scriptExe = './WWG_crab_script.sh'
config.JobType.pluginName = 'Analysis'
config.JobType.sendPythonFolder = True
config.JobType.allowUndistributedCMSSW = True
config.JobType.psetName = 'PSet.py'
config.JobType.inputFiles = ['../../../scripts/haddnano.py', '../WWG_fakephoton/WWG_postproc.py', '../WWG_fakephoton/WWGfakephoton_Module.py', '../WWG_fakephoton/WWG_keep_and_drop.txt', '../WWG_fakephoton/WWG_output_branch.txt', '../WWG_fakephoton/DAS_filesearch.py']
config.section_('Data')
config.Data.inputDataset = '/WGToLNuG_01J_5f_PDFWeights_TuneCP5_13TeV-amcatnloFXFX-pythia8/RunIISummer20UL18NanoAODv2-106X_upgrade2018_realistic_v15_L1v1-v1/NANOAODSIM'
config.Data.allowNonValidInputDataset = True
config.Data.publication = False
config.Data.unitsPerJob = 1
config.Data.ignoreLocality = True
config.Data.inputDBS = 'global'
config.Data.splitting = 'FileBased'
config.Data.outputDatasetTag = 'WGToLNuG_01J_5f_PDFWeights_TuneCP5_13TeV-amcatnloFXFX-pythia8_2018'
config.section_('Site')
config.Site.whitelist = ['T2_US_MIT', 'T2_US_Wisconsin', 'T2_US_Purdue', 'T2_US_UCSD', 'T2_US_Caltech', 'T2_US_Nebraska']
config.Site.storageSite = 'T3_CH_CERNBOX'

DEBUG 2021-05-19 14:26:08.792 UTC: 	 self.config.JobType.psetName: PSet.py
INFO 2021-05-19 14:26:08.792 UTC: 	 Importing CMSSW configuration PSet.py
INFO 2021-05-19 14:26:09.292 UTC: 	 Finished importing CMSSW configuration PSet.py
DEBUG 2021-05-19 14:26:09.292 UTC: 	 Writing CMSSW configuration to /afs/cern.ch/work/y/yian/work/GZ/CMSSW_10_6_20/src/PhysicsTools/NanoAODTools/WWG/2018/fakephoton_crab/crab2018/crab_WGToLNuG_01J_5f_PDFWeights_TuneCP5_13TeV-amcatnloFXFX-pythia8_2018/inputs/PSet.py
DEBUG 2021-05-19 14:26:09.303 UTC: 	 The following EDM output files will be collected: ['tree.root']
DEBUG 2021-05-19 14:26:09.303 UTC: 	 The following TFile output files will be collected: []
DEBUG 2021-05-19 14:26:09.303 UTC: 	 The following user output files (not listed as PoolOuputModule or TFileService in the CMSSW PSet) will be collected: 
DEBUG 2021-05-19 14:26:09.303 UTC: 	 Loading required information from the environment
DEBUG 2021-05-19 14:26:09.303 UTC: 	 Found CMSSW_10_6_20 for slc7_amd64_gcc820 with base /afs/cern.ch/work/y/yian/work/GZ/CMSSW_10_6_20
DEBUG 2021-05-19 14:26:09.303 UTC: 	 Making tarball in /afs/cern.ch/work/y/yian/work/GZ/CMSSW_10_6_20/src/PhysicsTools/NanoAODTools/WWG/2018/fakephoton_crab/crab2018/crab_WGToLNuG_01J_5f_PDFWeights_TuneCP5_13TeV-amcatnloFXFX-pythia8_2018/inputs/266d230d-7cd9-4f0e-96dc-ed0326ca154ddefault.tgz
DEBUG 2021-05-19 14:26:09.304 UTC: 	 Checking directory /afs/cern.ch/work/y/yian/work/GZ/CMSSW_10_6_20/lib
DEBUG 2021-05-19 14:26:09.304 UTC: 	 Adding directory /afs/cern.ch/work/y/yian/work/GZ/CMSSW_10_6_20/lib to tarball
DEBUG 2021-05-19 14:26:09.430 UTC: 	 Checking directory /afs/cern.ch/work/y/yian/work/GZ/CMSSW_10_6_20/biglib
DEBUG 2021-05-19 14:26:09.430 UTC: 	 Adding directory /afs/cern.ch/work/y/yian/work/GZ/CMSSW_10_6_20/biglib to tarball
DEBUG 2021-05-19 14:26:09.431 UTC: 	 Checking directory /afs/cern.ch/work/y/yian/work/GZ/CMSSW_10_6_20/module
DEBUG 2021-05-19 14:26:09.431 UTC: 	 Checking directory /afs/cern.ch/work/y/yian/work/GZ/CMSSW_10_6_20/python
DEBUG 2021-05-19 14:26:09.431 UTC: 	 Adding directory /afs/cern.ch/work/y/yian/work/GZ/CMSSW_10_6_20/python to tarball
DEBUG 2021-05-19 14:26:11.942 UTC: 	 Checking directory /afs/cern.ch/work/y/yian/work/GZ/CMSSW_10_6_20/cfipython
DEBUG 2021-05-19 14:26:11.942 UTC: 	 Adding directory /afs/cern.ch/work/y/yian/work/GZ/CMSSW_10_6_20/cfipython to tarball
DEBUG 2021-05-19 14:26:12.029 UTC: 	 Adding data directory /afs/cern.ch/work/y/yian/work/GZ/CMSSW_10_6_20/src/PhysicsTools/NanoAODTools/data to tarball
DEBUG 2021-05-19 14:26:32.782 UTC: 	 Adding data directory /afs/cern.ch/work/y/yian/work/GZ/CMSSW_10_6_20/src/PhysicsTools/NanoAODTools/interface to tarball
DEBUG 2021-05-19 14:26:32.786 UTC: 	 Adding data directory /afs/cern.ch/work/y/yian/work/GZ/CMSSW_10_6_20/src/PhysicsTools/NanoAODTools/python/postprocessing/data to tarball
DEBUG 2021-05-19 14:26:35.286 UTC: 	 Adding file ../../../scripts/haddnano.py to tarball
DEBUG 2021-05-19 14:26:35.287 UTC: 	 Adding file ../WWG_fakephoton/WWG_postproc.py to tarball
DEBUG 2021-05-19 14:26:35.288 UTC: 	 Adding file ../WWG_fakephoton/WWGfakephoton_Module.py to tarball
DEBUG 2021-05-19 14:26:35.288 UTC: 	 Adding file ../WWG_fakephoton/WWG_keep_and_drop.txt to tarball
DEBUG 2021-05-19 14:26:35.289 UTC: 	 Adding file ../WWG_fakephoton/WWG_output_branch.txt to tarball
DEBUG 2021-05-19 14:26:35.289 UTC: 	 Adding file ../WWG_fakephoton/DAS_filesearch.py to tarball
DEBUG 2021-05-19 14:26:43.593 UTC: 	 Uploading archive /afs/cern.ch/work/y/yian/work/GZ/CMSSW_10_6_20/src/PhysicsTools/NanoAODTools/WWG/2018/fakephoton_crab/crab2018/crab_WGToLNuG_01J_5f_PDFWeights_TuneCP5_13TeV-amcatnloFXFX-pythia8_2018/inputs/266d230d-7cd9-4f0e-96dc-ed0326ca154ddefault.tgz (94 MB) to the CRAB cache. Using URI https://cmsweb.cern.ch:8443/crabcache
DEBUG 2021-05-19 14:27:37.983 UTC: 	 Loading required information from the environment
DEBUG 2021-05-19 14:27:37.983 UTC: 	 Found CMSSW_10_6_20 for slc7_amd64_gcc820 with base /afs/cern.ch/work/y/yian/work/GZ/CMSSW_10_6_20
DEBUG 2021-05-19 14:27:37.983 UTC: 	 Making tarball in /afs/cern.ch/work/y/yian/work/GZ/CMSSW_10_6_20/src/PhysicsTools/NanoAODTools/WWG/2018/fakephoton_crab/crab2018/crab_WGToLNuG_01J_5f_PDFWeights_TuneCP5_13TeV-amcatnloFXFX-pythia8_2018/inputs/debugFiles.tgz
DEBUG 2021-05-19 14:27:37.999 UTC: 	 Uploading archive /afs/cern.ch/work/y/yian/work/GZ/CMSSW_10_6_20/src/PhysicsTools/NanoAODTools/WWG/2018/fakephoton_crab/crab2018/crab_WGToLNuG_01J_5f_PDFWeights_TuneCP5_13TeV-amcatnloFXFX-pythia8_2018/inputs/debugFiles.tgz (1 KB) to the CRAB cache. Using URI https://cmsweb.cern.ch:8443/crabcache
DEBUG 2021-05-19 14:27:38.088 UTC: 	 Result uploading input files: 139d4bbeceb61becf0d707b528ec5c3c96a78c2dd24e7e117200c1082b104bb4.tar.gz 
INFO 2021-05-19 14:27:38.089 UTC: 	 Sending the request to the server at cmsweb.cern.ch
DEBUG 2021-05-19 14:27:38.089 UTC: 	 Submitting {'maxjobruntime': 1250, 'extrajdl': [], 'ignorelocality': 1, 'savelogsflag': 0, 'useparent': 0, 'scriptexe': 'WWG_crab_script.sh', 'asyncdest': 'T3_CH_CERNBOX', 'algoargs': 1, 'cachefilename': '139d4bbeceb61becf0d707b528ec5c3c96a78c2dd24e7e117200c1082b104bb4.tar.gz', 'numcores': 1, 'addoutputfiles': [], 'generator': 'pythia', 'maxmemory': 2000, 'publishdbsurl': 'https://cmsweb.cern.ch/dbs/prod/phys03/DBSWriter', 'priority': 10, 'jobsw': 'CMSSW_10_6_20', 'edmoutfiles': ['tree.root'], 'userfiles': [], 'primarydataset': '', 'inputdata': '/WGToLNuG_01J_5f_PDFWeights_TuneCP5_13TeV-amcatnloFXFX-pythia8/RunIISummer20UL18NanoAODv2-106X_upgrade2018_realistic_v15_L1v1-v1/NANOAODSIM', 'dryrun': 0, 'workflow': 'crab_WGToLNuG_01J_5f_PDFWeights_TuneCP5_13TeV-amcatnloFXFX-pythia8_2018', 'scriptargs': ['isdata=MC', 'year=2018'], 'sitewhitelist': ['T2_US_MIT', 'T2_US_Wisconsin', 'T2_US_Purdue', 'T2_US_UCSD', 'T2_US_Caltech', 'T2_US_Nebraska'], 'nonprodsw': 1, 'tfileoutfiles': [], 'oneEventMode': 0, 'debugfilename': '09de093b1411a215f7bd9b143df9c34e80f95f928c668bb61dc33b7fe88b856b.tar.gz', 'cacheurl': u'https://cmsweb.cern.ch:8443/crabcache', 'saveoutput': 1, 'publication': 0, 'jobarch': 'slc7_amd64_gcc820', 'totalunits': 0, 'splitalgo': 'FileBased', 'ignoreglobalblacklist': 0, 'nonvaliddata': 1, 'dbsurl': 'https://cmsweb.cern.ch/dbs/prod/global/DBSReader', 'publishgroupname': 0, 'jobtype': 'Analysis', 'publishname2': 'WGToLNuG_01J_5f_PDFWeights_TuneCP5_13TeV-amcatnloFXFX-pythia8_2018'} 
DEBUG 2021-05-19 14:27:38.089 UTC: 	 Encoded submit request: maxjobruntime=1250&ignorelocality=1&savelogsflag=0&useparent=0&scriptexe=WWG_crab_script.sh&asyncdest=T3_CH_CERNBOX&algoargs=1&cachefilename=139d4bbeceb61becf0d707b528ec5c3c96a78c2dd24e7e117200c1082b104bb4.tar.gz&numcores=1&generator=pythia&maxmemory=2000&publishdbsurl=https%3A%2F%2Fcmsweb.cern.ch%2Fdbs%2Fprod%2Fphys03%2FDBSWriter&priority=10&jobsw=CMSSW_10_6_20&primarydataset=&inputdata=%2FWGToLNuG_01J_5f_PDFWeights_TuneCP5_13TeV-amcatnloFXFX-pythia8%2FRunIISummer20UL18NanoAODv2-106X_upgrade2018_realistic_v15_L1v1-v1%2FNANOAODSIM&dryrun=0&workflow=crab_WGToLNuG_01J_5f_PDFWeights_TuneCP5_13TeV-amcatnloFXFX-pythia8_2018&nonprodsw=1&oneEventMode=0&debugfilename=09de093b1411a215f7bd9b143df9c34e80f95f928c668bb61dc33b7fe88b856b.tar.gz&cacheurl=https%3A%2F%2Fcmsweb.cern.ch%3A8443%2Fcrabcache&saveoutput=1&publication=0&jobarch=slc7_amd64_gcc820&totalunits=0&splitalgo=FileBased&ignoreglobalblacklist=0&nonvaliddata=1&dbsurl=https%3A%2F%2Fcmsweb.cern.ch%2Fdbs%2Fprod%2Fglobal%2FDBSReader&publishgroupname=0&jobtype=Analysis&publishname2=WGToLNuG_01J_5f_PDFWeights_TuneCP5_13TeV-amcatnloFXFX-pythia8_2018&sitewhitelist=T2_US_MIT&sitewhitelist=T2_US_Wisconsin&sitewhitelist=T2_US_Purdue&sitewhitelist=T2_US_UCSD&sitewhitelist=T2_US_Caltech&sitewhitelist=T2_US_Nebraska&edmoutfiles=tree.root&scriptargs=isdata%3DMC&scriptargs=year%3D2018
DEBUG 2021-05-19 14:27:38.211 UTC: 	 Result: {u'result': [{u'RequestName': u'210519_142738:yian_crab_WGToLNuG_01J_5f_PDFWeights_TuneCP5_13TeV-amcatnloFXFX-pythia8_2018'}]}
INFO 2021-05-19 14:27:38.214 UTC: 	 Success: Your task has been delivered to the prod CRAB3 server.
INFO 2021-05-19 14:27:38.214 UTC: 	 Task name: 210519_142738:yian_crab_WGToLNuG_01J_5f_PDFWeights_TuneCP5_13TeV-amcatnloFXFX-pythia8_2018
INFO 2021-05-19 14:27:38.214 UTC: 	 Project dir: crab2018/crab_WGToLNuG_01J_5f_PDFWeights_TuneCP5_13TeV-amcatnloFXFX-pythia8_2018
INFO 2021-05-19 14:27:38.214 UTC: 	 Please use ' crab status -d crab2018/crab_WGToLNuG_01J_5f_PDFWeights_TuneCP5_13TeV-amcatnloFXFX-pythia8_2018 ' to check how the submission process proceeds.
DEBUG 2021-05-19 14:27:38.216 UTC: 	 About to return
INFO 2021-05-19 14:27:38.219 UTC: 	 Log file is /afs/cern.ch/work/y/yian/work/GZ/CMSSW_10_6_20/src/PhysicsTools/NanoAODTools/WWG/2018/fakephoton_crab/crab2018/crab_WGToLNuG_01J_5f_PDFWeights_TuneCP5_13TeV-amcatnloFXFX-pythia8_2018/crab.log
DEBUG 2021-05-20 04:37:35.693 UTC: 	 CRAB Client version: v3.210323
DEBUG 2021-05-20 04:37:35.694 UTC: 	 Running on: Linux lxplus783.cern.ch 3.10.0-1160.24.1.el7.x86_64 #1 SMP Thu Apr 8 19:51:47 UTC 2021 x86_64 x86_64 x86_64 GNU/Linux - CentOS Linux 7 (Core)
DEBUG 2021-05-20 04:37:35.694 UTC: 	 Executing command: 'status'
DEBUG 2021-05-20 04:37:35.694 UTC: 	 Found CRAB cache file /afs/cern.ch/user/y/yian/.crab3
DEBUG 2021-05-20 04:37:35.817 UTC: 	 Checking credentials
DEBUG 2021-05-20 04:37:35.817 UTC: 	 Found proxy file /tmp/x509up_u110046
DEBUG 2021-05-20 04:37:35.817 UTC: 	 Getting proxy life time left
DEBUG 2021-05-20 04:37:36.422 UTC: 	 Executing : 
 command : voms-proxy-info -file /tmp/x509up_u110046 -timeleft
 output : 619171

 error: 
 retcode : 0
DEBUG 2021-05-20 04:37:37.027 UTC: 	 Executing : 
 command : voms-proxy-info -file /tmp/x509up_u110046 -actimeleft
 output : 619171

 error: 
 retcode : 0
DEBUG 2021-05-20 04:37:37.027 UTC: 	 Proxy valid for 171:59:31 hours
DEBUG 2021-05-20 04:37:37.143 UTC: 	 Registering user credentials for server /DC=ch/DC=cern/OU=computers/CN=vocms0105.cern.ch|/DC=ch/DC=cern/OU=computers/CN=crab-(preprod|prod|dev)-tw(02|01).cern.ch|/DC=ch/DC=cern/OU=computers/CN=(ddi|ddidk|mytw).cern.ch|/DC=ch/DC=cern/OU=computers/CN=stefanov(m|m2).cern.ch
DEBUG 2021-05-20 04:37:37.754 UTC: 	 Executing : 
 command : voms-proxy-info -file /tmp/x509up_u110046 -identity
 output : /DC=ch/DC=cern/OU=Organic Units/OU=Users/CN=yian/CN=826694/CN=Ying An

 error: 
 retcode : 0
DEBUG 2021-05-20 04:37:37.762 UTC: 	 Getting myproxy life time left for myproxy.cern.ch
DEBUG 2021-05-20 04:37:37.762 UTC: 	 using b52ac606a6f7097e9b4b8f05a3a67cc69f8f291b as credential login name
DEBUG 2021-05-20 04:37:38.166 UTC: 	 Executing : 
 command : myproxy-info -l b52ac606a6f7097e9b4b8f05a3a67cc69f8f291b -s myproxy.cern.ch
 output : username: b52ac606a6f7097e9b4b8f05a3a67cc69f8f291b
owner: /DC=ch/DC=cern/OU=Organic Units/OU=Users/CN=yian/CN=826694/CN=Ying An
  renewal policy: /DC=ch/DC=cern/OU=computers/CN=vocms0105.cern.ch|/DC=ch/DC=cern/OU=computers/CN=crab-(preprod|prod|dev)-tw(02|01).cern.ch|/DC=ch/DC=cern/OU=computers/CN=(ddi|ddidk|mytw).cern.ch|/DC=ch/DC=cern/OU=computers/CN=stefanov(m|m2).cern.ch
  trusted retrieval policy: /DC=ch/DC=cern/OU=computers/CN=vocms0105.cern.ch|/DC=ch/DC=cern/OU=computers/CN=crab-(preprod|prod|dev)-tw(02|01).cern.ch|/DC=ch/DC=cern/OU=computers/CN=(ddi|ddidk|mytw).cern.ch|/DC=ch/DC=cern/OU=computers/CN=stefanov(m|m2).cern.ch
  timeleft: 658:25:12  (27.4 days)

 error: 
 retcode : 0
DEBUG 2021-05-20 04:37:38.167 UTC: 	 Myproxy is valid: 2370312
DEBUG 2021-05-20 04:37:38.167 UTC: 	 Retrieving username ...
DEBUG 2021-05-20 04:37:38.167 UTC: 	 Retrieving username from CRIC...
DEBUG 2021-05-20 04:37:38.916 UTC: 	 username is yian
DEBUG 2021-05-20 04:37:38.922 UTC: 	 Getting myproxy life time left for myproxy.cern.ch
DEBUG 2021-05-20 04:37:38.922 UTC: 	 using yian_CRAB as credential login name
DEBUG 2021-05-20 04:37:39.326 UTC: 	 Executing : 
 command : myproxy-info -l yian_CRAB -s myproxy.cern.ch
 output : username: yian_CRAB
owner: /DC=ch/DC=cern/OU=Organic Units/OU=Users/CN=yian/CN=826694/CN=Ying An
  renewal policy: /DC=ch/DC=cern/OU=computers/CN=vocms0105.cern.ch|/DC=ch/DC=cern/OU=computers/CN=crab-(preprod|prod|dev)-tw(02|01).cern.ch|/DC=ch/DC=cern/OU=computers/CN=(ddi|ddidk|mytw).cern.ch|/DC=ch/DC=cern/OU=computers/CN=stefanov(m|m2).cern.ch
  trusted retrieval policy: /DC=ch/DC=cern/OU=computers/CN=vocms0105.cern.ch|/DC=ch/DC=cern/OU=computers/CN=crab-(preprod|prod|dev)-tw(02|01).cern.ch|/DC=ch/DC=cern/OU=computers/CN=(ddi|ddidk|mytw).cern.ch|/DC=ch/DC=cern/OU=computers/CN=stefanov(m|m2).cern.ch
  timeleft: 658:26:26  (27.4 days)

 error: 
 retcode : 0
DEBUG 2021-05-20 04:37:39.327 UTC: 	 Myproxy is valid: 2370386
DEBUG 2021-05-20 04:37:39.327 UTC: 	 Result of myproxy credential check:
  Credential exists on myproxy: username: b52ac606a6f7097e9b4b8f05a3a67cc69f8f291b  - validity: 27 days, 10:25:12
  Credential exists on myproxy: username: yian_CRAB  - validity: 27 days, 10:26:26
DEBUG 2021-05-20 04:37:39.327 UTC: 	 Command use: status
DEBUG 2021-05-20 04:37:39.328 UTC: 	 Options use: ['-d', 'crab2018/crab_WGToLNuG_01J_5f_PDFWeights_TuneCP5_13TeV-amcatnloFXFX-pythia8_2018']
DEBUG 2021-05-20 04:37:39.478 UTC: 	 CRABClient version: v3.210323
DEBUG 2021-05-20 04:37:39.478 UTC: 	 Instance is prod
DEBUG 2021-05-20 04:37:39.478 UTC: 	 Server base url is cmsweb.cern.ch
DEBUG 2021-05-20 04:37:39.478 UTC: 	 Command url /crabserver/prod/workflow
DEBUG 2021-05-20 04:37:39.601 UTC: 	 Got information from server oracle database: {u'result': [u'210519_142738:yian_crab_WGToLNuG_01J_5f_PDFWeights_TuneCP5_13TeV-amcatnloFXFX-pythia8_2018', u'None', u'None', u'SUBMITTED', u'SUBMIT', u'2021-05-19 14:27:38.204366', u'None', u'2021-05-19 14:28:22.003401', u'None', u'CMSSW_10_6_20', u'slc7_amd64_gcc820', u'/WGToLNuG_01J_5f_PDFWeights_TuneCP5_13TeV-amcatnloFXFX-pythia8/RunIISummer20UL18NanoAODv2-106X_upgrade2018_realistic_v15_L1v1-v1/NANOAODSIM', u'T', u'0', u"['T2_US_UCSD', 'T2_US_Wisconsin', 'T2_US_MIT', 'T2_US_Caltech', 'T2_US_Purdue', 'T2_US_Nebraska']", u'[]', u'FileBased', u"{'splitOnRun': False, 'halt_job_on_file_boundaries': False, 'files_per_job': 1, 'runs': [], 'lumis': []}", u'139d4bbeceb61becf0d707b528ec5c3c96a78c2dd24e7e117200c1082b104bb4.tar.gz', u'https://cmsweb.cern.ch:8443/crabcache', u'yian', u'/DC=ch/DC=cern/OU=Organic Units/OU=Users/CN=yian/CN=826694/CN=Ying An', u'cms', u'None', u'None', u'WGToLNuG_01J_5f_PDFWeights_TuneCP5_13TeV-amcatnloFXFX-pythia8_2018-00000000000000000000000000000000', u'F', u'T3_CH_CERNBOX', u'https://cmsweb.cern.ch/dbs/prod/global/DBSReader', u'https://cmsweb.cern.ch/dbs/prod/phys03/DBSWriter', u'F', u'[]', u'[]', u"['tree.root']", u'Analysis', u'pythia', u'None', u'{}', u'[]', u'F', u'crab-prod-tw01', u'[]', u'1250', u'1', u'2000', u'10', u"['/WGToLNuG_01J_5f_PDFWeights_TuneCP5_13TeV-amcatnloFXFX-pythia8/yian-WGToLNuG_01J_5f_PDFWeights_TuneCP5_13TeV-amcatnloFXFX-pythia8_2018-79132d624dd3520ee2a7d08026bbccfc/USER']", u'[]', u'http://vocms0120.cern.ch/mon/cms1407/210519_142738:yian_crab_WGToLNuG_01J_5f_PDFWeights_TuneCP5_13TeV-amcatnloFXFX-pythia8_2018', u'WWG_crab_script.sh', u"['isdata=MC', 'year=2018']", u'[]', u'https://cmsweb.cern.ch/crabserver/prod', u'cmsgwms-collector-global.cern.ch:9620,cmsgwms-collector-global.fnal.gov:9620', u'crab3@vocms0120.cern.ch', u'F', u'[]', u'T', u'/store/user/yian/', u'T', u'None', u'F', u'None', u'WGToLNuG_01J_5f_PDFWeights_TuneCP5_13TeV-amcatnloFXFX-pythia8', u'None', u'09de093b1411a215f7bd9b143df9c34e80f95f928c668bb61dc33b7fe88b856b.tar.gz', u'65986384', u'filetransfers', u'F', u'188.184.98.213', u'0.0', u'None'], u'desc': {u'columns': [u'tm_taskname', u'tm_activity', u'panda_jobset_id', u'tm_task_status', u'tm_task_command', u'tm_start_time', u'tm_start_injection', u'tm_end_injection', u'tm_task_failure', u'tm_job_sw', u'tm_job_arch', u'tm_input_dataset', u'tm_nonvalid_input_dataset', u'tm_use_parent', u'tm_site_whitelist', u'tm_site_blacklist', u'tm_split_algo', u'tm_split_args', u'tm_user_sandbox', u'tm_cache_url', u'tm_username', u'tm_user_dn', u'tm_user_vo', u'tm_user_role', u'tm_user_group', u'tm_publish_name', u'tm_publish_groupname', u'tm_asyncdest', u'tm_dbs_url', u'tm_publish_dbs_url', u'tm_publication', u'tm_outfiles', u'tm_tfile_outfiles', u'tm_edm_outfiles', u'tm_job_type', u'tm_generator', u'tm_events_per_lumi', u'tm_arguments', u'panda_resubmitted_jobs', u'tm_save_logs', u'tw_name', u'tm_user_infiles', u'tm_maxjobruntime', u'tm_numcores', u'tm_maxmemory', u'tm_priority', u'tm_output_dataset', u'tm_task_warnings', u'tm_user_webdir', u'tm_scriptexe', u'tm_scriptargs', u'tm_extrajdl', u'tm_asourl', u'tm_collector', u'tm_schedd', u'tm_dry_run', u'tm_user_files', u'tm_transfer_outputs', u'tm_output_lfn', u'tm_ignore_locality', u'tm_fail_limit', u'tm_one_event_mode', u'tm_secondary_input_dataset', u'tm_primary_dataset', u'tm_last_publication', u'tm_debug_files', u'clusterid', u'tm_asodb', u'tm_ignore_global_blacklist', u'tm_submitter_ip_addr', u'tm_totalunits', u'tm_ddm_reqid']}}
INFO 2021-05-20 04:37:39.602 UTC: 	 CRAB project directory:		/afs/cern.ch/work/y/yian/work/GZ/CMSSW_10_6_20/src/PhysicsTools/NanoAODTools/WWG/2018/fakephoton_crab/crab2018/crab_WGToLNuG_01J_5f_PDFWeights_TuneCP5_13TeV-amcatnloFXFX-pythia8_2018
INFO 2021-05-20 04:37:39.602 UTC: 	 Task name:			210519_142738:yian_crab_WGToLNuG_01J_5f_PDFWeights_TuneCP5_13TeV-amcatnloFXFX-pythia8_2018
INFO 2021-05-20 04:37:39.602 UTC: 	 Grid scheduler - Task Worker:	crab3@vocms0120.cern.ch - crab-prod-tw01
INFO 2021-05-20 04:37:39.602 UTC: 	 Status on the CRAB server:	SUBMITTED
INFO 2021-05-20 04:37:39.602 UTC: 	 Task URL to use for HELP:	https://cmsweb.cern.ch/crabserver/ui/task/210519_142738%3Ayian_crab_WGToLNuG_01J_5f_PDFWeights_TuneCP5_13TeV-amcatnloFXFX-pythia8_2018
INFO 2021-05-20 04:37:39.605 UTC: 	 Dashboard monitoring URL:	https://monit-grafana.cern.ch/d/cmsTMDetail/cms-task-monitoring-task-view?orgId=11&var-user=yian&var-task=210519_142738%3Ayian_crab_WGToLNuG_01J_5f_PDFWeights_TuneCP5_13TeV-amcatnloFXFX-pythia8_2018&from=1621430858000&to=now
DEBUG 2021-05-20 04:37:39.605 UTC: 	 The CRAB server submitted your task to the Grid scheduler (cluster ID: 65986384)
DEBUG 2021-05-20 04:37:39.605 UTC: 	 Webdir is located at http://vocms0120.cern.ch/mon/cms1407/210519_142738:yian_crab_WGToLNuG_01J_5f_PDFWeights_TuneCP5_13TeV-amcatnloFXFX-pythia8_2018
DEBUG 2021-05-20 04:37:39.700 UTC: 	 Proxied webdir is located at https://cmsweb.cern.ch:8443/scheddmon/0120/cms1407/210519_142738:yian_crab_WGToLNuG_01J_5f_PDFWeights_TuneCP5_13TeV-amcatnloFXFX-pythia8_2018
DEBUG 2021-05-20 04:37:39.701 UTC: 	 Retrieving 'status_cache' file from https://cmsweb.cern.ch:8443/scheddmon/0120/cms1407/210519_142738:yian_crab_WGToLNuG_01J_5f_PDFWeights_TuneCP5_13TeV-amcatnloFXFX-pythia8_2018/status_cache
DEBUG 2021-05-20 04:37:39.746 UTC: 	 Got information from status cache file: {'11': {'Retries': 0, 'WallDurations': [8.0, 249.51562094688416, 5533.0], 'StartTimes': [1621434625.0], 'SubmitTimes': [1621434511.0], 'JobIds': ['65986397.0'], 'EndTimes': [1621440158.0], 'Restarts': 0, 'RecordedSite': True, 'State': 'finished', 'ResidentSetSize': [425900], 'TotalUserCpuTimeHistory': [614], 'SiteHistory': ['Unknown', 'T2_US_MIT', 'T2_US_MIT'], 'TotalSysCpuTimeHistory': [39]}, '10': {'Retries': 0, 'WallDurations': [8.0, 265.51562094688416, 6037.0], 'StartTimes': [1621434609.0], 'SubmitTimes': [1621434511.0], 'JobIds': ['65986396.0'], 'EndTimes': [1621440646.0], 'Restarts': 0, 'RecordedSite': True, 'State': 'finished', 'ResidentSetSize': [477560], 'TotalUserCpuTimeHistory': [635], 'SiteHistory': ['Unknown', 'T2_US_MIT', 'T2_US_MIT'], 'TotalSysCpuTimeHistory': [39]}, '13': {'Retries': 0, 'WallDurations': [8.0, 264.51562094688416, 7201.0], 'StartTimes': [1621434610.0], 'SubmitTimes': [1621434511.0], 'JobIds': ['65986399.0'], 'EndTimes': [1621441811.0], 'Restarts': 0, 'RecordedSite': True, 'State': 'finished', 'ResidentSetSize': [395980], 'TotalUserCpuTimeHistory': [611], 'SiteHistory': ['Unknown', 'T2_US_MIT', 'T2_US_MIT'], 'TotalSysCpuTimeHistory': [40]}, '12': {'Retries': 0, 'WallDurations': [8.0, 262.51562094688416, 6347.0], 'StartTimes': [1621434612.0], 'SubmitTimes': [1621434511.0], 'JobIds': ['65986398.0'], 'EndTimes': [1621440959.0], 'Restarts': 0, 'RecordedSite': True, 'State': 'finished', 'ResidentSetSize': [463640], 'TotalUserCpuTimeHistory': [634], 'SiteHistory': ['Unknown', 'T2_US_MIT', 'T2_US_MIT'], 'TotalSysCpuTimeHistory': [42]}, '15': {'Retries': 0, 'WallDurations': [9.0, 263.51562094688416, 6440.0], 'StartTimes': [1621434611.0], 'SubmitTimes': [1621434512.0], 'JobIds': ['65986401.0'], 'EndTimes': [1621441051.0], 'Restarts': 0, 'RecordedSite': True, 'State': 'finished', 'ResidentSetSize': [426016], 'TotalUserCpuTimeHistory': [612], 'SiteHistory': ['Unknown', 'T2_US_MIT', 'T2_US_MIT'], 'TotalSysCpuTimeHistory': [39]}, '14': {'Retries': 0, 'WallDurations': [8.0, 261.51562094688416, 6978.0], 'StartTimes': [1621434613.0], 'SubmitTimes': [1621434512.0], 'JobIds': ['65986400.0'], 'EndTimes': [1621441591.0], 'Restarts': 0, 'RecordedSite': True, 'State': 'finished', 'ResidentSetSize': [464692], 'TotalUserCpuTimeHistory': [640], 'SiteHistory': ['Unknown', 'T2_US_MIT', 'T2_US_MIT'], 'TotalSysCpuTimeHistory': [43]}, '17': {'Retries': 0, 'WallDurations': [8.0, 261.51562094688416, 3162.0], 'StartTimes': [1621434613.0], 'SubmitTimes': [1621434512.0], 'JobIds': ['65986404.0'], 'EndTimes': [1621437775.0], 'Restarts': 0, 'RecordedSite': True, 'State': 'finished', 'ResidentSetSize': [403952], 'TotalUserCpuTimeHistory': [218], 'SiteHistory': ['Unknown', 'T2_US_MIT', 'T2_US_MIT'], 'TotalSysCpuTimeHistory': [14]}, '16': {'Retries': 0, 'WallDurations': [9.0, 258.51562094688416, 6955.0], 'StartTimes': [1621434616.0], 'SubmitTimes': [1621434512.0], 'JobIds': ['65986402.0'], 'EndTimes': [1621441571.0], 'Restarts': 0, 'RecordedSite': True, 'State': 'finished', 'ResidentSetSize': [468448], 'TotalUserCpuTimeHistory': [625], 'SiteHistory': ['Unknown', 'T2_US_MIT', 'T2_US_MIT'], 'TotalSysCpuTimeHistory': [42]}, '19': {'Retries': 0, 'WallDurations': [9.0, 262.51562094688416, 986.0], 'StartTimes': [1621434612.0], 'SubmitTimes': [1621434512.0], 'JobIds': ['65986405.0'], 'EndTimes': [1621435598.0], 'Restarts': 0, 'RecordedSite': True, 'State': 'finished', 'ResidentSetSize': [345156], 'TotalUserCpuTimeHistory': [91], 'SiteHistory': ['Unknown', 'T2_US_MIT', 'T2_US_MIT'], 'TotalSysCpuTimeHistory': [6]}, '18': {'Retries': 0, 'WallDurations': [8.0, 262.51562094688416, 900.0], 'StartTimes': [1621434612.0], 'SubmitTimes': [1621434512.0], 'JobIds': ['65986403.0'], 'EndTimes': [1621435512.0], 'Restarts': 0, 'RecordedSite': True, 'State': 'finished', 'ResidentSetSize': [344800], 'TotalUserCpuTimeHistory': [90], 'SiteHistory': ['Unknown', 'T2_US_MIT', 'T2_US_MIT'], 'TotalSysCpuTimeHistory': [5]}, '1': {'Retries': 0, 'WallDurations': [9.0, 259.51562094688416, 354.0], 'StartTimes': [1621434615.0], 'SubmitTimes': [1621434509.0], 'JobIds': ['65986387.0'], 'EndTimes': [1621434969.0], 'Restarts': 0, 'RecordedSite': True, 'State': 'finished', 'ResidentSetSize': [329600], 'TotalUserCpuTimeHistory': [20], 'SiteHistory': ['Unknown', 'T2_US_MIT', 'T2_US_MIT'], 'TotalSysCpuTimeHistory': [1]}, '3': {'Retries': 0, 'WallDurations': [8.0, 106.51562094688416, 3528.0], 'StartTimes': [1621434768.0], 'SubmitTimes': [1621434510.0], 'JobIds': ['65986389.0'], 'EndTimes': [1621438296.0], 'Restarts': 0, 'RecordedSite': True, 'State': 'finished', 'ResidentSetSize': [407876], 'TotalUserCpuTimeHistory': [162], 'SiteHistory': ['Unknown', 'T2_US_Caltech', 'T2_US_Caltech'], 'TotalSysCpuTimeHistory': [11]}, '2': {'Retries': 0, 'WallDurations': [9.0, 154.51562094688416, 6490.0], 'StartTimes': [1621434720.0], 'SubmitTimes': [1621434510.0], 'JobIds': ['65986388.0'], 'EndTimes': [1621441210.0], 'Restarts': 0, 'RecordedSite': True, 'State': 'finished', 'ResidentSetSize': [463920], 'TotalUserCpuTimeHistory': [757], 'SiteHistory': ['Unknown', 'T2_US_Nebraska', 'T2_US_Nebraska'], 'TotalSysCpuTimeHistory': [41]}, '5': {'Retries': 0, 'WallDurations': [8.0, 158.51562094688416, 6976.0], 'StartTimes': [1621434716.0], 'SubmitTimes': [1621434510.0], 'JobIds': ['65986391.0'], 'EndTimes': [1621441692.0], 'Restarts': 0, 'RecordedSite': True, 'State': 'finished', 'ResidentSetSize': [531672], 'TotalUserCpuTimeHistory': [680], 'SiteHistory': ['Unknown', 'T2_US_Wisconsin', 'T2_US_Wisconsin'], 'TotalSysCpuTimeHistory': [49]}, '4': {'Retries': 0, 'WallDurations': [9.0, 150.51562094688416, 7108.0], 'StartTimes': [1621434724.0], 'SubmitTimes': [1621434510.0], 'JobIds': ['65986390.0'], 'EndTimes': [1621441832.0], 'Restarts': 0, 'RecordedSite': True, 'State': 'finished', 'ResidentSetSize': [522420], 'TotalUserCpuTimeHistory': [923], 'SiteHistory': ['Unknown', 'T2_US_Nebraska', 'T2_US_Nebraska'], 'TotalSysCpuTimeHistory': [44]}, '7': {'Retries': 0, 'WallDurations': [9.0, 267.51562094688416, 3676.0], 'StartTimes': [1621434607.0], 'SubmitTimes': [1621434510.0], 'JobIds': ['65986393.0'], 'EndTimes': [1621438283.0], 'Restarts': 0, 'RecordedSite': True, 'State': 'finished', 'ResidentSetSize': [424100], 'TotalUserCpuTimeHistory': [345], 'SiteHistory': ['Unknown', 'T2_US_MIT', 'T2_US_MIT'], 'TotalSysCpuTimeHistory': [21]}, '6': {'Retries': 0, 'WallDurations': [8.0, 265.51562094688416, 7406.0], 'StartTimes': [1621434609.0], 'SubmitTimes': [1621434510.0], 'JobIds': ['65986392.0'], 'EndTimes': [1621442015.0], 'Restarts': 0, 'RecordedSite': True, 'State': 'finished', 'ResidentSetSize': [392604], 'TotalUserCpuTimeHistory': [637], 'SiteHistory': ['Unknown', 'T2_US_MIT', 'T2_US_MIT'], 'TotalSysCpuTimeHistory': [41]}, '9': {'Retries': 0, 'WallDurations': [9.0, 266.51562094688416, 5817.0], 'StartTimes': [1621434608.0], 'SubmitTimes': [1621434510.0], 'JobIds': ['65986395.0'], 'EndTimes': [1621440425.0], 'Restarts': 0, 'RecordedSite': True, 'State': 'finished', 'ResidentSetSize': [375256], 'TotalUserCpuTimeHistory': [525], 'SiteHistory': ['Unknown', 'T2_US_MIT', 'T2_US_MIT'], 'TotalSysCpuTimeHistory': [34]}, '20': {'Retries': 0, 'WallDurations': [10.0, 261.51562094688416, 844.0], 'StartTimes': [1621434613.0], 'SubmitTimes': [1621434512.0], 'JobIds': ['65986406.0'], 'EndTimes': [1621435457.0], 'Restarts': 0, 'RecordedSite': True, 'State': 'finished', 'ResidentSetSize': [377304], 'TotalUserCpuTimeHistory': [63], 'SiteHistory': ['Unknown', 'T2_US_MIT', 'T2_US_MIT'], 'TotalSysCpuTimeHistory': [4]}, '8': {'Retries': 0, 'WallDurations': [8.0, 266.51562094688416, 5603.0], 'StartTimes': [1621434608.0], 'SubmitTimes': [1621434510.0], 'JobIds': ['65986394.0'], 'EndTimes': [1621440211.0], 'Restarts': 0, 'RecordedSite': True, 'State': 'finished', 'ResidentSetSize': [464504], 'TotalUserCpuTimeHistory': [634], 'SiteHistory': ['Unknown', 'T2_US_MIT', 'T2_US_MIT'], 'TotalSysCpuTimeHistory': [40]}}
INFO 2021-05-20 04:37:39.746 UTC: 	 Status on the scheduler:	COMPLETED
INFO 2021-05-20 04:37:39.746 UTC: 	 
Jobs status:                    finished     		100.0% (20/20)
INFO 2021-05-20 04:37:39.746 UTC: 	 
No publication information (publication has been disabled in the CRAB configuration file)
INFO 2021-05-20 04:37:39.747 UTC: 	 
Warning: the max jobs runtime is less than 30% of the task requested value (1250 min), please consider to request a lower value for failed jobs (allowed through crab resubmit) and/or improve the jobs splitting (e.g. config.Data.splitting = 'Automatic') in a new task.
INFO 2021-05-20 04:37:39.747 UTC: 	 
Warning: the average jobs CPU efficiency is less than 50%, please consider to improve the jobs splitting (e.g. config.Data.splitting = 'Automatic') in a new task
INFO 2021-05-20 04:37:39.747 UTC: 	 
Summary of run jobs:
 * Memory: 321MB min, 519MB max, 415MB ave
 * Runtime: 0:05:54 min, 2:03:26 max, 1:21:57 ave
 * CPU eff: 5% min, 14% max, 10% ave
 * Waste: 1:22:19 (5% of total)

INFO 2021-05-20 04:37:39.752 UTC: 	 Log file is /afs/cern.ch/work/y/yian/work/GZ/CMSSW_10_6_20/src/PhysicsTools/NanoAODTools/WWG/2018/fakephoton_crab/crab2018/crab_WGToLNuG_01J_5f_PDFWeights_TuneCP5_13TeV-amcatnloFXFX-pythia8_2018/crab.log
DEBUG 2021-05-20 05:18:54.999 UTC: 	 CRAB Client version: v3.210323
DEBUG 2021-05-20 05:18:54.999 UTC: 	 Running on: Linux lxplus793.cern.ch 3.10.0-1160.24.1.el7.x86_64 #1 SMP Thu Apr 8 19:51:47 UTC 2021 x86_64 x86_64 x86_64 GNU/Linux - CentOS Linux 7 (Core)
DEBUG 2021-05-20 05:18:54.999 UTC: 	 Executing command: 'status'
DEBUG 2021-05-20 05:18:54.999 UTC: 	 Found CRAB cache file /afs/cern.ch/user/y/yian/.crab3
DEBUG 2021-05-20 05:18:55.093 UTC: 	 Checking credentials
DEBUG 2021-05-20 05:18:55.093 UTC: 	 Found proxy file /tmp/x509up_u110046
DEBUG 2021-05-20 05:18:55.093 UTC: 	 Getting proxy life time left
DEBUG 2021-05-20 05:18:55.699 UTC: 	 Executing : 
 command : voms-proxy-info -file /tmp/x509up_u110046 -timeleft
 output : 619019

 error: 
 retcode : 0
DEBUG 2021-05-20 05:18:56.304 UTC: 	 Executing : 
 command : voms-proxy-info -file /tmp/x509up_u110046 -actimeleft
 output : 619018

 error: 
 retcode : 0
DEBUG 2021-05-20 05:18:56.305 UTC: 	 Proxy lifetime 619019 secs is different from voms extension lifetime 619018 secs for proxy: /tmp/x509up_u110046
DEBUG 2021-05-20 05:18:56.305 UTC: 	 Proxy valid for 171:56:58 hours
DEBUG 2021-05-20 05:18:56.372 UTC: 	 Registering user credentials for server /DC=ch/DC=cern/OU=computers/CN=vocms0105.cern.ch|/DC=ch/DC=cern/OU=computers/CN=crab-(preprod|prod|dev)-tw(02|01).cern.ch|/DC=ch/DC=cern/OU=computers/CN=(ddi|ddidk|mytw).cern.ch|/DC=ch/DC=cern/OU=computers/CN=stefanov(m|m2).cern.ch
DEBUG 2021-05-20 05:18:57.084 UTC: 	 Executing : 
 command : voms-proxy-info -file /tmp/x509up_u110046 -identity
 output : /DC=ch/DC=cern/OU=Organic Units/OU=Users/CN=yian/CN=826694/CN=Ying An

 error: 
 retcode : 0
DEBUG 2021-05-20 05:18:57.092 UTC: 	 Getting myproxy life time left for myproxy.cern.ch
DEBUG 2021-05-20 05:18:57.092 UTC: 	 using b52ac606a6f7097e9b4b8f05a3a67cc69f8f291b as credential login name
DEBUG 2021-05-20 05:18:57.497 UTC: 	 Executing : 
 command : myproxy-info -l b52ac606a6f7097e9b4b8f05a3a67cc69f8f291b -s myproxy.cern.ch
 output : username: b52ac606a6f7097e9b4b8f05a3a67cc69f8f291b
owner: /DC=ch/DC=cern/OU=Organic Units/OU=Users/CN=yian/CN=826694/CN=Ying An
  renewal policy: /DC=ch/DC=cern/OU=computers/CN=vocms0105.cern.ch|/DC=ch/DC=cern/OU=computers/CN=crab-(preprod|prod|dev)-tw(02|01).cern.ch|/DC=ch/DC=cern/OU=computers/CN=(ddi|ddidk|mytw).cern.ch|/DC=ch/DC=cern/OU=computers/CN=stefanov(m|m2).cern.ch
  trusted retrieval policy: /DC=ch/DC=cern/OU=computers/CN=vocms0105.cern.ch|/DC=ch/DC=cern/OU=computers/CN=crab-(preprod|prod|dev)-tw(02|01).cern.ch|/DC=ch/DC=cern/OU=computers/CN=(ddi|ddidk|mytw).cern.ch|/DC=ch/DC=cern/OU=computers/CN=stefanov(m|m2).cern.ch
  timeleft: 657:43:53  (27.4 days)

 error: 
 retcode : 0
DEBUG 2021-05-20 05:18:57.498 UTC: 	 Myproxy is valid: 2367833
DEBUG 2021-05-20 05:18:57.498 UTC: 	 Retrieving username ...
DEBUG 2021-05-20 05:18:57.498 UTC: 	 Retrieving username from CRIC...
DEBUG 2021-05-20 05:18:58.162 UTC: 	 username is yian
DEBUG 2021-05-20 05:18:58.168 UTC: 	 Getting myproxy life time left for myproxy.cern.ch
DEBUG 2021-05-20 05:18:58.169 UTC: 	 using yian_CRAB as credential login name
DEBUG 2021-05-20 05:18:58.573 UTC: 	 Executing : 
 command : myproxy-info -l yian_CRAB -s myproxy.cern.ch
 output : username: yian_CRAB
owner: /DC=ch/DC=cern/OU=Organic Units/OU=Users/CN=yian/CN=826694/CN=Ying An
  renewal policy: /DC=ch/DC=cern/OU=computers/CN=vocms0105.cern.ch|/DC=ch/DC=cern/OU=computers/CN=crab-(preprod|prod|dev)-tw(02|01).cern.ch|/DC=ch/DC=cern/OU=computers/CN=(ddi|ddidk|mytw).cern.ch|/DC=ch/DC=cern/OU=computers/CN=stefanov(m|m2).cern.ch
  trusted retrieval policy: /DC=ch/DC=cern/OU=computers/CN=vocms0105.cern.ch|/DC=ch/DC=cern/OU=computers/CN=crab-(preprod|prod|dev)-tw(02|01).cern.ch|/DC=ch/DC=cern/OU=computers/CN=(ddi|ddidk|mytw).cern.ch|/DC=ch/DC=cern/OU=computers/CN=stefanov(m|m2).cern.ch
  timeleft: 657:45:07  (27.4 days)

 error: 
 retcode : 0
DEBUG 2021-05-20 05:18:58.573 UTC: 	 Myproxy is valid: 2367907
DEBUG 2021-05-20 05:18:58.573 UTC: 	 Result of myproxy credential check:
  Credential exists on myproxy: username: b52ac606a6f7097e9b4b8f05a3a67cc69f8f291b  - validity: 27 days, 9:43:53
  Credential exists on myproxy: username: yian_CRAB  - validity: 27 days, 9:45:07
DEBUG 2021-05-20 05:18:58.574 UTC: 	 Command use: status
DEBUG 2021-05-20 05:18:58.575 UTC: 	 Options use: ['-d', 'crab2018/crab_WGToLNuG_01J_5f_PDFWeights_TuneCP5_13TeV-amcatnloFXFX-pythia8_2018']
DEBUG 2021-05-20 05:18:58.648 UTC: 	 CRABClient version: v3.210323
DEBUG 2021-05-20 05:18:58.649 UTC: 	 Instance is prod
DEBUG 2021-05-20 05:18:58.649 UTC: 	 Server base url is cmsweb.cern.ch
DEBUG 2021-05-20 05:18:58.649 UTC: 	 Command url /crabserver/prod/workflow
DEBUG 2021-05-20 05:18:58.762 UTC: 	 Got information from server oracle database: {u'result': [u'210519_142738:yian_crab_WGToLNuG_01J_5f_PDFWeights_TuneCP5_13TeV-amcatnloFXFX-pythia8_2018', u'None', u'None', u'SUBMITTED', u'SUBMIT', u'2021-05-19 14:27:38.204366', u'None', u'2021-05-19 14:28:22.003401', u'None', u'CMSSW_10_6_20', u'slc7_amd64_gcc820', u'/WGToLNuG_01J_5f_PDFWeights_TuneCP5_13TeV-amcatnloFXFX-pythia8/RunIISummer20UL18NanoAODv2-106X_upgrade2018_realistic_v15_L1v1-v1/NANOAODSIM', u'T', u'0', u"['T2_US_UCSD', 'T2_US_Wisconsin', 'T2_US_MIT', 'T2_US_Caltech', 'T2_US_Purdue', 'T2_US_Nebraska']", u'[]', u'FileBased', u"{'splitOnRun': False, 'halt_job_on_file_boundaries': False, 'files_per_job': 1, 'runs': [], 'lumis': []}", u'139d4bbeceb61becf0d707b528ec5c3c96a78c2dd24e7e117200c1082b104bb4.tar.gz', u'https://cmsweb.cern.ch:8443/crabcache', u'yian', u'/DC=ch/DC=cern/OU=Organic Units/OU=Users/CN=yian/CN=826694/CN=Ying An', u'cms', u'None', u'None', u'WGToLNuG_01J_5f_PDFWeights_TuneCP5_13TeV-amcatnloFXFX-pythia8_2018-00000000000000000000000000000000', u'F', u'T3_CH_CERNBOX', u'https://cmsweb.cern.ch/dbs/prod/global/DBSReader', u'https://cmsweb.cern.ch/dbs/prod/phys03/DBSWriter', u'F', u'[]', u'[]', u"['tree.root']", u'Analysis', u'pythia', u'None', u'{}', u'[]', u'F', u'crab-prod-tw01', u'[]', u'1250', u'1', u'2000', u'10', u"['/WGToLNuG_01J_5f_PDFWeights_TuneCP5_13TeV-amcatnloFXFX-pythia8/yian-WGToLNuG_01J_5f_PDFWeights_TuneCP5_13TeV-amcatnloFXFX-pythia8_2018-79132d624dd3520ee2a7d08026bbccfc/USER']", u'[]', u'http://vocms0120.cern.ch/mon/cms1407/210519_142738:yian_crab_WGToLNuG_01J_5f_PDFWeights_TuneCP5_13TeV-amcatnloFXFX-pythia8_2018', u'WWG_crab_script.sh', u"['isdata=MC', 'year=2018']", u'[]', u'https://cmsweb.cern.ch/crabserver/prod', u'cmsgwms-collector-global.cern.ch:9620,cmsgwms-collector-global.fnal.gov:9620', u'crab3@vocms0120.cern.ch', u'F', u'[]', u'T', u'/store/user/yian/', u'T', u'None', u'F', u'None', u'WGToLNuG_01J_5f_PDFWeights_TuneCP5_13TeV-amcatnloFXFX-pythia8', u'None', u'09de093b1411a215f7bd9b143df9c34e80f95f928c668bb61dc33b7fe88b856b.tar.gz', u'65986384', u'filetransfers', u'F', u'188.184.98.213', u'0.0', u'None'], u'desc': {u'columns': [u'tm_taskname', u'tm_activity', u'panda_jobset_id', u'tm_task_status', u'tm_task_command', u'tm_start_time', u'tm_start_injection', u'tm_end_injection', u'tm_task_failure', u'tm_job_sw', u'tm_job_arch', u'tm_input_dataset', u'tm_nonvalid_input_dataset', u'tm_use_parent', u'tm_site_whitelist', u'tm_site_blacklist', u'tm_split_algo', u'tm_split_args', u'tm_user_sandbox', u'tm_cache_url', u'tm_username', u'tm_user_dn', u'tm_user_vo', u'tm_user_role', u'tm_user_group', u'tm_publish_name', u'tm_publish_groupname', u'tm_asyncdest', u'tm_dbs_url', u'tm_publish_dbs_url', u'tm_publication', u'tm_outfiles', u'tm_tfile_outfiles', u'tm_edm_outfiles', u'tm_job_type', u'tm_generator', u'tm_events_per_lumi', u'tm_arguments', u'panda_resubmitted_jobs', u'tm_save_logs', u'tw_name', u'tm_user_infiles', u'tm_maxjobruntime', u'tm_numcores', u'tm_maxmemory', u'tm_priority', u'tm_output_dataset', u'tm_task_warnings', u'tm_user_webdir', u'tm_scriptexe', u'tm_scriptargs', u'tm_extrajdl', u'tm_asourl', u'tm_collector', u'tm_schedd', u'tm_dry_run', u'tm_user_files', u'tm_transfer_outputs', u'tm_output_lfn', u'tm_ignore_locality', u'tm_fail_limit', u'tm_one_event_mode', u'tm_secondary_input_dataset', u'tm_primary_dataset', u'tm_last_publication', u'tm_debug_files', u'clusterid', u'tm_asodb', u'tm_ignore_global_blacklist', u'tm_submitter_ip_addr', u'tm_totalunits', u'tm_ddm_reqid']}}
INFO 2021-05-20 05:18:58.763 UTC: 	 CRAB project directory:		/afs/cern.ch/work/y/yian/work/GZ/CMSSW_10_6_20/src/PhysicsTools/NanoAODTools/WWG/2018/fakephoton_crab/crab2018/crab_WGToLNuG_01J_5f_PDFWeights_TuneCP5_13TeV-amcatnloFXFX-pythia8_2018
INFO 2021-05-20 05:18:58.763 UTC: 	 Task name:			210519_142738:yian_crab_WGToLNuG_01J_5f_PDFWeights_TuneCP5_13TeV-amcatnloFXFX-pythia8_2018
INFO 2021-05-20 05:18:58.763 UTC: 	 Grid scheduler - Task Worker:	crab3@vocms0120.cern.ch - crab-prod-tw01
INFO 2021-05-20 05:18:58.763 UTC: 	 Status on the CRAB server:	SUBMITTED
INFO 2021-05-20 05:18:58.763 UTC: 	 Task URL to use for HELP:	https://cmsweb.cern.ch/crabserver/ui/task/210519_142738%3Ayian_crab_WGToLNuG_01J_5f_PDFWeights_TuneCP5_13TeV-amcatnloFXFX-pythia8_2018
INFO 2021-05-20 05:18:58.767 UTC: 	 Dashboard monitoring URL:	https://monit-grafana.cern.ch/d/cmsTMDetail/cms-task-monitoring-task-view?orgId=11&var-user=yian&var-task=210519_142738%3Ayian_crab_WGToLNuG_01J_5f_PDFWeights_TuneCP5_13TeV-amcatnloFXFX-pythia8_2018&from=1621430858000&to=now
DEBUG 2021-05-20 05:18:58.767 UTC: 	 The CRAB server submitted your task to the Grid scheduler (cluster ID: 65986384)
DEBUG 2021-05-20 05:18:58.767 UTC: 	 Webdir is located at http://vocms0120.cern.ch/mon/cms1407/210519_142738:yian_crab_WGToLNuG_01J_5f_PDFWeights_TuneCP5_13TeV-amcatnloFXFX-pythia8_2018
DEBUG 2021-05-20 05:18:58.898 UTC: 	 Proxied webdir is located at https://cmsweb.cern.ch:8443/scheddmon/0120/cms1407/210519_142738:yian_crab_WGToLNuG_01J_5f_PDFWeights_TuneCP5_13TeV-amcatnloFXFX-pythia8_2018
DEBUG 2021-05-20 05:18:58.898 UTC: 	 Retrieving 'status_cache' file from https://cmsweb.cern.ch:8443/scheddmon/0120/cms1407/210519_142738:yian_crab_WGToLNuG_01J_5f_PDFWeights_TuneCP5_13TeV-amcatnloFXFX-pythia8_2018/status_cache
DEBUG 2021-05-20 05:18:58.936 UTC: 	 Got information from status cache file: {'11': {'Retries': 0, 'WallDurations': [8.0, 249.51562094688416, 5533.0], 'StartTimes': [1621434625.0], 'SubmitTimes': [1621434511.0], 'JobIds': ['65986397.0'], 'EndTimes': [1621440158.0], 'Restarts': 0, 'RecordedSite': True, 'State': 'finished', 'ResidentSetSize': [425900], 'TotalUserCpuTimeHistory': [614], 'SiteHistory': ['Unknown', 'T2_US_MIT', 'T2_US_MIT'], 'TotalSysCpuTimeHistory': [39]}, '10': {'Retries': 0, 'WallDurations': [8.0, 265.51562094688416, 6037.0], 'StartTimes': [1621434609.0], 'SubmitTimes': [1621434511.0], 'JobIds': ['65986396.0'], 'EndTimes': [1621440646.0], 'Restarts': 0, 'RecordedSite': True, 'State': 'finished', 'ResidentSetSize': [477560], 'TotalUserCpuTimeHistory': [635], 'SiteHistory': ['Unknown', 'T2_US_MIT', 'T2_US_MIT'], 'TotalSysCpuTimeHistory': [39]}, '13': {'Retries': 0, 'WallDurations': [8.0, 264.51562094688416, 7201.0], 'StartTimes': [1621434610.0], 'SubmitTimes': [1621434511.0], 'JobIds': ['65986399.0'], 'EndTimes': [1621441811.0], 'Restarts': 0, 'RecordedSite': True, 'State': 'finished', 'ResidentSetSize': [395980], 'TotalUserCpuTimeHistory': [611], 'SiteHistory': ['Unknown', 'T2_US_MIT', 'T2_US_MIT'], 'TotalSysCpuTimeHistory': [40]}, '12': {'Retries': 0, 'WallDurations': [8.0, 262.51562094688416, 6347.0], 'StartTimes': [1621434612.0], 'SubmitTimes': [1621434511.0], 'JobIds': ['65986398.0'], 'EndTimes': [1621440959.0], 'Restarts': 0, 'RecordedSite': True, 'State': 'finished', 'ResidentSetSize': [463640], 'TotalUserCpuTimeHistory': [634], 'SiteHistory': ['Unknown', 'T2_US_MIT', 'T2_US_MIT'], 'TotalSysCpuTimeHistory': [42]}, '15': {'Retries': 0, 'WallDurations': [9.0, 263.51562094688416, 6440.0], 'StartTimes': [1621434611.0], 'SubmitTimes': [1621434512.0], 'JobIds': ['65986401.0'], 'EndTimes': [1621441051.0], 'Restarts': 0, 'RecordedSite': True, 'State': 'finished', 'ResidentSetSize': [426016], 'TotalUserCpuTimeHistory': [612], 'SiteHistory': ['Unknown', 'T2_US_MIT', 'T2_US_MIT'], 'TotalSysCpuTimeHistory': [39]}, '14': {'Retries': 0, 'WallDurations': [8.0, 261.51562094688416, 6978.0], 'StartTimes': [1621434613.0], 'SubmitTimes': [1621434512.0], 'JobIds': ['65986400.0'], 'EndTimes': [1621441591.0], 'Restarts': 0, 'RecordedSite': True, 'State': 'finished', 'ResidentSetSize': [464692], 'TotalUserCpuTimeHistory': [640], 'SiteHistory': ['Unknown', 'T2_US_MIT', 'T2_US_MIT'], 'TotalSysCpuTimeHistory': [43]}, '17': {'Retries': 0, 'WallDurations': [8.0, 261.51562094688416, 3162.0], 'StartTimes': [1621434613.0], 'SubmitTimes': [1621434512.0], 'JobIds': ['65986404.0'], 'EndTimes': [1621437775.0], 'Restarts': 0, 'RecordedSite': True, 'State': 'finished', 'ResidentSetSize': [403952], 'TotalUserCpuTimeHistory': [218], 'SiteHistory': ['Unknown', 'T2_US_MIT', 'T2_US_MIT'], 'TotalSysCpuTimeHistory': [14]}, '16': {'Retries': 0, 'WallDurations': [9.0, 258.51562094688416, 6955.0], 'StartTimes': [1621434616.0], 'SubmitTimes': [1621434512.0], 'JobIds': ['65986402.0'], 'EndTimes': [1621441571.0], 'Restarts': 0, 'RecordedSite': True, 'State': 'finished', 'ResidentSetSize': [468448], 'TotalUserCpuTimeHistory': [625], 'SiteHistory': ['Unknown', 'T2_US_MIT', 'T2_US_MIT'], 'TotalSysCpuTimeHistory': [42]}, '19': {'Retries': 0, 'WallDurations': [9.0, 262.51562094688416, 986.0], 'StartTimes': [1621434612.0], 'SubmitTimes': [1621434512.0], 'JobIds': ['65986405.0'], 'EndTimes': [1621435598.0], 'Restarts': 0, 'RecordedSite': True, 'State': 'finished', 'ResidentSetSize': [345156], 'TotalUserCpuTimeHistory': [91], 'SiteHistory': ['Unknown', 'T2_US_MIT', 'T2_US_MIT'], 'TotalSysCpuTimeHistory': [6]}, '18': {'Retries': 0, 'WallDurations': [8.0, 262.51562094688416, 900.0], 'StartTimes': [1621434612.0], 'SubmitTimes': [1621434512.0], 'JobIds': ['65986403.0'], 'EndTimes': [1621435512.0], 'Restarts': 0, 'RecordedSite': True, 'State': 'finished', 'ResidentSetSize': [344800], 'TotalUserCpuTimeHistory': [90], 'SiteHistory': ['Unknown', 'T2_US_MIT', 'T2_US_MIT'], 'TotalSysCpuTimeHistory': [5]}, '1': {'Retries': 0, 'WallDurations': [9.0, 259.51562094688416, 354.0], 'StartTimes': [1621434615.0], 'SubmitTimes': [1621434509.0], 'JobIds': ['65986387.0'], 'EndTimes': [1621434969.0], 'Restarts': 0, 'RecordedSite': True, 'State': 'finished', 'ResidentSetSize': [329600], 'TotalUserCpuTimeHistory': [20], 'SiteHistory': ['Unknown', 'T2_US_MIT', 'T2_US_MIT'], 'TotalSysCpuTimeHistory': [1]}, '3': {'Retries': 0, 'WallDurations': [8.0, 106.51562094688416, 3528.0], 'StartTimes': [1621434768.0], 'SubmitTimes': [1621434510.0], 'JobIds': ['65986389.0'], 'EndTimes': [1621438296.0], 'Restarts': 0, 'RecordedSite': True, 'State': 'finished', 'ResidentSetSize': [407876], 'TotalUserCpuTimeHistory': [162], 'SiteHistory': ['Unknown', 'T2_US_Caltech', 'T2_US_Caltech'], 'TotalSysCpuTimeHistory': [11]}, '2': {'Retries': 0, 'WallDurations': [9.0, 154.51562094688416, 6490.0], 'StartTimes': [1621434720.0], 'SubmitTimes': [1621434510.0], 'JobIds': ['65986388.0'], 'EndTimes': [1621441210.0], 'Restarts': 0, 'RecordedSite': True, 'State': 'finished', 'ResidentSetSize': [463920], 'TotalUserCpuTimeHistory': [757], 'SiteHistory': ['Unknown', 'T2_US_Nebraska', 'T2_US_Nebraska'], 'TotalSysCpuTimeHistory': [41]}, '5': {'Retries': 0, 'WallDurations': [8.0, 158.51562094688416, 6976.0], 'StartTimes': [1621434716.0], 'SubmitTimes': [1621434510.0], 'JobIds': ['65986391.0'], 'EndTimes': [1621441692.0], 'Restarts': 0, 'RecordedSite': True, 'State': 'finished', 'ResidentSetSize': [531672], 'TotalUserCpuTimeHistory': [680], 'SiteHistory': ['Unknown', 'T2_US_Wisconsin', 'T2_US_Wisconsin'], 'TotalSysCpuTimeHistory': [49]}, '4': {'Retries': 0, 'WallDurations': [9.0, 150.51562094688416, 7108.0], 'StartTimes': [1621434724.0], 'SubmitTimes': [1621434510.0], 'JobIds': ['65986390.0'], 'EndTimes': [1621441832.0], 'Restarts': 0, 'RecordedSite': True, 'State': 'finished', 'ResidentSetSize': [522420], 'TotalUserCpuTimeHistory': [923], 'SiteHistory': ['Unknown', 'T2_US_Nebraska', 'T2_US_Nebraska'], 'TotalSysCpuTimeHistory': [44]}, '7': {'Retries': 0, 'WallDurations': [9.0, 267.51562094688416, 3676.0], 'StartTimes': [1621434607.0], 'SubmitTimes': [1621434510.0], 'JobIds': ['65986393.0'], 'EndTimes': [1621438283.0], 'Restarts': 0, 'RecordedSite': True, 'State': 'finished', 'ResidentSetSize': [424100], 'TotalUserCpuTimeHistory': [345], 'SiteHistory': ['Unknown', 'T2_US_MIT', 'T2_US_MIT'], 'TotalSysCpuTimeHistory': [21]}, '6': {'Retries': 0, 'WallDurations': [8.0, 265.51562094688416, 7406.0], 'StartTimes': [1621434609.0], 'SubmitTimes': [1621434510.0], 'JobIds': ['65986392.0'], 'EndTimes': [1621442015.0], 'Restarts': 0, 'RecordedSite': True, 'State': 'finished', 'ResidentSetSize': [392604], 'TotalUserCpuTimeHistory': [637], 'SiteHistory': ['Unknown', 'T2_US_MIT', 'T2_US_MIT'], 'TotalSysCpuTimeHistory': [41]}, '9': {'Retries': 0, 'WallDurations': [9.0, 266.51562094688416, 5817.0], 'StartTimes': [1621434608.0], 'SubmitTimes': [1621434510.0], 'JobIds': ['65986395.0'], 'EndTimes': [1621440425.0], 'Restarts': 0, 'RecordedSite': True, 'State': 'finished', 'ResidentSetSize': [375256], 'TotalUserCpuTimeHistory': [525], 'SiteHistory': ['Unknown', 'T2_US_MIT', 'T2_US_MIT'], 'TotalSysCpuTimeHistory': [34]}, '20': {'Retries': 0, 'WallDurations': [10.0, 261.51562094688416, 844.0], 'StartTimes': [1621434613.0], 'SubmitTimes': [1621434512.0], 'JobIds': ['65986406.0'], 'EndTimes': [1621435457.0], 'Restarts': 0, 'RecordedSite': True, 'State': 'finished', 'ResidentSetSize': [377304], 'TotalUserCpuTimeHistory': [63], 'SiteHistory': ['Unknown', 'T2_US_MIT', 'T2_US_MIT'], 'TotalSysCpuTimeHistory': [4]}, '8': {'Retries': 0, 'WallDurations': [8.0, 266.51562094688416, 5603.0], 'StartTimes': [1621434608.0], 'SubmitTimes': [1621434510.0], 'JobIds': ['65986394.0'], 'EndTimes': [1621440211.0], 'Restarts': 0, 'RecordedSite': True, 'State': 'finished', 'ResidentSetSize': [464504], 'TotalUserCpuTimeHistory': [634], 'SiteHistory': ['Unknown', 'T2_US_MIT', 'T2_US_MIT'], 'TotalSysCpuTimeHistory': [40]}}
INFO 2021-05-20 05:18:58.936 UTC: 	 Status on the scheduler:	COMPLETED
INFO 2021-05-20 05:18:58.936 UTC: 	 
Jobs status:                    finished     		100.0% (20/20)
INFO 2021-05-20 05:18:58.937 UTC: 	 
No publication information (publication has been disabled in the CRAB configuration file)
INFO 2021-05-20 05:18:58.937 UTC: 	 
Warning: the max jobs runtime is less than 30% of the task requested value (1250 min), please consider to request a lower value for failed jobs (allowed through crab resubmit) and/or improve the jobs splitting (e.g. config.Data.splitting = 'Automatic') in a new task.
INFO 2021-05-20 05:18:58.937 UTC: 	 
Warning: the average jobs CPU efficiency is less than 50%, please consider to improve the jobs splitting (e.g. config.Data.splitting = 'Automatic') in a new task
INFO 2021-05-20 05:18:58.937 UTC: 	 
Summary of run jobs:
 * Memory: 321MB min, 519MB max, 415MB ave
 * Runtime: 0:05:54 min, 2:03:26 max, 1:21:57 ave
 * CPU eff: 5% min, 14% max, 10% ave
 * Waste: 1:22:19 (5% of total)

INFO 2021-05-20 05:18:58.950 UTC: 	 Log file is /afs/cern.ch/work/y/yian/work/GZ/CMSSW_10_6_20/src/PhysicsTools/NanoAODTools/WWG/2018/fakephoton_crab/crab2018/crab_WGToLNuG_01J_5f_PDFWeights_TuneCP5_13TeV-amcatnloFXFX-pythia8_2018/crab.log
