DEBUG 2021-11-17 17:00:42.757 UTC: 	 CRAB Client version: v3.210825
DEBUG 2021-11-17 17:00:42.757 UTC: 	 Running on: Linux lxplus722.cern.ch 3.10.0-1160.45.1.el7.x86_64 #1 SMP Wed Oct 13 17:20:51 UTC 2021 x86_64 x86_64 x86_64 GNU/Linux - CentOS Linux 7 (Core)
DEBUG 2021-11-17 17:00:42.757 UTC: 	 Executing command: 'submit'
DEBUG 2021-11-17 17:00:42.760 UTC: 	 Found CRAB cache file /afs/cern.ch/user/y/yian/.crab3
INFO 2021-11-17 17:00:42.762 UTC: 	 Will use CRAB configuration file crabcode_2016/WJetsToLNu_TuneCP5_13TeV-madgraphMLM-pythia8_2016_cfg.py
DEBUG 2021-11-17 17:00:42.762 UTC: 	 Loading CRAB configuration file.
DEBUG 2021-11-17 17:00:42.769 UTC: 	 Will use CRAB Analysis plugin (i.e. will run an analysis job type).
DEBUG 2021-11-17 17:00:42.846 UTC: 	 Checking credentials
DEBUG 2021-11-17 17:00:42.847 UTC: 	 Found proxy file /tmp/x509up_u110046
DEBUG 2021-11-17 17:00:42.847 UTC: 	 Getting proxy life time left
DEBUG 2021-11-17 17:00:43.552 UTC: 	 Executing : 
 command : voms-proxy-info -file /tmp/x509up_u110046 -timeleft
 output : 595109

 error: 
 retcode : 0
DEBUG 2021-11-17 17:00:44.259 UTC: 	 Executing : 
 command : voms-proxy-info -file /tmp/x509up_u110046 -actimeleft
 output : 595108

 error: 
 retcode : 0
DEBUG 2021-11-17 17:00:44.260 UTC: 	 Proxy lifetime 595109 secs is different from voms extension lifetime 595108 secs for proxy: /tmp/x509up_u110046
DEBUG 2021-11-17 17:00:44.260 UTC: 	 Proxy valid for 165:18:28 hours
DEBUG 2021-11-17 17:00:44.969 UTC: 	 Executing : 
 command : env X509_USER_PROXY=/tmp/x509up_u110046 voms-proxy-info -fqan
 output : /cms/Role=NULL/Capability=NULL

 error: 
 retcode : 0
DEBUG 2021-11-17 17:00:45.090 UTC: 	 Registering user credentials for server /DC=ch/DC=cern/OU=computers/CN=crab-(preprod|prod|dev)-tw(02|01).cern.ch|/DC=ch/DC=cern/OU=computers/CN=stefanov(m|m2).cern.ch|/DC=ch/DC=cern/OU=computers/CN=dciangot-tw.cern.ch
DEBUG 2021-11-17 17:00:45.815 UTC: 	 Executing : 
 command : voms-proxy-info -file /tmp/x509up_u110046 -identity
 output : /DC=ch/DC=cern/OU=Organic Units/OU=Users/CN=yian/CN=826694/CN=Ying An

 error: 
 retcode : 0
DEBUG 2021-11-17 17:00:45.823 UTC: 	 Getting myproxy life time left for myproxy.cern.ch
DEBUG 2021-11-17 17:00:45.824 UTC: 	 using b52ac606a6f7097e9b4b8f05a3a67cc69f8f291b as credential login name
DEBUG 2021-11-17 17:00:46.229 UTC: 	 Executing : 
 command : myproxy-info -l b52ac606a6f7097e9b4b8f05a3a67cc69f8f291b -s myproxy.cern.ch
 output : username: b52ac606a6f7097e9b4b8f05a3a67cc69f8f291b
owner: /DC=ch/DC=cern/OU=Organic Units/OU=Users/CN=yian/CN=826694/CN=Ying An
  renewal policy: /DC=ch/DC=cern/OU=computers/CN=crab-(preprod|prod|dev)-tw(02|01).cern.ch|/DC=ch/DC=cern/OU=computers/CN=stefanov(m|m2).cern.ch|/DC=ch/DC=cern/OU=computers/CN=dciangot-tw.cern.ch
  trusted retrieval policy: /DC=ch/DC=cern/OU=computers/CN=crab-(preprod|prod|dev)-tw(02|01).cern.ch|/DC=ch/DC=cern/OU=computers/CN=stefanov(m|m2).cern.ch|/DC=ch/DC=cern/OU=computers/CN=dciangot-tw.cern.ch
  timeleft: 495:49:44  (20.7 days)

 error: 
 retcode : 0
DEBUG 2021-11-17 17:00:46.230 UTC: 	 Myproxy is valid: 1784984
DEBUG 2021-11-17 17:00:46.231 UTC: 	 Retrieving username ...
DEBUG 2021-11-17 17:00:46.231 UTC: 	 Retrieving username from CRIC...
DEBUG 2021-11-17 17:00:47.073 UTC: 	 username is yian
DEBUG 2021-11-17 17:00:47.080 UTC: 	 Getting myproxy life time left for myproxy.cern.ch
DEBUG 2021-11-17 17:00:47.081 UTC: 	 using yian_CRAB as credential login name
DEBUG 2021-11-17 17:00:47.386 UTC: 	 Executing : 
 command : myproxy-info -l yian_CRAB -s myproxy.cern.ch
 output : username: yian_CRAB
owner: /DC=ch/DC=cern/OU=Organic Units/OU=Users/CN=yian/CN=826694/CN=Ying An
  renewal policy: /DC=ch/DC=cern/OU=computers/CN=crab-(preprod|prod|dev)-tw(02|01).cern.ch|/DC=ch/DC=cern/OU=computers/CN=stefanov(m|m2).cern.ch|/DC=ch/DC=cern/OU=computers/CN=dciangot-tw.cern.ch
  trusted retrieval policy: /DC=ch/DC=cern/OU=computers/CN=crab-(preprod|prod|dev)-tw(02|01).cern.ch|/DC=ch/DC=cern/OU=computers/CN=stefanov(m|m2).cern.ch|/DC=ch/DC=cern/OU=computers/CN=dciangot-tw.cern.ch
  timeleft: 495:49:49  (20.7 days)

 error: 
 retcode : 0
DEBUG 2021-11-17 17:00:47.387 UTC: 	 Myproxy is valid: 1784989
DEBUG 2021-11-17 17:00:47.387 UTC: 	 Result of myproxy credential check:
  Credential exists on myproxy: username: b52ac606a6f7097e9b4b8f05a3a67cc69f8f291b  - validity: 20 days, 15:49:44
  Credential exists on myproxy: username: yian_CRAB  - validity: 20 days, 15:49:49
DEBUG 2021-11-17 17:00:47.387 UTC: 	 Command use: submit
DEBUG 2021-11-17 17:00:47.387 UTC: 	 Options use: ['-c', 'crabcode_2016/WJetsToLNu_TuneCP5_13TeV-madgraphMLM-pythia8_2016_cfg.py']
DEBUG 2021-11-17 17:00:47.470 UTC: 	 CRABClient version: v3.210825
DEBUG 2021-11-17 17:00:47.470 UTC: 	 Instance is prod
DEBUG 2021-11-17 17:00:47.470 UTC: 	 Server base url is cmsweb.cern.ch
DEBUG 2021-11-17 17:00:47.470 UTC: 	 Command api workflow
DEBUG 2021-11-17 17:00:47.471 UTC: 	 Started submission
DEBUG 2021-11-17 17:00:47.471 UTC: 	 Working on /afs/cern.ch/work/y/yian/work/GZ/CMSSW_10_6_20/src/PhysicsTools/NanoAODTools/WWG/2016post/crab/crab2016/crab_WJetsToLNu_TuneCP5_13TeV-madgraphMLM-pythia8_2016
DEBUG 2021-11-17 17:00:47.657 UTC: 	 Loading required information from the environment
DEBUG 2021-11-17 17:00:47.657 UTC: 	 Found CMSSW_10_6_20 for slc7_amd64_gcc820 with base /afs/cern.ch/work/y/yian/work/GZ/CMSSW_10_6_20
DEBUG 2021-11-17 17:00:47.657 UTC: 	 Loading required information from the environment
DEBUG 2021-11-17 17:00:47.657 UTC: 	 Found CMSSW_10_6_20 for slc7_amd64_gcc820 with base /afs/cern.ch/work/y/yian/work/GZ/CMSSW_10_6_20
DEBUG 2021-11-17 17:00:47.657 UTC: 	 UNIQUE NAME: tarUUID f000fdcc-6031-4b51-aa5f-97e47f5cfa1d 
DEBUG 2021-11-17 17:00:47.657 UTC: 	 self.config: from WMCore.Configuration import Configuration
config = Configuration()
config.section_('General')
config.General.workArea = 'crab2016'
config.General.transferLogs = False
config.General.requestName = 'WJetsToLNu_TuneCP5_13TeV-madgraphMLM-pythia8_2016'
config.section_('JobType')
config.JobType.scriptArgs = ['isdata=MC', 'year=2016', 'era=B']
config.JobType.scriptExe = './WWG_crab_script.sh'
config.JobType.pluginName = 'Analysis'
config.JobType.sendPythonFolder = True
config.JobType.allowUndistributedCMSSW = True
config.JobType.psetName = 'PSet.py'
config.JobType.inputFiles = ['../../../scripts/haddnano.py', '../WWG_selector/WWG_postproc.py', '../WWG_selector/WWG_Module.py', '../WWG_selector/WWG_keep_and_drop.txt', '../WWG_selector/WWG_output_branch.txt', '../WWG_selector/DAS_filesearch.py']
config.section_('Data')
config.Data.inputDataset = '/WJetsToLNu_TuneCP5_13TeV-madgraphMLM-pythia8/RunIISummer20UL16NanoAODv9-106X_mcRun2_asymptotic_v17-v1/NANOAODSIM'
config.Data.allowNonValidInputDataset = True
config.Data.publication = False
config.Data.unitsPerJob = 1
config.Data.ignoreLocality = True
config.Data.inputDBS = 'global'
config.Data.splitting = 'FileBased'
config.Data.outputDatasetTag = 'WJetsToLNu_TuneCP5_13TeV-madgraphMLM-pythia8_2016'
config.section_('Site')
config.Site.whitelist = ['T2_US_MIT', 'T2_US_Wisconsin', 'T2_US_Purdue', 'T2_US_UCSD', 'T2_US_Caltech', 'T2_US_Nebraska']
config.Site.storageSite = 'T3_CH_CERNBOX'

DEBUG 2021-11-17 17:00:47.657 UTC: 	 self.config.JobType.psetName: PSet.py
INFO 2021-11-17 17:00:47.658 UTC: 	 Importing CMSSW configuration PSet.py
INFO 2021-11-17 17:00:48.071 UTC: 	 Finished importing CMSSW configuration PSet.py
DEBUG 2021-11-17 17:00:48.072 UTC: 	 Writing CMSSW configuration to /afs/cern.ch/work/y/yian/work/GZ/CMSSW_10_6_20/src/PhysicsTools/NanoAODTools/WWG/2016post/crab/crab2016/crab_WJetsToLNu_TuneCP5_13TeV-madgraphMLM-pythia8_2016/inputs/PSet.py
DEBUG 2021-11-17 17:00:48.083 UTC: 	 The following EDM output files will be collected: ['tree.root']
DEBUG 2021-11-17 17:00:48.083 UTC: 	 The following TFile output files will be collected: []
DEBUG 2021-11-17 17:00:48.083 UTC: 	 The following user output files (not listed as PoolOuputModule or TFileService in the CMSSW PSet) will be collected: 
DEBUG 2021-11-17 17:00:48.083 UTC: 	 Loading required information from the environment
DEBUG 2021-11-17 17:00:48.083 UTC: 	 Found CMSSW_10_6_20 for slc7_amd64_gcc820 with base /afs/cern.ch/work/y/yian/work/GZ/CMSSW_10_6_20
DEBUG 2021-11-17 17:00:48.083 UTC: 	 Making tarball in /afs/cern.ch/work/y/yian/work/GZ/CMSSW_10_6_20/src/PhysicsTools/NanoAODTools/WWG/2016post/crab/crab2016/crab_WJetsToLNu_TuneCP5_13TeV-madgraphMLM-pythia8_2016/inputs/f000fdcc-6031-4b51-aa5f-97e47f5cfa1ddefault.tgz
DEBUG 2021-11-17 17:00:48.084 UTC: 	 Checking directory /afs/cern.ch/work/y/yian/work/GZ/CMSSW_10_6_20/lib
DEBUG 2021-11-17 17:00:48.084 UTC: 	 Adding directory /afs/cern.ch/work/y/yian/work/GZ/CMSSW_10_6_20/lib to tarball
DEBUG 2021-11-17 17:00:48.214 UTC: 	 Checking directory /afs/cern.ch/work/y/yian/work/GZ/CMSSW_10_6_20/biglib
DEBUG 2021-11-17 17:00:48.215 UTC: 	 Adding directory /afs/cern.ch/work/y/yian/work/GZ/CMSSW_10_6_20/biglib to tarball
DEBUG 2021-11-17 17:00:48.215 UTC: 	 Checking directory /afs/cern.ch/work/y/yian/work/GZ/CMSSW_10_6_20/module
DEBUG 2021-11-17 17:00:48.215 UTC: 	 Checking directory /afs/cern.ch/work/y/yian/work/GZ/CMSSW_10_6_20/python
DEBUG 2021-11-17 17:00:48.215 UTC: 	 Adding directory /afs/cern.ch/work/y/yian/work/GZ/CMSSW_10_6_20/python to tarball
DEBUG 2021-11-17 17:00:50.764 UTC: 	 Checking directory /afs/cern.ch/work/y/yian/work/GZ/CMSSW_10_6_20/cfipython
DEBUG 2021-11-17 17:00:50.764 UTC: 	 Adding directory /afs/cern.ch/work/y/yian/work/GZ/CMSSW_10_6_20/cfipython to tarball
DEBUG 2021-11-17 17:00:51.565 UTC: 	 Adding data directory /afs/cern.ch/work/y/yian/work/GZ/CMSSW_10_6_20/src/PhysicsTools/NanoAODTools/data to tarball
DEBUG 2021-11-17 17:01:12.773 UTC: 	 Adding data directory /afs/cern.ch/work/y/yian/work/GZ/CMSSW_10_6_20/src/PhysicsTools/NanoAODTools/interface to tarball
DEBUG 2021-11-17 17:01:12.778 UTC: 	 Adding data directory /afs/cern.ch/work/y/yian/work/GZ/CMSSW_10_6_20/src/PhysicsTools/NanoAODTools/python/postprocessing/data to tarball
DEBUG 2021-11-17 17:01:15.244 UTC: 	 Adding file ../../../scripts/haddnano.py to tarball
DEBUG 2021-11-17 17:01:15.245 UTC: 	 Adding file ../WWG_selector/WWG_postproc.py to tarball
DEBUG 2021-11-17 17:01:15.246 UTC: 	 Adding file ../WWG_selector/WWG_Module.py to tarball
DEBUG 2021-11-17 17:01:15.246 UTC: 	 Adding file ../WWG_selector/WWG_keep_and_drop.txt to tarball
DEBUG 2021-11-17 17:01:15.247 UTC: 	 Adding file ../WWG_selector/WWG_output_branch.txt to tarball
DEBUG 2021-11-17 17:01:15.247 UTC: 	 Adding file ../WWG_selector/DAS_filesearch.py to tarball
DEBUG 2021-11-17 17:01:23.122 UTC: 	 Uploading archive /afs/cern.ch/work/y/yian/work/GZ/CMSSW_10_6_20/src/PhysicsTools/NanoAODTools/WWG/2016post/crab/crab2016/crab_WJetsToLNu_TuneCP5_13TeV-madgraphMLM-pythia8_2016/inputs/f000fdcc-6031-4b51-aa5f-97e47f5cfa1ddefault.tgz (94 MB) to the CRAB cache. Using URI https://cmsweb.cern.ch/S3/crabcache_prod
DEBUG 2021-11-17 17:01:47.415 UTC: 	 sandbox bd736a0ca49dfa0dfab96903bb1581d6622ba6889f2fdcbb1b931bf047ceb81a.tar.gz is already in the S3 store, will not upload again
DEBUG 2021-11-17 17:01:47.415 UTC: 	 Loading required information from the environment
DEBUG 2021-11-17 17:01:47.415 UTC: 	 Found CMSSW_10_6_20 for slc7_amd64_gcc820 with base /afs/cern.ch/work/y/yian/work/GZ/CMSSW_10_6_20
DEBUG 2021-11-17 17:01:47.415 UTC: 	 Making tarball in /afs/cern.ch/work/y/yian/work/GZ/CMSSW_10_6_20/src/PhysicsTools/NanoAODTools/WWG/2016post/crab/crab2016/crab_WJetsToLNu_TuneCP5_13TeV-madgraphMLM-pythia8_2016/inputs/debugFiles.tgz
DEBUG 2021-11-17 17:01:47.456 UTC: 	 Uploading archive /afs/cern.ch/work/y/yian/work/GZ/CMSSW_10_6_20/src/PhysicsTools/NanoAODTools/WWG/2016post/crab/crab2016/crab_WJetsToLNu_TuneCP5_13TeV-madgraphMLM-pythia8_2016/inputs/debugFiles.tgz (1 KB) to the CRAB cache. Using URI https://cmsweb.cern.ch/S3/crabcache_prod
DEBUG 2021-11-17 17:01:47.525 UTC: 	 Will execute:
curl -f -v -X POST  -H "User-Agent: CRAB" -F "key=yian/sandboxes/9dd73d3da3efc189ee069c8eccd69e0cac016a47a9fcb72b3009962a5bbe72c5.tar.gz" -F "AWSAccessKeyId=ab00fcc889f248c495d2875f15a3badb" -F "policy=eyJjb25kaXRpb25zIjogW3siYnVja2V0IjogImNyYWJjYWNoZV9wcm9kIn0sIHsia2V5IjogInlpYW4vc2FuZGJveGVzLzlkZDczZDNkYTNlZmMxODllZTA2OWM4ZWNjZDY5ZTBjYWMwMTZhNDdhOWZjYjcyYjMwMDk5NjJhNWJiZTcyYzUudGFyLmd6In1dLCAiZXhwaXJhdGlvbiI6ICIyMDIxLTExLTE3VDE4OjAxOjQ3WiJ9" -F "signature=1bQQ7gJL9cftD8CRRfjDYPyv6MQ=" -F "file=@/afs/cern.ch/work/y/yian/work/GZ/CMSSW_10_6_20/src/PhysicsTools/NanoAODTools/WWG/2016post/crab/crab2016/crab_WJetsToLNu_TuneCP5_13TeV-madgraphMLM-pythia8_2016/inputs/debugFiles.tgz" "https://s3.cern.ch/crabcache_prod"
DEBUG 2021-11-17 17:01:48.613 UTC: 	 exitcode: 0
stdout: 
stderr: Note: Unnecessary use of -X or --request, POST is already inferred.
  % Total    % Received % Xferd  Average Speed   Time    Time     Time  Current
                                 Dload  Upload   Total   Spent    Left  Speed
  0     0    0     0    0     0      0      0 --:--:-- --:--:-- --:--:--     0*   Trying 2001:1458:d00:18::1ee...
* TCP_NODELAY set
* Connected to s3.cern.ch (2001:1458:d00:18::1ee) port 443 (#0)
* ALPN, offering http/1.1
* Cipher selection: ALL:!EXPORT:!EXPORT40:!EXPORT56:!aNULL:!LOW:!RC4:@STRENGTH
* successfully set certificate verify locations:
  CAfile: /etc/pki/tls/certs/ca-bundle.crt
  CApath: none
* TLSv1.2 (OUT), TLS header, Certificate Status (22):
} [5 bytes data]
* TLSv1.2 (OUT), TLS handshake, Client hello (1):
} [512 bytes data]
* TLSv1.2 (IN), TLS handshake, Server hello (2):
{ [70 bytes data]
* TLSv1.2 (IN), TLS handshake, Certificate (11):
{ [4780 bytes data]
* TLSv1.2 (IN), TLS handshake, Server key exchange (12):
{ [333 bytes data]
* TLSv1.2 (IN), TLS handshake, Server finished (14):
{ [4 bytes data]
* TLSv1.2 (OUT), TLS handshake, Client key exchange (16):
} [70 bytes data]
* TLSv1.2 (OUT), TLS change cipher, Client hello (1):
} [1 bytes data]
* TLSv1.2 (OUT), TLS handshake, Finished (20):
} [16 bytes data]
* TLSv1.2 (IN), TLS change cipher, Client hello (1):
{ [1 bytes data]
* TLSv1.2 (IN), TLS handshake, Finished (20):
{ [16 bytes data]
* SSL connection using TLSv1.2 / ECDHE-RSA-AES128-GCM-SHA256
* ALPN, server accepted to use http/1.1
* Server certificate:
*  subject: C=CH; ST=Genève; L=Meyrin; O=Organisation européenne pour la Recherche nucléaire (CERN); CN=*.s3.cern.ch
*  start date: Mar 10 00:00:00 2021 GMT
*  expire date: Mar 10 23:59:59 2022 GMT
*  subjectAltName: host "s3.cern.ch" matched cert's "s3.cern.ch"
*  issuer: C=GB; ST=Greater Manchester; L=Salford; O=Sectigo Limited; CN=Sectigo RSA Organization Validation Secure Server CA
*  SSL certificate verify ok.
} [5 bytes data]
> POST /crabcache_prod HTTP/1.1
> Host: s3.cern.ch
> Accept: */*
> User-Agent: CRAB
> Content-Length: 2773
> Content-Type: multipart/form-data; boundary=------------------------44503da68a49d62b
> Expect: 100-continue
> 
* Done waiting for 100-continue
  0  2773    0     0    0     0      0      0 --:--:--  0:00:01 --:--:--     0} [5 bytes data]
< HTTP/1.1 100 Continue
{ [5 bytes data]
< HTTP/1.1 204 No Content
< Accept-Ranges: bytes
< Bucket: crabcache_prod
< Date: Wed, 17 Nov 2021 17:01:48 GMT
< X-Amz-Request-Id: tx00000000000000387ea65-006195357b-228d995f-default
< 
100  2773    0     0  100  2773      0   2676  0:00:01  0:00:01 --:--:--  2676
* Connection #0 to host s3.cern.ch left intact

DEBUG 2021-11-17 17:01:48.613 UTC: 	 sandbox /afs/cern.ch/work/y/yian/work/GZ/CMSSW_10_6_20/src/PhysicsTools/NanoAODTools/WWG/2016post/crab/crab2016/crab_WJetsToLNu_TuneCP5_13TeV-madgraphMLM-pythia8_2016/inputs/debugFiles.tgz successully uploaded to S3
DEBUG 2021-11-17 17:01:48.613 UTC: 	 Result uploading input files: bd736a0ca49dfa0dfab96903bb1581d6622ba6889f2fdcbb1b931bf047ceb81a.tar.gz 
INFO 2021-11-17 17:01:48.614 UTC: 	 Sending the request to the server at cmsweb.cern.ch
DEBUG 2021-11-17 17:01:48.614 UTC: 	 Submitting {'maxjobruntime': 1250, 'extrajdl': [], 'ignorelocality': 1, 'savelogsflag': 0, 'useparent': 0, 'scriptexe': 'WWG_crab_script.sh', 'asyncdest': 'T3_CH_CERNBOX', 'algoargs': 1, 'cachefilename': 'bd736a0ca49dfa0dfab96903bb1581d6622ba6889f2fdcbb1b931bf047ceb81a.tar.gz', 'numcores': 1, 'addoutputfiles': [], 'generator': 'pythia', 'maxmemory': 2000, 'publishdbsurl': 'https://cmsweb.cern.ch/dbs/prod/phys03/DBSWriter', 'priority': 10, 'jobsw': 'CMSSW_10_6_20', 'edmoutfiles': ['tree.root'], 'userfiles': [], 'primarydataset': '', 'inputdata': '/WJetsToLNu_TuneCP5_13TeV-madgraphMLM-pythia8/RunIISummer20UL16NanoAODv9-106X_mcRun2_asymptotic_v17-v1/NANOAODSIM', 'dryrun': 0, 'workflow': 'crab_WJetsToLNu_TuneCP5_13TeV-madgraphMLM-pythia8_2016', 'scriptargs': ['isdata=MC', 'year=2016', 'era=B'], 'sitewhitelist': ['T2_US_MIT', 'T2_US_Wisconsin', 'T2_US_Purdue', 'T2_US_UCSD', 'T2_US_Caltech', 'T2_US_Nebraska'], 'nonprodsw': 1, 'tfileoutfiles': [], 'oneEventMode': 0, 'debugfilename': '9dd73d3da3efc189ee069c8eccd69e0cac016a47a9fcb72b3009962a5bbe72c5.tar.gz', 'cacheurl': u'https://cmsweb.cern.ch/S3/crabcache_prod', 'saveoutput': 1, 'publication': 0, 'jobarch': 'slc7_amd64_gcc820', 'totalunits': 0, 'splitalgo': 'FileBased', 'ignoreglobalblacklist': 0, 'nonvaliddata': 1, 'dbsurl': 'https://cmsweb.cern.ch/dbs/prod/global/DBSReader', 'publishgroupname': 0, 'jobtype': 'Analysis', 'publishname2': 'WJetsToLNu_TuneCP5_13TeV-madgraphMLM-pythia8_2016'} 
DEBUG 2021-11-17 17:01:48.614 UTC: 	 Encoded submit request: maxjobruntime=1250&ignorelocality=1&savelogsflag=0&useparent=0&scriptexe=WWG_crab_script.sh&asyncdest=T3_CH_CERNBOX&algoargs=1&cachefilename=bd736a0ca49dfa0dfab96903bb1581d6622ba6889f2fdcbb1b931bf047ceb81a.tar.gz&numcores=1&generator=pythia&maxmemory=2000&publishdbsurl=https%3A%2F%2Fcmsweb.cern.ch%2Fdbs%2Fprod%2Fphys03%2FDBSWriter&priority=10&jobsw=CMSSW_10_6_20&primarydataset=&inputdata=%2FWJetsToLNu_TuneCP5_13TeV-madgraphMLM-pythia8%2FRunIISummer20UL16NanoAODv9-106X_mcRun2_asymptotic_v17-v1%2FNANOAODSIM&dryrun=0&workflow=crab_WJetsToLNu_TuneCP5_13TeV-madgraphMLM-pythia8_2016&nonprodsw=1&oneEventMode=0&debugfilename=9dd73d3da3efc189ee069c8eccd69e0cac016a47a9fcb72b3009962a5bbe72c5.tar.gz&cacheurl=https%3A%2F%2Fcmsweb.cern.ch%2FS3%2Fcrabcache_prod&saveoutput=1&publication=0&jobarch=slc7_amd64_gcc820&totalunits=0&splitalgo=FileBased&ignoreglobalblacklist=0&nonvaliddata=1&dbsurl=https%3A%2F%2Fcmsweb.cern.ch%2Fdbs%2Fprod%2Fglobal%2FDBSReader&publishgroupname=0&jobtype=Analysis&publishname2=WJetsToLNu_TuneCP5_13TeV-madgraphMLM-pythia8_2016&sitewhitelist=T2_US_MIT&sitewhitelist=T2_US_Wisconsin&sitewhitelist=T2_US_Purdue&sitewhitelist=T2_US_UCSD&sitewhitelist=T2_US_Caltech&sitewhitelist=T2_US_Nebraska&edmoutfiles=tree.root&scriptargs=isdata%3DMC&scriptargs=year%3D2016&scriptargs=era%3DB
DEBUG 2021-11-17 17:01:48.677 UTC: 	 Result: {u'result': [{u'RequestName': u'211117_170148:yian_crab_WJetsToLNu_TuneCP5_13TeV-madgraphMLM-pythia8_2016'}]}
INFO 2021-11-17 17:01:48.681 UTC: 	 Success: Your task has been delivered to the prod CRAB3 server.
INFO 2021-11-17 17:01:48.681 UTC: 	 Task name: 211117_170148:yian_crab_WJetsToLNu_TuneCP5_13TeV-madgraphMLM-pythia8_2016
INFO 2021-11-17 17:01:48.681 UTC: 	 Project dir: crab2016/crab_WJetsToLNu_TuneCP5_13TeV-madgraphMLM-pythia8_2016
INFO 2021-11-17 17:01:48.682 UTC: 	 Please use ' crab status -d crab2016/crab_WJetsToLNu_TuneCP5_13TeV-madgraphMLM-pythia8_2016 ' to check how the submission process proceeds.
DEBUG 2021-11-17 17:01:48.682 UTC: 	 About to return
INFO 2021-11-17 17:01:48.685 UTC: 	 Log file is /afs/cern.ch/work/y/yian/work/GZ/CMSSW_10_6_20/src/PhysicsTools/NanoAODTools/WWG/2016post/crab/crab2016/crab_WJetsToLNu_TuneCP5_13TeV-madgraphMLM-pythia8_2016/crab.log
DEBUG 2021-11-18 09:22:00.530 UTC: 	 CRAB Client version: v3.210825
DEBUG 2021-11-18 09:22:00.530 UTC: 	 Running on: Linux lxplus794.cern.ch 3.10.0-1160.45.1.el7.x86_64 #1 SMP Wed Oct 13 17:20:51 UTC 2021 x86_64 x86_64 x86_64 GNU/Linux - CentOS Linux 7 (Core)
DEBUG 2021-11-18 09:22:00.530 UTC: 	 Executing command: 'status'
DEBUG 2021-11-18 09:22:00.530 UTC: 	 Found CRAB cache file /afs/cern.ch/user/y/yian/.crab3
DEBUG 2021-11-18 09:22:00.607 UTC: 	 Checking credentials
DEBUG 2021-11-18 09:22:00.608 UTC: 	 Found proxy file /tmp/x509up_u110046
DEBUG 2021-11-18 09:22:00.608 UTC: 	 Getting proxy life time left
DEBUG 2021-11-18 09:22:01.313 UTC: 	 Executing : 
 command : voms-proxy-info -file /tmp/x509up_u110046 -timeleft
 output : 595275

 error: 
 retcode : 0
DEBUG 2021-11-18 09:22:01.919 UTC: 	 Executing : 
 command : voms-proxy-info -file /tmp/x509up_u110046 -actimeleft
 output : 595275

 error: 
 retcode : 0
DEBUG 2021-11-18 09:22:01.919 UTC: 	 Proxy valid for 165:21:15 hours
DEBUG 2021-11-18 09:22:02.052 UTC: 	 Registering user credentials for server /DC=ch/DC=cern/OU=computers/CN=crab-(preprod|prod|dev)-tw(02|01).cern.ch|/DC=ch/DC=cern/OU=computers/CN=stefanov(m|m2).cern.ch|/DC=ch/DC=cern/OU=computers/CN=dciangot-tw.cern.ch
DEBUG 2021-11-18 09:22:02.766 UTC: 	 Executing : 
 command : voms-proxy-info -file /tmp/x509up_u110046 -identity
 output : /DC=ch/DC=cern/OU=Organic Units/OU=Users/CN=yian/CN=826694/CN=Ying An

 error: 
 retcode : 0
DEBUG 2021-11-18 09:22:02.773 UTC: 	 Getting myproxy life time left for myproxy.cern.ch
DEBUG 2021-11-18 09:22:02.774 UTC: 	 using b52ac606a6f7097e9b4b8f05a3a67cc69f8f291b as credential login name
DEBUG 2021-11-18 09:22:03.182 UTC: 	 Executing : 
 command : myproxy-info -l b52ac606a6f7097e9b4b8f05a3a67cc69f8f291b -s myproxy.cern.ch
 output : username: b52ac606a6f7097e9b4b8f05a3a67cc69f8f291b
owner: /DC=ch/DC=cern/OU=Organic Units/OU=Users/CN=yian/CN=826694/CN=Ying An
  renewal policy: /DC=ch/DC=cern/OU=computers/CN=crab-(preprod|prod|dev)-tw(02|01).cern.ch|/DC=ch/DC=cern/OU=computers/CN=stefanov(m|m2).cern.ch|/DC=ch/DC=cern/OU=computers/CN=dciangot-tw.cern.ch
  trusted retrieval policy: /DC=ch/DC=cern/OU=computers/CN=crab-(preprod|prod|dev)-tw(02|01).cern.ch|/DC=ch/DC=cern/OU=computers/CN=stefanov(m|m2).cern.ch|/DC=ch/DC=cern/OU=computers/CN=dciangot-tw.cern.ch
  timeleft: 479:28:27  (20.0 days)

 error: 
 retcode : 0
DEBUG 2021-11-18 09:22:03.183 UTC: 	 Myproxy is valid: 1726107
DEBUG 2021-11-18 09:22:03.183 UTC: 	 Retrieving username ...
DEBUG 2021-11-18 09:22:03.183 UTC: 	 Retrieving username from CRIC...
DEBUG 2021-11-18 09:22:03.983 UTC: 	 username is yian
DEBUG 2021-11-18 09:22:03.990 UTC: 	 Getting myproxy life time left for myproxy.cern.ch
DEBUG 2021-11-18 09:22:03.991 UTC: 	 using yian_CRAB as credential login name
DEBUG 2021-11-18 09:22:04.295 UTC: 	 Executing : 
 command : myproxy-info -l yian_CRAB -s myproxy.cern.ch
 output : username: yian_CRAB
owner: /DC=ch/DC=cern/OU=Organic Units/OU=Users/CN=yian/CN=826694/CN=Ying An
  renewal policy: /DC=ch/DC=cern/OU=computers/CN=crab-(preprod|prod|dev)-tw(02|01).cern.ch|/DC=ch/DC=cern/OU=computers/CN=stefanov(m|m2).cern.ch|/DC=ch/DC=cern/OU=computers/CN=dciangot-tw.cern.ch
  trusted retrieval policy: /DC=ch/DC=cern/OU=computers/CN=crab-(preprod|prod|dev)-tw(02|01).cern.ch|/DC=ch/DC=cern/OU=computers/CN=stefanov(m|m2).cern.ch|/DC=ch/DC=cern/OU=computers/CN=dciangot-tw.cern.ch
  timeleft: 479:28:32  (20.0 days)

 error: 
 retcode : 0
DEBUG 2021-11-18 09:22:04.296 UTC: 	 Myproxy is valid: 1726112
DEBUG 2021-11-18 09:22:04.296 UTC: 	 Result of myproxy credential check:
  Credential exists on myproxy: username: b52ac606a6f7097e9b4b8f05a3a67cc69f8f291b  - validity: 19 days, 23:28:27
  Credential exists on myproxy: username: yian_CRAB  - validity: 19 days, 23:28:32
DEBUG 2021-11-18 09:22:04.297 UTC: 	 Command use: status
DEBUG 2021-11-18 09:22:04.297 UTC: 	 Options use: ['-d', 'crab2016/crab_WJetsToLNu_TuneCP5_13TeV-madgraphMLM-pythia8_2016']
DEBUG 2021-11-18 09:22:04.378 UTC: 	 CRABClient version: v3.210825
DEBUG 2021-11-18 09:22:04.378 UTC: 	 Instance is prod
DEBUG 2021-11-18 09:22:04.378 UTC: 	 Server base url is cmsweb.cern.ch
DEBUG 2021-11-18 09:22:04.378 UTC: 	 Command api workflow
DEBUG 2021-11-18 09:22:04.513 UTC: 	 Got information from server oracle database: {u'result': [u'211117_170148:yian_crab_WJetsToLNu_TuneCP5_13TeV-madgraphMLM-pythia8_2016', u'None', u'None', u'SUBMITTED', u'SUBMIT', u'2021-11-17 17:01:48.668966', u'None', u'2021-11-17 17:02:58.780075', u'None', u'CMSSW_10_6_20', u'slc7_amd64_gcc820', u'/WJetsToLNu_TuneCP5_13TeV-madgraphMLM-pythia8/RunIISummer20UL16NanoAODv9-106X_mcRun2_asymptotic_v17-v1/NANOAODSIM', u'T', u'0', u"[u'T2_US_UCSD', u'T2_US_Wisconsin', u'T2_US_MIT', u'T2_US_Caltech', u'T2_US_Purdue', u'T2_US_Nebraska']", u'[]', u'FileBased', u"{'splitOnRun': False, 'halt_job_on_file_boundaries': False, 'files_per_job': 1, 'runs': [], 'lumis': []}", u'bd736a0ca49dfa0dfab96903bb1581d6622ba6889f2fdcbb1b931bf047ceb81a.tar.gz', u'https://cmsweb.cern.ch/S3/crabcache_prod', u'yian', u'/DC=ch/DC=cern/OU=Organic Units/OU=Users/CN=yian/CN=826694/CN=Ying An', u'cms', u'None', u'None', u'WJetsToLNu_TuneCP5_13TeV-madgraphMLM-pythia8_2016-00000000000000000000000000000000', u'F', u'T3_CH_CERNBOX', u'https://cmsweb.cern.ch/dbs/prod/global/DBSReader', u'https://cmsweb.cern.ch/dbs/prod/phys03/DBSWriter', u'F', u'[]', u'[]', u"[b'tree.root']", u'Analysis', u'pythia', u'None', u'{}', u'[]', u'F', u'crab-prod-tw01', u'[]', u'1250', u'1', u'2000', u'10', u"['/WJetsToLNu_TuneCP5_13TeV-madgraphMLM-pythia8/yian-WJetsToLNu_TuneCP5_13TeV-madgraphMLM-pythia8_2016-cdc8a5f8d50b7902483cf88592ab9ddb/USER']", u'[]', u'http://vocms0199.cern.ch/mon/cms1407/211117_170148:yian_crab_WJetsToLNu_TuneCP5_13TeV-madgraphMLM-pythia8_2016', u'WWG_crab_script.sh', u"[b'isdata=MC', b'year=2016', b'era=B']", u'[]', u'https://cmsweb.cern.ch/crabserver/prod', u'cmsgwms-collector-global.cern.ch:9620,cmsgwms-collector-global.fnal.gov:9620', u'crab3@vocms0199.cern.ch', u'F', u'[]', u'T', u'/store/user/yian/', u'T', u'None', u'F', u'None', u'WJetsToLNu_TuneCP5_13TeV-madgraphMLM-pythia8', u'None', u'9dd73d3da3efc189ee069c8eccd69e0cac016a47a9fcb72b3009962a5bbe72c5.tar.gz', u'33083998', u'filetransfers', u'F', u'188.185.120.166', u'0.0', u'None'], u'desc': {u'columns': [u'tm_taskname', u'tm_activity', u'panda_jobset_id', u'tm_task_status', u'tm_task_command', u'tm_start_time', u'tm_start_injection', u'tm_end_injection', u'tm_task_failure', u'tm_job_sw', u'tm_job_arch', u'tm_input_dataset', u'tm_nonvalid_input_dataset', u'tm_use_parent', u'tm_site_whitelist', u'tm_site_blacklist', u'tm_split_algo', u'tm_split_args', u'tm_user_sandbox', u'tm_cache_url', u'tm_username', u'tm_user_dn', u'tm_user_vo', u'tm_user_role', u'tm_user_group', u'tm_publish_name', u'tm_publish_groupname', u'tm_asyncdest', u'tm_dbs_url', u'tm_publish_dbs_url', u'tm_publication', u'tm_outfiles', u'tm_tfile_outfiles', u'tm_edm_outfiles', u'tm_job_type', u'tm_generator', u'tm_events_per_lumi', u'tm_arguments', u'panda_resubmitted_jobs', u'tm_save_logs', u'tw_name', u'tm_user_infiles', u'tm_maxjobruntime', u'tm_numcores', u'tm_maxmemory', u'tm_priority', u'tm_output_dataset', u'tm_task_warnings', u'tm_user_webdir', u'tm_scriptexe', u'tm_scriptargs', u'tm_extrajdl', u'tm_asourl', u'tm_collector', u'tm_schedd', u'tm_dry_run', u'tm_user_files', u'tm_transfer_outputs', u'tm_output_lfn', u'tm_ignore_locality', u'tm_fail_limit', u'tm_one_event_mode', u'tm_secondary_input_dataset', u'tm_primary_dataset', u'tm_last_publication', u'tm_debug_files', u'clusterid', u'tm_asodb', u'tm_ignore_global_blacklist', u'tm_submitter_ip_addr', u'tm_totalunits', u'tm_ddm_reqid']}}
INFO 2021-11-18 09:22:04.513 UTC: 	 CRAB project directory:		/afs/cern.ch/work/y/yian/work/GZ/CMSSW_10_6_20/src/PhysicsTools/NanoAODTools/WWG/2016post/crab/crab2016/crab_WJetsToLNu_TuneCP5_13TeV-madgraphMLM-pythia8_2016
INFO 2021-11-18 09:22:04.514 UTC: 	 Task name:			211117_170148:yian_crab_WJetsToLNu_TuneCP5_13TeV-madgraphMLM-pythia8_2016
INFO 2021-11-18 09:22:04.514 UTC: 	 Grid scheduler - Task Worker:	crab3@vocms0199.cern.ch - crab-prod-tw01
INFO 2021-11-18 09:22:04.514 UTC: 	 Status on the CRAB server:	SUBMITTED
INFO 2021-11-18 09:22:04.514 UTC: 	 Task URL to use for HELP:	https://cmsweb.cern.ch/crabserver/ui/task/211117_170148%3Ayian_crab_WJetsToLNu_TuneCP5_13TeV-madgraphMLM-pythia8_2016
INFO 2021-11-18 09:22:04.517 UTC: 	 Dashboard monitoring URL:	https://monit-grafana.cern.ch/d/cmsTMDetail/cms-task-monitoring-task-view?orgId=11&var-user=yian&var-task=211117_170148%3Ayian_crab_WJetsToLNu_TuneCP5_13TeV-madgraphMLM-pythia8_2016&from=1637164908000&to=now
DEBUG 2021-11-18 09:22:04.518 UTC: 	 The CRAB server submitted your task to the Grid scheduler (cluster ID: 33083998)
DEBUG 2021-11-18 09:22:04.518 UTC: 	 Webdir is located at http://vocms0199.cern.ch/mon/cms1407/211117_170148:yian_crab_WJetsToLNu_TuneCP5_13TeV-madgraphMLM-pythia8_2016
DEBUG 2021-11-18 09:22:04.596 UTC: 	 Proxied webdir is located at https://cmsweb.cern.ch:8443/scheddmon/0199/cms1407/211117_170148:yian_crab_WJetsToLNu_TuneCP5_13TeV-madgraphMLM-pythia8_2016
DEBUG 2021-11-18 09:22:04.596 UTC: 	 Retrieving 'status_cache' file from https://cmsweb.cern.ch:8443/scheddmon/0199/cms1407/211117_170148:yian_crab_WJetsToLNu_TuneCP5_13TeV-madgraphMLM-pythia8_2016/status_cache
DEBUG 2021-11-18 09:22:04.644 UTC: 	 Got information from status cache file: {'58': {'Retries': 0, 'WallDurations': [10.0, 126.91620397567749, 364.0], 'StartTimes': [1637169155.0], 'SubmitTimes': [1637168640.0], 'JobIds': ['33084075.0'], 'EndTimes': [1637169519.0], 'Restarts': 0, 'RecordedSite': True, 'State': 'finished', 'ResidentSetSize': [478112], 'TotalUserCpuTimeHistory': [283], 'SiteHistory': ['Unknown', 'T2_US_Caltech', 'T2_US_Caltech'], 'TotalSysCpuTimeHistory': [9]}, '30': {'Retries': 0, 'WallDurations': [8.0, 128.9162039756775, 33160.0], 'StartTimes': [1637169153.0], 'SubmitTimes': [1637168627.0], 'JobIds': ['33084030.0'], 'EndTimes': [1637202313.0], 'Restarts': 0, 'RecordedSite': True, 'State': 'finished', 'ResidentSetSize': [486912], 'TotalUserCpuTimeHistory': [895], 'SiteHistory': ['Unknown', 'T2_US_MIT', 'T2_US_MIT'], 'TotalSysCpuTimeHistory': [63]}, '28': {'Retries': 0, 'WallDurations': [9.0, 129.9162039756775, 19758.0], 'StartTimes': [1637169152.0], 'SubmitTimes': [1637168625.0], 'JobIds': ['33084028.0'], 'EndTimes': [1637188910.0], 'Restarts': 0, 'RecordedSite': True, 'State': 'finished', 'ResidentSetSize': [506380], 'TotalUserCpuTimeHistory': [752], 'SiteHistory': ['Unknown', 'T2_US_Nebraska', 'T2_US_Nebraska'], 'TotalSysCpuTimeHistory': [83]}, '29': {'Retries': 0, 'WallDurations': [9.0, 123.91620397567749, 28255.0], 'StartTimes': [1637169158.0], 'SubmitTimes': [1637168627.0], 'JobIds': ['33084029.0'], 'EndTimes': [1637197413.0], 'Restarts': 0, 'RecordedSite': True, 'State': 'finished', 'ResidentSetSize': [548356], 'TotalUserCpuTimeHistory': [984], 'SiteHistory': ['Unknown', 'T2_US_Nebraska', 'T2_US_Nebraska'], 'TotalSysCpuTimeHistory': [143]}, '60': {'Retries': 0, 'WallDurations': [10.0, 143.9162039756775, 501.0], 'StartTimes': [1637169138.0], 'SubmitTimes': [1637168640.0], 'JobIds': ['33084077.0'], 'EndTimes': [1637169639.0], 'Restarts': 0, 'RecordedSite': True, 'State': 'finished', 'ResidentSetSize': [317728], 'TotalUserCpuTimeHistory': [20], 'SiteHistory': ['Unknown', 'T2_US_Wisconsin', 'T2_US_Wisconsin'], 'TotalSysCpuTimeHistory': [1]}, '61': {'Retries': 0, 'WallDurations': [9.0, 130.9162039756775, 2248.0], 'StartTimes': [1637169151.0], 'SubmitTimes': [1637168640.0], 'JobIds': ['33084081.0'], 'EndTimes': [1637171399.0], 'Restarts': 0, 'RecordedSite': True, 'State': 'finished', 'ResidentSetSize': [327688], 'TotalUserCpuTimeHistory': [55], 'SiteHistory': ['Unknown', 'T2_US_Nebraska', 'T2_US_Nebraska'], 'TotalSysCpuTimeHistory': [4]}, '62': {'Retries': 0, 'WallDurations': [9.0, 127.91620397567749, 3640.0], 'StartTimes': [1637169154.0], 'SubmitTimes': [1637168646.0], 'JobIds': ['33084089.0'], 'EndTimes': [1637172794.0], 'Restarts': 0, 'RecordedSite': True, 'State': 'finished', 'ResidentSetSize': [483800], 'TotalUserCpuTimeHistory': [141], 'SiteHistory': ['Unknown', 'T2_US_Nebraska', 'T2_US_Nebraska'], 'TotalSysCpuTimeHistory': [20]}, '63': {'Retries': 0, 'WallDurations': [9.0, 129.9162039756775, 2837.0], 'StartTimes': [1637169152.0], 'SubmitTimes': [1637168646.0], 'JobIds': ['33084090.0'], 'EndTimes': [1637171989.0], 'Restarts': 0, 'RecordedSite': True, 'State': 'finished', 'ResidentSetSize': [388556], 'TotalUserCpuTimeHistory': [104], 'SiteHistory': ['Unknown', 'T2_US_Nebraska', 'T2_US_Nebraska'], 'TotalSysCpuTimeHistory': [7]}, '64': {'Retries': 0, 'WallDurations': [9.0, 123.91620397567749, 21085.0], 'StartTimes': [1637169158.0], 'SubmitTimes': [1637168646.0], 'JobIds': ['33084091.0'], 'EndTimes': [1637190243.0], 'Restarts': 0, 'RecordedSite': True, 'State': 'finished', 'ResidentSetSize': [436152], 'TotalUserCpuTimeHistory': [398], 'SiteHistory': ['Unknown', 'T2_US_Nebraska', 'T2_US_Nebraska'], 'TotalSysCpuTimeHistory': [42]}, '65': {'Retries': 0, 'WallDurations': [10.0, 127.91620397567749, 29736.0], 'StartTimes': [1637169154.0], 'SubmitTimes': [1637168646.0], 'JobIds': ['33084092.0'], 'EndTimes': [1637198890.0], 'Restarts': 0, 'RecordedSite': True, 'State': 'finished', 'ResidentSetSize': [375220], 'TotalUserCpuTimeHistory': [574], 'SiteHistory': ['Unknown', 'T2_US_Nebraska', 'T2_US_Nebraska'], 'TotalSysCpuTimeHistory': [55]}, '66': {'Retries': 0, 'WallDurations': [10.0, 130.9162039756775, 16653.0], 'StartTimes': [1637169151.0], 'SubmitTimes': [1637168646.0], 'JobIds': ['33084093.0'], 'EndTimes': [1637185804.0], 'Restarts': 0, 'RecordedSite': True, 'State': 'finished', 'ResidentSetSize': [429372], 'TotalUserCpuTimeHistory': [325], 'SiteHistory': ['Unknown', 'T2_US_Nebraska', 'T2_US_Nebraska'], 'TotalSysCpuTimeHistory': [38]}, '67': {'Retries': 0, 'WallDurations': [10.0, 124.91620397567749, 264.0], 'StartTimes': [1637169157.0], 'SubmitTimes': [1637168646.0], 'JobIds': ['33084094.0'], 'EndTimes': [1637169421.0], 'Restarts': 0, 'RecordedSite': True, 'State': 'finished', 'ResidentSetSize': [62660], 'TotalUserCpuTimeHistory': [139], 'SiteHistory': ['Unknown', 'T2_US_Wisconsin', 'T2_US_Wisconsin'], 'TotalSysCpuTimeHistory': [9]}, '68': {'Retries': 0, 'WallDurations': [10.0, 142.9162039756775, 315.0], 'StartTimes': [1637169139.0], 'SubmitTimes': [1637168646.0], 'JobIds': ['33084095.0'], 'EndTimes': [1637169454.0], 'Restarts': 0, 'RecordedSite': True, 'State': 'finished', 'ResidentSetSize': [201640], 'TotalUserCpuTimeHistory': [32], 'SiteHistory': ['Unknown', 'T2_US_Nebraska', 'T2_US_Nebraska'], 'TotalSysCpuTimeHistory': [2]}, '34': {'Retries': 0, 'WallDurations': [10.0, 135.9162039756775, 28856.0], 'StartTimes': [1637169146.0], 'SubmitTimes': [1637168629.0], 'JobIds': ['33084035.0'], 'EndTimes': [1637198002.0], 'Restarts': 0, 'RecordedSite': True, 'State': 'finished', 'ResidentSetSize': [472060], 'TotalUserCpuTimeHistory': [597], 'SiteHistory': ['Unknown', 'T2_US_MIT', 'T2_US_MIT'], 'TotalSysCpuTimeHistory': [64]}, '24': {'Retries': 0, 'WallDurations': [9.0, 139.9162039756775, 32756.0], 'StartTimes': [1637169142.0], 'SubmitTimes': [1637168625.0], 'JobIds': ['33084024.0'], 'EndTimes': [1637201898.0], 'Restarts': 0, 'RecordedSite': True, 'State': 'finished', 'ResidentSetSize': [476148], 'TotalUserCpuTimeHistory': [1116], 'SiteHistory': ['Unknown', 'T2_US_Nebraska', 'T2_US_Nebraska'], 'TotalSysCpuTimeHistory': [75]}, '25': {'Retries': 0, 'WallDurations': [8.0, 137.9162039756775, 333.0], 'StartTimes': [1637169144.0], 'SubmitTimes': [1637168625.0], 'JobIds': ['33084025.0'], 'EndTimes': [1637169477.0], 'Restarts': 0, 'RecordedSite': True, 'State': 'finished', 'ResidentSetSize': [474600], 'TotalUserCpuTimeHistory': [183], 'SiteHistory': ['Unknown', 'T2_US_Wisconsin', 'T2_US_Wisconsin'], 'TotalSysCpuTimeHistory': [12]}, '26': {'Retries': 0, 'WallDurations': [10.0, 149.9162039756775, 19391.0, 0, 18303.0], 'StartTimes': [1637169132.0, 1637188625.0], 'SubmitTimes': [1637168625.0, -1], 'JobIds': ['33084026.0', '33084026.0'], 'EndTimes': [1637188523.0, 1637206928.0], 'Restarts': 1, 'RecordedSite': True, 'State': 'finished', 'ResidentSetSize': [519800, 0], 'TotalUserCpuTimeHistory': [638.0, 1057], 'SiteHistory': ['Unknown', 'T2_US_Nebraska', 'T2_US_Nebraska', 'Unknown', 'T2_US_Nebraska'], 'TotalSysCpuTimeHistory': [64.0, 119]}, '27': {'Retries': 0, 'WallDurations': [9.0, 148.9162039756775, 20174.0], 'StartTimes': [1637169133.0], 'SubmitTimes': [1637168625.0], 'JobIds': ['33084027.0'], 'EndTimes': [1637189307.0], 'Restarts': 0, 'RecordedSite': True, 'State': 'finished', 'ResidentSetSize': [568996], 'TotalUserCpuTimeHistory': [688], 'SiteHistory': ['Unknown', 'T2_US_Nebraska', 'T2_US_Nebraska'], 'TotalSysCpuTimeHistory': [96]}, '20': {'Retries': 0, 'WallDurations': [9.0, 123.91620397567749, 16542.0], 'StartTimes': [1637169158.0], 'SubmitTimes': [1637168625.0], 'JobIds': ['33084020.0'], 'EndTimes': [1637185700.0], 'Restarts': 0, 'RecordedSite': True, 'State': 'finished', 'ResidentSetSize': [456128], 'TotalUserCpuTimeHistory': [347], 'SiteHistory': ['Unknown', 'T2_US_MIT', 'T2_US_MIT'], 'TotalSysCpuTimeHistory': [36]}, '21': {'Retries': 0, 'WallDurations': [9.0, 150.9162039756775, 30389.0], 'StartTimes': [1637169131.0], 'SubmitTimes': [1637168625.0], 'JobIds': ['33084021.0'], 'EndTimes': [1637199520.0], 'Restarts': 0, 'RecordedSite': True, 'State': 'finished', 'ResidentSetSize': [436636], 'TotalUserCpuTimeHistory': [575], 'SiteHistory': ['Unknown', 'T2_US_Nebraska', 'T2_US_Nebraska'], 'TotalSysCpuTimeHistory': [71]}, '22': {'Retries': 0, 'WallDurations': [9.0, 147.9162039756775, 26574.0], 'StartTimes': [1637169134.0], 'SubmitTimes': [1637168625.0], 'JobIds': ['33084022.0'], 'EndTimes': [1637195708.0], 'Restarts': 0, 'RecordedSite': True, 'State': 'finished', 'ResidentSetSize': [493932], 'TotalUserCpuTimeHistory': [672], 'SiteHistory': ['Unknown', 'T2_US_MIT', 'T2_US_MIT'], 'TotalSysCpuTimeHistory': [69]}, '49': {'Retries': 0, 'WallDurations': [10.0, 74.91620397567749, 5017.0, 0, 2580.0], 'StartTimes': [1637169207.0, 1637174454.0], 'SubmitTimes': [1637168636.0, -1], 'JobIds': ['33084056.0', '33084056.0'], 'EndTimes': [1637174224.0, 1637177034.0], 'Restarts': 1, 'RecordedSite': True, 'State': 'finished', 'ResidentSetSize': [396588, 400000], 'TotalUserCpuTimeHistory': [65.0, 145], 'SiteHistory': ['Unknown', 'T2_US_Vanderbilt', 'T2_US_Vanderbilt', 'Unknown', 'T2_US_Nebraska'], 'TotalSysCpuTimeHistory': [6.0, 15]}, '46': {'Retries': 0, 'WallDurations': [10.0, 124.91620397567749, 16791.0], 'StartTimes': [1637169157.0], 'SubmitTimes': [1637168636.0], 'JobIds': ['33084053.0'], 'EndTimes': [1637185948.0], 'Restarts': 0, 'RecordedSite': True, 'State': 'finished', 'ResidentSetSize': [436872], 'TotalUserCpuTimeHistory': [294], 'SiteHistory': ['Unknown', 'T2_US_MIT', 'T2_US_MIT'], 'TotalSysCpuTimeHistory': [24]}, '23': {'Retries': 0, 'WallDurations': [10.0, 129.9162039756775, 603.0], 'StartTimes': [1637169152.0], 'SubmitTimes': [1637168625.0], 'JobIds': ['33084023.0'], 'EndTimes': [1637169755.0], 'Restarts': 0, 'RecordedSite': True, 'State': 'finished', 'ResidentSetSize': [299228], 'TotalUserCpuTimeHistory': [35], 'SiteHistory': ['Unknown', 'T2_US_Wisconsin', 'T2_US_Wisconsin'], 'TotalSysCpuTimeHistory': [2]}, '44': {'Retries': 0, 'WallDurations': [10.0, 148.9162039756775, 17375.0], 'StartTimes': [1637169133.0], 'SubmitTimes': [1637168636.0], 'JobIds': ['33084051.0'], 'EndTimes': [1637186508.0], 'Restarts': 0, 'RecordedSite': True, 'State': 'finished', 'ResidentSetSize': [403160], 'TotalUserCpuTimeHistory': [557], 'SiteHistory': ['Unknown', 'T2_US_Nebraska', 'T2_US_Nebraska'], 'TotalSysCpuTimeHistory': [46]}, '45': {'Retries': 0, 'WallDurations': [9.0, 110.91620397567749, 368.0], 'StartTimes': [1637169171.0], 'SubmitTimes': [1637168636.0], 'JobIds': ['33084052.0'], 'EndTimes': [1637169539.0], 'Restarts': 0, 'RecordedSite': True, 'State': 'finished', 'ResidentSetSize': [517780], 'TotalUserCpuTimeHistory': [272], 'SiteHistory': ['Unknown', 'T2_US_Caltech', 'T2_US_Caltech'], 'TotalSysCpuTimeHistory': [8]}, '42': {'Retries': 0, 'WallDurations': [9.0, 126.91620397567749, 18135.0], 'StartTimes': [1637169155.0], 'SubmitTimes': [1637168636.0], 'JobIds': ['33084049.0'], 'EndTimes': [1637187290.0], 'Restarts': 0, 'RecordedSite': True, 'State': 'finished', 'ResidentSetSize': [438336], 'TotalUserCpuTimeHistory': [773], 'SiteHistory': ['Unknown', 'T2_US_Nebraska', 'T2_US_Nebraska'], 'TotalSysCpuTimeHistory': [57]}, '43': {'Retries': 0, 'WallDurations': [9.0, 149.9162039756775, 8816.0], 'StartTimes': [1637169132.0], 'SubmitTimes': [1637168636.0], 'JobIds': ['33084050.0'], 'EndTimes': [1637177948.0], 'Restarts': 0, 'RecordedSite': True, 'State': 'finished', 'ResidentSetSize': [574668], 'TotalUserCpuTimeHistory': [319], 'SiteHistory': ['Unknown', 'T2_US_Nebraska', 'T2_US_Nebraska'], 'TotalSysCpuTimeHistory': [40]}, '40': {'Retries': 0, 'WallDurations': [9.0, 127.91620397567749, 31797.0], 'StartTimes': [1637169154.0], 'SubmitTimes': [1637168635.0], 'JobIds': ['33084047.0'], 'EndTimes': [1637200951.0], 'Restarts': 0, 'RecordedSite': True, 'State': 'finished', 'ResidentSetSize': [537392], 'TotalUserCpuTimeHistory': [1180], 'SiteHistory': ['Unknown', 'T2_US_Nebraska', 'T2_US_Nebraska'], 'TotalSysCpuTimeHistory': [127]}, '41': {'Retries': 0, 'WallDurations': [9.0, 116.91620397567749, 19578.0], 'StartTimes': [1637169165.0], 'SubmitTimes': [1637168635.0], 'JobIds': ['33084048.0'], 'EndTimes': [1637188743.0], 'Restarts': 0, 'RecordedSite': True, 'State': 'finished', 'ResidentSetSize': [487768], 'TotalUserCpuTimeHistory': [634], 'SiteHistory': ['Unknown', 'T2_US_Nebraska', 'T2_US_Nebraska'], 'TotalSysCpuTimeHistory': [74]}, '1': {'Retries': 0, 'WallDurations': [9.0, 134.0], 'StartTimes': [1637168645.0], 'SubmitTimes': [1637168584.0], 'JobIds': ['33084000.0'], 'EndTimes': [1637168779.0], 'Restarts': 0, 'RecordedSite': True, 'State': 'finished', 'ResidentSetSize': [7084], 'TotalUserCpuTimeHistory': [50], 'SiteHistory': ['T2_US_Wisconsin', 'T2_US_Wisconsin'], 'TotalSysCpuTimeHistory': [2]}, '35': {'Retries': 0, 'WallDurations': [9.0, 133.9162039756775, 34312.0], 'StartTimes': [1637169148.0], 'SubmitTimes': [1637168630.0], 'JobIds': ['33084036.0'], 'EndTimes': [1637203460.0], 'Restarts': 0, 'RecordedSite': True, 'State': 'finished', 'ResidentSetSize': [479076], 'TotalUserCpuTimeHistory': [562], 'SiteHistory': ['Unknown', 'T2_US_Purdue', 'T2_US_Purdue'], 'TotalSysCpuTimeHistory': [60]}, '3': {'Retries': 0, 'WallDurations': [9.0, 10750.0], 'StartTimes': [1637168645.0], 'SubmitTimes': [1637168584.0], 'JobIds': ['33084002.0'], 'EndTimes': [1637179395.0], 'Restarts': 0, 'RecordedSite': True, 'State': 'finished', 'ResidentSetSize': [371852], 'TotalUserCpuTimeHistory': [357], 'SiteHistory': ['T2_US_Wisconsin', 'T2_US_Wisconsin'], 'TotalSysCpuTimeHistory': [29]}, '2': {'Retries': 0, 'WallDurations': [8.0, 20935.0], 'StartTimes': [1637168646.0], 'SubmitTimes': [1637168584.0], 'JobIds': ['33084001.0'], 'EndTimes': [1637189581.0], 'Restarts': 0, 'RecordedSite': True, 'State': 'finished', 'ResidentSetSize': [450724], 'TotalUserCpuTimeHistory': [450], 'SiteHistory': ['T2_US_Wisconsin', 'T2_US_Wisconsin'], 'TotalSysCpuTimeHistory': [39]}, '5': {'Retries': 0, 'WallDurations': [9.0, 703.0], 'StartTimes': [1637168651.0], 'SubmitTimes': [1637168584.0], 'JobIds': ['33084004.0'], 'EndTimes': [1637169354.0], 'Restarts': 0, 'RecordedSite': True, 'State': 'finished', 'ResidentSetSize': [435780], 'TotalUserCpuTimeHistory': [251], 'SiteHistory': ['T2_US_MIT', 'T2_US_MIT'], 'TotalSysCpuTimeHistory': [17]}, '4': {'Retries': 0, 'WallDurations': [8.0, 773.0], 'StartTimes': [1637168641.0], 'SubmitTimes': [1637168584.0], 'JobIds': ['33084003.0'], 'EndTimes': [1637169414.0], 'Restarts': 0, 'RecordedSite': True, 'State': 'finished', 'ResidentSetSize': [474820], 'TotalUserCpuTimeHistory': [392], 'SiteHistory': ['T2_US_MIT', 'T2_US_MIT'], 'TotalSysCpuTimeHistory': [22]}, '7': {'Retries': 0, 'WallDurations': [8.0, 1181.0], 'StartTimes': [1637168640.0], 'SubmitTimes': [1637168585.0], 'JobIds': ['33084006.0'], 'EndTimes': [1637169821.0], 'Restarts': 0, 'RecordedSite': True, 'State': 'finished', 'ResidentSetSize': [499180], 'TotalUserCpuTimeHistory': [589], 'SiteHistory': ['T2_US_MIT', 'T2_US_MIT'], 'TotalSysCpuTimeHistory': [40]}, '6': {'Retries': 0, 'WallDurations': [9.0, 31757.0], 'StartTimes': [1637168645.0], 'SubmitTimes': [1637168584.0], 'JobIds': ['33084005.0'], 'EndTimes': [1637200402.0], 'Restarts': 0, 'RecordedSite': True, 'State': 'finished', 'ResidentSetSize': [548280], 'TotalUserCpuTimeHistory': [766], 'SiteHistory': ['T2_US_Wisconsin', 'T2_US_Wisconsin'], 'TotalSysCpuTimeHistory': [66]}, '9': {'Retries': 0, 'WallDurations': [9.0, 127.10938310623169, 308.0], 'StartTimes': [1637168853.0], 'SubmitTimes': [1637168585.0], 'JobIds': ['33084008.0'], 'EndTimes': [1637169161.0], 'Restarts': 0, 'RecordedSite': True, 'State': 'finished', 'ResidentSetSize': [2844], 'TotalUserCpuTimeHistory': [21], 'SiteHistory': ['Unknown', 'T2_US_MIT', 'T2_US_MIT'], 'TotalSysCpuTimeHistory': [1]}, '8': {'Retries': 0, 'WallDurations': [10.0, 24897.0], 'StartTimes': [1637168643.0], 'SubmitTimes': [1637168585.0], 'JobIds': ['33084007.0'], 'EndTimes': [1637193540.0], 'Restarts': 0, 'RecordedSite': True, 'State': 'finished', 'ResidentSetSize': [456092], 'TotalUserCpuTimeHistory': [842], 'SiteHistory': ['T2_US_Nebraska', 'T2_US_Nebraska'], 'TotalSysCpuTimeHistory': [65]}, '18': {'Retries': 0, 'WallDurations': [9.0, 34399.0], 'StartTimes': [1637168660.0], 'SubmitTimes': [1637168619.0], 'JobIds': ['33084017.0'], 'EndTimes': [1637203059.0], 'Restarts': 0, 'RecordedSite': True, 'State': 'finished', 'ResidentSetSize': [488028], 'TotalUserCpuTimeHistory': [773], 'SiteHistory': ['T2_US_Nebraska', 'T2_US_Nebraska'], 'TotalSysCpuTimeHistory': [78]}, '13': {'Retries': 0, 'WallDurations': [10.0, 491.0], 'StartTimes': [1637168640.0], 'SubmitTimes': [1637168585.0], 'JobIds': ['33084012.0'], 'EndTimes': [1637169131.0], 'Restarts': 0, 'RecordedSite': True, 'State': 'finished', 'ResidentSetSize': [451624], 'TotalUserCpuTimeHistory': [287], 'SiteHistory': ['T2_US_MIT', 'T2_US_MIT'], 'TotalSysCpuTimeHistory': [19]}, '12': {'Retries': 0, 'WallDurations': [9.0, 18775.0], 'StartTimes': [1637168644.0], 'SubmitTimes': [1637168585.0], 'JobIds': ['33084011.0'], 'EndTimes': [1637187419.0], 'Restarts': 0, 'RecordedSite': True, 'State': 'finished', 'ResidentSetSize': [449496], 'TotalUserCpuTimeHistory': [652], 'SiteHistory': ['T2_US_Nebraska', 'T2_US_Nebraska'], 'TotalSysCpuTimeHistory': [58]}, '15': {'Retries': 0, 'WallDurations': [9.0, 16950.0], 'StartTimes': [1637168645.0], 'SubmitTimes': [1637168585.0], 'JobIds': ['33084014.0'], 'EndTimes': [1637185595.0], 'Restarts': 0, 'RecordedSite': True, 'State': 'finished', 'ResidentSetSize': [580164], 'TotalUserCpuTimeHistory': [452], 'SiteHistory': ['T2_US_Caltech', 'T2_US_Caltech'], 'TotalSysCpuTimeHistory': [30]}, '32': {'Retries': 0, 'WallDurations': [9.0, 148.9162039756775, 4365.0], 'StartTimes': [1637169133.0], 'SubmitTimes': [1637168628.0], 'JobIds': ['33084033.0'], 'EndTimes': [1637173498.0], 'Restarts': 0, 'RecordedSite': True, 'State': 'finished', 'ResidentSetSize': [334076], 'TotalUserCpuTimeHistory': [115], 'SiteHistory': ['Unknown', 'T2_US_Nebraska', 'T2_US_Nebraska'], 'TotalSysCpuTimeHistory': [10]}, '14': {'Retries': 0, 'WallDurations': [8.0, 1458.0], 'StartTimes': [1637168687.0], 'SubmitTimes': [1637168585.0], 'JobIds': ['33084013.0'], 'EndTimes': [1637170145.0], 'Restarts': 0, 'RecordedSite': True, 'State': 'finished', 'ResidentSetSize': [403768], 'TotalUserCpuTimeHistory': [24], 'SiteHistory': ['T2_US_Nebraska', 'T2_US_Nebraska'], 'TotalSysCpuTimeHistory': [4]}, '11': {'Retries': 0, 'WallDurations': [8.0, 646.0], 'StartTimes': [1637168646.0], 'SubmitTimes': [1637168585.0], 'JobIds': ['33084010.0'], 'EndTimes': [1637169292.0], 'Restarts': 0, 'RecordedSite': True, 'State': 'finished', 'ResidentSetSize': [470720], 'TotalUserCpuTimeHistory': [341], 'SiteHistory': ['T2_US_MIT', 'T2_US_MIT'], 'TotalSysCpuTimeHistory': [18]}, '10': {'Retries': 0, 'WallDurations': [9.0, 5882.0], 'StartTimes': [1637168646.0], 'SubmitTimes': [1637168585.0], 'JobIds': ['33084009.0'], 'EndTimes': [1637174528.0], 'Restarts': 0, 'RecordedSite': True, 'State': 'finished', 'ResidentSetSize': [404064], 'TotalUserCpuTimeHistory': [147], 'SiteHistory': ['T2_US_Purdue', 'T2_US_Purdue'], 'TotalSysCpuTimeHistory': [12]}, '39': {'Retries': 0, 'WallDurations': [8.0, 130.9162039756775, 6996.0], 'StartTimes': [1637169151.0], 'SubmitTimes': [1637168635.0], 'JobIds': ['33084046.0'], 'EndTimes': [1637176147.0], 'Restarts': 0, 'RecordedSite': True, 'State': 'finished', 'ResidentSetSize': [340408], 'TotalUserCpuTimeHistory': [122], 'SiteHistory': ['Unknown', 'T2_US_Caltech', 'T2_US_Caltech'], 'TotalSysCpuTimeHistory': [12]}, '38': {'Retries': 0, 'WallDurations': [9.0, 147.9162039756775, 949.0], 'StartTimes': [1637169134.0], 'SubmitTimes': [1637168646.0], 'JobIds': ['33084096.0'], 'EndTimes': [1637170083.0], 'Restarts': 0, 'RecordedSite': True, 'State': 'finished', 'ResidentSetSize': [468760], 'TotalUserCpuTimeHistory': [800], 'SiteHistory': ['Unknown', 'T2_US_Nebraska', 'T2_US_Nebraska'], 'TotalSysCpuTimeHistory': [34]}, '59': {'Retries': 0, 'WallDurations': [9.0, 112.91620397567749, 251.0], 'StartTimes': [1637169169.0], 'SubmitTimes': [1637168640.0], 'JobIds': ['33084079.0'], 'EndTimes': [1637169420.0], 'Restarts': 0, 'RecordedSite': True, 'State': 'finished', 'ResidentSetSize': [52060], 'TotalUserCpuTimeHistory': [16], 'SiteHistory': ['Unknown', 'T2_US_MIT', 'T2_US_MIT'], 'TotalSysCpuTimeHistory': [1]}, '48': {'Retries': 0, 'WallDurations': [9.0, 131.9162039756775, 24668.0], 'StartTimes': [1637169150.0], 'SubmitTimes': [1637168636.0], 'JobIds': ['33084055.0'], 'EndTimes': [1637193818.0], 'Restarts': 0, 'RecordedSite': True, 'State': 'finished', 'ResidentSetSize': [757320], 'TotalUserCpuTimeHistory': [732], 'SiteHistory': ['Unknown', 'T2_US_Nebraska', 'T2_US_Nebraska'], 'TotalSysCpuTimeHistory': [98]}, '17': {'Retries': 0, 'WallDurations': [9.0, 289.0], 'StartTimes': [1637168643.0], 'SubmitTimes': [1637168586.0], 'JobIds': ['33084016.0'], 'EndTimes': [1637168932.0], 'Restarts': 0, 'RecordedSite': True, 'State': 'finished', 'ResidentSetSize': [50508], 'TotalUserCpuTimeHistory': [195], 'SiteHistory': ['T2_US_UCSD', 'T2_US_UCSD'], 'TotalSysCpuTimeHistory': [12]}, '16': {'Retries': 0, 'WallDurations': [9.0, 4235.0], 'StartTimes': [1637168641.0], 'SubmitTimes': [1637168586.0], 'JobIds': ['33084015.0'], 'EndTimes': [1637172876.0], 'Restarts': 0, 'RecordedSite': True, 'State': 'finished', 'ResidentSetSize': [461908], 'TotalUserCpuTimeHistory': [64], 'SiteHistory': ['T2_US_Nebraska', 'T2_US_Nebraska'], 'TotalSysCpuTimeHistory': [10]}, '19': {'Retries': 0, 'WallDurations': [10.0, 219.9162039756775, 1722.0], 'StartTimes': [1637169062.0], 'SubmitTimes': [1637168624.0], 'JobIds': ['33084019.0'], 'EndTimes': [1637170784.0], 'Restarts': 0, 'RecordedSite': True, 'State': 'finished', 'ResidentSetSize': [413720], 'TotalUserCpuTimeHistory': [46], 'SiteHistory': ['Unknown', 'T2_US_Caltech', 'T2_US_Caltech'], 'TotalSysCpuTimeHistory': [2]}, '54': {'Retries': 0, 'WallDurations': [9.0, 122.91620397567749, 847.0], 'StartTimes': [1637169159.0], 'SubmitTimes': [1637168639.0], 'JobIds': ['33084067.0'], 'EndTimes': [1637170006.0], 'Restarts': 0, 'RecordedSite': True, 'State': 'finished', 'ResidentSetSize': [392704], 'TotalUserCpuTimeHistory': [40], 'SiteHistory': ['Unknown', 'T2_US_Nebraska', 'T2_US_Nebraska'], 'TotalSysCpuTimeHistory': [3]}, '31': {'Retries': 0, 'WallDurations': [9.0, 142.9162039756775, 31930.0], 'StartTimes': [1637169139.0], 'SubmitTimes': [1637168628.0], 'JobIds': ['33084031.0'], 'EndTimes': [1637201069.0], 'Restarts': 0, 'RecordedSite': True, 'State': 'finished', 'ResidentSetSize': [481332], 'TotalUserCpuTimeHistory': [994], 'SiteHistory': ['Unknown', 'T2_US_Nebraska', 'T2_US_Nebraska'], 'TotalSysCpuTimeHistory': [76]}, '56': {'Retries': 0, 'WallDurations': [9.0, 143.9162039756775, 21798.0], 'StartTimes': [1637169138.0], 'SubmitTimes': [1637168640.0], 'JobIds': ['33084071.0'], 'EndTimes': [1637190936.0], 'Restarts': 0, 'RecordedSite': True, 'State': 'finished', 'ResidentSetSize': [471988], 'TotalUserCpuTimeHistory': [476], 'SiteHistory': ['Unknown', 'T2_US_Nebraska', 'T2_US_Nebraska'], 'TotalSysCpuTimeHistory': [49]}, '51': {'Retries': 0, 'WallDurations': [8.0, 135.9162039756775, 30566.0], 'StartTimes': [1637169146.0], 'SubmitTimes': [1637168638.0], 'JobIds': ['33084060.0'], 'EndTimes': [1637199712.0], 'Restarts': 0, 'RecordedSite': True, 'State': 'finished', 'ResidentSetSize': [537472], 'TotalUserCpuTimeHistory': [955], 'SiteHistory': ['Unknown', 'T2_US_Wisconsin', 'T2_US_Wisconsin'], 'TotalSysCpuTimeHistory': [77]}, '36': {'Retries': 0, 'WallDurations': [9.0, 150.9162039756775, 1610.0], 'StartTimes': [1637169131.0], 'SubmitTimes': [1637168635.0], 'JobIds': ['33084044.0'], 'EndTimes': [1637170741.0], 'Restarts': 0, 'RecordedSite': True, 'State': 'finished', 'ResidentSetSize': [554700], 'TotalUserCpuTimeHistory': [996], 'SiteHistory': ['Unknown', 'T2_US_Nebraska', 'T2_US_Nebraska'], 'TotalSysCpuTimeHistory': [32]}, '53': {'Retries': 0, 'WallDurations': [9.0, 130.9162039756775, 23342.0], 'StartTimes': [1637169151.0], 'SubmitTimes': [1637168639.0], 'JobIds': ['33084065.0'], 'EndTimes': [1637192493.0], 'Restarts': 0, 'RecordedSite': True, 'State': 'finished', 'ResidentSetSize': [443608], 'TotalUserCpuTimeHistory': [292], 'SiteHistory': ['Unknown', 'T2_US_Nebraska', 'T2_US_Nebraska'], 'TotalSysCpuTimeHistory': [41]}, '52': {'Retries': 0, 'WallDurations': [9.0, 129.9162039756775, 982.0], 'StartTimes': [1637169152.0], 'SubmitTimes': [1637168639.0], 'JobIds': ['33084063.0'], 'EndTimes': [1637170134.0], 'Restarts': 0, 'RecordedSite': True, 'State': 'finished', 'ResidentSetSize': [344488], 'TotalUserCpuTimeHistory': [34], 'SiteHistory': ['Unknown', 'T2_US_Wisconsin', 'T2_US_Wisconsin'], 'TotalSysCpuTimeHistory': [2]}, '33': {'Retries': 0, 'WallDurations': [8.0, 99.91620397567749, 26337.0], 'StartTimes': [1637169182.0], 'SubmitTimes': [1637168629.0], 'JobIds': ['33084034.0'], 'EndTimes': [1637195519.0], 'Restarts': 0, 'RecordedSite': True, 'State': 'finished', 'ResidentSetSize': [437524], 'TotalUserCpuTimeHistory': [1004], 'SiteHistory': ['Unknown', 'T2_US_Wisconsin', 'T2_US_Wisconsin'], 'TotalSysCpuTimeHistory': [84]}, '55': {'Retries': 0, 'WallDurations': [9.0, 138.9162039756775, 22155.0], 'StartTimes': [1637169143.0], 'SubmitTimes': [1637168639.0], 'JobIds': ['33084069.0'], 'EndTimes': [1637191298.0], 'Restarts': 0, 'RecordedSite': True, 'State': 'finished', 'ResidentSetSize': [401324], 'TotalUserCpuTimeHistory': [357], 'SiteHistory': ['Unknown', 'T2_US_Nebraska', 'T2_US_Nebraska'], 'TotalSysCpuTimeHistory': [46]}, '37': {'Retries': 0, 'WallDurations': [9.0, 136.9162039756775, 881.0], 'StartTimes': [1637169145.0], 'SubmitTimes': [1637168635.0], 'JobIds': ['33084045.0'], 'EndTimes': [1637170026.0], 'Restarts': 0, 'RecordedSite': True, 'State': 'finished', 'ResidentSetSize': [510124], 'TotalUserCpuTimeHistory': [669], 'SiteHistory': ['Unknown', 'T2_US_Nebraska', 'T2_US_Nebraska'], 'TotalSysCpuTimeHistory': [25]}, '47': {'Retries': 0, 'WallDurations': [9.0, 127.91620397567749, 19370.0, 0, 28474.0], 'StartTimes': [1637169154.0, 1637188625.0], 'SubmitTimes': [1637168636.0, -1], 'JobIds': ['33084054.0', '33084054.0'], 'EndTimes': [1637188524.0, 1637217099.0], 'Restarts': 1, 'RecordedSite': True, 'State': 'finished', 'ResidentSetSize': [546852, 750000], 'TotalUserCpuTimeHistory': [637.0, 1354], 'SiteHistory': ['Unknown', 'T2_US_Nebraska', 'T2_US_Nebraska', 'Unknown', 'T2_US_MIT'], 'TotalSysCpuTimeHistory': [70.0, 132]}, '57': {'Retries': 0, 'WallDurations': [9.0, 144.9162039756775, 28602.0], 'StartTimes': [1637169137.0], 'SubmitTimes': [1637168640.0], 'JobIds': ['33084073.0'], 'EndTimes': [1637197739.0], 'Restarts': 0, 'RecordedSite': True, 'State': 'finished', 'ResidentSetSize': [473152], 'TotalUserCpuTimeHistory': [509], 'SiteHistory': ['Unknown', 'T2_US_Nebraska', 'T2_US_Nebraska'], 'TotalSysCpuTimeHistory': [61]}, '50': {'Retries': 0, 'WallDurations': [9.0, 125.91620397567749, 33372.0], 'StartTimes': [1637169156.0], 'SubmitTimes': [1637168637.0], 'JobIds': ['33084058.0'], 'EndTimes': [1637202528.0], 'Restarts': 0, 'RecordedSite': True, 'State': 'finished', 'ResidentSetSize': [547216], 'TotalUserCpuTimeHistory': [1034], 'SiteHistory': ['Unknown', 'T2_US_Nebraska', 'T2_US_Nebraska'], 'TotalSysCpuTimeHistory': [155]}}
INFO 2021-11-18 09:22:04.644 UTC: 	 Status on the scheduler:	COMPLETED
INFO 2021-11-18 09:22:04.645 UTC: 	 
Jobs status:                    finished     		100.0% (68/68)
INFO 2021-11-18 09:22:04.645 UTC: 	 
No publication information (publication has been disabled in the CRAB configuration file)
INFO 2021-11-18 09:22:04.647 UTC: 	 
Warning: the average jobs CPU efficiency is less than 50%, please consider to improve the jobs splitting (e.g. config.Data.splitting = 'Automatic') in a new task
INFO 2021-11-18 09:22:04.647 UTC: 	 
Summary of run jobs:
 * Memory: 6MB min, 739MB max, 412MB ave
 * Runtime: 0:02:14 min, 9:33:19 max, 3:52:13 ave
 * CPU eff: 1% min, 88% max, 4% ave
 * Waste: 14:13:39 (5% of total)

INFO 2021-11-18 09:22:04.655 UTC: 	 Log file is /afs/cern.ch/work/y/yian/work/GZ/CMSSW_10_6_20/src/PhysicsTools/NanoAODTools/WWG/2016post/crab/crab2016/crab_WJetsToLNu_TuneCP5_13TeV-madgraphMLM-pythia8_2016/crab.log
