DEBUG 2021-09-11 10:26:34.153 UTC: 	 CRAB Client version: v3.210825
DEBUG 2021-09-11 10:26:34.153 UTC: 	 Running on: Linux lxplus718.cern.ch 3.10.0-1160.36.2.el7.x86_64 #1 SMP Wed Jul 21 11:57:15 UTC 2021 x86_64 x86_64 x86_64 GNU/Linux - CentOS Linux 7 (Core)
DEBUG 2021-09-11 10:26:34.153 UTC: 	 Executing command: 'submit'
DEBUG 2021-09-11 10:26:34.154 UTC: 	 Found CRAB cache file /afs/cern.ch/user/y/yian/.crab3
INFO 2021-09-11 10:26:34.155 UTC: 	 Will use CRAB configuration file crabcode_2018/WZ_TuneCP5_13TeV-pythia8_2018_cfg.py
DEBUG 2021-09-11 10:26:34.155 UTC: 	 Loading CRAB configuration file.
DEBUG 2021-09-11 10:26:34.170 UTC: 	 Will use CRAB Analysis plugin (i.e. will run an analysis job type).
DEBUG 2021-09-11 10:26:34.189 UTC: 	 Checking credentials
DEBUG 2021-09-11 10:26:34.189 UTC: 	 Found proxy file /tmp/x509up_u110046
DEBUG 2021-09-11 10:26:34.189 UTC: 	 Getting proxy life time left
DEBUG 2021-09-11 10:26:34.894 UTC: 	 Executing : 
 command : voms-proxy-info -file /tmp/x509up_u110046 -timeleft
 output : 603622

 error: 
 retcode : 0
DEBUG 2021-09-11 10:26:35.600 UTC: 	 Executing : 
 command : voms-proxy-info -file /tmp/x509up_u110046 -actimeleft
 output : 603621

 error: 
 retcode : 0
DEBUG 2021-09-11 10:26:35.601 UTC: 	 Proxy lifetime 603622 secs is different from voms extension lifetime 603621 secs for proxy: /tmp/x509up_u110046
DEBUG 2021-09-11 10:26:35.601 UTC: 	 Proxy valid for 167:40:21 hours
DEBUG 2021-09-11 10:26:36.306 UTC: 	 Executing : 
 command : env X509_USER_PROXY=/tmp/x509up_u110046 voms-proxy-info -fqan
 output : /cms/Role=NULL/Capability=NULL

 error: 
 retcode : 0
DEBUG 2021-09-11 10:26:36.420 UTC: 	 Registering user credentials for server /DC=ch/DC=cern/OU=computers/CN=crab-(preprod|prod|dev)-tw(02|01).cern.ch|/DC=ch/DC=cern/OU=computers/CN=(ddi|ddidk|mytw).cern.ch|/DC=ch/DC=cern/OU=computers/CN=stefanov(m|m2).cern.ch
DEBUG 2021-09-11 10:26:37.134 UTC: 	 Executing : 
 command : voms-proxy-info -file /tmp/x509up_u110046 -identity
 output : /DC=ch/DC=cern/OU=Organic Units/OU=Users/CN=yian/CN=826694/CN=Ying An

 error: 
 retcode : 0
DEBUG 2021-09-11 10:26:37.143 UTC: 	 Getting myproxy life time left for myproxy.cern.ch
DEBUG 2021-09-11 10:26:37.143 UTC: 	 using b52ac606a6f7097e9b4b8f05a3a67cc69f8f291b as credential login name
DEBUG 2021-09-11 10:26:37.450 UTC: 	 Executing : 
 command : myproxy-info -l b52ac606a6f7097e9b4b8f05a3a67cc69f8f291b -s myproxy.cern.ch
 output : username: b52ac606a6f7097e9b4b8f05a3a67cc69f8f291b
owner: /DC=ch/DC=cern/OU=Organic Units/OU=Users/CN=yian/CN=826694/CN=Ying An
  renewal policy: /DC=ch/DC=cern/OU=computers/CN=crab-(preprod|prod|dev)-tw(02|01).cern.ch|/DC=ch/DC=cern/OU=computers/CN=(ddi|ddidk|mytw).cern.ch|/DC=ch/DC=cern/OU=computers/CN=stefanov(m|m2).cern.ch
  trusted retrieval policy: /DC=ch/DC=cern/OU=computers/CN=crab-(preprod|prod|dev)-tw(02|01).cern.ch|/DC=ch/DC=cern/OU=computers/CN=(ddi|ddidk|mytw).cern.ch|/DC=ch/DC=cern/OU=computers/CN=stefanov(m|m2).cern.ch
  timeleft: 361:58:35  (15.1 days)

 error: 
 retcode : 0
DEBUG 2021-09-11 10:26:37.451 UTC: 	 Myproxy is valid: 1303115
DEBUG 2021-09-11 10:26:37.451 UTC: 	 Retrieving username ...
DEBUG 2021-09-11 10:26:37.451 UTC: 	 Retrieving username from CRIC...
DEBUG 2021-09-11 10:26:38.218 UTC: 	 username is yian
DEBUG 2021-09-11 10:26:38.225 UTC: 	 Getting myproxy life time left for myproxy.cern.ch
DEBUG 2021-09-11 10:26:38.225 UTC: 	 using yian_CRAB as credential login name
DEBUG 2021-09-11 10:26:38.532 UTC: 	 Executing : 
 command : myproxy-info -l yian_CRAB -s myproxy.cern.ch
 output : username: yian_CRAB
owner: /DC=ch/DC=cern/OU=Organic Units/OU=Users/CN=yian/CN=826694/CN=Ying An
  renewal policy: /DC=ch/DC=cern/OU=computers/CN=crab-(preprod|prod|dev)-tw(02|01).cern.ch|/DC=ch/DC=cern/OU=computers/CN=(ddi|ddidk|mytw).cern.ch|/DC=ch/DC=cern/OU=computers/CN=stefanov(m|m2).cern.ch
  trusted retrieval policy: /DC=ch/DC=cern/OU=computers/CN=crab-(preprod|prod|dev)-tw(02|01).cern.ch|/DC=ch/DC=cern/OU=computers/CN=(ddi|ddidk|mytw).cern.ch|/DC=ch/DC=cern/OU=computers/CN=stefanov(m|m2).cern.ch
  timeleft: 362:59:00  (15.1 days)

 error: 
 retcode : 0
DEBUG 2021-09-11 10:26:38.533 UTC: 	 Myproxy is valid: 1306740
DEBUG 2021-09-11 10:26:38.533 UTC: 	 Result of myproxy credential check:
  Credential exists on myproxy: username: b52ac606a6f7097e9b4b8f05a3a67cc69f8f291b  - validity: 15 days, 1:58:35
  Credential exists on myproxy: username: yian_CRAB  - validity: 15 days, 2:59:00
DEBUG 2021-09-11 10:26:38.533 UTC: 	 Command use: submit
DEBUG 2021-09-11 10:26:38.533 UTC: 	 Options use: ['-c', 'crabcode_2018/WZ_TuneCP5_13TeV-pythia8_2018_cfg.py']
DEBUG 2021-09-11 10:26:38.583 UTC: 	 CRABClient version: v3.210825
DEBUG 2021-09-11 10:26:38.583 UTC: 	 Instance is prod
DEBUG 2021-09-11 10:26:38.583 UTC: 	 Server base url is cmsweb.cern.ch
DEBUG 2021-09-11 10:26:38.583 UTC: 	 Command api workflow
DEBUG 2021-09-11 10:26:38.583 UTC: 	 Started submission
DEBUG 2021-09-11 10:26:38.583 UTC: 	 Working on /afs/cern.ch/work/y/yian/work/GZ/CMSSW_10_6_20/src/PhysicsTools/NanoAODTools/WWG/2018/crab/crab2018/crab_WZ_TuneCP5_13TeV-pythia8_2018
DEBUG 2021-09-11 10:26:38.708 UTC: 	 Loading required information from the environment
DEBUG 2021-09-11 10:26:38.708 UTC: 	 Found CMSSW_10_6_20 for slc7_amd64_gcc820 with base /afs/cern.ch/work/y/yian/work/GZ/CMSSW_10_6_20
DEBUG 2021-09-11 10:26:38.708 UTC: 	 Loading required information from the environment
DEBUG 2021-09-11 10:26:38.708 UTC: 	 Found CMSSW_10_6_20 for slc7_amd64_gcc820 with base /afs/cern.ch/work/y/yian/work/GZ/CMSSW_10_6_20
DEBUG 2021-09-11 10:26:38.708 UTC: 	 UNIQUE NAME: tarUUID 3ff8a763-771a-49c3-b36c-80cae96351a5 
DEBUG 2021-09-11 10:26:38.708 UTC: 	 self.config: from WMCore.Configuration import Configuration
config = Configuration()
config.section_('General')
config.General.workArea = 'crab2018'
config.General.transferLogs = False
config.General.requestName = 'WZ_TuneCP5_13TeV-pythia8_2018'
config.section_('JobType')
config.JobType.scriptArgs = ['isdata=MC', 'year=2018', 'era=A']
config.JobType.scriptExe = './WWG_crab_script.sh'
config.JobType.pluginName = 'Analysis'
config.JobType.sendPythonFolder = True
config.JobType.allowUndistributedCMSSW = True
config.JobType.psetName = 'PSet.py'
config.JobType.inputFiles = ['../../../scripts/haddnano.py', '../WWG_selector/WWG_postproc.py', '../WWG_selector/WWG_Module.py', '../WWG_selector/WWG_keep_and_drop.txt', '../WWG_selector/WWG_output_branch.txt', '../WWG_selector/DAS_filesearch.py']
config.section_('Data')
config.Data.inputDataset = '/WZ_TuneCP5_13TeV-pythia8/RunIISummer20UL18NanoAODv9-106X_upgrade2018_realistic_v16_L1v1-v1/NANOAODSIM'
config.Data.allowNonValidInputDataset = True
config.Data.publication = False
config.Data.unitsPerJob = 1
config.Data.ignoreLocality = True
config.Data.inputDBS = 'global'
config.Data.splitting = 'FileBased'
config.Data.outputDatasetTag = 'WZ_TuneCP5_13TeV-pythia8_2018'
config.section_('Site')
config.Site.whitelist = ['T2_US_MIT', 'T2_US_Wisconsin', 'T2_US_Purdue', 'T2_US_UCSD', 'T2_US_Caltech', 'T2_US_Nebraska']
config.Site.storageSite = 'T3_CH_CERNBOX'

DEBUG 2021-09-11 10:26:38.708 UTC: 	 self.config.JobType.psetName: PSet.py
INFO 2021-09-11 10:26:38.709 UTC: 	 Importing CMSSW configuration PSet.py
INFO 2021-09-11 10:26:39.084 UTC: 	 Finished importing CMSSW configuration PSet.py
DEBUG 2021-09-11 10:26:39.084 UTC: 	 Writing CMSSW configuration to /afs/cern.ch/work/y/yian/work/GZ/CMSSW_10_6_20/src/PhysicsTools/NanoAODTools/WWG/2018/crab/crab2018/crab_WZ_TuneCP5_13TeV-pythia8_2018/inputs/PSet.py
DEBUG 2021-09-11 10:26:39.094 UTC: 	 The following EDM output files will be collected: ['tree.root']
DEBUG 2021-09-11 10:26:39.094 UTC: 	 The following TFile output files will be collected: []
DEBUG 2021-09-11 10:26:39.094 UTC: 	 The following user output files (not listed as PoolOuputModule or TFileService in the CMSSW PSet) will be collected: 
DEBUG 2021-09-11 10:26:39.094 UTC: 	 Loading required information from the environment
DEBUG 2021-09-11 10:26:39.094 UTC: 	 Found CMSSW_10_6_20 for slc7_amd64_gcc820 with base /afs/cern.ch/work/y/yian/work/GZ/CMSSW_10_6_20
DEBUG 2021-09-11 10:26:39.094 UTC: 	 Making tarball in /afs/cern.ch/work/y/yian/work/GZ/CMSSW_10_6_20/src/PhysicsTools/NanoAODTools/WWG/2018/crab/crab2018/crab_WZ_TuneCP5_13TeV-pythia8_2018/inputs/3ff8a763-771a-49c3-b36c-80cae96351a5default.tgz
DEBUG 2021-09-11 10:26:39.095 UTC: 	 Checking directory /afs/cern.ch/work/y/yian/work/GZ/CMSSW_10_6_20/lib
DEBUG 2021-09-11 10:26:39.095 UTC: 	 Adding directory /afs/cern.ch/work/y/yian/work/GZ/CMSSW_10_6_20/lib to tarball
DEBUG 2021-09-11 10:26:39.206 UTC: 	 Checking directory /afs/cern.ch/work/y/yian/work/GZ/CMSSW_10_6_20/biglib
DEBUG 2021-09-11 10:26:39.207 UTC: 	 Adding directory /afs/cern.ch/work/y/yian/work/GZ/CMSSW_10_6_20/biglib to tarball
DEBUG 2021-09-11 10:26:39.207 UTC: 	 Checking directory /afs/cern.ch/work/y/yian/work/GZ/CMSSW_10_6_20/module
DEBUG 2021-09-11 10:26:39.207 UTC: 	 Checking directory /afs/cern.ch/work/y/yian/work/GZ/CMSSW_10_6_20/python
DEBUG 2021-09-11 10:26:39.207 UTC: 	 Adding directory /afs/cern.ch/work/y/yian/work/GZ/CMSSW_10_6_20/python to tarball
DEBUG 2021-09-11 10:26:41.711 UTC: 	 Checking directory /afs/cern.ch/work/y/yian/work/GZ/CMSSW_10_6_20/cfipython
DEBUG 2021-09-11 10:26:41.712 UTC: 	 Adding directory /afs/cern.ch/work/y/yian/work/GZ/CMSSW_10_6_20/cfipython to tarball
DEBUG 2021-09-11 10:26:41.806 UTC: 	 Adding data directory /afs/cern.ch/work/y/yian/work/GZ/CMSSW_10_6_20/src/PhysicsTools/NanoAODTools/data to tarball
DEBUG 2021-09-11 10:27:03.036 UTC: 	 Adding data directory /afs/cern.ch/work/y/yian/work/GZ/CMSSW_10_6_20/src/PhysicsTools/NanoAODTools/interface to tarball
DEBUG 2021-09-11 10:27:03.040 UTC: 	 Adding data directory /afs/cern.ch/work/y/yian/work/GZ/CMSSW_10_6_20/src/PhysicsTools/NanoAODTools/python/postprocessing/data to tarball
DEBUG 2021-09-11 10:27:05.515 UTC: 	 Adding file ../../../scripts/haddnano.py to tarball
DEBUG 2021-09-11 10:27:05.515 UTC: 	 Adding file ../WWG_selector/WWG_postproc.py to tarball
DEBUG 2021-09-11 10:27:05.516 UTC: 	 Adding file ../WWG_selector/WWG_Module.py to tarball
DEBUG 2021-09-11 10:27:05.517 UTC: 	 Adding file ../WWG_selector/WWG_keep_and_drop.txt to tarball
DEBUG 2021-09-11 10:27:05.518 UTC: 	 Adding file ../WWG_selector/WWG_output_branch.txt to tarball
DEBUG 2021-09-11 10:27:05.518 UTC: 	 Adding file ../WWG_selector/DAS_filesearch.py to tarball
DEBUG 2021-09-11 10:27:10.213 UTC: 	 Uploading archive /afs/cern.ch/work/y/yian/work/GZ/CMSSW_10_6_20/src/PhysicsTools/NanoAODTools/WWG/2018/crab/crab2018/crab_WZ_TuneCP5_13TeV-pythia8_2018/inputs/3ff8a763-771a-49c3-b36c-80cae96351a5default.tgz (94 MB) to the CRAB cache. Using URI https://cmsweb.cern.ch/S3/crabcache_prod
DEBUG 2021-09-11 10:27:33.785 UTC: 	 sandbox ce4024b067767c0af918e51c87b31628855166e163a541c120405109f27fbcb5.tar.gz is already in the S3 store, will not upload again
DEBUG 2021-09-11 10:27:33.786 UTC: 	 Loading required information from the environment
DEBUG 2021-09-11 10:27:33.786 UTC: 	 Found CMSSW_10_6_20 for slc7_amd64_gcc820 with base /afs/cern.ch/work/y/yian/work/GZ/CMSSW_10_6_20
DEBUG 2021-09-11 10:27:33.786 UTC: 	 Making tarball in /afs/cern.ch/work/y/yian/work/GZ/CMSSW_10_6_20/src/PhysicsTools/NanoAODTools/WWG/2018/crab/crab2018/crab_WZ_TuneCP5_13TeV-pythia8_2018/inputs/debugFiles.tgz
DEBUG 2021-09-11 10:27:33.791 UTC: 	 Uploading archive /afs/cern.ch/work/y/yian/work/GZ/CMSSW_10_6_20/src/PhysicsTools/NanoAODTools/WWG/2018/crab/crab2018/crab_WZ_TuneCP5_13TeV-pythia8_2018/inputs/debugFiles.tgz (1 KB) to the CRAB cache. Using URI https://cmsweb.cern.ch/S3/crabcache_prod
DEBUG 2021-09-11 10:27:33.874 UTC: 	 Will execute:
curl -f -v -X POST  -H "User-Agent: CRAB" -F "key=yian/sandboxes/9ea625fd8596d4b98651e40d1f29361b62e368717c291c4db4335eeb7efa9646.tar.gz" -F "AWSAccessKeyId=ab00fcc889f248c495d2875f15a3badb" -F "policy=eyJjb25kaXRpb25zIjogW3siYnVja2V0IjogImNyYWJjYWNoZV9wcm9kIn0sIHsia2V5IjogInlpYW4vc2FuZGJveGVzLzllYTYyNWZkODU5NmQ0Yjk4NjUxZTQwZDFmMjkzNjFiNjJlMzY4NzE3YzI5MWM0ZGI0MzM1ZWViN2VmYTk2NDYudGFyLmd6In1dLCAiZXhwaXJhdGlvbiI6ICIyMDIxLTA5LTExVDExOjI3OjMzWiJ9" -F "signature=XS5+od6Z3Q3wjCDbHU8KAukpaEg=" -F "file=@/afs/cern.ch/work/y/yian/work/GZ/CMSSW_10_6_20/src/PhysicsTools/NanoAODTools/WWG/2018/crab/crab2018/crab_WZ_TuneCP5_13TeV-pythia8_2018/inputs/debugFiles.tgz" "https://s3.cern.ch/crabcache_prod"
DEBUG 2021-09-11 10:27:34.945 UTC: 	 exitcode: 0
stdout: 
stderr: Note: Unnecessary use of -X or --request, POST is already inferred.
  % Total    % Received % Xferd  Average Speed   Time    Time     Time  Current
                                 Dload  Upload   Total   Spent    Left  Speed
  0     0    0     0    0     0      0      0 --:--:-- --:--:-- --:--:--     0*   Trying 2001:1458:d00:14::341...
* TCP_NODELAY set
* Connected to s3.cern.ch (2001:1458:d00:14::341) port 443 (#0)
* ALPN, offering http/1.1
* Cipher selection: ALL:!EXPORT:!EXPORT40:!EXPORT56:!aNULL:!LOW:!RC4:@STRENGTH
* successfully set certificate verify locations:
  CAfile: /etc/pki/tls/certs/ca-bundle.crt
  CApath: none
* TLSv1.2 (OUT), TLS header, Certificate Status (22):
} [5 bytes data]
* TLSv1.2 (OUT), TLS handshake, Client hello (1):
} [512 bytes data]
* TLSv1.2 (IN), TLS handshake, Server hello (2):
{ [70 bytes data]
* TLSv1.2 (IN), TLS handshake, Certificate (11):
{ [4780 bytes data]
* TLSv1.2 (IN), TLS handshake, Server key exchange (12):
{ [333 bytes data]
* TLSv1.2 (IN), TLS handshake, Server finished (14):
{ [4 bytes data]
* TLSv1.2 (OUT), TLS handshake, Client key exchange (16):
} [70 bytes data]
* TLSv1.2 (OUT), TLS change cipher, Client hello (1):
} [1 bytes data]
* TLSv1.2 (OUT), TLS handshake, Finished (20):
} [16 bytes data]
* TLSv1.2 (IN), TLS change cipher, Client hello (1):
{ [1 bytes data]
* TLSv1.2 (IN), TLS handshake, Finished (20):
{ [16 bytes data]
* SSL connection using TLSv1.2 / ECDHE-RSA-AES128-GCM-SHA256
* ALPN, server accepted to use http/1.1
* Server certificate:
*  subject: C=CH; ST=Genève; L=Meyrin; O=Organisation européenne pour la Recherche nucléaire (CERN); CN=*.s3.cern.ch
*  start date: Mar 10 00:00:00 2021 GMT
*  expire date: Mar 10 23:59:59 2022 GMT
*  subjectAltName: host "s3.cern.ch" matched cert's "s3.cern.ch"
*  issuer: C=GB; ST=Greater Manchester; L=Salford; O=Sectigo Limited; CN=Sectigo RSA Organization Validation Secure Server CA
*  SSL certificate verify ok.
} [5 bytes data]
> POST /crabcache_prod HTTP/1.1
> Host: s3.cern.ch
> Accept: */*
> User-Agent: CRAB
> Content-Length: 2762
> Content-Type: multipart/form-data; boundary=------------------------7973b46f3ef4f13a
> Expect: 100-continue
> 
* Done waiting for 100-continue
  0  2762    0     0    0     0      0      0 --:--:--  0:00:01 --:--:--     0} [5 bytes data]
< HTTP/1.1 100 Continue
{ [5 bytes data]
< HTTP/1.1 204 No Content
< Accept-Ranges: bytes
< Bucket: crabcache_prod
< Date: Sat, 11 Sep 2021 10:27:34 GMT
< X-Amz-Request-Id: tx00000000000000e250331-00613c8495-1e049857-default
< 
100  2762    0     0  100  2762      0   2684  0:00:01  0:00:01 --:--:--  2684
* Connection #0 to host s3.cern.ch left intact

DEBUG 2021-09-11 10:27:34.946 UTC: 	 sandbox /afs/cern.ch/work/y/yian/work/GZ/CMSSW_10_6_20/src/PhysicsTools/NanoAODTools/WWG/2018/crab/crab2018/crab_WZ_TuneCP5_13TeV-pythia8_2018/inputs/debugFiles.tgz successully uploaded to S3
DEBUG 2021-09-11 10:27:34.946 UTC: 	 Result uploading input files: ce4024b067767c0af918e51c87b31628855166e163a541c120405109f27fbcb5.tar.gz 
INFO 2021-09-11 10:27:34.946 UTC: 	 Sending the request to the server at cmsweb.cern.ch
DEBUG 2021-09-11 10:27:34.947 UTC: 	 Submitting {'maxjobruntime': 1250, 'extrajdl': [], 'ignorelocality': 1, 'savelogsflag': 0, 'useparent': 0, 'scriptexe': 'WWG_crab_script.sh', 'asyncdest': 'T3_CH_CERNBOX', 'algoargs': 1, 'cachefilename': 'ce4024b067767c0af918e51c87b31628855166e163a541c120405109f27fbcb5.tar.gz', 'numcores': 1, 'addoutputfiles': [], 'generator': 'pythia', 'maxmemory': 2000, 'publishdbsurl': 'https://cmsweb.cern.ch/dbs/prod/phys03/DBSWriter', 'priority': 10, 'jobsw': 'CMSSW_10_6_20', 'edmoutfiles': ['tree.root'], 'userfiles': [], 'primarydataset': '', 'inputdata': '/WZ_TuneCP5_13TeV-pythia8/RunIISummer20UL18NanoAODv9-106X_upgrade2018_realistic_v16_L1v1-v1/NANOAODSIM', 'dryrun': 0, 'workflow': 'crab_WZ_TuneCP5_13TeV-pythia8_2018', 'scriptargs': ['isdata=MC', 'year=2018', 'era=A'], 'sitewhitelist': ['T2_US_MIT', 'T2_US_Wisconsin', 'T2_US_Purdue', 'T2_US_UCSD', 'T2_US_Caltech', 'T2_US_Nebraska'], 'nonprodsw': 1, 'tfileoutfiles': [], 'oneEventMode': 0, 'debugfilename': '9ea625fd8596d4b98651e40d1f29361b62e368717c291c4db4335eeb7efa9646.tar.gz', 'cacheurl': u'https://cmsweb.cern.ch/S3/crabcache_prod', 'saveoutput': 1, 'publication': 0, 'jobarch': 'slc7_amd64_gcc820', 'totalunits': 0, 'splitalgo': 'FileBased', 'ignoreglobalblacklist': 0, 'nonvaliddata': 1, 'dbsurl': 'https://cmsweb.cern.ch/dbs/prod/global/DBSReader', 'publishgroupname': 0, 'jobtype': 'Analysis', 'publishname2': 'WZ_TuneCP5_13TeV-pythia8_2018'} 
DEBUG 2021-09-11 10:27:34.947 UTC: 	 Encoded submit request: maxjobruntime=1250&ignorelocality=1&savelogsflag=0&useparent=0&scriptexe=WWG_crab_script.sh&asyncdest=T3_CH_CERNBOX&algoargs=1&cachefilename=ce4024b067767c0af918e51c87b31628855166e163a541c120405109f27fbcb5.tar.gz&numcores=1&generator=pythia&maxmemory=2000&publishdbsurl=https%3A%2F%2Fcmsweb.cern.ch%2Fdbs%2Fprod%2Fphys03%2FDBSWriter&priority=10&jobsw=CMSSW_10_6_20&primarydataset=&inputdata=%2FWZ_TuneCP5_13TeV-pythia8%2FRunIISummer20UL18NanoAODv9-106X_upgrade2018_realistic_v16_L1v1-v1%2FNANOAODSIM&dryrun=0&workflow=crab_WZ_TuneCP5_13TeV-pythia8_2018&nonprodsw=1&oneEventMode=0&debugfilename=9ea625fd8596d4b98651e40d1f29361b62e368717c291c4db4335eeb7efa9646.tar.gz&cacheurl=https%3A%2F%2Fcmsweb.cern.ch%2FS3%2Fcrabcache_prod&saveoutput=1&publication=0&jobarch=slc7_amd64_gcc820&totalunits=0&splitalgo=FileBased&ignoreglobalblacklist=0&nonvaliddata=1&dbsurl=https%3A%2F%2Fcmsweb.cern.ch%2Fdbs%2Fprod%2Fglobal%2FDBSReader&publishgroupname=0&jobtype=Analysis&publishname2=WZ_TuneCP5_13TeV-pythia8_2018&sitewhitelist=T2_US_MIT&sitewhitelist=T2_US_Wisconsin&sitewhitelist=T2_US_Purdue&sitewhitelist=T2_US_UCSD&sitewhitelist=T2_US_Caltech&sitewhitelist=T2_US_Nebraska&edmoutfiles=tree.root&scriptargs=isdata%3DMC&scriptargs=year%3D2018&scriptargs=era%3DA
DEBUG 2021-09-11 10:27:35.017 UTC: 	 Result: {u'result': [{u'RequestName': u'210911_102734:yian_crab_WZ_TuneCP5_13TeV-pythia8_2018'}]}
INFO 2021-09-11 10:27:35.020 UTC: 	 Success: Your task has been delivered to the prod CRAB3 server.
INFO 2021-09-11 10:27:35.020 UTC: 	 Task name: 210911_102734:yian_crab_WZ_TuneCP5_13TeV-pythia8_2018
INFO 2021-09-11 10:27:35.020 UTC: 	 Project dir: crab2018/crab_WZ_TuneCP5_13TeV-pythia8_2018
INFO 2021-09-11 10:27:35.020 UTC: 	 Please use ' crab status -d crab2018/crab_WZ_TuneCP5_13TeV-pythia8_2018 ' to check how the submission process proceeds.
DEBUG 2021-09-11 10:27:35.020 UTC: 	 About to return
INFO 2021-09-11 10:27:35.023 UTC: 	 Log file is /afs/cern.ch/work/y/yian/work/GZ/CMSSW_10_6_20/src/PhysicsTools/NanoAODTools/WWG/2018/crab/crab2018/crab_WZ_TuneCP5_13TeV-pythia8_2018/crab.log
DEBUG 2021-09-12 11:08:21.085 UTC: 	 CRAB Client version: v3.210825
DEBUG 2021-09-12 11:08:21.086 UTC: 	 Running on: Linux lxplus710.cern.ch 3.10.0-1160.36.2.el7.x86_64 #1 SMP Wed Jul 21 11:57:15 UTC 2021 x86_64 x86_64 x86_64 GNU/Linux - CentOS Linux 7 (Core)
DEBUG 2021-09-12 11:08:21.086 UTC: 	 Executing command: 'status'
DEBUG 2021-09-12 11:08:21.086 UTC: 	 Found CRAB cache file /afs/cern.ch/user/y/yian/.crab3
DEBUG 2021-09-12 11:08:21.184 UTC: 	 Checking credentials
DEBUG 2021-09-12 11:08:21.185 UTC: 	 Found proxy file /tmp/x509up_u110046
DEBUG 2021-09-12 11:08:21.185 UTC: 	 Getting proxy life time left
DEBUG 2021-09-12 11:08:21.892 UTC: 	 Executing : 
 command : voms-proxy-info -file /tmp/x509up_u110046 -timeleft
 output : 604304

 error: 
 retcode : 0
DEBUG 2021-09-12 11:08:22.498 UTC: 	 Executing : 
 command : voms-proxy-info -file /tmp/x509up_u110046 -actimeleft
 output : 604303

 error: 
 retcode : 0
DEBUG 2021-09-12 11:08:22.498 UTC: 	 Proxy lifetime 604304 secs is different from voms extension lifetime 604303 secs for proxy: /tmp/x509up_u110046
DEBUG 2021-09-12 11:08:22.498 UTC: 	 Proxy valid for 167:51:43 hours
DEBUG 2021-09-12 11:08:22.580 UTC: 	 Registering user credentials for server /DC=ch/DC=cern/OU=computers/CN=crab-(preprod|prod|dev)-tw(02|01).cern.ch|/DC=ch/DC=cern/OU=computers/CN=(ddi|ddidk|mytw).cern.ch|/DC=ch/DC=cern/OU=computers/CN=stefanov(m|m2).cern.ch
DEBUG 2021-09-12 11:08:23.293 UTC: 	 Executing : 
 command : voms-proxy-info -file /tmp/x509up_u110046 -identity
 output : /DC=ch/DC=cern/OU=Organic Units/OU=Users/CN=yian/CN=826694/CN=Ying An

 error: 
 retcode : 0
DEBUG 2021-09-12 11:08:23.311 UTC: 	 Getting myproxy life time left for myproxy.cern.ch
DEBUG 2021-09-12 11:08:23.311 UTC: 	 using b52ac606a6f7097e9b4b8f05a3a67cc69f8f291b as credential login name
DEBUG 2021-09-12 11:08:23.716 UTC: 	 Executing : 
 command : myproxy-info -l b52ac606a6f7097e9b4b8f05a3a67cc69f8f291b -s myproxy.cern.ch
 output : username: b52ac606a6f7097e9b4b8f05a3a67cc69f8f291b
owner: /DC=ch/DC=cern/OU=Organic Units/OU=Users/CN=yian/CN=826694/CN=Ying An
  renewal policy: /DC=ch/DC=cern/OU=computers/CN=crab-(preprod|prod|dev)-tw(02|01).cern.ch|/DC=ch/DC=cern/OU=computers/CN=(ddi|ddidk|mytw).cern.ch|/DC=ch/DC=cern/OU=computers/CN=stefanov(m|m2).cern.ch
  trusted retrieval policy: /DC=ch/DC=cern/OU=computers/CN=crab-(preprod|prod|dev)-tw(02|01).cern.ch|/DC=ch/DC=cern/OU=computers/CN=(ddi|ddidk|mytw).cern.ch|/DC=ch/DC=cern/OU=computers/CN=stefanov(m|m2).cern.ch
  timeleft: 719:53:18  (30.0 days)

 error: 
 retcode : 0
DEBUG 2021-09-12 11:08:23.717 UTC: 	 Myproxy is valid: 2591598
DEBUG 2021-09-12 11:08:23.717 UTC: 	 Retrieving username ...
DEBUG 2021-09-12 11:08:23.717 UTC: 	 Retrieving username from CRIC...
DEBUG 2021-09-12 11:08:24.608 UTC: 	 username is yian
DEBUG 2021-09-12 11:08:24.620 UTC: 	 Getting myproxy life time left for myproxy.cern.ch
DEBUG 2021-09-12 11:08:24.620 UTC: 	 using yian_CRAB as credential login name
DEBUG 2021-09-12 11:08:25.026 UTC: 	 Executing : 
 command : myproxy-info -l yian_CRAB -s myproxy.cern.ch
 output : username: yian_CRAB
owner: /DC=ch/DC=cern/OU=Organic Units/OU=Users/CN=yian/CN=826694/CN=Ying An
  renewal policy: /DC=ch/DC=cern/OU=computers/CN=crab-(preprod|prod|dev)-tw(02|01).cern.ch|/DC=ch/DC=cern/OU=computers/CN=(ddi|ddidk|mytw).cern.ch|/DC=ch/DC=cern/OU=computers/CN=stefanov(m|m2).cern.ch
  trusted retrieval policy: /DC=ch/DC=cern/OU=computers/CN=crab-(preprod|prod|dev)-tw(02|01).cern.ch|/DC=ch/DC=cern/OU=computers/CN=(ddi|ddidk|mytw).cern.ch|/DC=ch/DC=cern/OU=computers/CN=stefanov(m|m2).cern.ch
  timeleft: 719:53:30  (30.0 days)

 error: 
 retcode : 0
DEBUG 2021-09-12 11:08:25.026 UTC: 	 Myproxy is valid: 2591610
DEBUG 2021-09-12 11:08:25.026 UTC: 	 Result of myproxy credential check:
  Credential exists on myproxy: username: b52ac606a6f7097e9b4b8f05a3a67cc69f8f291b  - validity: 29 days, 23:53:18
  Credential exists on myproxy: username: yian_CRAB  - validity: 29 days, 23:53:30
DEBUG 2021-09-12 11:08:25.028 UTC: 	 Command use: status
DEBUG 2021-09-12 11:08:25.028 UTC: 	 Options use: ['-d', 'crab2018/crab_WZ_TuneCP5_13TeV-pythia8_2018']
DEBUG 2021-09-12 11:08:25.079 UTC: 	 CRABClient version: v3.210825
DEBUG 2021-09-12 11:08:25.079 UTC: 	 Instance is prod
DEBUG 2021-09-12 11:08:25.079 UTC: 	 Server base url is cmsweb.cern.ch
DEBUG 2021-09-12 11:08:25.079 UTC: 	 Command api workflow
DEBUG 2021-09-12 11:08:25.170 UTC: 	 Got information from server oracle database: {u'result': [u'210911_102734:yian_crab_WZ_TuneCP5_13TeV-pythia8_2018', u'None', u'None', u'SUBMITTED', u'SUBMIT', u'2021-09-11 10:27:35.010524', u'None', u'2021-09-11 10:28:54.867361', u'None', u'CMSSW_10_6_20', u'slc7_amd64_gcc820', u'/WZ_TuneCP5_13TeV-pythia8/RunIISummer20UL18NanoAODv9-106X_upgrade2018_realistic_v16_L1v1-v1/NANOAODSIM', u'T', u'0', u"[u'T2_US_UCSD', u'T2_US_Wisconsin', u'T2_US_MIT', u'T2_US_Caltech', u'T2_US_Purdue', u'T2_US_Nebraska']", u'[]', u'FileBased', u"{'splitOnRun': False, 'halt_job_on_file_boundaries': False, 'files_per_job': 1, 'runs': [], 'lumis': []}", u'ce4024b067767c0af918e51c87b31628855166e163a541c120405109f27fbcb5.tar.gz', u'https://cmsweb.cern.ch/S3/crabcache_prod', u'yian', u'/DC=ch/DC=cern/OU=Organic Units/OU=Users/CN=yian/CN=826694/CN=Ying An', u'cms', u'None', u'None', u'WZ_TuneCP5_13TeV-pythia8_2018-00000000000000000000000000000000', u'F', u'T3_CH_CERNBOX', u'https://cmsweb.cern.ch/dbs/prod/global/DBSReader', u'https://cmsweb.cern.ch/dbs/prod/phys03/DBSWriter', u'F', u'[]', u'[]', u"[b'tree.root']", u'Analysis', u'pythia', u'None', u'{}', u'[]', u'F', u'crab-prod-tw01', u'[]', u'1250', u'1', u'2000', u'10', u"['/WZ_TuneCP5_13TeV-pythia8/yian-WZ_TuneCP5_13TeV-pythia8_2018-1ea93bf7cfbb24e247bd0f4bd1955225/USER']", u'[]', u'http://vocms0144.cern.ch/mon/cms1407/210911_102734:yian_crab_WZ_TuneCP5_13TeV-pythia8_2018', u'WWG_crab_script.sh', u"[b'isdata=MC', b'year=2018', b'era=A']", u'[]', u'https://cmsweb.cern.ch/crabserver/prod', u'cmsgwms-collector-global.cern.ch:9620,cmsgwms-collector-global.fnal.gov:9620', u'crab3@vocms0144.cern.ch', u'F', u'[]', u'T', u'/store/user/yian/', u'T', u'None', u'F', u'None', u'WZ_TuneCP5_13TeV-pythia8', u'None', u'9ea625fd8596d4b98651e40d1f29361b62e368717c291c4db4335eeb7efa9646.tar.gz', u'71964720', u'filetransfers', u'F', u'188.184.97.219', u'0.0', u'None'], u'desc': {u'columns': [u'tm_taskname', u'tm_activity', u'panda_jobset_id', u'tm_task_status', u'tm_task_command', u'tm_start_time', u'tm_start_injection', u'tm_end_injection', u'tm_task_failure', u'tm_job_sw', u'tm_job_arch', u'tm_input_dataset', u'tm_nonvalid_input_dataset', u'tm_use_parent', u'tm_site_whitelist', u'tm_site_blacklist', u'tm_split_algo', u'tm_split_args', u'tm_user_sandbox', u'tm_cache_url', u'tm_username', u'tm_user_dn', u'tm_user_vo', u'tm_user_role', u'tm_user_group', u'tm_publish_name', u'tm_publish_groupname', u'tm_asyncdest', u'tm_dbs_url', u'tm_publish_dbs_url', u'tm_publication', u'tm_outfiles', u'tm_tfile_outfiles', u'tm_edm_outfiles', u'tm_job_type', u'tm_generator', u'tm_events_per_lumi', u'tm_arguments', u'panda_resubmitted_jobs', u'tm_save_logs', u'tw_name', u'tm_user_infiles', u'tm_maxjobruntime', u'tm_numcores', u'tm_maxmemory', u'tm_priority', u'tm_output_dataset', u'tm_task_warnings', u'tm_user_webdir', u'tm_scriptexe', u'tm_scriptargs', u'tm_extrajdl', u'tm_asourl', u'tm_collector', u'tm_schedd', u'tm_dry_run', u'tm_user_files', u'tm_transfer_outputs', u'tm_output_lfn', u'tm_ignore_locality', u'tm_fail_limit', u'tm_one_event_mode', u'tm_secondary_input_dataset', u'tm_primary_dataset', u'tm_last_publication', u'tm_debug_files', u'clusterid', u'tm_asodb', u'tm_ignore_global_blacklist', u'tm_submitter_ip_addr', u'tm_totalunits', u'tm_ddm_reqid']}}
INFO 2021-09-12 11:08:25.171 UTC: 	 CRAB project directory:		/afs/cern.ch/work/y/yian/work/GZ/CMSSW_10_6_20/src/PhysicsTools/NanoAODTools/WWG/2018/crab/crab2018/crab_WZ_TuneCP5_13TeV-pythia8_2018
INFO 2021-09-12 11:08:25.171 UTC: 	 Task name:			210911_102734:yian_crab_WZ_TuneCP5_13TeV-pythia8_2018
INFO 2021-09-12 11:08:25.171 UTC: 	 Grid scheduler - Task Worker:	crab3@vocms0144.cern.ch - crab-prod-tw01
INFO 2021-09-12 11:08:25.171 UTC: 	 Status on the CRAB server:	SUBMITTED
INFO 2021-09-12 11:08:25.171 UTC: 	 Task URL to use for HELP:	https://cmsweb.cern.ch/crabserver/ui/task/210911_102734%3Ayian_crab_WZ_TuneCP5_13TeV-pythia8_2018
INFO 2021-09-12 11:08:25.174 UTC: 	 Dashboard monitoring URL:	https://monit-grafana.cern.ch/d/cmsTMDetail/cms-task-monitoring-task-view?orgId=11&var-user=yian&var-task=210911_102734%3Ayian_crab_WZ_TuneCP5_13TeV-pythia8_2018&from=1631352455000&to=now
DEBUG 2021-09-12 11:08:25.174 UTC: 	 The CRAB server submitted your task to the Grid scheduler (cluster ID: 71964720)
DEBUG 2021-09-12 11:08:25.174 UTC: 	 Webdir is located at http://vocms0144.cern.ch/mon/cms1407/210911_102734:yian_crab_WZ_TuneCP5_13TeV-pythia8_2018
DEBUG 2021-09-12 11:08:25.376 UTC: 	 Proxied webdir is located at https://cmsweb.cern.ch:8443/scheddmon/0144/cms1407/210911_102734:yian_crab_WZ_TuneCP5_13TeV-pythia8_2018
DEBUG 2021-09-12 11:08:25.376 UTC: 	 Retrieving 'status_cache' file from https://cmsweb.cern.ch:8443/scheddmon/0144/cms1407/210911_102734:yian_crab_WZ_TuneCP5_13TeV-pythia8_2018/status_cache
DEBUG 2021-09-12 11:08:25.417 UTC: 	 Got information from status cache file: {'11': {'Retries': 0, 'WallDurations': [9.0, 216.72439098358154, 730.0], 'StartTimes': [1631356298.0], 'SubmitTimes': [1631356145.0], 'JobIds': ['71964734.0'], 'EndTimes': [1631357028.0], 'Restarts': 0, 'RecordedSite': True, 'State': 'finished', 'ResidentSetSize': [723100], 'TotalUserCpuTimeHistory': [318], 'SiteHistory': ['Unknown', 'T2_US_Nebraska', 'T2_US_Nebraska'], 'TotalSysCpuTimeHistory': [12]}, '10': {'Retries': 0, 'WallDurations': [8.0, 219.72439098358154, 4898.0], 'StartTimes': [1631356295.0], 'SubmitTimes': [1631356145.0], 'JobIds': ['71964733.0'], 'EndTimes': [1631361193.0], 'Restarts': 0, 'RecordedSite': True, 'State': 'finished', 'ResidentSetSize': [765512], 'TotalUserCpuTimeHistory': [1207], 'SiteHistory': ['Unknown', 'T2_US_MIT', 'T2_US_MIT'], 'TotalSysCpuTimeHistory': [76]}, '13': {'Retries': 0, 'WallDurations': [8.0, 215.72439098358154, 9479.0], 'StartTimes': [1631356299.0], 'SubmitTimes': [1631356145.0], 'JobIds': ['71964736.0'], 'EndTimes': [1631365778.0], 'Restarts': 0, 'RecordedSite': True, 'State': 'finished', 'ResidentSetSize': [1002824], 'TotalUserCpuTimeHistory': [8734], 'SiteHistory': ['Unknown', 'T2_US_Wisconsin', 'T2_US_Wisconsin'], 'TotalSysCpuTimeHistory': [529]}, '12': {'Retries': 0, 'WallDurations': [9.0, 208.72439098358154, 3546.0], 'StartTimes': [1631356306.0], 'SubmitTimes': [1631356145.0], 'JobIds': ['71964735.0'], 'EndTimes': [1631359852.0], 'Restarts': 0, 'RecordedSite': True, 'State': 'finished', 'ResidentSetSize': [815984], 'TotalUserCpuTimeHistory': [683], 'SiteHistory': ['Unknown', 'T2_US_MIT', 'T2_US_MIT'], 'TotalSysCpuTimeHistory': [73]}, '15': {'Retries': 0, 'WallDurations': [8.0, 215.72439098358154, 3342.0], 'StartTimes': [1631356299.0], 'SubmitTimes': [1631356145.0], 'JobIds': ['71964738.0'], 'EndTimes': [1631359641.0], 'Restarts': 0, 'RecordedSite': True, 'State': 'finished', 'ResidentSetSize': [936544], 'TotalUserCpuTimeHistory': [628], 'SiteHistory': ['Unknown', 'T2_US_Wisconsin', 'T2_US_Wisconsin'], 'TotalSysCpuTimeHistory': [37]}, '14': {'Retries': 0, 'WallDurations': [8.0, 216.72439098358154, 4291.0], 'StartTimes': [1631356298.0], 'SubmitTimes': [1631356145.0], 'JobIds': ['71964737.0'], 'EndTimes': [1631360589.0], 'Restarts': 0, 'RecordedSite': True, 'State': 'finished', 'ResidentSetSize': [826544], 'TotalUserCpuTimeHistory': [3881], 'SiteHistory': ['Unknown', 'T2_US_MIT', 'T2_US_MIT'], 'TotalSysCpuTimeHistory': [210]}, '16': {'Retries': 0, 'WallDurations': [8.0, 218.72439098358154, 11746.0], 'StartTimes': [1631356296.0], 'SubmitTimes': [1631356145.0], 'JobIds': ['71964739.0'], 'EndTimes': [1631368042.0], 'Restarts': 0, 'RecordedSite': True, 'State': 'finished', 'ResidentSetSize': [817588], 'TotalUserCpuTimeHistory': [1693], 'SiteHistory': ['Unknown', 'T2_US_Purdue', 'T2_US_Purdue'], 'TotalSysCpuTimeHistory': [182]}, '1': {'Retries': 0, 'WallDurations': [9.0, 219.72439098358154, 7368.0], 'StartTimes': [1631356295.0], 'SubmitTimes': [1631356139.0], 'JobIds': ['71964724.0'], 'EndTimes': [1631363663.0], 'Restarts': 0, 'RecordedSite': True, 'State': 'finished', 'ResidentSetSize': [802516], 'TotalUserCpuTimeHistory': [2375], 'SiteHistory': ['Unknown', 'T2_US_MIT', 'T2_US_MIT'], 'TotalSysCpuTimeHistory': [158]}, '3': {'Retries': 1, 'WallDurations': [9.0, 216.72439098358154, 22348.0, 9.0, 222.39077591896057, 39736.0], 'StartTimes': [1631356298.0, 1631380757.0], 'SubmitTimes': [1631356139.0, 1631380522.0], 'JobIds': ['71964726.0', '71975490.0'], 'EndTimes': [1631378646.0, 1631420493.0], 'Restarts': 0, 'RecordedSite': True, 'State': 'finished', 'ResidentSetSize': [788932, 863388], 'TotalUserCpuTimeHistory': [4589, 12715], 'SiteHistory': ['Unknown', 'T2_US_MIT', 'T2_US_MIT', 'Unknown', 'T2_US_Nebraska', 'T2_US_Nebraska'], 'TotalSysCpuTimeHistory': [365, 841]}, '2': {'Retries': 0, 'WallDurations': [10.0, 174.72439098358154, 3020.0], 'StartTimes': [1631356340.0], 'SubmitTimes': [1631356139.0], 'JobIds': ['71964725.0'], 'EndTimes': [1631359360.0], 'Restarts': 0, 'RecordedSite': True, 'State': 'finished', 'ResidentSetSize': [753996], 'TotalUserCpuTimeHistory': [2635], 'SiteHistory': ['Unknown', 'T2_US_MIT', 'T2_US_MIT'], 'TotalSysCpuTimeHistory': [307]}, '5': {'Retries': 0, 'WallDurations': [9.0, 9.724390983581543, 1963.0], 'StartTimes': [1631356505.0], 'SubmitTimes': [1631356139.0], 'JobIds': ['71964728.0'], 'EndTimes': [1631358468.0], 'Restarts': 0, 'RecordedSite': True, 'State': 'finished', 'ResidentSetSize': [759424], 'TotalUserCpuTimeHistory': [560], 'SiteHistory': ['Unknown', 'T2_US_Nebraska', 'T2_US_Nebraska'], 'TotalSysCpuTimeHistory': [31]}, '4': {'Retries': 0, 'WallDurations': [9.0, 212.72439098358154, 30433.0], 'StartTimes': [1631356302.0], 'SubmitTimes': [1631356139.0], 'JobIds': ['71964727.0'], 'EndTimes': [1631386735.0], 'Restarts': 0, 'RecordedSite': True, 'State': 'finished', 'ResidentSetSize': [795536], 'TotalUserCpuTimeHistory': [6863], 'SiteHistory': ['Unknown', 'T2_US_Nebraska', 'T2_US_Nebraska'], 'TotalSysCpuTimeHistory': [536]}, '7': {'Retries': 0, 'WallDurations': [10.0, 208.72439098358154, 3820.0], 'StartTimes': [1631356306.0], 'SubmitTimes': [1631356139.0], 'JobIds': ['71964730.0'], 'EndTimes': [1631360126.0], 'Restarts': 0, 'RecordedSite': True, 'State': 'finished', 'ResidentSetSize': [769244], 'TotalUserCpuTimeHistory': [1016], 'SiteHistory': ['Unknown', 'T2_US_Nebraska', 'T2_US_Nebraska'], 'TotalSysCpuTimeHistory': [70]}, '6': {'Retries': 0, 'WallDurations': [9.0, 217.72439098358154, 29874.0], 'StartTimes': [1631356297.0], 'SubmitTimes': [1631356139.0], 'JobIds': ['71964729.0'], 'EndTimes': [1631386171.0], 'Restarts': 0, 'RecordedSite': True, 'State': 'finished', 'ResidentSetSize': [853368], 'TotalUserCpuTimeHistory': [7032], 'SiteHistory': ['Unknown', 'T2_US_Nebraska', 'T2_US_Nebraska'], 'TotalSysCpuTimeHistory': [588]}, '9': {'Retries': 1, 'WallDurations': [9.0, 156.72439098358154, 33242.0, 9.0, 162.07119607925415, 10717.0], 'StartTimes': [1631356358.0, 1631391661.0], 'SubmitTimes': [1631356144.0, 1631391471.0], 'JobIds': ['71964732.0', '71976509.0'], 'EndTimes': [1631389600.0, 1631402378.0], 'Restarts': 0, 'RecordedSite': True, 'State': 'finished', 'ResidentSetSize': [829552, 828868], 'TotalUserCpuTimeHistory': [6672, 9134], 'SiteHistory': ['Unknown', 'T2_US_MIT', 'T2_US_MIT', 'Unknown', 'T2_US_MIT', 'T2_US_MIT'], 'TotalSysCpuTimeHistory': [842, 589]}, '8': {'Retries': 1, 'WallDurations': [8.0, 218.72439098358154, 13238.0, 8.0, 18490.0], 'StartTimes': [1631356296.0, 1631371478.0], 'SubmitTimes': [1631356144.0, 1631371408.0], 'JobIds': ['71964731.0', '71973343.0'], 'EndTimes': [1631369534.0, 1631389968.0], 'Restarts': 0, 'RecordedSite': True, 'State': 'finished', 'ResidentSetSize': [806128, 845508], 'TotalUserCpuTimeHistory': [3342, 2719], 'SiteHistory': ['Unknown', 'T2_US_MIT', 'T2_US_MIT', 'T2_US_UCSD', 'T2_US_UCSD'], 'TotalSysCpuTimeHistory': [346, 198]}}
INFO 2021-09-12 11:08:25.418 UTC: 	 Status on the scheduler:	COMPLETED
INFO 2021-09-12 11:08:25.418 UTC: 	 
Jobs status:                    finished     		100.0% (16/16)
INFO 2021-09-12 11:08:25.418 UTC: 	 
No publication information (publication has been disabled in the CRAB configuration file)
INFO 2021-09-12 11:08:25.419 UTC: 	 
Warning: the average jobs CPU efficiency is less than 50%, please consider to improve the jobs splitting (e.g. config.Data.splitting = 'Automatic') in a new task
INFO 2021-09-12 11:08:25.419 UTC: 	 
Summary of run jobs:
 * Memory: 706MB min, 979MB max, 803MB ave
 * Runtime: 0:12:10 min, 11:02:16 max, 3:11:05 ave
 * CPU eff: 16% min, 98% max, 36% ave
 * Waste: 20:08:46 (28% of total)

INFO 2021-09-12 11:08:26.086 UTC: 	 Log file is /afs/cern.ch/work/y/yian/work/GZ/CMSSW_10_6_20/src/PhysicsTools/NanoAODTools/WWG/2018/crab/crab2018/crab_WZ_TuneCP5_13TeV-pythia8_2018/crab.log
DEBUG 2021-09-12 11:32:53.739 UTC: 	 CRAB Client version: v3.210825
DEBUG 2021-09-12 11:32:53.740 UTC: 	 Running on: Linux lxplus710.cern.ch 3.10.0-1160.36.2.el7.x86_64 #1 SMP Wed Jul 21 11:57:15 UTC 2021 x86_64 x86_64 x86_64 GNU/Linux - CentOS Linux 7 (Core)
DEBUG 2021-09-12 11:32:53.740 UTC: 	 Executing command: 'resubmit'
DEBUG 2021-09-12 11:32:53.740 UTC: 	 Found CRAB cache file /afs/cern.ch/user/y/yian/.crab3
DEBUG 2021-09-12 11:32:53.808 UTC: 	 Checking credentials
DEBUG 2021-09-12 11:32:53.808 UTC: 	 Found proxy file /tmp/x509up_u110046
DEBUG 2021-09-12 11:32:53.808 UTC: 	 Getting proxy life time left
DEBUG 2021-09-12 11:32:54.413 UTC: 	 Executing : 
 command : voms-proxy-info -file /tmp/x509up_u110046 -timeleft
 output : 602831

 error: 
 retcode : 0
DEBUG 2021-09-12 11:32:55.018 UTC: 	 Executing : 
 command : voms-proxy-info -file /tmp/x509up_u110046 -actimeleft
 output : 602831

 error: 
 retcode : 0
DEBUG 2021-09-12 11:32:55.018 UTC: 	 Proxy valid for 167:27:11 hours
DEBUG 2021-09-12 11:32:55.105 UTC: 	 Registering user credentials for server /DC=ch/DC=cern/OU=computers/CN=crab-(preprod|prod|dev)-tw(02|01).cern.ch|/DC=ch/DC=cern/OU=computers/CN=(ddi|ddidk|mytw).cern.ch|/DC=ch/DC=cern/OU=computers/CN=stefanov(m|m2).cern.ch
DEBUG 2021-09-12 11:32:55.817 UTC: 	 Executing : 
 command : voms-proxy-info -file /tmp/x509up_u110046 -identity
 output : /DC=ch/DC=cern/OU=Organic Units/OU=Users/CN=yian/CN=826694/CN=Ying An

 error: 
 retcode : 0
DEBUG 2021-09-12 11:32:55.825 UTC: 	 Getting myproxy life time left for myproxy.cern.ch
DEBUG 2021-09-12 11:32:55.825 UTC: 	 using b52ac606a6f7097e9b4b8f05a3a67cc69f8f291b as credential login name
DEBUG 2021-09-12 11:32:56.229 UTC: 	 Executing : 
 command : myproxy-info -l b52ac606a6f7097e9b4b8f05a3a67cc69f8f291b -s myproxy.cern.ch
 output : username: b52ac606a6f7097e9b4b8f05a3a67cc69f8f291b
owner: /DC=ch/DC=cern/OU=Organic Units/OU=Users/CN=yian/CN=826694/CN=Ying An
  renewal policy: /DC=ch/DC=cern/OU=computers/CN=crab-(preprod|prod|dev)-tw(02|01).cern.ch|/DC=ch/DC=cern/OU=computers/CN=(ddi|ddidk|mytw).cern.ch|/DC=ch/DC=cern/OU=computers/CN=stefanov(m|m2).cern.ch
  trusted retrieval policy: /DC=ch/DC=cern/OU=computers/CN=crab-(preprod|prod|dev)-tw(02|01).cern.ch|/DC=ch/DC=cern/OU=computers/CN=(ddi|ddidk|mytw).cern.ch|/DC=ch/DC=cern/OU=computers/CN=stefanov(m|m2).cern.ch
  timeleft: 719:28:45  (30.0 days)

 error: 
 retcode : 0
DEBUG 2021-09-12 11:32:56.231 UTC: 	 Myproxy is valid: 2590125
DEBUG 2021-09-12 11:32:56.231 UTC: 	 Retrieving username ...
DEBUG 2021-09-12 11:32:56.231 UTC: 	 Retrieving username from CRIC...
DEBUG 2021-09-12 11:32:56.923 UTC: 	 username is yian
DEBUG 2021-09-12 11:32:56.929 UTC: 	 Getting myproxy life time left for myproxy.cern.ch
DEBUG 2021-09-12 11:32:56.929 UTC: 	 using yian_CRAB as credential login name
DEBUG 2021-09-12 11:32:57.334 UTC: 	 Executing : 
 command : myproxy-info -l yian_CRAB -s myproxy.cern.ch
 output : username: yian_CRAB
owner: /DC=ch/DC=cern/OU=Organic Units/OU=Users/CN=yian/CN=826694/CN=Ying An
  renewal policy: /DC=ch/DC=cern/OU=computers/CN=crab-(preprod|prod|dev)-tw(02|01).cern.ch|/DC=ch/DC=cern/OU=computers/CN=(ddi|ddidk|mytw).cern.ch|/DC=ch/DC=cern/OU=computers/CN=stefanov(m|m2).cern.ch
  trusted retrieval policy: /DC=ch/DC=cern/OU=computers/CN=crab-(preprod|prod|dev)-tw(02|01).cern.ch|/DC=ch/DC=cern/OU=computers/CN=(ddi|ddidk|mytw).cern.ch|/DC=ch/DC=cern/OU=computers/CN=stefanov(m|m2).cern.ch
  timeleft: 719:28:57  (30.0 days)

 error: 
 retcode : 0
DEBUG 2021-09-12 11:32:57.334 UTC: 	 Myproxy is valid: 2590137
DEBUG 2021-09-12 11:32:57.335 UTC: 	 Result of myproxy credential check:
  Credential exists on myproxy: username: b52ac606a6f7097e9b4b8f05a3a67cc69f8f291b  - validity: 29 days, 23:28:45
  Credential exists on myproxy: username: yian_CRAB  - validity: 29 days, 23:28:57
DEBUG 2021-09-12 11:32:57.492 UTC: 	 Command use: resubmit
DEBUG 2021-09-12 11:32:57.492 UTC: 	 Options use: ['-d', 'crab2018/crab_WZ_TuneCP5_13TeV-pythia8_2018']
DEBUG 2021-09-12 11:32:57.600 UTC: 	 CRABClient version: v3.210825
DEBUG 2021-09-12 11:32:57.600 UTC: 	 Instance is prod
DEBUG 2021-09-12 11:32:57.600 UTC: 	 Server base url is cmsweb.cern.ch
DEBUG 2021-09-12 11:32:57.600 UTC: 	 Command api workflow
DEBUG 2021-09-12 11:32:57.611 UTC: 	 CRAB Client version: v3.210825
DEBUG 2021-09-12 11:32:57.611 UTC: 	 Running on: Linux lxplus710.cern.ch 3.10.0-1160.36.2.el7.x86_64 #1 SMP Wed Jul 21 11:57:15 UTC 2021 x86_64 x86_64 x86_64 GNU/Linux - CentOS Linux 7 (Core)
DEBUG 2021-09-12 11:32:57.611 UTC: 	 Executing command: 'status'
DEBUG 2021-09-12 11:32:57.611 UTC: 	 Found CRAB cache file /afs/cern.ch/user/y/yian/.crab3
DEBUG 2021-09-12 11:32:57.682 UTC: 	 Checking credentials
DEBUG 2021-09-12 11:32:57.682 UTC: 	 Found proxy file /tmp/x509up_u110046
DEBUG 2021-09-12 11:32:57.682 UTC: 	 Getting proxy life time left
DEBUG 2021-09-12 11:32:58.289 UTC: 	 Executing : 
 command : voms-proxy-info -file /tmp/x509up_u110046 -timeleft
 output : 602827

 error: 
 retcode : 0
DEBUG 2021-09-12 11:32:58.895 UTC: 	 Executing : 
 command : voms-proxy-info -file /tmp/x509up_u110046 -actimeleft
 output : 602827

 error: 
 retcode : 0
DEBUG 2021-09-12 11:32:58.895 UTC: 	 Proxy valid for 167:27:07 hours
DEBUG 2021-09-12 11:32:59.012 UTC: 	 Registering user credentials for server /DC=ch/DC=cern/OU=computers/CN=crab-(preprod|prod|dev)-tw(02|01).cern.ch|/DC=ch/DC=cern/OU=computers/CN=(ddi|ddidk|mytw).cern.ch|/DC=ch/DC=cern/OU=computers/CN=stefanov(m|m2).cern.ch
DEBUG 2021-09-12 11:32:59.624 UTC: 	 Executing : 
 command : voms-proxy-info -file /tmp/x509up_u110046 -identity
 output : /DC=ch/DC=cern/OU=Organic Units/OU=Users/CN=yian/CN=826694/CN=Ying An

 error: 
 retcode : 0
DEBUG 2021-09-12 11:32:59.631 UTC: 	 Getting myproxy life time left for myproxy.cern.ch
DEBUG 2021-09-12 11:32:59.631 UTC: 	 using b52ac606a6f7097e9b4b8f05a3a67cc69f8f291b as credential login name
DEBUG 2021-09-12 11:33:00.035 UTC: 	 Executing : 
 command : myproxy-info -l b52ac606a6f7097e9b4b8f05a3a67cc69f8f291b -s myproxy.cern.ch
 output : username: b52ac606a6f7097e9b4b8f05a3a67cc69f8f291b
owner: /DC=ch/DC=cern/OU=Organic Units/OU=Users/CN=yian/CN=826694/CN=Ying An
  renewal policy: /DC=ch/DC=cern/OU=computers/CN=crab-(preprod|prod|dev)-tw(02|01).cern.ch|/DC=ch/DC=cern/OU=computers/CN=(ddi|ddidk|mytw).cern.ch|/DC=ch/DC=cern/OU=computers/CN=stefanov(m|m2).cern.ch
  trusted retrieval policy: /DC=ch/DC=cern/OU=computers/CN=crab-(preprod|prod|dev)-tw(02|01).cern.ch|/DC=ch/DC=cern/OU=computers/CN=(ddi|ddidk|mytw).cern.ch|/DC=ch/DC=cern/OU=computers/CN=stefanov(m|m2).cern.ch
  timeleft: 719:28:42  (30.0 days)

 error: 
 retcode : 0
DEBUG 2021-09-12 11:33:00.036 UTC: 	 Myproxy is valid: 2590122
DEBUG 2021-09-12 11:33:00.036 UTC: 	 Retrieving username ...
DEBUG 2021-09-12 11:33:00.036 UTC: 	 Retrieving username from CRIC...
DEBUG 2021-09-12 11:33:00.815 UTC: 	 username is yian
DEBUG 2021-09-12 11:33:00.822 UTC: 	 Getting myproxy life time left for myproxy.cern.ch
DEBUG 2021-09-12 11:33:00.822 UTC: 	 using yian_CRAB as credential login name
DEBUG 2021-09-12 11:33:01.128 UTC: 	 Executing : 
 command : myproxy-info -l yian_CRAB -s myproxy.cern.ch
 output : username: yian_CRAB
owner: /DC=ch/DC=cern/OU=Organic Units/OU=Users/CN=yian/CN=826694/CN=Ying An
  renewal policy: /DC=ch/DC=cern/OU=computers/CN=crab-(preprod|prod|dev)-tw(02|01).cern.ch|/DC=ch/DC=cern/OU=computers/CN=(ddi|ddidk|mytw).cern.ch|/DC=ch/DC=cern/OU=computers/CN=stefanov(m|m2).cern.ch
  trusted retrieval policy: /DC=ch/DC=cern/OU=computers/CN=crab-(preprod|prod|dev)-tw(02|01).cern.ch|/DC=ch/DC=cern/OU=computers/CN=(ddi|ddidk|mytw).cern.ch|/DC=ch/DC=cern/OU=computers/CN=stefanov(m|m2).cern.ch
  timeleft: 719:28:53  (30.0 days)

 error: 
 retcode : 0
DEBUG 2021-09-12 11:33:01.128 UTC: 	 Myproxy is valid: 2590133
DEBUG 2021-09-12 11:33:01.129 UTC: 	 Result of myproxy credential check:
  Credential exists on myproxy: username: b52ac606a6f7097e9b4b8f05a3a67cc69f8f291b  - validity: 29 days, 23:28:42
  Credential exists on myproxy: username: yian_CRAB  - validity: 29 days, 23:28:53
DEBUG 2021-09-12 11:33:01.130 UTC: 	 Command use: status
DEBUG 2021-09-12 11:33:01.130 UTC: 	 Options use: []
DEBUG 2021-09-12 11:33:01.181 UTC: 	 CRABClient version: v3.210825
DEBUG 2021-09-12 11:33:01.181 UTC: 	 Instance is prod
DEBUG 2021-09-12 11:33:01.181 UTC: 	 Server base url is cmsweb.cern.ch
DEBUG 2021-09-12 11:33:01.181 UTC: 	 Command api workflow
DEBUG 2021-09-12 11:33:01.263 UTC: 	 Got information from server oracle database: {u'result': [u'210911_102734:yian_crab_WZ_TuneCP5_13TeV-pythia8_2018', u'None', u'None', u'SUBMITTED', u'SUBMIT', u'2021-09-11 10:27:35.010524', u'None', u'2021-09-11 10:28:54.867361', u'None', u'CMSSW_10_6_20', u'slc7_amd64_gcc820', u'/WZ_TuneCP5_13TeV-pythia8/RunIISummer20UL18NanoAODv9-106X_upgrade2018_realistic_v16_L1v1-v1/NANOAODSIM', u'T', u'0', u"[u'T2_US_UCSD', u'T2_US_Wisconsin', u'T2_US_MIT', u'T2_US_Caltech', u'T2_US_Purdue', u'T2_US_Nebraska']", u'[]', u'FileBased', u"{'splitOnRun': False, 'halt_job_on_file_boundaries': False, 'files_per_job': 1, 'runs': [], 'lumis': []}", u'ce4024b067767c0af918e51c87b31628855166e163a541c120405109f27fbcb5.tar.gz', u'https://cmsweb.cern.ch/S3/crabcache_prod', u'yian', u'/DC=ch/DC=cern/OU=Organic Units/OU=Users/CN=yian/CN=826694/CN=Ying An', u'cms', u'None', u'None', u'WZ_TuneCP5_13TeV-pythia8_2018-00000000000000000000000000000000', u'F', u'T3_CH_CERNBOX', u'https://cmsweb.cern.ch/dbs/prod/global/DBSReader', u'https://cmsweb.cern.ch/dbs/prod/phys03/DBSWriter', u'F', u'[]', u'[]', u"[b'tree.root']", u'Analysis', u'pythia', u'None', u'{}', u'[]', u'F', u'crab-prod-tw01', u'[]', u'1250', u'1', u'2000', u'10', u"['/WZ_TuneCP5_13TeV-pythia8/yian-WZ_TuneCP5_13TeV-pythia8_2018-1ea93bf7cfbb24e247bd0f4bd1955225/USER']", u'[]', u'http://vocms0144.cern.ch/mon/cms1407/210911_102734:yian_crab_WZ_TuneCP5_13TeV-pythia8_2018', u'WWG_crab_script.sh', u"[b'isdata=MC', b'year=2018', b'era=A']", u'[]', u'https://cmsweb.cern.ch/crabserver/prod', u'cmsgwms-collector-global.cern.ch:9620,cmsgwms-collector-global.fnal.gov:9620', u'crab3@vocms0144.cern.ch', u'F', u'[]', u'T', u'/store/user/yian/', u'T', u'None', u'F', u'None', u'WZ_TuneCP5_13TeV-pythia8', u'None', u'9ea625fd8596d4b98651e40d1f29361b62e368717c291c4db4335eeb7efa9646.tar.gz', u'71964720', u'filetransfers', u'F', u'188.184.97.219', u'0.0', u'None'], u'desc': {u'columns': [u'tm_taskname', u'tm_activity', u'panda_jobset_id', u'tm_task_status', u'tm_task_command', u'tm_start_time', u'tm_start_injection', u'tm_end_injection', u'tm_task_failure', u'tm_job_sw', u'tm_job_arch', u'tm_input_dataset', u'tm_nonvalid_input_dataset', u'tm_use_parent', u'tm_site_whitelist', u'tm_site_blacklist', u'tm_split_algo', u'tm_split_args', u'tm_user_sandbox', u'tm_cache_url', u'tm_username', u'tm_user_dn', u'tm_user_vo', u'tm_user_role', u'tm_user_group', u'tm_publish_name', u'tm_publish_groupname', u'tm_asyncdest', u'tm_dbs_url', u'tm_publish_dbs_url', u'tm_publication', u'tm_outfiles', u'tm_tfile_outfiles', u'tm_edm_outfiles', u'tm_job_type', u'tm_generator', u'tm_events_per_lumi', u'tm_arguments', u'panda_resubmitted_jobs', u'tm_save_logs', u'tw_name', u'tm_user_infiles', u'tm_maxjobruntime', u'tm_numcores', u'tm_maxmemory', u'tm_priority', u'tm_output_dataset', u'tm_task_warnings', u'tm_user_webdir', u'tm_scriptexe', u'tm_scriptargs', u'tm_extrajdl', u'tm_asourl', u'tm_collector', u'tm_schedd', u'tm_dry_run', u'tm_user_files', u'tm_transfer_outputs', u'tm_output_lfn', u'tm_ignore_locality', u'tm_fail_limit', u'tm_one_event_mode', u'tm_secondary_input_dataset', u'tm_primary_dataset', u'tm_last_publication', u'tm_debug_files', u'clusterid', u'tm_asodb', u'tm_ignore_global_blacklist', u'tm_submitter_ip_addr', u'tm_totalunits', u'tm_ddm_reqid']}}
INFO 2021-09-12 11:33:01.263 UTC: 	 CRAB project directory:		/afs/cern.ch/work/y/yian/work/GZ/CMSSW_10_6_20/src/PhysicsTools/NanoAODTools/WWG/2018/crab/crab2018/crab_WZ_TuneCP5_13TeV-pythia8_2018
INFO 2021-09-12 11:33:01.263 UTC: 	 Task name:			210911_102734:yian_crab_WZ_TuneCP5_13TeV-pythia8_2018
INFO 2021-09-12 11:33:01.263 UTC: 	 Grid scheduler - Task Worker:	crab3@vocms0144.cern.ch - crab-prod-tw01
INFO 2021-09-12 11:33:01.263 UTC: 	 Status on the CRAB server:	SUBMITTED
INFO 2021-09-12 11:33:01.263 UTC: 	 Task URL to use for HELP:	https://cmsweb.cern.ch/crabserver/ui/task/210911_102734%3Ayian_crab_WZ_TuneCP5_13TeV-pythia8_2018
INFO 2021-09-12 11:33:01.267 UTC: 	 Dashboard monitoring URL:	https://monit-grafana.cern.ch/d/cmsTMDetail/cms-task-monitoring-task-view?orgId=11&var-user=yian&var-task=210911_102734%3Ayian_crab_WZ_TuneCP5_13TeV-pythia8_2018&from=1631352455000&to=now
DEBUG 2021-09-12 11:33:01.267 UTC: 	 The CRAB server submitted your task to the Grid scheduler (cluster ID: 71964720)
DEBUG 2021-09-12 11:33:01.267 UTC: 	 Webdir is located at http://vocms0144.cern.ch/mon/cms1407/210911_102734:yian_crab_WZ_TuneCP5_13TeV-pythia8_2018
DEBUG 2021-09-12 11:33:01.383 UTC: 	 Proxied webdir is located at https://cmsweb.cern.ch:8443/scheddmon/0144/cms1407/210911_102734:yian_crab_WZ_TuneCP5_13TeV-pythia8_2018
DEBUG 2021-09-12 11:33:01.383 UTC: 	 Retrieving 'status_cache' file from https://cmsweb.cern.ch:8443/scheddmon/0144/cms1407/210911_102734:yian_crab_WZ_TuneCP5_13TeV-pythia8_2018/status_cache
DEBUG 2021-09-12 11:33:01.424 UTC: 	 Got information from status cache file: {'11': {'Retries': 0, 'WallDurations': [9.0, 216.72439098358154, 730.0], 'StartTimes': [1631356298.0], 'SubmitTimes': [1631356145.0], 'JobIds': ['71964734.0'], 'EndTimes': [1631357028.0], 'Restarts': 0, 'RecordedSite': True, 'State': 'finished', 'ResidentSetSize': [723100], 'TotalUserCpuTimeHistory': [318], 'SiteHistory': ['Unknown', 'T2_US_Nebraska', 'T2_US_Nebraska'], 'TotalSysCpuTimeHistory': [12]}, '10': {'Retries': 0, 'WallDurations': [8.0, 219.72439098358154, 4898.0], 'StartTimes': [1631356295.0], 'SubmitTimes': [1631356145.0], 'JobIds': ['71964733.0'], 'EndTimes': [1631361193.0], 'Restarts': 0, 'RecordedSite': True, 'State': 'finished', 'ResidentSetSize': [765512], 'TotalUserCpuTimeHistory': [1207], 'SiteHistory': ['Unknown', 'T2_US_MIT', 'T2_US_MIT'], 'TotalSysCpuTimeHistory': [76]}, '13': {'Retries': 0, 'WallDurations': [8.0, 215.72439098358154, 9479.0], 'StartTimes': [1631356299.0], 'SubmitTimes': [1631356145.0], 'JobIds': ['71964736.0'], 'EndTimes': [1631365778.0], 'Restarts': 0, 'RecordedSite': True, 'State': 'finished', 'ResidentSetSize': [1002824], 'TotalUserCpuTimeHistory': [8734], 'SiteHistory': ['Unknown', 'T2_US_Wisconsin', 'T2_US_Wisconsin'], 'TotalSysCpuTimeHistory': [529]}, '12': {'Retries': 0, 'WallDurations': [9.0, 208.72439098358154, 3546.0], 'StartTimes': [1631356306.0], 'SubmitTimes': [1631356145.0], 'JobIds': ['71964735.0'], 'EndTimes': [1631359852.0], 'Restarts': 0, 'RecordedSite': True, 'State': 'finished', 'ResidentSetSize': [815984], 'TotalUserCpuTimeHistory': [683], 'SiteHistory': ['Unknown', 'T2_US_MIT', 'T2_US_MIT'], 'TotalSysCpuTimeHistory': [73]}, '15': {'Retries': 0, 'WallDurations': [8.0, 215.72439098358154, 3342.0], 'StartTimes': [1631356299.0], 'SubmitTimes': [1631356145.0], 'JobIds': ['71964738.0'], 'EndTimes': [1631359641.0], 'Restarts': 0, 'RecordedSite': True, 'State': 'finished', 'ResidentSetSize': [936544], 'TotalUserCpuTimeHistory': [628], 'SiteHistory': ['Unknown', 'T2_US_Wisconsin', 'T2_US_Wisconsin'], 'TotalSysCpuTimeHistory': [37]}, '14': {'Retries': 0, 'WallDurations': [8.0, 216.72439098358154, 4291.0], 'StartTimes': [1631356298.0], 'SubmitTimes': [1631356145.0], 'JobIds': ['71964737.0'], 'EndTimes': [1631360589.0], 'Restarts': 0, 'RecordedSite': True, 'State': 'finished', 'ResidentSetSize': [826544], 'TotalUserCpuTimeHistory': [3881], 'SiteHistory': ['Unknown', 'T2_US_MIT', 'T2_US_MIT'], 'TotalSysCpuTimeHistory': [210]}, '16': {'Retries': 0, 'WallDurations': [8.0, 218.72439098358154, 11746.0], 'StartTimes': [1631356296.0], 'SubmitTimes': [1631356145.0], 'JobIds': ['71964739.0'], 'EndTimes': [1631368042.0], 'Restarts': 0, 'RecordedSite': True, 'State': 'finished', 'ResidentSetSize': [817588], 'TotalUserCpuTimeHistory': [1693], 'SiteHistory': ['Unknown', 'T2_US_Purdue', 'T2_US_Purdue'], 'TotalSysCpuTimeHistory': [182]}, '1': {'Retries': 0, 'WallDurations': [9.0, 219.72439098358154, 7368.0], 'StartTimes': [1631356295.0], 'SubmitTimes': [1631356139.0], 'JobIds': ['71964724.0'], 'EndTimes': [1631363663.0], 'Restarts': 0, 'RecordedSite': True, 'State': 'finished', 'ResidentSetSize': [802516], 'TotalUserCpuTimeHistory': [2375], 'SiteHistory': ['Unknown', 'T2_US_MIT', 'T2_US_MIT'], 'TotalSysCpuTimeHistory': [158]}, '3': {'Retries': 1, 'WallDurations': [9.0, 216.72439098358154, 22348.0, 9.0, 222.39077591896057, 39736.0], 'StartTimes': [1631356298.0, 1631380757.0], 'SubmitTimes': [1631356139.0, 1631380522.0], 'JobIds': ['71964726.0', '71975490.0'], 'EndTimes': [1631378646.0, 1631420493.0], 'Restarts': 0, 'RecordedSite': True, 'State': 'finished', 'ResidentSetSize': [788932, 863388], 'TotalUserCpuTimeHistory': [4589, 12715], 'SiteHistory': ['Unknown', 'T2_US_MIT', 'T2_US_MIT', 'Unknown', 'T2_US_Nebraska', 'T2_US_Nebraska'], 'TotalSysCpuTimeHistory': [365, 841]}, '2': {'Retries': 0, 'WallDurations': [10.0, 174.72439098358154, 3020.0], 'StartTimes': [1631356340.0], 'SubmitTimes': [1631356139.0], 'JobIds': ['71964725.0'], 'EndTimes': [1631359360.0], 'Restarts': 0, 'RecordedSite': True, 'State': 'finished', 'ResidentSetSize': [753996], 'TotalUserCpuTimeHistory': [2635], 'SiteHistory': ['Unknown', 'T2_US_MIT', 'T2_US_MIT'], 'TotalSysCpuTimeHistory': [307]}, '5': {'Retries': 0, 'WallDurations': [9.0, 9.724390983581543, 1963.0], 'StartTimes': [1631356505.0], 'SubmitTimes': [1631356139.0], 'JobIds': ['71964728.0'], 'EndTimes': [1631358468.0], 'Restarts': 0, 'RecordedSite': True, 'State': 'finished', 'ResidentSetSize': [759424], 'TotalUserCpuTimeHistory': [560], 'SiteHistory': ['Unknown', 'T2_US_Nebraska', 'T2_US_Nebraska'], 'TotalSysCpuTimeHistory': [31]}, '4': {'Retries': 0, 'WallDurations': [9.0, 212.72439098358154, 30433.0], 'StartTimes': [1631356302.0], 'SubmitTimes': [1631356139.0], 'JobIds': ['71964727.0'], 'EndTimes': [1631386735.0], 'Restarts': 0, 'RecordedSite': True, 'State': 'finished', 'ResidentSetSize': [795536], 'TotalUserCpuTimeHistory': [6863], 'SiteHistory': ['Unknown', 'T2_US_Nebraska', 'T2_US_Nebraska'], 'TotalSysCpuTimeHistory': [536]}, '7': {'Retries': 0, 'WallDurations': [10.0, 208.72439098358154, 3820.0], 'StartTimes': [1631356306.0], 'SubmitTimes': [1631356139.0], 'JobIds': ['71964730.0'], 'EndTimes': [1631360126.0], 'Restarts': 0, 'RecordedSite': True, 'State': 'finished', 'ResidentSetSize': [769244], 'TotalUserCpuTimeHistory': [1016], 'SiteHistory': ['Unknown', 'T2_US_Nebraska', 'T2_US_Nebraska'], 'TotalSysCpuTimeHistory': [70]}, '6': {'Retries': 0, 'WallDurations': [9.0, 217.72439098358154, 29874.0], 'StartTimes': [1631356297.0], 'SubmitTimes': [1631356139.0], 'JobIds': ['71964729.0'], 'EndTimes': [1631386171.0], 'Restarts': 0, 'RecordedSite': True, 'State': 'finished', 'ResidentSetSize': [853368], 'TotalUserCpuTimeHistory': [7032], 'SiteHistory': ['Unknown', 'T2_US_Nebraska', 'T2_US_Nebraska'], 'TotalSysCpuTimeHistory': [588]}, '9': {'Retries': 1, 'WallDurations': [9.0, 156.72439098358154, 33242.0, 9.0, 162.07119607925415, 10717.0], 'StartTimes': [1631356358.0, 1631391661.0], 'SubmitTimes': [1631356144.0, 1631391471.0], 'JobIds': ['71964732.0', '71976509.0'], 'EndTimes': [1631389600.0, 1631402378.0], 'Restarts': 0, 'RecordedSite': True, 'State': 'finished', 'ResidentSetSize': [829552, 828868], 'TotalUserCpuTimeHistory': [6672, 9134], 'SiteHistory': ['Unknown', 'T2_US_MIT', 'T2_US_MIT', 'Unknown', 'T2_US_MIT', 'T2_US_MIT'], 'TotalSysCpuTimeHistory': [842, 589]}, '8': {'Retries': 1, 'WallDurations': [8.0, 218.72439098358154, 13238.0, 8.0, 18490.0], 'StartTimes': [1631356296.0, 1631371478.0], 'SubmitTimes': [1631356144.0, 1631371408.0], 'JobIds': ['71964731.0', '71973343.0'], 'EndTimes': [1631369534.0, 1631389968.0], 'Restarts': 0, 'RecordedSite': True, 'State': 'finished', 'ResidentSetSize': [806128, 845508], 'TotalUserCpuTimeHistory': [3342, 2719], 'SiteHistory': ['Unknown', 'T2_US_MIT', 'T2_US_MIT', 'T2_US_UCSD', 'T2_US_UCSD'], 'TotalSysCpuTimeHistory': [346, 198]}}
INFO 2021-09-12 11:33:01.424 UTC: 	 Status on the scheduler:	COMPLETED
INFO 2021-09-12 11:33:01.424 UTC: 	 
Jobs status:                    finished     		100.0% (16/16)
INFO 2021-09-12 11:33:01.424 UTC: 	 
No publication information (publication has been disabled in the CRAB configuration file)
INFO 2021-09-12 11:33:01.424 UTC: 	 
Warning: the average jobs CPU efficiency is less than 50%, please consider to improve the jobs splitting (e.g. config.Data.splitting = 'Automatic') in a new task
INFO 2021-09-12 11:33:01.425 UTC: 	 
Summary of run jobs:
 * Memory: 706MB min, 979MB max, 803MB ave
 * Runtime: 0:12:10 min, 11:02:16 max, 3:11:05 ave
 * CPU eff: 16% min, 98% max, 36% ave
 * Waste: 20:08:46 (28% of total)

DEBUG 2021-09-12 11:33:01.425 UTC: 	 Requesting resubmission of failed jobs in task 210911_102734:yian_crab_WZ_TuneCP5_13TeV-pythia8_2018
ERROR 2021-09-12 11:33:01.425 UTC: 	 Found no jobs to resubmit. Only jobs in status failed can be resubmitted. Jobs in status finished can also be resubmitted, but only if the jobids are specified and the force option is set.
ERROR 2021-09-12 11:33:01.425 UTC: 	 Caught ClientException exception
Traceback (most recent call last):
  File "/cvmfs/cms.cern.ch/share/cms/crab-prod/v3.210825.00/bin/crab", line 151, in <module>
    client()
  File "/cvmfs/cms.cern.ch/share/cms/crab-prod/v3.210825.00/bin/crab", line 138, in __call__
    self.cmd()
  File "/cvmfs/cms.cern.ch/share/cms/crab-prod/v3.210825.00/lib/CRABClient/Commands/resubmit.py", line 61, in __call__
    self.jobids = self.processJobIds(jobList)
  File "/cvmfs/cms.cern.ch/share/cms/crab-prod/v3.210825.00/lib/CRABClient/Commands/resubmit.py", line 166, in processJobIds
    raise ConfigurationException(msg)
ConfigurationException: Found no jobs to resubmit. Only jobs in status failed can be resubmitted. Jobs in status finished can also be resubmitted, but only if the jobids are specified and the force option is set.
DEBUG 2021-09-13 12:56:58.532 UTC: 	 CRAB Client version: v3.210825
DEBUG 2021-09-13 12:56:58.533 UTC: 	 Running on: Linux lxplus7100.cern.ch 3.10.0-1160.36.2.el7.x86_64 #1 SMP Wed Jul 21 11:57:15 UTC 2021 x86_64 x86_64 x86_64 GNU/Linux - CentOS Linux 7 (Core)
DEBUG 2021-09-13 12:56:58.533 UTC: 	 Executing command: 'status'
DEBUG 2021-09-13 12:56:58.533 UTC: 	 Found CRAB cache file /afs/cern.ch/user/y/yian/.crab3
DEBUG 2021-09-13 12:56:58.731 UTC: 	 Checking credentials
DEBUG 2021-09-13 12:56:58.732 UTC: 	 Found proxy file /tmp/x509up_u110046
DEBUG 2021-09-13 12:56:58.732 UTC: 	 Getting proxy life time left
DEBUG 2021-09-13 12:56:59.437 UTC: 	 Executing : 
 command : voms-proxy-info -file /tmp/x509up_u110046 -timeleft
 output : 604693

 error: 
 retcode : 0
DEBUG 2021-09-13 12:57:00.145 UTC: 	 Executing : 
 command : voms-proxy-info -file /tmp/x509up_u110046 -actimeleft
 output : 604692

 error: 
 retcode : 0
DEBUG 2021-09-13 12:57:00.145 UTC: 	 Proxy lifetime 604693 secs is different from voms extension lifetime 604692 secs for proxy: /tmp/x509up_u110046
DEBUG 2021-09-13 12:57:00.145 UTC: 	 Proxy valid for 167:58:12 hours
DEBUG 2021-09-13 12:57:00.235 UTC: 	 Registering user credentials for server /DC=ch/DC=cern/OU=computers/CN=crab-(preprod|prod|dev)-tw(02|01).cern.ch|/DC=ch/DC=cern/OU=computers/CN=(ddi|ddidk|mytw).cern.ch|/DC=ch/DC=cern/OU=computers/CN=stefanov(m|m2).cern.ch
DEBUG 2021-09-13 12:57:00.954 UTC: 	 Executing : 
 command : voms-proxy-info -file /tmp/x509up_u110046 -identity
 output : /DC=ch/DC=cern/OU=Organic Units/OU=Users/CN=yian/CN=826694/CN=Ying An

 error: 
 retcode : 0
DEBUG 2021-09-13 12:57:00.962 UTC: 	 Getting myproxy life time left for myproxy.cern.ch
DEBUG 2021-09-13 12:57:00.963 UTC: 	 using b52ac606a6f7097e9b4b8f05a3a67cc69f8f291b as credential login name
DEBUG 2021-09-13 12:57:01.270 UTC: 	 Executing : 
 command : myproxy-info -l b52ac606a6f7097e9b4b8f05a3a67cc69f8f291b -s myproxy.cern.ch
 output : username: b52ac606a6f7097e9b4b8f05a3a67cc69f8f291b
owner: /DC=ch/DC=cern/OU=Organic Units/OU=Users/CN=yian/CN=826694/CN=Ying An
  renewal policy: /DC=ch/DC=cern/OU=computers/CN=crab-(preprod|prod|dev)-tw(02|01).cern.ch|/DC=ch/DC=cern/OU=computers/CN=(ddi|ddidk|mytw).cern.ch|/DC=ch/DC=cern/OU=computers/CN=stefanov(m|m2).cern.ch
  trusted retrieval policy: /DC=ch/DC=cern/OU=computers/CN=crab-(preprod|prod|dev)-tw(02|01).cern.ch|/DC=ch/DC=cern/OU=computers/CN=(ddi|ddidk|mytw).cern.ch|/DC=ch/DC=cern/OU=computers/CN=stefanov(m|m2).cern.ch
  timeleft: 694:04:40  (28.9 days)

 error: 
 retcode : 0
DEBUG 2021-09-13 12:57:01.271 UTC: 	 Myproxy is valid: 2498680
DEBUG 2021-09-13 12:57:01.271 UTC: 	 Retrieving username ...
DEBUG 2021-09-13 12:57:01.271 UTC: 	 Retrieving username from CRIC...
DEBUG 2021-09-13 12:57:01.979 UTC: 	 username is yian
DEBUG 2021-09-13 12:57:01.986 UTC: 	 Getting myproxy life time left for myproxy.cern.ch
DEBUG 2021-09-13 12:57:01.986 UTC: 	 using yian_CRAB as credential login name
DEBUG 2021-09-13 12:57:02.392 UTC: 	 Executing : 
 command : myproxy-info -l yian_CRAB -s myproxy.cern.ch
 output : username: yian_CRAB
owner: /DC=ch/DC=cern/OU=Organic Units/OU=Users/CN=yian/CN=826694/CN=Ying An
  renewal policy: /DC=ch/DC=cern/OU=computers/CN=crab-(preprod|prod|dev)-tw(02|01).cern.ch|/DC=ch/DC=cern/OU=computers/CN=(ddi|ddidk|mytw).cern.ch|/DC=ch/DC=cern/OU=computers/CN=stefanov(m|m2).cern.ch
  trusted retrieval policy: /DC=ch/DC=cern/OU=computers/CN=crab-(preprod|prod|dev)-tw(02|01).cern.ch|/DC=ch/DC=cern/OU=computers/CN=(ddi|ddidk|mytw).cern.ch|/DC=ch/DC=cern/OU=computers/CN=stefanov(m|m2).cern.ch
  timeleft: 694:04:52  (28.9 days)

 error: 
 retcode : 0
DEBUG 2021-09-13 12:57:02.392 UTC: 	 Myproxy is valid: 2498692
DEBUG 2021-09-13 12:57:02.392 UTC: 	 Result of myproxy credential check:
  Credential exists on myproxy: username: b52ac606a6f7097e9b4b8f05a3a67cc69f8f291b  - validity: 28 days, 22:04:40
  Credential exists on myproxy: username: yian_CRAB  - validity: 28 days, 22:04:52
DEBUG 2021-09-13 12:57:02.394 UTC: 	 Command use: status
DEBUG 2021-09-13 12:57:02.394 UTC: 	 Options use: ['-d', 'crab2018/crab_WZ_TuneCP5_13TeV-pythia8_2018']
DEBUG 2021-09-13 12:57:02.481 UTC: 	 CRABClient version: v3.210825
DEBUG 2021-09-13 12:57:02.481 UTC: 	 Instance is prod
DEBUG 2021-09-13 12:57:02.481 UTC: 	 Server base url is cmsweb.cern.ch
DEBUG 2021-09-13 12:57:02.481 UTC: 	 Command api workflow
DEBUG 2021-09-13 12:57:02.567 UTC: 	 Got information from server oracle database: {u'result': [u'210911_102734:yian_crab_WZ_TuneCP5_13TeV-pythia8_2018', u'None', u'None', u'SUBMITTED', u'SUBMIT', u'2021-09-11 10:27:35.010524', u'None', u'2021-09-11 10:28:54.867361', u'None', u'CMSSW_10_6_20', u'slc7_amd64_gcc820', u'/WZ_TuneCP5_13TeV-pythia8/RunIISummer20UL18NanoAODv9-106X_upgrade2018_realistic_v16_L1v1-v1/NANOAODSIM', u'T', u'0', u"[u'T2_US_UCSD', u'T2_US_Wisconsin', u'T2_US_MIT', u'T2_US_Caltech', u'T2_US_Purdue', u'T2_US_Nebraska']", u'[]', u'FileBased', u"{'splitOnRun': False, 'halt_job_on_file_boundaries': False, 'files_per_job': 1, 'runs': [], 'lumis': []}", u'ce4024b067767c0af918e51c87b31628855166e163a541c120405109f27fbcb5.tar.gz', u'https://cmsweb.cern.ch/S3/crabcache_prod', u'yian', u'/DC=ch/DC=cern/OU=Organic Units/OU=Users/CN=yian/CN=826694/CN=Ying An', u'cms', u'None', u'None', u'WZ_TuneCP5_13TeV-pythia8_2018-00000000000000000000000000000000', u'F', u'T3_CH_CERNBOX', u'https://cmsweb.cern.ch/dbs/prod/global/DBSReader', u'https://cmsweb.cern.ch/dbs/prod/phys03/DBSWriter', u'F', u'[]', u'[]', u"[b'tree.root']", u'Analysis', u'pythia', u'None', u'{}', u'[]', u'F', u'crab-prod-tw01', u'[]', u'1250', u'1', u'2000', u'10', u"['/WZ_TuneCP5_13TeV-pythia8/yian-WZ_TuneCP5_13TeV-pythia8_2018-1ea93bf7cfbb24e247bd0f4bd1955225/USER']", u'[]', u'http://vocms0144.cern.ch/mon/cms1407/210911_102734:yian_crab_WZ_TuneCP5_13TeV-pythia8_2018', u'WWG_crab_script.sh', u"[b'isdata=MC', b'year=2018', b'era=A']", u'[]', u'https://cmsweb.cern.ch/crabserver/prod', u'cmsgwms-collector-global.cern.ch:9620,cmsgwms-collector-global.fnal.gov:9620', u'crab3@vocms0144.cern.ch', u'F', u'[]', u'T', u'/store/user/yian/', u'T', u'None', u'F', u'None', u'WZ_TuneCP5_13TeV-pythia8', u'None', u'9ea625fd8596d4b98651e40d1f29361b62e368717c291c4db4335eeb7efa9646.tar.gz', u'71964720', u'filetransfers', u'F', u'188.184.97.219', u'0.0', u'None'], u'desc': {u'columns': [u'tm_taskname', u'tm_activity', u'panda_jobset_id', u'tm_task_status', u'tm_task_command', u'tm_start_time', u'tm_start_injection', u'tm_end_injection', u'tm_task_failure', u'tm_job_sw', u'tm_job_arch', u'tm_input_dataset', u'tm_nonvalid_input_dataset', u'tm_use_parent', u'tm_site_whitelist', u'tm_site_blacklist', u'tm_split_algo', u'tm_split_args', u'tm_user_sandbox', u'tm_cache_url', u'tm_username', u'tm_user_dn', u'tm_user_vo', u'tm_user_role', u'tm_user_group', u'tm_publish_name', u'tm_publish_groupname', u'tm_asyncdest', u'tm_dbs_url', u'tm_publish_dbs_url', u'tm_publication', u'tm_outfiles', u'tm_tfile_outfiles', u'tm_edm_outfiles', u'tm_job_type', u'tm_generator', u'tm_events_per_lumi', u'tm_arguments', u'panda_resubmitted_jobs', u'tm_save_logs', u'tw_name', u'tm_user_infiles', u'tm_maxjobruntime', u'tm_numcores', u'tm_maxmemory', u'tm_priority', u'tm_output_dataset', u'tm_task_warnings', u'tm_user_webdir', u'tm_scriptexe', u'tm_scriptargs', u'tm_extrajdl', u'tm_asourl', u'tm_collector', u'tm_schedd', u'tm_dry_run', u'tm_user_files', u'tm_transfer_outputs', u'tm_output_lfn', u'tm_ignore_locality', u'tm_fail_limit', u'tm_one_event_mode', u'tm_secondary_input_dataset', u'tm_primary_dataset', u'tm_last_publication', u'tm_debug_files', u'clusterid', u'tm_asodb', u'tm_ignore_global_blacklist', u'tm_submitter_ip_addr', u'tm_totalunits', u'tm_ddm_reqid']}}
INFO 2021-09-13 12:57:02.567 UTC: 	 CRAB project directory:		/afs/cern.ch/work/y/yian/work/GZ/CMSSW_10_6_20/src/PhysicsTools/NanoAODTools/WWG/2018/crab/crab2018/crab_WZ_TuneCP5_13TeV-pythia8_2018
INFO 2021-09-13 12:57:02.567 UTC: 	 Task name:			210911_102734:yian_crab_WZ_TuneCP5_13TeV-pythia8_2018
INFO 2021-09-13 12:57:02.567 UTC: 	 Grid scheduler - Task Worker:	crab3@vocms0144.cern.ch - crab-prod-tw01
INFO 2021-09-13 12:57:02.567 UTC: 	 Status on the CRAB server:	SUBMITTED
INFO 2021-09-13 12:57:02.567 UTC: 	 Task URL to use for HELP:	https://cmsweb.cern.ch/crabserver/ui/task/210911_102734%3Ayian_crab_WZ_TuneCP5_13TeV-pythia8_2018
INFO 2021-09-13 12:57:02.571 UTC: 	 Dashboard monitoring URL:	https://monit-grafana.cern.ch/d/cmsTMDetail/cms-task-monitoring-task-view?orgId=11&var-user=yian&var-task=210911_102734%3Ayian_crab_WZ_TuneCP5_13TeV-pythia8_2018&from=1631352455000&to=now
DEBUG 2021-09-13 12:57:02.571 UTC: 	 The CRAB server submitted your task to the Grid scheduler (cluster ID: 71964720)
DEBUG 2021-09-13 12:57:02.571 UTC: 	 Webdir is located at http://vocms0144.cern.ch/mon/cms1407/210911_102734:yian_crab_WZ_TuneCP5_13TeV-pythia8_2018
DEBUG 2021-09-13 12:57:02.682 UTC: 	 Proxied webdir is located at https://cmsweb.cern.ch:8443/scheddmon/0144/cms1407/210911_102734:yian_crab_WZ_TuneCP5_13TeV-pythia8_2018
DEBUG 2021-09-13 12:57:02.682 UTC: 	 Retrieving 'status_cache' file from https://cmsweb.cern.ch:8443/scheddmon/0144/cms1407/210911_102734:yian_crab_WZ_TuneCP5_13TeV-pythia8_2018/status_cache
DEBUG 2021-09-13 12:57:02.760 UTC: 	 Got information from status cache file: {'11': {'Retries': 0, 'WallDurations': [9.0, 216.72439098358154, 730.0], 'StartTimes': [1631356298.0], 'SubmitTimes': [1631356145.0], 'JobIds': ['71964734.0'], 'EndTimes': [1631357028.0], 'Restarts': 0, 'RecordedSite': True, 'State': 'finished', 'ResidentSetSize': [723100], 'TotalUserCpuTimeHistory': [318], 'SiteHistory': ['Unknown', 'T2_US_Nebraska', 'T2_US_Nebraska'], 'TotalSysCpuTimeHistory': [12]}, '10': {'Retries': 0, 'WallDurations': [8.0, 219.72439098358154, 4898.0], 'StartTimes': [1631356295.0], 'SubmitTimes': [1631356145.0], 'JobIds': ['71964733.0'], 'EndTimes': [1631361193.0], 'Restarts': 0, 'RecordedSite': True, 'State': 'finished', 'ResidentSetSize': [765512], 'TotalUserCpuTimeHistory': [1207], 'SiteHistory': ['Unknown', 'T2_US_MIT', 'T2_US_MIT'], 'TotalSysCpuTimeHistory': [76]}, '13': {'Retries': 0, 'WallDurations': [8.0, 215.72439098358154, 9479.0], 'StartTimes': [1631356299.0], 'SubmitTimes': [1631356145.0], 'JobIds': ['71964736.0'], 'EndTimes': [1631365778.0], 'Restarts': 0, 'RecordedSite': True, 'State': 'finished', 'ResidentSetSize': [1002824], 'TotalUserCpuTimeHistory': [8734], 'SiteHistory': ['Unknown', 'T2_US_Wisconsin', 'T2_US_Wisconsin'], 'TotalSysCpuTimeHistory': [529]}, '12': {'Retries': 0, 'WallDurations': [9.0, 208.72439098358154, 3546.0], 'StartTimes': [1631356306.0], 'SubmitTimes': [1631356145.0], 'JobIds': ['71964735.0'], 'EndTimes': [1631359852.0], 'Restarts': 0, 'RecordedSite': True, 'State': 'finished', 'ResidentSetSize': [815984], 'TotalUserCpuTimeHistory': [683], 'SiteHistory': ['Unknown', 'T2_US_MIT', 'T2_US_MIT'], 'TotalSysCpuTimeHistory': [73]}, '15': {'Retries': 0, 'WallDurations': [8.0, 215.72439098358154, 3342.0], 'StartTimes': [1631356299.0], 'SubmitTimes': [1631356145.0], 'JobIds': ['71964738.0'], 'EndTimes': [1631359641.0], 'Restarts': 0, 'RecordedSite': True, 'State': 'finished', 'ResidentSetSize': [936544], 'TotalUserCpuTimeHistory': [628], 'SiteHistory': ['Unknown', 'T2_US_Wisconsin', 'T2_US_Wisconsin'], 'TotalSysCpuTimeHistory': [37]}, '14': {'Retries': 0, 'WallDurations': [8.0, 216.72439098358154, 4291.0], 'StartTimes': [1631356298.0], 'SubmitTimes': [1631356145.0], 'JobIds': ['71964737.0'], 'EndTimes': [1631360589.0], 'Restarts': 0, 'RecordedSite': True, 'State': 'finished', 'ResidentSetSize': [826544], 'TotalUserCpuTimeHistory': [3881], 'SiteHistory': ['Unknown', 'T2_US_MIT', 'T2_US_MIT'], 'TotalSysCpuTimeHistory': [210]}, '16': {'Retries': 0, 'WallDurations': [8.0, 218.72439098358154, 11746.0], 'StartTimes': [1631356296.0], 'SubmitTimes': [1631356145.0], 'JobIds': ['71964739.0'], 'EndTimes': [1631368042.0], 'Restarts': 0, 'RecordedSite': True, 'State': 'finished', 'ResidentSetSize': [817588], 'TotalUserCpuTimeHistory': [1693], 'SiteHistory': ['Unknown', 'T2_US_Purdue', 'T2_US_Purdue'], 'TotalSysCpuTimeHistory': [182]}, '1': {'Retries': 0, 'WallDurations': [9.0, 219.72439098358154, 7368.0], 'StartTimes': [1631356295.0], 'SubmitTimes': [1631356139.0], 'JobIds': ['71964724.0'], 'EndTimes': [1631363663.0], 'Restarts': 0, 'RecordedSite': True, 'State': 'finished', 'ResidentSetSize': [802516], 'TotalUserCpuTimeHistory': [2375], 'SiteHistory': ['Unknown', 'T2_US_MIT', 'T2_US_MIT'], 'TotalSysCpuTimeHistory': [158]}, '3': {'Retries': 1, 'WallDurations': [9.0, 216.72439098358154, 22348.0, 9.0, 222.39077591896057, 39736.0], 'StartTimes': [1631356298.0, 1631380757.0], 'SubmitTimes': [1631356139.0, 1631380522.0], 'JobIds': ['71964726.0', '71975490.0'], 'EndTimes': [1631378646.0, 1631420493.0], 'Restarts': 0, 'RecordedSite': True, 'State': 'finished', 'ResidentSetSize': [788932, 863388], 'TotalUserCpuTimeHistory': [4589, 12715], 'SiteHistory': ['Unknown', 'T2_US_MIT', 'T2_US_MIT', 'Unknown', 'T2_US_Nebraska', 'T2_US_Nebraska'], 'TotalSysCpuTimeHistory': [365, 841]}, '2': {'Retries': 0, 'WallDurations': [10.0, 174.72439098358154, 3020.0], 'StartTimes': [1631356340.0], 'SubmitTimes': [1631356139.0], 'JobIds': ['71964725.0'], 'EndTimes': [1631359360.0], 'Restarts': 0, 'RecordedSite': True, 'State': 'finished', 'ResidentSetSize': [753996], 'TotalUserCpuTimeHistory': [2635], 'SiteHistory': ['Unknown', 'T2_US_MIT', 'T2_US_MIT'], 'TotalSysCpuTimeHistory': [307]}, '5': {'Retries': 0, 'WallDurations': [9.0, 9.724390983581543, 1963.0], 'StartTimes': [1631356505.0], 'SubmitTimes': [1631356139.0], 'JobIds': ['71964728.0'], 'EndTimes': [1631358468.0], 'Restarts': 0, 'RecordedSite': True, 'State': 'finished', 'ResidentSetSize': [759424], 'TotalUserCpuTimeHistory': [560], 'SiteHistory': ['Unknown', 'T2_US_Nebraska', 'T2_US_Nebraska'], 'TotalSysCpuTimeHistory': [31]}, '4': {'Retries': 0, 'WallDurations': [9.0, 212.72439098358154, 30433.0], 'StartTimes': [1631356302.0], 'SubmitTimes': [1631356139.0], 'JobIds': ['71964727.0'], 'EndTimes': [1631386735.0], 'Restarts': 0, 'RecordedSite': True, 'State': 'finished', 'ResidentSetSize': [795536], 'TotalUserCpuTimeHistory': [6863], 'SiteHistory': ['Unknown', 'T2_US_Nebraska', 'T2_US_Nebraska'], 'TotalSysCpuTimeHistory': [536]}, '7': {'Retries': 0, 'WallDurations': [10.0, 208.72439098358154, 3820.0], 'StartTimes': [1631356306.0], 'SubmitTimes': [1631356139.0], 'JobIds': ['71964730.0'], 'EndTimes': [1631360126.0], 'Restarts': 0, 'RecordedSite': True, 'State': 'finished', 'ResidentSetSize': [769244], 'TotalUserCpuTimeHistory': [1016], 'SiteHistory': ['Unknown', 'T2_US_Nebraska', 'T2_US_Nebraska'], 'TotalSysCpuTimeHistory': [70]}, '6': {'Retries': 0, 'WallDurations': [9.0, 217.72439098358154, 29874.0], 'StartTimes': [1631356297.0], 'SubmitTimes': [1631356139.0], 'JobIds': ['71964729.0'], 'EndTimes': [1631386171.0], 'Restarts': 0, 'RecordedSite': True, 'State': 'finished', 'ResidentSetSize': [853368], 'TotalUserCpuTimeHistory': [7032], 'SiteHistory': ['Unknown', 'T2_US_Nebraska', 'T2_US_Nebraska'], 'TotalSysCpuTimeHistory': [588]}, '9': {'Retries': 1, 'WallDurations': [9.0, 156.72439098358154, 33242.0, 9.0, 162.07119607925415, 10717.0], 'StartTimes': [1631356358.0, 1631391661.0], 'SubmitTimes': [1631356144.0, 1631391471.0], 'JobIds': ['71964732.0', '71976509.0'], 'EndTimes': [1631389600.0, 1631402378.0], 'Restarts': 0, 'RecordedSite': True, 'State': 'finished', 'ResidentSetSize': [829552, 828868], 'TotalUserCpuTimeHistory': [6672, 9134], 'SiteHistory': ['Unknown', 'T2_US_MIT', 'T2_US_MIT', 'Unknown', 'T2_US_MIT', 'T2_US_MIT'], 'TotalSysCpuTimeHistory': [842, 589]}, '8': {'Retries': 1, 'WallDurations': [8.0, 218.72439098358154, 13238.0, 8.0, 18490.0], 'StartTimes': [1631356296.0, 1631371478.0], 'SubmitTimes': [1631356144.0, 1631371408.0], 'JobIds': ['71964731.0', '71973343.0'], 'EndTimes': [1631369534.0, 1631389968.0], 'Restarts': 0, 'RecordedSite': True, 'State': 'finished', 'ResidentSetSize': [806128, 845508], 'TotalUserCpuTimeHistory': [3342, 2719], 'SiteHistory': ['Unknown', 'T2_US_MIT', 'T2_US_MIT', 'T2_US_UCSD', 'T2_US_UCSD'], 'TotalSysCpuTimeHistory': [346, 198]}}
INFO 2021-09-13 12:57:02.761 UTC: 	 Status on the scheduler:	COMPLETED
INFO 2021-09-13 12:57:02.762 UTC: 	 
Jobs status:                    finished     		100.0% (16/16)
INFO 2021-09-13 12:57:02.762 UTC: 	 
No publication information (publication has been disabled in the CRAB configuration file)
INFO 2021-09-13 12:57:02.763 UTC: 	 
Warning: the average jobs CPU efficiency is less than 50%, please consider to improve the jobs splitting (e.g. config.Data.splitting = 'Automatic') in a new task
INFO 2021-09-13 12:57:02.763 UTC: 	 
Summary of run jobs:
 * Memory: 706MB min, 979MB max, 803MB ave
 * Runtime: 0:12:10 min, 11:02:16 max, 3:11:05 ave
 * CPU eff: 16% min, 98% max, 36% ave
 * Waste: 20:08:46 (28% of total)

INFO 2021-09-13 12:57:02.782 UTC: 	 Log file is /afs/cern.ch/work/y/yian/work/GZ/CMSSW_10_6_20/src/PhysicsTools/NanoAODTools/WWG/2018/crab/crab2018/crab_WZ_TuneCP5_13TeV-pythia8_2018/crab.log
DEBUG 2021-09-14 14:38:22.605 UTC: 	 CRAB Client version: v3.210825
DEBUG 2021-09-14 14:38:22.605 UTC: 	 Running on: Linux lxplus738.cern.ch 3.10.0-1160.36.2.el7.x86_64 #1 SMP Wed Jul 21 11:57:15 UTC 2021 x86_64 x86_64 x86_64 GNU/Linux - CentOS Linux 7 (Core)
DEBUG 2021-09-14 14:38:22.605 UTC: 	 Executing command: 'status'
DEBUG 2021-09-14 14:38:22.606 UTC: 	 Found CRAB cache file /afs/cern.ch/user/y/yian/.crab3
DEBUG 2021-09-14 14:38:22.719 UTC: 	 Checking credentials
DEBUG 2021-09-14 14:38:22.720 UTC: 	 Found proxy file /tmp/x509up_u110046
DEBUG 2021-09-14 14:38:22.720 UTC: 	 Getting proxy life time left
DEBUG 2021-09-14 14:38:23.545 UTC: 	 Executing : 
 command : voms-proxy-info -file /tmp/x509up_u110046 -timeleft
 output : 604698

 error: 
 retcode : 0
DEBUG 2021-09-14 14:38:24.253 UTC: 	 Executing : 
 command : voms-proxy-info -file /tmp/x509up_u110046 -actimeleft
 output : 604697

 error: 
 retcode : 0
DEBUG 2021-09-14 14:38:24.253 UTC: 	 Proxy lifetime 604698 secs is different from voms extension lifetime 604697 secs for proxy: /tmp/x509up_u110046
DEBUG 2021-09-14 14:38:24.254 UTC: 	 Proxy valid for 167:58:17 hours
DEBUG 2021-09-14 14:38:24.312 UTC: 	 Registering user credentials for server /DC=ch/DC=cern/OU=computers/CN=crab-(preprod|prod|dev)-tw(02|01).cern.ch|/DC=ch/DC=cern/OU=computers/CN=(ddi|ddidk|mytw).cern.ch|/DC=ch/DC=cern/OU=computers/CN=stefanov(m|m2).cern.ch
DEBUG 2021-09-14 14:38:25.026 UTC: 	 Executing : 
 command : voms-proxy-info -file /tmp/x509up_u110046 -identity
 output : /DC=ch/DC=cern/OU=Organic Units/OU=Users/CN=yian/CN=826694/CN=Ying An

 error: 
 retcode : 0
DEBUG 2021-09-14 14:38:25.036 UTC: 	 Getting myproxy life time left for myproxy.cern.ch
DEBUG 2021-09-14 14:38:25.036 UTC: 	 using b52ac606a6f7097e9b4b8f05a3a67cc69f8f291b as credential login name
DEBUG 2021-09-14 14:38:25.341 UTC: 	 Executing : 
 command : myproxy-info -l b52ac606a6f7097e9b4b8f05a3a67cc69f8f291b -s myproxy.cern.ch
 output : username: b52ac606a6f7097e9b4b8f05a3a67cc69f8f291b
owner: /DC=ch/DC=cern/OU=Organic Units/OU=Users/CN=yian/CN=826694/CN=Ying An
  renewal policy: /DC=ch/DC=cern/OU=computers/CN=crab-(preprod|prod|dev)-tw(02|01).cern.ch|/DC=ch/DC=cern/OU=computers/CN=(ddi|ddidk|mytw).cern.ch|/DC=ch/DC=cern/OU=computers/CN=stefanov(m|m2).cern.ch
  trusted retrieval policy: /DC=ch/DC=cern/OU=computers/CN=crab-(preprod|prod|dev)-tw(02|01).cern.ch|/DC=ch/DC=cern/OU=computers/CN=(ddi|ddidk|mytw).cern.ch|/DC=ch/DC=cern/OU=computers/CN=stefanov(m|m2).cern.ch
  timeleft: 668:23:16  (27.8 days)

 error: 
 retcode : 0
DEBUG 2021-09-14 14:38:25.342 UTC: 	 Myproxy is valid: 2406196
DEBUG 2021-09-14 14:38:25.343 UTC: 	 Retrieving username ...
DEBUG 2021-09-14 14:38:25.343 UTC: 	 Retrieving username from CRIC...
DEBUG 2021-09-14 14:38:26.089 UTC: 	 username is yian
DEBUG 2021-09-14 14:38:26.097 UTC: 	 Getting myproxy life time left for myproxy.cern.ch
DEBUG 2021-09-14 14:38:26.098 UTC: 	 using yian_CRAB as credential login name
DEBUG 2021-09-14 14:38:26.403 UTC: 	 Executing : 
 command : myproxy-info -l yian_CRAB -s myproxy.cern.ch
 output : username: yian_CRAB
owner: /DC=ch/DC=cern/OU=Organic Units/OU=Users/CN=yian/CN=826694/CN=Ying An
  renewal policy: /DC=ch/DC=cern/OU=computers/CN=crab-(preprod|prod|dev)-tw(02|01).cern.ch|/DC=ch/DC=cern/OU=computers/CN=(ddi|ddidk|mytw).cern.ch|/DC=ch/DC=cern/OU=computers/CN=stefanov(m|m2).cern.ch
  trusted retrieval policy: /DC=ch/DC=cern/OU=computers/CN=crab-(preprod|prod|dev)-tw(02|01).cern.ch|/DC=ch/DC=cern/OU=computers/CN=(ddi|ddidk|mytw).cern.ch|/DC=ch/DC=cern/OU=computers/CN=stefanov(m|m2).cern.ch
  timeleft: 668:23:28  (27.8 days)

 error: 
 retcode : 0
DEBUG 2021-09-14 14:38:26.403 UTC: 	 Myproxy is valid: 2406208
DEBUG 2021-09-14 14:38:26.404 UTC: 	 Result of myproxy credential check:
  Credential exists on myproxy: username: b52ac606a6f7097e9b4b8f05a3a67cc69f8f291b  - validity: 27 days, 20:23:16
  Credential exists on myproxy: username: yian_CRAB  - validity: 27 days, 20:23:28
DEBUG 2021-09-14 14:38:26.405 UTC: 	 Command use: status
DEBUG 2021-09-14 14:38:26.405 UTC: 	 Options use: ['-d', 'crab2018/crab_WZ_TuneCP5_13TeV-pythia8_2018']
DEBUG 2021-09-14 14:38:26.500 UTC: 	 CRABClient version: v3.210825
DEBUG 2021-09-14 14:38:26.500 UTC: 	 Instance is prod
DEBUG 2021-09-14 14:38:26.500 UTC: 	 Server base url is cmsweb.cern.ch
DEBUG 2021-09-14 14:38:26.500 UTC: 	 Command api workflow
DEBUG 2021-09-14 14:38:26.564 UTC: 	 Got information from server oracle database: {u'result': [u'210911_102734:yian_crab_WZ_TuneCP5_13TeV-pythia8_2018', u'None', u'None', u'SUBMITTED', u'SUBMIT', u'2021-09-11 10:27:35.010524', u'None', u'2021-09-11 10:28:54.867361', u'None', u'CMSSW_10_6_20', u'slc7_amd64_gcc820', u'/WZ_TuneCP5_13TeV-pythia8/RunIISummer20UL18NanoAODv9-106X_upgrade2018_realistic_v16_L1v1-v1/NANOAODSIM', u'T', u'0', u"[u'T2_US_UCSD', u'T2_US_Wisconsin', u'T2_US_MIT', u'T2_US_Caltech', u'T2_US_Purdue', u'T2_US_Nebraska']", u'[]', u'FileBased', u"{'splitOnRun': False, 'halt_job_on_file_boundaries': False, 'files_per_job': 1, 'runs': [], 'lumis': []}", u'ce4024b067767c0af918e51c87b31628855166e163a541c120405109f27fbcb5.tar.gz', u'https://cmsweb.cern.ch/S3/crabcache_prod', u'yian', u'/DC=ch/DC=cern/OU=Organic Units/OU=Users/CN=yian/CN=826694/CN=Ying An', u'cms', u'None', u'None', u'WZ_TuneCP5_13TeV-pythia8_2018-00000000000000000000000000000000', u'F', u'T3_CH_CERNBOX', u'https://cmsweb.cern.ch/dbs/prod/global/DBSReader', u'https://cmsweb.cern.ch/dbs/prod/phys03/DBSWriter', u'F', u'[]', u'[]', u"[b'tree.root']", u'Analysis', u'pythia', u'None', u'{}', u'[]', u'F', u'crab-prod-tw01', u'[]', u'1250', u'1', u'2000', u'10', u"['/WZ_TuneCP5_13TeV-pythia8/yian-WZ_TuneCP5_13TeV-pythia8_2018-1ea93bf7cfbb24e247bd0f4bd1955225/USER']", u'[]', u'http://vocms0144.cern.ch/mon/cms1407/210911_102734:yian_crab_WZ_TuneCP5_13TeV-pythia8_2018', u'WWG_crab_script.sh', u"[b'isdata=MC', b'year=2018', b'era=A']", u'[]', u'https://cmsweb.cern.ch/crabserver/prod', u'cmsgwms-collector-global.cern.ch:9620,cmsgwms-collector-global.fnal.gov:9620', u'crab3@vocms0144.cern.ch', u'F', u'[]', u'T', u'/store/user/yian/', u'T', u'None', u'F', u'None', u'WZ_TuneCP5_13TeV-pythia8', u'None', u'9ea625fd8596d4b98651e40d1f29361b62e368717c291c4db4335eeb7efa9646.tar.gz', u'71964720', u'filetransfers', u'F', u'188.184.97.219', u'0.0', u'None'], u'desc': {u'columns': [u'tm_taskname', u'tm_activity', u'panda_jobset_id', u'tm_task_status', u'tm_task_command', u'tm_start_time', u'tm_start_injection', u'tm_end_injection', u'tm_task_failure', u'tm_job_sw', u'tm_job_arch', u'tm_input_dataset', u'tm_nonvalid_input_dataset', u'tm_use_parent', u'tm_site_whitelist', u'tm_site_blacklist', u'tm_split_algo', u'tm_split_args', u'tm_user_sandbox', u'tm_cache_url', u'tm_username', u'tm_user_dn', u'tm_user_vo', u'tm_user_role', u'tm_user_group', u'tm_publish_name', u'tm_publish_groupname', u'tm_asyncdest', u'tm_dbs_url', u'tm_publish_dbs_url', u'tm_publication', u'tm_outfiles', u'tm_tfile_outfiles', u'tm_edm_outfiles', u'tm_job_type', u'tm_generator', u'tm_events_per_lumi', u'tm_arguments', u'panda_resubmitted_jobs', u'tm_save_logs', u'tw_name', u'tm_user_infiles', u'tm_maxjobruntime', u'tm_numcores', u'tm_maxmemory', u'tm_priority', u'tm_output_dataset', u'tm_task_warnings', u'tm_user_webdir', u'tm_scriptexe', u'tm_scriptargs', u'tm_extrajdl', u'tm_asourl', u'tm_collector', u'tm_schedd', u'tm_dry_run', u'tm_user_files', u'tm_transfer_outputs', u'tm_output_lfn', u'tm_ignore_locality', u'tm_fail_limit', u'tm_one_event_mode', u'tm_secondary_input_dataset', u'tm_primary_dataset', u'tm_last_publication', u'tm_debug_files', u'clusterid', u'tm_asodb', u'tm_ignore_global_blacklist', u'tm_submitter_ip_addr', u'tm_totalunits', u'tm_ddm_reqid']}}
INFO 2021-09-14 14:38:26.564 UTC: 	 CRAB project directory:		/afs/cern.ch/work/y/yian/work/GZ/CMSSW_10_6_20/src/PhysicsTools/NanoAODTools/WWG/2018/crab/crab2018/crab_WZ_TuneCP5_13TeV-pythia8_2018
INFO 2021-09-14 14:38:26.564 UTC: 	 Task name:			210911_102734:yian_crab_WZ_TuneCP5_13TeV-pythia8_2018
INFO 2021-09-14 14:38:26.564 UTC: 	 Grid scheduler - Task Worker:	crab3@vocms0144.cern.ch - crab-prod-tw01
INFO 2021-09-14 14:38:26.565 UTC: 	 Status on the CRAB server:	SUBMITTED
INFO 2021-09-14 14:38:26.565 UTC: 	 Task URL to use for HELP:	https://cmsweb.cern.ch/crabserver/ui/task/210911_102734%3Ayian_crab_WZ_TuneCP5_13TeV-pythia8_2018
INFO 2021-09-14 14:38:26.568 UTC: 	 Dashboard monitoring URL:	https://monit-grafana.cern.ch/d/cmsTMDetail/cms-task-monitoring-task-view?orgId=11&var-user=yian&var-task=210911_102734%3Ayian_crab_WZ_TuneCP5_13TeV-pythia8_2018&from=1631352455000&to=now
DEBUG 2021-09-14 14:38:26.568 UTC: 	 The CRAB server submitted your task to the Grid scheduler (cluster ID: 71964720)
DEBUG 2021-09-14 14:38:26.568 UTC: 	 Webdir is located at http://vocms0144.cern.ch/mon/cms1407/210911_102734:yian_crab_WZ_TuneCP5_13TeV-pythia8_2018
DEBUG 2021-09-14 14:38:26.797 UTC: 	 Proxied webdir is located at https://cmsweb.cern.ch:8443/scheddmon/0144/cms1407/210911_102734:yian_crab_WZ_TuneCP5_13TeV-pythia8_2018
DEBUG 2021-09-14 14:38:26.797 UTC: 	 Retrieving 'status_cache' file from https://cmsweb.cern.ch:8443/scheddmon/0144/cms1407/210911_102734:yian_crab_WZ_TuneCP5_13TeV-pythia8_2018/status_cache
DEBUG 2021-09-14 14:38:26.843 UTC: 	 Got information from status cache file: {'11': {'Retries': 0, 'WallDurations': [9.0, 216.72439098358154, 730.0], 'StartTimes': [1631356298.0], 'SubmitTimes': [1631356145.0], 'JobIds': ['71964734.0'], 'EndTimes': [1631357028.0], 'Restarts': 0, 'RecordedSite': True, 'State': 'finished', 'ResidentSetSize': [723100], 'TotalUserCpuTimeHistory': [318], 'SiteHistory': ['Unknown', 'T2_US_Nebraska', 'T2_US_Nebraska'], 'TotalSysCpuTimeHistory': [12]}, '10': {'Retries': 0, 'WallDurations': [8.0, 219.72439098358154, 4898.0], 'StartTimes': [1631356295.0], 'SubmitTimes': [1631356145.0], 'JobIds': ['71964733.0'], 'EndTimes': [1631361193.0], 'Restarts': 0, 'RecordedSite': True, 'State': 'finished', 'ResidentSetSize': [765512], 'TotalUserCpuTimeHistory': [1207], 'SiteHistory': ['Unknown', 'T2_US_MIT', 'T2_US_MIT'], 'TotalSysCpuTimeHistory': [76]}, '13': {'Retries': 0, 'WallDurations': [8.0, 215.72439098358154, 9479.0], 'StartTimes': [1631356299.0], 'SubmitTimes': [1631356145.0], 'JobIds': ['71964736.0'], 'EndTimes': [1631365778.0], 'Restarts': 0, 'RecordedSite': True, 'State': 'finished', 'ResidentSetSize': [1002824], 'TotalUserCpuTimeHistory': [8734], 'SiteHistory': ['Unknown', 'T2_US_Wisconsin', 'T2_US_Wisconsin'], 'TotalSysCpuTimeHistory': [529]}, '12': {'Retries': 0, 'WallDurations': [9.0, 208.72439098358154, 3546.0], 'StartTimes': [1631356306.0], 'SubmitTimes': [1631356145.0], 'JobIds': ['71964735.0'], 'EndTimes': [1631359852.0], 'Restarts': 0, 'RecordedSite': True, 'State': 'finished', 'ResidentSetSize': [815984], 'TotalUserCpuTimeHistory': [683], 'SiteHistory': ['Unknown', 'T2_US_MIT', 'T2_US_MIT'], 'TotalSysCpuTimeHistory': [73]}, '15': {'Retries': 0, 'WallDurations': [8.0, 215.72439098358154, 3342.0], 'StartTimes': [1631356299.0], 'SubmitTimes': [1631356145.0], 'JobIds': ['71964738.0'], 'EndTimes': [1631359641.0], 'Restarts': 0, 'RecordedSite': True, 'State': 'finished', 'ResidentSetSize': [936544], 'TotalUserCpuTimeHistory': [628], 'SiteHistory': ['Unknown', 'T2_US_Wisconsin', 'T2_US_Wisconsin'], 'TotalSysCpuTimeHistory': [37]}, '14': {'Retries': 0, 'WallDurations': [8.0, 216.72439098358154, 4291.0], 'StartTimes': [1631356298.0], 'SubmitTimes': [1631356145.0], 'JobIds': ['71964737.0'], 'EndTimes': [1631360589.0], 'Restarts': 0, 'RecordedSite': True, 'State': 'finished', 'ResidentSetSize': [826544], 'TotalUserCpuTimeHistory': [3881], 'SiteHistory': ['Unknown', 'T2_US_MIT', 'T2_US_MIT'], 'TotalSysCpuTimeHistory': [210]}, '16': {'Retries': 0, 'WallDurations': [8.0, 218.72439098358154, 11746.0], 'StartTimes': [1631356296.0], 'SubmitTimes': [1631356145.0], 'JobIds': ['71964739.0'], 'EndTimes': [1631368042.0], 'Restarts': 0, 'RecordedSite': True, 'State': 'finished', 'ResidentSetSize': [817588], 'TotalUserCpuTimeHistory': [1693], 'SiteHistory': ['Unknown', 'T2_US_Purdue', 'T2_US_Purdue'], 'TotalSysCpuTimeHistory': [182]}, '1': {'Retries': 0, 'WallDurations': [9.0, 219.72439098358154, 7368.0], 'StartTimes': [1631356295.0], 'SubmitTimes': [1631356139.0], 'JobIds': ['71964724.0'], 'EndTimes': [1631363663.0], 'Restarts': 0, 'RecordedSite': True, 'State': 'finished', 'ResidentSetSize': [802516], 'TotalUserCpuTimeHistory': [2375], 'SiteHistory': ['Unknown', 'T2_US_MIT', 'T2_US_MIT'], 'TotalSysCpuTimeHistory': [158]}, '3': {'Retries': 1, 'WallDurations': [9.0, 216.72439098358154, 22348.0, 9.0, 222.39077591896057, 39736.0], 'StartTimes': [1631356298.0, 1631380757.0], 'SubmitTimes': [1631356139.0, 1631380522.0], 'JobIds': ['71964726.0', '71975490.0'], 'EndTimes': [1631378646.0, 1631420493.0], 'Restarts': 0, 'RecordedSite': True, 'State': 'finished', 'ResidentSetSize': [788932, 863388], 'TotalUserCpuTimeHistory': [4589, 12715], 'SiteHistory': ['Unknown', 'T2_US_MIT', 'T2_US_MIT', 'Unknown', 'T2_US_Nebraska', 'T2_US_Nebraska'], 'TotalSysCpuTimeHistory': [365, 841]}, '2': {'Retries': 0, 'WallDurations': [10.0, 174.72439098358154, 3020.0], 'StartTimes': [1631356340.0], 'SubmitTimes': [1631356139.0], 'JobIds': ['71964725.0'], 'EndTimes': [1631359360.0], 'Restarts': 0, 'RecordedSite': True, 'State': 'finished', 'ResidentSetSize': [753996], 'TotalUserCpuTimeHistory': [2635], 'SiteHistory': ['Unknown', 'T2_US_MIT', 'T2_US_MIT'], 'TotalSysCpuTimeHistory': [307]}, '5': {'Retries': 0, 'WallDurations': [9.0, 9.724390983581543, 1963.0], 'StartTimes': [1631356505.0], 'SubmitTimes': [1631356139.0], 'JobIds': ['71964728.0'], 'EndTimes': [1631358468.0], 'Restarts': 0, 'RecordedSite': True, 'State': 'finished', 'ResidentSetSize': [759424], 'TotalUserCpuTimeHistory': [560], 'SiteHistory': ['Unknown', 'T2_US_Nebraska', 'T2_US_Nebraska'], 'TotalSysCpuTimeHistory': [31]}, '4': {'Retries': 0, 'WallDurations': [9.0, 212.72439098358154, 30433.0], 'StartTimes': [1631356302.0], 'SubmitTimes': [1631356139.0], 'JobIds': ['71964727.0'], 'EndTimes': [1631386735.0], 'Restarts': 0, 'RecordedSite': True, 'State': 'finished', 'ResidentSetSize': [795536], 'TotalUserCpuTimeHistory': [6863], 'SiteHistory': ['Unknown', 'T2_US_Nebraska', 'T2_US_Nebraska'], 'TotalSysCpuTimeHistory': [536]}, '7': {'Retries': 0, 'WallDurations': [10.0, 208.72439098358154, 3820.0], 'StartTimes': [1631356306.0], 'SubmitTimes': [1631356139.0], 'JobIds': ['71964730.0'], 'EndTimes': [1631360126.0], 'Restarts': 0, 'RecordedSite': True, 'State': 'finished', 'ResidentSetSize': [769244], 'TotalUserCpuTimeHistory': [1016], 'SiteHistory': ['Unknown', 'T2_US_Nebraska', 'T2_US_Nebraska'], 'TotalSysCpuTimeHistory': [70]}, '6': {'Retries': 0, 'WallDurations': [9.0, 217.72439098358154, 29874.0], 'StartTimes': [1631356297.0], 'SubmitTimes': [1631356139.0], 'JobIds': ['71964729.0'], 'EndTimes': [1631386171.0], 'Restarts': 0, 'RecordedSite': True, 'State': 'finished', 'ResidentSetSize': [853368], 'TotalUserCpuTimeHistory': [7032], 'SiteHistory': ['Unknown', 'T2_US_Nebraska', 'T2_US_Nebraska'], 'TotalSysCpuTimeHistory': [588]}, '9': {'Retries': 1, 'WallDurations': [9.0, 156.72439098358154, 33242.0, 9.0, 162.07119607925415, 10717.0], 'StartTimes': [1631356358.0, 1631391661.0], 'SubmitTimes': [1631356144.0, 1631391471.0], 'JobIds': ['71964732.0', '71976509.0'], 'EndTimes': [1631389600.0, 1631402378.0], 'Restarts': 0, 'RecordedSite': True, 'State': 'finished', 'ResidentSetSize': [829552, 828868], 'TotalUserCpuTimeHistory': [6672, 9134], 'SiteHistory': ['Unknown', 'T2_US_MIT', 'T2_US_MIT', 'Unknown', 'T2_US_MIT', 'T2_US_MIT'], 'TotalSysCpuTimeHistory': [842, 589]}, '8': {'Retries': 1, 'WallDurations': [8.0, 218.72439098358154, 13238.0, 8.0, 18490.0], 'StartTimes': [1631356296.0, 1631371478.0], 'SubmitTimes': [1631356144.0, 1631371408.0], 'JobIds': ['71964731.0', '71973343.0'], 'EndTimes': [1631369534.0, 1631389968.0], 'Restarts': 0, 'RecordedSite': True, 'State': 'finished', 'ResidentSetSize': [806128, 845508], 'TotalUserCpuTimeHistory': [3342, 2719], 'SiteHistory': ['Unknown', 'T2_US_MIT', 'T2_US_MIT', 'T2_US_UCSD', 'T2_US_UCSD'], 'TotalSysCpuTimeHistory': [346, 198]}}
INFO 2021-09-14 14:38:26.843 UTC: 	 Status on the scheduler:	COMPLETED
INFO 2021-09-14 14:38:26.843 UTC: 	 
Jobs status:                    finished     		100.0% (16/16)
INFO 2021-09-14 14:38:26.843 UTC: 	 
No publication information (publication has been disabled in the CRAB configuration file)
INFO 2021-09-14 14:38:26.844 UTC: 	 
Warning: the average jobs CPU efficiency is less than 50%, please consider to improve the jobs splitting (e.g. config.Data.splitting = 'Automatic') in a new task
INFO 2021-09-14 14:38:26.844 UTC: 	 
Summary of run jobs:
 * Memory: 706MB min, 979MB max, 803MB ave
 * Runtime: 0:12:10 min, 11:02:16 max, 3:11:05 ave
 * CPU eff: 16% min, 98% max, 36% ave
 * Waste: 20:08:46 (28% of total)

INFO 2021-09-14 14:38:26.879 UTC: 	 Log file is /afs/cern.ch/work/y/yian/work/GZ/CMSSW_10_6_20/src/PhysicsTools/NanoAODTools/WWG/2018/crab/crab2018/crab_WZ_TuneCP5_13TeV-pythia8_2018/crab.log
