DEBUG 2021-05-17 15:16:15.325 UTC: 	 CRAB Client version: v3.210323
DEBUG 2021-05-17 15:16:15.326 UTC: 	 Running on: Linux lxplus7105.cern.ch 3.10.0-1160.24.1.el7.x86_64 #1 SMP Thu Apr 8 19:51:47 UTC 2021 x86_64 x86_64 x86_64 GNU/Linux - CentOS Linux 7 (Core)
DEBUG 2021-05-17 15:16:15.326 UTC: 	 Executing command: 'submit'
DEBUG 2021-05-17 15:16:15.328 UTC: 	 Found CRAB cache file /afs/cern.ch/user/y/yian/.crab3
INFO 2021-05-17 15:16:15.329 UTC: 	 Will use CRAB configuration file crabcode_2018/TTJets_TuneCP5_13TeV-amcatnloFXFX-pythia8_2018_cfg.py
DEBUG 2021-05-17 15:16:15.329 UTC: 	 Loading CRAB configuration file.
DEBUG 2021-05-17 15:16:15.342 UTC: 	 Will use CRAB Analysis plugin (i.e. will run an analysis job type).
DEBUG 2021-05-17 15:16:15.374 UTC: 	 Checking credentials
DEBUG 2021-05-17 15:16:15.374 UTC: 	 Found proxy file /tmp/x509up_u110046
DEBUG 2021-05-17 15:16:15.374 UTC: 	 Getting proxy life time left
DEBUG 2021-05-17 15:16:16.186 UTC: 	 Executing : 
 command : voms-proxy-info -file /tmp/x509up_u110046 -timeleft
 output : 603894

 error: 
 retcode : 0
DEBUG 2021-05-17 15:16:16.894 UTC: 	 Executing : 
 command : voms-proxy-info -file /tmp/x509up_u110046 -actimeleft
 output : 603893

 error: 
 retcode : 0
DEBUG 2021-05-17 15:16:16.895 UTC: 	 Proxy lifetime 603894 secs is different from voms extension lifetime 603893 secs for proxy: /tmp/x509up_u110046
DEBUG 2021-05-17 15:16:16.895 UTC: 	 Proxy valid for 167:44:53 hours
DEBUG 2021-05-17 15:16:17.720 UTC: 	 Executing : 
 command : env X509_USER_PROXY=/tmp/x509up_u110046 voms-proxy-info -fqan
 output : /cms/Role=NULL/Capability=NULL

 error: 
 retcode : 0
DEBUG 2021-05-17 15:16:17.806 UTC: 	 Registering user credentials for server /DC=ch/DC=cern/OU=computers/CN=vocms0105.cern.ch|/DC=ch/DC=cern/OU=computers/CN=crab-(preprod|prod|dev)-tw(02|01).cern.ch|/DC=ch/DC=cern/OU=computers/CN=(ddi|ddidk|mytw).cern.ch|/DC=ch/DC=cern/OU=computers/CN=stefanov(m|m2).cern.ch
DEBUG 2021-05-17 15:16:18.525 UTC: 	 Executing : 
 command : voms-proxy-info -file /tmp/x509up_u110046 -identity
 output : /DC=ch/DC=cern/OU=Organic Units/OU=Users/CN=yian/CN=826694/CN=Ying An

 error: 
 retcode : 0
DEBUG 2021-05-17 15:16:18.533 UTC: 	 Getting myproxy life time left for myproxy.cern.ch
DEBUG 2021-05-17 15:16:18.534 UTC: 	 using b52ac606a6f7097e9b4b8f05a3a67cc69f8f291b as credential login name
DEBUG 2021-05-17 15:16:18.941 UTC: 	 Executing : 
 command : myproxy-info -l b52ac606a6f7097e9b4b8f05a3a67cc69f8f291b -s myproxy.cern.ch
 output : username: b52ac606a6f7097e9b4b8f05a3a67cc69f8f291b
owner: /DC=ch/DC=cern/OU=Organic Units/OU=Users/CN=yian/CN=826694/CN=Ying An
  renewal policy: /DC=ch/DC=cern/OU=computers/CN=vocms0105.cern.ch|/DC=ch/DC=cern/OU=computers/CN=crab-(preprod|prod|dev)-tw(02|01).cern.ch|/DC=ch/DC=cern/OU=computers/CN=(ddi|ddidk|mytw).cern.ch|/DC=ch/DC=cern/OU=computers/CN=stefanov(m|m2).cern.ch
  trusted retrieval policy: /DC=ch/DC=cern/OU=computers/CN=vocms0105.cern.ch|/DC=ch/DC=cern/OU=computers/CN=crab-(preprod|prod|dev)-tw(02|01).cern.ch|/DC=ch/DC=cern/OU=computers/CN=(ddi|ddidk|mytw).cern.ch|/DC=ch/DC=cern/OU=computers/CN=stefanov(m|m2).cern.ch
  timeleft: 719:46:32  (30.0 days)

 error: 
 retcode : 0
DEBUG 2021-05-17 15:16:18.943 UTC: 	 Myproxy is valid: 2591192
DEBUG 2021-05-17 15:16:18.943 UTC: 	 Retrieving username ...
DEBUG 2021-05-17 15:16:18.943 UTC: 	 Retrieving username from CRIC...
DEBUG 2021-05-17 15:16:20.920 UTC: 	 username is yian
DEBUG 2021-05-17 15:16:20.928 UTC: 	 Getting myproxy life time left for myproxy.cern.ch
DEBUG 2021-05-17 15:16:20.928 UTC: 	 using yian_CRAB as credential login name
DEBUG 2021-05-17 15:16:21.734 UTC: 	 Executing : 
 command : myproxy-info -l yian_CRAB -s myproxy.cern.ch
 output : username: yian_CRAB
owner: /DC=ch/DC=cern/OU=Organic Units/OU=Users/CN=yian/CN=826694/CN=Ying An
  renewal policy: /DC=ch/DC=cern/OU=computers/CN=vocms0105.cern.ch|/DC=ch/DC=cern/OU=computers/CN=crab-(preprod|prod|dev)-tw(02|01).cern.ch|/DC=ch/DC=cern/OU=computers/CN=(ddi|ddidk|mytw).cern.ch|/DC=ch/DC=cern/OU=computers/CN=stefanov(m|m2).cern.ch
  trusted retrieval policy: /DC=ch/DC=cern/OU=computers/CN=vocms0105.cern.ch|/DC=ch/DC=cern/OU=computers/CN=crab-(preprod|prod|dev)-tw(02|01).cern.ch|/DC=ch/DC=cern/OU=computers/CN=(ddi|ddidk|mytw).cern.ch|/DC=ch/DC=cern/OU=computers/CN=stefanov(m|m2).cern.ch
  timeleft: 719:47:44  (30.0 days)

 error: 
 retcode : 0
DEBUG 2021-05-17 15:16:21.734 UTC: 	 Myproxy is valid: 2591264
DEBUG 2021-05-17 15:16:21.735 UTC: 	 Result of myproxy credential check:
  Credential exists on myproxy: username: b52ac606a6f7097e9b4b8f05a3a67cc69f8f291b  - validity: 29 days, 23:46:32
  Credential exists on myproxy: username: yian_CRAB  - validity: 29 days, 23:47:44
DEBUG 2021-05-17 15:16:21.735 UTC: 	 Command use: submit
DEBUG 2021-05-17 15:16:21.735 UTC: 	 Options use: ['-c', 'crabcode_2018/TTJets_TuneCP5_13TeV-amcatnloFXFX-pythia8_2018_cfg.py']
DEBUG 2021-05-17 15:16:21.814 UTC: 	 CRABClient version: v3.210323
DEBUG 2021-05-17 15:16:21.814 UTC: 	 Instance is prod
DEBUG 2021-05-17 15:16:21.814 UTC: 	 Server base url is cmsweb.cern.ch
DEBUG 2021-05-17 15:16:21.814 UTC: 	 Command url /crabserver/prod/workflow
DEBUG 2021-05-17 15:16:21.814 UTC: 	 Started submission
DEBUG 2021-05-17 15:16:21.814 UTC: 	 Working on /afs/cern.ch/work/y/yian/work/GZ/CMSSW_10_6_20/src/PhysicsTools/NanoAODTools/WWG/2018/crab/crab2018/crab_TTJets_TuneCP5_13TeV-amcatnloFXFX-pythia8_2018
DEBUG 2021-05-17 15:16:21.945 UTC: 	 Loading required information from the environment
DEBUG 2021-05-17 15:16:21.945 UTC: 	 Found CMSSW_10_6_20 for slc7_amd64_gcc820 with base /afs/cern.ch/work/y/yian/work/GZ/CMSSW_10_6_20
DEBUG 2021-05-17 15:16:21.945 UTC: 	 Loading required information from the environment
DEBUG 2021-05-17 15:16:21.945 UTC: 	 Found CMSSW_10_6_20 for slc7_amd64_gcc820 with base /afs/cern.ch/work/y/yian/work/GZ/CMSSW_10_6_20
DEBUG 2021-05-17 15:16:21.945 UTC: 	 UNIQUE NAME: tarUUID dc4cb490-23ab-4036-9572-886ef0ba5b8a 
DEBUG 2021-05-17 15:16:21.945 UTC: 	 self.config: from WMCore.Configuration import Configuration
config = Configuration()
config.section_('General')
config.General.workArea = 'crab2018'
config.General.transferLogs = False
config.General.requestName = 'TTJets_TuneCP5_13TeV-amcatnloFXFX-pythia8_2018'
config.section_('JobType')
config.JobType.scriptArgs = ['isdata=MC', 'year=2018']
config.JobType.scriptExe = './WWG_crab_script.sh'
config.JobType.pluginName = 'Analysis'
config.JobType.sendPythonFolder = True
config.JobType.allowUndistributedCMSSW = True
config.JobType.psetName = 'PSet.py'
config.JobType.inputFiles = ['../../../scripts/haddnano.py', '../WWG_selector/WWG_postproc.py', '../WWG_selector/WWG_Module.py', '../WWG_selector/WWG_keep_and_drop.txt', '../WWG_selector/WWG_output_branch.txt', '../WWG_selector/DAS_filesearch.py']
config.section_('Data')
config.Data.inputDataset = '/TTJets_TuneCP5_13TeV-amcatnloFXFX-pythia8/RunIISummer19UL18NanoAODv2-106X_upgrade2018_realistic_v15_L1v1-v1/NANOAODSIM'
config.Data.allowNonValidInputDataset = True
config.Data.publication = False
config.Data.unitsPerJob = 1
config.Data.ignoreLocality = True
config.Data.inputDBS = 'global'
config.Data.splitting = 'FileBased'
config.Data.outputDatasetTag = 'TTJets_TuneCP5_13TeV-amcatnloFXFX-pythia8_2018'
config.section_('Site')
config.Site.whitelist = ['T2_US_MIT', 'T2_US_Wisconsin', 'T2_US_Purdue', 'T2_US_UCSD', 'T2_US_Caltech', 'T2_US_Nebraska']
config.Site.storageSite = 'T3_CH_CERNBOX'

DEBUG 2021-05-17 15:16:21.946 UTC: 	 self.config.JobType.psetName: PSet.py
INFO 2021-05-17 15:16:21.946 UTC: 	 Importing CMSSW configuration PSet.py
INFO 2021-05-17 15:16:22.411 UTC: 	 Finished importing CMSSW configuration PSet.py
DEBUG 2021-05-17 15:16:22.411 UTC: 	 Writing CMSSW configuration to /afs/cern.ch/work/y/yian/work/GZ/CMSSW_10_6_20/src/PhysicsTools/NanoAODTools/WWG/2018/crab/crab2018/crab_TTJets_TuneCP5_13TeV-amcatnloFXFX-pythia8_2018/inputs/PSet.py
DEBUG 2021-05-17 15:16:22.433 UTC: 	 The following EDM output files will be collected: ['tree.root']
DEBUG 2021-05-17 15:16:22.433 UTC: 	 The following TFile output files will be collected: []
DEBUG 2021-05-17 15:16:22.433 UTC: 	 The following user output files (not listed as PoolOuputModule or TFileService in the CMSSW PSet) will be collected: 
DEBUG 2021-05-17 15:16:22.433 UTC: 	 Loading required information from the environment
DEBUG 2021-05-17 15:16:22.433 UTC: 	 Found CMSSW_10_6_20 for slc7_amd64_gcc820 with base /afs/cern.ch/work/y/yian/work/GZ/CMSSW_10_6_20
DEBUG 2021-05-17 15:16:22.433 UTC: 	 Making tarball in /afs/cern.ch/work/y/yian/work/GZ/CMSSW_10_6_20/src/PhysicsTools/NanoAODTools/WWG/2018/crab/crab2018/crab_TTJets_TuneCP5_13TeV-amcatnloFXFX-pythia8_2018/inputs/dc4cb490-23ab-4036-9572-886ef0ba5b8adefault.tgz
DEBUG 2021-05-17 15:16:22.434 UTC: 	 Checking directory /afs/cern.ch/work/y/yian/work/GZ/CMSSW_10_6_20/lib
DEBUG 2021-05-17 15:16:22.434 UTC: 	 Adding directory /afs/cern.ch/work/y/yian/work/GZ/CMSSW_10_6_20/lib to tarball
DEBUG 2021-05-17 15:16:22.564 UTC: 	 Checking directory /afs/cern.ch/work/y/yian/work/GZ/CMSSW_10_6_20/biglib
DEBUG 2021-05-17 15:16:22.564 UTC: 	 Adding directory /afs/cern.ch/work/y/yian/work/GZ/CMSSW_10_6_20/biglib to tarball
DEBUG 2021-05-17 15:16:22.566 UTC: 	 Checking directory /afs/cern.ch/work/y/yian/work/GZ/CMSSW_10_6_20/module
DEBUG 2021-05-17 15:16:22.567 UTC: 	 Checking directory /afs/cern.ch/work/y/yian/work/GZ/CMSSW_10_6_20/python
DEBUG 2021-05-17 15:16:22.567 UTC: 	 Adding directory /afs/cern.ch/work/y/yian/work/GZ/CMSSW_10_6_20/python to tarball
DEBUG 2021-05-17 15:16:25.198 UTC: 	 Checking directory /afs/cern.ch/work/y/yian/work/GZ/CMSSW_10_6_20/cfipython
DEBUG 2021-05-17 15:16:25.198 UTC: 	 Adding directory /afs/cern.ch/work/y/yian/work/GZ/CMSSW_10_6_20/cfipython to tarball
DEBUG 2021-05-17 15:16:25.865 UTC: 	 Adding data directory /afs/cern.ch/work/y/yian/work/GZ/CMSSW_10_6_20/src/PhysicsTools/NanoAODTools/data to tarball
DEBUG 2021-05-17 15:16:50.516 UTC: 	 Adding data directory /afs/cern.ch/work/y/yian/work/GZ/CMSSW_10_6_20/src/PhysicsTools/NanoAODTools/interface to tarball
DEBUG 2021-05-17 15:16:50.527 UTC: 	 Adding data directory /afs/cern.ch/work/y/yian/work/GZ/CMSSW_10_6_20/src/PhysicsTools/NanoAODTools/python/postprocessing/data to tarball
DEBUG 2021-05-17 15:16:58.633 UTC: 	 Adding file ../../../scripts/haddnano.py to tarball
DEBUG 2021-05-17 15:16:58.634 UTC: 	 Adding file ../WWG_selector/WWG_postproc.py to tarball
DEBUG 2021-05-17 15:16:58.635 UTC: 	 Adding file ../WWG_selector/WWG_Module.py to tarball
DEBUG 2021-05-17 15:16:58.636 UTC: 	 Adding file ../WWG_selector/WWG_keep_and_drop.txt to tarball
DEBUG 2021-05-17 15:16:58.636 UTC: 	 Adding file ../WWG_selector/WWG_output_branch.txt to tarball
DEBUG 2021-05-17 15:16:58.637 UTC: 	 Adding file ../WWG_selector/DAS_filesearch.py to tarball
DEBUG 2021-05-17 15:16:58.919 UTC: 	 Uploading archive /afs/cern.ch/work/y/yian/work/GZ/CMSSW_10_6_20/src/PhysicsTools/NanoAODTools/WWG/2018/crab/crab2018/crab_TTJets_TuneCP5_13TeV-amcatnloFXFX-pythia8_2018/inputs/dc4cb490-23ab-4036-9572-886ef0ba5b8adefault.tgz (94 MB) to the CRAB cache. Using URI https://cmsweb.cern.ch:8443/crabcache
DEBUG 2021-05-17 15:17:56.520 UTC: 	 Loading required information from the environment
DEBUG 2021-05-17 15:17:56.521 UTC: 	 Found CMSSW_10_6_20 for slc7_amd64_gcc820 with base /afs/cern.ch/work/y/yian/work/GZ/CMSSW_10_6_20
DEBUG 2021-05-17 15:17:56.521 UTC: 	 Making tarball in /afs/cern.ch/work/y/yian/work/GZ/CMSSW_10_6_20/src/PhysicsTools/NanoAODTools/WWG/2018/crab/crab2018/crab_TTJets_TuneCP5_13TeV-amcatnloFXFX-pythia8_2018/inputs/debugFiles.tgz
DEBUG 2021-05-17 15:17:56.579 UTC: 	 Uploading archive /afs/cern.ch/work/y/yian/work/GZ/CMSSW_10_6_20/src/PhysicsTools/NanoAODTools/WWG/2018/crab/crab2018/crab_TTJets_TuneCP5_13TeV-amcatnloFXFX-pythia8_2018/inputs/debugFiles.tgz (1 KB) to the CRAB cache. Using URI https://cmsweb.cern.ch:8443/crabcache
DEBUG 2021-05-17 15:17:56.642 UTC: 	 Result uploading input files: 793b663d463229f0fc9ca99985b5d0c4fcac343ca6ed280b2c4d1e2b0acb19ea.tar.gz 
INFO 2021-05-17 15:17:56.643 UTC: 	 Sending the request to the server at cmsweb.cern.ch
DEBUG 2021-05-17 15:17:56.643 UTC: 	 Submitting {'maxjobruntime': 1250, 'extrajdl': [], 'ignorelocality': 1, 'savelogsflag': 0, 'useparent': 0, 'scriptexe': 'WWG_crab_script.sh', 'asyncdest': 'T3_CH_CERNBOX', 'algoargs': 1, 'cachefilename': '793b663d463229f0fc9ca99985b5d0c4fcac343ca6ed280b2c4d1e2b0acb19ea.tar.gz', 'numcores': 1, 'addoutputfiles': [], 'generator': 'pythia', 'maxmemory': 2000, 'publishdbsurl': 'https://cmsweb.cern.ch/dbs/prod/phys03/DBSWriter', 'priority': 10, 'jobsw': 'CMSSW_10_6_20', 'edmoutfiles': ['tree.root'], 'userfiles': [], 'primarydataset': '', 'inputdata': '/TTJets_TuneCP5_13TeV-amcatnloFXFX-pythia8/RunIISummer19UL18NanoAODv2-106X_upgrade2018_realistic_v15_L1v1-v1/NANOAODSIM', 'dryrun': 0, 'workflow': 'crab_TTJets_TuneCP5_13TeV-amcatnloFXFX-pythia8_2018', 'scriptargs': ['isdata=MC', 'year=2018'], 'sitewhitelist': ['T2_US_MIT', 'T2_US_Wisconsin', 'T2_US_Purdue', 'T2_US_UCSD', 'T2_US_Caltech', 'T2_US_Nebraska'], 'nonprodsw': 1, 'tfileoutfiles': [], 'oneEventMode': 0, 'debugfilename': 'fb6bc3225bc69b110806c3fa556f2e56a1eb8920901021adb845eb1fc381fc88.tar.gz', 'cacheurl': u'https://cmsweb.cern.ch:8443/crabcache', 'saveoutput': 1, 'publication': 0, 'jobarch': 'slc7_amd64_gcc820', 'totalunits': 0, 'splitalgo': 'FileBased', 'ignoreglobalblacklist': 0, 'nonvaliddata': 1, 'dbsurl': 'https://cmsweb.cern.ch/dbs/prod/global/DBSReader', 'publishgroupname': 0, 'jobtype': 'Analysis', 'publishname2': 'TTJets_TuneCP5_13TeV-amcatnloFXFX-pythia8_2018'} 
DEBUG 2021-05-17 15:17:56.644 UTC: 	 Encoded submit request: maxjobruntime=1250&ignorelocality=1&savelogsflag=0&useparent=0&scriptexe=WWG_crab_script.sh&asyncdest=T3_CH_CERNBOX&algoargs=1&cachefilename=793b663d463229f0fc9ca99985b5d0c4fcac343ca6ed280b2c4d1e2b0acb19ea.tar.gz&numcores=1&generator=pythia&maxmemory=2000&publishdbsurl=https%3A%2F%2Fcmsweb.cern.ch%2Fdbs%2Fprod%2Fphys03%2FDBSWriter&priority=10&jobsw=CMSSW_10_6_20&primarydataset=&inputdata=%2FTTJets_TuneCP5_13TeV-amcatnloFXFX-pythia8%2FRunIISummer19UL18NanoAODv2-106X_upgrade2018_realistic_v15_L1v1-v1%2FNANOAODSIM&dryrun=0&workflow=crab_TTJets_TuneCP5_13TeV-amcatnloFXFX-pythia8_2018&nonprodsw=1&oneEventMode=0&debugfilename=fb6bc3225bc69b110806c3fa556f2e56a1eb8920901021adb845eb1fc381fc88.tar.gz&cacheurl=https%3A%2F%2Fcmsweb.cern.ch%3A8443%2Fcrabcache&saveoutput=1&publication=0&jobarch=slc7_amd64_gcc820&totalunits=0&splitalgo=FileBased&ignoreglobalblacklist=0&nonvaliddata=1&dbsurl=https%3A%2F%2Fcmsweb.cern.ch%2Fdbs%2Fprod%2Fglobal%2FDBSReader&publishgroupname=0&jobtype=Analysis&publishname2=TTJets_TuneCP5_13TeV-amcatnloFXFX-pythia8_2018&sitewhitelist=T2_US_MIT&sitewhitelist=T2_US_Wisconsin&sitewhitelist=T2_US_Purdue&sitewhitelist=T2_US_UCSD&sitewhitelist=T2_US_Caltech&sitewhitelist=T2_US_Nebraska&edmoutfiles=tree.root&scriptargs=isdata%3DMC&scriptargs=year%3D2018
DEBUG 2021-05-17 15:17:56.771 UTC: 	 Result: {u'result': [{u'RequestName': u'210517_151756:yian_crab_TTJets_TuneCP5_13TeV-amcatnloFXFX-pythia8_2018'}]}
INFO 2021-05-17 15:17:56.775 UTC: 	 Success: Your task has been delivered to the prod CRAB3 server.
INFO 2021-05-17 15:17:56.775 UTC: 	 Task name: 210517_151756:yian_crab_TTJets_TuneCP5_13TeV-amcatnloFXFX-pythia8_2018
INFO 2021-05-17 15:17:56.776 UTC: 	 Project dir: crab2018/crab_TTJets_TuneCP5_13TeV-amcatnloFXFX-pythia8_2018
INFO 2021-05-17 15:17:56.776 UTC: 	 Please use ' crab status -d crab2018/crab_TTJets_TuneCP5_13TeV-amcatnloFXFX-pythia8_2018 ' to check how the submission process proceeds.
DEBUG 2021-05-17 15:17:56.776 UTC: 	 About to return
INFO 2021-05-17 15:17:56.780 UTC: 	 Log file is /afs/cern.ch/work/y/yian/work/GZ/CMSSW_10_6_20/src/PhysicsTools/NanoAODTools/WWG/2018/crab/crab2018/crab_TTJets_TuneCP5_13TeV-amcatnloFXFX-pythia8_2018/crab.log
