DEBUG 2021-03-19 07:57:57.886 UTC: 	 CRAB Client version: v3.201110
DEBUG 2021-03-19 07:57:57.887 UTC: 	 Running on: Linux lxplus730.cern.ch 3.10.0-1160.15.2.el7.x86_64 #1 SMP Wed Feb 3 15:06:38 UTC 2021 x86_64 x86_64 x86_64 GNU/Linux - CentOS Linux 7 (Core)
DEBUG 2021-03-19 07:57:57.887 UTC: 	 Executing command: 'submit'
DEBUG 2021-03-19 07:57:57.887 UTC: 	 Found CRAB cache file /afs/cern.ch/user/y/yian/.crab3
INFO 2021-03-19 07:57:57.888 UTC: 	 Will use CRAB configuration file crabcode_2016/MuonEG_Run2016H_cfg.py
DEBUG 2021-03-19 07:57:57.888 UTC: 	 Loading CRAB configuration file.
DEBUG 2021-03-19 07:57:57.892 UTC: 	 Will use CRAB Analysis plugin (i.e. will run an analysis job type).
DEBUG 2021-03-19 07:57:57.906 UTC: 	 Checking credentials
DEBUG 2021-03-19 07:57:57.906 UTC: 	 Found proxy file /tmp/x509up_u110046
DEBUG 2021-03-19 07:57:57.906 UTC: 	 Getting proxy life time left
DEBUG 2021-03-19 07:57:58.511 UTC: 	 Executing : 
 command : voms-proxy-info -file /tmp/x509up_u110046 -timeleft
 output : 41928

 error: 
 retcode : 0
DEBUG 2021-03-19 07:57:59.117 UTC: 	 Executing : 
 command : voms-proxy-info -file /tmp/x509up_u110046 -actimeleft
 output : 41927

 error: 
 retcode : 0
DEBUG 2021-03-19 07:57:59.117 UTC: 	 Proxy lifetime 41928 secs is different from voms extension lifetime 41927 secs for proxy: /tmp/x509up_u110046
DEBUG 2021-03-19 07:57:59.117 UTC: 	 Proxy valid for 11:38:47 hours
DEBUG 2021-03-19 07:57:59.723 UTC: 	 Executing : 
 command : env X509_USER_PROXY=/tmp/x509up_u110046 voms-proxy-info -fqan
 output : /cms/Role=NULL/Capability=NULL

 error: 
 retcode : 0
DEBUG 2021-03-19 07:57:59.797 UTC: 	 Registering user credentials for server /DC=ch/DC=cern/OU=computers/CN=vocms0105.cern.ch|/DC=ch/DC=cern/OU=computers/CN=crab-(preprod|prod|dev)-tw(02|01).cern.ch|/DC=ch/DC=cern/OU=computers/CN=(ddi|ddidk|mytw).cern.ch|/DC=ch/DC=cern/OU=computers/CN=stefanov(m|m2).cern.ch
DEBUG 2021-03-19 07:58:00.308 UTC: 	 Executing : 
 command : voms-proxy-info -file /tmp/x509up_u110046 -identity
 output : /DC=ch/DC=cern/OU=Organic Units/OU=Users/CN=yian/CN=826694/CN=Ying An

 error: 
 retcode : 0
DEBUG 2021-03-19 07:58:00.316 UTC: 	 Getting myproxy life time left for myproxy.cern.ch
DEBUG 2021-03-19 07:58:00.316 UTC: 	 using b52ac606a6f7097e9b4b8f05a3a67cc69f8f291b as credential login name
DEBUG 2021-03-19 07:58:00.620 UTC: 	 Executing : 
 command : myproxy-info -l b52ac606a6f7097e9b4b8f05a3a67cc69f8f291b -s myproxy.cern.ch
 output : username: b52ac606a6f7097e9b4b8f05a3a67cc69f8f291b
owner: /DC=ch/DC=cern/OU=Organic Units/OU=Users/CN=yian/CN=826694/CN=Ying An
  renewal policy: /DC=ch/DC=cern/OU=computers/CN=vocms0105.cern.ch|/DC=ch/DC=cern/OU=computers/CN=crab-(preprod|prod|dev)-tw(02|01).cern.ch|/DC=ch/DC=cern/OU=computers/CN=(ddi|ddidk|mytw).cern.ch|/DC=ch/DC=cern/OU=computers/CN=stefanov(m|m2).cern.ch
  trusted retrieval policy: /DC=ch/DC=cern/OU=computers/CN=vocms0105.cern.ch|/DC=ch/DC=cern/OU=computers/CN=crab-(preprod|prod|dev)-tw(02|01).cern.ch|/DC=ch/DC=cern/OU=computers/CN=(ddi|ddidk|mytw).cern.ch|/DC=ch/DC=cern/OU=computers/CN=stefanov(m|m2).cern.ch
  timeleft: 632:12:08  (26.3 days)

 error: 
 retcode : 0
DEBUG 2021-03-19 07:58:00.621 UTC: 	 Myproxy is valid: 2275928
DEBUG 2021-03-19 07:58:00.622 UTC: 	 Retrieving username ...
DEBUG 2021-03-19 07:58:00.622 UTC: 	 Retrieving username from CRIC...
DEBUG 2021-03-19 07:58:02.203 UTC: 	 username is yian
DEBUG 2021-03-19 07:58:02.209 UTC: 	 Getting myproxy life time left for myproxy.cern.ch
DEBUG 2021-03-19 07:58:02.209 UTC: 	 using yian_CRAB as credential login name
DEBUG 2021-03-19 07:58:02.513 UTC: 	 Executing : 
 command : myproxy-info -l yian_CRAB -s myproxy.cern.ch
 output : username: yian_CRAB
owner: /DC=ch/DC=cern/OU=Organic Units/OU=Users/CN=yian/CN=826694/CN=Ying An
  renewal policy: /DC=ch/DC=cern/OU=computers/CN=vocms0105.cern.ch|/DC=ch/DC=cern/OU=computers/CN=crab-(preprod|prod|dev)-tw(02|01).cern.ch|/DC=ch/DC=cern/OU=computers/CN=(ddi|ddidk|mytw).cern.ch|/DC=ch/DC=cern/OU=computers/CN=stefanov(m|m2).cern.ch
  trusted retrieval policy: /DC=ch/DC=cern/OU=computers/CN=vocms0105.cern.ch|/DC=ch/DC=cern/OU=computers/CN=crab-(preprod|prod|dev)-tw(02|01).cern.ch|/DC=ch/DC=cern/OU=computers/CN=(ddi|ddidk|mytw).cern.ch|/DC=ch/DC=cern/OU=computers/CN=stefanov(m|m2).cern.ch
  timeleft: 632:12:12  (26.3 days)

 error: 
 retcode : 0
DEBUG 2021-03-19 07:58:02.513 UTC: 	 Myproxy is valid: 2275932
DEBUG 2021-03-19 07:58:02.513 UTC: 	 Result of myproxy credential check:
  Credential exists on myproxy: username: b52ac606a6f7097e9b4b8f05a3a67cc69f8f291b  - validity: 26 days, 8:12:08
  Credential exists on myproxy: username: yian_CRAB  - validity: 26 days, 8:12:12
DEBUG 2021-03-19 07:58:02.513 UTC: 	 Command use: submit
DEBUG 2021-03-19 07:58:02.513 UTC: 	 Options use: ['-c', 'crabcode_2016/MuonEG_Run2016H_cfg.py']
DEBUG 2021-03-19 07:58:02.556 UTC: 	 CRABClient version: v3.201110
DEBUG 2021-03-19 07:58:02.556 UTC: 	 Instance is prod
DEBUG 2021-03-19 07:58:02.556 UTC: 	 Server base url is cmsweb-k8s-prod.cern.ch
DEBUG 2021-03-19 07:58:02.556 UTC: 	 Command url /crabserver/prod/workflow
DEBUG 2021-03-19 07:58:02.556 UTC: 	 Started submission
DEBUG 2021-03-19 07:58:02.557 UTC: 	 Working on /afs/cern.ch/work/y/yian/work/GZ/CMSSW_10_6_20/src/PhysicsTools/NanoAODTools/WWG/2016/crab/crab2016/crab_MuonEG_Run2016H
DEBUG 2021-03-19 07:58:02.700 UTC: 	 Loading required information from the environment
DEBUG 2021-03-19 07:58:02.701 UTC: 	 Found CMSSW_10_6_20 for slc7_amd64_gcc820 with base /afs/cern.ch/work/y/yian/work/GZ/CMSSW_10_6_20
DEBUG 2021-03-19 07:58:02.701 UTC: 	 Loading required information from the environment
DEBUG 2021-03-19 07:58:02.701 UTC: 	 Found CMSSW_10_6_20 for slc7_amd64_gcc820 with base /afs/cern.ch/work/y/yian/work/GZ/CMSSW_10_6_20
DEBUG 2021-03-19 07:58:02.701 UTC: 	 UNIQUE NAME: tarUUID 63502566-d2a7-4909-8f1a-804fd4b4ec27 
DEBUG 2021-03-19 07:58:02.701 UTC: 	 self.config: from WMCore.Configuration import Configuration
config = Configuration()
config.section_('General')
config.General.workArea = 'crab2016'
config.General.transferLogs = False
config.General.requestName = 'MuonEG_Run2016H'
config.section_('JobType')
config.JobType.scriptArgs = ['isdata=data', 'year=2016']
config.JobType.scriptExe = './WWG_crab_script.sh'
config.JobType.pluginName = 'Analysis'
config.JobType.sendPythonFolder = True
config.JobType.allowUndistributedCMSSW = True
config.JobType.psetName = 'PSet.py'
config.JobType.inputFiles = ['../../../scripts/haddnano.py', '../WWG_selector/WWG_postproc.py', '../WWG_selector/WWG_Module.py', '../WWG_selector/WWG_keep_and_drop.txt', '../WWG_selector/WWG_output_branch.txt', '../WWG_selector/DAS_filesearch.py']
config.section_('Data')
config.Data.inputDataset = '/MuonEG/Run2016H-UL2016_MiniAODv1_NanoAODv2-v4/NANOAOD'
config.Data.allowNonValidInputDataset = True
config.Data.publication = False
config.Data.unitsPerJob = 1
config.Data.ignoreLocality = True
config.Data.splitting = 'FileBased'
config.Data.inputDBS = 'global'
config.Data.lumiMask = 'https://cms-service-dqm.web.cern.ch/cms-service-dqm/CAF/certification/Collisions16/13TeV/Legacy_2016/Cert_271036-284044_13TeV_Legacy2016_Collisions16_JSON.txt'
config.Data.outputDatasetTag = 'MuonEG_Run2016H'
config.section_('Site')
config.Site.whitelist = ['T2_US_MIT', 'T2_US_Wisconsin', 'T2_US_Purdue', 'T2_US_UCSD', 'T2_US_Caltech', 'T2_US_Nebraska']
config.Site.storageSite = 'T3_CH_CERNBOX'

DEBUG 2021-03-19 07:58:02.701 UTC: 	 self.config.JobType.psetName: PSet.py
INFO 2021-03-19 07:58:02.701 UTC: 	 Importing CMSSW configuration PSet.py
INFO 2021-03-19 07:58:02.969 UTC: 	 Finished importing CMSSW configuration PSet.py
DEBUG 2021-03-19 07:58:02.969 UTC: 	 Writing CMSSW configuration to /afs/cern.ch/work/y/yian/work/GZ/CMSSW_10_6_20/src/PhysicsTools/NanoAODTools/WWG/2016/crab/crab2016/crab_MuonEG_Run2016H/inputs/PSet.py
DEBUG 2021-03-19 07:58:02.977 UTC: 	 The following EDM output files will be collected: ['tree.root']
DEBUG 2021-03-19 07:58:02.977 UTC: 	 The following TFile output files will be collected: []
DEBUG 2021-03-19 07:58:02.977 UTC: 	 The following user output files (not listed as PoolOuputModule or TFileService in the CMSSW PSet) will be collected: 
DEBUG 2021-03-19 07:58:02.977 UTC: 	 Loading required information from the environment
DEBUG 2021-03-19 07:58:02.977 UTC: 	 Found CMSSW_10_6_20 for slc7_amd64_gcc820 with base /afs/cern.ch/work/y/yian/work/GZ/CMSSW_10_6_20
DEBUG 2021-03-19 07:58:02.977 UTC: 	 Making tarball in /afs/cern.ch/work/y/yian/work/GZ/CMSSW_10_6_20/src/PhysicsTools/NanoAODTools/WWG/2016/crab/crab2016/crab_MuonEG_Run2016H/inputs/63502566-d2a7-4909-8f1a-804fd4b4ec27default.tgz
DEBUG 2021-03-19 07:58:02.978 UTC: 	 Checking directory /afs/cern.ch/work/y/yian/work/GZ/CMSSW_10_6_20/lib
DEBUG 2021-03-19 07:58:02.978 UTC: 	 Adding directory /afs/cern.ch/work/y/yian/work/GZ/CMSSW_10_6_20/lib to tarball
DEBUG 2021-03-19 07:58:03.086 UTC: 	 Checking directory /afs/cern.ch/work/y/yian/work/GZ/CMSSW_10_6_20/biglib
DEBUG 2021-03-19 07:58:03.086 UTC: 	 Adding directory /afs/cern.ch/work/y/yian/work/GZ/CMSSW_10_6_20/biglib to tarball
DEBUG 2021-03-19 07:58:03.087 UTC: 	 Checking directory /afs/cern.ch/work/y/yian/work/GZ/CMSSW_10_6_20/module
DEBUG 2021-03-19 07:58:03.087 UTC: 	 Checking directory /afs/cern.ch/work/y/yian/work/GZ/CMSSW_10_6_20/python
DEBUG 2021-03-19 07:58:03.087 UTC: 	 Adding directory /afs/cern.ch/work/y/yian/work/GZ/CMSSW_10_6_20/python to tarball
DEBUG 2021-03-19 07:58:05.268 UTC: 	 Checking directory /afs/cern.ch/work/y/yian/work/GZ/CMSSW_10_6_20/cfipython
DEBUG 2021-03-19 07:58:05.269 UTC: 	 Adding directory /afs/cern.ch/work/y/yian/work/GZ/CMSSW_10_6_20/cfipython to tarball
DEBUG 2021-03-19 07:58:05.302 UTC: 	 Adding data directory /afs/cern.ch/work/y/yian/work/GZ/CMSSW_10_6_20/src/PhysicsTools/NanoAODTools/data to tarball
DEBUG 2021-03-19 07:58:23.265 UTC: 	 Adding data directory /afs/cern.ch/work/y/yian/work/GZ/CMSSW_10_6_20/src/PhysicsTools/NanoAODTools/interface to tarball
DEBUG 2021-03-19 07:58:23.268 UTC: 	 Adding data directory /afs/cern.ch/work/y/yian/work/GZ/CMSSW_10_6_20/src/PhysicsTools/NanoAODTools/python/postprocessing/data to tarball
DEBUG 2021-03-19 07:58:25.324 UTC: 	 Adding file ../../../scripts/haddnano.py to tarball
DEBUG 2021-03-19 07:58:25.324 UTC: 	 Adding file ../WWG_selector/WWG_postproc.py to tarball
DEBUG 2021-03-19 07:58:25.325 UTC: 	 Adding file ../WWG_selector/WWG_Module.py to tarball
DEBUG 2021-03-19 07:58:25.325 UTC: 	 Adding file ../WWG_selector/WWG_keep_and_drop.txt to tarball
DEBUG 2021-03-19 07:58:25.326 UTC: 	 Adding file ../WWG_selector/WWG_output_branch.txt to tarball
DEBUG 2021-03-19 07:58:25.326 UTC: 	 Adding file ../WWG_selector/DAS_filesearch.py to tarball
DEBUG 2021-03-19 07:58:30.212 UTC: 	 Uploading archive /afs/cern.ch/work/y/yian/work/GZ/CMSSW_10_6_20/src/PhysicsTools/NanoAODTools/WWG/2016/crab/crab2016/crab_MuonEG_Run2016H/inputs/63502566-d2a7-4909-8f1a-804fd4b4ec27default.tgz (94 MB) to the CRAB cache. Using URI https://cmsweb.cern.ch:8443/crabcache
DEBUG 2021-03-19 07:59:43.273 UTC: 	 Loading required information from the environment
DEBUG 2021-03-19 07:59:43.273 UTC: 	 Found CMSSW_10_6_20 for slc7_amd64_gcc820 with base /afs/cern.ch/work/y/yian/work/GZ/CMSSW_10_6_20
DEBUG 2021-03-19 07:59:43.273 UTC: 	 Making tarball in /afs/cern.ch/work/y/yian/work/GZ/CMSSW_10_6_20/src/PhysicsTools/NanoAODTools/WWG/2016/crab/crab2016/crab_MuonEG_Run2016H/inputs/debugFiles.tgz
DEBUG 2021-03-19 07:59:43.280 UTC: 	 Uploading archive /afs/cern.ch/work/y/yian/work/GZ/CMSSW_10_6_20/src/PhysicsTools/NanoAODTools/WWG/2016/crab/crab2016/crab_MuonEG_Run2016H/inputs/debugFiles.tgz (1 KB) to the CRAB cache. Using URI https://cmsweb.cern.ch:8443/crabcache
DEBUG 2021-03-19 07:59:43.370 UTC: 	 Result uploading input files: 7abec191de573024ef6f91ee0669e53cdb43ec90a48c222ed33a1ef9d2332a63.tar.gz 
DEBUG 2021-03-19 07:59:43.371 UTC: 	 Attaching lumi mask https://cms-service-dqm.web.cern.ch/cms-service-dqm/CAF/certification/Collisions16/13TeV/Legacy_2016/Cert_271036-284044_13TeV_Legacy2016_Collisions16_JSON.txt to the request
DEBUG 2021-03-19 07:59:43.371 UTC: 	 Downloading lumi-mask from https://cms-service-dqm.web.cern.ch/cms-service-dqm/CAF/certification/Collisions16/13TeV/Legacy_2016/Cert_271036-284044_13TeV_Legacy2016_Collisions16_JSON.txt
INFO 2021-03-19 07:59:43.394 UTC: 	 Sending the request to the server at cmsweb-k8s-prod.cern.ch
DEBUG 2021-03-19 07:59:43.394 UTC: 	 Submitting {'maxjobruntime': 1250, 'extrajdl': [], 'ignorelocality': 1, 'savelogsflag': 0, 'useparent': 0, 'scriptexe': 'WWG_crab_script.sh', 'asyncdest': 'T3_CH_CERNBOX', 'algoargs': 1, 'cachefilename': '7abec191de573024ef6f91ee0669e53cdb43ec90a48c222ed33a1ef9d2332a63.tar.gz', 'numcores': 1, 'addoutputfiles': [], 'generator': 'pythia', 'maxmemory': 2000, 'publishdbsurl': 'https://cmsweb.cern.ch/dbs/prod/phys03/DBSWriter', 'priority': 10, 'jobsw': 'CMSSW_10_6_20', 'edmoutfiles': ['tree.root'], 'userfiles': [], 'primarydataset': '', 'inputdata': '/MuonEG/Run2016H-UL2016_MiniAODv1_NanoAODv2-v4/NANOAOD', 'dryrun': 0, 'workflow': 'crab_MuonEG_Run2016H', 'scriptargs': ['isdata=data', 'year=2016'], 'sitewhitelist': ['T2_US_MIT', 'T2_US_Wisconsin', 'T2_US_Purdue', 'T2_US_UCSD', 'T2_US_Caltech', 'T2_US_Nebraska'], 'runs': [u'273158', u'273302', u'273402', u'273403', u'273404', u'273405', u'273406', u'273408', u'273409', u'273410', u'273411', u'273425', u'273446', u'273447', u'273448', u'273449', u'273450', u'273492', u'273493', u'273494', u'273502', u'273503', u'273554', u'273555', u'273725', u'273728', u'273730', u'274094', u'274146', u'274157', u'274159', u'274160', u'274161', u'274172', u'274198', u'274199', u'274200', u'274240', u'274241', u'274244', u'274250', u'274251', u'274283', u'274284', u'274286', u'274314', u'274315', u'274316', u'274317', u'274319', u'274335', u'274336', u'274337', u'274338', u'274339', u'274344', u'274345', u'274382', u'274387', u'274388', u'274420', u'274421', u'274422', u'274440', u'274441', u'274442', u'274954', u'274955', u'274968', u'274969', u'274970', u'274971', u'274998', u'274999', u'275000', u'275001', u'275059', u'275066', u'275067', u'275068', u'275073', u'275074', u'275124', u'275125', u'275282', u'275283', u'275284', u'275290', u'275291', u'275292', u'275293', u'275309', u'275310', u'275311', u'275319', u'275337', u'275338', u'275344', u'275345', u'275370', u'275371', u'275375', u'275376', u'275657', u'275658', u'275659', u'275761', u'275767', u'275772', u'275773', u'275774', u'275776', u'275777', u'275778', u'275782', u'275832', u'275833', u'275834', u'275835', u'275836', u'275837', u'275847', u'275886', u'275890', u'275911', u'275912', u'275913', u'275918', u'275920', u'275921', u'275923', u'275931', u'275963', u'276092', u'276097', u'276242', u'276243', u'276244', u'276282', u'276283', u'276315', u'276317', u'276318', u'276355', u'276361', u'276363', u'276384', u'276437', u'276454', u'276458', u'276495', u'276501', u'276502', u'276525', u'276527', u'276528', u'276542', u'276543', u'276544', u'276545', u'276581', u'276582', u'276583', u'276584', u'276585', u'276586', u'276587', u'276653', u'276655', u'276659', u'276775', u'276776', u'276794', u'276807', u'276808', u'276810', u'276811', u'276831', u'276834', u'276870', u'276935', u'276940', u'276946', u'276947', u'276948', u'276950', u'277069', u'277070', u'277071', u'277072', u'277073', u'277076', u'277087', u'277094', u'277096', u'277112', u'277126', u'277127', u'277148', u'277166', u'277168', u'277180', u'277194', u'277305', u'277420', u'277981', u'277991', u'277992', u'278017', u'278018', u'278167', u'278175', u'278193', u'278239', u'278240', u'278273', u'278274', u'278288', u'278289', u'278290', u'278308', u'278310', u'278315', u'278345', u'278346', u'278349', u'278366', u'278406', u'278509', u'278769', u'278770', u'278801', u'278802', u'278803', u'278804', u'278805', u'278808', u'278820', u'278822', u'278873', u'278874', u'278875', u'278923', u'278957', u'278962', u'278963', u'278969', u'278975', u'278976', u'278986', u'279024', u'279029', u'279071', u'279080', u'279115', u'279116', u'279479', u'279588', u'279653', u'279654', u'279656', u'279658', u'279667', u'279681', u'279682', u'279683', u'279684', u'279685', u'279691', u'279694', u'279715', u'279716', u'279760', u'279766', u'279767', u'279794', u'279823', u'279841', u'279844', u'279887', u'279931', u'279966', u'279975', u'279993', u'279994', u'280013', u'280015', u'280016', u'280017', u'280018', u'280020', u'280024', u'280187', u'280188', u'280191', u'280194', u'280242', u'280249', u'280251', u'280327', u'280330', u'280349', u'280363', u'280364', u'280383', u'280384', u'280385', u'281613', u'281639', u'281641', u'281693', u'281707', u'281726', u'281727', u'281797', u'281975', u'281976', u'282033', u'282034', u'282035', u'282037', u'282092', u'282708', u'282710', u'282712', u'282730', u'282731', u'282732', u'282733', u'282734', u'282735', u'282800', u'282807', u'282814', u'282842', u'282917', u'282918', u'282919', u'282922', u'282923', u'283042', u'283043', u'283049', u'283050', u'283052', u'283059', u'283270', u'283283', u'283305', u'283306', u'283307', u'283308', u'283353', u'283358', u'283359', u'283407', u'283408', u'283416', u'283453', u'283469', u'283478', u'283548', u'283680', u'283681', u'283682', u'283685', u'283820', u'283830', u'283834', u'283835', u'283865', u'283876', u'283877', u'283884', u'283885', u'283933', u'283934', u'283946', u'283964', u'284006', u'284014', u'284025', u'284029', u'284035', u'284036', u'284037', u'284038', u'284039', u'284040', u'284041', u'284042', u'284043', u'284044'], 'lumis': ['1,1283', '1,459', '100,292', '1,68', '1,22', '2,34', '1,125', '1,9', '1,317', '1,99', '1,29', '62,352,354,742', '1,48', '1,113,115,420', '1,396', '1,216', '1,214,219,647', '71,282,284,325,327,343', '1,241', '1,192', '73,256,258,318,320,813,815,1077', '1,598', '77,444', '1,173', '83,252,254,2556', '1,112', '1,2126', '108,332', '1,73', '105,537', '1,47', '1,214', '1,516', '31,95', '81,192', '1,630', '1,678', '1,40,42,86', '1,1180', '1,607', '1,704', '1,546', '1,22', '1,215', '1,154', '97,165', '1,432', '1,974', '1,22', '1,225', '60,1013', '1,20', '1,22', '1,703', '1,99', '1,639', '1,170', '94,144', '88,447', '1,1820', '93,268', '1,356', '1,2207', '92,498', '1,443', '1,752', '37,60', '1,98', '1,1206', '1,1007', '1,47', '1,905', '63,794', '1,1257', '1,140', '1,1781,1786,2061', '78,81,105,150', '1,111', '1,396', '1,922', '1,523', '1,647', '106,433', '1,989', '90,185', '1,137', '1,74', '96,150', '1,356', '1,125', '1,142,144,201', '55,627', '1,1939', '1,1253', '141,292', '1,433', '1,520', '76,368', '1,353', '81,371', '1,569', '127,1453', '1,3096', '1,111', '1,344', '1,17', '1,11', '1,8', '1,61', '1,21', '1,317', '1,149', '1,304', '1,319', '1,131,133,762', '1,371', '1,53,56,115,117,254', '1,303', '1,20', '1,429,431,1163,1166,1170,1184,1306', '1,186,198,726', '1,2263', '70,109', '1,1393', '62,298,300,354,356,445', '1,303', '1,484', '1,318,348,361', '1,472', '1,32', '1,127', '1,89', '82,139,141,172', '74,153', '1,507', '1,7,18,61,72,1669', '1,15,18,627', '1,1202', '75,534,537,1151', '1,1087', '40,175,178,227', '1,147', '1,103,106,576', '1,34', '1,161,169,208,210,800,802,844', '1,238,242,1489', '1,1117', '63,224,227,1074,1076,2190', '1,527', '1,341', '87,279', '1,221,223,2556', '1,741', '87,1606,1626,2904', '1,214', '1,394', '74,858', '1,961', '1,163', '1,110,117,213', '79,447', '1,873', '1,60', '1,2', '1,253', '1,658,680,781', '1,1006', '72,562', '1,593,595,1114', '1,127,129,252', '96,1269', '1,1823', '1,885', '66,227', '1,883', '1,291', '1,2563', '64,2711', '1,729', '78,1354,1356,3108,3111,3258,3260,3484', '79,184,186,838,842,906', '70,214', '1,34', '1,150', '1,481', '1,2353', '81,394', '1,1063', '1,82,90,178', '1,253,256,484', '1,98', '1,3,5,7,9,35,38,1037', '204,1191', '1,161,164,598', '1,2093', '1,155', '42,60', '1,438,440,902', '83,715', '77,433', '1,2223', '88,228', '113,139,144,2070', '62,744', '84,346', '82,83,85,163', '1,98', '1,260,262,312', '77,97,99,213,215,512,514,600', '1,263,265,627,642,1011,1020,1181', '87,1660,1662,2260', '1,88', '77,231', '76,754', '1,64,70,113,115,1309', '75,114', '1,85', '67,84', '1,42,44,60', '1,11', '87,216,219,1200,1217,1848,1876,1885', '1,709', '73,254,256,661,663,767', '84,500,503,833', '1,150', '1,401,403,612,630,639', '1,453', '85,360,362,1682', '91,1557', '75,111', '1,767', '48,92', '1,21', '1,330', '1,8', '1,26,30,291', '1,445,447,462,464,1793', '17,1540', '1,1627', '70,136', '1,484', '1,834', '55,467', '79,227', '68,418', '1,23,25,175', '70,1051,1053,1291,1293,1465', '1,857', '1,20', '71,199', '82,382', '1,260', '71,244', '68,224', '118,524', '38,485', '86,190', '100,1259', '77,77,82,268', '1,108,110,1231,1285,1307', '1,43,82,87', '1,713', '68,1033', '77,111', '1,47', '1,34', '1,34', '1,93,95,209', '71,124', '1,2235', '71,474,476,477,480,480,511,511,523,691', '1,860,875,1528,1530,1653', '68,578,585,728,798,806', '1,1694', '1,776', '77,1100', '61,395', '75,398,407,2122', '72,304', '79,397', '84,628,630,801,803,1043,1045,3022', '79,441', '70,190,192,253,256,281,283,709,734,1121', '85,163', '1,59', '1,34', '1,39,41,56,59,554,560,584', '1,163', '1,613', '1,1282', '1,47', '1,427', '4,70', '1,253', '1,781,783,909', '1,238', '1,411,414,639', '1,1437', '1,165,167,372', '49,98', '1,870', '1,247,252,639', '1,367', '1,619,621,1090,1102,1363', '64,73', '1,47', '1,519,523,2022', '101,903', '1,136', '1,319', '1,2191', '99,982,1000,1065,1087,1089', '1,291', '1,1605', '125,2176', '1,215', '1,2166', '82,124', '1,35', '1,47', '1,457,459,1862', '92,222,624,2276', '1,8', '1,9', '1,1,10,68', '89,171', '1,176', '1,73', '1,178', '1,330', '1,1823', '1,382', '1,330', '1,1843', '1,80', '117,201', '1,59', '1,243', '1,137', '1,17,19,30,32,86,88,229', '1,10', '1,519', '82,98', '1,227', '1,124', '1,458', '76,1913', '1,1748', '79,93', '1,291', '1,461', '1,547,549,571,573,948', '80,832', '1,243,245,986', '1,428', '82,124', '1,2125,2203,2416,2528,2543', '49,245', '83,537', '74,74', '76,303,324,973', '144,291', '1,87', '1,23', '1,389', '1,314', '67,1552', '1,729', '1,85', '1,112', '1,1177', '65,736', '1,1496', '349,756', '1,1723', '88,240', '1,784,793,870,875,1245,1267,1291', '85,1462', '1,388', '73,394', '1,266', '109,162', '1,112', '1,369', '1,356', '1,343', '1,60', '1,34', '1,35', '1,47', '1,137', '1,227', '1,30'], 'nonprodsw': 1, 'tfileoutfiles': [], 'oneEventMode': 0, 'debugfilename': '305985a7ff142ec44a8506ce2aadb2ee837611da66ef7a4f9d438a5b97000a05.tar.gz', 'cacheurl': u'https://cmsweb.cern.ch:8443/crabcache', 'saveoutput': 1, 'publication': 0, 'jobarch': 'slc7_amd64_gcc820', 'totalunits': 0, 'splitalgo': 'FileBased', 'ignoreglobalblacklist': 0, 'nonvaliddata': 1, 'dbsurl': 'https://cmsweb.cern.ch/dbs/prod/global/DBSReader', 'publishgroupname': 0, 'jobtype': 'Analysis', 'publishname2': 'MuonEG_Run2016H'} 
DEBUG 2021-03-19 07:59:43.396 UTC: 	 Encoded submit request: maxjobruntime=1250&ignorelocality=1&savelogsflag=0&useparent=0&scriptexe=WWG_crab_script.sh&asyncdest=T3_CH_CERNBOX&algoargs=1&cachefilename=7abec191de573024ef6f91ee0669e53cdb43ec90a48c222ed33a1ef9d2332a63.tar.gz&numcores=1&generator=pythia&maxmemory=2000&publishdbsurl=https%3A%2F%2Fcmsweb.cern.ch%2Fdbs%2Fprod%2Fphys03%2FDBSWriter&priority=10&jobsw=CMSSW_10_6_20&primarydataset=&inputdata=%2FMuonEG%2FRun2016H-UL2016_MiniAODv1_NanoAODv2-v4%2FNANOAOD&dryrun=0&workflow=crab_MuonEG_Run2016H&nonprodsw=1&oneEventMode=0&debugfilename=305985a7ff142ec44a8506ce2aadb2ee837611da66ef7a4f9d438a5b97000a05.tar.gz&cacheurl=https%3A%2F%2Fcmsweb.cern.ch%3A8443%2Fcrabcache&saveoutput=1&publication=0&jobarch=slc7_amd64_gcc820&totalunits=0&splitalgo=FileBased&ignoreglobalblacklist=0&nonvaliddata=1&dbsurl=https%3A%2F%2Fcmsweb.cern.ch%2Fdbs%2Fprod%2Fglobal%2FDBSReader&publishgroupname=0&jobtype=Analysis&publishname2=MuonEG_Run2016H&sitewhitelist=T2_US_MIT&sitewhitelist=T2_US_Wisconsin&sitewhitelist=T2_US_Purdue&sitewhitelist=T2_US_UCSD&sitewhitelist=T2_US_Caltech&sitewhitelist=T2_US_Nebraska&edmoutfiles=tree.root&runs=273158&runs=273302&runs=273402&runs=273403&runs=273404&runs=273405&runs=273406&runs=273408&runs=273409&runs=273410&runs=273411&runs=273425&runs=273446&runs=273447&runs=273448&runs=273449&runs=273450&runs=273492&runs=273493&runs=273494&runs=273502&runs=273503&runs=273554&runs=273555&runs=273725&runs=273728&runs=273730&runs=274094&runs=274146&runs=274157&runs=274159&runs=274160&runs=274161&runs=274172&runs=274198&runs=274199&runs=274200&runs=274240&runs=274241&runs=274244&runs=274250&runs=274251&runs=274283&runs=274284&runs=274286&runs=274314&runs=274315&runs=274316&runs=274317&runs=274319&runs=274335&runs=274336&runs=274337&runs=274338&runs=274339&runs=274344&runs=274345&runs=274382&runs=274387&runs=274388&runs=274420&runs=274421&runs=274422&runs=274440&runs=274441&runs=274442&runs=274954&runs=274955&runs=274968&runs=274969&runs=274970&runs=274971&runs=274998&runs=274999&runs=275000&runs=275001&runs=275059&runs=275066&runs=275067&runs=275068&runs=275073&runs=275074&runs=275124&runs=275125&runs=275282&runs=275283&runs=275284&runs=275290&runs=275291&runs=275292&runs=275293&runs=275309&runs=275310&runs=275311&runs=275319&runs=275337&runs=275338&runs=275344&runs=275345&runs=275370&runs=275371&runs=275375&runs=275376&runs=275657&runs=275658&runs=275659&runs=275761&runs=275767&runs=275772&runs=275773&runs=275774&runs=275776&runs=275777&runs=275778&runs=275782&runs=275832&runs=275833&runs=275834&runs=275835&runs=275836&runs=275837&runs=275847&runs=275886&runs=275890&runs=275911&runs=275912&runs=275913&runs=275918&runs=275920&runs=275921&runs=275923&runs=275931&runs=275963&runs=276092&runs=276097&runs=276242&runs=276243&runs=276244&runs=276282&runs=276283&runs=276315&runs=276317&runs=276318&runs=276355&runs=276361&runs=276363&runs=276384&runs=276437&runs=276454&runs=276458&runs=276495&runs=276501&runs=276502&runs=276525&runs=276527&runs=276528&runs=276542&runs=276543&runs=276544&runs=276545&runs=276581&runs=276582&runs=276583&runs=276584&runs=276585&runs=276586&runs=276587&runs=276653&runs=276655&runs=276659&runs=276775&runs=276776&runs=276794&runs=276807&runs=276808&runs=276810&runs=276811&runs=276831&runs=276834&runs=276870&runs=276935&runs=276940&runs=276946&runs=276947&runs=276948&runs=276950&runs=277069&runs=277070&runs=277071&runs=277072&runs=277073&runs=277076&runs=277087&runs=277094&runs=277096&runs=277112&runs=277126&runs=277127&runs=277148&runs=277166&runs=277168&runs=277180&runs=277194&runs=277305&runs=277420&runs=277981&runs=277991&runs=277992&runs=278017&runs=278018&runs=278167&runs=278175&runs=278193&runs=278239&runs=278240&runs=278273&runs=278274&runs=278288&runs=278289&runs=278290&runs=278308&runs=278310&runs=278315&runs=278345&runs=278346&runs=278349&runs=278366&runs=278406&runs=278509&runs=278769&runs=278770&runs=278801&runs=278802&runs=278803&runs=278804&runs=278805&runs=278808&runs=278820&runs=278822&runs=278873&runs=278874&runs=278875&runs=278923&runs=278957&runs=278962&runs=278963&runs=278969&runs=278975&runs=278976&runs=278986&runs=279024&runs=279029&runs=279071&runs=279080&runs=279115&runs=279116&runs=279479&runs=279588&runs=279653&runs=279654&runs=279656&runs=279658&runs=279667&runs=279681&runs=279682&runs=279683&runs=279684&runs=279685&runs=279691&runs=279694&runs=279715&runs=279716&runs=279760&runs=279766&runs=279767&runs=279794&runs=279823&runs=279841&runs=279844&runs=279887&runs=279931&runs=279966&runs=279975&runs=279993&runs=279994&runs=280013&runs=280015&runs=280016&runs=280017&runs=280018&runs=280020&runs=280024&runs=280187&runs=280188&runs=280191&runs=280194&runs=280242&runs=280249&runs=280251&runs=280327&runs=280330&runs=280349&runs=280363&runs=280364&runs=280383&runs=280384&runs=280385&runs=281613&runs=281639&runs=281641&runs=281693&runs=281707&runs=281726&runs=281727&runs=281797&runs=281975&runs=281976&runs=282033&runs=282034&runs=282035&runs=282037&runs=282092&runs=282708&runs=282710&runs=282712&runs=282730&runs=282731&runs=282732&runs=282733&runs=282734&runs=282735&runs=282800&runs=282807&runs=282814&runs=282842&runs=282917&runs=282918&runs=282919&runs=282922&runs=282923&runs=283042&runs=283043&runs=283049&runs=283050&runs=283052&runs=283059&runs=283270&runs=283283&runs=283305&runs=283306&runs=283307&runs=283308&runs=283353&runs=283358&runs=283359&runs=283407&runs=283408&runs=283416&runs=283453&runs=283469&runs=283478&runs=283548&runs=283680&runs=283681&runs=283682&runs=283685&runs=283820&runs=283830&runs=283834&runs=283835&runs=283865&runs=283876&runs=283877&runs=283884&runs=283885&runs=283933&runs=283934&runs=283946&runs=283964&runs=284006&runs=284014&runs=284025&runs=284029&runs=284035&runs=284036&runs=284037&runs=284038&runs=284039&runs=284040&runs=284041&runs=284042&runs=284043&runs=284044&lumis=1%2C1283&lumis=1%2C459&lumis=100%2C292&lumis=1%2C68&lumis=1%2C22&lumis=2%2C34&lumis=1%2C125&lumis=1%2C9&lumis=1%2C317&lumis=1%2C99&lumis=1%2C29&lumis=62%2C352%2C354%2C742&lumis=1%2C48&lumis=1%2C113%2C115%2C420&lumis=1%2C396&lumis=1%2C216&lumis=1%2C214%2C219%2C647&lumis=71%2C282%2C284%2C325%2C327%2C343&lumis=1%2C241&lumis=1%2C192&lumis=73%2C256%2C258%2C318%2C320%2C813%2C815%2C1077&lumis=1%2C598&lumis=77%2C444&lumis=1%2C173&lumis=83%2C252%2C254%2C2556&lumis=1%2C112&lumis=1%2C2126&lumis=108%2C332&lumis=1%2C73&lumis=105%2C537&lumis=1%2C47&lumis=1%2C214&lumis=1%2C516&lumis=31%2C95&lumis=81%2C192&lumis=1%2C630&lumis=1%2C678&lumis=1%2C40%2C42%2C86&lumis=1%2C1180&lumis=1%2C607&lumis=1%2C704&lumis=1%2C546&lumis=1%2C22&lumis=1%2C215&lumis=1%2C154&lumis=97%2C165&lumis=1%2C432&lumis=1%2C974&lumis=1%2C22&lumis=1%2C225&lumis=60%2C1013&lumis=1%2C20&lumis=1%2C22&lumis=1%2C703&lumis=1%2C99&lumis=1%2C639&lumis=1%2C170&lumis=94%2C144&lumis=88%2C447&lumis=1%2C1820&lumis=93%2C268&lumis=1%2C356&lumis=1%2C2207&lumis=92%2C498&lumis=1%2C443&lumis=1%2C752&lumis=37%2C60&lumis=1%2C98&lumis=1%2C1206&lumis=1%2C1007&lumis=1%2C47&lumis=1%2C905&lumis=63%2C794&lumis=1%2C1257&lumis=1%2C140&lumis=1%2C1781%2C1786%2C2061&lumis=78%2C81%2C105%2C150&lumis=1%2C111&lumis=1%2C396&lumis=1%2C922&lumis=1%2C523&lumis=1%2C647&lumis=106%2C433&lumis=1%2C989&lumis=90%2C185&lumis=1%2C137&lumis=1%2C74&lumis=96%2C150&lumis=1%2C356&lumis=1%2C125&lumis=1%2C142%2C144%2C201&lumis=55%2C627&lumis=1%2C1939&lumis=1%2C1253&lumis=141%2C292&lumis=1%2C433&lumis=1%2C520&lumis=76%2C368&lumis=1%2C353&lumis=81%2C371&lumis=1%2C569&lumis=127%2C1453&lumis=1%2C3096&lumis=1%2C111&lumis=1%2C344&lumis=1%2C17&lumis=1%2C11&lumis=1%2C8&lumis=1%2C61&lumis=1%2C21&lumis=1%2C317&lumis=1%2C149&lumis=1%2C304&lumis=1%2C319&lumis=1%2C131%2C133%2C762&lumis=1%2C371&lumis=1%2C53%2C56%2C115%2C117%2C254&lumis=1%2C303&lumis=1%2C20&lumis=1%2C429%2C431%2C1163%2C1166%2C1170%2C1184%2C1306&lumis=1%2C186%2C198%2C726&lumis=1%2C2263&lumis=70%2C109&lumis=1%2C1393&lumis=62%2C298%2C300%2C354%2C356%2C445&lumis=1%2C303&lumis=1%2C484&lumis=1%2C318%2C348%2C361&lumis=1%2C472&lumis=1%2C32&lumis=1%2C127&lumis=1%2C89&lumis=82%2C139%2C141%2C172&lumis=74%2C153&lumis=1%2C507&lumis=1%2C7%2C18%2C61%2C72%2C1669&lumis=1%2C15%2C18%2C627&lumis=1%2C1202&lumis=75%2C534%2C537%2C1151&lumis=1%2C1087&lumis=40%2C175%2C178%2C227&lumis=1%2C147&lumis=1%2C103%2C106%2C576&lumis=1%2C34&lumis=1%2C161%2C169%2C208%2C210%2C800%2C802%2C844&lumis=1%2C238%2C242%2C1489&lumis=1%2C1117&lumis=63%2C224%2C227%2C1074%2C1076%2C2190&lumis=1%2C527&lumis=1%2C341&lumis=87%2C279&lumis=1%2C221%2C223%2C2556&lumis=1%2C741&lumis=87%2C1606%2C1626%2C2904&lumis=1%2C214&lumis=1%2C394&lumis=74%2C858&lumis=1%2C961&lumis=1%2C163&lumis=1%2C110%2C117%2C213&lumis=79%2C447&lumis=1%2C873&lumis=1%2C60&lumis=1%2C2&lumis=1%2C253&lumis=1%2C658%2C680%2C781&lumis=1%2C1006&lumis=72%2C562&lumis=1%2C593%2C595%2C1114&lumis=1%2C127%2C129%2C252&lumis=96%2C1269&lumis=1%2C1823&lumis=1%2C885&lumis=66%2C227&lumis=1%2C883&lumis=1%2C291&lumis=1%2C2563&lumis=64%2C2711&lumis=1%2C729&lumis=78%2C1354%2C1356%2C3108%2C3111%2C3258%2C3260%2C3484&lumis=79%2C184%2C186%2C838%2C842%2C906&lumis=70%2C214&lumis=1%2C34&lumis=1%2C150&lumis=1%2C481&lumis=1%2C2353&lumis=81%2C394&lumis=1%2C1063&lumis=1%2C82%2C90%2C178&lumis=1%2C253%2C256%2C484&lumis=1%2C98&lumis=1%2C3%2C5%2C7%2C9%2C35%2C38%2C1037&lumis=204%2C1191&lumis=1%2C161%2C164%2C598&lumis=1%2C2093&lumis=1%2C155&lumis=42%2C60&lumis=1%2C438%2C440%2C902&lumis=83%2C715&lumis=77%2C433&lumis=1%2C2223&lumis=88%2C228&lumis=113%2C139%2C144%2C2070&lumis=62%2C744&lumis=84%2C346&lumis=82%2C83%2C85%2C163&lumis=1%2C98&lumis=1%2C260%2C262%2C312&lumis=77%2C97%2C99%2C213%2C215%2C512%2C514%2C600&lumis=1%2C263%2C265%2C627%2C642%2C1011%2C1020%2C1181&lumis=87%2C1660%2C1662%2C2260&lumis=1%2C88&lumis=77%2C231&lumis=76%2C754&lumis=1%2C64%2C70%2C113%2C115%2C1309&lumis=75%2C114&lumis=1%2C85&lumis=67%2C84&lumis=1%2C42%2C44%2C60&lumis=1%2C11&lumis=87%2C216%2C219%2C1200%2C1217%2C1848%2C1876%2C1885&lumis=1%2C709&lumis=73%2C254%2C256%2C661%2C663%2C767&lumis=84%2C500%2C503%2C833&lumis=1%2C150&lumis=1%2C401%2C403%2C612%2C630%2C639&lumis=1%2C453&lumis=85%2C360%2C362%2C1682&lumis=91%2C1557&lumis=75%2C111&lumis=1%2C767&lumis=48%2C92&lumis=1%2C21&lumis=1%2C330&lumis=1%2C8&lumis=1%2C26%2C30%2C291&lumis=1%2C445%2C447%2C462%2C464%2C1793&lumis=17%2C1540&lumis=1%2C1627&lumis=70%2C136&lumis=1%2C484&lumis=1%2C834&lumis=55%2C467&lumis=79%2C227&lumis=68%2C418&lumis=1%2C23%2C25%2C175&lumis=70%2C1051%2C1053%2C1291%2C1293%2C1465&lumis=1%2C857&lumis=1%2C20&lumis=71%2C199&lumis=82%2C382&lumis=1%2C260&lumis=71%2C244&lumis=68%2C224&lumis=118%2C524&lumis=38%2C485&lumis=86%2C190&lumis=100%2C1259&lumis=77%2C77%2C82%2C268&lumis=1%2C108%2C110%2C1231%2C1285%2C1307&lumis=1%2C43%2C82%2C87&lumis=1%2C713&lumis=68%2C1033&lumis=77%2C111&lumis=1%2C47&lumis=1%2C34&lumis=1%2C34&lumis=1%2C93%2C95%2C209&lumis=71%2C124&lumis=1%2C2235&lumis=71%2C474%2C476%2C477%2C480%2C480%2C511%2C511%2C523%2C691&lumis=1%2C860%2C875%2C1528%2C1530%2C1653&lumis=68%2C578%2C585%2C728%2C798%2C806&lumis=1%2C1694&lumis=1%2C776&lumis=77%2C1100&lumis=61%2C395&lumis=75%2C398%2C407%2C2122&lumis=72%2C304&lumis=79%2C397&lumis=84%2C628%2C630%2C801%2C803%2C1043%2C1045%2C3022&lumis=79%2C441&lumis=70%2C190%2C192%2C253%2C256%2C281%2C283%2C709%2C734%2C1121&lumis=85%2C163&lumis=1%2C59&lumis=1%2C34&lumis=1%2C39%2C41%2C56%2C59%2C554%2C560%2C584&lumis=1%2C163&lumis=1%2C613&lumis=1%2C1282&lumis=1%2C47&lumis=1%2C427&lumis=4%2C70&lumis=1%2C253&lumis=1%2C781%2C783%2C909&lumis=1%2C238&lumis=1%2C411%2C414%2C639&lumis=1%2C1437&lumis=1%2C165%2C167%2C372&lumis=49%2C98&lumis=1%2C870&lumis=1%2C247%2C252%2C639&lumis=1%2C367&lumis=1%2C619%2C621%2C1090%2C1102%2C1363&lumis=64%2C73&lumis=1%2C47&lumis=1%2C519%2C523%2C2022&lumis=101%2C903&lumis=1%2C136&lumis=1%2C319&lumis=1%2C2191&lumis=99%2C982%2C1000%2C1065%2C1087%2C1089&lumis=1%2C291&lumis=1%2C1605&lumis=125%2C2176&lumis=1%2C215&lumis=1%2C2166&lumis=82%2C124&lumis=1%2C35&lumis=1%2C47&lumis=1%2C457%2C459%2C1862&lumis=92%2C222%2C624%2C2276&lumis=1%2C8&lumis=1%2C9&lumis=1%2C1%2C10%2C68&lumis=89%2C171&lumis=1%2C176&lumis=1%2C73&lumis=1%2C178&lumis=1%2C330&lumis=1%2C1823&lumis=1%2C382&lumis=1%2C330&lumis=1%2C1843&lumis=1%2C80&lumis=117%2C201&lumis=1%2C59&lumis=1%2C243&lumis=1%2C137&lumis=1%2C17%2C19%2C30%2C32%2C86%2C88%2C229&lumis=1%2C10&lumis=1%2C519&lumis=82%2C98&lumis=1%2C227&lumis=1%2C124&lumis=1%2C458&lumis=76%2C1913&lumis=1%2C1748&lumis=79%2C93&lumis=1%2C291&lumis=1%2C461&lumis=1%2C547%2C549%2C571%2C573%2C948&lumis=80%2C832&lumis=1%2C243%2C245%2C986&lumis=1%2C428&lumis=82%2C124&lumis=1%2C2125%2C2203%2C2416%2C2528%2C2543&lumis=49%2C245&lumis=83%2C537&lumis=74%2C74&lumis=76%2C303%2C324%2C973&lumis=144%2C291&lumis=1%2C87&lumis=1%2C23&lumis=1%2C389&lumis=1%2C314&lumis=67%2C1552&lumis=1%2C729&lumis=1%2C85&lumis=1%2C112&lumis=1%2C1177&lumis=65%2C736&lumis=1%2C1496&lumis=349%2C756&lumis=1%2C1723&lumis=88%2C240&lumis=1%2C784%2C793%2C870%2C875%2C1245%2C1267%2C1291&lumis=85%2C1462&lumis=1%2C388&lumis=73%2C394&lumis=1%2C266&lumis=109%2C162&lumis=1%2C112&lumis=1%2C369&lumis=1%2C356&lumis=1%2C343&lumis=1%2C60&lumis=1%2C34&lumis=1%2C35&lumis=1%2C47&lumis=1%2C137&lumis=1%2C227&lumis=1%2C30&scriptargs=isdata%3Ddata&scriptargs=year%3D2016
DEBUG 2021-03-19 07:59:43.466 UTC: 	 Result: {u'result': [{u'RequestName': u'210319_075943:yian_crab_MuonEG_Run2016H'}]}
INFO 2021-03-19 07:59:43.469 UTC: 	 Success: Your task has been delivered to the prod CRAB3 server.
INFO 2021-03-19 07:59:43.469 UTC: 	 Task name: 210319_075943:yian_crab_MuonEG_Run2016H
INFO 2021-03-19 07:59:43.469 UTC: 	 Project dir: crab2016/crab_MuonEG_Run2016H
INFO 2021-03-19 07:59:43.469 UTC: 	 Please use ' crab status -d crab2016/crab_MuonEG_Run2016H ' to check how the submission process proceeds.
DEBUG 2021-03-19 07:59:43.469 UTC: 	 About to return
INFO 2021-03-19 07:59:43.472 UTC: 	 Log file is /afs/cern.ch/work/y/yian/work/GZ/CMSSW_10_6_20/src/PhysicsTools/NanoAODTools/WWG/2016/crab/crab2016/crab_MuonEG_Run2016H/crab.log
