DEBUG 2021-09-14 14:56:29.524 UTC: 	 CRAB Client version: v3.210825
DEBUG 2021-09-14 14:56:29.524 UTC: 	 Running on: Linux lxplus738.cern.ch 3.10.0-1160.36.2.el7.x86_64 #1 SMP Wed Jul 21 11:57:15 UTC 2021 x86_64 x86_64 x86_64 GNU/Linux - CentOS Linux 7 (Core)
DEBUG 2021-09-14 14:56:29.524 UTC: 	 Executing command: 'submit'
DEBUG 2021-09-14 14:56:29.524 UTC: 	 Found CRAB cache file /afs/cern.ch/user/y/yian/.crab3
INFO 2021-09-14 14:56:29.526 UTC: 	 Will use CRAB configuration file crabcode_2018/ZGToLLG_01J_5f_TuneCP5_13TeV-amcatnloFXFX-pythia8_2018_cfg.py
DEBUG 2021-09-14 14:56:29.526 UTC: 	 Loading CRAB configuration file.
DEBUG 2021-09-14 14:56:29.552 UTC: 	 Will use CRAB Analysis plugin (i.e. will run an analysis job type).
DEBUG 2021-09-14 14:56:29.569 UTC: 	 Checking credentials
DEBUG 2021-09-14 14:56:29.569 UTC: 	 Found proxy file /tmp/x509up_u110046
DEBUG 2021-09-14 14:56:29.569 UTC: 	 Getting proxy life time left
DEBUG 2021-09-14 14:56:30.381 UTC: 	 Executing : 
 command : voms-proxy-info -file /tmp/x509up_u110046 -timeleft
 output : 603611

 error: 
 retcode : 0
DEBUG 2021-09-14 14:56:31.088 UTC: 	 Executing : 
 command : voms-proxy-info -file /tmp/x509up_u110046 -actimeleft
 output : 603610

 error: 
 retcode : 0
DEBUG 2021-09-14 14:56:31.088 UTC: 	 Proxy lifetime 603611 secs is different from voms extension lifetime 603610 secs for proxy: /tmp/x509up_u110046
DEBUG 2021-09-14 14:56:31.088 UTC: 	 Proxy valid for 167:40:10 hours
DEBUG 2021-09-14 14:56:31.795 UTC: 	 Executing : 
 command : env X509_USER_PROXY=/tmp/x509up_u110046 voms-proxy-info -fqan
 output : /cms/Role=NULL/Capability=NULL

 error: 
 retcode : 0
DEBUG 2021-09-14 14:56:31.888 UTC: 	 Registering user credentials for server /DC=ch/DC=cern/OU=computers/CN=crab-(preprod|prod|dev)-tw(02|01).cern.ch|/DC=ch/DC=cern/OU=computers/CN=(ddi|ddidk|mytw).cern.ch|/DC=ch/DC=cern/OU=computers/CN=stefanov(m|m2).cern.ch
DEBUG 2021-09-14 14:56:32.603 UTC: 	 Executing : 
 command : voms-proxy-info -file /tmp/x509up_u110046 -identity
 output : /DC=ch/DC=cern/OU=Organic Units/OU=Users/CN=yian/CN=826694/CN=Ying An

 error: 
 retcode : 0
DEBUG 2021-09-14 14:56:32.611 UTC: 	 Getting myproxy life time left for myproxy.cern.ch
DEBUG 2021-09-14 14:56:32.611 UTC: 	 using b52ac606a6f7097e9b4b8f05a3a67cc69f8f291b as credential login name
DEBUG 2021-09-14 14:56:32.916 UTC: 	 Executing : 
 command : myproxy-info -l b52ac606a6f7097e9b4b8f05a3a67cc69f8f291b -s myproxy.cern.ch
 output : username: b52ac606a6f7097e9b4b8f05a3a67cc69f8f291b
owner: /DC=ch/DC=cern/OU=Organic Units/OU=Users/CN=yian/CN=826694/CN=Ying An
  renewal policy: /DC=ch/DC=cern/OU=computers/CN=crab-(preprod|prod|dev)-tw(02|01).cern.ch|/DC=ch/DC=cern/OU=computers/CN=(ddi|ddidk|mytw).cern.ch|/DC=ch/DC=cern/OU=computers/CN=stefanov(m|m2).cern.ch
  trusted retrieval policy: /DC=ch/DC=cern/OU=computers/CN=crab-(preprod|prod|dev)-tw(02|01).cern.ch|/DC=ch/DC=cern/OU=computers/CN=(ddi|ddidk|mytw).cern.ch|/DC=ch/DC=cern/OU=computers/CN=stefanov(m|m2).cern.ch
  timeleft: 668:05:09  (27.8 days)

 error: 
 retcode : 0
DEBUG 2021-09-14 14:56:32.917 UTC: 	 Myproxy is valid: 2405109
DEBUG 2021-09-14 14:56:32.917 UTC: 	 Retrieving username ...
DEBUG 2021-09-14 14:56:32.918 UTC: 	 Retrieving username from CRIC...
DEBUG 2021-09-14 14:56:33.647 UTC: 	 username is yian
DEBUG 2021-09-14 14:56:33.655 UTC: 	 Getting myproxy life time left for myproxy.cern.ch
DEBUG 2021-09-14 14:56:33.656 UTC: 	 using yian_CRAB as credential login name
DEBUG 2021-09-14 14:56:33.962 UTC: 	 Executing : 
 command : myproxy-info -l yian_CRAB -s myproxy.cern.ch
 output : username: yian_CRAB
owner: /DC=ch/DC=cern/OU=Organic Units/OU=Users/CN=yian/CN=826694/CN=Ying An
  renewal policy: /DC=ch/DC=cern/OU=computers/CN=crab-(preprod|prod|dev)-tw(02|01).cern.ch|/DC=ch/DC=cern/OU=computers/CN=(ddi|ddidk|mytw).cern.ch|/DC=ch/DC=cern/OU=computers/CN=stefanov(m|m2).cern.ch
  trusted retrieval policy: /DC=ch/DC=cern/OU=computers/CN=crab-(preprod|prod|dev)-tw(02|01).cern.ch|/DC=ch/DC=cern/OU=computers/CN=(ddi|ddidk|mytw).cern.ch|/DC=ch/DC=cern/OU=computers/CN=stefanov(m|m2).cern.ch
  timeleft: 668:05:21  (27.8 days)

 error: 
 retcode : 0
DEBUG 2021-09-14 14:56:33.962 UTC: 	 Myproxy is valid: 2405121
DEBUG 2021-09-14 14:56:33.962 UTC: 	 Result of myproxy credential check:
  Credential exists on myproxy: username: b52ac606a6f7097e9b4b8f05a3a67cc69f8f291b  - validity: 27 days, 20:05:09
  Credential exists on myproxy: username: yian_CRAB  - validity: 27 days, 20:05:21
DEBUG 2021-09-14 14:56:33.963 UTC: 	 Command use: submit
DEBUG 2021-09-14 14:56:33.963 UTC: 	 Options use: ['-c', 'crabcode_2018/ZGToLLG_01J_5f_TuneCP5_13TeV-amcatnloFXFX-pythia8_2018_cfg.py']
DEBUG 2021-09-14 14:56:34.024 UTC: 	 CRABClient version: v3.210825
DEBUG 2021-09-14 14:56:34.024 UTC: 	 Instance is prod
DEBUG 2021-09-14 14:56:34.024 UTC: 	 Server base url is cmsweb.cern.ch
DEBUG 2021-09-14 14:56:34.024 UTC: 	 Command api workflow
DEBUG 2021-09-14 14:56:34.024 UTC: 	 Started submission
DEBUG 2021-09-14 14:56:34.024 UTC: 	 Working on /afs/cern.ch/work/y/yian/work/GZ/CMSSW_10_6_20/src/PhysicsTools/NanoAODTools/WWG/2018/crab/crab2018/crab_ZGToLLG_01J_5f_TuneCP5_13TeV-amcatnloFXFX-pythia8_2018
DEBUG 2021-09-14 14:56:34.255 UTC: 	 Loading required information from the environment
DEBUG 2021-09-14 14:56:34.255 UTC: 	 Found CMSSW_10_6_20 for slc7_amd64_gcc820 with base /afs/cern.ch/work/y/yian/work/GZ/CMSSW_10_6_20
DEBUG 2021-09-14 14:56:34.255 UTC: 	 Loading required information from the environment
DEBUG 2021-09-14 14:56:34.255 UTC: 	 Found CMSSW_10_6_20 for slc7_amd64_gcc820 with base /afs/cern.ch/work/y/yian/work/GZ/CMSSW_10_6_20
DEBUG 2021-09-14 14:56:34.255 UTC: 	 UNIQUE NAME: tarUUID d6018f4a-bde3-4d18-b714-3992b442c5c5 
DEBUG 2021-09-14 14:56:34.255 UTC: 	 self.config: from WMCore.Configuration import Configuration
config = Configuration()
config.section_('General')
config.General.workArea = 'crab2018'
config.General.transferLogs = False
config.General.requestName = 'ZGToLLG_01J_5f_TuneCP5_13TeV-amcatnloFXFX-pythia8_2018'
config.section_('JobType')
config.JobType.scriptArgs = ['isdata=MC', 'year=2018', 'era=A']
config.JobType.scriptExe = './WWG_crab_script.sh'
config.JobType.pluginName = 'Analysis'
config.JobType.sendPythonFolder = True
config.JobType.allowUndistributedCMSSW = True
config.JobType.psetName = 'PSet.py'
config.JobType.inputFiles = ['../../../scripts/haddnano.py', '../WWG_selector/WWG_postproc.py', '../WWG_selector/WWG_Module.py', '../WWG_selector/WWG_keep_and_drop.txt', '../WWG_selector/WWG_output_branch.txt', '../WWG_selector/DAS_filesearch.py']
config.section_('Data')
config.Data.inputDataset = '/ZGToLLG_01J_5f_TuneCP5_13TeV-amcatnloFXFX-pythia8/RunIISummer20UL18NanoAODv9-106X_upgrade2018_realistic_v16_L1v1-v1/NANOAODSIM'
config.Data.allowNonValidInputDataset = True
config.Data.publication = False
config.Data.unitsPerJob = 1
config.Data.ignoreLocality = True
config.Data.inputDBS = 'global'
config.Data.splitting = 'FileBased'
config.Data.outputDatasetTag = 'ZGToLLG_01J_5f_TuneCP5_13TeV-amcatnloFXFX-pythia8_2018'
config.section_('Site')
config.Site.whitelist = ['T2_US_MIT', 'T2_US_Wisconsin', 'T2_US_Purdue', 'T2_US_UCSD', 'T2_US_Caltech', 'T2_US_Nebraska']
config.Site.storageSite = 'T3_CH_CERNBOX'

DEBUG 2021-09-14 14:56:34.255 UTC: 	 self.config.JobType.psetName: PSet.py
INFO 2021-09-14 14:56:34.256 UTC: 	 Importing CMSSW configuration PSet.py
INFO 2021-09-14 14:56:34.937 UTC: 	 Finished importing CMSSW configuration PSet.py
DEBUG 2021-09-14 14:56:34.938 UTC: 	 Writing CMSSW configuration to /afs/cern.ch/work/y/yian/work/GZ/CMSSW_10_6_20/src/PhysicsTools/NanoAODTools/WWG/2018/crab/crab2018/crab_ZGToLLG_01J_5f_TuneCP5_13TeV-amcatnloFXFX-pythia8_2018/inputs/PSet.py
DEBUG 2021-09-14 14:56:34.952 UTC: 	 The following EDM output files will be collected: ['tree.root']
DEBUG 2021-09-14 14:56:34.952 UTC: 	 The following TFile output files will be collected: []
DEBUG 2021-09-14 14:56:34.952 UTC: 	 The following user output files (not listed as PoolOuputModule or TFileService in the CMSSW PSet) will be collected: 
DEBUG 2021-09-14 14:56:34.952 UTC: 	 Loading required information from the environment
DEBUG 2021-09-14 14:56:34.952 UTC: 	 Found CMSSW_10_6_20 for slc7_amd64_gcc820 with base /afs/cern.ch/work/y/yian/work/GZ/CMSSW_10_6_20
DEBUG 2021-09-14 14:56:34.952 UTC: 	 Making tarball in /afs/cern.ch/work/y/yian/work/GZ/CMSSW_10_6_20/src/PhysicsTools/NanoAODTools/WWG/2018/crab/crab2018/crab_ZGToLLG_01J_5f_TuneCP5_13TeV-amcatnloFXFX-pythia8_2018/inputs/d6018f4a-bde3-4d18-b714-3992b442c5c5default.tgz
DEBUG 2021-09-14 14:56:34.953 UTC: 	 Checking directory /afs/cern.ch/work/y/yian/work/GZ/CMSSW_10_6_20/lib
DEBUG 2021-09-14 14:56:34.953 UTC: 	 Adding directory /afs/cern.ch/work/y/yian/work/GZ/CMSSW_10_6_20/lib to tarball
DEBUG 2021-09-14 14:56:35.125 UTC: 	 Checking directory /afs/cern.ch/work/y/yian/work/GZ/CMSSW_10_6_20/biglib
DEBUG 2021-09-14 14:56:35.125 UTC: 	 Adding directory /afs/cern.ch/work/y/yian/work/GZ/CMSSW_10_6_20/biglib to tarball
DEBUG 2021-09-14 14:56:35.128 UTC: 	 Checking directory /afs/cern.ch/work/y/yian/work/GZ/CMSSW_10_6_20/module
DEBUG 2021-09-14 14:56:35.129 UTC: 	 Checking directory /afs/cern.ch/work/y/yian/work/GZ/CMSSW_10_6_20/python
DEBUG 2021-09-14 14:56:35.129 UTC: 	 Adding directory /afs/cern.ch/work/y/yian/work/GZ/CMSSW_10_6_20/python to tarball
DEBUG 2021-09-14 14:56:37.920 UTC: 	 Checking directory /afs/cern.ch/work/y/yian/work/GZ/CMSSW_10_6_20/cfipython
DEBUG 2021-09-14 14:56:37.920 UTC: 	 Adding directory /afs/cern.ch/work/y/yian/work/GZ/CMSSW_10_6_20/cfipython to tarball
DEBUG 2021-09-14 14:56:38.739 UTC: 	 Adding data directory /afs/cern.ch/work/y/yian/work/GZ/CMSSW_10_6_20/src/PhysicsTools/NanoAODTools/data to tarball
DEBUG 2021-09-14 14:57:01.685 UTC: 	 Adding data directory /afs/cern.ch/work/y/yian/work/GZ/CMSSW_10_6_20/src/PhysicsTools/NanoAODTools/interface to tarball
DEBUG 2021-09-14 14:57:01.689 UTC: 	 Adding data directory /afs/cern.ch/work/y/yian/work/GZ/CMSSW_10_6_20/src/PhysicsTools/NanoAODTools/python/postprocessing/data to tarball
DEBUG 2021-09-14 14:57:05.343 UTC: 	 Adding file ../../../scripts/haddnano.py to tarball
DEBUG 2021-09-14 14:57:05.345 UTC: 	 Adding file ../WWG_selector/WWG_postproc.py to tarball
DEBUG 2021-09-14 14:57:05.363 UTC: 	 Adding file ../WWG_selector/WWG_Module.py to tarball
DEBUG 2021-09-14 14:57:05.394 UTC: 	 Adding file ../WWG_selector/WWG_keep_and_drop.txt to tarball
DEBUG 2021-09-14 14:57:05.619 UTC: 	 Adding file ../WWG_selector/WWG_output_branch.txt to tarball
DEBUG 2021-09-14 14:57:05.649 UTC: 	 Adding file ../WWG_selector/DAS_filesearch.py to tarball
DEBUG 2021-09-14 14:57:10.873 UTC: 	 Uploading archive /afs/cern.ch/work/y/yian/work/GZ/CMSSW_10_6_20/src/PhysicsTools/NanoAODTools/WWG/2018/crab/crab2018/crab_ZGToLLG_01J_5f_TuneCP5_13TeV-amcatnloFXFX-pythia8_2018/inputs/d6018f4a-bde3-4d18-b714-3992b442c5c5default.tgz (94 MB) to the CRAB cache. Using URI https://cmsweb.cern.ch/S3/crabcache_prod
DEBUG 2021-09-14 14:57:36.716 UTC: 	 Will execute:
curl -f -v -X POST  -H "User-Agent: CRAB" -F "key=yian/sandboxes/fdc83b2f21d57261f5cf7acac4a7690fc02d3211127c48eff5fc0f767be70918.tar.gz" -F "AWSAccessKeyId=ab00fcc889f248c495d2875f15a3badb" -F "policy=eyJjb25kaXRpb25zIjogW3siYnVja2V0IjogImNyYWJjYWNoZV9wcm9kIn0sIHsia2V5IjogInlpYW4vc2FuZGJveGVzL2ZkYzgzYjJmMjFkNTcyNjFmNWNmN2FjYWM0YTc2OTBmYzAyZDMyMTExMjdjNDhlZmY1ZmMwZjc2N2JlNzA5MTgudGFyLmd6In1dLCAiZXhwaXJhdGlvbiI6ICIyMDIxLTA5LTE0VDE1OjU3OjM2WiJ9" -F "signature=VxcsbPIeQHjn91k/XUJDce/B5oo=" -F "file=@/afs/cern.ch/work/y/yian/work/GZ/CMSSW_10_6_20/src/PhysicsTools/NanoAODTools/WWG/2018/crab/crab2018/crab_ZGToLLG_01J_5f_TuneCP5_13TeV-amcatnloFXFX-pythia8_2018/inputs/d6018f4a-bde3-4d18-b714-3992b442c5c5default.tgz" "https://s3.cern.ch/crabcache_prod"
DEBUG 2021-09-14 14:57:39.579 UTC: 	 exitcode: 0
stdout: 
stderr: Note: Unnecessary use of -X or --request, POST is already inferred.
  % Total    % Received % Xferd  Average Speed   Time    Time     Time  Current
                                 Dload  Upload   Total   Spent    Left  Speed
  0     0    0     0    0     0      0      0 --:--:-- --:--:-- --:--:--     0*   Trying 2001:1458:d00:14::341...
* TCP_NODELAY set
* Connected to s3.cern.ch (2001:1458:d00:14::341) port 443 (#0)
* ALPN, offering http/1.1
* Cipher selection: ALL:!EXPORT:!EXPORT40:!EXPORT56:!aNULL:!LOW:!RC4:@STRENGTH
* successfully set certificate verify locations:
  CAfile: /etc/pki/tls/certs/ca-bundle.crt
  CApath: none
* TLSv1.2 (OUT), TLS header, Certificate Status (22):
} [5 bytes data]
* TLSv1.2 (OUT), TLS handshake, Client hello (1):
} [512 bytes data]
* TLSv1.2 (IN), TLS handshake, Server hello (2):
{ [70 bytes data]
* TLSv1.2 (IN), TLS handshake, Certificate (11):
{ [4780 bytes data]
* TLSv1.2 (IN), TLS handshake, Server key exchange (12):
{ [333 bytes data]
* TLSv1.2 (IN), TLS handshake, Server finished (14):
{ [4 bytes data]
* TLSv1.2 (OUT), TLS handshake, Client key exchange (16):
} [70 bytes data]
* TLSv1.2 (OUT), TLS change cipher, Client hello (1):
} [1 bytes data]
* TLSv1.2 (OUT), TLS handshake, Finished (20):
} [16 bytes data]
* TLSv1.2 (IN), TLS change cipher, Client hello (1):
{ [1 bytes data]
* TLSv1.2 (IN), TLS handshake, Finished (20):
{ [16 bytes data]
* SSL connection using TLSv1.2 / ECDHE-RSA-AES128-GCM-SHA256
* ALPN, server accepted to use http/1.1
* Server certificate:
*  subject: C=CH; ST=Genève; L=Meyrin; O=Organisation européenne pour la Recherche nucléaire (CERN); CN=*.s3.cern.ch
*  start date: Mar 10 00:00:00 2021 GMT
*  expire date: Mar 10 23:59:59 2022 GMT
*  subjectAltName: host "s3.cern.ch" matched cert's "s3.cern.ch"
*  issuer: C=GB; ST=Greater Manchester; L=Salford; O=Sectigo Limited; CN=Sectigo RSA Organization Validation Secure Server CA
*  SSL certificate verify ok.
} [5 bytes data]
> POST /crabcache_prod HTTP/1.1
> Host: s3.cern.ch
> Accept: */*
> User-Agent: CRAB
> Content-Length: 99041136
> Content-Type: multipart/form-data; boundary=------------------------41d32e1a6d5f434a
> Expect: 100-continue
> 
{ [5 bytes data]
< HTTP/1.1 100 Continue
  0 94.4M    0     0    0     0      0      0 --:--:--  0:00:01 --:--:--     0} [5 bytes data]
 58 94.4M    0     0   58 55.5M      0  28.7M  0:00:03  0:00:01  0:00:02 28.7M< HTTP/1.1 204 No Content
< Accept-Ranges: bytes
< Bucket: crabcache_prod
< Date: Tue, 14 Sep 2021 14:57:39 GMT
< X-Amz-Request-Id: tx00000000000000edf5f44-006140b860-1e049818-default
< 
100 94.4M    0     0  100 94.4M      0  34.0M  0:00:02  0:00:02 --:--:-- 34.0M
* Connection #0 to host s3.cern.ch left intact

DEBUG 2021-09-14 14:57:39.579 UTC: 	 sandbox /afs/cern.ch/work/y/yian/work/GZ/CMSSW_10_6_20/src/PhysicsTools/NanoAODTools/WWG/2018/crab/crab2018/crab_ZGToLLG_01J_5f_TuneCP5_13TeV-amcatnloFXFX-pythia8_2018/inputs/d6018f4a-bde3-4d18-b714-3992b442c5c5default.tgz successully uploaded to S3
DEBUG 2021-09-14 14:57:39.579 UTC: 	 Loading required information from the environment
DEBUG 2021-09-14 14:57:39.579 UTC: 	 Found CMSSW_10_6_20 for slc7_amd64_gcc820 with base /afs/cern.ch/work/y/yian/work/GZ/CMSSW_10_6_20
DEBUG 2021-09-14 14:57:39.579 UTC: 	 Making tarball in /afs/cern.ch/work/y/yian/work/GZ/CMSSW_10_6_20/src/PhysicsTools/NanoAODTools/WWG/2018/crab/crab2018/crab_ZGToLLG_01J_5f_TuneCP5_13TeV-amcatnloFXFX-pythia8_2018/inputs/debugFiles.tgz
DEBUG 2021-09-14 14:57:39.586 UTC: 	 Uploading archive /afs/cern.ch/work/y/yian/work/GZ/CMSSW_10_6_20/src/PhysicsTools/NanoAODTools/WWG/2018/crab/crab2018/crab_ZGToLLG_01J_5f_TuneCP5_13TeV-amcatnloFXFX-pythia8_2018/inputs/debugFiles.tgz (1 KB) to the CRAB cache. Using URI https://cmsweb.cern.ch/S3/crabcache_prod
DEBUG 2021-09-14 14:57:39.650 UTC: 	 Will execute:
curl -f -v -X POST  -H "User-Agent: CRAB" -F "key=yian/sandboxes/e1d1c8509a9ef81e284fa44b45ea503c9ccf1442d8a5a258c4a640f855546ded.tar.gz" -F "AWSAccessKeyId=ab00fcc889f248c495d2875f15a3badb" -F "policy=eyJjb25kaXRpb25zIjogW3siYnVja2V0IjogImNyYWJjYWNoZV9wcm9kIn0sIHsia2V5IjogInlpYW4vc2FuZGJveGVzL2UxZDFjODUwOWE5ZWY4MWUyODRmYTQ0YjQ1ZWE1MDNjOWNjZjE0NDJkOGE1YTI1OGM0YTY0MGY4NTU1NDZkZWQudGFyLmd6In1dLCAiZXhwaXJhdGlvbiI6ICIyMDIxLTA5LTE0VDE1OjU3OjM5WiJ9" -F "signature=3XklsTrjuupDidUTB/bmi7dHRHg=" -F "file=@/afs/cern.ch/work/y/yian/work/GZ/CMSSW_10_6_20/src/PhysicsTools/NanoAODTools/WWG/2018/crab/crab2018/crab_ZGToLLG_01J_5f_TuneCP5_13TeV-amcatnloFXFX-pythia8_2018/inputs/debugFiles.tgz" "https://s3.cern.ch/crabcache_prod"
DEBUG 2021-09-14 14:57:40.750 UTC: 	 exitcode: 0
stdout: 
stderr: Note: Unnecessary use of -X or --request, POST is already inferred.
  % Total    % Received % Xferd  Average Speed   Time    Time     Time  Current
                                 Dload  Upload   Total   Spent    Left  Speed
  0     0    0     0    0     0      0      0 --:--:-- --:--:-- --:--:--     0*   Trying 2001:1458:d00:14::341...
* TCP_NODELAY set
* Connected to s3.cern.ch (2001:1458:d00:14::341) port 443 (#0)
* ALPN, offering http/1.1
* Cipher selection: ALL:!EXPORT:!EXPORT40:!EXPORT56:!aNULL:!LOW:!RC4:@STRENGTH
* successfully set certificate verify locations:
  CAfile: /etc/pki/tls/certs/ca-bundle.crt
  CApath: none
* TLSv1.2 (OUT), TLS header, Certificate Status (22):
} [5 bytes data]
* TLSv1.2 (OUT), TLS handshake, Client hello (1):
} [512 bytes data]
* TLSv1.2 (IN), TLS handshake, Server hello (2):
{ [70 bytes data]
* TLSv1.2 (IN), TLS handshake, Certificate (11):
{ [4780 bytes data]
* TLSv1.2 (IN), TLS handshake, Server key exchange (12):
{ [333 bytes data]
* TLSv1.2 (IN), TLS handshake, Server finished (14):
{ [4 bytes data]
* TLSv1.2 (OUT), TLS handshake, Client key exchange (16):
} [70 bytes data]
* TLSv1.2 (OUT), TLS change cipher, Client hello (1):
} [1 bytes data]
* TLSv1.2 (OUT), TLS handshake, Finished (20):
} [16 bytes data]
  0     0    0     0    0     0      0      0 --:--:-- --:--:-- --:--:--     0* TLSv1.2 (IN), TLS change cipher, Client hello (1):
{ [1 bytes data]
* TLSv1.2 (IN), TLS handshake, Finished (20):
{ [16 bytes data]
* SSL connection using TLSv1.2 / ECDHE-RSA-AES128-GCM-SHA256
* ALPN, server accepted to use http/1.1
* Server certificate:
*  subject: C=CH; ST=Genève; L=Meyrin; O=Organisation européenne pour la Recherche nucléaire (CERN); CN=*.s3.cern.ch
*  start date: Mar 10 00:00:00 2021 GMT
*  expire date: Mar 10 23:59:59 2022 GMT
*  subjectAltName: host "s3.cern.ch" matched cert's "s3.cern.ch"
*  issuer: C=GB; ST=Greater Manchester; L=Salford; O=Sectigo Limited; CN=Sectigo RSA Organization Validation Secure Server CA
*  SSL certificate verify ok.
} [5 bytes data]
> POST /crabcache_prod HTTP/1.1
> Host: s3.cern.ch
> Accept: */*
> User-Agent: CRAB
> Content-Length: 2782
> Content-Type: multipart/form-data; boundary=------------------------65feb03bc3569b2d
> Expect: 100-continue
> 
{ [5 bytes data]
< HTTP/1.1 100 Continue
  0  2782    0     0    0     0      0      0 --:--:--  0:00:01 --:--:--     0} [5 bytes data]
< HTTP/1.1 204 No Content
< Accept-Ranges: bytes
< Bucket: crabcache_prod
< Date: Tue, 14 Sep 2021 14:57:40 GMT
< X-Amz-Request-Id: tx00000000000000edf4e13-006140b863-1e049857-default
< 
100  2782    0     0  100  2782      0   2669  0:00:01  0:00:01 --:--:--  2669
* Connection #0 to host s3.cern.ch left intact

DEBUG 2021-09-14 14:57:40.751 UTC: 	 sandbox /afs/cern.ch/work/y/yian/work/GZ/CMSSW_10_6_20/src/PhysicsTools/NanoAODTools/WWG/2018/crab/crab2018/crab_ZGToLLG_01J_5f_TuneCP5_13TeV-amcatnloFXFX-pythia8_2018/inputs/debugFiles.tgz successully uploaded to S3
DEBUG 2021-09-14 14:57:40.751 UTC: 	 Result uploading input files: fdc83b2f21d57261f5cf7acac4a7690fc02d3211127c48eff5fc0f767be70918.tar.gz 
INFO 2021-09-14 14:57:40.751 UTC: 	 Sending the request to the server at cmsweb.cern.ch
DEBUG 2021-09-14 14:57:40.752 UTC: 	 Submitting {'maxjobruntime': 1250, 'extrajdl': [], 'ignorelocality': 1, 'savelogsflag': 0, 'useparent': 0, 'scriptexe': 'WWG_crab_script.sh', 'asyncdest': 'T3_CH_CERNBOX', 'algoargs': 1, 'cachefilename': 'fdc83b2f21d57261f5cf7acac4a7690fc02d3211127c48eff5fc0f767be70918.tar.gz', 'numcores': 1, 'addoutputfiles': [], 'generator': 'pythia', 'maxmemory': 2000, 'publishdbsurl': 'https://cmsweb.cern.ch/dbs/prod/phys03/DBSWriter', 'priority': 10, 'jobsw': 'CMSSW_10_6_20', 'edmoutfiles': ['tree.root'], 'userfiles': [], 'primarydataset': '', 'inputdata': '/ZGToLLG_01J_5f_TuneCP5_13TeV-amcatnloFXFX-pythia8/RunIISummer20UL18NanoAODv9-106X_upgrade2018_realistic_v16_L1v1-v1/NANOAODSIM', 'dryrun': 0, 'workflow': 'crab_ZGToLLG_01J_5f_TuneCP5_13TeV-amcatnloFXFX-pythia8_2018', 'scriptargs': ['isdata=MC', 'year=2018', 'era=A'], 'sitewhitelist': ['T2_US_MIT', 'T2_US_Wisconsin', 'T2_US_Purdue', 'T2_US_UCSD', 'T2_US_Caltech', 'T2_US_Nebraska'], 'nonprodsw': 1, 'tfileoutfiles': [], 'oneEventMode': 0, 'debugfilename': 'e1d1c8509a9ef81e284fa44b45ea503c9ccf1442d8a5a258c4a640f855546ded.tar.gz', 'cacheurl': u'https://cmsweb.cern.ch/S3/crabcache_prod', 'saveoutput': 1, 'publication': 0, 'jobarch': 'slc7_amd64_gcc820', 'totalunits': 0, 'splitalgo': 'FileBased', 'ignoreglobalblacklist': 0, 'nonvaliddata': 1, 'dbsurl': 'https://cmsweb.cern.ch/dbs/prod/global/DBSReader', 'publishgroupname': 0, 'jobtype': 'Analysis', 'publishname2': 'ZGToLLG_01J_5f_TuneCP5_13TeV-amcatnloFXFX-pythia8_2018'} 
DEBUG 2021-09-14 14:57:40.752 UTC: 	 Encoded submit request: maxjobruntime=1250&ignorelocality=1&savelogsflag=0&useparent=0&scriptexe=WWG_crab_script.sh&asyncdest=T3_CH_CERNBOX&algoargs=1&cachefilename=fdc83b2f21d57261f5cf7acac4a7690fc02d3211127c48eff5fc0f767be70918.tar.gz&numcores=1&generator=pythia&maxmemory=2000&publishdbsurl=https%3A%2F%2Fcmsweb.cern.ch%2Fdbs%2Fprod%2Fphys03%2FDBSWriter&priority=10&jobsw=CMSSW_10_6_20&primarydataset=&inputdata=%2FZGToLLG_01J_5f_TuneCP5_13TeV-amcatnloFXFX-pythia8%2FRunIISummer20UL18NanoAODv9-106X_upgrade2018_realistic_v16_L1v1-v1%2FNANOAODSIM&dryrun=0&workflow=crab_ZGToLLG_01J_5f_TuneCP5_13TeV-amcatnloFXFX-pythia8_2018&nonprodsw=1&oneEventMode=0&debugfilename=e1d1c8509a9ef81e284fa44b45ea503c9ccf1442d8a5a258c4a640f855546ded.tar.gz&cacheurl=https%3A%2F%2Fcmsweb.cern.ch%2FS3%2Fcrabcache_prod&saveoutput=1&publication=0&jobarch=slc7_amd64_gcc820&totalunits=0&splitalgo=FileBased&ignoreglobalblacklist=0&nonvaliddata=1&dbsurl=https%3A%2F%2Fcmsweb.cern.ch%2Fdbs%2Fprod%2Fglobal%2FDBSReader&publishgroupname=0&jobtype=Analysis&publishname2=ZGToLLG_01J_5f_TuneCP5_13TeV-amcatnloFXFX-pythia8_2018&sitewhitelist=T2_US_MIT&sitewhitelist=T2_US_Wisconsin&sitewhitelist=T2_US_Purdue&sitewhitelist=T2_US_UCSD&sitewhitelist=T2_US_Caltech&sitewhitelist=T2_US_Nebraska&edmoutfiles=tree.root&scriptargs=isdata%3DMC&scriptargs=year%3D2018&scriptargs=era%3DA
DEBUG 2021-09-14 14:57:40.836 UTC: 	 Result: {u'result': [{u'RequestName': u'210914_145740:yian_crab_ZGToLLG_01J_5f_TuneCP5_13TeV-amcatnloFXFX-pythia8_2018'}]}
INFO 2021-09-14 14:57:40.840 UTC: 	 Success: Your task has been delivered to the prod CRAB3 server.
INFO 2021-09-14 14:57:40.840 UTC: 	 Task name: 210914_145740:yian_crab_ZGToLLG_01J_5f_TuneCP5_13TeV-amcatnloFXFX-pythia8_2018
INFO 2021-09-14 14:57:40.840 UTC: 	 Project dir: crab2018/crab_ZGToLLG_01J_5f_TuneCP5_13TeV-amcatnloFXFX-pythia8_2018
INFO 2021-09-14 14:57:40.840 UTC: 	 Please use ' crab status -d crab2018/crab_ZGToLLG_01J_5f_TuneCP5_13TeV-amcatnloFXFX-pythia8_2018 ' to check how the submission process proceeds.
DEBUG 2021-09-14 14:57:40.840 UTC: 	 About to return
INFO 2021-09-14 14:57:40.844 UTC: 	 Log file is /afs/cern.ch/work/y/yian/work/GZ/CMSSW_10_6_20/src/PhysicsTools/NanoAODTools/WWG/2018/crab/crab2018/crab_ZGToLLG_01J_5f_TuneCP5_13TeV-amcatnloFXFX-pythia8_2018/crab.log
DEBUG 2021-09-14 14:57:57.081 UTC: 	 CRAB Client version: v3.210825
DEBUG 2021-09-14 14:57:57.081 UTC: 	 Running on: Linux lxplus738.cern.ch 3.10.0-1160.36.2.el7.x86_64 #1 SMP Wed Jul 21 11:57:15 UTC 2021 x86_64 x86_64 x86_64 GNU/Linux - CentOS Linux 7 (Core)
DEBUG 2021-09-14 14:57:57.081 UTC: 	 Executing command: 'status'
DEBUG 2021-09-14 14:57:57.081 UTC: 	 Found CRAB cache file /afs/cern.ch/user/y/yian/.crab3
DEBUG 2021-09-14 14:57:57.099 UTC: 	 Checking credentials
DEBUG 2021-09-14 14:57:57.099 UTC: 	 Found proxy file /tmp/x509up_u110046
DEBUG 2021-09-14 14:57:57.099 UTC: 	 Getting proxy life time left
DEBUG 2021-09-14 14:57:57.807 UTC: 	 Executing : 
 command : voms-proxy-info -file /tmp/x509up_u110046 -timeleft
 output : 603524

 error: 
 retcode : 0
DEBUG 2021-09-14 14:57:58.514 UTC: 	 Executing : 
 command : voms-proxy-info -file /tmp/x509up_u110046 -actimeleft
 output : 603523

 error: 
 retcode : 0
DEBUG 2021-09-14 14:57:58.515 UTC: 	 Proxy lifetime 603524 secs is different from voms extension lifetime 603523 secs for proxy: /tmp/x509up_u110046
DEBUG 2021-09-14 14:57:58.515 UTC: 	 Proxy valid for 167:38:43 hours
DEBUG 2021-09-14 14:57:58.598 UTC: 	 Registering user credentials for server /DC=ch/DC=cern/OU=computers/CN=crab-(preprod|prod|dev)-tw(02|01).cern.ch|/DC=ch/DC=cern/OU=computers/CN=(ddi|ddidk|mytw).cern.ch|/DC=ch/DC=cern/OU=computers/CN=stefanov(m|m2).cern.ch
DEBUG 2021-09-14 14:57:59.313 UTC: 	 Executing : 
 command : voms-proxy-info -file /tmp/x509up_u110046 -identity
 output : /DC=ch/DC=cern/OU=Organic Units/OU=Users/CN=yian/CN=826694/CN=Ying An

 error: 
 retcode : 0
DEBUG 2021-09-14 14:57:59.323 UTC: 	 Getting myproxy life time left for myproxy.cern.ch
DEBUG 2021-09-14 14:57:59.324 UTC: 	 using b52ac606a6f7097e9b4b8f05a3a67cc69f8f291b as credential login name
DEBUG 2021-09-14 14:57:59.634 UTC: 	 Executing : 
 command : myproxy-info -l b52ac606a6f7097e9b4b8f05a3a67cc69f8f291b -s myproxy.cern.ch
 output : username: b52ac606a6f7097e9b4b8f05a3a67cc69f8f291b
owner: /DC=ch/DC=cern/OU=Organic Units/OU=Users/CN=yian/CN=826694/CN=Ying An
  renewal policy: /DC=ch/DC=cern/OU=computers/CN=crab-(preprod|prod|dev)-tw(02|01).cern.ch|/DC=ch/DC=cern/OU=computers/CN=(ddi|ddidk|mytw).cern.ch|/DC=ch/DC=cern/OU=computers/CN=stefanov(m|m2).cern.ch
  trusted retrieval policy: /DC=ch/DC=cern/OU=computers/CN=crab-(preprod|prod|dev)-tw(02|01).cern.ch|/DC=ch/DC=cern/OU=computers/CN=(ddi|ddidk|mytw).cern.ch|/DC=ch/DC=cern/OU=computers/CN=stefanov(m|m2).cern.ch
  timeleft: 668:03:42  (27.8 days)

 error: 
 retcode : 0
DEBUG 2021-09-14 14:57:59.635 UTC: 	 Myproxy is valid: 2405022
DEBUG 2021-09-14 14:57:59.635 UTC: 	 Retrieving username ...
DEBUG 2021-09-14 14:57:59.635 UTC: 	 Retrieving username from CRIC...
DEBUG 2021-09-14 14:58:00.787 UTC: 	 username is yian
DEBUG 2021-09-14 14:58:00.794 UTC: 	 Getting myproxy life time left for myproxy.cern.ch
DEBUG 2021-09-14 14:58:00.795 UTC: 	 using yian_CRAB as credential login name
DEBUG 2021-09-14 14:58:01.099 UTC: 	 Executing : 
 command : myproxy-info -l yian_CRAB -s myproxy.cern.ch
 output : username: yian_CRAB
owner: /DC=ch/DC=cern/OU=Organic Units/OU=Users/CN=yian/CN=826694/CN=Ying An
  renewal policy: /DC=ch/DC=cern/OU=computers/CN=crab-(preprod|prod|dev)-tw(02|01).cern.ch|/DC=ch/DC=cern/OU=computers/CN=(ddi|ddidk|mytw).cern.ch|/DC=ch/DC=cern/OU=computers/CN=stefanov(m|m2).cern.ch
  trusted retrieval policy: /DC=ch/DC=cern/OU=computers/CN=crab-(preprod|prod|dev)-tw(02|01).cern.ch|/DC=ch/DC=cern/OU=computers/CN=(ddi|ddidk|mytw).cern.ch|/DC=ch/DC=cern/OU=computers/CN=stefanov(m|m2).cern.ch
  timeleft: 668:03:53  (27.8 days)

 error: 
 retcode : 0
DEBUG 2021-09-14 14:58:01.099 UTC: 	 Myproxy is valid: 2405033
DEBUG 2021-09-14 14:58:01.100 UTC: 	 Result of myproxy credential check:
  Credential exists on myproxy: username: b52ac606a6f7097e9b4b8f05a3a67cc69f8f291b  - validity: 27 days, 20:03:42
  Credential exists on myproxy: username: yian_CRAB  - validity: 27 days, 20:03:53
DEBUG 2021-09-14 14:58:01.101 UTC: 	 Command use: status
DEBUG 2021-09-14 14:58:01.101 UTC: 	 Options use: ['-d', 'crab2018/crab_ZGToLLG_01J_5f_TuneCP5_13TeV-amcatnloFXFX-pythia8_2018']
DEBUG 2021-09-14 14:58:01.163 UTC: 	 CRABClient version: v3.210825
DEBUG 2021-09-14 14:58:01.163 UTC: 	 Instance is prod
DEBUG 2021-09-14 14:58:01.163 UTC: 	 Server base url is cmsweb.cern.ch
DEBUG 2021-09-14 14:58:01.163 UTC: 	 Command api workflow
DEBUG 2021-09-14 14:58:01.229 UTC: 	 Got information from server oracle database: {u'result': [u'210914_145740:yian_crab_ZGToLLG_01J_5f_TuneCP5_13TeV-amcatnloFXFX-pythia8_2018', u'None', u'None', u'NEW', u'SUBMIT', u'2021-09-14 14:57:40.825216', u'None', u'None', u'None', u'CMSSW_10_6_20', u'slc7_amd64_gcc820', u'/ZGToLLG_01J_5f_TuneCP5_13TeV-amcatnloFXFX-pythia8/RunIISummer20UL18NanoAODv9-106X_upgrade2018_realistic_v16_L1v1-v1/NANOAODSIM', u'T', u'0', u"[u'T2_US_UCSD', u'T2_US_Wisconsin', u'T2_US_MIT', u'T2_US_Caltech', u'T2_US_Purdue', u'T2_US_Nebraska']", u'[]', u'FileBased', u"{'splitOnRun': False, 'halt_job_on_file_boundaries': False, 'files_per_job': 1, 'runs': [], 'lumis': []}", u'fdc83b2f21d57261f5cf7acac4a7690fc02d3211127c48eff5fc0f767be70918.tar.gz', u'https://cmsweb.cern.ch/S3/crabcache_prod', u'yian', u'/DC=ch/DC=cern/OU=Organic Units/OU=Users/CN=yian/CN=826694/CN=Ying An', u'cms', u'None', u'None', u'ZGToLLG_01J_5f_TuneCP5_13TeV-amcatnloFXFX-pythia8_2018-00000000000000000000000000000000', u'F', u'T3_CH_CERNBOX', u'https://cmsweb.cern.ch/dbs/prod/global/DBSReader', u'https://cmsweb.cern.ch/dbs/prod/phys03/DBSWriter', u'F', u'[]', u'[]', u"[b'tree.root']", u'Analysis', u'pythia', u'None', u'{}', u'[]', u'F', u'None', u'[]', u'1250', u'1', u'2000', u'10', u'None', u'[]', u'None', u'WWG_crab_script.sh', u"[b'isdata=MC', b'year=2018', b'era=A']", u'[]', u'https://cmsweb.cern.ch/crabserver/prod', u'cmsgwms-collector-global.cern.ch:9620,cmsgwms-collector-global.fnal.gov:9620', u'None', u'F', u'[]', u'T', u'/store/user/yian/', u'T', u'None', u'F', u'None', u'ZGToLLG_01J_5f_TuneCP5_13TeV-amcatnloFXFX-pythia8', u'None', u'e1d1c8509a9ef81e284fa44b45ea503c9ccf1442d8a5a258c4a640f855546ded.tar.gz', u'None', u'filetransfers', u'F', u'188.184.98.213', u'0.0', u'None'], u'desc': {u'columns': [u'tm_taskname', u'tm_activity', u'panda_jobset_id', u'tm_task_status', u'tm_task_command', u'tm_start_time', u'tm_start_injection', u'tm_end_injection', u'tm_task_failure', u'tm_job_sw', u'tm_job_arch', u'tm_input_dataset', u'tm_nonvalid_input_dataset', u'tm_use_parent', u'tm_site_whitelist', u'tm_site_blacklist', u'tm_split_algo', u'tm_split_args', u'tm_user_sandbox', u'tm_cache_url', u'tm_username', u'tm_user_dn', u'tm_user_vo', u'tm_user_role', u'tm_user_group', u'tm_publish_name', u'tm_publish_groupname', u'tm_asyncdest', u'tm_dbs_url', u'tm_publish_dbs_url', u'tm_publication', u'tm_outfiles', u'tm_tfile_outfiles', u'tm_edm_outfiles', u'tm_job_type', u'tm_generator', u'tm_events_per_lumi', u'tm_arguments', u'panda_resubmitted_jobs', u'tm_save_logs', u'tw_name', u'tm_user_infiles', u'tm_maxjobruntime', u'tm_numcores', u'tm_maxmemory', u'tm_priority', u'tm_output_dataset', u'tm_task_warnings', u'tm_user_webdir', u'tm_scriptexe', u'tm_scriptargs', u'tm_extrajdl', u'tm_asourl', u'tm_collector', u'tm_schedd', u'tm_dry_run', u'tm_user_files', u'tm_transfer_outputs', u'tm_output_lfn', u'tm_ignore_locality', u'tm_fail_limit', u'tm_one_event_mode', u'tm_secondary_input_dataset', u'tm_primary_dataset', u'tm_last_publication', u'tm_debug_files', u'clusterid', u'tm_asodb', u'tm_ignore_global_blacklist', u'tm_submitter_ip_addr', u'tm_totalunits', u'tm_ddm_reqid']}}
INFO 2021-09-14 14:58:01.229 UTC: 	 CRAB project directory:		/afs/cern.ch/work/y/yian/work/GZ/CMSSW_10_6_20/src/PhysicsTools/NanoAODTools/WWG/2018/crab/crab2018/crab_ZGToLLG_01J_5f_TuneCP5_13TeV-amcatnloFXFX-pythia8_2018
INFO 2021-09-14 14:58:01.229 UTC: 	 Task name:			210914_145740:yian_crab_ZGToLLG_01J_5f_TuneCP5_13TeV-amcatnloFXFX-pythia8_2018
INFO 2021-09-14 14:58:01.229 UTC: 	 Grid scheduler - Task Worker:	N/A yet - N/A yet
INFO 2021-09-14 14:58:01.229 UTC: 	 Status on the CRAB server:	NEW on command SUBMIT
INFO 2021-09-14 14:58:01.230 UTC: 	 Task URL to use for HELP:	https://cmsweb.cern.ch/crabserver/ui/task/210914_145740%3Ayian_crab_ZGToLLG_01J_5f_TuneCP5_13TeV-amcatnloFXFX-pythia8_2018
INFO 2021-09-14 14:58:01.244 UTC: 	 Dashboard monitoring URL:	https://monit-grafana.cern.ch/d/cmsTMDetail/cms-task-monitoring-task-view?orgId=11&var-user=yian&var-task=210914_145740%3Ayian_crab_ZGToLLG_01J_5f_TuneCP5_13TeV-amcatnloFXFX-pythia8_2018&from=1631627860000&to=now
DEBUG 2021-09-14 14:58:01.244 UTC: 	 The task has not been submitted to the Grid scheduler yet. Not printing job information.
INFO 2021-09-14 14:58:01.246 UTC: 	 Log file is /afs/cern.ch/work/y/yian/work/GZ/CMSSW_10_6_20/src/PhysicsTools/NanoAODTools/WWG/2018/crab/crab2018/crab_ZGToLLG_01J_5f_TuneCP5_13TeV-amcatnloFXFX-pythia8_2018/crab.log
DEBUG 2021-09-14 14:58:21.722 UTC: 	 CRAB Client version: v3.210825
DEBUG 2021-09-14 14:58:21.722 UTC: 	 Running on: Linux lxplus738.cern.ch 3.10.0-1160.36.2.el7.x86_64 #1 SMP Wed Jul 21 11:57:15 UTC 2021 x86_64 x86_64 x86_64 GNU/Linux - CentOS Linux 7 (Core)
DEBUG 2021-09-14 14:58:21.722 UTC: 	 Executing command: 'status'
DEBUG 2021-09-14 14:58:21.723 UTC: 	 Found CRAB cache file /afs/cern.ch/user/y/yian/.crab3
DEBUG 2021-09-14 14:58:21.789 UTC: 	 Checking credentials
DEBUG 2021-09-14 14:58:21.790 UTC: 	 Found proxy file /tmp/x509up_u110046
DEBUG 2021-09-14 14:58:21.790 UTC: 	 Getting proxy life time left
DEBUG 2021-09-14 14:58:23.011 UTC: 	 Executing : 
 command : voms-proxy-info -file /tmp/x509up_u110046 -timeleft
 output : 603499

 error: 
 retcode : 0
DEBUG 2021-09-14 14:58:24.136 UTC: 	 Executing : 
 command : voms-proxy-info -file /tmp/x509up_u110046 -actimeleft
 output : 603497

 error: 
 retcode : 0
DEBUG 2021-09-14 14:58:24.137 UTC: 	 Proxy lifetime 603499 secs is different from voms extension lifetime 603497 secs for proxy: /tmp/x509up_u110046
DEBUG 2021-09-14 14:58:24.137 UTC: 	 Proxy valid for 167:38:17 hours
DEBUG 2021-09-14 14:58:24.256 UTC: 	 Registering user credentials for server /DC=ch/DC=cern/OU=computers/CN=crab-(preprod|prod|dev)-tw(02|01).cern.ch|/DC=ch/DC=cern/OU=computers/CN=(ddi|ddidk|mytw).cern.ch|/DC=ch/DC=cern/OU=computers/CN=stefanov(m|m2).cern.ch
DEBUG 2021-09-14 14:58:25.192 UTC: 	 Executing : 
 command : voms-proxy-info -file /tmp/x509up_u110046 -identity
 output : /DC=ch/DC=cern/OU=Organic Units/OU=Users/CN=yian/CN=826694/CN=Ying An

 error: 
 retcode : 0
DEBUG 2021-09-14 14:58:25.200 UTC: 	 Getting myproxy life time left for myproxy.cern.ch
DEBUG 2021-09-14 14:58:25.200 UTC: 	 using b52ac606a6f7097e9b4b8f05a3a67cc69f8f291b as credential login name
DEBUG 2021-09-14 14:58:25.505 UTC: 	 Executing : 
 command : myproxy-info -l b52ac606a6f7097e9b4b8f05a3a67cc69f8f291b -s myproxy.cern.ch
 output : username: b52ac606a6f7097e9b4b8f05a3a67cc69f8f291b
owner: /DC=ch/DC=cern/OU=Organic Units/OU=Users/CN=yian/CN=826694/CN=Ying An
  renewal policy: /DC=ch/DC=cern/OU=computers/CN=crab-(preprod|prod|dev)-tw(02|01).cern.ch|/DC=ch/DC=cern/OU=computers/CN=(ddi|ddidk|mytw).cern.ch|/DC=ch/DC=cern/OU=computers/CN=stefanov(m|m2).cern.ch
  trusted retrieval policy: /DC=ch/DC=cern/OU=computers/CN=crab-(preprod|prod|dev)-tw(02|01).cern.ch|/DC=ch/DC=cern/OU=computers/CN=(ddi|ddidk|mytw).cern.ch|/DC=ch/DC=cern/OU=computers/CN=stefanov(m|m2).cern.ch
  timeleft: 668:03:16  (27.8 days)

 error: 
 retcode : 0
DEBUG 2021-09-14 14:58:25.506 UTC: 	 Myproxy is valid: 2404996
DEBUG 2021-09-14 14:58:25.506 UTC: 	 Retrieving username ...
DEBUG 2021-09-14 14:58:25.506 UTC: 	 Retrieving username from CRIC...
DEBUG 2021-09-14 14:58:26.426 UTC: 	 username is yian
DEBUG 2021-09-14 14:58:26.433 UTC: 	 Getting myproxy life time left for myproxy.cern.ch
DEBUG 2021-09-14 14:58:26.434 UTC: 	 using yian_CRAB as credential login name
DEBUG 2021-09-14 14:58:26.740 UTC: 	 Executing : 
 command : myproxy-info -l yian_CRAB -s myproxy.cern.ch
 output : username: yian_CRAB
owner: /DC=ch/DC=cern/OU=Organic Units/OU=Users/CN=yian/CN=826694/CN=Ying An
  renewal policy: /DC=ch/DC=cern/OU=computers/CN=crab-(preprod|prod|dev)-tw(02|01).cern.ch|/DC=ch/DC=cern/OU=computers/CN=(ddi|ddidk|mytw).cern.ch|/DC=ch/DC=cern/OU=computers/CN=stefanov(m|m2).cern.ch
  trusted retrieval policy: /DC=ch/DC=cern/OU=computers/CN=crab-(preprod|prod|dev)-tw(02|01).cern.ch|/DC=ch/DC=cern/OU=computers/CN=(ddi|ddidk|mytw).cern.ch|/DC=ch/DC=cern/OU=computers/CN=stefanov(m|m2).cern.ch
  timeleft: 668:03:28  (27.8 days)

 error: 
 retcode : 0
DEBUG 2021-09-14 14:58:26.741 UTC: 	 Myproxy is valid: 2405008
DEBUG 2021-09-14 14:58:26.741 UTC: 	 Result of myproxy credential check:
  Credential exists on myproxy: username: b52ac606a6f7097e9b4b8f05a3a67cc69f8f291b  - validity: 27 days, 20:03:16
  Credential exists on myproxy: username: yian_CRAB  - validity: 27 days, 20:03:28
DEBUG 2021-09-14 14:58:26.743 UTC: 	 Command use: status
DEBUG 2021-09-14 14:58:26.743 UTC: 	 Options use: ['-d', 'crab2018/crab_ZGToLLG_01J_5f_TuneCP5_13TeV-amcatnloFXFX-pythia8_2018']
DEBUG 2021-09-14 14:58:26.835 UTC: 	 CRABClient version: v3.210825
DEBUG 2021-09-14 14:58:26.835 UTC: 	 Instance is prod
DEBUG 2021-09-14 14:58:26.835 UTC: 	 Server base url is cmsweb.cern.ch
DEBUG 2021-09-14 14:58:26.835 UTC: 	 Command api workflow
DEBUG 2021-09-14 14:58:26.934 UTC: 	 Got information from server oracle database: {u'result': [u'210914_145740:yian_crab_ZGToLLG_01J_5f_TuneCP5_13TeV-amcatnloFXFX-pythia8_2018', u'None', u'None', u'HOLDING', u'SUBMIT', u'2021-09-14 14:57:40.825216', u'None', u'None', u'None', u'CMSSW_10_6_20', u'slc7_amd64_gcc820', u'/ZGToLLG_01J_5f_TuneCP5_13TeV-amcatnloFXFX-pythia8/RunIISummer20UL18NanoAODv9-106X_upgrade2018_realistic_v16_L1v1-v1/NANOAODSIM', u'T', u'0', u"[u'T2_US_UCSD', u'T2_US_Wisconsin', u'T2_US_MIT', u'T2_US_Caltech', u'T2_US_Purdue', u'T2_US_Nebraska']", u'[]', u'FileBased', u"{'splitOnRun': False, 'halt_job_on_file_boundaries': False, 'files_per_job': 1, 'runs': [], 'lumis': []}", u'fdc83b2f21d57261f5cf7acac4a7690fc02d3211127c48eff5fc0f767be70918.tar.gz', u'https://cmsweb.cern.ch/S3/crabcache_prod', u'yian', u'/DC=ch/DC=cern/OU=Organic Units/OU=Users/CN=yian/CN=826694/CN=Ying An', u'cms', u'None', u'None', u'ZGToLLG_01J_5f_TuneCP5_13TeV-amcatnloFXFX-pythia8_2018-00000000000000000000000000000000', u'F', u'T3_CH_CERNBOX', u'https://cmsweb.cern.ch/dbs/prod/global/DBSReader', u'https://cmsweb.cern.ch/dbs/prod/phys03/DBSWriter', u'F', u'[]', u'[]', u"[b'tree.root']", u'Analysis', u'pythia', u'None', u'{}', u'[]', u'F', u'crab-prod-tw01', u'[]', u'1250', u'1', u'2000', u'10', u'None', u'[]', u'None', u'WWG_crab_script.sh', u"[b'isdata=MC', b'year=2018', b'era=A']", u'[]', u'https://cmsweb.cern.ch/crabserver/prod', u'cmsgwms-collector-global.cern.ch:9620,cmsgwms-collector-global.fnal.gov:9620', u'None', u'F', u'[]', u'T', u'/store/user/yian/', u'T', u'None', u'F', u'None', u'ZGToLLG_01J_5f_TuneCP5_13TeV-amcatnloFXFX-pythia8', u'None', u'e1d1c8509a9ef81e284fa44b45ea503c9ccf1442d8a5a258c4a640f855546ded.tar.gz', u'None', u'filetransfers', u'F', u'188.184.98.213', u'0.0', u'None'], u'desc': {u'columns': [u'tm_taskname', u'tm_activity', u'panda_jobset_id', u'tm_task_status', u'tm_task_command', u'tm_start_time', u'tm_start_injection', u'tm_end_injection', u'tm_task_failure', u'tm_job_sw', u'tm_job_arch', u'tm_input_dataset', u'tm_nonvalid_input_dataset', u'tm_use_parent', u'tm_site_whitelist', u'tm_site_blacklist', u'tm_split_algo', u'tm_split_args', u'tm_user_sandbox', u'tm_cache_url', u'tm_username', u'tm_user_dn', u'tm_user_vo', u'tm_user_role', u'tm_user_group', u'tm_publish_name', u'tm_publish_groupname', u'tm_asyncdest', u'tm_dbs_url', u'tm_publish_dbs_url', u'tm_publication', u'tm_outfiles', u'tm_tfile_outfiles', u'tm_edm_outfiles', u'tm_job_type', u'tm_generator', u'tm_events_per_lumi', u'tm_arguments', u'panda_resubmitted_jobs', u'tm_save_logs', u'tw_name', u'tm_user_infiles', u'tm_maxjobruntime', u'tm_numcores', u'tm_maxmemory', u'tm_priority', u'tm_output_dataset', u'tm_task_warnings', u'tm_user_webdir', u'tm_scriptexe', u'tm_scriptargs', u'tm_extrajdl', u'tm_asourl', u'tm_collector', u'tm_schedd', u'tm_dry_run', u'tm_user_files', u'tm_transfer_outputs', u'tm_output_lfn', u'tm_ignore_locality', u'tm_fail_limit', u'tm_one_event_mode', u'tm_secondary_input_dataset', u'tm_primary_dataset', u'tm_last_publication', u'tm_debug_files', u'clusterid', u'tm_asodb', u'tm_ignore_global_blacklist', u'tm_submitter_ip_addr', u'tm_totalunits', u'tm_ddm_reqid']}}
INFO 2021-09-14 14:58:26.934 UTC: 	 CRAB project directory:		/afs/cern.ch/work/y/yian/work/GZ/CMSSW_10_6_20/src/PhysicsTools/NanoAODTools/WWG/2018/crab/crab2018/crab_ZGToLLG_01J_5f_TuneCP5_13TeV-amcatnloFXFX-pythia8_2018
INFO 2021-09-14 14:58:26.935 UTC: 	 Task name:			210914_145740:yian_crab_ZGToLLG_01J_5f_TuneCP5_13TeV-amcatnloFXFX-pythia8_2018
INFO 2021-09-14 14:58:26.935 UTC: 	 Grid scheduler - Task Worker:	N/A yet - crab-prod-tw01
INFO 2021-09-14 14:58:26.935 UTC: 	 Status on the CRAB server:	HOLDING on command SUBMIT
INFO 2021-09-14 14:58:26.935 UTC: 	 Task URL to use for HELP:	https://cmsweb.cern.ch/crabserver/ui/task/210914_145740%3Ayian_crab_ZGToLLG_01J_5f_TuneCP5_13TeV-amcatnloFXFX-pythia8_2018
INFO 2021-09-14 14:58:26.939 UTC: 	 Dashboard monitoring URL:	https://monit-grafana.cern.ch/d/cmsTMDetail/cms-task-monitoring-task-view?orgId=11&var-user=yian&var-task=210914_145740%3Ayian_crab_ZGToLLG_01J_5f_TuneCP5_13TeV-amcatnloFXFX-pythia8_2018&from=1631627860000&to=now
DEBUG 2021-09-14 14:58:26.939 UTC: 	 The task has not been submitted to the Grid scheduler yet. Not printing job information.
INFO 2021-09-14 14:58:26.941 UTC: 	 Log file is /afs/cern.ch/work/y/yian/work/GZ/CMSSW_10_6_20/src/PhysicsTools/NanoAODTools/WWG/2018/crab/crab2018/crab_ZGToLLG_01J_5f_TuneCP5_13TeV-amcatnloFXFX-pythia8_2018/crab.log
