DEBUG 2021-11-17 17:03:58.704 UTC: 	 CRAB Client version: v3.210825
DEBUG 2021-11-17 17:03:58.704 UTC: 	 Running on: Linux lxplus722.cern.ch 3.10.0-1160.45.1.el7.x86_64 #1 SMP Wed Oct 13 17:20:51 UTC 2021 x86_64 x86_64 x86_64 GNU/Linux - CentOS Linux 7 (Core)
DEBUG 2021-11-17 17:03:58.704 UTC: 	 Executing command: 'submit'
DEBUG 2021-11-17 17:03:58.707 UTC: 	 Found CRAB cache file /afs/cern.ch/user/y/yian/.crab3
INFO 2021-11-17 17:03:58.713 UTC: 	 Will use CRAB configuration file crabcode_2016/ZGToLLG_01J_5f_TuneCP5_13TeV-amcatnloFXFX-pythia8_2016_cfg.py
DEBUG 2021-11-17 17:03:58.713 UTC: 	 Loading CRAB configuration file.
DEBUG 2021-11-17 17:03:58.720 UTC: 	 Will use CRAB Analysis plugin (i.e. will run an analysis job type).
DEBUG 2021-11-17 17:03:58.841 UTC: 	 Checking credentials
DEBUG 2021-11-17 17:03:58.842 UTC: 	 Found proxy file /tmp/x509up_u110046
DEBUG 2021-11-17 17:03:58.842 UTC: 	 Getting proxy life time left
DEBUG 2021-11-17 17:03:59.547 UTC: 	 Executing : 
 command : voms-proxy-info -file /tmp/x509up_u110046 -timeleft
 output : 594913

 error: 
 retcode : 0
DEBUG 2021-11-17 17:04:00.153 UTC: 	 Executing : 
 command : voms-proxy-info -file /tmp/x509up_u110046 -actimeleft
 output : 594912

 error: 
 retcode : 0
DEBUG 2021-11-17 17:04:00.154 UTC: 	 Proxy lifetime 594913 secs is different from voms extension lifetime 594912 secs for proxy: /tmp/x509up_u110046
DEBUG 2021-11-17 17:04:00.154 UTC: 	 Proxy valid for 165:15:12 hours
DEBUG 2021-11-17 17:04:00.759 UTC: 	 Executing : 
 command : env X509_USER_PROXY=/tmp/x509up_u110046 voms-proxy-info -fqan
 output : /cms/Role=NULL/Capability=NULL

 error: 
 retcode : 0
DEBUG 2021-11-17 17:04:00.824 UTC: 	 Registering user credentials for server /DC=ch/DC=cern/OU=computers/CN=crab-(preprod|prod|dev)-tw(02|01).cern.ch|/DC=ch/DC=cern/OU=computers/CN=stefanov(m|m2).cern.ch|/DC=ch/DC=cern/OU=computers/CN=dciangot-tw.cern.ch
DEBUG 2021-11-17 17:04:01.539 UTC: 	 Executing : 
 command : voms-proxy-info -file /tmp/x509up_u110046 -identity
 output : /DC=ch/DC=cern/OU=Organic Units/OU=Users/CN=yian/CN=826694/CN=Ying An

 error: 
 retcode : 0
DEBUG 2021-11-17 17:04:01.548 UTC: 	 Getting myproxy life time left for myproxy.cern.ch
DEBUG 2021-11-17 17:04:01.548 UTC: 	 using b52ac606a6f7097e9b4b8f05a3a67cc69f8f291b as credential login name
DEBUG 2021-11-17 17:04:01.953 UTC: 	 Executing : 
 command : myproxy-info -l b52ac606a6f7097e9b4b8f05a3a67cc69f8f291b -s myproxy.cern.ch
 output : username: b52ac606a6f7097e9b4b8f05a3a67cc69f8f291b
owner: /DC=ch/DC=cern/OU=Organic Units/OU=Users/CN=yian/CN=826694/CN=Ying An
  renewal policy: /DC=ch/DC=cern/OU=computers/CN=crab-(preprod|prod|dev)-tw(02|01).cern.ch|/DC=ch/DC=cern/OU=computers/CN=stefanov(m|m2).cern.ch|/DC=ch/DC=cern/OU=computers/CN=dciangot-tw.cern.ch
  trusted retrieval policy: /DC=ch/DC=cern/OU=computers/CN=crab-(preprod|prod|dev)-tw(02|01).cern.ch|/DC=ch/DC=cern/OU=computers/CN=stefanov(m|m2).cern.ch|/DC=ch/DC=cern/OU=computers/CN=dciangot-tw.cern.ch
  timeleft: 495:46:29  (20.7 days)

 error: 
 retcode : 0
DEBUG 2021-11-17 17:04:01.954 UTC: 	 Myproxy is valid: 1784789
DEBUG 2021-11-17 17:04:01.954 UTC: 	 Retrieving username ...
DEBUG 2021-11-17 17:04:01.954 UTC: 	 Retrieving username from CRIC...
DEBUG 2021-11-17 17:04:17.455 UTC: 	 username is yian
DEBUG 2021-11-17 17:04:17.464 UTC: 	 Getting myproxy life time left for myproxy.cern.ch
DEBUG 2021-11-17 17:04:17.464 UTC: 	 using yian_CRAB as credential login name
DEBUG 2021-11-17 17:04:17.869 UTC: 	 Executing : 
 command : myproxy-info -l yian_CRAB -s myproxy.cern.ch
 output : username: yian_CRAB
owner: /DC=ch/DC=cern/OU=Organic Units/OU=Users/CN=yian/CN=826694/CN=Ying An
  renewal policy: /DC=ch/DC=cern/OU=computers/CN=crab-(preprod|prod|dev)-tw(02|01).cern.ch|/DC=ch/DC=cern/OU=computers/CN=stefanov(m|m2).cern.ch|/DC=ch/DC=cern/OU=computers/CN=dciangot-tw.cern.ch
  trusted retrieval policy: /DC=ch/DC=cern/OU=computers/CN=crab-(preprod|prod|dev)-tw(02|01).cern.ch|/DC=ch/DC=cern/OU=computers/CN=stefanov(m|m2).cern.ch|/DC=ch/DC=cern/OU=computers/CN=dciangot-tw.cern.ch
  timeleft: 495:46:19  (20.7 days)

 error: 
 retcode : 0
DEBUG 2021-11-17 17:04:17.870 UTC: 	 Myproxy is valid: 1784779
DEBUG 2021-11-17 17:04:17.870 UTC: 	 Result of myproxy credential check:
  Credential exists on myproxy: username: b52ac606a6f7097e9b4b8f05a3a67cc69f8f291b  - validity: 20 days, 15:46:29
  Credential exists on myproxy: username: yian_CRAB  - validity: 20 days, 15:46:19
DEBUG 2021-11-17 17:04:17.870 UTC: 	 Command use: submit
DEBUG 2021-11-17 17:04:17.870 UTC: 	 Options use: ['-c', 'crabcode_2016/ZGToLLG_01J_5f_TuneCP5_13TeV-amcatnloFXFX-pythia8_2016_cfg.py']
DEBUG 2021-11-17 17:04:17.988 UTC: 	 CRABClient version: v3.210825
DEBUG 2021-11-17 17:04:17.988 UTC: 	 Instance is prod
DEBUG 2021-11-17 17:04:17.988 UTC: 	 Server base url is cmsweb.cern.ch
DEBUG 2021-11-17 17:04:17.988 UTC: 	 Command api workflow
DEBUG 2021-11-17 17:04:17.988 UTC: 	 Started submission
DEBUG 2021-11-17 17:04:17.988 UTC: 	 Working on /afs/cern.ch/work/y/yian/work/GZ/CMSSW_10_6_20/src/PhysicsTools/NanoAODTools/WWG/2016post/crab/crab2016/crab_ZGToLLG_01J_5f_TuneCP5_13TeV-amcatnloFXFX-pythia8_2016
DEBUG 2021-11-17 17:04:18.128 UTC: 	 Loading required information from the environment
DEBUG 2021-11-17 17:04:18.128 UTC: 	 Found CMSSW_10_6_20 for slc7_amd64_gcc820 with base /afs/cern.ch/work/y/yian/work/GZ/CMSSW_10_6_20
DEBUG 2021-11-17 17:04:18.128 UTC: 	 Loading required information from the environment
DEBUG 2021-11-17 17:04:18.129 UTC: 	 Found CMSSW_10_6_20 for slc7_amd64_gcc820 with base /afs/cern.ch/work/y/yian/work/GZ/CMSSW_10_6_20
DEBUG 2021-11-17 17:04:18.129 UTC: 	 UNIQUE NAME: tarUUID e486759d-25aa-419b-8cba-aaf7f5d40ebd 
DEBUG 2021-11-17 17:04:18.129 UTC: 	 self.config: from WMCore.Configuration import Configuration
config = Configuration()
config.section_('General')
config.General.workArea = 'crab2016'
config.General.transferLogs = False
config.General.requestName = 'ZGToLLG_01J_5f_TuneCP5_13TeV-amcatnloFXFX-pythia8_2016'
config.section_('JobType')
config.JobType.scriptArgs = ['isdata=MC', 'year=2016', 'era=B']
config.JobType.scriptExe = './WWG_crab_script.sh'
config.JobType.pluginName = 'Analysis'
config.JobType.sendPythonFolder = True
config.JobType.allowUndistributedCMSSW = True
config.JobType.psetName = 'PSet.py'
config.JobType.inputFiles = ['../../../scripts/haddnano.py', '../WWG_selector/WWG_postproc.py', '../WWG_selector/WWG_Module.py', '../WWG_selector/WWG_keep_and_drop.txt', '../WWG_selector/WWG_output_branch.txt', '../WWG_selector/DAS_filesearch.py']
config.section_('Data')
config.Data.inputDataset = '/ZGToLLG_01J_5f_TuneCP5_13TeV-amcatnloFXFX-pythia8/RunIISummer20UL16NanoAODv9-106X_mcRun2_asymptotic_v17-v1/NANOAODSIM'
config.Data.allowNonValidInputDataset = True
config.Data.publication = False
config.Data.unitsPerJob = 1
config.Data.ignoreLocality = True
config.Data.inputDBS = 'global'
config.Data.splitting = 'FileBased'
config.Data.outputDatasetTag = 'ZGToLLG_01J_5f_TuneCP5_13TeV-amcatnloFXFX-pythia8_2016'
config.section_('Site')
config.Site.whitelist = ['T2_US_MIT', 'T2_US_Wisconsin', 'T2_US_Purdue', 'T2_US_UCSD', 'T2_US_Caltech', 'T2_US_Nebraska']
config.Site.storageSite = 'T3_CH_CERNBOX'

DEBUG 2021-11-17 17:04:18.129 UTC: 	 self.config.JobType.psetName: PSet.py
INFO 2021-11-17 17:04:18.129 UTC: 	 Importing CMSSW configuration PSet.py
INFO 2021-11-17 17:04:18.577 UTC: 	 Finished importing CMSSW configuration PSet.py
DEBUG 2021-11-17 17:04:18.577 UTC: 	 Writing CMSSW configuration to /afs/cern.ch/work/y/yian/work/GZ/CMSSW_10_6_20/src/PhysicsTools/NanoAODTools/WWG/2016post/crab/crab2016/crab_ZGToLLG_01J_5f_TuneCP5_13TeV-amcatnloFXFX-pythia8_2016/inputs/PSet.py
DEBUG 2021-11-17 17:04:18.587 UTC: 	 The following EDM output files will be collected: ['tree.root']
DEBUG 2021-11-17 17:04:18.587 UTC: 	 The following TFile output files will be collected: []
DEBUG 2021-11-17 17:04:18.587 UTC: 	 The following user output files (not listed as PoolOuputModule or TFileService in the CMSSW PSet) will be collected: 
DEBUG 2021-11-17 17:04:18.587 UTC: 	 Loading required information from the environment
DEBUG 2021-11-17 17:04:18.587 UTC: 	 Found CMSSW_10_6_20 for slc7_amd64_gcc820 with base /afs/cern.ch/work/y/yian/work/GZ/CMSSW_10_6_20
DEBUG 2021-11-17 17:04:18.587 UTC: 	 Making tarball in /afs/cern.ch/work/y/yian/work/GZ/CMSSW_10_6_20/src/PhysicsTools/NanoAODTools/WWG/2016post/crab/crab2016/crab_ZGToLLG_01J_5f_TuneCP5_13TeV-amcatnloFXFX-pythia8_2016/inputs/e486759d-25aa-419b-8cba-aaf7f5d40ebddefault.tgz
DEBUG 2021-11-17 17:04:18.588 UTC: 	 Checking directory /afs/cern.ch/work/y/yian/work/GZ/CMSSW_10_6_20/lib
DEBUG 2021-11-17 17:04:18.589 UTC: 	 Adding directory /afs/cern.ch/work/y/yian/work/GZ/CMSSW_10_6_20/lib to tarball
DEBUG 2021-11-17 17:04:18.706 UTC: 	 Checking directory /afs/cern.ch/work/y/yian/work/GZ/CMSSW_10_6_20/biglib
DEBUG 2021-11-17 17:04:18.706 UTC: 	 Adding directory /afs/cern.ch/work/y/yian/work/GZ/CMSSW_10_6_20/biglib to tarball
DEBUG 2021-11-17 17:04:18.709 UTC: 	 Checking directory /afs/cern.ch/work/y/yian/work/GZ/CMSSW_10_6_20/module
DEBUG 2021-11-17 17:04:18.710 UTC: 	 Checking directory /afs/cern.ch/work/y/yian/work/GZ/CMSSW_10_6_20/python
DEBUG 2021-11-17 17:04:18.710 UTC: 	 Adding directory /afs/cern.ch/work/y/yian/work/GZ/CMSSW_10_6_20/python to tarball
DEBUG 2021-11-17 17:04:21.298 UTC: 	 Checking directory /afs/cern.ch/work/y/yian/work/GZ/CMSSW_10_6_20/cfipython
DEBUG 2021-11-17 17:04:21.298 UTC: 	 Adding directory /afs/cern.ch/work/y/yian/work/GZ/CMSSW_10_6_20/cfipython to tarball
DEBUG 2021-11-17 17:04:22.023 UTC: 	 Adding data directory /afs/cern.ch/work/y/yian/work/GZ/CMSSW_10_6_20/src/PhysicsTools/NanoAODTools/data to tarball
DEBUG 2021-11-17 17:04:42.915 UTC: 	 Adding data directory /afs/cern.ch/work/y/yian/work/GZ/CMSSW_10_6_20/src/PhysicsTools/NanoAODTools/interface to tarball
DEBUG 2021-11-17 17:04:42.919 UTC: 	 Adding data directory /afs/cern.ch/work/y/yian/work/GZ/CMSSW_10_6_20/src/PhysicsTools/NanoAODTools/python/postprocessing/data to tarball
DEBUG 2021-11-17 17:04:45.341 UTC: 	 Adding file ../../../scripts/haddnano.py to tarball
DEBUG 2021-11-17 17:04:45.342 UTC: 	 Adding file ../WWG_selector/WWG_postproc.py to tarball
DEBUG 2021-11-17 17:04:45.342 UTC: 	 Adding file ../WWG_selector/WWG_Module.py to tarball
DEBUG 2021-11-17 17:04:45.343 UTC: 	 Adding file ../WWG_selector/WWG_keep_and_drop.txt to tarball
DEBUG 2021-11-17 17:04:45.343 UTC: 	 Adding file ../WWG_selector/WWG_output_branch.txt to tarball
DEBUG 2021-11-17 17:04:45.344 UTC: 	 Adding file ../WWG_selector/DAS_filesearch.py to tarball
DEBUG 2021-11-17 17:04:50.327 UTC: 	 Uploading archive /afs/cern.ch/work/y/yian/work/GZ/CMSSW_10_6_20/src/PhysicsTools/NanoAODTools/WWG/2016post/crab/crab2016/crab_ZGToLLG_01J_5f_TuneCP5_13TeV-amcatnloFXFX-pythia8_2016/inputs/e486759d-25aa-419b-8cba-aaf7f5d40ebddefault.tgz (94 MB) to the CRAB cache. Using URI https://cmsweb.cern.ch/S3/crabcache_prod
DEBUG 2021-11-17 17:05:14.678 UTC: 	 sandbox bd736a0ca49dfa0dfab96903bb1581d6622ba6889f2fdcbb1b931bf047ceb81a.tar.gz is already in the S3 store, will not upload again
DEBUG 2021-11-17 17:05:14.678 UTC: 	 Loading required information from the environment
DEBUG 2021-11-17 17:05:14.678 UTC: 	 Found CMSSW_10_6_20 for slc7_amd64_gcc820 with base /afs/cern.ch/work/y/yian/work/GZ/CMSSW_10_6_20
DEBUG 2021-11-17 17:05:14.678 UTC: 	 Making tarball in /afs/cern.ch/work/y/yian/work/GZ/CMSSW_10_6_20/src/PhysicsTools/NanoAODTools/WWG/2016post/crab/crab2016/crab_ZGToLLG_01J_5f_TuneCP5_13TeV-amcatnloFXFX-pythia8_2016/inputs/debugFiles.tgz
DEBUG 2021-11-17 17:05:14.689 UTC: 	 Uploading archive /afs/cern.ch/work/y/yian/work/GZ/CMSSW_10_6_20/src/PhysicsTools/NanoAODTools/WWG/2016post/crab/crab2016/crab_ZGToLLG_01J_5f_TuneCP5_13TeV-amcatnloFXFX-pythia8_2016/inputs/debugFiles.tgz (1 KB) to the CRAB cache. Using URI https://cmsweb.cern.ch/S3/crabcache_prod
DEBUG 2021-11-17 17:05:14.775 UTC: 	 Will execute:
curl -f -v -X POST  -H "User-Agent: CRAB" -F "key=yian/sandboxes/e18c190577d15263e0ac68ef082521d75e3e618ab1eb780a5f9066d841ecc9bb.tar.gz" -F "AWSAccessKeyId=ab00fcc889f248c495d2875f15a3badb" -F "policy=eyJjb25kaXRpb25zIjogW3siYnVja2V0IjogImNyYWJjYWNoZV9wcm9kIn0sIHsia2V5IjogInlpYW4vc2FuZGJveGVzL2UxOGMxOTA1NzdkMTUyNjNlMGFjNjhlZjA4MjUyMWQ3NWUzZTYxOGFiMWViNzgwYTVmOTA2NmQ4NDFlY2M5YmIudGFyLmd6In1dLCAiZXhwaXJhdGlvbiI6ICIyMDIxLTExLTE3VDE4OjA1OjE0WiJ9" -F "signature=qdkEzBf8uAQO+BSJkPq3C93c2Ik=" -F "file=@/afs/cern.ch/work/y/yian/work/GZ/CMSSW_10_6_20/src/PhysicsTools/NanoAODTools/WWG/2016post/crab/crab2016/crab_ZGToLLG_01J_5f_TuneCP5_13TeV-amcatnloFXFX-pythia8_2016/inputs/debugFiles.tgz" "https://s3.cern.ch/crabcache_prod"
DEBUG 2021-11-17 17:05:15.871 UTC: 	 exitcode: 0
stdout: 
stderr: Note: Unnecessary use of -X or --request, POST is already inferred.
  % Total    % Received % Xferd  Average Speed   Time    Time     Time  Current
                                 Dload  Upload   Total   Spent    Left  Speed
  0     0    0     0    0     0      0      0 --:--:-- --:--:-- --:--:--     0*   Trying 2001:1458:d00:18::1ee...
* TCP_NODELAY set
* Connected to s3.cern.ch (2001:1458:d00:18::1ee) port 443 (#0)
* ALPN, offering http/1.1
* Cipher selection: ALL:!EXPORT:!EXPORT40:!EXPORT56:!aNULL:!LOW:!RC4:@STRENGTH
* successfully set certificate verify locations:
  CAfile: /etc/pki/tls/certs/ca-bundle.crt
  CApath: none
* TLSv1.2 (OUT), TLS header, Certificate Status (22):
} [5 bytes data]
* TLSv1.2 (OUT), TLS handshake, Client hello (1):
} [512 bytes data]
* TLSv1.2 (IN), TLS handshake, Server hello (2):
{ [70 bytes data]
* TLSv1.2 (IN), TLS handshake, Certificate (11):
{ [4780 bytes data]
* TLSv1.2 (IN), TLS handshake, Server key exchange (12):
{ [333 bytes data]
* TLSv1.2 (IN), TLS handshake, Server finished (14):
{ [4 bytes data]
* TLSv1.2 (OUT), TLS handshake, Client key exchange (16):
} [70 bytes data]
* TLSv1.2 (OUT), TLS change cipher, Client hello (1):
} [1 bytes data]
* TLSv1.2 (OUT), TLS handshake, Finished (20):
} [16 bytes data]
* TLSv1.2 (IN), TLS change cipher, Client hello (1):
{ [1 bytes data]
* TLSv1.2 (IN), TLS handshake, Finished (20):
{ [16 bytes data]
* SSL connection using TLSv1.2 / ECDHE-RSA-AES128-GCM-SHA256
* ALPN, server accepted to use http/1.1
* Server certificate:
*  subject: C=CH; ST=Genève; L=Meyrin; O=Organisation européenne pour la Recherche nucléaire (CERN); CN=*.s3.cern.ch
*  start date: Mar 10 00:00:00 2021 GMT
*  expire date: Mar 10 23:59:59 2022 GMT
*  subjectAltName: host "s3.cern.ch" matched cert's "s3.cern.ch"
*  issuer: C=GB; ST=Greater Manchester; L=Salford; O=Sectigo Limited; CN=Sectigo RSA Organization Validation Secure Server CA
*  SSL certificate verify ok.
} [5 bytes data]
> POST /crabcache_prod HTTP/1.1
> Host: s3.cern.ch
> Accept: */*
> User-Agent: CRAB
> Content-Length: 2788
> Content-Type: multipart/form-data; boundary=------------------------ba0c13cb1a3c8bcc
> Expect: 100-continue
> 
  0  2788    0     0    0     0      0      0 --:--:-- --:--:-- --:--:--     0* Done waiting for 100-continue
} [5 bytes data]
< HTTP/1.1 100 Continue
{ [5 bytes data]
< HTTP/1.1 204 No Content
< Accept-Ranges: bytes
< Bucket: crabcache_prod
< Date: Wed, 17 Nov 2021 17:05:15 GMT
< X-Amz-Request-Id: tx00000000000000595af2a-006195364a-1e4f6b7d-default
< 
100  2788    0     0  100  2788      0   2688  0:00:01  0:00:01 --:--:--  2688
* Connection #0 to host s3.cern.ch left intact

DEBUG 2021-11-17 17:05:15.871 UTC: 	 sandbox /afs/cern.ch/work/y/yian/work/GZ/CMSSW_10_6_20/src/PhysicsTools/NanoAODTools/WWG/2016post/crab/crab2016/crab_ZGToLLG_01J_5f_TuneCP5_13TeV-amcatnloFXFX-pythia8_2016/inputs/debugFiles.tgz successully uploaded to S3
DEBUG 2021-11-17 17:05:15.871 UTC: 	 Result uploading input files: bd736a0ca49dfa0dfab96903bb1581d6622ba6889f2fdcbb1b931bf047ceb81a.tar.gz 
INFO 2021-11-17 17:05:15.872 UTC: 	 Sending the request to the server at cmsweb.cern.ch
DEBUG 2021-11-17 17:05:15.872 UTC: 	 Submitting {'maxjobruntime': 1250, 'extrajdl': [], 'ignorelocality': 1, 'savelogsflag': 0, 'useparent': 0, 'scriptexe': 'WWG_crab_script.sh', 'asyncdest': 'T3_CH_CERNBOX', 'algoargs': 1, 'cachefilename': 'bd736a0ca49dfa0dfab96903bb1581d6622ba6889f2fdcbb1b931bf047ceb81a.tar.gz', 'numcores': 1, 'addoutputfiles': [], 'generator': 'pythia', 'maxmemory': 2000, 'publishdbsurl': 'https://cmsweb.cern.ch/dbs/prod/phys03/DBSWriter', 'priority': 10, 'jobsw': 'CMSSW_10_6_20', 'edmoutfiles': ['tree.root'], 'userfiles': [], 'primarydataset': '', 'inputdata': '/ZGToLLG_01J_5f_TuneCP5_13TeV-amcatnloFXFX-pythia8/RunIISummer20UL16NanoAODv9-106X_mcRun2_asymptotic_v17-v1/NANOAODSIM', 'dryrun': 0, 'workflow': 'crab_ZGToLLG_01J_5f_TuneCP5_13TeV-amcatnloFXFX-pythia8_2016', 'scriptargs': ['isdata=MC', 'year=2016', 'era=B'], 'sitewhitelist': ['T2_US_MIT', 'T2_US_Wisconsin', 'T2_US_Purdue', 'T2_US_UCSD', 'T2_US_Caltech', 'T2_US_Nebraska'], 'nonprodsw': 1, 'tfileoutfiles': [], 'oneEventMode': 0, 'debugfilename': 'e18c190577d15263e0ac68ef082521d75e3e618ab1eb780a5f9066d841ecc9bb.tar.gz', 'cacheurl': u'https://cmsweb.cern.ch/S3/crabcache_prod', 'saveoutput': 1, 'publication': 0, 'jobarch': 'slc7_amd64_gcc820', 'totalunits': 0, 'splitalgo': 'FileBased', 'ignoreglobalblacklist': 0, 'nonvaliddata': 1, 'dbsurl': 'https://cmsweb.cern.ch/dbs/prod/global/DBSReader', 'publishgroupname': 0, 'jobtype': 'Analysis', 'publishname2': 'ZGToLLG_01J_5f_TuneCP5_13TeV-amcatnloFXFX-pythia8_2016'} 
DEBUG 2021-11-17 17:05:15.872 UTC: 	 Encoded submit request: maxjobruntime=1250&ignorelocality=1&savelogsflag=0&useparent=0&scriptexe=WWG_crab_script.sh&asyncdest=T3_CH_CERNBOX&algoargs=1&cachefilename=bd736a0ca49dfa0dfab96903bb1581d6622ba6889f2fdcbb1b931bf047ceb81a.tar.gz&numcores=1&generator=pythia&maxmemory=2000&publishdbsurl=https%3A%2F%2Fcmsweb.cern.ch%2Fdbs%2Fprod%2Fphys03%2FDBSWriter&priority=10&jobsw=CMSSW_10_6_20&primarydataset=&inputdata=%2FZGToLLG_01J_5f_TuneCP5_13TeV-amcatnloFXFX-pythia8%2FRunIISummer20UL16NanoAODv9-106X_mcRun2_asymptotic_v17-v1%2FNANOAODSIM&dryrun=0&workflow=crab_ZGToLLG_01J_5f_TuneCP5_13TeV-amcatnloFXFX-pythia8_2016&nonprodsw=1&oneEventMode=0&debugfilename=e18c190577d15263e0ac68ef082521d75e3e618ab1eb780a5f9066d841ecc9bb.tar.gz&cacheurl=https%3A%2F%2Fcmsweb.cern.ch%2FS3%2Fcrabcache_prod&saveoutput=1&publication=0&jobarch=slc7_amd64_gcc820&totalunits=0&splitalgo=FileBased&ignoreglobalblacklist=0&nonvaliddata=1&dbsurl=https%3A%2F%2Fcmsweb.cern.ch%2Fdbs%2Fprod%2Fglobal%2FDBSReader&publishgroupname=0&jobtype=Analysis&publishname2=ZGToLLG_01J_5f_TuneCP5_13TeV-amcatnloFXFX-pythia8_2016&sitewhitelist=T2_US_MIT&sitewhitelist=T2_US_Wisconsin&sitewhitelist=T2_US_Purdue&sitewhitelist=T2_US_UCSD&sitewhitelist=T2_US_Caltech&sitewhitelist=T2_US_Nebraska&edmoutfiles=tree.root&scriptargs=isdata%3DMC&scriptargs=year%3D2016&scriptargs=era%3DB
DEBUG 2021-11-17 17:05:15.987 UTC: 	 Result: {u'result': [{u'RequestName': u'211117_170515:yian_crab_ZGToLLG_01J_5f_TuneCP5_13TeV-amcatnloFXFX-pythia8_2016'}]}
INFO 2021-11-17 17:05:15.991 UTC: 	 Success: Your task has been delivered to the prod CRAB3 server.
INFO 2021-11-17 17:05:15.991 UTC: 	 Task name: 211117_170515:yian_crab_ZGToLLG_01J_5f_TuneCP5_13TeV-amcatnloFXFX-pythia8_2016
INFO 2021-11-17 17:05:15.991 UTC: 	 Project dir: crab2016/crab_ZGToLLG_01J_5f_TuneCP5_13TeV-amcatnloFXFX-pythia8_2016
INFO 2021-11-17 17:05:15.992 UTC: 	 Please use ' crab status -d crab2016/crab_ZGToLLG_01J_5f_TuneCP5_13TeV-amcatnloFXFX-pythia8_2016 ' to check how the submission process proceeds.
DEBUG 2021-11-17 17:05:15.992 UTC: 	 About to return
INFO 2021-11-17 17:05:15.995 UTC: 	 Log file is /afs/cern.ch/work/y/yian/work/GZ/CMSSW_10_6_20/src/PhysicsTools/NanoAODTools/WWG/2016post/crab/crab2016/crab_ZGToLLG_01J_5f_TuneCP5_13TeV-amcatnloFXFX-pythia8_2016/crab.log
DEBUG 2021-11-18 09:22:15.031 UTC: 	 CRAB Client version: v3.210825
DEBUG 2021-11-18 09:22:15.031 UTC: 	 Running on: Linux lxplus794.cern.ch 3.10.0-1160.45.1.el7.x86_64 #1 SMP Wed Oct 13 17:20:51 UTC 2021 x86_64 x86_64 x86_64 GNU/Linux - CentOS Linux 7 (Core)
DEBUG 2021-11-18 09:22:15.031 UTC: 	 Executing command: 'status'
DEBUG 2021-11-18 09:22:15.031 UTC: 	 Found CRAB cache file /afs/cern.ch/user/y/yian/.crab3
DEBUG 2021-11-18 09:22:15.141 UTC: 	 Checking credentials
DEBUG 2021-11-18 09:22:15.142 UTC: 	 Found proxy file /tmp/x509up_u110046
DEBUG 2021-11-18 09:22:15.142 UTC: 	 Getting proxy life time left
DEBUG 2021-11-18 09:22:15.854 UTC: 	 Executing : 
 command : voms-proxy-info -file /tmp/x509up_u110046 -timeleft
 output : 595261

 error: 
 retcode : 0
DEBUG 2021-11-18 09:22:16.564 UTC: 	 Executing : 
 command : voms-proxy-info -file /tmp/x509up_u110046 -actimeleft
 output : 595260

 error: 
 retcode : 0
DEBUG 2021-11-18 09:22:16.564 UTC: 	 Proxy lifetime 595261 secs is different from voms extension lifetime 595260 secs for proxy: /tmp/x509up_u110046
DEBUG 2021-11-18 09:22:16.564 UTC: 	 Proxy valid for 165:21:00 hours
DEBUG 2021-11-18 09:22:16.653 UTC: 	 Registering user credentials for server /DC=ch/DC=cern/OU=computers/CN=crab-(preprod|prod|dev)-tw(02|01).cern.ch|/DC=ch/DC=cern/OU=computers/CN=stefanov(m|m2).cern.ch|/DC=ch/DC=cern/OU=computers/CN=dciangot-tw.cern.ch
DEBUG 2021-11-18 09:22:17.367 UTC: 	 Executing : 
 command : voms-proxy-info -file /tmp/x509up_u110046 -identity
 output : /DC=ch/DC=cern/OU=Organic Units/OU=Users/CN=yian/CN=826694/CN=Ying An

 error: 
 retcode : 0
DEBUG 2021-11-18 09:22:17.386 UTC: 	 Getting myproxy life time left for myproxy.cern.ch
DEBUG 2021-11-18 09:22:17.386 UTC: 	 using b52ac606a6f7097e9b4b8f05a3a67cc69f8f291b as credential login name
DEBUG 2021-11-18 09:22:17.691 UTC: 	 Executing : 
 command : myproxy-info -l b52ac606a6f7097e9b4b8f05a3a67cc69f8f291b -s myproxy.cern.ch
 output : username: b52ac606a6f7097e9b4b8f05a3a67cc69f8f291b
owner: /DC=ch/DC=cern/OU=Organic Units/OU=Users/CN=yian/CN=826694/CN=Ying An
  renewal policy: /DC=ch/DC=cern/OU=computers/CN=crab-(preprod|prod|dev)-tw(02|01).cern.ch|/DC=ch/DC=cern/OU=computers/CN=stefanov(m|m2).cern.ch|/DC=ch/DC=cern/OU=computers/CN=dciangot-tw.cern.ch
  trusted retrieval policy: /DC=ch/DC=cern/OU=computers/CN=crab-(preprod|prod|dev)-tw(02|01).cern.ch|/DC=ch/DC=cern/OU=computers/CN=stefanov(m|m2).cern.ch|/DC=ch/DC=cern/OU=computers/CN=dciangot-tw.cern.ch
  timeleft: 479:28:13  (20.0 days)

 error: 
 retcode : 0
DEBUG 2021-11-18 09:22:17.692 UTC: 	 Myproxy is valid: 1726093
DEBUG 2021-11-18 09:22:17.692 UTC: 	 Retrieving username ...
DEBUG 2021-11-18 09:22:17.692 UTC: 	 Retrieving username from CRIC...
DEBUG 2021-11-18 09:22:18.544 UTC: 	 username is yian
DEBUG 2021-11-18 09:22:18.552 UTC: 	 Getting myproxy life time left for myproxy.cern.ch
DEBUG 2021-11-18 09:22:18.552 UTC: 	 using yian_CRAB as credential login name
DEBUG 2021-11-18 09:22:18.856 UTC: 	 Executing : 
 command : myproxy-info -l yian_CRAB -s myproxy.cern.ch
 output : username: yian_CRAB
owner: /DC=ch/DC=cern/OU=Organic Units/OU=Users/CN=yian/CN=826694/CN=Ying An
  renewal policy: /DC=ch/DC=cern/OU=computers/CN=crab-(preprod|prod|dev)-tw(02|01).cern.ch|/DC=ch/DC=cern/OU=computers/CN=stefanov(m|m2).cern.ch|/DC=ch/DC=cern/OU=computers/CN=dciangot-tw.cern.ch
  trusted retrieval policy: /DC=ch/DC=cern/OU=computers/CN=crab-(preprod|prod|dev)-tw(02|01).cern.ch|/DC=ch/DC=cern/OU=computers/CN=stefanov(m|m2).cern.ch|/DC=ch/DC=cern/OU=computers/CN=dciangot-tw.cern.ch
  timeleft: 479:28:18  (20.0 days)

 error: 
 retcode : 0
DEBUG 2021-11-18 09:22:18.856 UTC: 	 Myproxy is valid: 1726098
DEBUG 2021-11-18 09:22:18.857 UTC: 	 Result of myproxy credential check:
  Credential exists on myproxy: username: b52ac606a6f7097e9b4b8f05a3a67cc69f8f291b  - validity: 19 days, 23:28:13
  Credential exists on myproxy: username: yian_CRAB  - validity: 19 days, 23:28:18
DEBUG 2021-11-18 09:22:18.858 UTC: 	 Command use: status
DEBUG 2021-11-18 09:22:18.858 UTC: 	 Options use: ['-d', 'crab2016/crab_ZGToLLG_01J_5f_TuneCP5_13TeV-amcatnloFXFX-pythia8_2016']
DEBUG 2021-11-18 09:22:18.992 UTC: 	 CRABClient version: v3.210825
DEBUG 2021-11-18 09:22:18.992 UTC: 	 Instance is prod
DEBUG 2021-11-18 09:22:18.992 UTC: 	 Server base url is cmsweb.cern.ch
DEBUG 2021-11-18 09:22:18.992 UTC: 	 Command api workflow
DEBUG 2021-11-18 09:22:19.060 UTC: 	 Got information from server oracle database: {u'result': [u'211117_170515:yian_crab_ZGToLLG_01J_5f_TuneCP5_13TeV-amcatnloFXFX-pythia8_2016', u'None', u'None', u'SUBMITTED', u'SUBMIT', u'2021-11-17 17:05:15.979294', u'None', u'2021-11-17 17:06:04.918490', u'None', u'CMSSW_10_6_20', u'slc7_amd64_gcc820', u'/ZGToLLG_01J_5f_TuneCP5_13TeV-amcatnloFXFX-pythia8/RunIISummer20UL16NanoAODv9-106X_mcRun2_asymptotic_v17-v1/NANOAODSIM', u'T', u'0', u"[u'T2_US_UCSD', u'T2_US_Wisconsin', u'T2_US_MIT', u'T2_US_Caltech', u'T2_US_Purdue', u'T2_US_Nebraska']", u'[]', u'FileBased', u"{'splitOnRun': False, 'halt_job_on_file_boundaries': False, 'files_per_job': 1, 'runs': [], 'lumis': []}", u'bd736a0ca49dfa0dfab96903bb1581d6622ba6889f2fdcbb1b931bf047ceb81a.tar.gz', u'https://cmsweb.cern.ch/S3/crabcache_prod', u'yian', u'/DC=ch/DC=cern/OU=Organic Units/OU=Users/CN=yian/CN=826694/CN=Ying An', u'cms', u'None', u'None', u'ZGToLLG_01J_5f_TuneCP5_13TeV-amcatnloFXFX-pythia8_2016-00000000000000000000000000000000', u'F', u'T3_CH_CERNBOX', u'https://cmsweb.cern.ch/dbs/prod/global/DBSReader', u'https://cmsweb.cern.ch/dbs/prod/phys03/DBSWriter', u'F', u'[]', u'[]', u"[b'tree.root']", u'Analysis', u'pythia', u'None', u'{}', u'[]', u'F', u'crab-prod-tw01', u'[]', u'1250', u'1', u'2000', u'10', u"['/ZGToLLG_01J_5f_TuneCP5_13TeV-amcatnloFXFX-pythia8/yian-ZGToLLG_01J_5f_TuneCP5_13TeV-amcatnloFXFX-pythia8_2016-cdc8a5f8d50b7902483cf88592ab9ddb/USER']", u'[]', u'http://vocms0199.cern.ch/mon/cms1407/211117_170515:yian_crab_ZGToLLG_01J_5f_TuneCP5_13TeV-amcatnloFXFX-pythia8_2016', u'WWG_crab_script.sh', u"[b'isdata=MC', b'year=2016', b'era=B']", u'[]', u'https://cmsweb.cern.ch/crabserver/prod', u'cmsgwms-collector-global.cern.ch:9620,cmsgwms-collector-global.fnal.gov:9620', u'crab3@vocms0199.cern.ch', u'F', u'[]', u'T', u'/store/user/yian/', u'T', u'None', u'F', u'None', u'ZGToLLG_01J_5f_TuneCP5_13TeV-amcatnloFXFX-pythia8', u'None', u'e18c190577d15263e0ac68ef082521d75e3e618ab1eb780a5f9066d841ecc9bb.tar.gz', u'33084137', u'filetransfers', u'F', u'188.185.120.166', u'0.0', u'None'], u'desc': {u'columns': [u'tm_taskname', u'tm_activity', u'panda_jobset_id', u'tm_task_status', u'tm_task_command', u'tm_start_time', u'tm_start_injection', u'tm_end_injection', u'tm_task_failure', u'tm_job_sw', u'tm_job_arch', u'tm_input_dataset', u'tm_nonvalid_input_dataset', u'tm_use_parent', u'tm_site_whitelist', u'tm_site_blacklist', u'tm_split_algo', u'tm_split_args', u'tm_user_sandbox', u'tm_cache_url', u'tm_username', u'tm_user_dn', u'tm_user_vo', u'tm_user_role', u'tm_user_group', u'tm_publish_name', u'tm_publish_groupname', u'tm_asyncdest', u'tm_dbs_url', u'tm_publish_dbs_url', u'tm_publication', u'tm_outfiles', u'tm_tfile_outfiles', u'tm_edm_outfiles', u'tm_job_type', u'tm_generator', u'tm_events_per_lumi', u'tm_arguments', u'panda_resubmitted_jobs', u'tm_save_logs', u'tw_name', u'tm_user_infiles', u'tm_maxjobruntime', u'tm_numcores', u'tm_maxmemory', u'tm_priority', u'tm_output_dataset', u'tm_task_warnings', u'tm_user_webdir', u'tm_scriptexe', u'tm_scriptargs', u'tm_extrajdl', u'tm_asourl', u'tm_collector', u'tm_schedd', u'tm_dry_run', u'tm_user_files', u'tm_transfer_outputs', u'tm_output_lfn', u'tm_ignore_locality', u'tm_fail_limit', u'tm_one_event_mode', u'tm_secondary_input_dataset', u'tm_primary_dataset', u'tm_last_publication', u'tm_debug_files', u'clusterid', u'tm_asodb', u'tm_ignore_global_blacklist', u'tm_submitter_ip_addr', u'tm_totalunits', u'tm_ddm_reqid']}}
INFO 2021-11-18 09:22:19.061 UTC: 	 CRAB project directory:		/afs/cern.ch/work/y/yian/work/GZ/CMSSW_10_6_20/src/PhysicsTools/NanoAODTools/WWG/2016post/crab/crab2016/crab_ZGToLLG_01J_5f_TuneCP5_13TeV-amcatnloFXFX-pythia8_2016
INFO 2021-11-18 09:22:19.061 UTC: 	 Task name:			211117_170515:yian_crab_ZGToLLG_01J_5f_TuneCP5_13TeV-amcatnloFXFX-pythia8_2016
INFO 2021-11-18 09:22:19.062 UTC: 	 Grid scheduler - Task Worker:	crab3@vocms0199.cern.ch - crab-prod-tw01
INFO 2021-11-18 09:22:19.063 UTC: 	 Status on the CRAB server:	SUBMITTED
INFO 2021-11-18 09:22:19.063 UTC: 	 Task URL to use for HELP:	https://cmsweb.cern.ch/crabserver/ui/task/211117_170515%3Ayian_crab_ZGToLLG_01J_5f_TuneCP5_13TeV-amcatnloFXFX-pythia8_2016
INFO 2021-11-18 09:22:19.068 UTC: 	 Dashboard monitoring URL:	https://monit-grafana.cern.ch/d/cmsTMDetail/cms-task-monitoring-task-view?orgId=11&var-user=yian&var-task=211117_170515%3Ayian_crab_ZGToLLG_01J_5f_TuneCP5_13TeV-amcatnloFXFX-pythia8_2016&from=1637165115000&to=now
DEBUG 2021-11-18 09:22:19.068 UTC: 	 The CRAB server submitted your task to the Grid scheduler (cluster ID: 33084137)
DEBUG 2021-11-18 09:22:19.068 UTC: 	 Webdir is located at http://vocms0199.cern.ch/mon/cms1407/211117_170515:yian_crab_ZGToLLG_01J_5f_TuneCP5_13TeV-amcatnloFXFX-pythia8_2016
DEBUG 2021-11-18 09:22:19.177 UTC: 	 Proxied webdir is located at https://cmsweb.cern.ch:8443/scheddmon/0199/cms1407/211117_170515:yian_crab_ZGToLLG_01J_5f_TuneCP5_13TeV-amcatnloFXFX-pythia8_2016
DEBUG 2021-11-18 09:22:19.177 UTC: 	 Retrieving 'status_cache' file from https://cmsweb.cern.ch:8443/scheddmon/0199/cms1407/211117_170515:yian_crab_ZGToLLG_01J_5f_TuneCP5_13TeV-amcatnloFXFX-pythia8_2016/status_cache
DEBUG 2021-11-18 09:22:19.219 UTC: 	 Got information from status cache file: {'24': {'Retries': 0, 'WallDurations': [0, 9.0, 15913.0], 'StartTimes': [1637169154.0], 'SubmitTimes': [1637168776.0], 'JobIds': ['33084165.0'], 'EndTimes': [1637185067.0], 'Restarts': 0, 'RecordedSite': True, 'State': 'finished', 'ResidentSetSize': [448428], 'TotalUserCpuTimeHistory': [6266], 'SiteHistory': ['Unknown', 'T2_US_MIT', 'T2_US_MIT'], 'TotalSysCpuTimeHistory': [9749]}, '25': {'Retries': 0, 'WallDurations': [0, 8.0, 7258.0], 'StartTimes': [1637169148.0], 'SubmitTimes': [1637168776.0], 'JobIds': ['33084166.0'], 'EndTimes': [1637176406.0], 'Restarts': 0, 'RecordedSite': True, 'State': 'finished', 'ResidentSetSize': [426848], 'TotalUserCpuTimeHistory': [435], 'SiteHistory': ['Unknown', 'T2_US_Wisconsin', 'T2_US_Wisconsin'], 'TotalSysCpuTimeHistory': [151]}, '26': {'Retries': 0, 'WallDurations': [0, 8.0, 11867.0], 'StartTimes': [1637169157.0], 'SubmitTimes': [1637168776.0], 'JobIds': ['33084167.0'], 'EndTimes': [1637181024.0], 'Restarts': 0, 'RecordedSite': True, 'State': 'finished', 'ResidentSetSize': [425372], 'TotalUserCpuTimeHistory': [999], 'SiteHistory': ['Unknown', 'T2_US_Wisconsin', 'T2_US_Wisconsin'], 'TotalSysCpuTimeHistory': [93]}, '20': {'Retries': 0, 'WallDurations': [0, 10.0, 912.0], 'StartTimes': [1637169166.0], 'SubmitTimes': [1637168776.0], 'JobIds': ['33084161.0'], 'EndTimes': [1637170078.0], 'Restarts': 0, 'RecordedSite': True, 'State': 'finished', 'ResidentSetSize': [445044], 'TotalUserCpuTimeHistory': [742], 'SiteHistory': ['Unknown', 'T2_US_Nebraska', 'T2_US_Nebraska'], 'TotalSysCpuTimeHistory': [34]}, '21': {'Retries': 0, 'WallDurations': [0, 8.0, 27525.0], 'StartTimes': [1637169146.0], 'SubmitTimes': [1637168776.0], 'JobIds': ['33084162.0'], 'EndTimes': [1637196671.0], 'Restarts': 0, 'RecordedSite': True, 'State': 'finished', 'ResidentSetSize': [440756], 'TotalUserCpuTimeHistory': [2732], 'SiteHistory': ['Unknown', 'T2_US_Wisconsin', 'T2_US_Wisconsin'], 'TotalSysCpuTimeHistory': [4171]}, '22': {'Retries': 0, 'WallDurations': [0, 9.0, 24886.0], 'StartTimes': [1637169145.0], 'SubmitTimes': [1637168776.0], 'JobIds': ['33084163.0'], 'EndTimes': [1637194031.0], 'Restarts': 0, 'RecordedSite': True, 'State': 'finished', 'ResidentSetSize': [560108], 'TotalUserCpuTimeHistory': [9467], 'SiteHistory': ['Unknown', 'T2_US_Caltech', 'T2_US_Caltech'], 'TotalSysCpuTimeHistory': [14934]}, '23': {'Retries': 0, 'WallDurations': [0, 9.0, 32528.0], 'StartTimes': [1637169144.0], 'SubmitTimes': [1637168776.0], 'JobIds': ['33084164.0'], 'EndTimes': [1637201672.0], 'Restarts': 0, 'RecordedSite': True, 'State': 'finished', 'ResidentSetSize': [634184], 'TotalUserCpuTimeHistory': [12195], 'SiteHistory': ['Unknown', 'T2_US_Caltech', 'T2_US_Caltech'], 'TotalSysCpuTimeHistory': [19930]}, '1': {'Retries': 0, 'WallDurations': [0, 8.0, 1513.0], 'StartTimes': [1637169158.0], 'SubmitTimes': [1637168769.0], 'JobIds': ['33084141.0'], 'EndTimes': [1637170671.0], 'Restarts': 0, 'RecordedSite': True, 'State': 'finished', 'ResidentSetSize': [331100], 'TotalUserCpuTimeHistory': [26], 'SiteHistory': ['Unknown', 'T2_US_Purdue', 'T2_US_Purdue'], 'TotalSysCpuTimeHistory': [1]}, '3': {'Retries': 0, 'WallDurations': [9.0, 270.7069458961487, 2207.0], 'StartTimes': [1637169169.0], 'SubmitTimes': [1637168769.0], 'JobIds': ['33084143.0'], 'EndTimes': [1637171376.0], 'Restarts': 0, 'RecordedSite': True, 'State': 'finished', 'ResidentSetSize': [487344], 'TotalUserCpuTimeHistory': [895], 'SiteHistory': ['Unknown', 'T2_US_MIT', 'T2_US_MIT'], 'TotalSysCpuTimeHistory': [43]}, '2': {'Retries': 0, 'WallDurations': [0, 9.0, 36202.0], 'StartTimes': [1637169144.0], 'SubmitTimes': [1637168769.0], 'JobIds': ['33084142.0'], 'EndTimes': [1637205346.0], 'Restarts': 0, 'RecordedSite': True, 'State': 'finished', 'ResidentSetSize': [414528], 'TotalUserCpuTimeHistory': [560], 'SiteHistory': ['Unknown', 'T2_US_Nebraska', 'T2_US_Nebraska'], 'TotalSysCpuTimeHistory': [41]}, '5': {'Retries': 0, 'WallDurations': [0, 8.0, 58005.0], 'StartTimes': [1637169144.0], 'SubmitTimes': [1637168769.0], 'JobIds': ['33084145.0'], 'EndTimes': [], 'Restarts': 0, 'RecordedSite': True, 'State': 'running', 'ResidentSetSize': [490752], 'TotalUserCpuTimeHistory': [482.0], 'SiteHistory': ['Unknown', 'T2_US_Nebraska', 'T2_US_Nebraska'], 'TotalSysCpuTimeHistory': [65.0]}, '4': {'Retries': 0, 'WallDurations': [9.0, 244.86969590187073, 12365.0], 'StartTimes': [1637169495.0], 'SubmitTimes': [1637168769.0], 'JobIds': ['33084144.0'], 'EndTimes': [1637181860.0], 'Restarts': 0, 'RecordedSite': True, 'State': 'finished', 'ResidentSetSize': [589916], 'TotalUserCpuTimeHistory': [788], 'SiteHistory': ['Unknown', 'T2_US_Wisconsin', 'T2_US_Wisconsin'], 'TotalSysCpuTimeHistory': [75]}, '7': {'Retries': 0, 'WallDurations': [9.0, 292.7069458961487, 42028.0], 'StartTimes': [1637169147.0], 'SubmitTimes': [1637168769.0], 'JobIds': ['33084147.0'], 'EndTimes': [1637211175.0], 'Restarts': 0, 'RecordedSite': True, 'State': 'finished', 'ResidentSetSize': [508268], 'TotalUserCpuTimeHistory': [606], 'SiteHistory': ['Unknown', 'T2_US_Caltech', 'T2_US_Caltech'], 'TotalSysCpuTimeHistory': [70]}, '6': {'Retries': 0, 'WallDurations': [0, 9.0, 1274.0], 'StartTimes': [1637169154.0], 'SubmitTimes': [1637168769.0], 'JobIds': ['33084146.0'], 'EndTimes': [1637170428.0], 'Restarts': 0, 'RecordedSite': True, 'State': 'finished', 'ResidentSetSize': [553836], 'TotalUserCpuTimeHistory': [868], 'SiteHistory': ['Unknown', 'T2_US_MIT', 'T2_US_MIT'], 'TotalSysCpuTimeHistory': [33]}, '9': {'Retries': 0, 'WallDurations': [0, 9.0, 50713.0], 'StartTimes': [1637169140.0], 'SubmitTimes': [1637168775.0], 'JobIds': ['33084150.0'], 'EndTimes': [1637219853.0], 'Restarts': 0, 'RecordedSite': True, 'State': 'finished', 'ResidentSetSize': [466928], 'TotalUserCpuTimeHistory': [1083], 'SiteHistory': ['Unknown', 'T2_US_Nebraska', 'T2_US_Nebraska'], 'TotalSysCpuTimeHistory': [118]}, '8': {'Retries': 0, 'WallDurations': [0, 9.0, 56200.0], 'StartTimes': [1637169145.0], 'SubmitTimes': [1637168775.0], 'JobIds': ['33084149.0'], 'EndTimes': [], 'Restarts': 0, 'RecordedSite': True, 'State': 'running', 'ResidentSetSize': [458804], 'TotalUserCpuTimeHistory': [949.0], 'SiteHistory': ['Unknown', 'T2_US_Nebraska', 'T2_US_Nebraska'], 'TotalSysCpuTimeHistory': [91.0]}, '11': {'Retries': 0, 'WallDurations': [0, 9.0, 1579.0], 'StartTimes': [1637169144.0], 'SubmitTimes': [1637168775.0], 'JobIds': ['33084152.0'], 'EndTimes': [1637170723.0], 'Restarts': 0, 'RecordedSite': True, 'State': 'finished', 'ResidentSetSize': [455964], 'TotalUserCpuTimeHistory': [1130], 'SiteHistory': ['Unknown', 'T2_US_Wisconsin', 'T2_US_Wisconsin'], 'TotalSysCpuTimeHistory': [63]}, '10': {'Retries': 0, 'WallDurations': [0, 8.0, 7649.0], 'StartTimes': [1637169173.0], 'SubmitTimes': [1637168775.0], 'JobIds': ['33084151.0'], 'EndTimes': [1637176822.0], 'Restarts': 0, 'RecordedSite': True, 'State': 'finished', 'ResidentSetSize': [390096], 'TotalUserCpuTimeHistory': [252], 'SiteHistory': ['Unknown', 'T2_US_MIT', 'T2_US_MIT'], 'TotalSysCpuTimeHistory': [26]}, '13': {'Retries': 0, 'WallDurations': [0, 9.0, 545.0], 'StartTimes': [1637169145.0], 'SubmitTimes': [1637168775.0], 'JobIds': ['33084154.0'], 'EndTimes': [1637169690.0], 'Restarts': 0, 'RecordedSite': True, 'State': 'finished', 'ResidentSetSize': [429644], 'TotalUserCpuTimeHistory': [35], 'SiteHistory': ['Unknown', 'T2_US_Caltech', 'T2_US_Caltech'], 'TotalSysCpuTimeHistory': [2]}, '12': {'Retries': 0, 'WallDurations': [0, 8.0, 11330.0, 0, 1905.0], 'StartTimes': [1637169145.0, 1637181036.0], 'SubmitTimes': [1637168775.0, -1], 'JobIds': ['33084153.0', '33084153.0'], 'EndTimes': [1637180475.0, 1637182941.0], 'Restarts': 1, 'RecordedSite': True, 'State': 'finished', 'ResidentSetSize': [406016, 610884], 'TotalUserCpuTimeHistory': [111.0, 1118], 'SiteHistory': ['Unknown', 'T2_US_UCSD', 'T2_US_UCSD', 'Unknown', 'T2_US_Wisconsin'], 'TotalSysCpuTimeHistory': [15.0, 79]}, '15': {'Retries': 0, 'WallDurations': [0, 8.0, 57109.0], 'StartTimes': [1637169157.0], 'SubmitTimes': [1637168775.0], 'JobIds': ['33084156.0'], 'EndTimes': [], 'Restarts': 0, 'RecordedSite': True, 'State': 'running', 'ResidentSetSize': [412872], 'TotalUserCpuTimeHistory': [787.0], 'SiteHistory': ['Unknown', 'T2_US_UCSD', 'T2_US_UCSD'], 'TotalSysCpuTimeHistory': [56.0]}, '14': {'Retries': 0, 'WallDurations': [0, 9.0, 23555.0], 'StartTimes': [1637169144.0], 'SubmitTimes': [1637168775.0], 'JobIds': ['33084155.0'], 'EndTimes': [1637192699.0], 'Restarts': 0, 'RecordedSite': True, 'State': 'finished', 'ResidentSetSize': [425164], 'TotalUserCpuTimeHistory': [319], 'SiteHistory': ['Unknown', 'T2_US_Nebraska', 'T2_US_Nebraska'], 'TotalSysCpuTimeHistory': [35]}, '17': {'Retries': 0, 'WallDurations': [0, 9.0, 2479.0], 'StartTimes': [1637169140.0], 'SubmitTimes': [1637168775.0], 'JobIds': ['33084158.0'], 'EndTimes': [1637171619.0], 'Restarts': 0, 'RecordedSite': True, 'State': 'finished', 'ResidentSetSize': [523272], 'TotalUserCpuTimeHistory': [1786], 'SiteHistory': ['Unknown', 'T2_US_Nebraska', 'T2_US_Nebraska'], 'TotalSysCpuTimeHistory': [51]}, '16': {'Retries': 0, 'WallDurations': [0, 8.0, 58004.0], 'StartTimes': [1637169154.0], 'SubmitTimes': [1637168775.0], 'JobIds': ['33084157.0'], 'EndTimes': [], 'Restarts': 0, 'RecordedSite': True, 'State': 'running', 'ResidentSetSize': [419564], 'TotalUserCpuTimeHistory': [561.0], 'SiteHistory': ['Unknown', 'T2_US_MIT', 'T2_US_MIT'], 'TotalSysCpuTimeHistory': [40.0]}, '19': {'Retries': 0, 'WallDurations': [0, 9.0, 447.0], 'StartTimes': [1637169141.0], 'SubmitTimes': [1637168776.0], 'JobIds': ['33084160.0'], 'EndTimes': [1637169588.0], 'Restarts': 0, 'RecordedSite': True, 'State': 'finished', 'ResidentSetSize': [405220], 'TotalUserCpuTimeHistory': [313], 'SiteHistory': ['Unknown', 'T2_US_Nebraska', 'T2_US_Nebraska'], 'TotalSysCpuTimeHistory': [12]}, '18': {'Retries': 0, 'WallDurations': [0, 9.0, 22056.0], 'StartTimes': [1637169155.0], 'SubmitTimes': [1637168776.0], 'JobIds': ['33084159.0'], 'EndTimes': [1637191211.0], 'Restarts': 0, 'RecordedSite': True, 'State': 'finished', 'ResidentSetSize': [463440], 'TotalUserCpuTimeHistory': [1112], 'SiteHistory': ['Unknown', 'T2_US_MIT', 'T2_US_MIT'], 'TotalSysCpuTimeHistory': [69]}}
INFO 2021-11-18 09:22:19.220 UTC: 	 Status on the scheduler:	SUBMITTED
INFO 2021-11-18 09:22:19.220 UTC: 	 
Jobs status:                    finished     		 84.6% (22/26)
INFO 2021-11-18 09:22:19.220 UTC: 	 				running      		 15.4% ( 4/26)
INFO 2021-11-18 09:22:19.220 UTC: 	 
No publication information (publication has been disabled in the CRAB configuration file)
INFO 2021-11-18 09:22:19.221 UTC: 	 
Warning: the average jobs CPU efficiency is less than 50%, please consider to improve the jobs splitting (e.g. config.Data.splitting = 'Automatic') in a new task
INFO 2021-11-18 09:22:19.221 UTC: 	 
Summary of run jobs:
 * Memory: 323MB min, 619MB max, 463MB ave
 * Runtime: 0:07:27 min, 14:05:13 max, 4:08:02 ave
 * CPU eff: 2% min, 101% max, 29% ave
 * Waste: 3:25:31 (4% of total)

INFO 2021-11-18 09:22:19.228 UTC: 	 Log file is /afs/cern.ch/work/y/yian/work/GZ/CMSSW_10_6_20/src/PhysicsTools/NanoAODTools/WWG/2016post/crab/crab2016/crab_ZGToLLG_01J_5f_TuneCP5_13TeV-amcatnloFXFX-pythia8_2016/crab.log
