DEBUG 2021-05-19 06:13:08.783 UTC: 	 CRAB Client version: v3.210323
DEBUG 2021-05-19 06:13:08.784 UTC: 	 Running on: Linux lxplus779.cern.ch 3.10.0-1160.24.1.el7.x86_64 #1 SMP Thu Apr 8 19:51:47 UTC 2021 x86_64 x86_64 x86_64 GNU/Linux - CentOS Linux 7 (Core)
DEBUG 2021-05-19 06:13:08.784 UTC: 	 Executing command: 'submit'
DEBUG 2021-05-19 06:13:08.784 UTC: 	 Found CRAB cache file /afs/cern.ch/user/y/yian/.crab3
INFO 2021-05-19 06:13:08.785 UTC: 	 Will use CRAB configuration file crabcode_2018/ZGToLLG_01J_5f_TuneCP5_13TeV-amcatnloFXFX-pythia8_2018_cfg.py
DEBUG 2021-05-19 06:13:08.785 UTC: 	 Loading CRAB configuration file.
DEBUG 2021-05-19 06:13:08.806 UTC: 	 Will use CRAB Analysis plugin (i.e. will run an analysis job type).
DEBUG 2021-05-19 06:13:08.848 UTC: 	 Checking credentials
DEBUG 2021-05-19 06:13:08.848 UTC: 	 Found proxy file /tmp/x509up_u110046
DEBUG 2021-05-19 06:13:08.848 UTC: 	 Getting proxy life time left
DEBUG 2021-05-19 06:13:09.453 UTC: 	 Executing : 
 command : voms-proxy-info -file /tmp/x509up_u110046 -timeleft
 output : 604137

 error: 
 retcode : 0
DEBUG 2021-05-19 06:13:10.059 UTC: 	 Executing : 
 command : voms-proxy-info -file /tmp/x509up_u110046 -actimeleft
 output : 604136

 error: 
 retcode : 0
DEBUG 2021-05-19 06:13:10.060 UTC: 	 Proxy lifetime 604137 secs is different from voms extension lifetime 604136 secs for proxy: /tmp/x509up_u110046
DEBUG 2021-05-19 06:13:10.060 UTC: 	 Proxy valid for 167:48:56 hours
DEBUG 2021-05-19 06:13:10.666 UTC: 	 Executing : 
 command : env X509_USER_PROXY=/tmp/x509up_u110046 voms-proxy-info -fqan
 output : /cms/Role=NULL/Capability=NULL

 error: 
 retcode : 0
DEBUG 2021-05-19 06:13:10.726 UTC: 	 Registering user credentials for server /DC=ch/DC=cern/OU=computers/CN=vocms0105.cern.ch|/DC=ch/DC=cern/OU=computers/CN=crab-(preprod|prod|dev)-tw(02|01).cern.ch|/DC=ch/DC=cern/OU=computers/CN=(ddi|ddidk|mytw).cern.ch|/DC=ch/DC=cern/OU=computers/CN=stefanov(m|m2).cern.ch
DEBUG 2021-05-19 06:13:11.338 UTC: 	 Executing : 
 command : voms-proxy-info -file /tmp/x509up_u110046 -identity
 output : /DC=ch/DC=cern/OU=Organic Units/OU=Users/CN=yian/CN=826694/CN=Ying An

 error: 
 retcode : 0
DEBUG 2021-05-19 06:13:11.346 UTC: 	 Getting myproxy life time left for myproxy.cern.ch
DEBUG 2021-05-19 06:13:11.346 UTC: 	 using b52ac606a6f7097e9b4b8f05a3a67cc69f8f291b as credential login name
DEBUG 2021-05-19 06:13:11.650 UTC: 	 Executing : 
 command : myproxy-info -l b52ac606a6f7097e9b4b8f05a3a67cc69f8f291b -s myproxy.cern.ch
 output : username: b52ac606a6f7097e9b4b8f05a3a67cc69f8f291b
owner: /DC=ch/DC=cern/OU=Organic Units/OU=Users/CN=yian/CN=826694/CN=Ying An
  renewal policy: /DC=ch/DC=cern/OU=computers/CN=vocms0105.cern.ch|/DC=ch/DC=cern/OU=computers/CN=crab-(preprod|prod|dev)-tw(02|01).cern.ch|/DC=ch/DC=cern/OU=computers/CN=(ddi|ddidk|mytw).cern.ch|/DC=ch/DC=cern/OU=computers/CN=stefanov(m|m2).cern.ch
  trusted retrieval policy: /DC=ch/DC=cern/OU=computers/CN=vocms0105.cern.ch|/DC=ch/DC=cern/OU=computers/CN=crab-(preprod|prod|dev)-tw(02|01).cern.ch|/DC=ch/DC=cern/OU=computers/CN=(ddi|ddidk|mytw).cern.ch|/DC=ch/DC=cern/OU=computers/CN=stefanov(m|m2).cern.ch
  timeleft: 680:49:39  (28.4 days)

 error: 
 retcode : 0
DEBUG 2021-05-19 06:13:11.651 UTC: 	 Myproxy is valid: 2450979
DEBUG 2021-05-19 06:13:11.651 UTC: 	 Retrieving username ...
DEBUG 2021-05-19 06:13:11.651 UTC: 	 Retrieving username from CRIC...
DEBUG 2021-05-19 06:13:12.375 UTC: 	 username is yian
DEBUG 2021-05-19 06:13:12.381 UTC: 	 Getting myproxy life time left for myproxy.cern.ch
DEBUG 2021-05-19 06:13:12.382 UTC: 	 using yian_CRAB as credential login name
DEBUG 2021-05-19 06:13:12.686 UTC: 	 Executing : 
 command : myproxy-info -l yian_CRAB -s myproxy.cern.ch
 output : username: yian_CRAB
owner: /DC=ch/DC=cern/OU=Organic Units/OU=Users/CN=yian/CN=826694/CN=Ying An
  renewal policy: /DC=ch/DC=cern/OU=computers/CN=vocms0105.cern.ch|/DC=ch/DC=cern/OU=computers/CN=crab-(preprod|prod|dev)-tw(02|01).cern.ch|/DC=ch/DC=cern/OU=computers/CN=(ddi|ddidk|mytw).cern.ch|/DC=ch/DC=cern/OU=computers/CN=stefanov(m|m2).cern.ch
  trusted retrieval policy: /DC=ch/DC=cern/OU=computers/CN=vocms0105.cern.ch|/DC=ch/DC=cern/OU=computers/CN=crab-(preprod|prod|dev)-tw(02|01).cern.ch|/DC=ch/DC=cern/OU=computers/CN=(ddi|ddidk|mytw).cern.ch|/DC=ch/DC=cern/OU=computers/CN=stefanov(m|m2).cern.ch
  timeleft: 680:50:53  (28.4 days)

 error: 
 retcode : 0
DEBUG 2021-05-19 06:13:12.687 UTC: 	 Myproxy is valid: 2451053
DEBUG 2021-05-19 06:13:12.687 UTC: 	 Result of myproxy credential check:
  Credential exists on myproxy: username: b52ac606a6f7097e9b4b8f05a3a67cc69f8f291b  - validity: 28 days, 8:49:39
  Credential exists on myproxy: username: yian_CRAB  - validity: 28 days, 8:50:53
DEBUG 2021-05-19 06:13:12.687 UTC: 	 Command use: submit
DEBUG 2021-05-19 06:13:12.687 UTC: 	 Options use: ['-c', 'crabcode_2018/ZGToLLG_01J_5f_TuneCP5_13TeV-amcatnloFXFX-pythia8_2018_cfg.py']
DEBUG 2021-05-19 06:13:12.730 UTC: 	 CRABClient version: v3.210323
DEBUG 2021-05-19 06:13:12.730 UTC: 	 Instance is prod
DEBUG 2021-05-19 06:13:12.731 UTC: 	 Server base url is cmsweb.cern.ch
DEBUG 2021-05-19 06:13:12.731 UTC: 	 Command url /crabserver/prod/workflow
DEBUG 2021-05-19 06:13:12.731 UTC: 	 Started submission
DEBUG 2021-05-19 06:13:12.731 UTC: 	 Working on /afs/cern.ch/work/y/yian/work/GZ/CMSSW_10_6_20/src/PhysicsTools/NanoAODTools/WWG/2018/fakephoton_crab/crab2018/crab_ZGToLLG_01J_5f_TuneCP5_13TeV-amcatnloFXFX-pythia8_2018
DEBUG 2021-05-19 06:13:12.876 UTC: 	 Loading required information from the environment
DEBUG 2021-05-19 06:13:12.876 UTC: 	 Found CMSSW_10_6_20 for slc7_amd64_gcc820 with base /afs/cern.ch/work/y/yian/work/GZ/CMSSW_10_6_20
DEBUG 2021-05-19 06:13:12.876 UTC: 	 Loading required information from the environment
DEBUG 2021-05-19 06:13:12.876 UTC: 	 Found CMSSW_10_6_20 for slc7_amd64_gcc820 with base /afs/cern.ch/work/y/yian/work/GZ/CMSSW_10_6_20
DEBUG 2021-05-19 06:13:12.876 UTC: 	 UNIQUE NAME: tarUUID 72c31374-6a27-4cdb-ae46-25e623b6a5ab 
DEBUG 2021-05-19 06:13:12.876 UTC: 	 self.config: from WMCore.Configuration import Configuration
config = Configuration()
config.section_('General')
config.General.workArea = 'crab2018'
config.General.transferLogs = False
config.General.requestName = 'ZGToLLG_01J_5f_TuneCP5_13TeV-amcatnloFXFX-pythia8_2018'
config.section_('JobType')
config.JobType.scriptArgs = ['isdata=MC', 'year=2018']
config.JobType.scriptExe = './WWG_crab_script.sh'
config.JobType.pluginName = 'Analysis'
config.JobType.sendPythonFolder = True
config.JobType.allowUndistributedCMSSW = True
config.JobType.psetName = 'PSet.py'
config.JobType.inputFiles = ['../../../scripts/haddnano.py', '../WWG_fakephoton/WWG_postproc.py', '../WWG_fakephoton/WWGfakephoton_Module.py', '../WWG_fakephoton/WWG_keep_and_drop.txt', '../WWG_fakephoton/WWG_output_branch.txt', '../WWG_fakephoton/DAS_filesearch.py']
config.section_('Data')
config.Data.inputDataset = '/ZGToLLG_01J_5f_TuneCP5_13TeV-amcatnloFXFX-pythia8/RunIISummer19UL18NanoAODv2-106X_upgrade2018_realistic_v15_L1v1-v1/NANOAODSIM'
config.Data.allowNonValidInputDataset = True
config.Data.publication = False
config.Data.unitsPerJob = 1
config.Data.ignoreLocality = True
config.Data.inputDBS = 'global'
config.Data.splitting = 'FileBased'
config.Data.outputDatasetTag = 'ZGToLLG_01J_5f_TuneCP5_13TeV-amcatnloFXFX-pythia8_2018'
config.section_('Site')
config.Site.whitelist = ['T2_US_MIT', 'T2_US_Wisconsin', 'T2_US_Purdue', 'T2_US_UCSD', 'T2_US_Caltech', 'T2_US_Nebraska']
config.Site.storageSite = 'T3_CH_CERNBOX'

DEBUG 2021-05-19 06:13:12.876 UTC: 	 self.config.JobType.psetName: PSet.py
INFO 2021-05-19 06:13:12.876 UTC: 	 Importing CMSSW configuration PSet.py
INFO 2021-05-19 06:13:13.143 UTC: 	 Finished importing CMSSW configuration PSet.py
DEBUG 2021-05-19 06:13:13.143 UTC: 	 Writing CMSSW configuration to /afs/cern.ch/work/y/yian/work/GZ/CMSSW_10_6_20/src/PhysicsTools/NanoAODTools/WWG/2018/fakephoton_crab/crab2018/crab_ZGToLLG_01J_5f_TuneCP5_13TeV-amcatnloFXFX-pythia8_2018/inputs/PSet.py
DEBUG 2021-05-19 06:13:13.150 UTC: 	 The following EDM output files will be collected: ['tree.root']
DEBUG 2021-05-19 06:13:13.150 UTC: 	 The following TFile output files will be collected: []
DEBUG 2021-05-19 06:13:13.150 UTC: 	 The following user output files (not listed as PoolOuputModule or TFileService in the CMSSW PSet) will be collected: 
DEBUG 2021-05-19 06:13:13.150 UTC: 	 Loading required information from the environment
DEBUG 2021-05-19 06:13:13.150 UTC: 	 Found CMSSW_10_6_20 for slc7_amd64_gcc820 with base /afs/cern.ch/work/y/yian/work/GZ/CMSSW_10_6_20
DEBUG 2021-05-19 06:13:13.150 UTC: 	 Making tarball in /afs/cern.ch/work/y/yian/work/GZ/CMSSW_10_6_20/src/PhysicsTools/NanoAODTools/WWG/2018/fakephoton_crab/crab2018/crab_ZGToLLG_01J_5f_TuneCP5_13TeV-amcatnloFXFX-pythia8_2018/inputs/72c31374-6a27-4cdb-ae46-25e623b6a5abdefault.tgz
DEBUG 2021-05-19 06:13:13.151 UTC: 	 Checking directory /afs/cern.ch/work/y/yian/work/GZ/CMSSW_10_6_20/lib
DEBUG 2021-05-19 06:13:13.151 UTC: 	 Adding directory /afs/cern.ch/work/y/yian/work/GZ/CMSSW_10_6_20/lib to tarball
DEBUG 2021-05-19 06:13:13.262 UTC: 	 Checking directory /afs/cern.ch/work/y/yian/work/GZ/CMSSW_10_6_20/biglib
DEBUG 2021-05-19 06:13:13.262 UTC: 	 Adding directory /afs/cern.ch/work/y/yian/work/GZ/CMSSW_10_6_20/biglib to tarball
DEBUG 2021-05-19 06:13:13.264 UTC: 	 Checking directory /afs/cern.ch/work/y/yian/work/GZ/CMSSW_10_6_20/module
DEBUG 2021-05-19 06:13:13.265 UTC: 	 Checking directory /afs/cern.ch/work/y/yian/work/GZ/CMSSW_10_6_20/python
DEBUG 2021-05-19 06:13:13.265 UTC: 	 Adding directory /afs/cern.ch/work/y/yian/work/GZ/CMSSW_10_6_20/python to tarball
DEBUG 2021-05-19 06:13:15.588 UTC: 	 Checking directory /afs/cern.ch/work/y/yian/work/GZ/CMSSW_10_6_20/cfipython
DEBUG 2021-05-19 06:13:15.588 UTC: 	 Adding directory /afs/cern.ch/work/y/yian/work/GZ/CMSSW_10_6_20/cfipython to tarball
DEBUG 2021-05-19 06:13:16.033 UTC: 	 Adding data directory /afs/cern.ch/work/y/yian/work/GZ/CMSSW_10_6_20/src/PhysicsTools/NanoAODTools/data to tarball
DEBUG 2021-05-19 06:13:35.095 UTC: 	 Adding data directory /afs/cern.ch/work/y/yian/work/GZ/CMSSW_10_6_20/src/PhysicsTools/NanoAODTools/interface to tarball
DEBUG 2021-05-19 06:13:35.099 UTC: 	 Adding data directory /afs/cern.ch/work/y/yian/work/GZ/CMSSW_10_6_20/src/PhysicsTools/NanoAODTools/python/postprocessing/data to tarball
DEBUG 2021-05-19 06:13:37.301 UTC: 	 Adding file ../../../scripts/haddnano.py to tarball
DEBUG 2021-05-19 06:13:37.302 UTC: 	 Adding file ../WWG_fakephoton/WWG_postproc.py to tarball
DEBUG 2021-05-19 06:13:37.303 UTC: 	 Adding file ../WWG_fakephoton/WWGfakephoton_Module.py to tarball
DEBUG 2021-05-19 06:13:37.303 UTC: 	 Adding file ../WWG_fakephoton/WWG_keep_and_drop.txt to tarball
DEBUG 2021-05-19 06:13:37.304 UTC: 	 Adding file ../WWG_fakephoton/WWG_output_branch.txt to tarball
DEBUG 2021-05-19 06:13:37.304 UTC: 	 Adding file ../WWG_fakephoton/DAS_filesearch.py to tarball
DEBUG 2021-05-19 06:13:41.907 UTC: 	 Uploading archive /afs/cern.ch/work/y/yian/work/GZ/CMSSW_10_6_20/src/PhysicsTools/NanoAODTools/WWG/2018/fakephoton_crab/crab2018/crab_ZGToLLG_01J_5f_TuneCP5_13TeV-amcatnloFXFX-pythia8_2018/inputs/72c31374-6a27-4cdb-ae46-25e623b6a5abdefault.tgz (94 MB) to the CRAB cache. Using URI https://cmsweb.cern.ch:8443/crabcache
DEBUG 2021-05-19 06:14:37.110 UTC: 	 Loading required information from the environment
DEBUG 2021-05-19 06:14:37.111 UTC: 	 Found CMSSW_10_6_20 for slc7_amd64_gcc820 with base /afs/cern.ch/work/y/yian/work/GZ/CMSSW_10_6_20
DEBUG 2021-05-19 06:14:37.111 UTC: 	 Making tarball in /afs/cern.ch/work/y/yian/work/GZ/CMSSW_10_6_20/src/PhysicsTools/NanoAODTools/WWG/2018/fakephoton_crab/crab2018/crab_ZGToLLG_01J_5f_TuneCP5_13TeV-amcatnloFXFX-pythia8_2018/inputs/debugFiles.tgz
DEBUG 2021-05-19 06:14:37.118 UTC: 	 Uploading archive /afs/cern.ch/work/y/yian/work/GZ/CMSSW_10_6_20/src/PhysicsTools/NanoAODTools/WWG/2018/fakephoton_crab/crab2018/crab_ZGToLLG_01J_5f_TuneCP5_13TeV-amcatnloFXFX-pythia8_2018/inputs/debugFiles.tgz (1 KB) to the CRAB cache. Using URI https://cmsweb.cern.ch:8443/crabcache
DEBUG 2021-05-19 06:14:37.158 UTC: 	 Result uploading input files: e01c20793642b9255995af3f50a0f192b3d717d5a5872d7f953734d42b446b95.tar.gz 
INFO 2021-05-19 06:14:37.158 UTC: 	 Sending the request to the server at cmsweb.cern.ch
DEBUG 2021-05-19 06:14:37.158 UTC: 	 Submitting {'maxjobruntime': 1250, 'extrajdl': [], 'ignorelocality': 1, 'savelogsflag': 0, 'useparent': 0, 'scriptexe': 'WWG_crab_script.sh', 'asyncdest': 'T3_CH_CERNBOX', 'algoargs': 1, 'cachefilename': 'e01c20793642b9255995af3f50a0f192b3d717d5a5872d7f953734d42b446b95.tar.gz', 'numcores': 1, 'addoutputfiles': [], 'generator': 'pythia', 'maxmemory': 2000, 'publishdbsurl': 'https://cmsweb.cern.ch/dbs/prod/phys03/DBSWriter', 'priority': 10, 'jobsw': 'CMSSW_10_6_20', 'edmoutfiles': ['tree.root'], 'userfiles': [], 'primarydataset': '', 'inputdata': '/ZGToLLG_01J_5f_TuneCP5_13TeV-amcatnloFXFX-pythia8/RunIISummer19UL18NanoAODv2-106X_upgrade2018_realistic_v15_L1v1-v1/NANOAODSIM', 'dryrun': 0, 'workflow': 'crab_ZGToLLG_01J_5f_TuneCP5_13TeV-amcatnloFXFX-pythia8_2018', 'scriptargs': ['isdata=MC', 'year=2018'], 'sitewhitelist': ['T2_US_MIT', 'T2_US_Wisconsin', 'T2_US_Purdue', 'T2_US_UCSD', 'T2_US_Caltech', 'T2_US_Nebraska'], 'nonprodsw': 1, 'tfileoutfiles': [], 'oneEventMode': 0, 'debugfilename': 'b462a9a093b44adc6fc307e976b1377d9404579461e584ee236c468b110d2e34.tar.gz', 'cacheurl': u'https://cmsweb.cern.ch:8443/crabcache', 'saveoutput': 1, 'publication': 0, 'jobarch': 'slc7_amd64_gcc820', 'totalunits': 0, 'splitalgo': 'FileBased', 'ignoreglobalblacklist': 0, 'nonvaliddata': 1, 'dbsurl': 'https://cmsweb.cern.ch/dbs/prod/global/DBSReader', 'publishgroupname': 0, 'jobtype': 'Analysis', 'publishname2': 'ZGToLLG_01J_5f_TuneCP5_13TeV-amcatnloFXFX-pythia8_2018'} 
DEBUG 2021-05-19 06:14:37.158 UTC: 	 Encoded submit request: maxjobruntime=1250&ignorelocality=1&savelogsflag=0&useparent=0&scriptexe=WWG_crab_script.sh&asyncdest=T3_CH_CERNBOX&algoargs=1&cachefilename=e01c20793642b9255995af3f50a0f192b3d717d5a5872d7f953734d42b446b95.tar.gz&numcores=1&generator=pythia&maxmemory=2000&publishdbsurl=https%3A%2F%2Fcmsweb.cern.ch%2Fdbs%2Fprod%2Fphys03%2FDBSWriter&priority=10&jobsw=CMSSW_10_6_20&primarydataset=&inputdata=%2FZGToLLG_01J_5f_TuneCP5_13TeV-amcatnloFXFX-pythia8%2FRunIISummer19UL18NanoAODv2-106X_upgrade2018_realistic_v15_L1v1-v1%2FNANOAODSIM&dryrun=0&workflow=crab_ZGToLLG_01J_5f_TuneCP5_13TeV-amcatnloFXFX-pythia8_2018&nonprodsw=1&oneEventMode=0&debugfilename=b462a9a093b44adc6fc307e976b1377d9404579461e584ee236c468b110d2e34.tar.gz&cacheurl=https%3A%2F%2Fcmsweb.cern.ch%3A8443%2Fcrabcache&saveoutput=1&publication=0&jobarch=slc7_amd64_gcc820&totalunits=0&splitalgo=FileBased&ignoreglobalblacklist=0&nonvaliddata=1&dbsurl=https%3A%2F%2Fcmsweb.cern.ch%2Fdbs%2Fprod%2Fglobal%2FDBSReader&publishgroupname=0&jobtype=Analysis&publishname2=ZGToLLG_01J_5f_TuneCP5_13TeV-amcatnloFXFX-pythia8_2018&sitewhitelist=T2_US_MIT&sitewhitelist=T2_US_Wisconsin&sitewhitelist=T2_US_Purdue&sitewhitelist=T2_US_UCSD&sitewhitelist=T2_US_Caltech&sitewhitelist=T2_US_Nebraska&edmoutfiles=tree.root&scriptargs=isdata%3DMC&scriptargs=year%3D2018
DEBUG 2021-05-19 06:14:37.321 UTC: 	 Result: {u'result': [{u'RequestName': u'210519_061437:yian_crab_ZGToLLG_01J_5f_TuneCP5_13TeV-amcatnloFXFX-pythia8_2018'}]}
INFO 2021-05-19 06:14:37.324 UTC: 	 Success: Your task has been delivered to the prod CRAB3 server.
INFO 2021-05-19 06:14:37.324 UTC: 	 Task name: 210519_061437:yian_crab_ZGToLLG_01J_5f_TuneCP5_13TeV-amcatnloFXFX-pythia8_2018
INFO 2021-05-19 06:14:37.324 UTC: 	 Project dir: crab2018/crab_ZGToLLG_01J_5f_TuneCP5_13TeV-amcatnloFXFX-pythia8_2018
INFO 2021-05-19 06:14:37.324 UTC: 	 Please use ' crab status -d crab2018/crab_ZGToLLG_01J_5f_TuneCP5_13TeV-amcatnloFXFX-pythia8_2018 ' to check how the submission process proceeds.
DEBUG 2021-05-19 06:14:37.324 UTC: 	 About to return
INFO 2021-05-19 06:14:37.327 UTC: 	 Log file is /afs/cern.ch/work/y/yian/work/GZ/CMSSW_10_6_20/src/PhysicsTools/NanoAODTools/WWG/2018/fakephoton_crab/crab2018/crab_ZGToLLG_01J_5f_TuneCP5_13TeV-amcatnloFXFX-pythia8_2018/crab.log
DEBUG 2021-05-19 07:55:27.818 UTC: 	 CRAB Client version: v3.210323
DEBUG 2021-05-19 07:55:27.818 UTC: 	 Running on: Linux lxplus727.cern.ch 3.10.0-1160.24.1.el7.x86_64 #1 SMP Thu Apr 8 19:51:47 UTC 2021 x86_64 x86_64 x86_64 GNU/Linux - CentOS Linux 7 (Core)
DEBUG 2021-05-19 07:55:27.818 UTC: 	 Executing command: 'status'
DEBUG 2021-05-19 07:55:27.818 UTC: 	 Found CRAB cache file /afs/cern.ch/user/y/yian/.crab3
DEBUG 2021-05-19 07:55:27.951 UTC: 	 Checking credentials
DEBUG 2021-05-19 07:55:27.951 UTC: 	 Found proxy file /tmp/x509up_u110046
DEBUG 2021-05-19 07:55:27.951 UTC: 	 Getting proxy life time left
DEBUG 2021-05-19 07:55:28.557 UTC: 	 Executing : 
 command : voms-proxy-info -file /tmp/x509up_u110046 -timeleft
 output : 541786

 error: 
 retcode : 0
DEBUG 2021-05-19 07:55:29.163 UTC: 	 Executing : 
 command : voms-proxy-info -file /tmp/x509up_u110046 -actimeleft
 output : 541785

 error: 
 retcode : 0
DEBUG 2021-05-19 07:55:29.163 UTC: 	 Proxy lifetime 541786 secs is different from voms extension lifetime 541785 secs for proxy: /tmp/x509up_u110046
DEBUG 2021-05-19 07:55:29.163 UTC: 	 Proxy valid for 150:29:45 hours
DEBUG 2021-05-19 07:55:29.261 UTC: 	 Registering user credentials for server /DC=ch/DC=cern/OU=computers/CN=vocms0105.cern.ch|/DC=ch/DC=cern/OU=computers/CN=crab-(preprod|prod|dev)-tw(02|01).cern.ch|/DC=ch/DC=cern/OU=computers/CN=(ddi|ddidk|mytw).cern.ch|/DC=ch/DC=cern/OU=computers/CN=stefanov(m|m2).cern.ch
DEBUG 2021-05-19 07:55:29.975 UTC: 	 Executing : 
 command : voms-proxy-info -file /tmp/x509up_u110046 -identity
 output : /DC=ch/DC=cern/OU=Organic Units/OU=Users/CN=yian/CN=826694/CN=Ying An

 error: 
 retcode : 0
DEBUG 2021-05-19 07:55:29.982 UTC: 	 Getting myproxy life time left for myproxy.cern.ch
DEBUG 2021-05-19 07:55:29.982 UTC: 	 using b52ac606a6f7097e9b4b8f05a3a67cc69f8f291b as credential login name
DEBUG 2021-05-19 07:55:30.386 UTC: 	 Executing : 
 command : myproxy-info -l b52ac606a6f7097e9b4b8f05a3a67cc69f8f291b -s myproxy.cern.ch
 output : username: b52ac606a6f7097e9b4b8f05a3a67cc69f8f291b
owner: /DC=ch/DC=cern/OU=Organic Units/OU=Users/CN=yian/CN=826694/CN=Ying An
  renewal policy: /DC=ch/DC=cern/OU=computers/CN=vocms0105.cern.ch|/DC=ch/DC=cern/OU=computers/CN=crab-(preprod|prod|dev)-tw(02|01).cern.ch|/DC=ch/DC=cern/OU=computers/CN=(ddi|ddidk|mytw).cern.ch|/DC=ch/DC=cern/OU=computers/CN=stefanov(m|m2).cern.ch
  trusted retrieval policy: /DC=ch/DC=cern/OU=computers/CN=vocms0105.cern.ch|/DC=ch/DC=cern/OU=computers/CN=crab-(preprod|prod|dev)-tw(02|01).cern.ch|/DC=ch/DC=cern/OU=computers/CN=(ddi|ddidk|mytw).cern.ch|/DC=ch/DC=cern/OU=computers/CN=stefanov(m|m2).cern.ch
  timeleft: 679:07:20  (28.3 days)

 error: 
 retcode : 0
DEBUG 2021-05-19 07:55:30.388 UTC: 	 Myproxy is valid: 2444840
DEBUG 2021-05-19 07:55:30.388 UTC: 	 Retrieving username ...
DEBUG 2021-05-19 07:55:30.388 UTC: 	 Retrieving username from CRIC...
DEBUG 2021-05-19 07:55:31.126 UTC: 	 username is yian
DEBUG 2021-05-19 07:55:31.132 UTC: 	 Getting myproxy life time left for myproxy.cern.ch
DEBUG 2021-05-19 07:55:31.133 UTC: 	 using yian_CRAB as credential login name
DEBUG 2021-05-19 07:55:31.637 UTC: 	 Executing : 
 command : myproxy-info -l yian_CRAB -s myproxy.cern.ch
 output : username: yian_CRAB
owner: /DC=ch/DC=cern/OU=Organic Units/OU=Users/CN=yian/CN=826694/CN=Ying An
  renewal policy: /DC=ch/DC=cern/OU=computers/CN=vocms0105.cern.ch|/DC=ch/DC=cern/OU=computers/CN=crab-(preprod|prod|dev)-tw(02|01).cern.ch|/DC=ch/DC=cern/OU=computers/CN=(ddi|ddidk|mytw).cern.ch|/DC=ch/DC=cern/OU=computers/CN=stefanov(m|m2).cern.ch
  trusted retrieval policy: /DC=ch/DC=cern/OU=computers/CN=vocms0105.cern.ch|/DC=ch/DC=cern/OU=computers/CN=crab-(preprod|prod|dev)-tw(02|01).cern.ch|/DC=ch/DC=cern/OU=computers/CN=(ddi|ddidk|mytw).cern.ch|/DC=ch/DC=cern/OU=computers/CN=stefanov(m|m2).cern.ch
  timeleft: 679:08:34  (28.3 days)

 error: 
 retcode : 0
DEBUG 2021-05-19 07:55:31.637 UTC: 	 Myproxy is valid: 2444914
DEBUG 2021-05-19 07:55:31.638 UTC: 	 Result of myproxy credential check:
  Credential exists on myproxy: username: b52ac606a6f7097e9b4b8f05a3a67cc69f8f291b  - validity: 28 days, 7:07:20
  Credential exists on myproxy: username: yian_CRAB  - validity: 28 days, 7:08:34
DEBUG 2021-05-19 07:55:31.638 UTC: 	 Command use: status
DEBUG 2021-05-19 07:55:31.639 UTC: 	 Options use: ['-d', 'crab2018/crab_ZGToLLG_01J_5f_TuneCP5_13TeV-amcatnloFXFX-pythia8_2018']
DEBUG 2021-05-19 07:55:31.700 UTC: 	 CRABClient version: v3.210323
DEBUG 2021-05-19 07:55:31.700 UTC: 	 Instance is prod
DEBUG 2021-05-19 07:55:31.700 UTC: 	 Server base url is cmsweb.cern.ch
DEBUG 2021-05-19 07:55:31.700 UTC: 	 Command url /crabserver/prod/workflow
DEBUG 2021-05-19 07:55:31.779 UTC: 	 Got information from server oracle database: {u'result': [u'210519_061437:yian_crab_ZGToLLG_01J_5f_TuneCP5_13TeV-amcatnloFXFX-pythia8_2018', u'None', u'None', u'SUBMITTED', u'SUBMIT', u'2021-05-19 06:14:37.313836', u'None', u'2021-05-19 06:15:08.203378', u'None', u'CMSSW_10_6_20', u'slc7_amd64_gcc820', u'/ZGToLLG_01J_5f_TuneCP5_13TeV-amcatnloFXFX-pythia8/RunIISummer19UL18NanoAODv2-106X_upgrade2018_realistic_v15_L1v1-v1/NANOAODSIM', u'T', u'0', u"['T2_US_UCSD', 'T2_US_Wisconsin', 'T2_US_MIT', 'T2_US_Caltech', 'T2_US_Purdue', 'T2_US_Nebraska']", u'[]', u'FileBased', u"{'splitOnRun': False, 'halt_job_on_file_boundaries': False, 'files_per_job': 1, 'runs': [], 'lumis': []}", u'e01c20793642b9255995af3f50a0f192b3d717d5a5872d7f953734d42b446b95.tar.gz', u'https://cmsweb.cern.ch:8443/crabcache', u'yian', u'/DC=ch/DC=cern/OU=Organic Units/OU=Users/CN=yian/CN=826694/CN=Ying An', u'cms', u'None', u'None', u'ZGToLLG_01J_5f_TuneCP5_13TeV-amcatnloFXFX-pythia8_2018-00000000000000000000000000000000', u'F', u'T3_CH_CERNBOX', u'https://cmsweb.cern.ch/dbs/prod/global/DBSReader', u'https://cmsweb.cern.ch/dbs/prod/phys03/DBSWriter', u'F', u'[]', u'[]', u"['tree.root']", u'Analysis', u'pythia', u'None', u'{}', u'[]', u'F', u'crab-prod-tw01', u'[]', u'1250', u'1', u'2000', u'10', u"['/ZGToLLG_01J_5f_TuneCP5_13TeV-amcatnloFXFX-pythia8/yian-ZGToLLG_01J_5f_TuneCP5_13TeV-amcatnloFXFX-pythia8_2018-79132d624dd3520ee2a7d08026bbccfc/USER']", u'[]', u'http://vocms0107.cern.ch/mon/cms1407/210519_061437:yian_crab_ZGToLLG_01J_5f_TuneCP5_13TeV-amcatnloFXFX-pythia8_2018', u'WWG_crab_script.sh', u"['isdata=MC', 'year=2018']", u'[]', u'https://cmsweb.cern.ch/crabserver/prod', u'cmsgwms-collector-global.cern.ch:9620,cmsgwms-collector-global.fnal.gov:9620', u'crab3@vocms0107.cern.ch', u'F', u'[]', u'T', u'/store/user/yian/', u'T', u'None', u'F', u'None', u'ZGToLLG_01J_5f_TuneCP5_13TeV-amcatnloFXFX-pythia8', u'None', u'b462a9a093b44adc6fc307e976b1377d9404579461e584ee236c468b110d2e34.tar.gz', u'67371194', u'filetransfers', u'F', u'188.185.90.95', u'0.0', u'None'], u'desc': {u'columns': [u'tm_taskname', u'tm_activity', u'panda_jobset_id', u'tm_task_status', u'tm_task_command', u'tm_start_time', u'tm_start_injection', u'tm_end_injection', u'tm_task_failure', u'tm_job_sw', u'tm_job_arch', u'tm_input_dataset', u'tm_nonvalid_input_dataset', u'tm_use_parent', u'tm_site_whitelist', u'tm_site_blacklist', u'tm_split_algo', u'tm_split_args', u'tm_user_sandbox', u'tm_cache_url', u'tm_username', u'tm_user_dn', u'tm_user_vo', u'tm_user_role', u'tm_user_group', u'tm_publish_name', u'tm_publish_groupname', u'tm_asyncdest', u'tm_dbs_url', u'tm_publish_dbs_url', u'tm_publication', u'tm_outfiles', u'tm_tfile_outfiles', u'tm_edm_outfiles', u'tm_job_type', u'tm_generator', u'tm_events_per_lumi', u'tm_arguments', u'panda_resubmitted_jobs', u'tm_save_logs', u'tw_name', u'tm_user_infiles', u'tm_maxjobruntime', u'tm_numcores', u'tm_maxmemory', u'tm_priority', u'tm_output_dataset', u'tm_task_warnings', u'tm_user_webdir', u'tm_scriptexe', u'tm_scriptargs', u'tm_extrajdl', u'tm_asourl', u'tm_collector', u'tm_schedd', u'tm_dry_run', u'tm_user_files', u'tm_transfer_outputs', u'tm_output_lfn', u'tm_ignore_locality', u'tm_fail_limit', u'tm_one_event_mode', u'tm_secondary_input_dataset', u'tm_primary_dataset', u'tm_last_publication', u'tm_debug_files', u'clusterid', u'tm_asodb', u'tm_ignore_global_blacklist', u'tm_submitter_ip_addr', u'tm_totalunits', u'tm_ddm_reqid']}}
INFO 2021-05-19 07:55:31.779 UTC: 	 CRAB project directory:		/afs/cern.ch/work/y/yian/work/GZ/CMSSW_10_6_20/src/PhysicsTools/NanoAODTools/WWG/2018/fakephoton_crab/crab2018/crab_ZGToLLG_01J_5f_TuneCP5_13TeV-amcatnloFXFX-pythia8_2018
INFO 2021-05-19 07:55:31.779 UTC: 	 Task name:			210519_061437:yian_crab_ZGToLLG_01J_5f_TuneCP5_13TeV-amcatnloFXFX-pythia8_2018
INFO 2021-05-19 07:55:31.779 UTC: 	 Grid scheduler - Task Worker:	crab3@vocms0107.cern.ch - crab-prod-tw01
INFO 2021-05-19 07:55:31.779 UTC: 	 Status on the CRAB server:	SUBMITTED
INFO 2021-05-19 07:55:31.780 UTC: 	 Task URL to use for HELP:	https://cmsweb.cern.ch/crabserver/ui/task/210519_061437%3Ayian_crab_ZGToLLG_01J_5f_TuneCP5_13TeV-amcatnloFXFX-pythia8_2018
INFO 2021-05-19 07:55:31.783 UTC: 	 Dashboard monitoring URL:	https://monit-grafana.cern.ch/d/cmsTMDetail/cms-task-monitoring-task-view?orgId=11&var-user=yian&var-task=210519_061437%3Ayian_crab_ZGToLLG_01J_5f_TuneCP5_13TeV-amcatnloFXFX-pythia8_2018&from=1621401277000&to=now
DEBUG 2021-05-19 07:55:31.783 UTC: 	 The CRAB server submitted your task to the Grid scheduler (cluster ID: 67371194)
DEBUG 2021-05-19 07:55:31.783 UTC: 	 Webdir is located at http://vocms0107.cern.ch/mon/cms1407/210519_061437:yian_crab_ZGToLLG_01J_5f_TuneCP5_13TeV-amcatnloFXFX-pythia8_2018
DEBUG 2021-05-19 07:55:31.976 UTC: 	 Proxied webdir is located at https://cmsweb.cern.ch:8443/scheddmon/0107/cms1407/210519_061437:yian_crab_ZGToLLG_01J_5f_TuneCP5_13TeV-amcatnloFXFX-pythia8_2018
DEBUG 2021-05-19 07:55:31.976 UTC: 	 Retrieving 'status_cache' file from https://cmsweb.cern.ch:8443/scheddmon/0107/cms1407/210519_061437:yian_crab_ZGToLLG_01J_5f_TuneCP5_13TeV-amcatnloFXFX-pythia8_2018/status_cache
DEBUG 2021-05-19 07:55:32.032 UTC: 	 Got information from status cache file: {'20': {'Retries': 0, 'WallDurations': [9.0, 237.11087894439697, 5422.0], 'StartTimes': [1621405066.0], 'SubmitTimes': [1621404921.0], 'JobIds': ['67371217.0'], 'EndTimes': [], 'Restarts': 0, 'RecordedSite': True, 'State': 'running', 'ResidentSetSize': [493260], 'TotalUserCpuTimeHistory': [122.0], 'SiteHistory': ['Unknown', 'T2_US_MIT', 'T2_US_MIT'], 'TotalSysCpuTimeHistory': [9.0]}, '21': {'Retries': 0, 'WallDurations': [9.0, 207.11087894439697, 3245.0], 'StartTimes': [1621405096.0], 'SubmitTimes': [1621404920.0], 'JobIds': ['67371216.0'], 'EndTimes': [1621408341.0], 'Restarts': 0, 'RecordedSite': True, 'State': 'finished', 'ResidentSetSize': [422248], 'TotalUserCpuTimeHistory': [144], 'SiteHistory': ['Unknown', 'T2_US_MIT', 'T2_US_MIT'], 'TotalSysCpuTimeHistory': [4]}, '1': {'Retries': 0, 'WallDurations': [9.0, 236.11087894439697, 3055.0], 'StartTimes': [1621405067.0], 'SubmitTimes': [1621404917.0], 'JobIds': ['67371197.0'], 'EndTimes': [1621408122.0], 'Restarts': 0, 'RecordedSite': True, 'State': 'finished', 'ResidentSetSize': [369360], 'TotalUserCpuTimeHistory': [132], 'SiteHistory': ['Unknown', 'T2_US_MIT', 'T2_US_MIT'], 'TotalSysCpuTimeHistory': [4]}, '3': {'Retries': 0, 'WallDurations': [10.0, 216.11087894439697, 1000.0], 'StartTimes': [1621405087.0], 'SubmitTimes': [1621404918.0], 'JobIds': ['67371199.0'], 'EndTimes': [1621406087.0], 'Restarts': 0, 'RecordedSite': True, 'State': 'finished', 'ResidentSetSize': [610556], 'TotalUserCpuTimeHistory': [830], 'SiteHistory': ['Unknown', 'T2_US_Nebraska', 'T2_US_Nebraska'], 'TotalSysCpuTimeHistory': [30]}, '2': {'Retries': 0, 'WallDurations': [9.0, 230.11087894439697, 5421.0], 'StartTimes': [1621405073.0], 'SubmitTimes': [1621404918.0], 'JobIds': ['67371198.0'], 'EndTimes': [], 'Restarts': 0, 'RecordedSite': True, 'State': 'running', 'ResidentSetSize': [462628], 'TotalUserCpuTimeHistory': [139.0], 'SiteHistory': ['Unknown', 'T2_US_MIT', 'T2_US_MIT'], 'TotalSysCpuTimeHistory': [9.0]}, '5': {'Retries': 0, 'WallDurations': [9.0, 206.11087894439697, 5420.0], 'StartTimes': [1621405097.0], 'SubmitTimes': [1621404918.0], 'JobIds': ['67371202.0'], 'EndTimes': [], 'Restarts': 0, 'RecordedSite': True, 'State': 'running', 'ResidentSetSize': [435316], 'TotalUserCpuTimeHistory': [109.0], 'SiteHistory': ['Unknown', 'T2_US_Caltech', 'T2_US_Caltech'], 'TotalSysCpuTimeHistory': [6.0]}, '4': {'Retries': 0, 'WallDurations': [10.0, 232.11087894439697, 5423.0], 'StartTimes': [1621405071.0], 'SubmitTimes': [1621404918.0], 'JobIds': ['67371200.0'], 'EndTimes': [], 'Restarts': 0, 'RecordedSite': True, 'State': 'running', 'ResidentSetSize': [501024], 'TotalUserCpuTimeHistory': [140.0], 'SiteHistory': ['Unknown', 'T2_US_MIT', 'T2_US_MIT'], 'TotalSysCpuTimeHistory': [10.0]}, '7': {'Retries': 0, 'WallDurations': [8.0, 236.11087894439697, 5415.0], 'StartTimes': [1621405067.0], 'SubmitTimes': [1621404919.0], 'JobIds': ['67371203.0'], 'EndTimes': [], 'Restarts': 0, 'RecordedSite': True, 'State': 'running', 'ResidentSetSize': [389496], 'TotalUserCpuTimeHistory': [167.0], 'SiteHistory': ['Unknown', 'T2_US_Wisconsin', 'T2_US_Wisconsin'], 'TotalSysCpuTimeHistory': [8.0]}, '6': {'Retries': 0, 'WallDurations': [8.0, 238.11087894439697, 5416.0], 'StartTimes': [1621405065.0], 'SubmitTimes': [1621404918.0], 'JobIds': ['67371201.0'], 'EndTimes': [], 'Restarts': 0, 'RecordedSite': True, 'State': 'running', 'ResidentSetSize': [503556], 'TotalUserCpuTimeHistory': [143.0], 'SiteHistory': ['Unknown', 'T2_US_MIT', 'T2_US_MIT'], 'TotalSysCpuTimeHistory': [5.0]}, '9': {'Retries': 0, 'WallDurations': [8.0, 216.11087894439697, 5418.0], 'StartTimes': [1621405087.0], 'SubmitTimes': [1621404919.0], 'JobIds': ['67371206.0'], 'EndTimes': [], 'Restarts': 0, 'RecordedSite': True, 'State': 'running', 'ResidentSetSize': [513456], 'TotalUserCpuTimeHistory': [80.0], 'SiteHistory': ['Unknown', 'T2_US_Wisconsin', 'T2_US_Wisconsin'], 'TotalSysCpuTimeHistory': [7.0]}, '8': {'Retries': 0, 'WallDurations': [10.0, 225.11087894439697, 1600.0], 'StartTimes': [1621405078.0], 'SubmitTimes': [1621404919.0], 'JobIds': ['67371204.0'], 'EndTimes': [1621406678.0], 'Restarts': 0, 'RecordedSite': True, 'State': 'finished', 'ResidentSetSize': [590648], 'TotalUserCpuTimeHistory': [1409], 'SiteHistory': ['Unknown', 'T2_US_Nebraska', 'T2_US_Nebraska'], 'TotalSysCpuTimeHistory': [50]}, '11': {'Retries': 0, 'WallDurations': [9.0, 194.11087894439697, 5419.0], 'StartTimes': [1621405109.0], 'SubmitTimes': [1621404919.0], 'JobIds': ['67371205.0'], 'EndTimes': [], 'Restarts': 0, 'RecordedSite': True, 'State': 'running', 'ResidentSetSize': [461908], 'TotalUserCpuTimeHistory': [107.0], 'SiteHistory': ['Unknown', 'T2_US_Caltech', 'T2_US_Caltech'], 'TotalSysCpuTimeHistory': [6.0]}, '10': {'Retries': 0, 'WallDurations': [9.0, 220.11087894439697, 5417.0], 'StartTimes': [1621405083.0], 'SubmitTimes': [1621404919.0], 'JobIds': ['67371207.0'], 'EndTimes': [], 'Restarts': 0, 'RecordedSite': True, 'State': 'running', 'ResidentSetSize': [448376], 'TotalUserCpuTimeHistory': [73.0], 'SiteHistory': ['Unknown', 'T2_US_Purdue', 'T2_US_Purdue'], 'TotalSysCpuTimeHistory': [12.0]}, '13': {'Retries': 0, 'WallDurations': [9.0, 230.11087894439697, 5418.0], 'StartTimes': [1621405073.0], 'SubmitTimes': [1621404919.0], 'JobIds': ['67371209.0'], 'EndTimes': [], 'Restarts': 0, 'RecordedSite': True, 'State': 'running', 'ResidentSetSize': [501208], 'TotalUserCpuTimeHistory': [139.0], 'SiteHistory': ['Unknown', 'T2_US_MIT', 'T2_US_MIT'], 'TotalSysCpuTimeHistory': [9.0]}, '12': {'Retries': 0, 'WallDurations': [10.0, 239.11087894439697, 5422.0], 'StartTimes': [1621405064.0], 'SubmitTimes': [1621404919.0], 'JobIds': ['67371208.0'], 'EndTimes': [], 'Restarts': 0, 'RecordedSite': True, 'State': 'running', 'ResidentSetSize': [434556], 'TotalUserCpuTimeHistory': [131.0], 'SiteHistory': ['Unknown', 'T2_US_MIT', 'T2_US_MIT'], 'TotalSysCpuTimeHistory': [5.0]}, '15': {'Retries': 0, 'WallDurations': [8.0, 226.11087894439697, 5416.0], 'StartTimes': [1621405077.0], 'SubmitTimes': [1621404919.0], 'JobIds': ['67371210.0'], 'EndTimes': [], 'Restarts': 0, 'RecordedSite': True, 'State': 'running', 'ResidentSetSize': [502896], 'TotalUserCpuTimeHistory': [129.0], 'SiteHistory': ['Unknown', 'T2_US_MIT', 'T2_US_MIT'], 'TotalSysCpuTimeHistory': [9.0]}, '14': {'Retries': 0, 'WallDurations': [8.0, 216.11087894439697, 5418.0], 'StartTimes': [1621405087.0], 'SubmitTimes': [1621404920.0], 'JobIds': ['67371211.0'], 'EndTimes': [], 'Restarts': 0, 'RecordedSite': True, 'State': 'running', 'ResidentSetSize': [395288], 'TotalUserCpuTimeHistory': [104.0], 'SiteHistory': ['Unknown', 'T2_US_MIT', 'T2_US_MIT'], 'TotalSysCpuTimeHistory': [4.0]}, '17': {'Retries': 0, 'WallDurations': [9.0, 237.11087894439697, 5419.0], 'StartTimes': [1621405066.0], 'SubmitTimes': [1621404920.0], 'JobIds': ['67371213.0'], 'EndTimes': [], 'Restarts': 0, 'RecordedSite': True, 'State': 'running', 'ResidentSetSize': [434192], 'TotalUserCpuTimeHistory': [168.0], 'SiteHistory': ['Unknown', 'T2_US_Wisconsin', 'T2_US_Wisconsin'], 'TotalSysCpuTimeHistory': [9.0]}, '16': {'Retries': 0, 'WallDurations': [9.0, 237.11087894439697, 5424.0], 'StartTimes': [1621405066.0], 'SubmitTimes': [1621404920.0], 'JobIds': ['67371212.0'], 'EndTimes': [], 'Restarts': 0, 'RecordedSite': True, 'State': 'running', 'ResidentSetSize': [501132], 'TotalUserCpuTimeHistory': [139.0], 'SiteHistory': ['Unknown', 'T2_US_MIT', 'T2_US_MIT'], 'TotalSysCpuTimeHistory': [5.0]}, '19': {'Retries': 0, 'WallDurations': [9.0, 231.11087894439697, 5416.0], 'StartTimes': [1621405072.0], 'SubmitTimes': [1621404920.0], 'JobIds': ['67371215.0'], 'EndTimes': [], 'Restarts': 0, 'RecordedSite': True, 'State': 'running', 'ResidentSetSize': [459376], 'TotalUserCpuTimeHistory': [145.0], 'SiteHistory': ['Unknown', 'T2_US_Wisconsin', 'T2_US_Wisconsin'], 'TotalSysCpuTimeHistory': [11.0]}, '18': {'Retries': 0, 'WallDurations': [8.0, 238.11087894439697, 5415.0], 'StartTimes': [1621405065.0], 'SubmitTimes': [1621404920.0], 'JobIds': ['67371214.0'], 'EndTimes': [], 'Restarts': 0, 'RecordedSite': True, 'State': 'running', 'ResidentSetSize': [437004], 'TotalUserCpuTimeHistory': [127.0], 'SiteHistory': ['Unknown', 'T2_US_MIT', 'T2_US_MIT'], 'TotalSysCpuTimeHistory': [9.0]}}
INFO 2021-05-19 07:55:32.032 UTC: 	 Status on the scheduler:	SUBMITTED
INFO 2021-05-19 07:55:32.032 UTC: 	 
Jobs status:                    finished     		 19.0% ( 4/21)
INFO 2021-05-19 07:55:32.032 UTC: 	 				running      		 81.0% (17/21)
INFO 2021-05-19 07:55:32.032 UTC: 	 
No publication information (publication has been disabled in the CRAB configuration file)
INFO 2021-05-19 07:55:32.033 UTC: 	 
Warning: the max jobs runtime is less than 30% of the task requested value (1250 min), please consider to request a lower value for failed jobs (allowed through crab resubmit) and/or improve the jobs splitting (e.g. config.Data.splitting = 'Automatic') in a new task.
INFO 2021-05-19 07:55:32.033 UTC: 	 
Warning: the average jobs CPU efficiency is less than 50%, please consider to improve the jobs splitting (e.g. config.Data.splitting = 'Automatic') in a new task
INFO 2021-05-19 07:55:32.033 UTC: 	 
Summary of run jobs:
 * Memory: 360MB min, 596MB max, 487MB ave
 * Runtime: 0:16:40 min, 0:54:05 max, 0:37:05 ave
 * CPU eff: 4% min, 91% max, 29% ave
 * Waste: 0:15:22 (9% of total)

INFO 2021-05-19 07:55:32.065 UTC: 	 Log file is /afs/cern.ch/work/y/yian/work/GZ/CMSSW_10_6_20/src/PhysicsTools/NanoAODTools/WWG/2018/fakephoton_crab/crab2018/crab_ZGToLLG_01J_5f_TuneCP5_13TeV-amcatnloFXFX-pythia8_2018/crab.log
DEBUG 2021-05-19 12:07:29.925 UTC: 	 CRAB Client version: v3.210323
DEBUG 2021-05-19 12:07:29.926 UTC: 	 Running on: Linux lxplus727.cern.ch 3.10.0-1160.24.1.el7.x86_64 #1 SMP Thu Apr 8 19:51:47 UTC 2021 x86_64 x86_64 x86_64 GNU/Linux - CentOS Linux 7 (Core)
DEBUG 2021-05-19 12:07:29.926 UTC: 	 Executing command: 'status'
DEBUG 2021-05-19 12:07:29.926 UTC: 	 Found CRAB cache file /afs/cern.ch/user/y/yian/.crab3
DEBUG 2021-05-19 12:07:30.089 UTC: 	 Checking credentials
DEBUG 2021-05-19 12:07:30.089 UTC: 	 Found proxy file /tmp/x509up_u110046
DEBUG 2021-05-19 12:07:30.089 UTC: 	 Getting proxy life time left
DEBUG 2021-05-19 12:07:30.797 UTC: 	 Executing : 
 command : voms-proxy-info -file /tmp/x509up_u110046 -timeleft
 output : 526664

 error: 
 retcode : 0
DEBUG 2021-05-19 12:07:31.605 UTC: 	 Executing : 
 command : voms-proxy-info -file /tmp/x509up_u110046 -actimeleft
 output : 526663

 error: 
 retcode : 0
DEBUG 2021-05-19 12:07:31.605 UTC: 	 Proxy lifetime 526664 secs is different from voms extension lifetime 526663 secs for proxy: /tmp/x509up_u110046
DEBUG 2021-05-19 12:07:31.605 UTC: 	 Proxy valid for 146:17:43 hours
DEBUG 2021-05-19 12:07:31.726 UTC: 	 Registering user credentials for server /DC=ch/DC=cern/OU=computers/CN=vocms0105.cern.ch|/DC=ch/DC=cern/OU=computers/CN=crab-(preprod|prod|dev)-tw(02|01).cern.ch|/DC=ch/DC=cern/OU=computers/CN=(ddi|ddidk|mytw).cern.ch|/DC=ch/DC=cern/OU=computers/CN=stefanov(m|m2).cern.ch
DEBUG 2021-05-19 12:07:32.445 UTC: 	 Executing : 
 command : voms-proxy-info -file /tmp/x509up_u110046 -identity
 output : /DC=ch/DC=cern/OU=Organic Units/OU=Users/CN=yian/CN=826694/CN=Ying An

 error: 
 retcode : 0
DEBUG 2021-05-19 12:07:32.453 UTC: 	 Getting myproxy life time left for myproxy.cern.ch
DEBUG 2021-05-19 12:07:32.453 UTC: 	 using b52ac606a6f7097e9b4b8f05a3a67cc69f8f291b as credential login name
DEBUG 2021-05-19 12:07:33.061 UTC: 	 Executing : 
 command : myproxy-info -l b52ac606a6f7097e9b4b8f05a3a67cc69f8f291b -s myproxy.cern.ch
 output : username: b52ac606a6f7097e9b4b8f05a3a67cc69f8f291b
owner: /DC=ch/DC=cern/OU=Organic Units/OU=Users/CN=yian/CN=826694/CN=Ying An
  renewal policy: /DC=ch/DC=cern/OU=computers/CN=vocms0105.cern.ch|/DC=ch/DC=cern/OU=computers/CN=crab-(preprod|prod|dev)-tw(02|01).cern.ch|/DC=ch/DC=cern/OU=computers/CN=(ddi|ddidk|mytw).cern.ch|/DC=ch/DC=cern/OU=computers/CN=stefanov(m|m2).cern.ch
  trusted retrieval policy: /DC=ch/DC=cern/OU=computers/CN=vocms0105.cern.ch|/DC=ch/DC=cern/OU=computers/CN=crab-(preprod|prod|dev)-tw(02|01).cern.ch|/DC=ch/DC=cern/OU=computers/CN=(ddi|ddidk|mytw).cern.ch|/DC=ch/DC=cern/OU=computers/CN=stefanov(m|m2).cern.ch
  timeleft: 674:55:18  (28.1 days)

 error: 
 retcode : 0
DEBUG 2021-05-19 12:07:33.062 UTC: 	 Myproxy is valid: 2429718
DEBUG 2021-05-19 12:07:33.062 UTC: 	 Retrieving username ...
DEBUG 2021-05-19 12:07:33.062 UTC: 	 Retrieving username from CRIC...
DEBUG 2021-05-19 12:07:33.751 UTC: 	 username is yian
DEBUG 2021-05-19 12:07:33.758 UTC: 	 Getting myproxy life time left for myproxy.cern.ch
DEBUG 2021-05-19 12:07:33.759 UTC: 	 using yian_CRAB as credential login name
DEBUG 2021-05-19 12:07:34.266 UTC: 	 Executing : 
 command : myproxy-info -l yian_CRAB -s myproxy.cern.ch
 output : username: yian_CRAB
owner: /DC=ch/DC=cern/OU=Organic Units/OU=Users/CN=yian/CN=826694/CN=Ying An
  renewal policy: /DC=ch/DC=cern/OU=computers/CN=vocms0105.cern.ch|/DC=ch/DC=cern/OU=computers/CN=crab-(preprod|prod|dev)-tw(02|01).cern.ch|/DC=ch/DC=cern/OU=computers/CN=(ddi|ddidk|mytw).cern.ch|/DC=ch/DC=cern/OU=computers/CN=stefanov(m|m2).cern.ch
  trusted retrieval policy: /DC=ch/DC=cern/OU=computers/CN=vocms0105.cern.ch|/DC=ch/DC=cern/OU=computers/CN=crab-(preprod|prod|dev)-tw(02|01).cern.ch|/DC=ch/DC=cern/OU=computers/CN=(ddi|ddidk|mytw).cern.ch|/DC=ch/DC=cern/OU=computers/CN=stefanov(m|m2).cern.ch
  timeleft: 674:56:31  (28.1 days)

 error: 
 retcode : 0
DEBUG 2021-05-19 12:07:34.266 UTC: 	 Myproxy is valid: 2429791
DEBUG 2021-05-19 12:07:34.266 UTC: 	 Result of myproxy credential check:
  Credential exists on myproxy: username: b52ac606a6f7097e9b4b8f05a3a67cc69f8f291b  - validity: 28 days, 2:55:18
  Credential exists on myproxy: username: yian_CRAB  - validity: 28 days, 2:56:31
DEBUG 2021-05-19 12:07:34.267 UTC: 	 Command use: status
DEBUG 2021-05-19 12:07:34.267 UTC: 	 Options use: ['-d', 'crab2018/crab_ZGToLLG_01J_5f_TuneCP5_13TeV-amcatnloFXFX-pythia8_2018']
DEBUG 2021-05-19 12:07:34.377 UTC: 	 CRABClient version: v3.210323
DEBUG 2021-05-19 12:07:34.377 UTC: 	 Instance is prod
DEBUG 2021-05-19 12:07:34.377 UTC: 	 Server base url is cmsweb.cern.ch
DEBUG 2021-05-19 12:07:34.377 UTC: 	 Command url /crabserver/prod/workflow
DEBUG 2021-05-19 12:07:34.436 UTC: 	 Got information from server oracle database: {u'result': [u'210519_061437:yian_crab_ZGToLLG_01J_5f_TuneCP5_13TeV-amcatnloFXFX-pythia8_2018', u'None', u'None', u'SUBMITTED', u'SUBMIT', u'2021-05-19 06:14:37.313836', u'None', u'2021-05-19 06:15:08.203378', u'None', u'CMSSW_10_6_20', u'slc7_amd64_gcc820', u'/ZGToLLG_01J_5f_TuneCP5_13TeV-amcatnloFXFX-pythia8/RunIISummer19UL18NanoAODv2-106X_upgrade2018_realistic_v15_L1v1-v1/NANOAODSIM', u'T', u'0', u"['T2_US_UCSD', 'T2_US_Wisconsin', 'T2_US_MIT', 'T2_US_Caltech', 'T2_US_Purdue', 'T2_US_Nebraska']", u'[]', u'FileBased', u"{'splitOnRun': False, 'halt_job_on_file_boundaries': False, 'files_per_job': 1, 'runs': [], 'lumis': []}", u'e01c20793642b9255995af3f50a0f192b3d717d5a5872d7f953734d42b446b95.tar.gz', u'https://cmsweb.cern.ch:8443/crabcache', u'yian', u'/DC=ch/DC=cern/OU=Organic Units/OU=Users/CN=yian/CN=826694/CN=Ying An', u'cms', u'None', u'None', u'ZGToLLG_01J_5f_TuneCP5_13TeV-amcatnloFXFX-pythia8_2018-00000000000000000000000000000000', u'F', u'T3_CH_CERNBOX', u'https://cmsweb.cern.ch/dbs/prod/global/DBSReader', u'https://cmsweb.cern.ch/dbs/prod/phys03/DBSWriter', u'F', u'[]', u'[]', u"['tree.root']", u'Analysis', u'pythia', u'None', u'{}', u'[]', u'F', u'crab-prod-tw01', u'[]', u'1250', u'1', u'2000', u'10', u"['/ZGToLLG_01J_5f_TuneCP5_13TeV-amcatnloFXFX-pythia8/yian-ZGToLLG_01J_5f_TuneCP5_13TeV-amcatnloFXFX-pythia8_2018-79132d624dd3520ee2a7d08026bbccfc/USER']", u'[]', u'http://vocms0107.cern.ch/mon/cms1407/210519_061437:yian_crab_ZGToLLG_01J_5f_TuneCP5_13TeV-amcatnloFXFX-pythia8_2018', u'WWG_crab_script.sh', u"['isdata=MC', 'year=2018']", u'[]', u'https://cmsweb.cern.ch/crabserver/prod', u'cmsgwms-collector-global.cern.ch:9620,cmsgwms-collector-global.fnal.gov:9620', u'crab3@vocms0107.cern.ch', u'F', u'[]', u'T', u'/store/user/yian/', u'T', u'None', u'F', u'None', u'ZGToLLG_01J_5f_TuneCP5_13TeV-amcatnloFXFX-pythia8', u'None', u'b462a9a093b44adc6fc307e976b1377d9404579461e584ee236c468b110d2e34.tar.gz', u'67371194', u'filetransfers', u'F', u'188.185.90.95', u'0.0', u'None'], u'desc': {u'columns': [u'tm_taskname', u'tm_activity', u'panda_jobset_id', u'tm_task_status', u'tm_task_command', u'tm_start_time', u'tm_start_injection', u'tm_end_injection', u'tm_task_failure', u'tm_job_sw', u'tm_job_arch', u'tm_input_dataset', u'tm_nonvalid_input_dataset', u'tm_use_parent', u'tm_site_whitelist', u'tm_site_blacklist', u'tm_split_algo', u'tm_split_args', u'tm_user_sandbox', u'tm_cache_url', u'tm_username', u'tm_user_dn', u'tm_user_vo', u'tm_user_role', u'tm_user_group', u'tm_publish_name', u'tm_publish_groupname', u'tm_asyncdest', u'tm_dbs_url', u'tm_publish_dbs_url', u'tm_publication', u'tm_outfiles', u'tm_tfile_outfiles', u'tm_edm_outfiles', u'tm_job_type', u'tm_generator', u'tm_events_per_lumi', u'tm_arguments', u'panda_resubmitted_jobs', u'tm_save_logs', u'tw_name', u'tm_user_infiles', u'tm_maxjobruntime', u'tm_numcores', u'tm_maxmemory', u'tm_priority', u'tm_output_dataset', u'tm_task_warnings', u'tm_user_webdir', u'tm_scriptexe', u'tm_scriptargs', u'tm_extrajdl', u'tm_asourl', u'tm_collector', u'tm_schedd', u'tm_dry_run', u'tm_user_files', u'tm_transfer_outputs', u'tm_output_lfn', u'tm_ignore_locality', u'tm_fail_limit', u'tm_one_event_mode', u'tm_secondary_input_dataset', u'tm_primary_dataset', u'tm_last_publication', u'tm_debug_files', u'clusterid', u'tm_asodb', u'tm_ignore_global_blacklist', u'tm_submitter_ip_addr', u'tm_totalunits', u'tm_ddm_reqid']}}
INFO 2021-05-19 12:07:34.437 UTC: 	 CRAB project directory:		/afs/cern.ch/work/y/yian/work/GZ/CMSSW_10_6_20/src/PhysicsTools/NanoAODTools/WWG/2018/fakephoton_crab/crab2018/crab_ZGToLLG_01J_5f_TuneCP5_13TeV-amcatnloFXFX-pythia8_2018
INFO 2021-05-19 12:07:34.437 UTC: 	 Task name:			210519_061437:yian_crab_ZGToLLG_01J_5f_TuneCP5_13TeV-amcatnloFXFX-pythia8_2018
INFO 2021-05-19 12:07:34.437 UTC: 	 Grid scheduler - Task Worker:	crab3@vocms0107.cern.ch - crab-prod-tw01
INFO 2021-05-19 12:07:34.437 UTC: 	 Status on the CRAB server:	SUBMITTED
INFO 2021-05-19 12:07:34.437 UTC: 	 Task URL to use for HELP:	https://cmsweb.cern.ch/crabserver/ui/task/210519_061437%3Ayian_crab_ZGToLLG_01J_5f_TuneCP5_13TeV-amcatnloFXFX-pythia8_2018
INFO 2021-05-19 12:07:34.442 UTC: 	 Dashboard monitoring URL:	https://monit-grafana.cern.ch/d/cmsTMDetail/cms-task-monitoring-task-view?orgId=11&var-user=yian&var-task=210519_061437%3Ayian_crab_ZGToLLG_01J_5f_TuneCP5_13TeV-amcatnloFXFX-pythia8_2018&from=1621401277000&to=now
DEBUG 2021-05-19 12:07:34.442 UTC: 	 The CRAB server submitted your task to the Grid scheduler (cluster ID: 67371194)
DEBUG 2021-05-19 12:07:34.442 UTC: 	 Webdir is located at http://vocms0107.cern.ch/mon/cms1407/210519_061437:yian_crab_ZGToLLG_01J_5f_TuneCP5_13TeV-amcatnloFXFX-pythia8_2018
DEBUG 2021-05-19 12:07:34.494 UTC: 	 Proxied webdir is located at https://cmsweb.cern.ch:8443/scheddmon/0107/cms1407/210519_061437:yian_crab_ZGToLLG_01J_5f_TuneCP5_13TeV-amcatnloFXFX-pythia8_2018
DEBUG 2021-05-19 12:07:34.494 UTC: 	 Retrieving 'status_cache' file from https://cmsweb.cern.ch:8443/scheddmon/0107/cms1407/210519_061437:yian_crab_ZGToLLG_01J_5f_TuneCP5_13TeV-amcatnloFXFX-pythia8_2018/status_cache
DEBUG 2021-05-19 12:07:34.535 UTC: 	 Got information from status cache file: {'20': {'Retries': 0, 'WallDurations': [9.0, 237.11087894439697, 10060.0, 6619.0], 'StartTimes': [1621405066.0, 1621415259.0], 'SubmitTimes': [1621404921.0, -1], 'JobIds': ['67371217.0', '67371217.0'], 'EndTimes': [1621415126.0], 'Restarts': 1, 'RecordedSite': True, 'State': 'running', 'ResidentSetSize': [493260, 511432], 'TotalUserCpuTimeHistory': [161.0, 103.0], 'SiteHistory': ['Unknown', 'T2_US_MIT', 'T2_US_MIT', 'T2_US_Purdue'], 'TotalSysCpuTimeHistory': [12.0, 9.0]}, '21': {'Retries': 0, 'WallDurations': [9.0, 207.11087894439697, 3245.0], 'StartTimes': [1621405096.0], 'SubmitTimes': [1621404920.0], 'JobIds': ['67371216.0'], 'EndTimes': [1621408341.0], 'Restarts': 0, 'RecordedSite': True, 'State': 'finished', 'ResidentSetSize': [422248], 'TotalUserCpuTimeHistory': [144], 'SiteHistory': ['Unknown', 'T2_US_MIT', 'T2_US_MIT'], 'TotalSysCpuTimeHistory': [4]}, '1': {'Retries': 0, 'WallDurations': [9.0, 236.11087894439697, 3055.0], 'StartTimes': [1621405067.0], 'SubmitTimes': [1621404917.0], 'JobIds': ['67371197.0'], 'EndTimes': [1621408122.0], 'Restarts': 0, 'RecordedSite': True, 'State': 'finished', 'ResidentSetSize': [369360], 'TotalUserCpuTimeHistory': [132], 'SiteHistory': ['Unknown', 'T2_US_MIT', 'T2_US_MIT'], 'TotalSysCpuTimeHistory': [4]}, '3': {'Retries': 0, 'WallDurations': [10.0, 216.11087894439697, 1000.0], 'StartTimes': [1621405087.0], 'SubmitTimes': [1621404918.0], 'JobIds': ['67371199.0'], 'EndTimes': [1621406087.0], 'Restarts': 0, 'RecordedSite': True, 'State': 'finished', 'ResidentSetSize': [610556], 'TotalUserCpuTimeHistory': [830], 'SiteHistory': ['Unknown', 'T2_US_Nebraska', 'T2_US_Nebraska'], 'TotalSysCpuTimeHistory': [30]}, '2': {'Retries': 0, 'WallDurations': [9.0, 230.11087894439697, 10053.0, 310.0], 'StartTimes': [1621405073.0, 1621415254.0], 'SubmitTimes': [1621404918.0, -1], 'JobIds': ['67371198.0', '67371198.0'], 'EndTimes': [1621415126.0], 'Restarts': 1, 'RecordedSite': True, 'State': 'running', 'ResidentSetSize': [462628, 475000], 'TotalUserCpuTimeHistory': [188.0, 16.0], 'SiteHistory': ['Unknown', 'T2_US_MIT', 'T2_US_MIT', 'T2_US_MIT'], 'TotalSysCpuTimeHistory': [13.0, 0.0]}, '5': {'Retries': 0, 'WallDurations': [9.0, 206.11087894439697, 20749.0], 'StartTimes': [1621405097.0], 'SubmitTimes': [1621404918.0], 'JobIds': ['67371202.0'], 'EndTimes': [], 'Restarts': 0, 'RecordedSite': True, 'State': 'running', 'ResidentSetSize': [445268], 'TotalUserCpuTimeHistory': [391.0], 'SiteHistory': ['Unknown', 'T2_US_Caltech', 'T2_US_Caltech'], 'TotalSysCpuTimeHistory': [24.0]}, '4': {'Retries': 0, 'WallDurations': [10.0, 232.11087894439697, 10055.0, 0, 3613.0], 'StartTimes': [1621405071.0, 1621415286.0], 'SubmitTimes': [1621404918.0, -1], 'JobIds': ['67371200.0', '67371200.0'], 'EndTimes': [1621415126.0], 'Restarts': 1, 'RecordedSite': True, 'State': 'running', 'ResidentSetSize': [501024, 750000], 'TotalUserCpuTimeHistory': [192.0, 161.0], 'SiteHistory': ['Unknown', 'T2_US_MIT', 'T2_US_MIT', 'Unknown', 'T2_US_Caltech'], 'TotalSysCpuTimeHistory': [14.0, 8.0]}, '7': {'Retries': 0, 'WallDurations': [8.0, 236.11087894439697, 20472.0], 'StartTimes': [1621405067.0], 'SubmitTimes': [1621404919.0], 'JobIds': ['67371203.0'], 'EndTimes': [1621425539.0], 'Restarts': 0, 'RecordedSite': True, 'State': 'transferring', 'ResidentSetSize': [584176], 'TotalUserCpuTimeHistory': [679], 'SiteHistory': ['Unknown', 'T2_US_Wisconsin', 'T2_US_Wisconsin'], 'TotalSysCpuTimeHistory': [28]}, '6': {'Retries': 0, 'WallDurations': [8.0, 238.11087894439697, 20746.0], 'StartTimes': [1621405065.0], 'SubmitTimes': [1621404918.0], 'JobIds': ['67371201.0'], 'EndTimes': [], 'Restarts': 0, 'RecordedSite': True, 'State': 'running', 'ResidentSetSize': [503556], 'TotalUserCpuTimeHistory': [500.0], 'SiteHistory': ['Unknown', 'T2_US_MIT', 'T2_US_MIT'], 'TotalSysCpuTimeHistory': [17.0]}, '9': {'Retries': 0, 'WallDurations': [8.0, 216.11087894439697, 20746.0], 'StartTimes': [1621405087.0], 'SubmitTimes': [1621404919.0], 'JobIds': ['67371206.0'], 'EndTimes': [], 'Restarts': 0, 'RecordedSite': True, 'State': 'running', 'ResidentSetSize': [513456], 'TotalUserCpuTimeHistory': [446.0], 'SiteHistory': ['Unknown', 'T2_US_Wisconsin', 'T2_US_Wisconsin'], 'TotalSysCpuTimeHistory': [25.0]}, '8': {'Retries': 0, 'WallDurations': [10.0, 225.11087894439697, 1600.0], 'StartTimes': [1621405078.0], 'SubmitTimes': [1621404919.0], 'JobIds': ['67371204.0'], 'EndTimes': [1621406678.0], 'Restarts': 0, 'RecordedSite': True, 'State': 'finished', 'ResidentSetSize': [590648], 'TotalUserCpuTimeHistory': [1409], 'SiteHistory': ['Unknown', 'T2_US_Nebraska', 'T2_US_Nebraska'], 'TotalSysCpuTimeHistory': [50]}, '11': {'Retries': 0, 'WallDurations': [9.0, 194.11087894439697, 20444.0], 'StartTimes': [1621405109.0], 'SubmitTimes': [1621404919.0], 'JobIds': ['67371205.0'], 'EndTimes': [], 'Restarts': 0, 'RecordedSite': True, 'State': 'running', 'ResidentSetSize': [461908], 'TotalUserCpuTimeHistory': [389.0], 'SiteHistory': ['Unknown', 'T2_US_Caltech', 'T2_US_Caltech'], 'TotalSysCpuTimeHistory': [24.0]}, '10': {'Retries': 0, 'WallDurations': [9.0, 220.11087894439697, 20443.0], 'StartTimes': [1621405083.0], 'SubmitTimes': [1621404919.0], 'JobIds': ['67371207.0'], 'EndTimes': [], 'Restarts': 0, 'RecordedSite': True, 'State': 'running', 'ResidentSetSize': [448376], 'TotalUserCpuTimeHistory': [303.0], 'SiteHistory': ['Unknown', 'T2_US_Purdue', 'T2_US_Purdue'], 'TotalSysCpuTimeHistory': [47.0]}, '13': {'Retries': 0, 'WallDurations': [9.0, 230.11087894439697, 10053.0, 0], 'StartTimes': [1621405073.0, 1621415261.0], 'SubmitTimes': [1621404919.0, -1], 'JobIds': ['67371209.0', '67371209.0'], 'EndTimes': [1621415126.0], 'Restarts': 1, 'RecordedSite': True, 'State': 'running', 'ResidentSetSize': [501208, 0], 'TotalUserCpuTimeHistory': [189.0, 0.0], 'SiteHistory': ['Unknown', 'T2_US_MIT', 'T2_US_MIT', 'T2_US_Purdue'], 'TotalSysCpuTimeHistory': [12.0, 0.0]}, '12': {'Retries': 0, 'WallDurations': [10.0, 239.11087894439697, 10077.0, 2412.0], 'StartTimes': [1621405064.0, 1621415256.0], 'SubmitTimes': [1621404919.0, -1], 'JobIds': ['67371208.0', '67371208.0'], 'EndTimes': [1621415141.0], 'Restarts': 1, 'RecordedSite': True, 'State': 'running', 'ResidentSetSize': [435440, 472248], 'TotalUserCpuTimeHistory': [170.0, 50.0], 'SiteHistory': ['Unknown', 'T2_US_MIT', 'T2_US_MIT', 'T2_US_Purdue'], 'TotalSysCpuTimeHistory': [6.0, 4.0]}, '15': {'Retries': 0, 'WallDurations': [8.0, 226.11087894439697, 10049.0, 4819.0], 'StartTimes': [1621405077.0, 1621415256.0], 'SubmitTimes': [1621404919.0, -1], 'JobIds': ['67371210.0', '67371210.0'], 'EndTimes': [1621415126.0], 'Restarts': 1, 'RecordedSite': True, 'State': 'running', 'ResidentSetSize': [502896, 750000], 'TotalUserCpuTimeHistory': [177.0, 150.0], 'SiteHistory': ['Unknown', 'T2_US_MIT', 'T2_US_MIT', 'T2_US_Wisconsin'], 'TotalSysCpuTimeHistory': [13.0, 9.0]}, '14': {'Retries': 0, 'WallDurations': [8.0, 216.11087894439697, 10054.0, 6320.0], 'StartTimes': [1621405087.0, 1621415255.0], 'SubmitTimes': [1621404920.0, -1], 'JobIds': ['67371211.0', '67371211.0'], 'EndTimes': [1621415141.0], 'Restarts': 1, 'RecordedSite': True, 'State': 'running', 'ResidentSetSize': [397024, 473028], 'TotalUserCpuTimeHistory': [142.0, 164.0], 'SiteHistory': ['Unknown', 'T2_US_MIT', 'T2_US_MIT', 'T2_US_MIT'], 'TotalSysCpuTimeHistory': [5.0, 5.0]}, '17': {'Retries': 0, 'WallDurations': [9.0, 237.11087894439697, 20749.0], 'StartTimes': [1621405066.0], 'SubmitTimes': [1621404920.0], 'JobIds': ['67371213.0'], 'EndTimes': [], 'Restarts': 0, 'RecordedSite': True, 'State': 'running', 'ResidentSetSize': [463172], 'TotalUserCpuTimeHistory': [575.0], 'SiteHistory': ['Unknown', 'T2_US_Wisconsin', 'T2_US_Wisconsin'], 'TotalSysCpuTimeHistory': [27.0]}, '16': {'Retries': 0, 'WallDurations': [9.0, 237.11087894439697, 20748.0], 'StartTimes': [1621405066.0], 'SubmitTimes': [1621404920.0], 'JobIds': ['67371212.0'], 'EndTimes': [], 'Restarts': 0, 'RecordedSite': True, 'State': 'running', 'ResidentSetSize': [501132], 'TotalUserCpuTimeHistory': [492.0], 'SiteHistory': ['Unknown', 'T2_US_MIT', 'T2_US_MIT'], 'TotalSysCpuTimeHistory': [16.0]}, '19': {'Retries': 0, 'WallDurations': [9.0, 231.11087894439697, 20744.0], 'StartTimes': [1621405072.0], 'SubmitTimes': [1621404920.0], 'JobIds': ['67371215.0'], 'EndTimes': [], 'Restarts': 0, 'RecordedSite': True, 'State': 'running', 'ResidentSetSize': [459376], 'TotalUserCpuTimeHistory': [576.0], 'SiteHistory': ['Unknown', 'T2_US_Wisconsin', 'T2_US_Wisconsin'], 'TotalSysCpuTimeHistory': [32.0]}, '18': {'Retries': 0, 'WallDurations': [8.0, 238.11087894439697, 10061.0, 0, 3316.0], 'StartTimes': [1621405065.0, 1621415318.0], 'SubmitTimes': [1621404920.0, -1], 'JobIds': ['67371214.0', '67371214.0'], 'EndTimes': [1621415126.0], 'Restarts': 1, 'RecordedSite': True, 'State': 'running', 'ResidentSetSize': [437004, 450000], 'TotalUserCpuTimeHistory': [177.0, 81.0], 'SiteHistory': ['Unknown', 'T2_US_MIT', 'T2_US_MIT', 'Unknown', 'T2_US_MIT'], 'TotalSysCpuTimeHistory': [12.0, 4.0]}}
INFO 2021-05-19 12:07:34.535 UTC: 	 Status on the scheduler:	SUBMITTED
INFO 2021-05-19 12:07:34.536 UTC: 	 
Jobs status:                    finished     		 19.0% ( 4/21)
INFO 2021-05-19 12:07:34.536 UTC: 	 				running      		 76.2% (16/21)
INFO 2021-05-19 12:07:34.536 UTC: 	 				transferring 		  4.8% ( 1/21)
INFO 2021-05-19 12:07:34.536 UTC: 	 
No publication information (publication has been disabled in the CRAB configuration file)
INFO 2021-05-19 12:07:34.537 UTC: 	 
Warning: the max jobs runtime is less than 30% of the task requested value (1250 min), please consider to request a lower value for failed jobs (allowed through crab resubmit) and/or improve the jobs splitting (e.g. config.Data.splitting = 'Automatic') in a new task.
INFO 2021-05-19 12:07:34.537 UTC: 	 
Warning: the average jobs CPU efficiency is less than 50%, please consider to improve the jobs splitting (e.g. config.Data.splitting = 'Automatic') in a new task
INFO 2021-05-19 12:07:34.537 UTC: 	 
Summary of run jobs:
 * Memory: 0MB min, 596MB max, 503MB ave
 * Runtime: 0:00:00 min, 5:41:12 max, 1:37:54 ave
 * CPU eff: 3% min, 91% max, 11% ave
 * Waste: 0:19:26 (4% of total)

INFO 2021-05-19 12:07:34.547 UTC: 	 Log file is /afs/cern.ch/work/y/yian/work/GZ/CMSSW_10_6_20/src/PhysicsTools/NanoAODTools/WWG/2018/fakephoton_crab/crab2018/crab_ZGToLLG_01J_5f_TuneCP5_13TeV-amcatnloFXFX-pythia8_2018/crab.log
