DEBUG 2021-11-23 16:18:14.416 UTC: 	 CRAB Client version: v3.210825
DEBUG 2021-11-23 16:18:14.417 UTC: 	 Running on: Linux lxplus772.cern.ch 3.10.0-1160.45.1.el7.x86_64 #1 SMP Wed Oct 13 17:20:51 UTC 2021 x86_64 x86_64 x86_64 GNU/Linux - CentOS Linux 7 (Core)
DEBUG 2021-11-23 16:18:14.417 UTC: 	 Executing command: 'submit'
DEBUG 2021-11-23 16:18:14.480 UTC: 	 Found CRAB cache file /afs/cern.ch/user/y/yian/.crab3
INFO 2021-11-23 16:18:14.482 UTC: 	 Will use CRAB configuration file crabcode_2017/WW_TuneCP5_13TeV-pythia8_2017_cfg.py
DEBUG 2021-11-23 16:18:14.484 UTC: 	 Loading CRAB configuration file.
DEBUG 2021-11-23 16:18:14.638 UTC: 	 Will use CRAB Analysis plugin (i.e. will run an analysis job type).
DEBUG 2021-11-23 16:18:14.894 UTC: 	 Checking credentials
DEBUG 2021-11-23 16:18:14.895 UTC: 	 Found proxy file /tmp/x509up_u110046
DEBUG 2021-11-23 16:18:14.895 UTC: 	 Getting proxy life time left
DEBUG 2021-11-23 16:18:16.838 UTC: 	 Executing : 
 command : voms-proxy-info -file /tmp/x509up_u110046 -timeleft
 output : 603707

 error: 
 retcode : 0
DEBUG 2021-11-23 16:18:18.289 UTC: 	 Executing : 
 command : voms-proxy-info -file /tmp/x509up_u110046 -actimeleft
 output : 603705

 error: 
 retcode : 0
DEBUG 2021-11-23 16:18:18.290 UTC: 	 Proxy lifetime 603707 secs is different from voms extension lifetime 603705 secs for proxy: /tmp/x509up_u110046
DEBUG 2021-11-23 16:18:18.290 UTC: 	 Proxy valid for 167:41:45 hours
DEBUG 2021-11-23 16:18:19.756 UTC: 	 Executing : 
 command : env X509_USER_PROXY=/tmp/x509up_u110046 voms-proxy-info -fqan
 output : /cms/Role=NULL/Capability=NULL

 error: 
 retcode : 0
DEBUG 2021-11-23 16:18:19.895 UTC: 	 Registering user credentials for server /DC=ch/DC=cern/OU=computers/CN=crab-(preprod|prod|dev)-tw(02|01).cern.ch|/DC=ch/DC=cern/OU=computers/CN=stefanov(m|m2).cern.ch|/DC=ch/DC=cern/OU=computers/CN=dciangot-tw.cern.ch
DEBUG 2021-11-23 16:18:21.327 UTC: 	 Executing : 
 command : voms-proxy-info -file /tmp/x509up_u110046 -identity
 output : /DC=ch/DC=cern/OU=Organic Units/OU=Users/CN=yian/CN=826694/CN=Ying An

 error: 
 retcode : 0
DEBUG 2021-11-23 16:18:21.337 UTC: 	 Getting myproxy life time left for myproxy.cern.ch
DEBUG 2021-11-23 16:18:21.338 UTC: 	 using b52ac606a6f7097e9b4b8f05a3a67cc69f8f291b as credential login name
DEBUG 2021-11-23 16:18:22.259 UTC: 	 Executing : 
 command : myproxy-info -l b52ac606a6f7097e9b4b8f05a3a67cc69f8f291b -s myproxy.cern.ch
 output : username: b52ac606a6f7097e9b4b8f05a3a67cc69f8f291b
owner: /DC=ch/DC=cern/OU=Organic Units/OU=Users/CN=yian/CN=826694/CN=Ying An
  renewal policy: /DC=ch/DC=cern/OU=computers/CN=crab-(preprod|prod|dev)-tw(02|01).cern.ch|/DC=ch/DC=cern/OU=computers/CN=stefanov(m|m2).cern.ch|/DC=ch/DC=cern/OU=computers/CN=dciangot-tw.cern.ch
  trusted retrieval policy: /DC=ch/DC=cern/OU=computers/CN=crab-(preprod|prod|dev)-tw(02|01).cern.ch|/DC=ch/DC=cern/OU=computers/CN=stefanov(m|m2).cern.ch|/DC=ch/DC=cern/OU=computers/CN=dciangot-tw.cern.ch
  timeleft: 712:38:16  (29.7 days)

 error: 
 retcode : 0
DEBUG 2021-11-23 16:18:22.260 UTC: 	 Myproxy is valid: 2565496
DEBUG 2021-11-23 16:18:22.260 UTC: 	 Retrieving username ...
DEBUG 2021-11-23 16:18:22.260 UTC: 	 Retrieving username from CRIC...
DEBUG 2021-11-23 16:18:23.417 UTC: 	 username is yian
DEBUG 2021-11-23 16:18:23.435 UTC: 	 Getting myproxy life time left for myproxy.cern.ch
DEBUG 2021-11-23 16:18:23.436 UTC: 	 using yian_CRAB as credential login name
DEBUG 2021-11-23 16:18:23.958 UTC: 	 Executing : 
 command : myproxy-info -l yian_CRAB -s myproxy.cern.ch
 output : username: yian_CRAB
owner: /DC=ch/DC=cern/OU=Organic Units/OU=Users/CN=yian/CN=826694/CN=Ying An
  renewal policy: /DC=ch/DC=cern/OU=computers/CN=crab-(preprod|prod|dev)-tw(02|01).cern.ch|/DC=ch/DC=cern/OU=computers/CN=stefanov(m|m2).cern.ch|/DC=ch/DC=cern/OU=computers/CN=dciangot-tw.cern.ch
  trusted retrieval policy: /DC=ch/DC=cern/OU=computers/CN=crab-(preprod|prod|dev)-tw(02|01).cern.ch|/DC=ch/DC=cern/OU=computers/CN=stefanov(m|m2).cern.ch|/DC=ch/DC=cern/OU=computers/CN=dciangot-tw.cern.ch
  timeleft: 712:37:08  (29.7 days)

 error: 
 retcode : 0
DEBUG 2021-11-23 16:18:23.959 UTC: 	 Myproxy is valid: 2565428
DEBUG 2021-11-23 16:18:23.959 UTC: 	 Result of myproxy credential check:
  Credential exists on myproxy: username: b52ac606a6f7097e9b4b8f05a3a67cc69f8f291b  - validity: 29 days, 16:38:16
  Credential exists on myproxy: username: yian_CRAB  - validity: 29 days, 16:37:08
DEBUG 2021-11-23 16:18:23.959 UTC: 	 Command use: submit
DEBUG 2021-11-23 16:18:23.959 UTC: 	 Options use: ['-c', 'crabcode_2017/WW_TuneCP5_13TeV-pythia8_2017_cfg.py']
DEBUG 2021-11-23 16:18:24.040 UTC: 	 CRABClient version: v3.210825
DEBUG 2021-11-23 16:18:24.040 UTC: 	 Instance is prod
DEBUG 2021-11-23 16:18:24.040 UTC: 	 Server base url is cmsweb.cern.ch
DEBUG 2021-11-23 16:18:24.040 UTC: 	 Command api workflow
DEBUG 2021-11-23 16:18:24.040 UTC: 	 Started submission
DEBUG 2021-11-23 16:18:24.040 UTC: 	 Working on /afs/cern.ch/work/y/yian/work/GZ/CMSSW_10_6_20/src/PhysicsTools/NanoAODTools/WWG/2017/crab/crab2017/crab_WW_TuneCP5_13TeV-pythia8_2017
DEBUG 2021-11-23 16:18:25.099 UTC: 	 Loading required information from the environment
DEBUG 2021-11-23 16:18:25.100 UTC: 	 Found CMSSW_10_6_20 for slc7_amd64_gcc820 with base /afs/cern.ch/work/y/yian/work/GZ/CMSSW_10_6_20
DEBUG 2021-11-23 16:18:25.100 UTC: 	 Loading required information from the environment
DEBUG 2021-11-23 16:18:25.100 UTC: 	 Found CMSSW_10_6_20 for slc7_amd64_gcc820 with base /afs/cern.ch/work/y/yian/work/GZ/CMSSW_10_6_20
DEBUG 2021-11-23 16:18:25.100 UTC: 	 UNIQUE NAME: tarUUID bc19ba1a-5dd9-43a7-8f0c-841045196d8b 
DEBUG 2021-11-23 16:18:25.100 UTC: 	 self.config: from WMCore.Configuration import Configuration
config = Configuration()
config.section_('General')
config.General.workArea = 'crab2017'
config.General.transferLogs = False
config.General.requestName = 'WW_TuneCP5_13TeV-pythia8_2017'
config.section_('JobType')
config.JobType.scriptArgs = ['isdata=MC', 'year=2017', 'era=B']
config.JobType.scriptExe = './WWG_crab_script.sh'
config.JobType.pluginName = 'Analysis'
config.JobType.sendPythonFolder = True
config.JobType.allowUndistributedCMSSW = True
config.JobType.psetName = 'PSet.py'
config.JobType.inputFiles = ['../../../scripts/haddnano.py', '../WWG_selector/WWG_postproc.py', '../WWG_selector/WWG_Module.py', '../WWG_selector/WWG_keep_and_drop.txt', '../WWG_selector/WWG_output_branch.txt', '../WWG_selector/DAS_filesearch.py']
config.section_('Data')
config.Data.inputDataset = '/WW_TuneCP5_13TeV-pythia8/RunIISummer20UL16NanoAODv9-106X_mcRun2_asymptotic_v17-v1/NANOAODSIM'
config.Data.allowNonValidInputDataset = True
config.Data.publication = False
config.Data.unitsPerJob = 1
config.Data.ignoreLocality = True
config.Data.inputDBS = 'global'
config.Data.splitting = 'FileBased'
config.Data.outputDatasetTag = 'WW_TuneCP5_13TeV-pythia8_2017'
config.section_('Site')
config.Site.whitelist = ['T2_US_MIT', 'T2_US_Wisconsin', 'T2_US_Purdue', 'T2_US_UCSD', 'T2_US_Caltech', 'T2_US_Nebraska']
config.Site.storageSite = 'T2_CH_CERN'

DEBUG 2021-11-23 16:18:25.100 UTC: 	 self.config.JobType.psetName: PSet.py
INFO 2021-11-23 16:18:25.100 UTC: 	 Importing CMSSW configuration PSet.py
INFO 2021-11-23 16:18:34.288 UTC: 	 Finished importing CMSSW configuration PSet.py
DEBUG 2021-11-23 16:18:34.288 UTC: 	 Writing CMSSW configuration to /afs/cern.ch/work/y/yian/work/GZ/CMSSW_10_6_20/src/PhysicsTools/NanoAODTools/WWG/2017/crab/crab2017/crab_WW_TuneCP5_13TeV-pythia8_2017/inputs/PSet.py
DEBUG 2021-11-23 16:18:34.383 UTC: 	 The following EDM output files will be collected: ['tree.root']
DEBUG 2021-11-23 16:18:34.383 UTC: 	 The following TFile output files will be collected: []
DEBUG 2021-11-23 16:18:34.383 UTC: 	 The following user output files (not listed as PoolOuputModule or TFileService in the CMSSW PSet) will be collected: 
DEBUG 2021-11-23 16:18:34.383 UTC: 	 Loading required information from the environment
DEBUG 2021-11-23 16:18:34.383 UTC: 	 Found CMSSW_10_6_20 for slc7_amd64_gcc820 with base /afs/cern.ch/work/y/yian/work/GZ/CMSSW_10_6_20
DEBUG 2021-11-23 16:18:34.383 UTC: 	 Making tarball in /afs/cern.ch/work/y/yian/work/GZ/CMSSW_10_6_20/src/PhysicsTools/NanoAODTools/WWG/2017/crab/crab2017/crab_WW_TuneCP5_13TeV-pythia8_2017/inputs/bc19ba1a-5dd9-43a7-8f0c-841045196d8bdefault.tgz
DEBUG 2021-11-23 16:18:34.389 UTC: 	 Checking directory /afs/cern.ch/work/y/yian/work/GZ/CMSSW_10_6_20/lib
DEBUG 2021-11-23 16:18:34.389 UTC: 	 Adding directory /afs/cern.ch/work/y/yian/work/GZ/CMSSW_10_6_20/lib to tarball
DEBUG 2021-11-23 16:18:34.597 UTC: 	 Checking directory /afs/cern.ch/work/y/yian/work/GZ/CMSSW_10_6_20/biglib
DEBUG 2021-11-23 16:18:34.597 UTC: 	 Adding directory /afs/cern.ch/work/y/yian/work/GZ/CMSSW_10_6_20/biglib to tarball
DEBUG 2021-11-23 16:18:34.632 UTC: 	 Checking directory /afs/cern.ch/work/y/yian/work/GZ/CMSSW_10_6_20/module
DEBUG 2021-11-23 16:18:34.634 UTC: 	 Checking directory /afs/cern.ch/work/y/yian/work/GZ/CMSSW_10_6_20/python
DEBUG 2021-11-23 16:18:34.634 UTC: 	 Adding directory /afs/cern.ch/work/y/yian/work/GZ/CMSSW_10_6_20/python to tarball
DEBUG 2021-11-23 16:18:37.590 UTC: 	 Checking directory /afs/cern.ch/work/y/yian/work/GZ/CMSSW_10_6_20/cfipython
DEBUG 2021-11-23 16:18:37.590 UTC: 	 Adding directory /afs/cern.ch/work/y/yian/work/GZ/CMSSW_10_6_20/cfipython to tarball
DEBUG 2021-11-23 16:18:44.452 UTC: 	 Adding data directory /afs/cern.ch/work/y/yian/work/GZ/CMSSW_10_6_20/src/PhysicsTools/NanoAODTools/data to tarball
DEBUG 2021-11-23 16:19:07.083 UTC: 	 Adding data directory /afs/cern.ch/work/y/yian/work/GZ/CMSSW_10_6_20/src/PhysicsTools/NanoAODTools/interface to tarball
DEBUG 2021-11-23 16:19:08.797 UTC: 	 Adding data directory /afs/cern.ch/work/y/yian/work/GZ/CMSSW_10_6_20/src/PhysicsTools/NanoAODTools/python/postprocessing/data to tarball
DEBUG 2021-11-23 16:19:23.885 UTC: 	 Adding file ../../../scripts/haddnano.py to tarball
DEBUG 2021-11-23 16:19:23.886 UTC: 	 Adding file ../WWG_selector/WWG_postproc.py to tarball
DEBUG 2021-11-23 16:19:23.887 UTC: 	 Adding file ../WWG_selector/WWG_Module.py to tarball
DEBUG 2021-11-23 16:19:23.888 UTC: 	 Adding file ../WWG_selector/WWG_keep_and_drop.txt to tarball
DEBUG 2021-11-23 16:19:23.888 UTC: 	 Adding file ../WWG_selector/WWG_output_branch.txt to tarball
DEBUG 2021-11-23 16:19:23.889 UTC: 	 Adding file ../WWG_selector/DAS_filesearch.py to tarball
DEBUG 2021-11-23 16:19:44.749 UTC: 	 Uploading archive /afs/cern.ch/work/y/yian/work/GZ/CMSSW_10_6_20/src/PhysicsTools/NanoAODTools/WWG/2017/crab/crab2017/crab_WW_TuneCP5_13TeV-pythia8_2017/inputs/bc19ba1a-5dd9-43a7-8f0c-841045196d8bdefault.tgz (94 MB) to the CRAB cache. Using URI https://cmsweb.cern.ch/S3/crabcache_prod
DEBUG 2021-11-23 16:20:13.527 UTC: 	 sandbox 39bc3010d7ba2374684857ed42fc86481bae0161e7f8c7d93f5c25e342929c09.tar.gz is already in the S3 store, will not upload again
DEBUG 2021-11-23 16:20:13.527 UTC: 	 Loading required information from the environment
DEBUG 2021-11-23 16:20:13.527 UTC: 	 Found CMSSW_10_6_20 for slc7_amd64_gcc820 with base /afs/cern.ch/work/y/yian/work/GZ/CMSSW_10_6_20
DEBUG 2021-11-23 16:20:13.527 UTC: 	 Making tarball in /afs/cern.ch/work/y/yian/work/GZ/CMSSW_10_6_20/src/PhysicsTools/NanoAODTools/WWG/2017/crab/crab2017/crab_WW_TuneCP5_13TeV-pythia8_2017/inputs/debugFiles.tgz
DEBUG 2021-11-23 16:20:13.583 UTC: 	 Uploading archive /afs/cern.ch/work/y/yian/work/GZ/CMSSW_10_6_20/src/PhysicsTools/NanoAODTools/WWG/2017/crab/crab2017/crab_WW_TuneCP5_13TeV-pythia8_2017/inputs/debugFiles.tgz (1 KB) to the CRAB cache. Using URI https://cmsweb.cern.ch/S3/crabcache_prod
DEBUG 2021-11-23 16:20:13.690 UTC: 	 sandbox bbd432bce09ee6ab6e3d4f730c6d97568f0fb8c8fdeaaa36aa3628a674044e0d.tar.gz is already in the S3 store, will not upload again
DEBUG 2021-11-23 16:20:13.690 UTC: 	 Result uploading input files: 39bc3010d7ba2374684857ed42fc86481bae0161e7f8c7d93f5c25e342929c09.tar.gz 
INFO 2021-11-23 16:20:13.690 UTC: 	 Sending the request to the server at cmsweb.cern.ch
DEBUG 2021-11-23 16:20:13.690 UTC: 	 Submitting {'maxjobruntime': 1250, 'extrajdl': [], 'ignorelocality': 1, 'savelogsflag': 0, 'useparent': 0, 'scriptexe': 'WWG_crab_script.sh', 'asyncdest': 'T2_CH_CERN', 'algoargs': 1, 'cachefilename': '39bc3010d7ba2374684857ed42fc86481bae0161e7f8c7d93f5c25e342929c09.tar.gz', 'numcores': 1, 'addoutputfiles': [], 'generator': 'pythia', 'maxmemory': 2000, 'publishdbsurl': 'https://cmsweb.cern.ch/dbs/prod/phys03/DBSWriter', 'priority': 10, 'jobsw': 'CMSSW_10_6_20', 'edmoutfiles': ['tree.root'], 'userfiles': [], 'primarydataset': '', 'inputdata': '/WW_TuneCP5_13TeV-pythia8/RunIISummer20UL16NanoAODv9-106X_mcRun2_asymptotic_v17-v1/NANOAODSIM', 'dryrun': 0, 'workflow': 'crab_WW_TuneCP5_13TeV-pythia8_2017', 'scriptargs': ['isdata=MC', 'year=2017', 'era=B'], 'sitewhitelist': ['T2_US_MIT', 'T2_US_Wisconsin', 'T2_US_Purdue', 'T2_US_UCSD', 'T2_US_Caltech', 'T2_US_Nebraska'], 'nonprodsw': 1, 'tfileoutfiles': [], 'oneEventMode': 0, 'debugfilename': 'bbd432bce09ee6ab6e3d4f730c6d97568f0fb8c8fdeaaa36aa3628a674044e0d.tar.gz', 'cacheurl': u'https://cmsweb.cern.ch/S3/crabcache_prod', 'saveoutput': 1, 'publication': 0, 'jobarch': 'slc7_amd64_gcc820', 'totalunits': 0, 'splitalgo': 'FileBased', 'ignoreglobalblacklist': 0, 'nonvaliddata': 1, 'dbsurl': 'https://cmsweb.cern.ch/dbs/prod/global/DBSReader', 'publishgroupname': 0, 'jobtype': 'Analysis', 'publishname2': 'WW_TuneCP5_13TeV-pythia8_2017'} 
DEBUG 2021-11-23 16:20:13.690 UTC: 	 Encoded submit request: maxjobruntime=1250&ignorelocality=1&savelogsflag=0&useparent=0&scriptexe=WWG_crab_script.sh&asyncdest=T2_CH_CERN&algoargs=1&cachefilename=39bc3010d7ba2374684857ed42fc86481bae0161e7f8c7d93f5c25e342929c09.tar.gz&numcores=1&generator=pythia&maxmemory=2000&publishdbsurl=https%3A%2F%2Fcmsweb.cern.ch%2Fdbs%2Fprod%2Fphys03%2FDBSWriter&priority=10&jobsw=CMSSW_10_6_20&primarydataset=&inputdata=%2FWW_TuneCP5_13TeV-pythia8%2FRunIISummer20UL16NanoAODv9-106X_mcRun2_asymptotic_v17-v1%2FNANOAODSIM&dryrun=0&workflow=crab_WW_TuneCP5_13TeV-pythia8_2017&nonprodsw=1&oneEventMode=0&debugfilename=bbd432bce09ee6ab6e3d4f730c6d97568f0fb8c8fdeaaa36aa3628a674044e0d.tar.gz&cacheurl=https%3A%2F%2Fcmsweb.cern.ch%2FS3%2Fcrabcache_prod&saveoutput=1&publication=0&jobarch=slc7_amd64_gcc820&totalunits=0&splitalgo=FileBased&ignoreglobalblacklist=0&nonvaliddata=1&dbsurl=https%3A%2F%2Fcmsweb.cern.ch%2Fdbs%2Fprod%2Fglobal%2FDBSReader&publishgroupname=0&jobtype=Analysis&publishname2=WW_TuneCP5_13TeV-pythia8_2017&sitewhitelist=T2_US_MIT&sitewhitelist=T2_US_Wisconsin&sitewhitelist=T2_US_Purdue&sitewhitelist=T2_US_UCSD&sitewhitelist=T2_US_Caltech&sitewhitelist=T2_US_Nebraska&edmoutfiles=tree.root&scriptargs=isdata%3DMC&scriptargs=year%3D2017&scriptargs=era%3DB
DEBUG 2021-11-23 16:20:13.761 UTC: 	 Result: {u'result': [{u'RequestName': u'211123_162013:yian_crab_WW_TuneCP5_13TeV-pythia8_2017'}]}
INFO 2021-11-23 16:20:13.835 UTC: 	 Success: Your task has been delivered to the prod CRAB3 server.
INFO 2021-11-23 16:20:13.835 UTC: 	 Task name: 211123_162013:yian_crab_WW_TuneCP5_13TeV-pythia8_2017
INFO 2021-11-23 16:20:13.836 UTC: 	 Project dir: crab2017/crab_WW_TuneCP5_13TeV-pythia8_2017
INFO 2021-11-23 16:20:13.836 UTC: 	 Please use ' crab status -d crab2017/crab_WW_TuneCP5_13TeV-pythia8_2017 ' to check how the submission process proceeds.
DEBUG 2021-11-23 16:20:13.836 UTC: 	 About to return
INFO 2021-11-23 16:20:13.839 UTC: 	 Log file is /afs/cern.ch/work/y/yian/work/GZ/CMSSW_10_6_20/src/PhysicsTools/NanoAODTools/WWG/2017/crab/crab2017/crab_WW_TuneCP5_13TeV-pythia8_2017/crab.log
DEBUG 2021-11-24 04:49:10.672 UTC: 	 CRAB Client version: v3.210825
DEBUG 2021-11-24 04:49:10.672 UTC: 	 Running on: Linux lxplus772.cern.ch 3.10.0-1160.45.1.el7.x86_64 #1 SMP Wed Oct 13 17:20:51 UTC 2021 x86_64 x86_64 x86_64 GNU/Linux - CentOS Linux 7 (Core)
DEBUG 2021-11-24 04:49:10.672 UTC: 	 Executing command: 'status'
DEBUG 2021-11-24 04:49:10.672 UTC: 	 Found CRAB cache file /afs/cern.ch/user/y/yian/.crab3
DEBUG 2021-11-24 04:49:10.775 UTC: 	 Checking credentials
DEBUG 2021-11-24 04:49:10.776 UTC: 	 Found proxy file /tmp/x509up_u110046
DEBUG 2021-11-24 04:49:10.776 UTC: 	 Getting proxy life time left
DEBUG 2021-11-24 04:49:11.481 UTC: 	 Executing : 
 command : voms-proxy-info -file /tmp/x509up_u110046 -timeleft
 output : 558652

 error: 
 retcode : 0
DEBUG 2021-11-24 04:49:12.196 UTC: 	 Executing : 
 command : voms-proxy-info -file /tmp/x509up_u110046 -actimeleft
 output : 558651

 error: 
 retcode : 0
DEBUG 2021-11-24 04:49:12.196 UTC: 	 Proxy lifetime 558652 secs is different from voms extension lifetime 558651 secs for proxy: /tmp/x509up_u110046
DEBUG 2021-11-24 04:49:12.196 UTC: 	 Proxy valid for 155:10:51 hours
DEBUG 2021-11-24 04:49:12.284 UTC: 	 Registering user credentials for server /DC=ch/DC=cern/OU=computers/CN=crab-(preprod|prod|dev)-tw(02|01).cern.ch|/DC=ch/DC=cern/OU=computers/CN=stefanov(m|m2).cern.ch|/DC=ch/DC=cern/OU=computers/CN=dciangot-tw.cern.ch
DEBUG 2021-11-24 04:49:13.097 UTC: 	 Executing : 
 command : voms-proxy-info -file /tmp/x509up_u110046 -identity
 output : /DC=ch/DC=cern/OU=Organic Units/OU=Users/CN=yian/CN=826694/CN=Ying An

 error: 
 retcode : 0
DEBUG 2021-11-24 04:49:13.106 UTC: 	 Getting myproxy life time left for myproxy.cern.ch
DEBUG 2021-11-24 04:49:13.106 UTC: 	 using b52ac606a6f7097e9b4b8f05a3a67cc69f8f291b as credential login name
DEBUG 2021-11-24 04:49:13.511 UTC: 	 Executing : 
 command : myproxy-info -l b52ac606a6f7097e9b4b8f05a3a67cc69f8f291b -s myproxy.cern.ch
 output : username: b52ac606a6f7097e9b4b8f05a3a67cc69f8f291b
owner: /DC=ch/DC=cern/OU=Organic Units/OU=Users/CN=yian/CN=826694/CN=Ying An
  renewal policy: /DC=ch/DC=cern/OU=computers/CN=crab-(preprod|prod|dev)-tw(02|01).cern.ch|/DC=ch/DC=cern/OU=computers/CN=stefanov(m|m2).cern.ch|/DC=ch/DC=cern/OU=computers/CN=dciangot-tw.cern.ch
  trusted retrieval policy: /DC=ch/DC=cern/OU=computers/CN=crab-(preprod|prod|dev)-tw(02|01).cern.ch|/DC=ch/DC=cern/OU=computers/CN=stefanov(m|m2).cern.ch|/DC=ch/DC=cern/OU=computers/CN=dciangot-tw.cern.ch
  timeleft: 700:07:25  (29.2 days)

 error: 
 retcode : 0
DEBUG 2021-11-24 04:49:13.512 UTC: 	 Myproxy is valid: 2520445
DEBUG 2021-11-24 04:49:13.512 UTC: 	 Retrieving username ...
DEBUG 2021-11-24 04:49:13.512 UTC: 	 Retrieving username from CRIC...
DEBUG 2021-11-24 04:49:14.367 UTC: 	 username is yian
DEBUG 2021-11-24 04:49:14.373 UTC: 	 Getting myproxy life time left for myproxy.cern.ch
DEBUG 2021-11-24 04:49:14.373 UTC: 	 using yian_CRAB as credential login name
DEBUG 2021-11-24 04:49:14.677 UTC: 	 Executing : 
 command : myproxy-info -l yian_CRAB -s myproxy.cern.ch
 output : username: yian_CRAB
owner: /DC=ch/DC=cern/OU=Organic Units/OU=Users/CN=yian/CN=826694/CN=Ying An
  renewal policy: /DC=ch/DC=cern/OU=computers/CN=crab-(preprod|prod|dev)-tw(02|01).cern.ch|/DC=ch/DC=cern/OU=computers/CN=stefanov(m|m2).cern.ch|/DC=ch/DC=cern/OU=computers/CN=dciangot-tw.cern.ch
  trusted retrieval policy: /DC=ch/DC=cern/OU=computers/CN=crab-(preprod|prod|dev)-tw(02|01).cern.ch|/DC=ch/DC=cern/OU=computers/CN=stefanov(m|m2).cern.ch|/DC=ch/DC=cern/OU=computers/CN=dciangot-tw.cern.ch
  timeleft: 700:06:17  (29.2 days)

 error: 
 retcode : 0
DEBUG 2021-11-24 04:49:14.678 UTC: 	 Myproxy is valid: 2520377
DEBUG 2021-11-24 04:49:14.678 UTC: 	 Result of myproxy credential check:
  Credential exists on myproxy: username: b52ac606a6f7097e9b4b8f05a3a67cc69f8f291b  - validity: 29 days, 4:07:25
  Credential exists on myproxy: username: yian_CRAB  - validity: 29 days, 4:06:17
DEBUG 2021-11-24 04:49:14.679 UTC: 	 Command use: status
DEBUG 2021-11-24 04:49:14.679 UTC: 	 Options use: ['-d', 'crab2017/crab_WW_TuneCP5_13TeV-pythia8_2017']
DEBUG 2021-11-24 04:49:14.736 UTC: 	 CRABClient version: v3.210825
DEBUG 2021-11-24 04:49:14.736 UTC: 	 Instance is prod
DEBUG 2021-11-24 04:49:14.736 UTC: 	 Server base url is cmsweb.cern.ch
DEBUG 2021-11-24 04:49:14.736 UTC: 	 Command api workflow
DEBUG 2021-11-24 04:49:14.820 UTC: 	 Got information from server oracle database: {u'result': [u'211123_162013:yian_crab_WW_TuneCP5_13TeV-pythia8_2017', u'None', u'None', u'SUBMITTED', u'SUBMIT', u'2021-11-23 16:20:13.750902', u'None', u'2021-11-23 16:23:40.400392', u'None', u'CMSSW_10_6_20', u'slc7_amd64_gcc820', u'/WW_TuneCP5_13TeV-pythia8/RunIISummer20UL16NanoAODv9-106X_mcRun2_asymptotic_v17-v1/NANOAODSIM', u'T', u'0', u"[u'T2_US_UCSD', u'T2_US_Wisconsin', u'T2_US_MIT', u'T2_US_Caltech', u'T2_US_Purdue', u'T2_US_Nebraska']", u'[]', u'FileBased', u"{'splitOnRun': False, 'halt_job_on_file_boundaries': False, 'files_per_job': 1, 'runs': [], 'lumis': []}", u'39bc3010d7ba2374684857ed42fc86481bae0161e7f8c7d93f5c25e342929c09.tar.gz', u'https://cmsweb.cern.ch/S3/crabcache_prod', u'yian', u'/DC=ch/DC=cern/OU=Organic Units/OU=Users/CN=yian/CN=826694/CN=Ying An', u'cms', u'None', u'None', u'WW_TuneCP5_13TeV-pythia8_2017-00000000000000000000000000000000', u'F', u'T2_CH_CERN', u'https://cmsweb.cern.ch/dbs/prod/global/DBSReader', u'https://cmsweb.cern.ch/dbs/prod/phys03/DBSWriter', u'F', u'[]', u'[]', u"[b'tree.root']", u'Analysis', u'pythia', u'None', u'{}', u'[]', u'F', u'crab-prod-tw01', u'[]', u'1250', u'1', u'2000', u'10', u"['/WW_TuneCP5_13TeV-pythia8/yian-WW_TuneCP5_13TeV-pythia8_2017-cdc8a5f8d50b7902483cf88592ab9ddb/USER']", u'[]', u'http://vocms0196.cern.ch/mon/cms1407/211123_162013:yian_crab_WW_TuneCP5_13TeV-pythia8_2017', u'WWG_crab_script.sh', u"[b'isdata=MC', b'year=2017', b'era=B']", u'[]', u'https://cmsweb.cern.ch/crabserver/prod', u'cmsgwms-collector-global.cern.ch:9620,cmsgwms-collector-global.fnal.gov:9620', u'crab3@vocms0196.cern.ch', u'F', u'[]', u'T', u'/store/user/yian/', u'T', u'None', u'F', u'None', u'WW_TuneCP5_13TeV-pythia8', u'None', u'bbd432bce09ee6ab6e3d4f730c6d97568f0fb8c8fdeaaa36aa3628a674044e0d.tar.gz', u'71876662', u'filetransfers', u'F', u'188.184.97.219', u'0.0', u'None'], u'desc': {u'columns': [u'tm_taskname', u'tm_activity', u'panda_jobset_id', u'tm_task_status', u'tm_task_command', u'tm_start_time', u'tm_start_injection', u'tm_end_injection', u'tm_task_failure', u'tm_job_sw', u'tm_job_arch', u'tm_input_dataset', u'tm_nonvalid_input_dataset', u'tm_use_parent', u'tm_site_whitelist', u'tm_site_blacklist', u'tm_split_algo', u'tm_split_args', u'tm_user_sandbox', u'tm_cache_url', u'tm_username', u'tm_user_dn', u'tm_user_vo', u'tm_user_role', u'tm_user_group', u'tm_publish_name', u'tm_publish_groupname', u'tm_asyncdest', u'tm_dbs_url', u'tm_publish_dbs_url', u'tm_publication', u'tm_outfiles', u'tm_tfile_outfiles', u'tm_edm_outfiles', u'tm_job_type', u'tm_generator', u'tm_events_per_lumi', u'tm_arguments', u'panda_resubmitted_jobs', u'tm_save_logs', u'tw_name', u'tm_user_infiles', u'tm_maxjobruntime', u'tm_numcores', u'tm_maxmemory', u'tm_priority', u'tm_output_dataset', u'tm_task_warnings', u'tm_user_webdir', u'tm_scriptexe', u'tm_scriptargs', u'tm_extrajdl', u'tm_asourl', u'tm_collector', u'tm_schedd', u'tm_dry_run', u'tm_user_files', u'tm_transfer_outputs', u'tm_output_lfn', u'tm_ignore_locality', u'tm_fail_limit', u'tm_one_event_mode', u'tm_secondary_input_dataset', u'tm_primary_dataset', u'tm_last_publication', u'tm_debug_files', u'clusterid', u'tm_asodb', u'tm_ignore_global_blacklist', u'tm_submitter_ip_addr', u'tm_totalunits', u'tm_ddm_reqid']}}
INFO 2021-11-24 04:49:14.821 UTC: 	 CRAB project directory:		/afs/cern.ch/work/y/yian/work/GZ/CMSSW_10_6_20/src/PhysicsTools/NanoAODTools/WWG/2017/crab/crab2017/crab_WW_TuneCP5_13TeV-pythia8_2017
INFO 2021-11-24 04:49:14.821 UTC: 	 Task name:			211123_162013:yian_crab_WW_TuneCP5_13TeV-pythia8_2017
INFO 2021-11-24 04:49:14.821 UTC: 	 Grid scheduler - Task Worker:	crab3@vocms0196.cern.ch - crab-prod-tw01
INFO 2021-11-24 04:49:14.821 UTC: 	 Status on the CRAB server:	SUBMITTED
INFO 2021-11-24 04:49:14.821 UTC: 	 Task URL to use for HELP:	https://cmsweb.cern.ch/crabserver/ui/task/211123_162013%3Ayian_crab_WW_TuneCP5_13TeV-pythia8_2017
INFO 2021-11-24 04:49:14.825 UTC: 	 Dashboard monitoring URL:	https://monit-grafana.cern.ch/d/cmsTMDetail/cms-task-monitoring-task-view?orgId=11&var-user=yian&var-task=211123_162013%3Ayian_crab_WW_TuneCP5_13TeV-pythia8_2017&from=1637680813000&to=now
DEBUG 2021-11-24 04:49:14.825 UTC: 	 The CRAB server submitted your task to the Grid scheduler (cluster ID: 71876662)
DEBUG 2021-11-24 04:49:14.825 UTC: 	 Webdir is located at http://vocms0196.cern.ch/mon/cms1407/211123_162013:yian_crab_WW_TuneCP5_13TeV-pythia8_2017
DEBUG 2021-11-24 04:49:14.938 UTC: 	 Proxied webdir is located at https://cmsweb.cern.ch:8443/scheddmon/0196/cms1407/211123_162013:yian_crab_WW_TuneCP5_13TeV-pythia8_2017
DEBUG 2021-11-24 04:49:14.938 UTC: 	 Retrieving 'status_cache' file from https://cmsweb.cern.ch:8443/scheddmon/0196/cms1407/211123_162013:yian_crab_WW_TuneCP5_13TeV-pythia8_2017/status_cache
DEBUG 2021-11-24 04:49:14.984 UTC: 	 Got information from status cache file: {'24': {'Retries': 0, 'WallDurations': [9.0, 157.5480101108551, 30963.0], 'StartTimes': [1637698057.0], 'SubmitTimes': [1637684640.0], 'JobIds': ['71876687.0'], 'EndTimes': [], 'Restarts': 0, 'RecordedSite': True, 'State': 'running', 'ResidentSetSize': [1499364], 'TotalUserCpuTimeHistory': [8881.0], 'SiteHistory': ['Unknown', 'T2_US_Nebraska', 'T2_US_Nebraska'], 'TotalSysCpuTimeHistory': [617.0]}, '25': {'Retries': 0, 'WallDurations': [0, 9.0, 30665.0], 'StartTimes': [1637698215.0], 'SubmitTimes': [1637684640.0], 'JobIds': ['71876688.0'], 'EndTimes': [], 'Restarts': 0, 'RecordedSite': True, 'State': 'running', 'ResidentSetSize': [1508028], 'TotalUserCpuTimeHistory': [10739.0], 'SiteHistory': ['Unknown', 'T2_US_Nebraska', 'T2_US_Nebraska'], 'TotalSysCpuTimeHistory': [712.0]}, '26': {'Retries': 0, 'WallDurations': [10.0, 196.22891211509705, 21342.0], 'StartTimes': [1637698320.0], 'SubmitTimes': [1637684640.0], 'JobIds': ['71876689.0'], 'EndTimes': [1637719662.0], 'Restarts': 0, 'RecordedSite': True, 'State': 'finished', 'ResidentSetSize': [1446260], 'TotalUserCpuTimeHistory': [5025], 'SiteHistory': ['Unknown', 'T2_US_Nebraska', 'T2_US_Nebraska'], 'TotalSysCpuTimeHistory': [484]}, '27': {'Retries': 0, 'WallDurations': [10.0, 50.228912115097046, 30666.0], 'StartTimes': [1637698466.0], 'SubmitTimes': [1637684640.0], 'JobIds': ['71876690.0'], 'EndTimes': [], 'Restarts': 0, 'RecordedSite': True, 'State': 'running', 'ResidentSetSize': [1487656], 'TotalUserCpuTimeHistory': [7888.0], 'SiteHistory': ['Unknown', 'T2_US_Nebraska', 'T2_US_Nebraska'], 'TotalSysCpuTimeHistory': [559.0]}, '20': {'Retries': 0, 'WallDurations': [9.0, 87.06572604179382, 1530.0], 'StartTimes': [1637696925.0], 'SubmitTimes': [1637684634.0], 'JobIds': ['71876683.0'], 'EndTimes': [1637698455.0], 'Restarts': 0, 'RecordedSite': True, 'State': 'finished', 'ResidentSetSize': [1373000], 'TotalUserCpuTimeHistory': [1022], 'SiteHistory': ['Unknown', 'T2_US_Nebraska', 'T2_US_Nebraska'], 'TotalSysCpuTimeHistory': [19]}, '21': {'Retries': 0, 'WallDurations': [10.0, 86.06572604179382, 8174.0], 'StartTimes': [1637696926.0], 'SubmitTimes': [1637684634.0], 'JobIds': ['71876684.0'], 'EndTimes': [1637705100.0], 'Restarts': 0, 'RecordedSite': True, 'State': 'finished', 'ResidentSetSize': [1456096], 'TotalUserCpuTimeHistory': [2531], 'SiteHistory': ['Unknown', 'T2_US_Nebraska', 'T2_US_Nebraska'], 'TotalSysCpuTimeHistory': [179]}, '22': {'Retries': 0, 'WallDurations': [9.0, 175.58453106880188, 29909.0], 'StartTimes': [1637697737.0], 'SubmitTimes': [1637684635.0], 'JobIds': ['71876685.0'], 'EndTimes': [1637727646.0], 'Restarts': 0, 'RecordedSite': True, 'State': 'transferring', 'ResidentSetSize': [1462144], 'TotalUserCpuTimeHistory': [4841], 'SiteHistory': ['Unknown', 'T2_US_Nebraska', 'T2_US_Nebraska'], 'TotalSysCpuTimeHistory': [448]}, '23': {'Retries': 0, 'WallDurations': [9.0, 88.06572604179382, 31866.0], 'StartTimes': [1637696924.0], 'SubmitTimes': [1637684640.0], 'JobIds': ['71876686.0'], 'EndTimes': [], 'Restarts': 0, 'RecordedSite': True, 'State': 'running', 'ResidentSetSize': [1519480], 'TotalUserCpuTimeHistory': [5354.0], 'SiteHistory': ['Unknown', 'T2_US_Nebraska', 'T2_US_Nebraska'], 'TotalSysCpuTimeHistory': [485.0]}, '28': {'Retries': 0, 'WallDurations': [9.0, 239.84850001335144, 1652.0], 'StartTimes': [1637698578.0], 'SubmitTimes': [1637684640.0], 'JobIds': ['71876691.0'], 'EndTimes': [1637700230.0], 'Restarts': 0, 'RecordedSite': True, 'State': 'finished', 'ResidentSetSize': [1430740], 'TotalUserCpuTimeHistory': [1096], 'SiteHistory': ['Unknown', 'T2_US_Nebraska', 'T2_US_Nebraska'], 'TotalSysCpuTimeHistory': [20]}, '29': {'Retries': 0, 'WallDurations': [9.0, 66.84850001335144, 8384.0], 'StartTimes': [1637698751.0], 'SubmitTimes': [1637684640.0], 'JobIds': ['71876692.0'], 'EndTimes': [1637707135.0], 'Restarts': 0, 'RecordedSite': True, 'State': 'finished', 'ResidentSetSize': [1394888], 'TotalUserCpuTimeHistory': [2538], 'SiteHistory': ['Unknown', 'T2_US_Nebraska', 'T2_US_Nebraska'], 'TotalSysCpuTimeHistory': [133]}, '40': {'Retries': 0, 'WallDurations': [9.0, 293.3207941055298, 29762.0], 'StartTimes': [1637699429.0], 'SubmitTimes': [1637684642.0], 'JobIds': ['71876704.0'], 'EndTimes': [], 'Restarts': 0, 'RecordedSite': True, 'State': 'running', 'ResidentSetSize': [1420464], 'TotalUserCpuTimeHistory': [2569.0], 'SiteHistory': ['Unknown', 'T2_US_MIT', 'T2_US_MIT'], 'TotalSysCpuTimeHistory': [133.0]}, '41': {'Retries': 0, 'WallDurations': [9.0, 294.3207941055298, 26434.0], 'StartTimes': [1637699428.0], 'SubmitTimes': [1637684642.0], 'JobIds': ['71876705.0'], 'EndTimes': [1637725862.0], 'Restarts': 0, 'RecordedSite': True, 'State': 'finished', 'ResidentSetSize': [1354576], 'TotalUserCpuTimeHistory': [1704], 'SiteHistory': ['Unknown', 'T2_US_MIT', 'T2_US_MIT'], 'TotalSysCpuTimeHistory': [63]}, '1': {'Retries': 0, 'WallDurations': [9.0, 295.3207941055298, 4755.0], 'StartTimes': [1637699427.0], 'SubmitTimes': [1637684632.0], 'JobIds': ['71876664.0'], 'EndTimes': [1637704182.0], 'Restarts': 0, 'RecordedSite': True, 'State': 'finished', 'ResidentSetSize': [1422724], 'TotalUserCpuTimeHistory': [2027], 'SiteHistory': ['Unknown', 'T2_US_MIT', 'T2_US_MIT'], 'TotalSysCpuTimeHistory': [50]}, '3': {'Retries': 0, 'WallDurations': [8.0, 294.3207941055298, 20113.0], 'StartTimes': [1637699428.0], 'SubmitTimes': [1637684632.0], 'JobIds': ['71876666.0'], 'EndTimes': [1637719541.0], 'Restarts': 0, 'RecordedSite': True, 'State': 'finished', 'ResidentSetSize': [1435560], 'TotalUserCpuTimeHistory': [5735], 'SiteHistory': ['Unknown', 'T2_US_MIT', 'T2_US_MIT'], 'TotalSysCpuTimeHistory': [419]}, '2': {'Retries': 0, 'WallDurations': [10.0, 291.3207941055298, 6821.0], 'StartTimes': [1637699431.0], 'SubmitTimes': [1637684632.0], 'JobIds': ['71876665.0'], 'EndTimes': [1637706252.0], 'Restarts': 0, 'RecordedSite': True, 'State': 'finished', 'ResidentSetSize': [1454816], 'TotalUserCpuTimeHistory': [1907], 'SiteHistory': ['Unknown', 'T2_US_Purdue', 'T2_US_Purdue'], 'TotalSysCpuTimeHistory': [85]}, '5': {'Retries': 0, 'WallDurations': [8.0, 292.3207941055298, 3361.0], 'StartTimes': [1637699430.0], 'SubmitTimes': [1637684632.0], 'JobIds': ['71876668.0'], 'EndTimes': [1637702791.0], 'Restarts': 0, 'RecordedSite': True, 'State': 'finished', 'ResidentSetSize': [1415652], 'TotalUserCpuTimeHistory': [477], 'SiteHistory': ['Unknown', 'T2_US_Purdue', 'T2_US_Purdue'], 'TotalSysCpuTimeHistory': [10]}, '4': {'Retries': 0, 'WallDurations': [9.0, 295.3207941055298, 5705.0, 0, 41.1816680431366], 'StartTimes': [1637699427.0, 1637705715.0], 'SubmitTimes': [1637684632.0, -1], 'JobIds': ['71876667.0', '71876667.0'], 'EndTimes': [1637705132.0], 'Restarts': 1, 'RecordedSite': True, 'State': 'running', 'ResidentSetSize': [1438540, 0], 'TotalUserCpuTimeHistory': [1434.0, 0.0], 'SiteHistory': ['Unknown', 'T2_US_MIT', 'T2_US_MIT', 'Unknown', 'T2_US_MIT'], 'TotalSysCpuTimeHistory': [46.0, 0.0]}, '7': {'Retries': 0, 'WallDurations': [9.0, 87.06572604179382, 11892.0], 'StartTimes': [1637696925.0], 'SubmitTimes': [1637684632.0], 'JobIds': ['71876670.0'], 'EndTimes': [1637708817.0], 'Restarts': 0, 'RecordedSite': True, 'State': 'finished', 'ResidentSetSize': [1516868], 'TotalUserCpuTimeHistory': [10261], 'SiteHistory': ['Unknown', 'T2_US_Nebraska', 'T2_US_Nebraska'], 'TotalSysCpuTimeHistory': [628]}, '6': {'Retries': 0, 'WallDurations': [9.0, 87.06572604179382, 1279.0], 'StartTimes': [1637696925.0], 'SubmitTimes': [1637684632.0], 'JobIds': ['71876669.0'], 'EndTimes': [1637698204.0], 'Restarts': 0, 'RecordedSite': True, 'State': 'finished', 'ResidentSetSize': [1408348], 'TotalUserCpuTimeHistory': [1130], 'SiteHistory': ['Unknown', 'T2_US_Nebraska', 'T2_US_Nebraska'], 'TotalSysCpuTimeHistory': [35]}, '9': {'Retries': 0, 'WallDurations': [9.0, 86.06572604179382, 1889.0], 'StartTimes': [1637696926.0], 'SubmitTimes': [1637684633.0], 'JobIds': ['71876672.0'], 'EndTimes': [1637698815.0], 'Restarts': 0, 'RecordedSite': True, 'State': 'finished', 'ResidentSetSize': [1429516], 'TotalUserCpuTimeHistory': [1326], 'SiteHistory': ['Unknown', 'T2_US_Nebraska', 'T2_US_Nebraska'], 'TotalSysCpuTimeHistory': [25]}, '8': {'Retries': 0, 'WallDurations': [9.0, 87.06572604179382, 1815.0], 'StartTimes': [1637696925.0], 'SubmitTimes': [1637684633.0], 'JobIds': ['71876671.0'], 'EndTimes': [1637698740.0], 'Restarts': 0, 'RecordedSite': True, 'State': 'finished', 'ResidentSetSize': [1433652], 'TotalUserCpuTimeHistory': [1665], 'SiteHistory': ['Unknown', 'T2_US_Nebraska', 'T2_US_Nebraska'], 'TotalSysCpuTimeHistory': [67]}, '13': {'Retries': 0, 'WallDurations': [9.0, 87.06572604179382, 1122.0], 'StartTimes': [1637696925.0], 'SubmitTimes': [1637684633.0], 'JobIds': ['71876676.0'], 'EndTimes': [1637698047.0], 'Restarts': 0, 'RecordedSite': True, 'State': 'finished', 'ResidentSetSize': [1385688], 'TotalUserCpuTimeHistory': [738], 'SiteHistory': ['Unknown', 'T2_US_Nebraska', 'T2_US_Nebraska'], 'TotalSysCpuTimeHistory': [13]}, '12': {'Retries': 0, 'WallDurations': [11.0, 87.06572604179382, 2584.0], 'StartTimes': [1637696925.0], 'SubmitTimes': [1637684633.0], 'JobIds': ['71876675.0'], 'EndTimes': [1637699509.0], 'Restarts': 0, 'RecordedSite': True, 'State': 'finished', 'ResidentSetSize': [1408684], 'TotalUserCpuTimeHistory': [1603], 'SiteHistory': ['Unknown', 'T2_US_Nebraska', 'T2_US_Nebraska'], 'TotalSysCpuTimeHistory': [36]}, '11': {'Retries': 0, 'WallDurations': [10.0, 87.06572604179382, 5293.0], 'StartTimes': [1637696925.0], 'SubmitTimes': [1637684633.0], 'JobIds': ['71876674.0'], 'EndTimes': [1637702218.0], 'Restarts': 0, 'RecordedSite': True, 'State': 'finished', 'ResidentSetSize': [1429424], 'TotalUserCpuTimeHistory': [1677], 'SiteHistory': ['Unknown', 'T2_US_Nebraska', 'T2_US_Nebraska'], 'TotalSysCpuTimeHistory': [88]}, '10': {'Retries': 0, 'WallDurations': [10.0, 88.06572604179382, 4446.0], 'StartTimes': [1637696924.0], 'SubmitTimes': [1637684633.0], 'JobIds': ['71876673.0'], 'EndTimes': [1637701370.0], 'Restarts': 0, 'RecordedSite': True, 'State': 'finished', 'ResidentSetSize': [1436432], 'TotalUserCpuTimeHistory': [1695], 'SiteHistory': ['Unknown', 'T2_US_Nebraska', 'T2_US_Nebraska'], 'TotalSysCpuTimeHistory': [78]}, '39': {'Retries': 0, 'WallDurations': [9.0, 293.3207941055298, 2342.0], 'StartTimes': [1637699429.0], 'SubmitTimes': [1637684642.0], 'JobIds': ['71876703.0'], 'EndTimes': [1637701771.0], 'Restarts': 0, 'RecordedSite': True, 'State': 'finished', 'ResidentSetSize': [1432152], 'TotalUserCpuTimeHistory': [1164], 'SiteHistory': ['Unknown', 'T2_US_MIT', 'T2_US_MIT'], 'TotalSysCpuTimeHistory': [17]}, '38': {'Retries': 0, 'WallDurations': [8.0, 293.3207941055298, 1772.0], 'StartTimes': [1637699429.0], 'SubmitTimes': [1637684642.0], 'JobIds': ['71876702.0'], 'EndTimes': [1637701201.0], 'Restarts': 0, 'RecordedSite': True, 'State': 'finished', 'ResidentSetSize': [1424740], 'TotalUserCpuTimeHistory': [1235], 'SiteHistory': ['Unknown', 'T2_US_MIT', 'T2_US_MIT'], 'TotalSysCpuTimeHistory': [13]}, '15': {'Retries': 0, 'WallDurations': [10.0, 87.06572604179382, 1642.0], 'StartTimes': [1637696925.0], 'SubmitTimes': [1637684633.0], 'JobIds': ['71876678.0'], 'EndTimes': [1637698567.0], 'Restarts': 0, 'RecordedSite': True, 'State': 'finished', 'ResidentSetSize': [1428100], 'TotalUserCpuTimeHistory': [1099], 'SiteHistory': ['Unknown', 'T2_US_Nebraska', 'T2_US_Nebraska'], 'TotalSysCpuTimeHistory': [16]}, '14': {'Retries': 0, 'WallDurations': [10.0, 88.06572604179382, 3225.0], 'StartTimes': [1637696924.0], 'SubmitTimes': [1637684633.0], 'JobIds': ['71876677.0'], 'EndTimes': [1637700149.0], 'Restarts': 0, 'RecordedSite': True, 'State': 'finished', 'ResidentSetSize': [1349820], 'TotalUserCpuTimeHistory': [1035], 'SiteHistory': ['Unknown', 'T2_US_Nebraska', 'T2_US_Nebraska'], 'TotalSysCpuTimeHistory': [54]}, '17': {'Retries': 0, 'WallDurations': [9.0, 86.06572604179382, 1384.0], 'StartTimes': [1637696926.0], 'SubmitTimes': [1637684634.0], 'JobIds': ['71876680.0'], 'EndTimes': [1637698310.0], 'Restarts': 0, 'RecordedSite': True, 'State': 'finished', 'ResidentSetSize': [1245736], 'TotalUserCpuTimeHistory': [1203], 'SiteHistory': ['Unknown', 'T2_US_Nebraska', 'T2_US_Nebraska'], 'TotalSysCpuTimeHistory': [47]}, '16': {'Retries': 0, 'WallDurations': [9.0, 83.06572604179382, 18855.0], 'StartTimes': [1637696929.0], 'SubmitTimes': [1637684633.0], 'JobIds': ['71876679.0'], 'EndTimes': [1637715784.0], 'Restarts': 0, 'RecordedSite': True, 'State': 'finished', 'ResidentSetSize': [1434672], 'TotalUserCpuTimeHistory': [3683], 'SiteHistory': ['Unknown', 'T2_US_Nebraska', 'T2_US_Nebraska'], 'TotalSysCpuTimeHistory': [270]}, '19': {'Retries': 0, 'WallDurations': [9.0, 85.06572604179382, 2794.0], 'StartTimes': [1637696927.0], 'SubmitTimes': [1637684634.0], 'JobIds': ['71876682.0'], 'EndTimes': [1637699721.0], 'Restarts': 0, 'RecordedSite': True, 'State': 'finished', 'ResidentSetSize': [1350556], 'TotalUserCpuTimeHistory': [964], 'SiteHistory': ['Unknown', 'T2_US_Nebraska', 'T2_US_Nebraska'], 'TotalSysCpuTimeHistory': [30]}, '18': {'Retries': 0, 'WallDurations': [10.0, 88.06572604179382, 804.0], 'StartTimes': [1637696924.0], 'SubmitTimes': [1637684634.0], 'JobIds': ['71876681.0'], 'EndTimes': [1637697728.0], 'Restarts': 0, 'RecordedSite': True, 'State': 'finished', 'ResidentSetSize': [1217396], 'TotalUserCpuTimeHistory': [718], 'SiteHistory': ['Unknown', 'T2_US_Nebraska', 'T2_US_Nebraska'], 'TotalSysCpuTimeHistory': [19]}, '31': {'Retries': 0, 'WallDurations': [9.0, 293.3207941055298, 1376.0], 'StartTimes': [1637699429.0], 'SubmitTimes': [1637684641.0], 'JobIds': ['71876695.0'], 'EndTimes': [1637700805.0], 'Restarts': 0, 'RecordedSite': True, 'State': 'finished', 'ResidentSetSize': [1329436], 'TotalUserCpuTimeHistory': [945], 'SiteHistory': ['Unknown', 'T2_US_MIT', 'T2_US_MIT'], 'TotalSysCpuTimeHistory': [10]}, '30': {'Retries': 0, 'WallDurations': [10.0, 293.58728408813477, 5859.0], 'StartTimes': [1637698826.0], 'SubmitTimes': [1637684641.0], 'JobIds': ['71876693.0'], 'EndTimes': [1637704685.0], 'Restarts': 0, 'RecordedSite': True, 'State': 'finished', 'ResidentSetSize': [1357428], 'TotalUserCpuTimeHistory': [2353], 'SiteHistory': ['Unknown', 'T2_US_Nebraska', 'T2_US_Nebraska'], 'TotalSysCpuTimeHistory': [102]}, '37': {'Retries': 0, 'WallDurations': [9.0, 293.3207941055298, 1359.0], 'StartTimes': [1637699429.0], 'SubmitTimes': [1637684641.0], 'JobIds': ['71876701.0'], 'EndTimes': [1637700788.0], 'Restarts': 0, 'RecordedSite': True, 'State': 'finished', 'ResidentSetSize': [1255784], 'TotalUserCpuTimeHistory': [1078], 'SiteHistory': ['Unknown', 'T2_US_MIT', 'T2_US_MIT'], 'TotalSysCpuTimeHistory': [9]}, '36': {'Retries': 0, 'WallDurations': [9.0, 285.3207941055298, 1558.0], 'StartTimes': [1637699437.0], 'SubmitTimes': [1637684641.0], 'JobIds': ['71876700.0'], 'EndTimes': [1637700995.0], 'Restarts': 0, 'RecordedSite': True, 'State': 'finished', 'ResidentSetSize': [1411288], 'TotalUserCpuTimeHistory': [555], 'SiteHistory': ['Unknown', 'T2_US_Purdue', 'T2_US_Purdue'], 'TotalSysCpuTimeHistory': [11]}, '35': {'Retries': 0, 'WallDurations': [9.0, 296.3207941055298, 10553.0], 'StartTimes': [1637699426.0], 'SubmitTimes': [1637684641.0], 'JobIds': ['71876699.0'], 'EndTimes': [1637709979.0], 'Restarts': 0, 'RecordedSite': True, 'State': 'finished', 'ResidentSetSize': [1444424], 'TotalUserCpuTimeHistory': [2292], 'SiteHistory': ['Unknown', 'T2_US_MIT', 'T2_US_MIT'], 'TotalSysCpuTimeHistory': [70]}, '34': {'Retries': 0, 'WallDurations': [9.0, 295.3207941055298, 1040.0], 'StartTimes': [1637699427.0], 'SubmitTimes': [1637684641.0], 'JobIds': ['71876698.0'], 'EndTimes': [1637700467.0], 'Restarts': 0, 'RecordedSite': True, 'State': 'finished', 'ResidentSetSize': [1216184], 'TotalUserCpuTimeHistory': [972], 'SiteHistory': ['Unknown', 'T2_US_MIT', 'T2_US_MIT'], 'TotalSysCpuTimeHistory': [9]}, '33': {'Retries': 0, 'WallDurations': [9.0, 291.3207941055298, 5932.0], 'StartTimes': [1637699431.0], 'SubmitTimes': [1637684641.0], 'JobIds': ['71876697.0'], 'EndTimes': [1637705363.0], 'Restarts': 0, 'RecordedSite': True, 'State': 'finished', 'ResidentSetSize': [1383376], 'TotalUserCpuTimeHistory': [1258], 'SiteHistory': ['Unknown', 'T2_US_Purdue', 'T2_US_Purdue'], 'TotalSysCpuTimeHistory': [94]}, '32': {'Retries': 0, 'WallDurations': [9.0, 265.3207941055298, 1855.0], 'StartTimes': [1637699457.0], 'SubmitTimes': [1637684641.0], 'JobIds': ['71876696.0'], 'EndTimes': [1637701312.0], 'Restarts': 0, 'RecordedSite': True, 'State': 'finished', 'ResidentSetSize': [1429048], 'TotalUserCpuTimeHistory': [919], 'SiteHistory': ['Unknown', 'T2_US_UCSD', 'T2_US_UCSD'], 'TotalSysCpuTimeHistory': [14]}}
INFO 2021-11-24 04:49:14.984 UTC: 	 Status on the scheduler:	SUBMITTED
INFO 2021-11-24 04:49:14.984 UTC: 	 
Jobs status:                    finished     		 82.9% (34/41)
INFO 2021-11-24 04:49:14.984 UTC: 	 				running      		 14.6% ( 6/41)
INFO 2021-11-24 04:49:14.984 UTC: 	 				transferring 		  2.4% ( 1/41)
INFO 2021-11-24 04:49:14.984 UTC: 	 
No publication information (publication has been disabled in the CRAB configuration file)
INFO 2021-11-24 04:49:14.985 UTC: 	 
Warning: the average jobs CPU efficiency is less than 50%, please consider to improve the jobs splitting (e.g. config.Data.splitting = 'Automatic') in a new task
INFO 2021-11-24 04:49:14.985 UTC: 	 
Summary of run jobs:
 * Memory: 0MB min, 1481MB max, 1362MB ave
 * Runtime: 0:00:41 min, 8:18:29 max, 1:47:12 ave
 * CPU eff: 7% min, 95% max, 33% ave
 * Waste: 1:52:36 (3% of total)

INFO 2021-11-24 04:49:14.993 UTC: 	 Log file is /afs/cern.ch/work/y/yian/work/GZ/CMSSW_10_6_20/src/PhysicsTools/NanoAODTools/WWG/2017/crab/crab2017/crab_WW_TuneCP5_13TeV-pythia8_2017/crab.log
