DEBUG 2021-11-25 06:11:25.840 UTC: 	 CRAB Client version: v3.210825
DEBUG 2021-11-25 06:11:25.840 UTC: 	 Running on: Linux lxplus7108.cern.ch 3.10.0-1160.45.1.el7.x86_64 #1 SMP Wed Oct 13 17:20:51 UTC 2021 x86_64 x86_64 x86_64 GNU/Linux - CentOS Linux 7 (Core)
DEBUG 2021-11-25 06:11:25.840 UTC: 	 Executing command: 'submit'
DEBUG 2021-11-25 06:11:25.841 UTC: 	 Found CRAB cache file /afs/cern.ch/user/y/yian/.crab3
INFO 2021-11-25 06:11:25.843 UTC: 	 Will use CRAB configuration file crabcode_2016/ZZ_TuneCP5_13TeV-pythia8_2016_cfg.py
DEBUG 2021-11-25 06:11:25.843 UTC: 	 Loading CRAB configuration file.
DEBUG 2021-11-25 06:11:25.865 UTC: 	 Will use CRAB Analysis plugin (i.e. will run an analysis job type).
DEBUG 2021-11-25 06:11:25.882 UTC: 	 Checking credentials
DEBUG 2021-11-25 06:11:25.882 UTC: 	 Found proxy file /tmp/x509up_u110046
DEBUG 2021-11-25 06:11:25.882 UTC: 	 Getting proxy life time left
DEBUG 2021-11-25 06:11:26.588 UTC: 	 Executing : 
 command : voms-proxy-info -file /tmp/x509up_u110046 -timeleft
 output : 594171

 error: 
 retcode : 0
DEBUG 2021-11-25 06:11:27.194 UTC: 	 Executing : 
 command : voms-proxy-info -file /tmp/x509up_u110046 -actimeleft
 output : 594169

 error: 
 retcode : 0
DEBUG 2021-11-25 06:11:27.194 UTC: 	 Proxy lifetime 594171 secs is different from voms extension lifetime 594169 secs for proxy: /tmp/x509up_u110046
DEBUG 2021-11-25 06:11:27.194 UTC: 	 Proxy valid for 165:02:49 hours
DEBUG 2021-11-25 06:11:27.799 UTC: 	 Executing : 
 command : env X509_USER_PROXY=/tmp/x509up_u110046 voms-proxy-info -fqan
 output : /cms/Role=NULL/Capability=NULL

 error: 
 retcode : 0
DEBUG 2021-11-25 06:11:27.853 UTC: 	 Registering user credentials for server /DC=ch/DC=cern/OU=computers/CN=crab-(preprod|prod|dev)-tw(02|01).cern.ch|/DC=ch/DC=cern/OU=computers/CN=stefanov(m|m2).cern.ch|/DC=ch/DC=cern/OU=computers/CN=dciangot-tw.cern.ch
DEBUG 2021-11-25 06:11:28.464 UTC: 	 Executing : 
 command : voms-proxy-info -file /tmp/x509up_u110046 -identity
 output : /DC=ch/DC=cern/OU=Organic Units/OU=Users/CN=yian/CN=826694/CN=Ying An

 error: 
 retcode : 0
DEBUG 2021-11-25 06:11:28.472 UTC: 	 Getting myproxy life time left for myproxy.cern.ch
DEBUG 2021-11-25 06:11:28.472 UTC: 	 using b52ac606a6f7097e9b4b8f05a3a67cc69f8f291b as credential login name
DEBUG 2021-11-25 06:11:28.879 UTC: 	 Executing : 
 command : myproxy-info -l b52ac606a6f7097e9b4b8f05a3a67cc69f8f291b -s myproxy.cern.ch
 output : username: b52ac606a6f7097e9b4b8f05a3a67cc69f8f291b
owner: /DC=ch/DC=cern/OU=Organic Units/OU=Users/CN=yian/CN=826694/CN=Ying An
  renewal policy: /DC=ch/DC=cern/OU=computers/CN=crab-(preprod|prod|dev)-tw(02|01).cern.ch|/DC=ch/DC=cern/OU=computers/CN=stefanov(m|m2).cern.ch|/DC=ch/DC=cern/OU=computers/CN=dciangot-tw.cern.ch
  trusted retrieval policy: /DC=ch/DC=cern/OU=computers/CN=crab-(preprod|prod|dev)-tw(02|01).cern.ch|/DC=ch/DC=cern/OU=computers/CN=stefanov(m|m2).cern.ch|/DC=ch/DC=cern/OU=computers/CN=dciangot-tw.cern.ch
  timeleft: 674:45:10  (28.1 days)

 error: 
 retcode : 0
DEBUG 2021-11-25 06:11:28.880 UTC: 	 Myproxy is valid: 2429110
DEBUG 2021-11-25 06:11:28.880 UTC: 	 Retrieving username ...
DEBUG 2021-11-25 06:11:28.880 UTC: 	 Retrieving username from CRIC...
DEBUG 2021-11-25 06:11:30.400 UTC: 	 username is yian
DEBUG 2021-11-25 06:11:30.407 UTC: 	 Getting myproxy life time left for myproxy.cern.ch
DEBUG 2021-11-25 06:11:30.408 UTC: 	 using yian_CRAB as credential login name
DEBUG 2021-11-25 06:11:30.712 UTC: 	 Executing : 
 command : myproxy-info -l yian_CRAB -s myproxy.cern.ch
 output : username: yian_CRAB
owner: /DC=ch/DC=cern/OU=Organic Units/OU=Users/CN=yian/CN=826694/CN=Ying An
  renewal policy: /DC=ch/DC=cern/OU=computers/CN=crab-(preprod|prod|dev)-tw(02|01).cern.ch|/DC=ch/DC=cern/OU=computers/CN=stefanov(m|m2).cern.ch|/DC=ch/DC=cern/OU=computers/CN=dciangot-tw.cern.ch
  trusted retrieval policy: /DC=ch/DC=cern/OU=computers/CN=crab-(preprod|prod|dev)-tw(02|01).cern.ch|/DC=ch/DC=cern/OU=computers/CN=stefanov(m|m2).cern.ch|/DC=ch/DC=cern/OU=computers/CN=dciangot-tw.cern.ch
  timeleft: 674:44:01  (28.1 days)

 error: 
 retcode : 0
DEBUG 2021-11-25 06:11:30.713 UTC: 	 Myproxy is valid: 2429041
DEBUG 2021-11-25 06:11:30.713 UTC: 	 Result of myproxy credential check:
  Credential exists on myproxy: username: b52ac606a6f7097e9b4b8f05a3a67cc69f8f291b  - validity: 28 days, 2:45:10
  Credential exists on myproxy: username: yian_CRAB  - validity: 28 days, 2:44:01
DEBUG 2021-11-25 06:11:30.713 UTC: 	 Command use: submit
DEBUG 2021-11-25 06:11:30.713 UTC: 	 Options use: ['-c', 'crabcode_2016/ZZ_TuneCP5_13TeV-pythia8_2016_cfg.py']
DEBUG 2021-11-25 06:11:30.793 UTC: 	 CRABClient version: v3.210825
DEBUG 2021-11-25 06:11:30.793 UTC: 	 Instance is prod
DEBUG 2021-11-25 06:11:30.793 UTC: 	 Server base url is cmsweb.cern.ch
DEBUG 2021-11-25 06:11:30.793 UTC: 	 Command api workflow
DEBUG 2021-11-25 06:11:30.793 UTC: 	 Started submission
DEBUG 2021-11-25 06:11:30.793 UTC: 	 Working on /afs/cern.ch/work/y/yian/work/GZ/CMSSW_10_6_20/src/PhysicsTools/NanoAODTools/WWG/2016pre/crab/crab2016/crab_ZZ_TuneCP5_13TeV-pythia8_2016
DEBUG 2021-11-25 06:11:30.958 UTC: 	 Loading required information from the environment
DEBUG 2021-11-25 06:11:30.958 UTC: 	 Found CMSSW_10_6_20 for slc7_amd64_gcc820 with base /afs/cern.ch/work/y/yian/work/GZ/CMSSW_10_6_20
DEBUG 2021-11-25 06:11:30.958 UTC: 	 Loading required information from the environment
DEBUG 2021-11-25 06:11:30.958 UTC: 	 Found CMSSW_10_6_20 for slc7_amd64_gcc820 with base /afs/cern.ch/work/y/yian/work/GZ/CMSSW_10_6_20
DEBUG 2021-11-25 06:11:30.959 UTC: 	 UNIQUE NAME: tarUUID b82e6a85-4d6e-42c0-a237-388e1eeeb927 
DEBUG 2021-11-25 06:11:30.959 UTC: 	 self.config: from WMCore.Configuration import Configuration
config = Configuration()
config.section_('General')
config.General.workArea = 'crab2016'
config.General.transferLogs = False
config.General.requestName = 'ZZ_TuneCP5_13TeV-pythia8_2016'
config.section_('JobType')
config.JobType.scriptArgs = ['isdata=MC', 'year=2016', 'era=B']
config.JobType.scriptExe = './WWG_crab_script.sh'
config.JobType.pluginName = 'Analysis'
config.JobType.sendPythonFolder = True
config.JobType.allowUndistributedCMSSW = True
config.JobType.psetName = 'PSet.py'
config.JobType.inputFiles = ['../../../scripts/haddnano.py', '../WWG_selector/WWG_postproc.py', '../WWG_selector/WWG_Module.py', '../WWG_selector/WWG_keep_and_drop.txt', '../WWG_selector/WWG_output_branch.txt', '../WWG_selector/DAS_filesearch.py']
config.section_('Data')
config.Data.inputDataset = '/ZZ_TuneCP5_13TeV-pythia8/RunIISummer20UL16NanoAODAPVv9-106X_mcRun2_asymptotic_preVFP_v11-v1/NANOAODSIM'
config.Data.allowNonValidInputDataset = True
config.Data.publication = False
config.Data.unitsPerJob = 1
config.Data.ignoreLocality = True
config.Data.inputDBS = 'global'
config.Data.splitting = 'FileBased'
config.Data.outputDatasetTag = 'ZZ_TuneCP5_13TeV-pythia8_2016'
config.section_('Site')
config.Site.whitelist = ['T2_US_MIT', 'T2_US_Wisconsin', 'T2_US_Purdue', 'T2_US_UCSD', 'T2_US_Caltech', 'T2_US_Nebraska']
config.Site.storageSite = 'T3_CH_CERNBOX'

DEBUG 2021-11-25 06:11:30.959 UTC: 	 self.config.JobType.psetName: PSet.py
INFO 2021-11-25 06:11:30.959 UTC: 	 Importing CMSSW configuration PSet.py
INFO 2021-11-25 06:11:31.370 UTC: 	 Finished importing CMSSW configuration PSet.py
DEBUG 2021-11-25 06:11:31.371 UTC: 	 Writing CMSSW configuration to /afs/cern.ch/work/y/yian/work/GZ/CMSSW_10_6_20/src/PhysicsTools/NanoAODTools/WWG/2016pre/crab/crab2016/crab_ZZ_TuneCP5_13TeV-pythia8_2016/inputs/PSet.py
DEBUG 2021-11-25 06:11:31.379 UTC: 	 The following EDM output files will be collected: ['tree.root']
DEBUG 2021-11-25 06:11:31.379 UTC: 	 The following TFile output files will be collected: []
DEBUG 2021-11-25 06:11:31.379 UTC: 	 The following user output files (not listed as PoolOuputModule or TFileService in the CMSSW PSet) will be collected: 
DEBUG 2021-11-25 06:11:31.379 UTC: 	 Loading required information from the environment
DEBUG 2021-11-25 06:11:31.379 UTC: 	 Found CMSSW_10_6_20 for slc7_amd64_gcc820 with base /afs/cern.ch/work/y/yian/work/GZ/CMSSW_10_6_20
DEBUG 2021-11-25 06:11:31.380 UTC: 	 Making tarball in /afs/cern.ch/work/y/yian/work/GZ/CMSSW_10_6_20/src/PhysicsTools/NanoAODTools/WWG/2016pre/crab/crab2016/crab_ZZ_TuneCP5_13TeV-pythia8_2016/inputs/b82e6a85-4d6e-42c0-a237-388e1eeeb927default.tgz
DEBUG 2021-11-25 06:11:31.381 UTC: 	 Checking directory /afs/cern.ch/work/y/yian/work/GZ/CMSSW_10_6_20/lib
DEBUG 2021-11-25 06:11:31.381 UTC: 	 Adding directory /afs/cern.ch/work/y/yian/work/GZ/CMSSW_10_6_20/lib to tarball
DEBUG 2021-11-25 06:11:31.502 UTC: 	 Checking directory /afs/cern.ch/work/y/yian/work/GZ/CMSSW_10_6_20/biglib
DEBUG 2021-11-25 06:11:31.502 UTC: 	 Adding directory /afs/cern.ch/work/y/yian/work/GZ/CMSSW_10_6_20/biglib to tarball
DEBUG 2021-11-25 06:11:31.504 UTC: 	 Checking directory /afs/cern.ch/work/y/yian/work/GZ/CMSSW_10_6_20/module
DEBUG 2021-11-25 06:11:31.505 UTC: 	 Checking directory /afs/cern.ch/work/y/yian/work/GZ/CMSSW_10_6_20/python
DEBUG 2021-11-25 06:11:31.505 UTC: 	 Adding directory /afs/cern.ch/work/y/yian/work/GZ/CMSSW_10_6_20/python to tarball
DEBUG 2021-11-25 06:11:33.894 UTC: 	 Checking directory /afs/cern.ch/work/y/yian/work/GZ/CMSSW_10_6_20/cfipython
DEBUG 2021-11-25 06:11:33.895 UTC: 	 Adding directory /afs/cern.ch/work/y/yian/work/GZ/CMSSW_10_6_20/cfipython to tarball
DEBUG 2021-11-25 06:11:34.770 UTC: 	 Adding data directory /afs/cern.ch/work/y/yian/work/GZ/CMSSW_10_6_20/src/PhysicsTools/NanoAODTools/data to tarball
DEBUG 2021-11-25 06:11:59.103 UTC: 	 Adding data directory /afs/cern.ch/work/y/yian/work/GZ/CMSSW_10_6_20/src/PhysicsTools/NanoAODTools/interface to tarball
DEBUG 2021-11-25 06:11:59.110 UTC: 	 Adding data directory /afs/cern.ch/work/y/yian/work/GZ/CMSSW_10_6_20/src/PhysicsTools/NanoAODTools/python/postprocessing/data to tarball
DEBUG 2021-11-25 06:12:01.480 UTC: 	 Adding file ../../../scripts/haddnano.py to tarball
DEBUG 2021-11-25 06:12:01.481 UTC: 	 Adding file ../WWG_selector/WWG_postproc.py to tarball
DEBUG 2021-11-25 06:12:01.481 UTC: 	 Adding file ../WWG_selector/WWG_Module.py to tarball
DEBUG 2021-11-25 06:12:01.482 UTC: 	 Adding file ../WWG_selector/WWG_keep_and_drop.txt to tarball
DEBUG 2021-11-25 06:12:01.482 UTC: 	 Adding file ../WWG_selector/WWG_output_branch.txt to tarball
DEBUG 2021-11-25 06:12:01.483 UTC: 	 Adding file ../WWG_selector/DAS_filesearch.py to tarball
DEBUG 2021-11-25 06:12:02.717 UTC: 	 Uploading archive /afs/cern.ch/work/y/yian/work/GZ/CMSSW_10_6_20/src/PhysicsTools/NanoAODTools/WWG/2016pre/crab/crab2016/crab_ZZ_TuneCP5_13TeV-pythia8_2016/inputs/b82e6a85-4d6e-42c0-a237-388e1eeeb927default.tgz (94 MB) to the CRAB cache. Using URI https://cmsweb.cern.ch/S3/crabcache_prod
DEBUG 2021-11-25 06:12:26.264 UTC: 	 sandbox 4dda82249d4cb31b704a83a42c8feaf5c3d295c8a0911be2d2beea631de0c81c.tar.gz is already in the S3 store, will not upload again
DEBUG 2021-11-25 06:12:26.264 UTC: 	 Loading required information from the environment
DEBUG 2021-11-25 06:12:26.265 UTC: 	 Found CMSSW_10_6_20 for slc7_amd64_gcc820 with base /afs/cern.ch/work/y/yian/work/GZ/CMSSW_10_6_20
DEBUG 2021-11-25 06:12:26.265 UTC: 	 Making tarball in /afs/cern.ch/work/y/yian/work/GZ/CMSSW_10_6_20/src/PhysicsTools/NanoAODTools/WWG/2016pre/crab/crab2016/crab_ZZ_TuneCP5_13TeV-pythia8_2016/inputs/debugFiles.tgz
DEBUG 2021-11-25 06:12:26.275 UTC: 	 Uploading archive /afs/cern.ch/work/y/yian/work/GZ/CMSSW_10_6_20/src/PhysicsTools/NanoAODTools/WWG/2016pre/crab/crab2016/crab_ZZ_TuneCP5_13TeV-pythia8_2016/inputs/debugFiles.tgz (1 KB) to the CRAB cache. Using URI https://cmsweb.cern.ch/S3/crabcache_prod
DEBUG 2021-11-25 06:12:26.353 UTC: 	 sandbox c4c4b2591db2cbead7fdf916a4350ee8f3e01cf36269b59509138bbc9786c58d.tar.gz is already in the S3 store, will not upload again
DEBUG 2021-11-25 06:12:26.353 UTC: 	 Result uploading input files: 4dda82249d4cb31b704a83a42c8feaf5c3d295c8a0911be2d2beea631de0c81c.tar.gz 
INFO 2021-11-25 06:12:26.353 UTC: 	 Sending the request to the server at cmsweb.cern.ch
DEBUG 2021-11-25 06:12:26.354 UTC: 	 Submitting {'maxjobruntime': 1250, 'extrajdl': [], 'ignorelocality': 1, 'savelogsflag': 0, 'useparent': 0, 'scriptexe': 'WWG_crab_script.sh', 'asyncdest': 'T3_CH_CERNBOX', 'algoargs': 1, 'cachefilename': '4dda82249d4cb31b704a83a42c8feaf5c3d295c8a0911be2d2beea631de0c81c.tar.gz', 'numcores': 1, 'addoutputfiles': [], 'generator': 'pythia', 'maxmemory': 2000, 'publishdbsurl': 'https://cmsweb.cern.ch/dbs/prod/phys03/DBSWriter', 'priority': 10, 'jobsw': 'CMSSW_10_6_20', 'edmoutfiles': ['tree.root'], 'userfiles': [], 'primarydataset': '', 'inputdata': '/ZZ_TuneCP5_13TeV-pythia8/RunIISummer20UL16NanoAODAPVv9-106X_mcRun2_asymptotic_preVFP_v11-v1/NANOAODSIM', 'dryrun': 0, 'workflow': 'crab_ZZ_TuneCP5_13TeV-pythia8_2016', 'scriptargs': ['isdata=MC', 'year=2016', 'era=B'], 'sitewhitelist': ['T2_US_MIT', 'T2_US_Wisconsin', 'T2_US_Purdue', 'T2_US_UCSD', 'T2_US_Caltech', 'T2_US_Nebraska'], 'nonprodsw': 1, 'tfileoutfiles': [], 'oneEventMode': 0, 'debugfilename': 'c4c4b2591db2cbead7fdf916a4350ee8f3e01cf36269b59509138bbc9786c58d.tar.gz', 'cacheurl': u'https://cmsweb.cern.ch/S3/crabcache_prod', 'saveoutput': 1, 'publication': 0, 'jobarch': 'slc7_amd64_gcc820', 'totalunits': 0, 'splitalgo': 'FileBased', 'ignoreglobalblacklist': 0, 'nonvaliddata': 1, 'dbsurl': 'https://cmsweb.cern.ch/dbs/prod/global/DBSReader', 'publishgroupname': 0, 'jobtype': 'Analysis', 'publishname2': 'ZZ_TuneCP5_13TeV-pythia8_2016'} 
DEBUG 2021-11-25 06:12:26.354 UTC: 	 Encoded submit request: maxjobruntime=1250&ignorelocality=1&savelogsflag=0&useparent=0&scriptexe=WWG_crab_script.sh&asyncdest=T3_CH_CERNBOX&algoargs=1&cachefilename=4dda82249d4cb31b704a83a42c8feaf5c3d295c8a0911be2d2beea631de0c81c.tar.gz&numcores=1&generator=pythia&maxmemory=2000&publishdbsurl=https%3A%2F%2Fcmsweb.cern.ch%2Fdbs%2Fprod%2Fphys03%2FDBSWriter&priority=10&jobsw=CMSSW_10_6_20&primarydataset=&inputdata=%2FZZ_TuneCP5_13TeV-pythia8%2FRunIISummer20UL16NanoAODAPVv9-106X_mcRun2_asymptotic_preVFP_v11-v1%2FNANOAODSIM&dryrun=0&workflow=crab_ZZ_TuneCP5_13TeV-pythia8_2016&nonprodsw=1&oneEventMode=0&debugfilename=c4c4b2591db2cbead7fdf916a4350ee8f3e01cf36269b59509138bbc9786c58d.tar.gz&cacheurl=https%3A%2F%2Fcmsweb.cern.ch%2FS3%2Fcrabcache_prod&saveoutput=1&publication=0&jobarch=slc7_amd64_gcc820&totalunits=0&splitalgo=FileBased&ignoreglobalblacklist=0&nonvaliddata=1&dbsurl=https%3A%2F%2Fcmsweb.cern.ch%2Fdbs%2Fprod%2Fglobal%2FDBSReader&publishgroupname=0&jobtype=Analysis&publishname2=ZZ_TuneCP5_13TeV-pythia8_2016&sitewhitelist=T2_US_MIT&sitewhitelist=T2_US_Wisconsin&sitewhitelist=T2_US_Purdue&sitewhitelist=T2_US_UCSD&sitewhitelist=T2_US_Caltech&sitewhitelist=T2_US_Nebraska&edmoutfiles=tree.root&scriptargs=isdata%3DMC&scriptargs=year%3D2016&scriptargs=era%3DB
DEBUG 2021-11-25 06:12:26.574 UTC: 	 Result: {u'result': [{u'RequestName': u'211125_061226:yian_crab_ZZ_TuneCP5_13TeV-pythia8_2016'}]}
INFO 2021-11-25 06:12:26.578 UTC: 	 Success: Your task has been delivered to the prod CRAB3 server.
INFO 2021-11-25 06:12:26.578 UTC: 	 Task name: 211125_061226:yian_crab_ZZ_TuneCP5_13TeV-pythia8_2016
INFO 2021-11-25 06:12:26.579 UTC: 	 Project dir: crab2016/crab_ZZ_TuneCP5_13TeV-pythia8_2016
INFO 2021-11-25 06:12:26.579 UTC: 	 Please use ' crab status -d crab2016/crab_ZZ_TuneCP5_13TeV-pythia8_2016 ' to check how the submission process proceeds.
DEBUG 2021-11-25 06:12:26.579 UTC: 	 About to return
INFO 2021-11-25 06:12:26.583 UTC: 	 Log file is /afs/cern.ch/work/y/yian/work/GZ/CMSSW_10_6_20/src/PhysicsTools/NanoAODTools/WWG/2016pre/crab/crab2016/crab_ZZ_TuneCP5_13TeV-pythia8_2016/crab.log
