DEBUG 2021-11-17 16:59:37.269 UTC: 	 CRAB Client version: v3.210825
DEBUG 2021-11-17 16:59:37.270 UTC: 	 Running on: Linux lxplus722.cern.ch 3.10.0-1160.45.1.el7.x86_64 #1 SMP Wed Oct 13 17:20:51 UTC 2021 x86_64 x86_64 x86_64 GNU/Linux - CentOS Linux 7 (Core)
DEBUG 2021-11-17 16:59:37.270 UTC: 	 Executing command: 'submit'
DEBUG 2021-11-17 16:59:37.272 UTC: 	 Found CRAB cache file /afs/cern.ch/user/y/yian/.crab3
INFO 2021-11-17 16:59:37.276 UTC: 	 Will use CRAB configuration file crabcode_2016/WGToLNuG_01J_5f_TuneCP5_13TeV-amcatnloFXFX-pythia8_2016_cfg.py
DEBUG 2021-11-17 16:59:37.276 UTC: 	 Loading CRAB configuration file.
DEBUG 2021-11-17 16:59:37.282 UTC: 	 Will use CRAB Analysis plugin (i.e. will run an analysis job type).
DEBUG 2021-11-17 16:59:37.311 UTC: 	 Checking credentials
DEBUG 2021-11-17 16:59:37.311 UTC: 	 Found proxy file /tmp/x509up_u110046
DEBUG 2021-11-17 16:59:37.312 UTC: 	 Getting proxy life time left
DEBUG 2021-11-17 16:59:38.018 UTC: 	 Executing : 
 command : voms-proxy-info -file /tmp/x509up_u110046 -timeleft
 output : 595175

 error: 
 retcode : 0
DEBUG 2021-11-17 16:59:38.725 UTC: 	 Executing : 
 command : voms-proxy-info -file /tmp/x509up_u110046 -actimeleft
 output : 595174

 error: 
 retcode : 0
DEBUG 2021-11-17 16:59:38.725 UTC: 	 Proxy lifetime 595175 secs is different from voms extension lifetime 595174 secs for proxy: /tmp/x509up_u110046
DEBUG 2021-11-17 16:59:38.725 UTC: 	 Proxy valid for 165:19:34 hours
DEBUG 2021-11-17 16:59:39.431 UTC: 	 Executing : 
 command : env X509_USER_PROXY=/tmp/x509up_u110046 voms-proxy-info -fqan
 output : /cms/Role=NULL/Capability=NULL

 error: 
 retcode : 0
DEBUG 2021-11-17 16:59:39.512 UTC: 	 Registering user credentials for server /DC=ch/DC=cern/OU=computers/CN=crab-(preprod|prod|dev)-tw(02|01).cern.ch|/DC=ch/DC=cern/OU=computers/CN=stefanov(m|m2).cern.ch|/DC=ch/DC=cern/OU=computers/CN=dciangot-tw.cern.ch
DEBUG 2021-11-17 16:59:40.231 UTC: 	 Executing : 
 command : voms-proxy-info -file /tmp/x509up_u110046 -identity
 output : /DC=ch/DC=cern/OU=Organic Units/OU=Users/CN=yian/CN=826694/CN=Ying An

 error: 
 retcode : 0
DEBUG 2021-11-17 16:59:40.240 UTC: 	 Getting myproxy life time left for myproxy.cern.ch
DEBUG 2021-11-17 16:59:40.240 UTC: 	 using b52ac606a6f7097e9b4b8f05a3a67cc69f8f291b as credential login name
DEBUG 2021-11-17 16:59:40.645 UTC: 	 Executing : 
 command : myproxy-info -l b52ac606a6f7097e9b4b8f05a3a67cc69f8f291b -s myproxy.cern.ch
 output : username: b52ac606a6f7097e9b4b8f05a3a67cc69f8f291b
owner: /DC=ch/DC=cern/OU=Organic Units/OU=Users/CN=yian/CN=826694/CN=Ying An
  renewal policy: /DC=ch/DC=cern/OU=computers/CN=crab-(preprod|prod|dev)-tw(02|01).cern.ch|/DC=ch/DC=cern/OU=computers/CN=stefanov(m|m2).cern.ch|/DC=ch/DC=cern/OU=computers/CN=dciangot-tw.cern.ch
  trusted retrieval policy: /DC=ch/DC=cern/OU=computers/CN=crab-(preprod|prod|dev)-tw(02|01).cern.ch|/DC=ch/DC=cern/OU=computers/CN=stefanov(m|m2).cern.ch|/DC=ch/DC=cern/OU=computers/CN=dciangot-tw.cern.ch
  timeleft: 495:50:50  (20.7 days)

 error: 
 retcode : 0
DEBUG 2021-11-17 16:59:40.646 UTC: 	 Myproxy is valid: 1785050
DEBUG 2021-11-17 16:59:40.646 UTC: 	 Retrieving username ...
DEBUG 2021-11-17 16:59:40.647 UTC: 	 Retrieving username from CRIC...
DEBUG 2021-11-17 16:59:41.408 UTC: 	 username is yian
DEBUG 2021-11-17 16:59:41.414 UTC: 	 Getting myproxy life time left for myproxy.cern.ch
DEBUG 2021-11-17 16:59:41.414 UTC: 	 using yian_CRAB as credential login name
DEBUG 2021-11-17 16:59:41.818 UTC: 	 Executing : 
 command : myproxy-info -l yian_CRAB -s myproxy.cern.ch
 output : username: yian_CRAB
owner: /DC=ch/DC=cern/OU=Organic Units/OU=Users/CN=yian/CN=826694/CN=Ying An
  renewal policy: /DC=ch/DC=cern/OU=computers/CN=crab-(preprod|prod|dev)-tw(02|01).cern.ch|/DC=ch/DC=cern/OU=computers/CN=stefanov(m|m2).cern.ch|/DC=ch/DC=cern/OU=computers/CN=dciangot-tw.cern.ch
  trusted retrieval policy: /DC=ch/DC=cern/OU=computers/CN=crab-(preprod|prod|dev)-tw(02|01).cern.ch|/DC=ch/DC=cern/OU=computers/CN=stefanov(m|m2).cern.ch|/DC=ch/DC=cern/OU=computers/CN=dciangot-tw.cern.ch
  timeleft: 495:50:55  (20.7 days)

 error: 
 retcode : 0
DEBUG 2021-11-17 16:59:41.818 UTC: 	 Myproxy is valid: 1785055
DEBUG 2021-11-17 16:59:41.819 UTC: 	 Result of myproxy credential check:
  Credential exists on myproxy: username: b52ac606a6f7097e9b4b8f05a3a67cc69f8f291b  - validity: 20 days, 15:50:50
  Credential exists on myproxy: username: yian_CRAB  - validity: 20 days, 15:50:55
DEBUG 2021-11-17 16:59:41.819 UTC: 	 Command use: submit
DEBUG 2021-11-17 16:59:41.819 UTC: 	 Options use: ['-c', 'crabcode_2016/WGToLNuG_01J_5f_TuneCP5_13TeV-amcatnloFXFX-pythia8_2016_cfg.py']
DEBUG 2021-11-17 16:59:41.936 UTC: 	 CRABClient version: v3.210825
DEBUG 2021-11-17 16:59:41.936 UTC: 	 Instance is prod
DEBUG 2021-11-17 16:59:41.936 UTC: 	 Server base url is cmsweb.cern.ch
DEBUG 2021-11-17 16:59:41.936 UTC: 	 Command api workflow
DEBUG 2021-11-17 16:59:41.936 UTC: 	 Started submission
DEBUG 2021-11-17 16:59:41.936 UTC: 	 Working on /afs/cern.ch/work/y/yian/work/GZ/CMSSW_10_6_20/src/PhysicsTools/NanoAODTools/WWG/2016post/crab/crab2016/crab_WGToLNuG_01J_5f_TuneCP5_13TeV-amcatnloFXFX-pythia8_2016
DEBUG 2021-11-17 16:59:42.064 UTC: 	 Loading required information from the environment
DEBUG 2021-11-17 16:59:42.065 UTC: 	 Found CMSSW_10_6_20 for slc7_amd64_gcc820 with base /afs/cern.ch/work/y/yian/work/GZ/CMSSW_10_6_20
DEBUG 2021-11-17 16:59:42.065 UTC: 	 Loading required information from the environment
DEBUG 2021-11-17 16:59:42.065 UTC: 	 Found CMSSW_10_6_20 for slc7_amd64_gcc820 with base /afs/cern.ch/work/y/yian/work/GZ/CMSSW_10_6_20
DEBUG 2021-11-17 16:59:42.065 UTC: 	 UNIQUE NAME: tarUUID 4c898bc0-f614-45e9-9fcd-aea58c61b3d2 
DEBUG 2021-11-17 16:59:42.065 UTC: 	 self.config: from WMCore.Configuration import Configuration
config = Configuration()
config.section_('General')
config.General.workArea = 'crab2016'
config.General.transferLogs = False
config.General.requestName = 'WGToLNuG_01J_5f_TuneCP5_13TeV-amcatnloFXFX-pythia8_2016'
config.section_('JobType')
config.JobType.scriptArgs = ['isdata=MC', 'year=2016', 'era=B']
config.JobType.scriptExe = './WWG_crab_script.sh'
config.JobType.pluginName = 'Analysis'
config.JobType.sendPythonFolder = True
config.JobType.allowUndistributedCMSSW = True
config.JobType.psetName = 'PSet.py'
config.JobType.inputFiles = ['../../../scripts/haddnano.py', '../WWG_selector/WWG_postproc.py', '../WWG_selector/WWG_Module.py', '../WWG_selector/WWG_keep_and_drop.txt', '../WWG_selector/WWG_output_branch.txt', '../WWG_selector/DAS_filesearch.py']
config.section_('Data')
config.Data.inputDataset = '/WGToLNuG_01J_5f_TuneCP5_13TeV-amcatnloFXFX-pythia8/RunIISummer20UL16NanoAODv9-106X_mcRun2_asymptotic_v17-v1/NANOAODSIM'
config.Data.allowNonValidInputDataset = True
config.Data.publication = False
config.Data.unitsPerJob = 1
config.Data.ignoreLocality = True
config.Data.inputDBS = 'global'
config.Data.splitting = 'FileBased'
config.Data.outputDatasetTag = 'WGToLNuG_01J_5f_TuneCP5_13TeV-amcatnloFXFX-pythia8_2016'
config.section_('Site')
config.Site.whitelist = ['T2_US_MIT', 'T2_US_Wisconsin', 'T2_US_Purdue', 'T2_US_UCSD', 'T2_US_Caltech', 'T2_US_Nebraska']
config.Site.storageSite = 'T3_CH_CERNBOX'

DEBUG 2021-11-17 16:59:42.065 UTC: 	 self.config.JobType.psetName: PSet.py
INFO 2021-11-17 16:59:42.065 UTC: 	 Importing CMSSW configuration PSet.py
INFO 2021-11-17 16:59:42.536 UTC: 	 Finished importing CMSSW configuration PSet.py
DEBUG 2021-11-17 16:59:42.536 UTC: 	 Writing CMSSW configuration to /afs/cern.ch/work/y/yian/work/GZ/CMSSW_10_6_20/src/PhysicsTools/NanoAODTools/WWG/2016post/crab/crab2016/crab_WGToLNuG_01J_5f_TuneCP5_13TeV-amcatnloFXFX-pythia8_2016/inputs/PSet.py
DEBUG 2021-11-17 16:59:42.547 UTC: 	 The following EDM output files will be collected: ['tree.root']
DEBUG 2021-11-17 16:59:42.547 UTC: 	 The following TFile output files will be collected: []
DEBUG 2021-11-17 16:59:42.547 UTC: 	 The following user output files (not listed as PoolOuputModule or TFileService in the CMSSW PSet) will be collected: 
DEBUG 2021-11-17 16:59:42.547 UTC: 	 Loading required information from the environment
DEBUG 2021-11-17 16:59:42.547 UTC: 	 Found CMSSW_10_6_20 for slc7_amd64_gcc820 with base /afs/cern.ch/work/y/yian/work/GZ/CMSSW_10_6_20
DEBUG 2021-11-17 16:59:42.547 UTC: 	 Making tarball in /afs/cern.ch/work/y/yian/work/GZ/CMSSW_10_6_20/src/PhysicsTools/NanoAODTools/WWG/2016post/crab/crab2016/crab_WGToLNuG_01J_5f_TuneCP5_13TeV-amcatnloFXFX-pythia8_2016/inputs/4c898bc0-f614-45e9-9fcd-aea58c61b3d2default.tgz
DEBUG 2021-11-17 16:59:42.548 UTC: 	 Checking directory /afs/cern.ch/work/y/yian/work/GZ/CMSSW_10_6_20/lib
DEBUG 2021-11-17 16:59:42.548 UTC: 	 Adding directory /afs/cern.ch/work/y/yian/work/GZ/CMSSW_10_6_20/lib to tarball
DEBUG 2021-11-17 16:59:42.672 UTC: 	 Checking directory /afs/cern.ch/work/y/yian/work/GZ/CMSSW_10_6_20/biglib
DEBUG 2021-11-17 16:59:42.672 UTC: 	 Adding directory /afs/cern.ch/work/y/yian/work/GZ/CMSSW_10_6_20/biglib to tarball
DEBUG 2021-11-17 16:59:42.673 UTC: 	 Checking directory /afs/cern.ch/work/y/yian/work/GZ/CMSSW_10_6_20/module
DEBUG 2021-11-17 16:59:42.673 UTC: 	 Checking directory /afs/cern.ch/work/y/yian/work/GZ/CMSSW_10_6_20/python
DEBUG 2021-11-17 16:59:42.673 UTC: 	 Adding directory /afs/cern.ch/work/y/yian/work/GZ/CMSSW_10_6_20/python to tarball
DEBUG 2021-11-17 16:59:45.137 UTC: 	 Checking directory /afs/cern.ch/work/y/yian/work/GZ/CMSSW_10_6_20/cfipython
DEBUG 2021-11-17 16:59:45.137 UTC: 	 Adding directory /afs/cern.ch/work/y/yian/work/GZ/CMSSW_10_6_20/cfipython to tarball
DEBUG 2021-11-17 16:59:45.844 UTC: 	 Adding data directory /afs/cern.ch/work/y/yian/work/GZ/CMSSW_10_6_20/src/PhysicsTools/NanoAODTools/data to tarball
DEBUG 2021-11-17 17:00:07.164 UTC: 	 Adding data directory /afs/cern.ch/work/y/yian/work/GZ/CMSSW_10_6_20/src/PhysicsTools/NanoAODTools/interface to tarball
DEBUG 2021-11-17 17:00:07.168 UTC: 	 Adding data directory /afs/cern.ch/work/y/yian/work/GZ/CMSSW_10_6_20/src/PhysicsTools/NanoAODTools/python/postprocessing/data to tarball
DEBUG 2021-11-17 17:00:09.597 UTC: 	 Adding file ../../../scripts/haddnano.py to tarball
DEBUG 2021-11-17 17:00:09.598 UTC: 	 Adding file ../WWG_selector/WWG_postproc.py to tarball
DEBUG 2021-11-17 17:00:09.598 UTC: 	 Adding file ../WWG_selector/WWG_Module.py to tarball
DEBUG 2021-11-17 17:00:09.599 UTC: 	 Adding file ../WWG_selector/WWG_keep_and_drop.txt to tarball
DEBUG 2021-11-17 17:00:09.599 UTC: 	 Adding file ../WWG_selector/WWG_output_branch.txt to tarball
DEBUG 2021-11-17 17:00:09.600 UTC: 	 Adding file ../WWG_selector/DAS_filesearch.py to tarball
DEBUG 2021-11-17 17:00:15.827 UTC: 	 Uploading archive /afs/cern.ch/work/y/yian/work/GZ/CMSSW_10_6_20/src/PhysicsTools/NanoAODTools/WWG/2016post/crab/crab2016/crab_WGToLNuG_01J_5f_TuneCP5_13TeV-amcatnloFXFX-pythia8_2016/inputs/4c898bc0-f614-45e9-9fcd-aea58c61b3d2default.tgz (94 MB) to the CRAB cache. Using URI https://cmsweb.cern.ch/S3/crabcache_prod
DEBUG 2021-11-17 17:00:40.248 UTC: 	 sandbox bd736a0ca49dfa0dfab96903bb1581d6622ba6889f2fdcbb1b931bf047ceb81a.tar.gz is already in the S3 store, will not upload again
DEBUG 2021-11-17 17:00:40.248 UTC: 	 Loading required information from the environment
DEBUG 2021-11-17 17:00:40.248 UTC: 	 Found CMSSW_10_6_20 for slc7_amd64_gcc820 with base /afs/cern.ch/work/y/yian/work/GZ/CMSSW_10_6_20
DEBUG 2021-11-17 17:00:40.248 UTC: 	 Making tarball in /afs/cern.ch/work/y/yian/work/GZ/CMSSW_10_6_20/src/PhysicsTools/NanoAODTools/WWG/2016post/crab/crab2016/crab_WGToLNuG_01J_5f_TuneCP5_13TeV-amcatnloFXFX-pythia8_2016/inputs/debugFiles.tgz
DEBUG 2021-11-17 17:00:40.254 UTC: 	 Uploading archive /afs/cern.ch/work/y/yian/work/GZ/CMSSW_10_6_20/src/PhysicsTools/NanoAODTools/WWG/2016post/crab/crab2016/crab_WGToLNuG_01J_5f_TuneCP5_13TeV-amcatnloFXFX-pythia8_2016/inputs/debugFiles.tgz (1 KB) to the CRAB cache. Using URI https://cmsweb.cern.ch/S3/crabcache_prod
DEBUG 2021-11-17 17:00:40.351 UTC: 	 Will execute:
curl -f -v -X POST  -H "User-Agent: CRAB" -F "key=yian/sandboxes/fb1e494255fa7f3f08c51dab386878b3daf75bd11d0f242c6d5fa5c8ea725af0.tar.gz" -F "AWSAccessKeyId=ab00fcc889f248c495d2875f15a3badb" -F "policy=eyJjb25kaXRpb25zIjogW3siYnVja2V0IjogImNyYWJjYWNoZV9wcm9kIn0sIHsia2V5IjogInlpYW4vc2FuZGJveGVzL2ZiMWU0OTQyNTVmYTdmM2YwOGM1MWRhYjM4Njg3OGIzZGFmNzViZDExZDBmMjQyYzZkNWZhNWM4ZWE3MjVhZjAudGFyLmd6In1dLCAiZXhwaXJhdGlvbiI6ICIyMDIxLTExLTE3VDE4OjAwOjQwWiJ9" -F "signature=HR5IrUOzgC5aGiuS6njvMifZE+c=" -F "file=@/afs/cern.ch/work/y/yian/work/GZ/CMSSW_10_6_20/src/PhysicsTools/NanoAODTools/WWG/2016post/crab/crab2016/crab_WGToLNuG_01J_5f_TuneCP5_13TeV-amcatnloFXFX-pythia8_2016/inputs/debugFiles.tgz" "https://s3.cern.ch/crabcache_prod"
DEBUG 2021-11-17 17:00:41.456 UTC: 	 exitcode: 0
stdout: 
stderr: Note: Unnecessary use of -X or --request, POST is already inferred.
  % Total    % Received % Xferd  Average Speed   Time    Time     Time  Current
                                 Dload  Upload   Total   Spent    Left  Speed
  0     0    0     0    0     0      0      0 --:--:-- --:--:-- --:--:--     0*   Trying 2001:1458:d00:18::390...
* TCP_NODELAY set
* Connected to s3.cern.ch (2001:1458:d00:18::390) port 443 (#0)
* ALPN, offering http/1.1
* Cipher selection: ALL:!EXPORT:!EXPORT40:!EXPORT56:!aNULL:!LOW:!RC4:@STRENGTH
* successfully set certificate verify locations:
  CAfile: /etc/pki/tls/certs/ca-bundle.crt
  CApath: none
* TLSv1.2 (OUT), TLS header, Certificate Status (22):
} [5 bytes data]
* TLSv1.2 (OUT), TLS handshake, Client hello (1):
} [512 bytes data]
* TLSv1.2 (IN), TLS handshake, Server hello (2):
{ [70 bytes data]
* TLSv1.2 (IN), TLS handshake, Certificate (11):
{ [4780 bytes data]
* TLSv1.2 (IN), TLS handshake, Server key exchange (12):
{ [333 bytes data]
* TLSv1.2 (IN), TLS handshake, Server finished (14):
{ [4 bytes data]
* TLSv1.2 (OUT), TLS handshake, Client key exchange (16):
} [70 bytes data]
* TLSv1.2 (OUT), TLS change cipher, Client hello (1):
} [1 bytes data]
* TLSv1.2 (OUT), TLS handshake, Finished (20):
} [16 bytes data]
* TLSv1.2 (IN), TLS change cipher, Client hello (1):
{ [1 bytes data]
* TLSv1.2 (IN), TLS handshake, Finished (20):
{ [16 bytes data]
* SSL connection using TLSv1.2 / ECDHE-RSA-AES128-GCM-SHA256
* ALPN, server accepted to use http/1.1
* Server certificate:
*  subject: C=CH; ST=Genève; L=Meyrin; O=Organisation européenne pour la Recherche nucléaire (CERN); CN=*.s3.cern.ch
*  start date: Mar 10 00:00:00 2021 GMT
*  expire date: Mar 10 23:59:59 2022 GMT
*  subjectAltName: host "s3.cern.ch" matched cert's "s3.cern.ch"
*  issuer: C=GB; ST=Greater Manchester; L=Salford; O=Sectigo Limited; CN=Sectigo RSA Organization Validation Secure Server CA
*  SSL certificate verify ok.
} [5 bytes data]
> POST /crabcache_prod HTTP/1.1
> Host: s3.cern.ch
> Accept: */*
> User-Agent: CRAB
> Content-Length: 2783
> Content-Type: multipart/form-data; boundary=------------------------a7a45638d51d9267
> Expect: 100-continue
> 
* Done waiting for 100-continue
  0  2783    0     0    0     0      0      0 --:--:--  0:00:01 --:--:--     0} [5 bytes data]
< HTTP/1.1 100 Continue
{ [5 bytes data]
< HTTP/1.1 204 No Content
< Accept-Ranges: bytes
< Bucket: crabcache_prod
< Date: Wed, 17 Nov 2021 17:00:41 GMT
< X-Amz-Request-Id: tx00000000000000091e444-0061953538-1e61d16e-default
< 
100  2783    0     0  100  2783      0   2658  0:00:01  0:00:01 --:--:--  2658
* Connection #0 to host s3.cern.ch left intact

DEBUG 2021-11-17 17:00:41.457 UTC: 	 sandbox /afs/cern.ch/work/y/yian/work/GZ/CMSSW_10_6_20/src/PhysicsTools/NanoAODTools/WWG/2016post/crab/crab2016/crab_WGToLNuG_01J_5f_TuneCP5_13TeV-amcatnloFXFX-pythia8_2016/inputs/debugFiles.tgz successully uploaded to S3
DEBUG 2021-11-17 17:00:41.457 UTC: 	 Result uploading input files: bd736a0ca49dfa0dfab96903bb1581d6622ba6889f2fdcbb1b931bf047ceb81a.tar.gz 
INFO 2021-11-17 17:00:41.457 UTC: 	 Sending the request to the server at cmsweb.cern.ch
DEBUG 2021-11-17 17:00:41.458 UTC: 	 Submitting {'maxjobruntime': 1250, 'extrajdl': [], 'ignorelocality': 1, 'savelogsflag': 0, 'useparent': 0, 'scriptexe': 'WWG_crab_script.sh', 'asyncdest': 'T3_CH_CERNBOX', 'algoargs': 1, 'cachefilename': 'bd736a0ca49dfa0dfab96903bb1581d6622ba6889f2fdcbb1b931bf047ceb81a.tar.gz', 'numcores': 1, 'addoutputfiles': [], 'generator': 'pythia', 'maxmemory': 2000, 'publishdbsurl': 'https://cmsweb.cern.ch/dbs/prod/phys03/DBSWriter', 'priority': 10, 'jobsw': 'CMSSW_10_6_20', 'edmoutfiles': ['tree.root'], 'userfiles': [], 'primarydataset': '', 'inputdata': '/WGToLNuG_01J_5f_TuneCP5_13TeV-amcatnloFXFX-pythia8/RunIISummer20UL16NanoAODv9-106X_mcRun2_asymptotic_v17-v1/NANOAODSIM', 'dryrun': 0, 'workflow': 'crab_WGToLNuG_01J_5f_TuneCP5_13TeV-amcatnloFXFX-pythia8_2016', 'scriptargs': ['isdata=MC', 'year=2016', 'era=B'], 'sitewhitelist': ['T2_US_MIT', 'T2_US_Wisconsin', 'T2_US_Purdue', 'T2_US_UCSD', 'T2_US_Caltech', 'T2_US_Nebraska'], 'nonprodsw': 1, 'tfileoutfiles': [], 'oneEventMode': 0, 'debugfilename': 'fb1e494255fa7f3f08c51dab386878b3daf75bd11d0f242c6d5fa5c8ea725af0.tar.gz', 'cacheurl': u'https://cmsweb.cern.ch/S3/crabcache_prod', 'saveoutput': 1, 'publication': 0, 'jobarch': 'slc7_amd64_gcc820', 'totalunits': 0, 'splitalgo': 'FileBased', 'ignoreglobalblacklist': 0, 'nonvaliddata': 1, 'dbsurl': 'https://cmsweb.cern.ch/dbs/prod/global/DBSReader', 'publishgroupname': 0, 'jobtype': 'Analysis', 'publishname2': 'WGToLNuG_01J_5f_TuneCP5_13TeV-amcatnloFXFX-pythia8_2016'} 
DEBUG 2021-11-17 17:00:41.458 UTC: 	 Encoded submit request: maxjobruntime=1250&ignorelocality=1&savelogsflag=0&useparent=0&scriptexe=WWG_crab_script.sh&asyncdest=T3_CH_CERNBOX&algoargs=1&cachefilename=bd736a0ca49dfa0dfab96903bb1581d6622ba6889f2fdcbb1b931bf047ceb81a.tar.gz&numcores=1&generator=pythia&maxmemory=2000&publishdbsurl=https%3A%2F%2Fcmsweb.cern.ch%2Fdbs%2Fprod%2Fphys03%2FDBSWriter&priority=10&jobsw=CMSSW_10_6_20&primarydataset=&inputdata=%2FWGToLNuG_01J_5f_TuneCP5_13TeV-amcatnloFXFX-pythia8%2FRunIISummer20UL16NanoAODv9-106X_mcRun2_asymptotic_v17-v1%2FNANOAODSIM&dryrun=0&workflow=crab_WGToLNuG_01J_5f_TuneCP5_13TeV-amcatnloFXFX-pythia8_2016&nonprodsw=1&oneEventMode=0&debugfilename=fb1e494255fa7f3f08c51dab386878b3daf75bd11d0f242c6d5fa5c8ea725af0.tar.gz&cacheurl=https%3A%2F%2Fcmsweb.cern.ch%2FS3%2Fcrabcache_prod&saveoutput=1&publication=0&jobarch=slc7_amd64_gcc820&totalunits=0&splitalgo=FileBased&ignoreglobalblacklist=0&nonvaliddata=1&dbsurl=https%3A%2F%2Fcmsweb.cern.ch%2Fdbs%2Fprod%2Fglobal%2FDBSReader&publishgroupname=0&jobtype=Analysis&publishname2=WGToLNuG_01J_5f_TuneCP5_13TeV-amcatnloFXFX-pythia8_2016&sitewhitelist=T2_US_MIT&sitewhitelist=T2_US_Wisconsin&sitewhitelist=T2_US_Purdue&sitewhitelist=T2_US_UCSD&sitewhitelist=T2_US_Caltech&sitewhitelist=T2_US_Nebraska&edmoutfiles=tree.root&scriptargs=isdata%3DMC&scriptargs=year%3D2016&scriptargs=era%3DB
DEBUG 2021-11-17 17:00:41.796 UTC: 	 Result: {u'result': [{u'RequestName': u'211117_170041:yian_crab_WGToLNuG_01J_5f_TuneCP5_13TeV-amcatnloFXFX-pythia8_2016'}]}
INFO 2021-11-17 17:00:41.800 UTC: 	 Success: Your task has been delivered to the prod CRAB3 server.
INFO 2021-11-17 17:00:41.800 UTC: 	 Task name: 211117_170041:yian_crab_WGToLNuG_01J_5f_TuneCP5_13TeV-amcatnloFXFX-pythia8_2016
INFO 2021-11-17 17:00:41.800 UTC: 	 Project dir: crab2016/crab_WGToLNuG_01J_5f_TuneCP5_13TeV-amcatnloFXFX-pythia8_2016
INFO 2021-11-17 17:00:41.800 UTC: 	 Please use ' crab status -d crab2016/crab_WGToLNuG_01J_5f_TuneCP5_13TeV-amcatnloFXFX-pythia8_2016 ' to check how the submission process proceeds.
DEBUG 2021-11-17 17:00:41.800 UTC: 	 About to return
INFO 2021-11-17 17:00:41.804 UTC: 	 Log file is /afs/cern.ch/work/y/yian/work/GZ/CMSSW_10_6_20/src/PhysicsTools/NanoAODTools/WWG/2016post/crab/crab2016/crab_WGToLNuG_01J_5f_TuneCP5_13TeV-amcatnloFXFX-pythia8_2016/crab.log
DEBUG 2021-11-18 09:21:55.657 UTC: 	 CRAB Client version: v3.210825
DEBUG 2021-11-18 09:21:55.657 UTC: 	 Running on: Linux lxplus794.cern.ch 3.10.0-1160.45.1.el7.x86_64 #1 SMP Wed Oct 13 17:20:51 UTC 2021 x86_64 x86_64 x86_64 GNU/Linux - CentOS Linux 7 (Core)
DEBUG 2021-11-18 09:21:55.657 UTC: 	 Executing command: 'status'
DEBUG 2021-11-18 09:21:55.658 UTC: 	 Found CRAB cache file /afs/cern.ch/user/y/yian/.crab3
DEBUG 2021-11-18 09:21:55.859 UTC: 	 Checking credentials
DEBUG 2021-11-18 09:21:55.859 UTC: 	 Found proxy file /tmp/x509up_u110046
DEBUG 2021-11-18 09:21:55.859 UTC: 	 Getting proxy life time left
DEBUG 2021-11-18 09:21:56.567 UTC: 	 Executing : 
 command : voms-proxy-info -file /tmp/x509up_u110046 -timeleft
 output : 595280

 error: 
 retcode : 0
DEBUG 2021-11-18 09:21:57.273 UTC: 	 Executing : 
 command : voms-proxy-info -file /tmp/x509up_u110046 -actimeleft
 output : 595279

 error: 
 retcode : 0
DEBUG 2021-11-18 09:21:57.274 UTC: 	 Proxy lifetime 595280 secs is different from voms extension lifetime 595279 secs for proxy: /tmp/x509up_u110046
DEBUG 2021-11-18 09:21:57.274 UTC: 	 Proxy valid for 165:21:19 hours
DEBUG 2021-11-18 09:21:57.349 UTC: 	 Registering user credentials for server /DC=ch/DC=cern/OU=computers/CN=crab-(preprod|prod|dev)-tw(02|01).cern.ch|/DC=ch/DC=cern/OU=computers/CN=stefanov(m|m2).cern.ch|/DC=ch/DC=cern/OU=computers/CN=dciangot-tw.cern.ch
DEBUG 2021-11-18 09:21:58.063 UTC: 	 Executing : 
 command : voms-proxy-info -file /tmp/x509up_u110046 -identity
 output : /DC=ch/DC=cern/OU=Organic Units/OU=Users/CN=yian/CN=826694/CN=Ying An

 error: 
 retcode : 0
DEBUG 2021-11-18 09:21:58.071 UTC: 	 Getting myproxy life time left for myproxy.cern.ch
DEBUG 2021-11-18 09:21:58.071 UTC: 	 using b52ac606a6f7097e9b4b8f05a3a67cc69f8f291b as credential login name
DEBUG 2021-11-18 09:21:58.476 UTC: 	 Executing : 
 command : myproxy-info -l b52ac606a6f7097e9b4b8f05a3a67cc69f8f291b -s myproxy.cern.ch
 output : username: b52ac606a6f7097e9b4b8f05a3a67cc69f8f291b
owner: /DC=ch/DC=cern/OU=Organic Units/OU=Users/CN=yian/CN=826694/CN=Ying An
  renewal policy: /DC=ch/DC=cern/OU=computers/CN=crab-(preprod|prod|dev)-tw(02|01).cern.ch|/DC=ch/DC=cern/OU=computers/CN=stefanov(m|m2).cern.ch|/DC=ch/DC=cern/OU=computers/CN=dciangot-tw.cern.ch
  trusted retrieval policy: /DC=ch/DC=cern/OU=computers/CN=crab-(preprod|prod|dev)-tw(02|01).cern.ch|/DC=ch/DC=cern/OU=computers/CN=stefanov(m|m2).cern.ch|/DC=ch/DC=cern/OU=computers/CN=dciangot-tw.cern.ch
  timeleft: 479:28:32  (20.0 days)

 error: 
 retcode : 0
DEBUG 2021-11-18 09:21:58.477 UTC: 	 Myproxy is valid: 1726112
DEBUG 2021-11-18 09:21:58.477 UTC: 	 Retrieving username ...
DEBUG 2021-11-18 09:21:58.477 UTC: 	 Retrieving username from CRIC...
DEBUG 2021-11-18 09:21:59.255 UTC: 	 username is yian
DEBUG 2021-11-18 09:21:59.263 UTC: 	 Getting myproxy life time left for myproxy.cern.ch
DEBUG 2021-11-18 09:21:59.263 UTC: 	 using yian_CRAB as credential login name
DEBUG 2021-11-18 09:21:59.668 UTC: 	 Executing : 
 command : myproxy-info -l yian_CRAB -s myproxy.cern.ch
 output : username: yian_CRAB
owner: /DC=ch/DC=cern/OU=Organic Units/OU=Users/CN=yian/CN=826694/CN=Ying An
  renewal policy: /DC=ch/DC=cern/OU=computers/CN=crab-(preprod|prod|dev)-tw(02|01).cern.ch|/DC=ch/DC=cern/OU=computers/CN=stefanov(m|m2).cern.ch|/DC=ch/DC=cern/OU=computers/CN=dciangot-tw.cern.ch
  trusted retrieval policy: /DC=ch/DC=cern/OU=computers/CN=crab-(preprod|prod|dev)-tw(02|01).cern.ch|/DC=ch/DC=cern/OU=computers/CN=stefanov(m|m2).cern.ch|/DC=ch/DC=cern/OU=computers/CN=dciangot-tw.cern.ch
  timeleft: 479:28:37  (20.0 days)

 error: 
 retcode : 0
DEBUG 2021-11-18 09:21:59.669 UTC: 	 Myproxy is valid: 1726117
DEBUG 2021-11-18 09:21:59.669 UTC: 	 Result of myproxy credential check:
  Credential exists on myproxy: username: b52ac606a6f7097e9b4b8f05a3a67cc69f8f291b  - validity: 19 days, 23:28:32
  Credential exists on myproxy: username: yian_CRAB  - validity: 19 days, 23:28:37
DEBUG 2021-11-18 09:21:59.670 UTC: 	 Command use: status
DEBUG 2021-11-18 09:21:59.671 UTC: 	 Options use: ['-d', 'crab2016/crab_WGToLNuG_01J_5f_TuneCP5_13TeV-amcatnloFXFX-pythia8_2016']
DEBUG 2021-11-18 09:21:59.825 UTC: 	 CRABClient version: v3.210825
DEBUG 2021-11-18 09:21:59.825 UTC: 	 Instance is prod
DEBUG 2021-11-18 09:21:59.825 UTC: 	 Server base url is cmsweb.cern.ch
DEBUG 2021-11-18 09:21:59.825 UTC: 	 Command api workflow
DEBUG 2021-11-18 09:21:59.909 UTC: 	 Got information from server oracle database: {u'result': [u'211117_170041:yian_crab_WGToLNuG_01J_5f_TuneCP5_13TeV-amcatnloFXFX-pythia8_2016', u'None', u'None', u'SUBMITTED', u'SUBMIT', u'2021-11-17 17:00:41.779678', u'None', u'2021-11-17 17:01:37.596197', u'None', u'CMSSW_10_6_20', u'slc7_amd64_gcc820', u'/WGToLNuG_01J_5f_TuneCP5_13TeV-amcatnloFXFX-pythia8/RunIISummer20UL16NanoAODv9-106X_mcRun2_asymptotic_v17-v1/NANOAODSIM', u'T', u'0', u"[u'T2_US_UCSD', u'T2_US_Wisconsin', u'T2_US_MIT', u'T2_US_Caltech', u'T2_US_Purdue', u'T2_US_Nebraska']", u'[]', u'FileBased', u"{'splitOnRun': False, 'halt_job_on_file_boundaries': False, 'files_per_job': 1, 'runs': [], 'lumis': []}", u'bd736a0ca49dfa0dfab96903bb1581d6622ba6889f2fdcbb1b931bf047ceb81a.tar.gz', u'https://cmsweb.cern.ch/S3/crabcache_prod', u'yian', u'/DC=ch/DC=cern/OU=Organic Units/OU=Users/CN=yian/CN=826694/CN=Ying An', u'cms', u'None', u'None', u'WGToLNuG_01J_5f_TuneCP5_13TeV-amcatnloFXFX-pythia8_2016-00000000000000000000000000000000', u'F', u'T3_CH_CERNBOX', u'https://cmsweb.cern.ch/dbs/prod/global/DBSReader', u'https://cmsweb.cern.ch/dbs/prod/phys03/DBSWriter', u'F', u'[]', u'[]', u"[b'tree.root']", u'Analysis', u'pythia', u'None', u'{}', u'[]', u'F', u'crab-prod-tw01', u'[]', u'1250', u'1', u'2000', u'10', u"['/WGToLNuG_01J_5f_TuneCP5_13TeV-amcatnloFXFX-pythia8/yian-WGToLNuG_01J_5f_TuneCP5_13TeV-amcatnloFXFX-pythia8_2016-cdc8a5f8d50b7902483cf88592ab9ddb/USER']", u'[]', u'http://vocms0122.cern.ch/mon/cms1407/211117_170041:yian_crab_WGToLNuG_01J_5f_TuneCP5_13TeV-amcatnloFXFX-pythia8_2016', u'WWG_crab_script.sh', u"[b'isdata=MC', b'year=2016', b'era=B']", u'[]', u'https://cmsweb.cern.ch/crabserver/prod', u'cmsgwms-collector-global.cern.ch:9620,cmsgwms-collector-global.fnal.gov:9620', u'crab3@vocms0122.cern.ch', u'F', u'[]', u'T', u'/store/user/yian/', u'T', u'None', u'F', u'None', u'WGToLNuG_01J_5f_TuneCP5_13TeV-amcatnloFXFX-pythia8', u'None', u'fb1e494255fa7f3f08c51dab386878b3daf75bd11d0f242c6d5fa5c8ea725af0.tar.gz', u'77047599', u'filetransfers', u'F', u'188.184.75.95', u'0.0', u'None'], u'desc': {u'columns': [u'tm_taskname', u'tm_activity', u'panda_jobset_id', u'tm_task_status', u'tm_task_command', u'tm_start_time', u'tm_start_injection', u'tm_end_injection', u'tm_task_failure', u'tm_job_sw', u'tm_job_arch', u'tm_input_dataset', u'tm_nonvalid_input_dataset', u'tm_use_parent', u'tm_site_whitelist', u'tm_site_blacklist', u'tm_split_algo', u'tm_split_args', u'tm_user_sandbox', u'tm_cache_url', u'tm_username', u'tm_user_dn', u'tm_user_vo', u'tm_user_role', u'tm_user_group', u'tm_publish_name', u'tm_publish_groupname', u'tm_asyncdest', u'tm_dbs_url', u'tm_publish_dbs_url', u'tm_publication', u'tm_outfiles', u'tm_tfile_outfiles', u'tm_edm_outfiles', u'tm_job_type', u'tm_generator', u'tm_events_per_lumi', u'tm_arguments', u'panda_resubmitted_jobs', u'tm_save_logs', u'tw_name', u'tm_user_infiles', u'tm_maxjobruntime', u'tm_numcores', u'tm_maxmemory', u'tm_priority', u'tm_output_dataset', u'tm_task_warnings', u'tm_user_webdir', u'tm_scriptexe', u'tm_scriptargs', u'tm_extrajdl', u'tm_asourl', u'tm_collector', u'tm_schedd', u'tm_dry_run', u'tm_user_files', u'tm_transfer_outputs', u'tm_output_lfn', u'tm_ignore_locality', u'tm_fail_limit', u'tm_one_event_mode', u'tm_secondary_input_dataset', u'tm_primary_dataset', u'tm_last_publication', u'tm_debug_files', u'clusterid', u'tm_asodb', u'tm_ignore_global_blacklist', u'tm_submitter_ip_addr', u'tm_totalunits', u'tm_ddm_reqid']}}
INFO 2021-11-18 09:21:59.909 UTC: 	 CRAB project directory:		/afs/cern.ch/work/y/yian/work/GZ/CMSSW_10_6_20/src/PhysicsTools/NanoAODTools/WWG/2016post/crab/crab2016/crab_WGToLNuG_01J_5f_TuneCP5_13TeV-amcatnloFXFX-pythia8_2016
INFO 2021-11-18 09:21:59.910 UTC: 	 Task name:			211117_170041:yian_crab_WGToLNuG_01J_5f_TuneCP5_13TeV-amcatnloFXFX-pythia8_2016
INFO 2021-11-18 09:21:59.910 UTC: 	 Grid scheduler - Task Worker:	crab3@vocms0122.cern.ch - crab-prod-tw01
INFO 2021-11-18 09:21:59.910 UTC: 	 Status on the CRAB server:	SUBMITTED
INFO 2021-11-18 09:21:59.910 UTC: 	 Task URL to use for HELP:	https://cmsweb.cern.ch/crabserver/ui/task/211117_170041%3Ayian_crab_WGToLNuG_01J_5f_TuneCP5_13TeV-amcatnloFXFX-pythia8_2016
INFO 2021-11-18 09:21:59.914 UTC: 	 Dashboard monitoring URL:	https://monit-grafana.cern.ch/d/cmsTMDetail/cms-task-monitoring-task-view?orgId=11&var-user=yian&var-task=211117_170041%3Ayian_crab_WGToLNuG_01J_5f_TuneCP5_13TeV-amcatnloFXFX-pythia8_2016&from=1637164841000&to=now
DEBUG 2021-11-18 09:21:59.914 UTC: 	 The CRAB server submitted your task to the Grid scheduler (cluster ID: 77047599)
DEBUG 2021-11-18 09:21:59.914 UTC: 	 Webdir is located at http://vocms0122.cern.ch/mon/cms1407/211117_170041:yian_crab_WGToLNuG_01J_5f_TuneCP5_13TeV-amcatnloFXFX-pythia8_2016
DEBUG 2021-11-18 09:22:00.027 UTC: 	 Proxied webdir is located at https://cmsweb.cern.ch:8443/scheddmon/0122/cms1407/211117_170041:yian_crab_WGToLNuG_01J_5f_TuneCP5_13TeV-amcatnloFXFX-pythia8_2016
DEBUG 2021-11-18 09:22:00.028 UTC: 	 Retrieving 'status_cache' file from https://cmsweb.cern.ch:8443/scheddmon/0122/cms1407/211117_170041:yian_crab_WGToLNuG_01J_5f_TuneCP5_13TeV-amcatnloFXFX-pythia8_2016/status_cache
DEBUG 2021-11-18 09:22:00.089 UTC: 	 Got information from status cache file: {'42': {'Retries': 0, 'WallDurations': [9.0, 78.34757709503174, 32950.0], 'StartTimes': [1637169409.0], 'SubmitTimes': [1637168511.0], 'JobIds': ['77047642.0'], 'EndTimes': [1637202359.0], 'Restarts': 0, 'RecordedSite': True, 'State': 'finished', 'ResidentSetSize': [467632], 'TotalUserCpuTimeHistory': [991], 'SiteHistory': ['Unknown', 'T2_US_MIT', 'T2_US_MIT'], 'TotalSysCpuTimeHistory': [85]}, '43': {'Retries': 0, 'WallDurations': [9.0, 111.34757709503174, 12497.0], 'StartTimes': [1637169376.0], 'SubmitTimes': [1637168511.0], 'JobIds': ['77047643.0'], 'EndTimes': [1637181873.0], 'Restarts': 0, 'RecordedSite': True, 'State': 'finished', 'ResidentSetSize': [376804], 'TotalUserCpuTimeHistory': [353], 'SiteHistory': ['Unknown', 'T2_US_MIT', 'T2_US_MIT'], 'TotalSysCpuTimeHistory': [30]}, '24': {'Retries': 0, 'WallDurations': [8.0, 81.34757709503174, 46392.0], 'StartTimes': [1637169406.0], 'SubmitTimes': [1637168509.0], 'JobIds': ['77047625.0'], 'EndTimes': [1637215798.0], 'Restarts': 0, 'RecordedSite': True, 'State': 'finished', 'ResidentSetSize': [482576], 'TotalUserCpuTimeHistory': [1052], 'SiteHistory': ['Unknown', 'T2_US_Purdue', 'T2_US_Purdue'], 'TotalSysCpuTimeHistory': [208]}, '25': {'Retries': 0, 'WallDurations': [8.0, 106.34757709503174, 26368.0], 'StartTimes': [1637169381.0], 'SubmitTimes': [1637168509.0], 'JobIds': ['77047626.0'], 'EndTimes': [1637195749.0], 'Restarts': 0, 'RecordedSite': True, 'State': 'finished', 'ResidentSetSize': [448892], 'TotalUserCpuTimeHistory': [477], 'SiteHistory': ['Unknown', 'T2_US_Wisconsin', 'T2_US_Wisconsin'], 'TotalSysCpuTimeHistory': [73]}, '26': {'Retries': 0, 'WallDurations': [9.0, 113.34757709503174, 2382.0], 'StartTimes': [1637169374.0], 'SubmitTimes': [1637168509.0], 'JobIds': ['77047627.0'], 'EndTimes': [1637171756.0], 'Restarts': 0, 'RecordedSite': True, 'State': 'finished', 'ResidentSetSize': [498480], 'TotalUserCpuTimeHistory': [1826], 'SiteHistory': ['Unknown', 'T2_US_Nebraska', 'T2_US_Nebraska'], 'TotalSysCpuTimeHistory': [62]}, '27': {'Retries': 0, 'WallDurations': [9.0, 111.34757709503174, 2950.0, 0, 575.0], 'StartTimes': [1637169376.0, 1637172522.0], 'SubmitTimes': [1637168510.0, -1], 'JobIds': ['77047628.0', '77047628.0'], 'EndTimes': [1637172326.0, 1637173097.0], 'Restarts': 1, 'RecordedSite': True, 'State': 'finished', 'ResidentSetSize': [442356, 511424], 'TotalUserCpuTimeHistory': [23.0, 482], 'SiteHistory': ['Unknown', 'T2_US_MIT', 'T2_US_MIT', 'Unknown', 'T2_US_Nebraska'], 'TotalSysCpuTimeHistory': [1.0, 26]}, '20': {'Retries': 0, 'WallDurations': [10.0, 52.34757709503174, 46853.0], 'StartTimes': [1637169435.0], 'SubmitTimes': [1637168509.0], 'JobIds': ['77047621.0'], 'EndTimes': [1637216288.0], 'Restarts': 0, 'RecordedSite': True, 'State': 'finished', 'ResidentSetSize': [489804], 'TotalUserCpuTimeHistory': [1955], 'SiteHistory': ['Unknown', 'T2_US_Vanderbilt', 'T2_US_Vanderbilt'], 'TotalSysCpuTimeHistory': [127]}, '21': {'Retries': 0, 'WallDurations': [9.0, 111.34757709503174, 1440.0], 'StartTimes': [1637169376.0], 'SubmitTimes': [1637168509.0], 'JobIds': ['77047622.0'], 'EndTimes': [1637170816.0], 'Restarts': 0, 'RecordedSite': True, 'State': 'finished', 'ResidentSetSize': [506896], 'TotalUserCpuTimeHistory': [1198], 'SiteHistory': ['Unknown', 'T2_US_Nebraska', 'T2_US_Nebraska'], 'TotalSysCpuTimeHistory': [48]}, '22': {'Retries': 0, 'WallDurations': [9.0, 112.34757709503174, 1002.0], 'StartTimes': [1637169375.0], 'SubmitTimes': [1637168509.0], 'JobIds': ['77047623.0'], 'EndTimes': [1637170377.0], 'Restarts': 0, 'RecordedSite': True, 'State': 'finished', 'ResidentSetSize': [420600], 'TotalUserCpuTimeHistory': [826], 'SiteHistory': ['Unknown', 'T2_US_Nebraska', 'T2_US_Nebraska'], 'TotalSysCpuTimeHistory': [35]}, '23': {'Retries': 0, 'WallDurations': [8.0, 103.34757709503174, 27498.0], 'StartTimes': [1637169384.0], 'SubmitTimes': [1637168509.0], 'JobIds': ['77047624.0'], 'EndTimes': [1637196882.0], 'Restarts': 0, 'RecordedSite': True, 'State': 'finished', 'ResidentSetSize': [508100], 'TotalUserCpuTimeHistory': [727], 'SiteHistory': ['Unknown', 'T2_US_Wisconsin', 'T2_US_Wisconsin'], 'TotalSysCpuTimeHistory': [70]}, '28': {'Retries': 0, 'WallDurations': [9.0, 113.34757709503174, 34518.0], 'StartTimes': [1637169374.0], 'SubmitTimes': [1637168510.0], 'JobIds': ['77047629.0'], 'EndTimes': [1637203892.0], 'Restarts': 0, 'RecordedSite': True, 'State': 'finished', 'ResidentSetSize': [457720], 'TotalUserCpuTimeHistory': [883], 'SiteHistory': ['Unknown', 'T2_US_MIT', 'T2_US_MIT'], 'TotalSysCpuTimeHistory': [54]}, '29': {'Retries': 0, 'WallDurations': [9.0, 112.34757709503174, 885.0], 'StartTimes': [1637169375.0], 'SubmitTimes': [1637168510.0], 'JobIds': ['77047630.0'], 'EndTimes': [1637170260.0], 'Restarts': 0, 'RecordedSite': True, 'State': 'finished', 'ResidentSetSize': [468644], 'TotalUserCpuTimeHistory': [746], 'SiteHistory': ['Unknown', 'T2_US_Nebraska', 'T2_US_Nebraska'], 'TotalSysCpuTimeHistory': [28]}, '40': {'Retries': 0, 'WallDurations': [9.0, 111.34757709503174, 6955.0], 'StartTimes': [1637169376.0], 'SubmitTimes': [1637168511.0], 'JobIds': ['77047640.0'], 'EndTimes': [1637176331.0], 'Restarts': 0, 'RecordedSite': True, 'State': 'finished', 'ResidentSetSize': [395284], 'TotalUserCpuTimeHistory': [187], 'SiteHistory': ['Unknown', 'T2_US_Nebraska', 'T2_US_Nebraska'], 'TotalSysCpuTimeHistory': [21]}, '41': {'Retries': 0, 'WallDurations': [9.0, 111.34757709503174, 24353.0], 'StartTimes': [1637169376.0], 'SubmitTimes': [1637168511.0], 'JobIds': ['77047641.0'], 'EndTimes': [1637193729.0], 'Restarts': 0, 'RecordedSite': True, 'State': 'finished', 'ResidentSetSize': [427292], 'TotalUserCpuTimeHistory': [656], 'SiteHistory': ['Unknown', 'T2_US_Nebraska', 'T2_US_Nebraska'], 'TotalSysCpuTimeHistory': [58]}, '1': {'Retries': 0, 'WallDurations': [9.0, 230.65344190597534, 48324.0], 'StartTimes': [1637169558.0], 'SubmitTimes': [1637168502.0], 'JobIds': ['77047601.0'], 'EndTimes': [1637217882.0], 'Restarts': 0, 'RecordedSite': True, 'State': 'finished', 'ResidentSetSize': [479976], 'TotalUserCpuTimeHistory': [1652], 'SiteHistory': ['Unknown', 'T2_US_Nebraska', 'T2_US_Nebraska'], 'TotalSysCpuTimeHistory': [144]}, '3': {'Retries': 0, 'WallDurations': [9.0, 286.65344190597534, 5490.0, 745.0], 'StartTimes': [1637169502.0, 1637175068.0], 'SubmitTimes': [1637168502.0, -1], 'JobIds': ['77047603.0', '77047603.0'], 'EndTimes': [1637174992.0, 1637175813.0], 'Restarts': 1, 'RecordedSite': True, 'State': 'finished', 'ResidentSetSize': [379956, 455520], 'TotalUserCpuTimeHistory': [77.0, 594], 'SiteHistory': ['Unknown', 'T2_US_Purdue', 'T2_US_Purdue', 'T2_US_MIT'], 'TotalSysCpuTimeHistory': [6.0, 17]}, '2': {'Retries': 0, 'WallDurations': [9.0, 289.9745569229126, 46395.0], 'StartTimes': [1637169800.0], 'SubmitTimes': [1637168502.0], 'JobIds': ['77047602.0'], 'EndTimes': [1637216195.0], 'Restarts': 0, 'RecordedSite': True, 'State': 'finished', 'ResidentSetSize': [482436], 'TotalUserCpuTimeHistory': [811], 'SiteHistory': ['Unknown', 'T2_US_Nebraska', 'T2_US_Nebraska'], 'TotalSysCpuTimeHistory': [87]}, '5': {'Retries': 0, 'WallDurations': [9.0, 51.34757709503174, 56509.0], 'StartTimes': [1637169436.0], 'SubmitTimes': [1637168502.0], 'JobIds': ['77047605.0'], 'EndTimes': [], 'Restarts': 0, 'RecordedSite': True, 'State': 'running', 'ResidentSetSize': [530232], 'TotalUserCpuTimeHistory': [671.0], 'SiteHistory': ['Unknown', 'T2_US_Caltech', 'T2_US_Caltech'], 'TotalSysCpuTimeHistory': [84.0]}, '4': {'Retries': 0, 'WallDurations': [8.0, 57.34757709503174, 56805.0], 'StartTimes': [1637169430.0], 'SubmitTimes': [1637168502.0], 'JobIds': ['77047604.0'], 'EndTimes': [], 'Restarts': 0, 'RecordedSite': True, 'State': 'running', 'ResidentSetSize': [523028], 'TotalUserCpuTimeHistory': [672.0], 'SiteHistory': ['Unknown', 'T2_US_Caltech', 'T2_US_Caltech'], 'TotalSysCpuTimeHistory': [85.0]}, '7': {'Retries': 0, 'WallDurations': [10.0, 113.34757709503174, 5795.0], 'StartTimes': [1637169374.0], 'SubmitTimes': [1637168503.0], 'JobIds': ['77047607.0'], 'EndTimes': [1637175169.0], 'Restarts': 0, 'RecordedSite': True, 'State': 'finished', 'ResidentSetSize': [394256], 'TotalUserCpuTimeHistory': [232], 'SiteHistory': ['Unknown', 'T2_US_Nebraska', 'T2_US_Nebraska'], 'TotalSysCpuTimeHistory': [19]}, '6': {'Retries': 0, 'WallDurations': [10.0, 209.0650839805603, 21448.0], 'StartTimes': [1637168678.0], 'SubmitTimes': [1637168503.0], 'JobIds': ['77047606.0'], 'EndTimes': [1637190126.0], 'Restarts': 0, 'RecordedSite': True, 'State': 'finished', 'ResidentSetSize': [490756], 'TotalUserCpuTimeHistory': [243], 'SiteHistory': ['Unknown', 'T2_US_Purdue', 'T2_US_Purdue'], 'TotalSysCpuTimeHistory': [13]}, '9': {'Retries': 0, 'WallDurations': [85.0, 112.34757709503174, 112.34757709503174], 'StartTimes': [1637169375.0], 'SubmitTimes': [1637168503.0], 'JobIds': ['77047609.0'], 'EndTimes': [1637169460.0], 'Restarts': 0, 'RecordedSite': True, 'State': 'finished', 'ResidentSetSize': [51740], 'TotalUserCpuTimeHistory': [18], 'SiteHistory': ['Unknown', 'T2_US_MIT', 'T2_US_MIT'], 'TotalSysCpuTimeHistory': [1]}, '8': {'Retries': 0, 'WallDurations': [11.0, 70.34757709503174, 22995.0], 'StartTimes': [1637169417.0], 'SubmitTimes': [1637168503.0], 'JobIds': ['77047608.0'], 'EndTimes': [1637192412.0], 'Restarts': 0, 'RecordedSite': True, 'State': 'finished', 'ResidentSetSize': [477112], 'TotalUserCpuTimeHistory': [1116], 'SiteHistory': ['Unknown', 'T2_US_Caltech', 'T2_US_Caltech'], 'TotalSysCpuTimeHistory': [117]}, '39': {'Retries': 0, 'WallDurations': [9.0, 73.34757709503174, 97.0], 'StartTimes': [1637169414.0], 'SubmitTimes': [1637168511.0], 'JobIds': ['77047639.0'], 'EndTimes': [1637169511.0], 'Restarts': 0, 'RecordedSite': True, 'State': 'finished', 'ResidentSetSize': [60412], 'TotalUserCpuTimeHistory': [39], 'SiteHistory': ['Unknown', 'T2_US_Caltech', 'T2_US_Caltech'], 'TotalSysCpuTimeHistory': [1]}, '38': {'Retries': 0, 'WallDurations': [9.0, 111.34757709503174, 23640.0], 'StartTimes': [1637169376.0], 'SubmitTimes': [1637168511.0], 'JobIds': ['77047638.0'], 'EndTimes': [1637193016.0], 'Restarts': 0, 'RecordedSite': True, 'State': 'finished', 'ResidentSetSize': [482248], 'TotalUserCpuTimeHistory': [1037], 'SiteHistory': ['Unknown', 'T2_US_Nebraska', 'T2_US_Nebraska'], 'TotalSysCpuTimeHistory': [103]}, '11': {'Retries': 0, 'WallDurations': [10.0, 113.34757709503174, 42862.0], 'StartTimes': [1637169374.0], 'SubmitTimes': [1637168503.0], 'JobIds': ['77047611.0'], 'EndTimes': [1637212236.0], 'Restarts': 0, 'RecordedSite': True, 'State': 'finished', 'ResidentSetSize': [542164], 'TotalUserCpuTimeHistory': [825], 'SiteHistory': ['Unknown', 'T2_US_Nebraska', 'T2_US_Nebraska'], 'TotalSysCpuTimeHistory': [113]}, '10': {'Retries': 0, 'WallDurations': [8.0, 111.34757709503174, 718.0], 'StartTimes': [1637169376.0], 'SubmitTimes': [1637168503.0], 'JobIds': ['77047610.0'], 'EndTimes': [1637170094.0], 'Restarts': 0, 'RecordedSite': True, 'State': 'finished', 'ResidentSetSize': [477836], 'TotalUserCpuTimeHistory': [368], 'SiteHistory': ['Unknown', 'T2_US_MIT', 'T2_US_MIT'], 'TotalSysCpuTimeHistory': [18]}, '13': {'Retries': 0, 'WallDurations': [9.0, 112.34757709503174, 41367.0], 'StartTimes': [1637169375.0], 'SubmitTimes': [1637168503.0], 'JobIds': ['77047613.0'], 'EndTimes': [1637210742.0], 'Restarts': 0, 'RecordedSite': True, 'State': 'finished', 'ResidentSetSize': [453256], 'TotalUserCpuTimeHistory': [1132], 'SiteHistory': ['Unknown', 'T2_US_Nebraska', 'T2_US_Nebraska'], 'TotalSysCpuTimeHistory': [103]}, '12': {'Retries': 0, 'WallDurations': [9.0, 113.34757709503174, 979.0], 'StartTimes': [1637169374.0], 'SubmitTimes': [1637168503.0], 'JobIds': ['77047612.0'], 'EndTimes': [1637170353.0], 'Restarts': 0, 'RecordedSite': True, 'State': 'finished', 'ResidentSetSize': [438700], 'TotalUserCpuTimeHistory': [561], 'SiteHistory': ['Unknown', 'T2_US_MIT', 'T2_US_MIT'], 'TotalSysCpuTimeHistory': [16]}, '15': {'Retries': 0, 'WallDurations': [9.0, 112.34757709503174, 415.0], 'StartTimes': [1637169375.0], 'SubmitTimes': [1637168508.0], 'JobIds': ['77047616.0'], 'EndTimes': [1637169790.0], 'Restarts': 0, 'RecordedSite': True, 'State': 'finished', 'ResidentSetSize': [478196], 'TotalUserCpuTimeHistory': [320], 'SiteHistory': ['Unknown', 'T2_US_Nebraska', 'T2_US_Nebraska'], 'TotalSysCpuTimeHistory': [16]}, '14': {'Retries': 0, 'WallDurations': [8.0, 106.34757709503174, 14108.0], 'StartTimes': [1637169381.0], 'SubmitTimes': [1637168508.0], 'JobIds': ['77047615.0'], 'EndTimes': [1637183489.0], 'Restarts': 0, 'RecordedSite': True, 'State': 'finished', 'ResidentSetSize': [541616], 'TotalUserCpuTimeHistory': [1290], 'SiteHistory': ['Unknown', 'T2_US_Wisconsin', 'T2_US_Wisconsin'], 'TotalSysCpuTimeHistory': [88]}, '17': {'Retries': 0, 'WallDurations': [9.0, 86.34757709503174, 45569.0], 'StartTimes': [1637169401.0], 'SubmitTimes': [1637168508.0], 'JobIds': ['77047618.0'], 'EndTimes': [1637214970.0], 'Restarts': 0, 'RecordedSite': True, 'State': 'finished', 'ResidentSetSize': [477856], 'TotalUserCpuTimeHistory': [1112], 'SiteHistory': ['Unknown', 'T2_US_Purdue', 'T2_US_Purdue'], 'TotalSysCpuTimeHistory': [85]}, '16': {'Retries': 0, 'WallDurations': [9.0, 109.34757709503174, 34435.0], 'StartTimes': [1637169378.0], 'SubmitTimes': [1637168508.0], 'JobIds': ['77047617.0'], 'EndTimes': [1637203813.0], 'Restarts': 0, 'RecordedSite': True, 'State': 'finished', 'ResidentSetSize': [438996], 'TotalUserCpuTimeHistory': [551], 'SiteHistory': ['Unknown', 'T2_US_UCSD', 'T2_US_UCSD'], 'TotalSysCpuTimeHistory': [107]}, '19': {'Retries': 0, 'WallDurations': [9.0, 105.34757709503174, 39072.0], 'StartTimes': [1637169382.0], 'SubmitTimes': [1637168509.0], 'JobIds': ['77047620.0'], 'EndTimes': [1637208454.0], 'Restarts': 0, 'RecordedSite': True, 'State': 'finished', 'ResidentSetSize': [511872], 'TotalUserCpuTimeHistory': [1027], 'SiteHistory': ['Unknown', 'T2_US_Wisconsin', 'T2_US_Wisconsin'], 'TotalSysCpuTimeHistory': [75]}, '18': {'Retries': 0, 'WallDurations': [9.0, 58.34757709503174, 44143.0], 'StartTimes': [1637169429.0], 'SubmitTimes': [1637168509.0], 'JobIds': ['77047619.0'], 'EndTimes': [1637213572.0], 'Restarts': 0, 'RecordedSite': True, 'State': 'finished', 'ResidentSetSize': [483176], 'TotalUserCpuTimeHistory': [1076], 'SiteHistory': ['Unknown', 'T2_US_Vanderbilt', 'T2_US_Vanderbilt'], 'TotalSysCpuTimeHistory': [76]}, '31': {'Retries': 0, 'WallDurations': [9.0, 111.34757709503174, 630.0], 'StartTimes': [1637169376.0], 'SubmitTimes': [1637168510.0], 'JobIds': ['77047632.0'], 'EndTimes': [1637170006.0], 'Restarts': 0, 'RecordedSite': True, 'State': 'finished', 'ResidentSetSize': [537404], 'TotalUserCpuTimeHistory': [512], 'SiteHistory': ['Unknown', 'T2_US_Nebraska', 'T2_US_Nebraska'], 'TotalSysCpuTimeHistory': [16]}, '30': {'Retries': 0, 'WallDurations': [9.0, 111.34757709503174, 24161.0], 'StartTimes': [1637169376.0], 'SubmitTimes': [1637168510.0], 'JobIds': ['77047631.0'], 'EndTimes': [1637193537.0], 'Restarts': 0, 'RecordedSite': True, 'State': 'finished', 'ResidentSetSize': [450392], 'TotalUserCpuTimeHistory': [640], 'SiteHistory': ['Unknown', 'T2_US_MIT', 'T2_US_MIT'], 'TotalSysCpuTimeHistory': [55]}, '37': {'Retries': 0, 'WallDurations': [9.0, 83.34757709503174, 488.0], 'StartTimes': [1637169404.0], 'SubmitTimes': [1637168510.0], 'JobIds': ['77047637.0'], 'EndTimes': [1637169892.0], 'Restarts': 0, 'RecordedSite': True, 'State': 'finished', 'ResidentSetSize': [532956], 'TotalUserCpuTimeHistory': [375], 'SiteHistory': ['Unknown', 'T2_US_Caltech', 'T2_US_Caltech'], 'TotalSysCpuTimeHistory': [9]}, '36': {'Retries': 0, 'WallDurations': [9.0, 71.34757709503174, 1016.0], 'StartTimes': [1637169416.0], 'SubmitTimes': [1637168510.0], 'JobIds': ['77047636.0'], 'EndTimes': [1637170432.0], 'Restarts': 0, 'RecordedSite': True, 'State': 'finished', 'ResidentSetSize': [511080], 'TotalUserCpuTimeHistory': [885], 'SiteHistory': ['Unknown', 'T2_US_Caltech', 'T2_US_Caltech'], 'TotalSysCpuTimeHistory': [23]}, '35': {'Retries': 0, 'WallDurations': [9.0, 110.34757709503174, 1631.0], 'StartTimes': [1637169377.0], 'SubmitTimes': [1637168510.0], 'JobIds': ['77047635.0'], 'EndTimes': [1637171008.0], 'Restarts': 0, 'RecordedSite': True, 'State': 'finished', 'ResidentSetSize': [721464], 'TotalUserCpuTimeHistory': [1404], 'SiteHistory': ['Unknown', 'T2_US_Nebraska', 'T2_US_Nebraska'], 'TotalSysCpuTimeHistory': [39]}, '34': {'Retries': 0, 'WallDurations': [8.0, 104.34757709503174, 23409.0], 'StartTimes': [1637169383.0], 'SubmitTimes': [1637168511.0], 'JobIds': ['77047644.0'], 'EndTimes': [1637192792.0], 'Restarts': 0, 'RecordedSite': True, 'State': 'finished', 'ResidentSetSize': [428724], 'TotalUserCpuTimeHistory': [485], 'SiteHistory': ['Unknown', 'T2_US_Purdue', 'T2_US_Purdue'], 'TotalSysCpuTimeHistory': [43]}, '33': {'Retries': 0, 'WallDurations': [8.0, 71.34757709503174, 32419.0], 'StartTimes': [1637169416.0], 'SubmitTimes': [1637168510.0], 'JobIds': ['77047634.0'], 'EndTimes': [1637201835.0], 'Restarts': 0, 'RecordedSite': True, 'State': 'finished', 'ResidentSetSize': [495004], 'TotalUserCpuTimeHistory': [664], 'SiteHistory': ['Unknown', 'T2_US_Caltech', 'T2_US_Caltech'], 'TotalSysCpuTimeHistory': [55]}, '32': {'Retries': 0, 'WallDurations': [9.0, 79.34757709503174, 21150.0], 'StartTimes': [1637169408.0], 'SubmitTimes': [1637168510.0], 'JobIds': ['77047633.0'], 'EndTimes': [1637190558.0], 'Restarts': 0, 'RecordedSite': True, 'State': 'finished', 'ResidentSetSize': [432740], 'TotalUserCpuTimeHistory': [570], 'SiteHistory': ['Unknown', 'T2_US_MIT', 'T2_US_MIT'], 'TotalSysCpuTimeHistory': [47]}}
INFO 2021-11-18 09:22:00.089 UTC: 	 Status on the scheduler:	SUBMITTED
INFO 2021-11-18 09:22:00.090 UTC: 	 
Jobs status:                    finished     		 95.3% (41/43)
INFO 2021-11-18 09:22:00.090 UTC: 	 				running      		  4.7% ( 2/43)
INFO 2021-11-18 09:22:00.090 UTC: 	 
No publication information (publication has been disabled in the CRAB configuration file)
INFO 2021-11-18 09:22:00.091 UTC: 	 
Warning: the average jobs CPU efficiency is less than 50%, please consider to improve the jobs splitting (e.g. config.Data.splitting = 'Automatic') in a new task
INFO 2021-11-18 09:22:00.091 UTC: 	 
Summary of run jobs:
 * Memory: 50MB min, 704MB max, 448MB ave
 * Runtime: 0:01:37 min, 13:25:24 max, 5:26:20 ave
 * CPU eff: 1% min, 89% max, 4% ave
 * Waste: 3:46:22 (2% of total)

INFO 2021-11-18 09:22:00.135 UTC: 	 Log file is /afs/cern.ch/work/y/yian/work/GZ/CMSSW_10_6_20/src/PhysicsTools/NanoAODTools/WWG/2016post/crab/crab2016/crab_WGToLNuG_01J_5f_TuneCP5_13TeV-amcatnloFXFX-pythia8_2016/crab.log
