DEBUG 2021-04-20 16:07:21.546 UTC: 	 CRAB Client version: v3.210323
DEBUG 2021-04-20 16:07:21.546 UTC: 	 Running on: Linux lxplus728.cern.ch 3.10.0-1160.15.2.el7.x86_64 #1 SMP Wed Feb 3 15:06:38 UTC 2021 x86_64 x86_64 x86_64 GNU/Linux - CentOS Linux 7 (Core)
DEBUG 2021-04-20 16:07:21.546 UTC: 	 Executing command: 'submit'
DEBUG 2021-04-20 16:07:21.546 UTC: 	 Found CRAB cache file /afs/cern.ch/user/y/yian/.crab3
INFO 2021-04-20 16:07:21.547 UTC: 	 Will use CRAB configuration file crabcode_2018/WGToLNuG_01J_5f_PDFWeights_TuneCP5_13TeV-amcatnloFXFX-pythia8_2018_cfg.py
DEBUG 2021-04-20 16:07:21.548 UTC: 	 Loading CRAB configuration file.
DEBUG 2021-04-20 16:07:21.580 UTC: 	 Will use CRAB Analysis plugin (i.e. will run an analysis job type).
DEBUG 2021-04-20 16:07:21.796 UTC: 	 Checking credentials
DEBUG 2021-04-20 16:07:21.796 UTC: 	 Found proxy file /tmp/x509up_u110046
DEBUG 2021-04-20 16:07:21.796 UTC: 	 Getting proxy life time left
DEBUG 2021-04-20 16:07:22.731 UTC: 	 Executing : 
 command : voms-proxy-info -file /tmp/x509up_u110046 -timeleft
 output : 682114

 error: 
 retcode : 0
DEBUG 2021-04-20 16:07:23.552 UTC: 	 Executing : 
 command : voms-proxy-info -file /tmp/x509up_u110046 -actimeleft
 output : 682113

 error: 
 retcode : 0
DEBUG 2021-04-20 16:07:23.552 UTC: 	 Proxy lifetime 682114 secs is different from voms extension lifetime 682113 secs for proxy: /tmp/x509up_u110046
DEBUG 2021-04-20 16:07:23.552 UTC: 	 Proxy valid for 189:28:33 hours
DEBUG 2021-04-20 16:07:24.571 UTC: 	 Executing : 
 command : env X509_USER_PROXY=/tmp/x509up_u110046 voms-proxy-info -fqan
 output : /cms/Role=NULL/Capability=NULL

 error: 
 retcode : 0
DEBUG 2021-04-20 16:07:24.659 UTC: 	 Registering user credentials for server /DC=ch/DC=cern/OU=computers/CN=vocms0105.cern.ch|/DC=ch/DC=cern/OU=computers/CN=crab-(preprod|prod|dev)-tw(02|01).cern.ch|/DC=ch/DC=cern/OU=computers/CN=(ddi|ddidk|mytw).cern.ch|/DC=ch/DC=cern/OU=computers/CN=stefanov(m|m2).cern.ch
DEBUG 2021-04-20 16:07:25.477 UTC: 	 Executing : 
 command : voms-proxy-info -file /tmp/x509up_u110046 -identity
 output : /DC=ch/DC=cern/OU=Organic Units/OU=Users/CN=yian/CN=826694/CN=Ying An

 error: 
 retcode : 0
DEBUG 2021-04-20 16:07:25.494 UTC: 	 Getting myproxy life time left for myproxy.cern.ch
DEBUG 2021-04-20 16:07:25.494 UTC: 	 using b52ac606a6f7097e9b4b8f05a3a67cc69f8f291b as credential login name
DEBUG 2021-04-20 16:07:25.914 UTC: 	 Executing : 
 command : myproxy-info -l b52ac606a6f7097e9b4b8f05a3a67cc69f8f291b -s myproxy.cern.ch
 output : username: b52ac606a6f7097e9b4b8f05a3a67cc69f8f291b
owner: /DC=ch/DC=cern/OU=Organic Units/OU=Users/CN=yian/CN=826694/CN=Ying An
  renewal policy: /DC=ch/DC=cern/OU=computers/CN=vocms0105.cern.ch|/DC=ch/DC=cern/OU=computers/CN=crab-(preprod|prod|dev)-tw(02|01).cern.ch|/DC=ch/DC=cern/OU=computers/CN=(ddi|ddidk|mytw).cern.ch|/DC=ch/DC=cern/OU=computers/CN=stefanov(m|m2).cern.ch
  trusted retrieval policy: /DC=ch/DC=cern/OU=computers/CN=vocms0105.cern.ch|/DC=ch/DC=cern/OU=computers/CN=crab-(preprod|prod|dev)-tw(02|01).cern.ch|/DC=ch/DC=cern/OU=computers/CN=(ddi|ddidk|mytw).cern.ch|/DC=ch/DC=cern/OU=computers/CN=stefanov(m|m2).cern.ch
  timeleft: 399:22:47  (16.6 days)

 error: 
 retcode : 0
DEBUG 2021-04-20 16:07:25.915 UTC: 	 Myproxy is valid: 1437767
DEBUG 2021-04-20 16:07:25.915 UTC: 	 Retrieving username ...
DEBUG 2021-04-20 16:07:25.916 UTC: 	 Retrieving username from CRIC...
DEBUG 2021-04-20 16:07:27.192 UTC: 	 username is yian
DEBUG 2021-04-20 16:07:27.200 UTC: 	 Getting myproxy life time left for myproxy.cern.ch
DEBUG 2021-04-20 16:07:27.200 UTC: 	 using yian_CRAB as credential login name
DEBUG 2021-04-20 16:07:27.520 UTC: 	 Executing : 
 command : myproxy-info -l yian_CRAB -s myproxy.cern.ch
 output : username: yian_CRAB
owner: /DC=ch/DC=cern/OU=Organic Units/OU=Users/CN=yian/CN=826694/CN=Ying An
  renewal policy: /DC=ch/DC=cern/OU=computers/CN=vocms0105.cern.ch|/DC=ch/DC=cern/OU=computers/CN=crab-(preprod|prod|dev)-tw(02|01).cern.ch|/DC=ch/DC=cern/OU=computers/CN=(ddi|ddidk|mytw).cern.ch|/DC=ch/DC=cern/OU=computers/CN=stefanov(m|m2).cern.ch
  trusted retrieval policy: /DC=ch/DC=cern/OU=computers/CN=vocms0105.cern.ch|/DC=ch/DC=cern/OU=computers/CN=crab-(preprod|prod|dev)-tw(02|01).cern.ch|/DC=ch/DC=cern/OU=computers/CN=(ddi|ddidk|mytw).cern.ch|/DC=ch/DC=cern/OU=computers/CN=stefanov(m|m2).cern.ch
  timeleft: 399:24:00  (16.6 days)

 error: 
 retcode : 0
DEBUG 2021-04-20 16:07:27.521 UTC: 	 Myproxy is valid: 1437840
DEBUG 2021-04-20 16:07:27.521 UTC: 	 Result of myproxy credential check:
  Credential exists on myproxy: username: b52ac606a6f7097e9b4b8f05a3a67cc69f8f291b  - validity: 16 days, 15:22:47
  Credential exists on myproxy: username: yian_CRAB  - validity: 16 days, 15:24:00
DEBUG 2021-04-20 16:07:27.521 UTC: 	 Command use: submit
DEBUG 2021-04-20 16:07:27.521 UTC: 	 Options use: ['-c', 'crabcode_2018/WGToLNuG_01J_5f_PDFWeights_TuneCP5_13TeV-amcatnloFXFX-pythia8_2018_cfg.py']
DEBUG 2021-04-20 16:07:27.579 UTC: 	 CRABClient version: v3.210323
DEBUG 2021-04-20 16:07:27.579 UTC: 	 Instance is prod
DEBUG 2021-04-20 16:07:27.579 UTC: 	 Server base url is cmsweb.cern.ch
DEBUG 2021-04-20 16:07:27.579 UTC: 	 Command url /crabserver/prod/workflow
DEBUG 2021-04-20 16:07:27.579 UTC: 	 Started submission
DEBUG 2021-04-20 16:07:27.579 UTC: 	 Working on /afs/cern.ch/work/y/yian/work/GZ/CMSSW_10_6_20/src/PhysicsTools/NanoAODTools/WWG/2018/crab/crab2018/crab_WGToLNuG_01J_5f_PDFWeights_TuneCP5_13TeV-amcatnloFXFX-pythia8_2018
DEBUG 2021-04-20 16:07:27.788 UTC: 	 Loading required information from the environment
DEBUG 2021-04-20 16:07:27.788 UTC: 	 Found CMSSW_10_6_20 for slc7_amd64_gcc820 with base /afs/cern.ch/work/y/yian/work/GZ/CMSSW_10_6_20
DEBUG 2021-04-20 16:07:27.788 UTC: 	 Loading required information from the environment
DEBUG 2021-04-20 16:07:27.788 UTC: 	 Found CMSSW_10_6_20 for slc7_amd64_gcc820 with base /afs/cern.ch/work/y/yian/work/GZ/CMSSW_10_6_20
DEBUG 2021-04-20 16:07:27.788 UTC: 	 UNIQUE NAME: tarUUID bf911a7b-f365-4ffb-824c-8aea70a3cedb 
DEBUG 2021-04-20 16:07:27.788 UTC: 	 self.config: from WMCore.Configuration import Configuration
config = Configuration()
config.section_('General')
config.General.workArea = 'crab2018'
config.General.transferLogs = False
config.General.requestName = 'WGToLNuG_01J_5f_PDFWeights_TuneCP5_13TeV-amcatnloFXFX-pythia8_2018'
config.section_('JobType')
config.JobType.scriptArgs = ['isdata=MC', 'year=2018']
config.JobType.scriptExe = './WWG_crab_script.sh'
config.JobType.pluginName = 'Analysis'
config.JobType.sendPythonFolder = True
config.JobType.allowUndistributedCMSSW = True
config.JobType.psetName = 'PSet.py'
config.JobType.inputFiles = ['../../../scripts/haddnano.py', '../WWG_selector/WWG_postproc.py', '../WWG_selector/WWG_Module.py', '../WWG_selector/WWG_keep_and_drop.txt', '../WWG_selector/WWG_output_branch.txt', '../WWG_selector/DAS_filesearch.py']
config.section_('Data')
config.Data.inputDataset = '/WGToLNuG_01J_5f_PDFWeights_TuneCP5_13TeV-amcatnloFXFX-pythia8/RunIISummer20UL18NanoAODv2-106X_upgrade2018_realistic_v15_L1v1-v1/NANOAODSIM'
config.Data.allowNonValidInputDataset = True
config.Data.publication = False
config.Data.unitsPerJob = 1
config.Data.ignoreLocality = True
config.Data.inputDBS = 'global'
config.Data.splitting = 'FileBased'
config.Data.outputDatasetTag = 'WGToLNuG_01J_5f_PDFWeights_TuneCP5_13TeV-amcatnloFXFX-pythia8_2018'
config.section_('Site')
config.Site.whitelist = ['T2_US_MIT', 'T2_US_Wisconsin', 'T2_US_Purdue', 'T2_US_UCSD', 'T2_US_Caltech', 'T2_US_Nebraska']
config.Site.storageSite = 'T3_CH_CERNBOX'

DEBUG 2021-04-20 16:07:27.788 UTC: 	 self.config.JobType.psetName: PSet.py
INFO 2021-04-20 16:07:27.788 UTC: 	 Importing CMSSW configuration PSet.py
INFO 2021-04-20 16:07:28.205 UTC: 	 Finished importing CMSSW configuration PSet.py
DEBUG 2021-04-20 16:07:28.206 UTC: 	 Writing CMSSW configuration to /afs/cern.ch/work/y/yian/work/GZ/CMSSW_10_6_20/src/PhysicsTools/NanoAODTools/WWG/2018/crab/crab2018/crab_WGToLNuG_01J_5f_PDFWeights_TuneCP5_13TeV-amcatnloFXFX-pythia8_2018/inputs/PSet.py
DEBUG 2021-04-20 16:07:28.225 UTC: 	 The following EDM output files will be collected: ['tree.root']
DEBUG 2021-04-20 16:07:28.225 UTC: 	 The following TFile output files will be collected: []
DEBUG 2021-04-20 16:07:28.225 UTC: 	 The following user output files (not listed as PoolOuputModule or TFileService in the CMSSW PSet) will be collected: 
DEBUG 2021-04-20 16:07:28.225 UTC: 	 Loading required information from the environment
DEBUG 2021-04-20 16:07:28.225 UTC: 	 Found CMSSW_10_6_20 for slc7_amd64_gcc820 with base /afs/cern.ch/work/y/yian/work/GZ/CMSSW_10_6_20
DEBUG 2021-04-20 16:07:28.225 UTC: 	 Making tarball in /afs/cern.ch/work/y/yian/work/GZ/CMSSW_10_6_20/src/PhysicsTools/NanoAODTools/WWG/2018/crab/crab2018/crab_WGToLNuG_01J_5f_PDFWeights_TuneCP5_13TeV-amcatnloFXFX-pythia8_2018/inputs/bf911a7b-f365-4ffb-824c-8aea70a3cedbdefault.tgz
DEBUG 2021-04-20 16:07:28.226 UTC: 	 Checking directory /afs/cern.ch/work/y/yian/work/GZ/CMSSW_10_6_20/lib
DEBUG 2021-04-20 16:07:28.226 UTC: 	 Adding directory /afs/cern.ch/work/y/yian/work/GZ/CMSSW_10_6_20/lib to tarball
DEBUG 2021-04-20 16:07:28.340 UTC: 	 Checking directory /afs/cern.ch/work/y/yian/work/GZ/CMSSW_10_6_20/biglib
DEBUG 2021-04-20 16:07:28.340 UTC: 	 Adding directory /afs/cern.ch/work/y/yian/work/GZ/CMSSW_10_6_20/biglib to tarball
DEBUG 2021-04-20 16:07:28.340 UTC: 	 Checking directory /afs/cern.ch/work/y/yian/work/GZ/CMSSW_10_6_20/module
DEBUG 2021-04-20 16:07:28.340 UTC: 	 Checking directory /afs/cern.ch/work/y/yian/work/GZ/CMSSW_10_6_20/python
DEBUG 2021-04-20 16:07:28.341 UTC: 	 Adding directory /afs/cern.ch/work/y/yian/work/GZ/CMSSW_10_6_20/python to tarball
DEBUG 2021-04-20 16:07:30.632 UTC: 	 Checking directory /afs/cern.ch/work/y/yian/work/GZ/CMSSW_10_6_20/cfipython
DEBUG 2021-04-20 16:07:30.632 UTC: 	 Adding directory /afs/cern.ch/work/y/yian/work/GZ/CMSSW_10_6_20/cfipython to tarball
DEBUG 2021-04-20 16:07:30.682 UTC: 	 Adding data directory /afs/cern.ch/work/y/yian/work/GZ/CMSSW_10_6_20/src/PhysicsTools/NanoAODTools/data to tarball
DEBUG 2021-04-20 16:07:49.772 UTC: 	 Adding data directory /afs/cern.ch/work/y/yian/work/GZ/CMSSW_10_6_20/src/PhysicsTools/NanoAODTools/interface to tarball
DEBUG 2021-04-20 16:07:49.775 UTC: 	 Adding data directory /afs/cern.ch/work/y/yian/work/GZ/CMSSW_10_6_20/src/PhysicsTools/NanoAODTools/python/postprocessing/data to tarball
DEBUG 2021-04-20 16:07:51.906 UTC: 	 Adding file ../../../scripts/haddnano.py to tarball
DEBUG 2021-04-20 16:07:51.906 UTC: 	 Adding file ../WWG_selector/WWG_postproc.py to tarball
DEBUG 2021-04-20 16:07:51.907 UTC: 	 Adding file ../WWG_selector/WWG_Module.py to tarball
DEBUG 2021-04-20 16:07:51.907 UTC: 	 Adding file ../WWG_selector/WWG_keep_and_drop.txt to tarball
DEBUG 2021-04-20 16:07:51.907 UTC: 	 Adding file ../WWG_selector/WWG_output_branch.txt to tarball
DEBUG 2021-04-20 16:07:51.908 UTC: 	 Adding file ../WWG_selector/DAS_filesearch.py to tarball
DEBUG 2021-04-20 16:07:57.060 UTC: 	 Uploading archive /afs/cern.ch/work/y/yian/work/GZ/CMSSW_10_6_20/src/PhysicsTools/NanoAODTools/WWG/2018/crab/crab2018/crab_WGToLNuG_01J_5f_PDFWeights_TuneCP5_13TeV-amcatnloFXFX-pythia8_2018/inputs/bf911a7b-f365-4ffb-824c-8aea70a3cedbdefault.tgz (94 MB) to the CRAB cache. Using URI https://cmsweb.cern.ch:8443/crabcache
DEBUG 2021-04-20 16:09:07.479 UTC: 	 Loading required information from the environment
DEBUG 2021-04-20 16:09:07.496 UTC: 	 Found CMSSW_10_6_20 for slc7_amd64_gcc820 with base /afs/cern.ch/work/y/yian/work/GZ/CMSSW_10_6_20
DEBUG 2021-04-20 16:09:07.496 UTC: 	 Making tarball in /afs/cern.ch/work/y/yian/work/GZ/CMSSW_10_6_20/src/PhysicsTools/NanoAODTools/WWG/2018/crab/crab2018/crab_WGToLNuG_01J_5f_PDFWeights_TuneCP5_13TeV-amcatnloFXFX-pythia8_2018/inputs/debugFiles.tgz
DEBUG 2021-04-20 16:09:07.511 UTC: 	 Uploading archive /afs/cern.ch/work/y/yian/work/GZ/CMSSW_10_6_20/src/PhysicsTools/NanoAODTools/WWG/2018/crab/crab2018/crab_WGToLNuG_01J_5f_PDFWeights_TuneCP5_13TeV-amcatnloFXFX-pythia8_2018/inputs/debugFiles.tgz (1 KB) to the CRAB cache. Using URI https://cmsweb.cern.ch:8443/crabcache
DEBUG 2021-04-20 16:09:07.613 UTC: 	 Result uploading input files: cb9ce4da543e365541c271069e62cd496919132164a5f4f8054459152f8be9c4.tar.gz 
INFO 2021-04-20 16:09:07.614 UTC: 	 Sending the request to the server at cmsweb.cern.ch
DEBUG 2021-04-20 16:09:07.614 UTC: 	 Submitting {'maxjobruntime': 1250, 'extrajdl': [], 'ignorelocality': 1, 'savelogsflag': 0, 'useparent': 0, 'scriptexe': 'WWG_crab_script.sh', 'asyncdest': 'T3_CH_CERNBOX', 'algoargs': 1, 'cachefilename': 'cb9ce4da543e365541c271069e62cd496919132164a5f4f8054459152f8be9c4.tar.gz', 'numcores': 1, 'addoutputfiles': [], 'generator': 'pythia', 'maxmemory': 2000, 'publishdbsurl': 'https://cmsweb.cern.ch/dbs/prod/phys03/DBSWriter', 'priority': 10, 'jobsw': 'CMSSW_10_6_20', 'edmoutfiles': ['tree.root'], 'userfiles': [], 'primarydataset': '', 'inputdata': '/WGToLNuG_01J_5f_PDFWeights_TuneCP5_13TeV-amcatnloFXFX-pythia8/RunIISummer20UL18NanoAODv2-106X_upgrade2018_realistic_v15_L1v1-v1/NANOAODSIM', 'dryrun': 0, 'workflow': 'crab_WGToLNuG_01J_5f_PDFWeights_TuneCP5_13TeV-amcatnloFXFX-pythia8_2018', 'scriptargs': ['isdata=MC', 'year=2018'], 'sitewhitelist': ['T2_US_MIT', 'T2_US_Wisconsin', 'T2_US_Purdue', 'T2_US_UCSD', 'T2_US_Caltech', 'T2_US_Nebraska'], 'nonprodsw': 1, 'tfileoutfiles': [], 'oneEventMode': 0, 'debugfilename': '51a96fcfb1276020ede5db95d99186d5d3427c14a561dd21ae3503f08429623c.tar.gz', 'cacheurl': u'https://cmsweb.cern.ch:8443/crabcache', 'saveoutput': 1, 'publication': 0, 'jobarch': 'slc7_amd64_gcc820', 'totalunits': 0, 'splitalgo': 'FileBased', 'ignoreglobalblacklist': 0, 'nonvaliddata': 1, 'dbsurl': 'https://cmsweb.cern.ch/dbs/prod/global/DBSReader', 'publishgroupname': 0, 'jobtype': 'Analysis', 'publishname2': 'WGToLNuG_01J_5f_PDFWeights_TuneCP5_13TeV-amcatnloFXFX-pythia8_2018'} 
DEBUG 2021-04-20 16:09:07.614 UTC: 	 Encoded submit request: maxjobruntime=1250&ignorelocality=1&savelogsflag=0&useparent=0&scriptexe=WWG_crab_script.sh&asyncdest=T3_CH_CERNBOX&algoargs=1&cachefilename=cb9ce4da543e365541c271069e62cd496919132164a5f4f8054459152f8be9c4.tar.gz&numcores=1&generator=pythia&maxmemory=2000&publishdbsurl=https%3A%2F%2Fcmsweb.cern.ch%2Fdbs%2Fprod%2Fphys03%2FDBSWriter&priority=10&jobsw=CMSSW_10_6_20&primarydataset=&inputdata=%2FWGToLNuG_01J_5f_PDFWeights_TuneCP5_13TeV-amcatnloFXFX-pythia8%2FRunIISummer20UL18NanoAODv2-106X_upgrade2018_realistic_v15_L1v1-v1%2FNANOAODSIM&dryrun=0&workflow=crab_WGToLNuG_01J_5f_PDFWeights_TuneCP5_13TeV-amcatnloFXFX-pythia8_2018&nonprodsw=1&oneEventMode=0&debugfilename=51a96fcfb1276020ede5db95d99186d5d3427c14a561dd21ae3503f08429623c.tar.gz&cacheurl=https%3A%2F%2Fcmsweb.cern.ch%3A8443%2Fcrabcache&saveoutput=1&publication=0&jobarch=slc7_amd64_gcc820&totalunits=0&splitalgo=FileBased&ignoreglobalblacklist=0&nonvaliddata=1&dbsurl=https%3A%2F%2Fcmsweb.cern.ch%2Fdbs%2Fprod%2Fglobal%2FDBSReader&publishgroupname=0&jobtype=Analysis&publishname2=WGToLNuG_01J_5f_PDFWeights_TuneCP5_13TeV-amcatnloFXFX-pythia8_2018&sitewhitelist=T2_US_MIT&sitewhitelist=T2_US_Wisconsin&sitewhitelist=T2_US_Purdue&sitewhitelist=T2_US_UCSD&sitewhitelist=T2_US_Caltech&sitewhitelist=T2_US_Nebraska&edmoutfiles=tree.root&scriptargs=isdata%3DMC&scriptargs=year%3D2018
DEBUG 2021-04-20 16:09:07.738 UTC: 	 Result: {u'result': [{u'RequestName': u'210420_160907:yian_crab_WGToLNuG_01J_5f_PDFWeights_TuneCP5_13TeV-amcatnloFXFX-pythia8_2018'}]}
INFO 2021-04-20 16:09:07.741 UTC: 	 Success: Your task has been delivered to the prod CRAB3 server.
INFO 2021-04-20 16:09:07.741 UTC: 	 Task name: 210420_160907:yian_crab_WGToLNuG_01J_5f_PDFWeights_TuneCP5_13TeV-amcatnloFXFX-pythia8_2018
INFO 2021-04-20 16:09:07.741 UTC: 	 Project dir: crab2018/crab_WGToLNuG_01J_5f_PDFWeights_TuneCP5_13TeV-amcatnloFXFX-pythia8_2018
INFO 2021-04-20 16:09:07.741 UTC: 	 Please use ' crab status -d crab2018/crab_WGToLNuG_01J_5f_PDFWeights_TuneCP5_13TeV-amcatnloFXFX-pythia8_2018 ' to check how the submission process proceeds.
DEBUG 2021-04-20 16:09:07.741 UTC: 	 About to return
INFO 2021-04-20 16:09:07.744 UTC: 	 Log file is /afs/cern.ch/work/y/yian/work/GZ/CMSSW_10_6_20/src/PhysicsTools/NanoAODTools/WWG/2018/crab/crab2018/crab_WGToLNuG_01J_5f_PDFWeights_TuneCP5_13TeV-amcatnloFXFX-pythia8_2018/crab.log
DEBUG 2021-04-21 04:57:14.708 UTC: 	 CRAB Client version: v3.210323
DEBUG 2021-04-21 04:57:14.709 UTC: 	 Running on: Linux lxplus772.cern.ch 3.10.0-1160.15.2.el7.x86_64 #1 SMP Wed Feb 3 15:06:38 UTC 2021 x86_64 x86_64 x86_64 GNU/Linux - CentOS Linux 7 (Core)
DEBUG 2021-04-21 04:57:14.709 UTC: 	 Executing command: 'status'
DEBUG 2021-04-21 04:57:14.709 UTC: 	 Found CRAB cache file /afs/cern.ch/user/y/yian/.crab3
DEBUG 2021-04-21 04:57:14.794 UTC: 	 Checking credentials
DEBUG 2021-04-21 04:57:14.794 UTC: 	 Found proxy file /tmp/x509up_u110046
DEBUG 2021-04-21 04:57:14.794 UTC: 	 Getting proxy life time left
DEBUG 2021-04-21 04:57:15.533 UTC: 	 Executing : 
 command : voms-proxy-info -file /tmp/x509up_u110046 -timeleft
 output : 619008

 error: 
 retcode : 0
DEBUG 2021-04-21 04:57:16.252 UTC: 	 Executing : 
 command : voms-proxy-info -file /tmp/x509up_u110046 -actimeleft
 output : 619007

 error: 
 retcode : 0
DEBUG 2021-04-21 04:57:16.252 UTC: 	 Proxy lifetime 619008 secs is different from voms extension lifetime 619007 secs for proxy: /tmp/x509up_u110046
DEBUG 2021-04-21 04:57:16.253 UTC: 	 Proxy valid for 171:56:47 hours
DEBUG 2021-04-21 04:57:16.363 UTC: 	 Registering user credentials for server /DC=ch/DC=cern/OU=computers/CN=vocms0105.cern.ch|/DC=ch/DC=cern/OU=computers/CN=crab-(preprod|prod|dev)-tw(02|01).cern.ch|/DC=ch/DC=cern/OU=computers/CN=(ddi|ddidk|mytw).cern.ch|/DC=ch/DC=cern/OU=computers/CN=stefanov(m|m2).cern.ch
DEBUG 2021-04-21 04:57:17.077 UTC: 	 Executing : 
 command : voms-proxy-info -file /tmp/x509up_u110046 -identity
 output : /DC=ch/DC=cern/OU=Organic Units/OU=Users/CN=yian/CN=826694/CN=Ying An

 error: 
 retcode : 0
DEBUG 2021-04-21 04:57:17.086 UTC: 	 Getting myproxy life time left for myproxy.cern.ch
DEBUG 2021-04-21 04:57:17.086 UTC: 	 using b52ac606a6f7097e9b4b8f05a3a67cc69f8f291b as credential login name
DEBUG 2021-04-21 04:57:17.491 UTC: 	 Executing : 
 command : myproxy-info -l b52ac606a6f7097e9b4b8f05a3a67cc69f8f291b -s myproxy.cern.ch
 output : username: b52ac606a6f7097e9b4b8f05a3a67cc69f8f291b
owner: /DC=ch/DC=cern/OU=Organic Units/OU=Users/CN=yian/CN=826694/CN=Ying An
  renewal policy: /DC=ch/DC=cern/OU=computers/CN=vocms0105.cern.ch|/DC=ch/DC=cern/OU=computers/CN=crab-(preprod|prod|dev)-tw(02|01).cern.ch|/DC=ch/DC=cern/OU=computers/CN=(ddi|ddidk|mytw).cern.ch|/DC=ch/DC=cern/OU=computers/CN=stefanov(m|m2).cern.ch
  trusted retrieval policy: /DC=ch/DC=cern/OU=computers/CN=vocms0105.cern.ch|/DC=ch/DC=cern/OU=computers/CN=crab-(preprod|prod|dev)-tw(02|01).cern.ch|/DC=ch/DC=cern/OU=computers/CN=(ddi|ddidk|mytw).cern.ch|/DC=ch/DC=cern/OU=computers/CN=stefanov(m|m2).cern.ch
  timeleft: 386:32:55  (16.1 days)

 error: 
 retcode : 0
DEBUG 2021-04-21 04:57:17.492 UTC: 	 Myproxy is valid: 1391575
DEBUG 2021-04-21 04:57:17.492 UTC: 	 Retrieving username ...
DEBUG 2021-04-21 04:57:17.492 UTC: 	 Retrieving username from CRIC...
DEBUG 2021-04-21 04:57:18.203 UTC: 	 username is yian
DEBUG 2021-04-21 04:57:18.210 UTC: 	 Getting myproxy life time left for myproxy.cern.ch
DEBUG 2021-04-21 04:57:18.211 UTC: 	 using yian_CRAB as credential login name
DEBUG 2021-04-21 04:57:18.617 UTC: 	 Executing : 
 command : myproxy-info -l yian_CRAB -s myproxy.cern.ch
 output : username: yian_CRAB
owner: /DC=ch/DC=cern/OU=Organic Units/OU=Users/CN=yian/CN=826694/CN=Ying An
  renewal policy: /DC=ch/DC=cern/OU=computers/CN=vocms0105.cern.ch|/DC=ch/DC=cern/OU=computers/CN=crab-(preprod|prod|dev)-tw(02|01).cern.ch|/DC=ch/DC=cern/OU=computers/CN=(ddi|ddidk|mytw).cern.ch|/DC=ch/DC=cern/OU=computers/CN=stefanov(m|m2).cern.ch
  trusted retrieval policy: /DC=ch/DC=cern/OU=computers/CN=vocms0105.cern.ch|/DC=ch/DC=cern/OU=computers/CN=crab-(preprod|prod|dev)-tw(02|01).cern.ch|/DC=ch/DC=cern/OU=computers/CN=(ddi|ddidk|mytw).cern.ch|/DC=ch/DC=cern/OU=computers/CN=stefanov(m|m2).cern.ch
  timeleft: 386:34:09  (16.1 days)

 error: 
 retcode : 0
DEBUG 2021-04-21 04:57:18.617 UTC: 	 Myproxy is valid: 1391649
DEBUG 2021-04-21 04:57:18.618 UTC: 	 Result of myproxy credential check:
  Credential exists on myproxy: username: b52ac606a6f7097e9b4b8f05a3a67cc69f8f291b  - validity: 16 days, 2:32:55
  Credential exists on myproxy: username: yian_CRAB  - validity: 16 days, 2:34:09
DEBUG 2021-04-21 04:57:18.618 UTC: 	 Command use: status
DEBUG 2021-04-21 04:57:18.618 UTC: 	 Options use: ['-d', 'crab_WGToLNuG_01J_5f_PDFWeights_TuneCP5_13TeV-amcatnloFXFX-pythia8_2018/']
DEBUG 2021-04-21 04:57:18.668 UTC: 	 CRABClient version: v3.210323
DEBUG 2021-04-21 04:57:18.668 UTC: 	 Instance is prod
DEBUG 2021-04-21 04:57:18.668 UTC: 	 Server base url is cmsweb.cern.ch
DEBUG 2021-04-21 04:57:18.668 UTC: 	 Command url /crabserver/prod/workflow
DEBUG 2021-04-21 04:57:18.780 UTC: 	 Got information from server oracle database: {u'result': [u'210420_160907:yian_crab_WGToLNuG_01J_5f_PDFWeights_TuneCP5_13TeV-amcatnloFXFX-pythia8_2018', u'None', u'None', u'SUBMITTED', u'SUBMIT', u'2021-04-20 16:09:07.729956', u'None', u'2021-04-20 16:09:52.804497', u'None', u'CMSSW_10_6_20', u'slc7_amd64_gcc820', u'/WGToLNuG_01J_5f_PDFWeights_TuneCP5_13TeV-amcatnloFXFX-pythia8/RunIISummer20UL18NanoAODv2-106X_upgrade2018_realistic_v15_L1v1-v1/NANOAODSIM', u'T', u'0', u"['T2_US_UCSD', 'T2_US_Wisconsin', 'T2_US_MIT', 'T2_US_Caltech', 'T2_US_Purdue', 'T2_US_Nebraska']", u'[]', u'FileBased', u"{'splitOnRun': False, 'halt_job_on_file_boundaries': False, 'files_per_job': 1, 'runs': [], 'lumis': []}", u'cb9ce4da543e365541c271069e62cd496919132164a5f4f8054459152f8be9c4.tar.gz', u'https://cmsweb.cern.ch:8443/crabcache', u'yian', u'/DC=ch/DC=cern/OU=Organic Units/OU=Users/CN=yian/CN=826694/CN=Ying An', u'cms', u'None', u'None', u'WGToLNuG_01J_5f_PDFWeights_TuneCP5_13TeV-amcatnloFXFX-pythia8_2018-00000000000000000000000000000000', u'F', u'T3_CH_CERNBOX', u'https://cmsweb.cern.ch/dbs/prod/global/DBSReader', u'https://cmsweb.cern.ch/dbs/prod/phys03/DBSWriter', u'F', u'[]', u'[]', u"['tree.root']", u'Analysis', u'pythia', u'None', u'{}', u'[]', u'F', u'crab-prod-tw01', u'[]', u'1250', u'1', u'2000', u'10', u"['/WGToLNuG_01J_5f_PDFWeights_TuneCP5_13TeV-amcatnloFXFX-pythia8/yian-WGToLNuG_01J_5f_PDFWeights_TuneCP5_13TeV-amcatnloFXFX-pythia8_2018-79132d624dd3520ee2a7d08026bbccfc/USER']", u'[]', u'http://vocms0199.cern.ch/mon/cms1407/210420_160907:yian_crab_WGToLNuG_01J_5f_PDFWeights_TuneCP5_13TeV-amcatnloFXFX-pythia8_2018', u'WWG_crab_script.sh', u"['isdata=MC', 'year=2018']", u'[]', u'https://cmsweb.cern.ch/crabserver/prod', u'cmsgwms-collector-global.cern.ch:9620,cmsgwms-collector-global.fnal.gov', u'crab3@vocms0199.cern.ch', u'F', u'[]', u'T', u'/store/user/yian/', u'T', u'None', u'F', u'None', u'WGToLNuG_01J_5f_PDFWeights_TuneCP5_13TeV-amcatnloFXFX-pythia8', u'None', u'51a96fcfb1276020ede5db95d99186d5d3427c14a561dd21ae3503f08429623c.tar.gz', u'24840065', u'filetransfers', u'F', u'188.185.90.209', u'0.0', u'None'], u'desc': {u'columns': [u'tm_taskname', u'tm_activity', u'panda_jobset_id', u'tm_task_status', u'tm_task_command', u'tm_start_time', u'tm_start_injection', u'tm_end_injection', u'tm_task_failure', u'tm_job_sw', u'tm_job_arch', u'tm_input_dataset', u'tm_nonvalid_input_dataset', u'tm_use_parent', u'tm_site_whitelist', u'tm_site_blacklist', u'tm_split_algo', u'tm_split_args', u'tm_user_sandbox', u'tm_cache_url', u'tm_username', u'tm_user_dn', u'tm_user_vo', u'tm_user_role', u'tm_user_group', u'tm_publish_name', u'tm_publish_groupname', u'tm_asyncdest', u'tm_dbs_url', u'tm_publish_dbs_url', u'tm_publication', u'tm_outfiles', u'tm_tfile_outfiles', u'tm_edm_outfiles', u'tm_job_type', u'tm_generator', u'tm_events_per_lumi', u'tm_arguments', u'panda_resubmitted_jobs', u'tm_save_logs', u'tw_name', u'tm_user_infiles', u'tm_maxjobruntime', u'tm_numcores', u'tm_maxmemory', u'tm_priority', u'tm_output_dataset', u'tm_task_warnings', u'tm_user_webdir', u'tm_scriptexe', u'tm_scriptargs', u'tm_extrajdl', u'tm_asourl', u'tm_collector', u'tm_schedd', u'tm_dry_run', u'tm_user_files', u'tm_transfer_outputs', u'tm_output_lfn', u'tm_ignore_locality', u'tm_fail_limit', u'tm_one_event_mode', u'tm_secondary_input_dataset', u'tm_primary_dataset', u'tm_last_publication', u'tm_debug_files', u'clusterid', u'tm_asodb', u'tm_ignore_global_blacklist', u'tm_submitter_ip_addr', u'tm_totalunits', u'tm_ddm_reqid']}}
INFO 2021-04-21 04:57:18.781 UTC: 	 CRAB project directory:		/afs/cern.ch/work/y/yian/work/GZ/CMSSW_10_6_20/src/PhysicsTools/NanoAODTools/WWG/2018/crab/crab2018/crab_WGToLNuG_01J_5f_PDFWeights_TuneCP5_13TeV-amcatnloFXFX-pythia8_2018
INFO 2021-04-21 04:57:18.781 UTC: 	 Task name:			210420_160907:yian_crab_WGToLNuG_01J_5f_PDFWeights_TuneCP5_13TeV-amcatnloFXFX-pythia8_2018
INFO 2021-04-21 04:57:18.781 UTC: 	 Grid scheduler - Task Worker:	crab3@vocms0199.cern.ch - crab-prod-tw01
INFO 2021-04-21 04:57:18.781 UTC: 	 Status on the CRAB server:	SUBMITTED
INFO 2021-04-21 04:57:18.781 UTC: 	 Task URL to use for HELP:	https://cmsweb.cern.ch/crabserver/ui/task/210420_160907%3Ayian_crab_WGToLNuG_01J_5f_PDFWeights_TuneCP5_13TeV-amcatnloFXFX-pythia8_2018
INFO 2021-04-21 04:57:18.789 UTC: 	 Dashboard monitoring URL:	https://monit-grafana.cern.ch/d/cmsTMDetail/cms-task-monitoring-task-view?orgId=11&var-user=yian&var-task=210420_160907%3Ayian_crab_WGToLNuG_01J_5f_PDFWeights_TuneCP5_13TeV-amcatnloFXFX-pythia8_2018&from=1618931347000&to=now
DEBUG 2021-04-21 04:57:18.790 UTC: 	 The CRAB server submitted your task to the Grid scheduler (cluster ID: 24840065)
DEBUG 2021-04-21 04:57:18.790 UTC: 	 Webdir is located at http://vocms0199.cern.ch/mon/cms1407/210420_160907:yian_crab_WGToLNuG_01J_5f_PDFWeights_TuneCP5_13TeV-amcatnloFXFX-pythia8_2018
DEBUG 2021-04-21 04:57:18.841 UTC: 	 Proxied webdir is located at https://cmsweb.cern.ch:8443/scheddmon/0199/cms1407/210420_160907:yian_crab_WGToLNuG_01J_5f_PDFWeights_TuneCP5_13TeV-amcatnloFXFX-pythia8_2018
DEBUG 2021-04-21 04:57:18.841 UTC: 	 Retrieving 'status_cache' file from https://cmsweb.cern.ch:8443/scheddmon/0199/cms1407/210420_160907:yian_crab_WGToLNuG_01J_5f_PDFWeights_TuneCP5_13TeV-amcatnloFXFX-pythia8_2018/status_cache
DEBUG 2021-04-21 04:57:18.882 UTC: 	 Got information from status cache file: {'11': {'Retries': 0, 'WallDurations': [8.0, 67.38348388671875, 44619.0], 'StartTimes': [1618935307.0], 'SubmitTimes': [1618935001.0], 'JobIds': ['24840078.0'], 'EndTimes': [1618979926.0], 'Restarts': 0, 'RecordedSite': True, 'State': 'transferring', 'ResidentSetSize': [460444], 'TotalUserCpuTimeHistory': [4454], 'SiteHistory': ['Unknown', 'T2_US_UCSD', 'T2_US_UCSD'], 'TotalSysCpuTimeHistory': [76]}, '10': {'Retries': 0, 'WallDurations': [9.0, 81.38348388671875, 30558.0], 'StartTimes': [1618935293.0], 'SubmitTimes': [1618935001.0], 'JobIds': ['24840077.0'], 'EndTimes': [1618965851.0], 'Restarts': 0, 'RecordedSite': True, 'State': 'finished', 'ResidentSetSize': [484660], 'TotalUserCpuTimeHistory': [3967], 'SiteHistory': ['Unknown', 'T2_US_Nebraska', 'T2_US_Nebraska'], 'TotalSysCpuTimeHistory': [67]}, '13': {'Retries': 0, 'WallDurations': [8.0, 59.38348388671875, 9732.0], 'StartTimes': [1618935315.0], 'SubmitTimes': [1618935001.0], 'JobIds': ['24840080.0'], 'EndTimes': [1618945047.0], 'Restarts': 0, 'RecordedSite': True, 'State': 'finished', 'ResidentSetSize': [509596], 'TotalUserCpuTimeHistory': [8206], 'SiteHistory': ['Unknown', 'T2_US_Caltech', 'T2_US_Caltech'], 'TotalSysCpuTimeHistory': [110]}, '12': {'Retries': 0, 'WallDurations': [9.0, 81.38348388671875, 32014.0], 'StartTimes': [1618935293.0], 'SubmitTimes': [1618935001.0], 'JobIds': ['24840079.0'], 'EndTimes': [1618967307.0], 'Restarts': 0, 'RecordedSite': True, 'State': 'finished', 'ResidentSetSize': [608208], 'TotalUserCpuTimeHistory': [3300], 'SiteHistory': ['Unknown', 'T2_US_Wisconsin', 'T2_US_Wisconsin'], 'TotalSysCpuTimeHistory': [69]}, '15': {'Retries': 0, 'WallDurations': [8.0, 63.38348388671875, 37872.0], 'StartTimes': [1618935311.0], 'SubmitTimes': [1618935001.0], 'JobIds': ['24840081.0'], 'EndTimes': [], 'Restarts': 0, 'RecordedSite': True, 'State': 'running', 'ResidentSetSize': [514616], 'TotalUserCpuTimeHistory': [3342.0], 'SiteHistory': ['Unknown', 'T2_US_UCSD', 'T2_US_UCSD'], 'TotalSysCpuTimeHistory': [71.0]}, '14': {'Retries': 0, 'WallDurations': [9.0, 71.38348388671875, 2413.0], 'StartTimes': [1618935303.0], 'SubmitTimes': [1618935001.0], 'JobIds': ['24840082.0'], 'EndTimes': [], 'Restarts': 0, 'RecordedSite': True, 'State': 'running', 'ResidentSetSize': [465944], 'TotalUserCpuTimeHistory': [128.0], 'SiteHistory': ['Unknown', 'T2_US_UCSD', 'T2_US_UCSD'], 'TotalSysCpuTimeHistory': [9.0]}, '17': {'Retries': 0, 'WallDurations': [9.0, 46.38348388671875, 45383.0], 'StartTimes': [1618935328.0], 'SubmitTimes': [1618935002.0], 'JobIds': ['24840083.0'], 'EndTimes': [], 'Restarts': 0, 'RecordedSite': True, 'State': 'running', 'ResidentSetSize': [512160], 'TotalUserCpuTimeHistory': [3523.0], 'SiteHistory': ['Unknown', 'T2_US_UCSD', 'T2_US_UCSD'], 'TotalSysCpuTimeHistory': [84.0]}, '16': {'Retries': 0, 'WallDurations': [9.0, 36.38348388671875, 6028.0], 'StartTimes': [1618935338.0], 'SubmitTimes': [1618935002.0], 'JobIds': ['24840084.0'], 'EndTimes': [1618941366.0], 'Restarts': 0, 'RecordedSite': True, 'State': 'finished', 'ResidentSetSize': [507232], 'TotalUserCpuTimeHistory': [5760], 'SiteHistory': ['Unknown', 'T2_US_Caltech', 'T2_US_Caltech'], 'TotalSysCpuTimeHistory': [83]}, '19': {'Retries': 0, 'WallDurations': [9.0, 78.38348388671875, 4599.0], 'StartTimes': [1618935296.0], 'SubmitTimes': [1618935002.0], 'JobIds': ['24840087.0'], 'EndTimes': [1618939895.0], 'Restarts': 0, 'RecordedSite': True, 'State': 'finished', 'ResidentSetSize': [419068], 'TotalUserCpuTimeHistory': [438], 'SiteHistory': ['Unknown', 'T2_US_Purdue', 'T2_US_Purdue'], 'TotalSysCpuTimeHistory': [8]}, '18': {'Retries': 0, 'WallDurations': [0, 10.0, 31410.0], 'StartTimes': [1618935538.0], 'SubmitTimes': [1618935002.0], 'JobIds': ['24840085.0'], 'EndTimes': [1618966948.0], 'Restarts': 0, 'RecordedSite': True, 'State': 'finished', 'ResidentSetSize': [377432], 'TotalUserCpuTimeHistory': [322], 'SiteHistory': ['Unknown', 'T2_US_Caltech', 'T2_US_Caltech'], 'TotalSysCpuTimeHistory': [9]}, '1': {'Retries': 0, 'WallDurations': [10.0, 73.38348388671875, 6024.0], 'StartTimes': [1618935301.0], 'SubmitTimes': [1618934999.0], 'JobIds': ['24840067.0'], 'EndTimes': [1618941325.0], 'Restarts': 0, 'RecordedSite': True, 'State': 'finished', 'ResidentSetSize': [387668], 'TotalUserCpuTimeHistory': [1174], 'SiteHistory': ['Unknown', 'T2_US_Nebraska', 'T2_US_Nebraska'], 'TotalSysCpuTimeHistory': [40]}, '3': {'Retries': 0, 'WallDurations': [8.0, 63.38348388671875, 10829.0], 'StartTimes': [1618935311.0], 'SubmitTimes': [1618935000.0], 'JobIds': ['24840069.0'], 'EndTimes': [], 'Restarts': 0, 'RecordedSite': True, 'State': 'running', 'ResidentSetSize': [462204], 'TotalUserCpuTimeHistory': [1301.0], 'SiteHistory': ['Unknown', 'T2_US_UCSD', 'T2_US_UCSD'], 'TotalSysCpuTimeHistory': [19.0]}, '2': {'Retries': 1, 'WallDurations': [8.0, 78.38348388671875, 18905.0, 10.0, 217.1496889591217, 15848.0], 'StartTimes': [1618935296.0, 1618958086.0], 'SubmitTimes': [1618935000.0, 1618957879.0], 'JobIds': ['24840068.0', '24845155.0'], 'EndTimes': [1618954201.0, 1618973934.0], 'Restarts': 0, 'RecordedSite': True, 'State': 'finished', 'ResidentSetSize': [446560, 441732], 'TotalUserCpuTimeHistory': [1804, 1817], 'SiteHistory': ['Unknown', 'T2_US_UCSD', 'T2_US_UCSD', 'Unknown', 'T2_US_Nebraska', 'T2_US_Nebraska'], 'TotalSysCpuTimeHistory': [31, 40]}, '5': {'Retries': 0, 'WallDurations': [10.0, 66.38348388671875, 21948.0], 'StartTimes': [1618935308.0], 'SubmitTimes': [1618935000.0], 'JobIds': ['24840072.0'], 'EndTimes': [], 'Restarts': 0, 'RecordedSite': True, 'State': 'running', 'ResidentSetSize': [516716], 'TotalUserCpuTimeHistory': [2310.0], 'SiteHistory': ['Unknown', 'T2_US_UCSD', 'T2_US_UCSD'], 'TotalSysCpuTimeHistory': [57.0]}, '4': {'Retries': 0, 'WallDurations': [9.0, 83.38348388671875, 16578.0], 'StartTimes': [1618935291.0], 'SubmitTimes': [1618935000.0], 'JobIds': ['24840070.0'], 'EndTimes': [1618951869.0], 'Restarts': 0, 'RecordedSite': True, 'State': 'finished', 'ResidentSetSize': [567308], 'TotalUserCpuTimeHistory': [2442], 'SiteHistory': ['Unknown', 'T2_US_Wisconsin', 'T2_US_Wisconsin'], 'TotalSysCpuTimeHistory': [33]}, '7': {'Retries': 0, 'WallDurations': [9.0, 75.38348388671875, 41147.0], 'StartTimes': [1618935299.0], 'SubmitTimes': [1618935000.0], 'JobIds': ['24840074.0'], 'EndTimes': [1618976446.0], 'Restarts': 0, 'RecordedSite': True, 'State': 'finished', 'ResidentSetSize': [502796], 'TotalUserCpuTimeHistory': [8737], 'SiteHistory': ['Unknown', 'T2_US_Nebraska', 'T2_US_Nebraska'], 'TotalSysCpuTimeHistory': [150]}, '6': {'Retries': 0, 'WallDurations': [8.0, 59.38348388671875, 45388.0], 'StartTimes': [1618935315.0], 'SubmitTimes': [1618935000.0], 'JobIds': ['24840073.0'], 'EndTimes': [], 'Restarts': 0, 'RecordedSite': True, 'State': 'running', 'ResidentSetSize': [540776], 'TotalUserCpuTimeHistory': [3057.0], 'SiteHistory': ['Unknown', 'T2_US_UCSD', 'T2_US_UCSD'], 'TotalSysCpuTimeHistory': [87.0]}, '9': {'Retries': 0, 'WallDurations': [10.0, 62.38348388671875, 45573.0], 'StartTimes': [1618935312.0], 'SubmitTimes': [1618935001.0], 'JobIds': ['24840076.0'], 'EndTimes': [1618980885.0], 'Restarts': 0, 'RecordedSite': True, 'State': 'transferring', 'ResidentSetSize': [546256], 'TotalUserCpuTimeHistory': [4083], 'SiteHistory': ['Unknown', 'T2_US_UCSD', 'T2_US_UCSD'], 'TotalSysCpuTimeHistory': [86]}, '20': {'Retries': 0, 'WallDurations': [8.0, 12.38348388671875, 745.0], 'StartTimes': [1618935362.0], 'SubmitTimes': [1618935002.0], 'JobIds': ['24840086.0'], 'EndTimes': [1618936107.0], 'Restarts': 0, 'RecordedSite': True, 'State': 'finished', 'ResidentSetSize': [333096], 'TotalUserCpuTimeHistory': [31], 'SiteHistory': ['Unknown', 'T2_US_Caltech', 'T2_US_Caltech'], 'TotalSysCpuTimeHistory': [2]}, '8': {'Retries': 0, 'WallDurations': [9.0, 84.38348388671875, 18141.0], 'StartTimes': [1618935290.0], 'SubmitTimes': [1618935000.0], 'JobIds': ['24840075.0'], 'EndTimes': [1618953431.0], 'Restarts': 0, 'RecordedSite': True, 'State': 'finished', 'ResidentSetSize': [456556], 'TotalUserCpuTimeHistory': [3210], 'SiteHistory': ['Unknown', 'T2_US_MIT', 'T2_US_MIT'], 'TotalSysCpuTimeHistory': [36]}}
INFO 2021-04-21 04:57:18.882 UTC: 	 Status on the scheduler:	SUBMITTED
INFO 2021-04-21 04:57:18.883 UTC: 	 
Jobs status:                    finished     		 60.0% (12/20)
INFO 2021-04-21 04:57:18.883 UTC: 	 				running      		 30.0% ( 6/20)
INFO 2021-04-21 04:57:18.883 UTC: 	 				transferring 		 10.0% ( 2/20)
INFO 2021-04-21 04:57:18.883 UTC: 	 
No publication information (publication has been disabled in the CRAB configuration file)
INFO 2021-04-21 04:57:18.883 UTC: 	 
Warning: the average jobs CPU efficiency is less than 50%, please consider to improve the jobs splitting (e.g. config.Data.splitting = 'Automatic') in a new task
INFO 2021-04-21 04:57:18.884 UTC: 	 
Summary of run jobs:
 * Memory: 378MB min, 593MB max, 461MB ave
 * Runtime: 0:12:25 min, 12:39:33 max, 6:00:44 ave
 * CPU eff: 1% min, 97% max, 16% ave
 * Waste: 5:35:31 (6% of total)

INFO 2021-04-21 04:57:18.904 UTC: 	 Log file is /afs/cern.ch/work/y/yian/work/GZ/CMSSW_10_6_20/src/PhysicsTools/NanoAODTools/WWG/2018/crab/crab2018/crab_WGToLNuG_01J_5f_PDFWeights_TuneCP5_13TeV-amcatnloFXFX-pythia8_2018/crab.log
