DEBUG 2021-11-23 16:20:34.621 UTC: 	 CRAB Client version: v3.210825
DEBUG 2021-11-23 16:20:34.622 UTC: 	 Running on: Linux lxplus772.cern.ch 3.10.0-1160.45.1.el7.x86_64 #1 SMP Wed Oct 13 17:20:51 UTC 2021 x86_64 x86_64 x86_64 GNU/Linux - CentOS Linux 7 (Core)
DEBUG 2021-11-23 16:20:34.622 UTC: 	 Executing command: 'submit'
DEBUG 2021-11-23 16:20:34.622 UTC: 	 Found CRAB cache file /afs/cern.ch/user/y/yian/.crab3
INFO 2021-11-23 16:20:34.623 UTC: 	 Will use CRAB configuration file crabcode_2017/WZ_TuneCP5_13TeV-pythia8_2017_cfg.py
DEBUG 2021-11-23 16:20:34.623 UTC: 	 Loading CRAB configuration file.
DEBUG 2021-11-23 16:20:34.690 UTC: 	 Will use CRAB Analysis plugin (i.e. will run an analysis job type).
DEBUG 2021-11-23 16:20:34.810 UTC: 	 Checking credentials
DEBUG 2021-11-23 16:20:34.811 UTC: 	 Found proxy file /tmp/x509up_u110046
DEBUG 2021-11-23 16:20:34.811 UTC: 	 Getting proxy life time left
DEBUG 2021-11-23 16:20:36.448 UTC: 	 Executing : 
 command : voms-proxy-info -file /tmp/x509up_u110046 -timeleft
 output : 603567

 error: 
 retcode : 0
DEBUG 2021-11-23 16:20:38.077 UTC: 	 Executing : 
 command : voms-proxy-info -file /tmp/x509up_u110046 -actimeleft
 output : 603566

 error: 
 retcode : 0
DEBUG 2021-11-23 16:20:38.078 UTC: 	 Proxy lifetime 603567 secs is different from voms extension lifetime 603566 secs for proxy: /tmp/x509up_u110046
DEBUG 2021-11-23 16:20:38.078 UTC: 	 Proxy valid for 167:39:26 hours
DEBUG 2021-11-23 16:20:39.605 UTC: 	 Executing : 
 command : env X509_USER_PROXY=/tmp/x509up_u110046 voms-proxy-info -fqan
 output : /cms/Role=NULL/Capability=NULL

 error: 
 retcode : 0
DEBUG 2021-11-23 16:20:39.851 UTC: 	 Registering user credentials for server /DC=ch/DC=cern/OU=computers/CN=crab-(preprod|prod|dev)-tw(02|01).cern.ch|/DC=ch/DC=cern/OU=computers/CN=stefanov(m|m2).cern.ch|/DC=ch/DC=cern/OU=computers/CN=dciangot-tw.cern.ch
DEBUG 2021-11-23 16:20:41.396 UTC: 	 Executing : 
 command : voms-proxy-info -file /tmp/x509up_u110046 -identity
 output : /DC=ch/DC=cern/OU=Organic Units/OU=Users/CN=yian/CN=826694/CN=Ying An

 error: 
 retcode : 0
DEBUG 2021-11-23 16:20:41.409 UTC: 	 Getting myproxy life time left for myproxy.cern.ch
DEBUG 2021-11-23 16:20:41.409 UTC: 	 using b52ac606a6f7097e9b4b8f05a3a67cc69f8f291b as credential login name
DEBUG 2021-11-23 16:20:42.531 UTC: 	 Executing : 
 command : myproxy-info -l b52ac606a6f7097e9b4b8f05a3a67cc69f8f291b -s myproxy.cern.ch
 output : username: b52ac606a6f7097e9b4b8f05a3a67cc69f8f291b
owner: /DC=ch/DC=cern/OU=Organic Units/OU=Users/CN=yian/CN=826694/CN=Ying An
  renewal policy: /DC=ch/DC=cern/OU=computers/CN=crab-(preprod|prod|dev)-tw(02|01).cern.ch|/DC=ch/DC=cern/OU=computers/CN=stefanov(m|m2).cern.ch|/DC=ch/DC=cern/OU=computers/CN=dciangot-tw.cern.ch
  trusted retrieval policy: /DC=ch/DC=cern/OU=computers/CN=crab-(preprod|prod|dev)-tw(02|01).cern.ch|/DC=ch/DC=cern/OU=computers/CN=stefanov(m|m2).cern.ch|/DC=ch/DC=cern/OU=computers/CN=dciangot-tw.cern.ch
  timeleft: 712:35:56  (29.7 days)

 error: 
 retcode : 0
DEBUG 2021-11-23 16:20:42.532 UTC: 	 Myproxy is valid: 2565356
DEBUG 2021-11-23 16:20:42.532 UTC: 	 Retrieving username ...
DEBUG 2021-11-23 16:20:42.532 UTC: 	 Retrieving username from CRIC...
DEBUG 2021-11-23 16:20:43.621 UTC: 	 username is yian
DEBUG 2021-11-23 16:20:43.630 UTC: 	 Getting myproxy life time left for myproxy.cern.ch
DEBUG 2021-11-23 16:20:43.630 UTC: 	 using yian_CRAB as credential login name
DEBUG 2021-11-23 16:20:44.142 UTC: 	 Executing : 
 command : myproxy-info -l yian_CRAB -s myproxy.cern.ch
 output : username: yian_CRAB
owner: /DC=ch/DC=cern/OU=Organic Units/OU=Users/CN=yian/CN=826694/CN=Ying An
  renewal policy: /DC=ch/DC=cern/OU=computers/CN=crab-(preprod|prod|dev)-tw(02|01).cern.ch|/DC=ch/DC=cern/OU=computers/CN=stefanov(m|m2).cern.ch|/DC=ch/DC=cern/OU=computers/CN=dciangot-tw.cern.ch
  trusted retrieval policy: /DC=ch/DC=cern/OU=computers/CN=crab-(preprod|prod|dev)-tw(02|01).cern.ch|/DC=ch/DC=cern/OU=computers/CN=stefanov(m|m2).cern.ch|/DC=ch/DC=cern/OU=computers/CN=dciangot-tw.cern.ch
  timeleft: 712:34:47  (29.7 days)

 error: 
 retcode : 0
DEBUG 2021-11-23 16:20:44.143 UTC: 	 Myproxy is valid: 2565287
DEBUG 2021-11-23 16:20:44.143 UTC: 	 Result of myproxy credential check:
  Credential exists on myproxy: username: b52ac606a6f7097e9b4b8f05a3a67cc69f8f291b  - validity: 29 days, 16:35:56
  Credential exists on myproxy: username: yian_CRAB  - validity: 29 days, 16:34:47
DEBUG 2021-11-23 16:20:44.143 UTC: 	 Command use: submit
DEBUG 2021-11-23 16:20:44.143 UTC: 	 Options use: ['-c', 'crabcode_2017/WZ_TuneCP5_13TeV-pythia8_2017_cfg.py']
DEBUG 2021-11-23 16:20:44.275 UTC: 	 CRABClient version: v3.210825
DEBUG 2021-11-23 16:20:44.275 UTC: 	 Instance is prod
DEBUG 2021-11-23 16:20:44.275 UTC: 	 Server base url is cmsweb.cern.ch
DEBUG 2021-11-23 16:20:44.275 UTC: 	 Command api workflow
DEBUG 2021-11-23 16:20:44.275 UTC: 	 Started submission
DEBUG 2021-11-23 16:20:44.275 UTC: 	 Working on /afs/cern.ch/work/y/yian/work/GZ/CMSSW_10_6_20/src/PhysicsTools/NanoAODTools/WWG/2017/crab/crab2017/crab_WZ_TuneCP5_13TeV-pythia8_2017
DEBUG 2021-11-23 16:20:45.180 UTC: 	 Loading required information from the environment
DEBUG 2021-11-23 16:20:45.180 UTC: 	 Found CMSSW_10_6_20 for slc7_amd64_gcc820 with base /afs/cern.ch/work/y/yian/work/GZ/CMSSW_10_6_20
DEBUG 2021-11-23 16:20:45.180 UTC: 	 Loading required information from the environment
DEBUG 2021-11-23 16:20:45.180 UTC: 	 Found CMSSW_10_6_20 for slc7_amd64_gcc820 with base /afs/cern.ch/work/y/yian/work/GZ/CMSSW_10_6_20
DEBUG 2021-11-23 16:20:45.181 UTC: 	 UNIQUE NAME: tarUUID 3122a0fa-7e7a-41ff-b844-c135a8d8f8d1 
DEBUG 2021-11-23 16:20:45.181 UTC: 	 self.config: from WMCore.Configuration import Configuration
config = Configuration()
config.section_('General')
config.General.workArea = 'crab2017'
config.General.transferLogs = False
config.General.requestName = 'WZ_TuneCP5_13TeV-pythia8_2017'
config.section_('JobType')
config.JobType.scriptArgs = ['isdata=MC', 'year=2017', 'era=B']
config.JobType.scriptExe = './WWG_crab_script.sh'
config.JobType.pluginName = 'Analysis'
config.JobType.sendPythonFolder = True
config.JobType.allowUndistributedCMSSW = True
config.JobType.psetName = 'PSet.py'
config.JobType.inputFiles = ['../../../scripts/haddnano.py', '../WWG_selector/WWG_postproc.py', '../WWG_selector/WWG_Module.py', '../WWG_selector/WWG_keep_and_drop.txt', '../WWG_selector/WWG_output_branch.txt', '../WWG_selector/DAS_filesearch.py']
config.section_('Data')
config.Data.inputDataset = '/WZ_TuneCP5_13TeV-pythia8/RunIISummer20UL17NanoAODv9-106X_mc2017_realistic_v9-v1/NANOAODSIM'
config.Data.allowNonValidInputDataset = True
config.Data.publication = False
config.Data.unitsPerJob = 1
config.Data.ignoreLocality = True
config.Data.inputDBS = 'global'
config.Data.splitting = 'FileBased'
config.Data.outputDatasetTag = 'WZ_TuneCP5_13TeV-pythia8_2017'
config.section_('Site')
config.Site.whitelist = ['T2_US_MIT', 'T2_US_Wisconsin', 'T2_US_Purdue', 'T2_US_UCSD', 'T2_US_Caltech', 'T2_US_Nebraska']
config.Site.storageSite = 'T2_CH_CERN'

DEBUG 2021-11-23 16:20:45.181 UTC: 	 self.config.JobType.psetName: PSet.py
INFO 2021-11-23 16:20:45.181 UTC: 	 Importing CMSSW configuration PSet.py
INFO 2021-11-23 16:20:55.314 UTC: 	 Finished importing CMSSW configuration PSet.py
DEBUG 2021-11-23 16:20:55.314 UTC: 	 Writing CMSSW configuration to /afs/cern.ch/work/y/yian/work/GZ/CMSSW_10_6_20/src/PhysicsTools/NanoAODTools/WWG/2017/crab/crab2017/crab_WZ_TuneCP5_13TeV-pythia8_2017/inputs/PSet.py
DEBUG 2021-11-23 16:20:55.549 UTC: 	 The following EDM output files will be collected: ['tree.root']
DEBUG 2021-11-23 16:20:55.549 UTC: 	 The following TFile output files will be collected: []
DEBUG 2021-11-23 16:20:55.549 UTC: 	 The following user output files (not listed as PoolOuputModule or TFileService in the CMSSW PSet) will be collected: 
DEBUG 2021-11-23 16:20:55.550 UTC: 	 Loading required information from the environment
DEBUG 2021-11-23 16:20:55.550 UTC: 	 Found CMSSW_10_6_20 for slc7_amd64_gcc820 with base /afs/cern.ch/work/y/yian/work/GZ/CMSSW_10_6_20
DEBUG 2021-11-23 16:20:55.550 UTC: 	 Making tarball in /afs/cern.ch/work/y/yian/work/GZ/CMSSW_10_6_20/src/PhysicsTools/NanoAODTools/WWG/2017/crab/crab2017/crab_WZ_TuneCP5_13TeV-pythia8_2017/inputs/3122a0fa-7e7a-41ff-b844-c135a8d8f8d1default.tgz
DEBUG 2021-11-23 16:20:55.573 UTC: 	 Checking directory /afs/cern.ch/work/y/yian/work/GZ/CMSSW_10_6_20/lib
DEBUG 2021-11-23 16:20:55.573 UTC: 	 Adding directory /afs/cern.ch/work/y/yian/work/GZ/CMSSW_10_6_20/lib to tarball
DEBUG 2021-11-23 16:20:55.720 UTC: 	 Checking directory /afs/cern.ch/work/y/yian/work/GZ/CMSSW_10_6_20/biglib
DEBUG 2021-11-23 16:20:55.720 UTC: 	 Adding directory /afs/cern.ch/work/y/yian/work/GZ/CMSSW_10_6_20/biglib to tarball
DEBUG 2021-11-23 16:20:55.720 UTC: 	 Checking directory /afs/cern.ch/work/y/yian/work/GZ/CMSSW_10_6_20/module
DEBUG 2021-11-23 16:20:55.721 UTC: 	 Checking directory /afs/cern.ch/work/y/yian/work/GZ/CMSSW_10_6_20/python
DEBUG 2021-11-23 16:20:55.721 UTC: 	 Adding directory /afs/cern.ch/work/y/yian/work/GZ/CMSSW_10_6_20/python to tarball
DEBUG 2021-11-23 16:20:59.187 UTC: 	 Checking directory /afs/cern.ch/work/y/yian/work/GZ/CMSSW_10_6_20/cfipython
DEBUG 2021-11-23 16:20:59.187 UTC: 	 Adding directory /afs/cern.ch/work/y/yian/work/GZ/CMSSW_10_6_20/cfipython to tarball
DEBUG 2021-11-23 16:21:14.166 UTC: 	 Adding data directory /afs/cern.ch/work/y/yian/work/GZ/CMSSW_10_6_20/src/PhysicsTools/NanoAODTools/data to tarball
DEBUG 2021-11-23 16:21:37.262 UTC: 	 Adding data directory /afs/cern.ch/work/y/yian/work/GZ/CMSSW_10_6_20/src/PhysicsTools/NanoAODTools/interface to tarball
DEBUG 2021-11-23 16:21:37.318 UTC: 	 Adding data directory /afs/cern.ch/work/y/yian/work/GZ/CMSSW_10_6_20/src/PhysicsTools/NanoAODTools/python/postprocessing/data to tarball
DEBUG 2021-11-23 16:21:40.645 UTC: 	 Adding file ../../../scripts/haddnano.py to tarball
DEBUG 2021-11-23 16:21:40.646 UTC: 	 Adding file ../WWG_selector/WWG_postproc.py to tarball
DEBUG 2021-11-23 16:21:40.647 UTC: 	 Adding file ../WWG_selector/WWG_Module.py to tarball
DEBUG 2021-11-23 16:21:40.648 UTC: 	 Adding file ../WWG_selector/WWG_keep_and_drop.txt to tarball
DEBUG 2021-11-23 16:21:40.648 UTC: 	 Adding file ../WWG_selector/WWG_output_branch.txt to tarball
DEBUG 2021-11-23 16:21:40.649 UTC: 	 Adding file ../WWG_selector/DAS_filesearch.py to tarball
DEBUG 2021-11-23 16:21:56.559 UTC: 	 Uploading archive /afs/cern.ch/work/y/yian/work/GZ/CMSSW_10_6_20/src/PhysicsTools/NanoAODTools/WWG/2017/crab/crab2017/crab_WZ_TuneCP5_13TeV-pythia8_2017/inputs/3122a0fa-7e7a-41ff-b844-c135a8d8f8d1default.tgz (94 MB) to the CRAB cache. Using URI https://cmsweb.cern.ch/S3/crabcache_prod
DEBUG 2021-11-23 16:22:31.299 UTC: 	 sandbox 39bc3010d7ba2374684857ed42fc86481bae0161e7f8c7d93f5c25e342929c09.tar.gz is already in the S3 store, will not upload again
DEBUG 2021-11-23 16:22:31.299 UTC: 	 Loading required information from the environment
DEBUG 2021-11-23 16:22:31.299 UTC: 	 Found CMSSW_10_6_20 for slc7_amd64_gcc820 with base /afs/cern.ch/work/y/yian/work/GZ/CMSSW_10_6_20
DEBUG 2021-11-23 16:22:31.299 UTC: 	 Making tarball in /afs/cern.ch/work/y/yian/work/GZ/CMSSW_10_6_20/src/PhysicsTools/NanoAODTools/WWG/2017/crab/crab2017/crab_WZ_TuneCP5_13TeV-pythia8_2017/inputs/debugFiles.tgz
DEBUG 2021-11-23 16:22:31.352 UTC: 	 Uploading archive /afs/cern.ch/work/y/yian/work/GZ/CMSSW_10_6_20/src/PhysicsTools/NanoAODTools/WWG/2017/crab/crab2017/crab_WZ_TuneCP5_13TeV-pythia8_2017/inputs/debugFiles.tgz (1 KB) to the CRAB cache. Using URI https://cmsweb.cern.ch/S3/crabcache_prod
DEBUG 2021-11-23 16:22:31.446 UTC: 	 sandbox 96e09a61fa744afb3c9e326b1a2d5a18f2accb174c73e5704f0b9ddbc9bc8706.tar.gz is already in the S3 store, will not upload again
DEBUG 2021-11-23 16:22:31.446 UTC: 	 Result uploading input files: 39bc3010d7ba2374684857ed42fc86481bae0161e7f8c7d93f5c25e342929c09.tar.gz 
INFO 2021-11-23 16:22:31.446 UTC: 	 Sending the request to the server at cmsweb.cern.ch
DEBUG 2021-11-23 16:22:31.446 UTC: 	 Submitting {'maxjobruntime': 1250, 'extrajdl': [], 'ignorelocality': 1, 'savelogsflag': 0, 'useparent': 0, 'scriptexe': 'WWG_crab_script.sh', 'asyncdest': 'T2_CH_CERN', 'algoargs': 1, 'cachefilename': '39bc3010d7ba2374684857ed42fc86481bae0161e7f8c7d93f5c25e342929c09.tar.gz', 'numcores': 1, 'addoutputfiles': [], 'generator': 'pythia', 'maxmemory': 2000, 'publishdbsurl': 'https://cmsweb.cern.ch/dbs/prod/phys03/DBSWriter', 'priority': 10, 'jobsw': 'CMSSW_10_6_20', 'edmoutfiles': ['tree.root'], 'userfiles': [], 'primarydataset': '', 'inputdata': '/WZ_TuneCP5_13TeV-pythia8/RunIISummer20UL17NanoAODv9-106X_mc2017_realistic_v9-v1/NANOAODSIM', 'dryrun': 0, 'workflow': 'crab_WZ_TuneCP5_13TeV-pythia8_2017', 'scriptargs': ['isdata=MC', 'year=2017', 'era=B'], 'sitewhitelist': ['T2_US_MIT', 'T2_US_Wisconsin', 'T2_US_Purdue', 'T2_US_UCSD', 'T2_US_Caltech', 'T2_US_Nebraska'], 'nonprodsw': 1, 'tfileoutfiles': [], 'oneEventMode': 0, 'debugfilename': '96e09a61fa744afb3c9e326b1a2d5a18f2accb174c73e5704f0b9ddbc9bc8706.tar.gz', 'cacheurl': u'https://cmsweb.cern.ch/S3/crabcache_prod', 'saveoutput': 1, 'publication': 0, 'jobarch': 'slc7_amd64_gcc820', 'totalunits': 0, 'splitalgo': 'FileBased', 'ignoreglobalblacklist': 0, 'nonvaliddata': 1, 'dbsurl': 'https://cmsweb.cern.ch/dbs/prod/global/DBSReader', 'publishgroupname': 0, 'jobtype': 'Analysis', 'publishname2': 'WZ_TuneCP5_13TeV-pythia8_2017'} 
DEBUG 2021-11-23 16:22:31.446 UTC: 	 Encoded submit request: maxjobruntime=1250&ignorelocality=1&savelogsflag=0&useparent=0&scriptexe=WWG_crab_script.sh&asyncdest=T2_CH_CERN&algoargs=1&cachefilename=39bc3010d7ba2374684857ed42fc86481bae0161e7f8c7d93f5c25e342929c09.tar.gz&numcores=1&generator=pythia&maxmemory=2000&publishdbsurl=https%3A%2F%2Fcmsweb.cern.ch%2Fdbs%2Fprod%2Fphys03%2FDBSWriter&priority=10&jobsw=CMSSW_10_6_20&primarydataset=&inputdata=%2FWZ_TuneCP5_13TeV-pythia8%2FRunIISummer20UL17NanoAODv9-106X_mc2017_realistic_v9-v1%2FNANOAODSIM&dryrun=0&workflow=crab_WZ_TuneCP5_13TeV-pythia8_2017&nonprodsw=1&oneEventMode=0&debugfilename=96e09a61fa744afb3c9e326b1a2d5a18f2accb174c73e5704f0b9ddbc9bc8706.tar.gz&cacheurl=https%3A%2F%2Fcmsweb.cern.ch%2FS3%2Fcrabcache_prod&saveoutput=1&publication=0&jobarch=slc7_amd64_gcc820&totalunits=0&splitalgo=FileBased&ignoreglobalblacklist=0&nonvaliddata=1&dbsurl=https%3A%2F%2Fcmsweb.cern.ch%2Fdbs%2Fprod%2Fglobal%2FDBSReader&publishgroupname=0&jobtype=Analysis&publishname2=WZ_TuneCP5_13TeV-pythia8_2017&sitewhitelist=T2_US_MIT&sitewhitelist=T2_US_Wisconsin&sitewhitelist=T2_US_Purdue&sitewhitelist=T2_US_UCSD&sitewhitelist=T2_US_Caltech&sitewhitelist=T2_US_Nebraska&edmoutfiles=tree.root&scriptargs=isdata%3DMC&scriptargs=year%3D2017&scriptargs=era%3DB
DEBUG 2021-11-23 16:22:31.541 UTC: 	 Result: {u'result': [{u'RequestName': u'211123_162231:yian_crab_WZ_TuneCP5_13TeV-pythia8_2017'}]}
INFO 2021-11-23 16:22:31.569 UTC: 	 Success: Your task has been delivered to the prod CRAB3 server.
INFO 2021-11-23 16:22:31.569 UTC: 	 Task name: 211123_162231:yian_crab_WZ_TuneCP5_13TeV-pythia8_2017
INFO 2021-11-23 16:22:31.569 UTC: 	 Project dir: crab2017/crab_WZ_TuneCP5_13TeV-pythia8_2017
INFO 2021-11-23 16:22:31.569 UTC: 	 Please use ' crab status -d crab2017/crab_WZ_TuneCP5_13TeV-pythia8_2017 ' to check how the submission process proceeds.
DEBUG 2021-11-23 16:22:31.570 UTC: 	 About to return
INFO 2021-11-23 16:22:31.574 UTC: 	 Log file is /afs/cern.ch/work/y/yian/work/GZ/CMSSW_10_6_20/src/PhysicsTools/NanoAODTools/WWG/2017/crab/crab2017/crab_WZ_TuneCP5_13TeV-pythia8_2017/crab.log
DEBUG 2021-11-24 04:49:15.405 UTC: 	 CRAB Client version: v3.210825
DEBUG 2021-11-24 04:49:15.405 UTC: 	 Running on: Linux lxplus772.cern.ch 3.10.0-1160.45.1.el7.x86_64 #1 SMP Wed Oct 13 17:20:51 UTC 2021 x86_64 x86_64 x86_64 GNU/Linux - CentOS Linux 7 (Core)
DEBUG 2021-11-24 04:49:15.405 UTC: 	 Executing command: 'status'
DEBUG 2021-11-24 04:49:15.406 UTC: 	 Found CRAB cache file /afs/cern.ch/user/y/yian/.crab3
DEBUG 2021-11-24 04:49:15.531 UTC: 	 Checking credentials
DEBUG 2021-11-24 04:49:15.531 UTC: 	 Found proxy file /tmp/x509up_u110046
DEBUG 2021-11-24 04:49:15.531 UTC: 	 Getting proxy life time left
DEBUG 2021-11-24 04:49:16.237 UTC: 	 Executing : 
 command : voms-proxy-info -file /tmp/x509up_u110046 -timeleft
 output : 558647

 error: 
 retcode : 0
DEBUG 2021-11-24 04:49:16.951 UTC: 	 Executing : 
 command : voms-proxy-info -file /tmp/x509up_u110046 -actimeleft
 output : 558647

 error: 
 retcode : 0
DEBUG 2021-11-24 04:49:16.951 UTC: 	 Proxy valid for 155:10:47 hours
DEBUG 2021-11-24 04:49:17.006 UTC: 	 Registering user credentials for server /DC=ch/DC=cern/OU=computers/CN=crab-(preprod|prod|dev)-tw(02|01).cern.ch|/DC=ch/DC=cern/OU=computers/CN=stefanov(m|m2).cern.ch|/DC=ch/DC=cern/OU=computers/CN=dciangot-tw.cern.ch
DEBUG 2021-11-24 04:49:17.723 UTC: 	 Executing : 
 command : voms-proxy-info -file /tmp/x509up_u110046 -identity
 output : /DC=ch/DC=cern/OU=Organic Units/OU=Users/CN=yian/CN=826694/CN=Ying An

 error: 
 retcode : 0
DEBUG 2021-11-24 04:49:17.730 UTC: 	 Getting myproxy life time left for myproxy.cern.ch
DEBUG 2021-11-24 04:49:17.731 UTC: 	 using b52ac606a6f7097e9b4b8f05a3a67cc69f8f291b as credential login name
DEBUG 2021-11-24 04:49:18.044 UTC: 	 Executing : 
 command : myproxy-info -l b52ac606a6f7097e9b4b8f05a3a67cc69f8f291b -s myproxy.cern.ch
 output : username: b52ac606a6f7097e9b4b8f05a3a67cc69f8f291b
owner: /DC=ch/DC=cern/OU=Organic Units/OU=Users/CN=yian/CN=826694/CN=Ying An
  renewal policy: /DC=ch/DC=cern/OU=computers/CN=crab-(preprod|prod|dev)-tw(02|01).cern.ch|/DC=ch/DC=cern/OU=computers/CN=stefanov(m|m2).cern.ch|/DC=ch/DC=cern/OU=computers/CN=dciangot-tw.cern.ch
  trusted retrieval policy: /DC=ch/DC=cern/OU=computers/CN=crab-(preprod|prod|dev)-tw(02|01).cern.ch|/DC=ch/DC=cern/OU=computers/CN=stefanov(m|m2).cern.ch|/DC=ch/DC=cern/OU=computers/CN=dciangot-tw.cern.ch
  timeleft: 700:07:20  (29.2 days)

 error: 
 retcode : 0
DEBUG 2021-11-24 04:49:18.045 UTC: 	 Myproxy is valid: 2520440
DEBUG 2021-11-24 04:49:18.045 UTC: 	 Retrieving username ...
DEBUG 2021-11-24 04:49:18.045 UTC: 	 Retrieving username from CRIC...
DEBUG 2021-11-24 04:49:18.893 UTC: 	 username is yian
DEBUG 2021-11-24 04:49:18.901 UTC: 	 Getting myproxy life time left for myproxy.cern.ch
DEBUG 2021-11-24 04:49:18.901 UTC: 	 using yian_CRAB as credential login name
DEBUG 2021-11-24 04:49:19.216 UTC: 	 Executing : 
 command : myproxy-info -l yian_CRAB -s myproxy.cern.ch
 output : username: yian_CRAB
owner: /DC=ch/DC=cern/OU=Organic Units/OU=Users/CN=yian/CN=826694/CN=Ying An
  renewal policy: /DC=ch/DC=cern/OU=computers/CN=crab-(preprod|prod|dev)-tw(02|01).cern.ch|/DC=ch/DC=cern/OU=computers/CN=stefanov(m|m2).cern.ch|/DC=ch/DC=cern/OU=computers/CN=dciangot-tw.cern.ch
  trusted retrieval policy: /DC=ch/DC=cern/OU=computers/CN=crab-(preprod|prod|dev)-tw(02|01).cern.ch|/DC=ch/DC=cern/OU=computers/CN=stefanov(m|m2).cern.ch|/DC=ch/DC=cern/OU=computers/CN=dciangot-tw.cern.ch
  timeleft: 700:06:12  (29.2 days)

 error: 
 retcode : 0
DEBUG 2021-11-24 04:49:19.216 UTC: 	 Myproxy is valid: 2520372
DEBUG 2021-11-24 04:49:19.217 UTC: 	 Result of myproxy credential check:
  Credential exists on myproxy: username: b52ac606a6f7097e9b4b8f05a3a67cc69f8f291b  - validity: 29 days, 4:07:20
  Credential exists on myproxy: username: yian_CRAB  - validity: 29 days, 4:06:12
DEBUG 2021-11-24 04:49:19.218 UTC: 	 Command use: status
DEBUG 2021-11-24 04:49:19.218 UTC: 	 Options use: ['-d', 'crab2017/crab_WZ_TuneCP5_13TeV-pythia8_2017']
DEBUG 2021-11-24 04:49:19.281 UTC: 	 CRABClient version: v3.210825
DEBUG 2021-11-24 04:49:19.281 UTC: 	 Instance is prod
DEBUG 2021-11-24 04:49:19.281 UTC: 	 Server base url is cmsweb.cern.ch
DEBUG 2021-11-24 04:49:19.281 UTC: 	 Command api workflow
DEBUG 2021-11-24 04:49:19.401 UTC: 	 Got information from server oracle database: {u'result': [u'211123_162231:yian_crab_WZ_TuneCP5_13TeV-pythia8_2017', u'None', u'None', u'SUBMITTED', u'SUBMIT', u'2021-11-23 16:22:31.533816', u'None', u'2021-11-23 16:23:36.990490', u'None', u'CMSSW_10_6_20', u'slc7_amd64_gcc820', u'/WZ_TuneCP5_13TeV-pythia8/RunIISummer20UL17NanoAODv9-106X_mc2017_realistic_v9-v1/NANOAODSIM', u'T', u'0', u"[u'T2_US_UCSD', u'T2_US_Wisconsin', u'T2_US_MIT', u'T2_US_Caltech', u'T2_US_Purdue', u'T2_US_Nebraska']", u'[]', u'FileBased', u"{'splitOnRun': False, 'halt_job_on_file_boundaries': False, 'files_per_job': 1, 'runs': [], 'lumis': []}", u'39bc3010d7ba2374684857ed42fc86481bae0161e7f8c7d93f5c25e342929c09.tar.gz', u'https://cmsweb.cern.ch/S3/crabcache_prod', u'yian', u'/DC=ch/DC=cern/OU=Organic Units/OU=Users/CN=yian/CN=826694/CN=Ying An', u'cms', u'None', u'None', u'WZ_TuneCP5_13TeV-pythia8_2017-00000000000000000000000000000000', u'F', u'T2_CH_CERN', u'https://cmsweb.cern.ch/dbs/prod/global/DBSReader', u'https://cmsweb.cern.ch/dbs/prod/phys03/DBSWriter', u'F', u'[]', u'[]', u"[b'tree.root']", u'Analysis', u'pythia', u'None', u'{}', u'[]', u'F', u'crab-prod-tw01', u'[]', u'1250', u'1', u'2000', u'10', u"['/WZ_TuneCP5_13TeV-pythia8/yian-WZ_TuneCP5_13TeV-pythia8_2017-76de701442013e6ff941c86cd482e64d/USER']", u'[]', u'http://vocms0119.cern.ch/mon/cms1407/211123_162231:yian_crab_WZ_TuneCP5_13TeV-pythia8_2017', u'WWG_crab_script.sh', u"[b'isdata=MC', b'year=2017', b'era=B']", u'[]', u'https://cmsweb.cern.ch/crabserver/prod', u'cmsgwms-collector-global.cern.ch:9620,cmsgwms-collector-global.fnal.gov:9620', u'crab3@vocms0119.cern.ch', u'F', u'[]', u'T', u'/store/user/yian/', u'T', u'None', u'F', u'None', u'WZ_TuneCP5_13TeV-pythia8', u'None', u'96e09a61fa744afb3c9e326b1a2d5a18f2accb174c73e5704f0b9ddbc9bc8706.tar.gz', u'74090038', u'filetransfers', u'F', u'188.184.97.219', u'0.0', u'None'], u'desc': {u'columns': [u'tm_taskname', u'tm_activity', u'panda_jobset_id', u'tm_task_status', u'tm_task_command', u'tm_start_time', u'tm_start_injection', u'tm_end_injection', u'tm_task_failure', u'tm_job_sw', u'tm_job_arch', u'tm_input_dataset', u'tm_nonvalid_input_dataset', u'tm_use_parent', u'tm_site_whitelist', u'tm_site_blacklist', u'tm_split_algo', u'tm_split_args', u'tm_user_sandbox', u'tm_cache_url', u'tm_username', u'tm_user_dn', u'tm_user_vo', u'tm_user_role', u'tm_user_group', u'tm_publish_name', u'tm_publish_groupname', u'tm_asyncdest', u'tm_dbs_url', u'tm_publish_dbs_url', u'tm_publication', u'tm_outfiles', u'tm_tfile_outfiles', u'tm_edm_outfiles', u'tm_job_type', u'tm_generator', u'tm_events_per_lumi', u'tm_arguments', u'panda_resubmitted_jobs', u'tm_save_logs', u'tw_name', u'tm_user_infiles', u'tm_maxjobruntime', u'tm_numcores', u'tm_maxmemory', u'tm_priority', u'tm_output_dataset', u'tm_task_warnings', u'tm_user_webdir', u'tm_scriptexe', u'tm_scriptargs', u'tm_extrajdl', u'tm_asourl', u'tm_collector', u'tm_schedd', u'tm_dry_run', u'tm_user_files', u'tm_transfer_outputs', u'tm_output_lfn', u'tm_ignore_locality', u'tm_fail_limit', u'tm_one_event_mode', u'tm_secondary_input_dataset', u'tm_primary_dataset', u'tm_last_publication', u'tm_debug_files', u'clusterid', u'tm_asodb', u'tm_ignore_global_blacklist', u'tm_submitter_ip_addr', u'tm_totalunits', u'tm_ddm_reqid']}}
INFO 2021-11-24 04:49:19.401 UTC: 	 CRAB project directory:		/afs/cern.ch/work/y/yian/work/GZ/CMSSW_10_6_20/src/PhysicsTools/NanoAODTools/WWG/2017/crab/crab2017/crab_WZ_TuneCP5_13TeV-pythia8_2017
INFO 2021-11-24 04:49:19.401 UTC: 	 Task name:			211123_162231:yian_crab_WZ_TuneCP5_13TeV-pythia8_2017
INFO 2021-11-24 04:49:19.401 UTC: 	 Grid scheduler - Task Worker:	crab3@vocms0119.cern.ch - crab-prod-tw01
INFO 2021-11-24 04:49:19.402 UTC: 	 Status on the CRAB server:	SUBMITTED
INFO 2021-11-24 04:49:19.402 UTC: 	 Task URL to use for HELP:	https://cmsweb.cern.ch/crabserver/ui/task/211123_162231%3Ayian_crab_WZ_TuneCP5_13TeV-pythia8_2017
INFO 2021-11-24 04:49:19.405 UTC: 	 Dashboard monitoring URL:	https://monit-grafana.cern.ch/d/cmsTMDetail/cms-task-monitoring-task-view?orgId=11&var-user=yian&var-task=211123_162231%3Ayian_crab_WZ_TuneCP5_13TeV-pythia8_2017&from=1637680951000&to=now
DEBUG 2021-11-24 04:49:19.405 UTC: 	 The CRAB server submitted your task to the Grid scheduler (cluster ID: 74090038)
DEBUG 2021-11-24 04:49:19.405 UTC: 	 Webdir is located at http://vocms0119.cern.ch/mon/cms1407/211123_162231:yian_crab_WZ_TuneCP5_13TeV-pythia8_2017
DEBUG 2021-11-24 04:49:19.527 UTC: 	 Proxied webdir is located at https://cmsweb.cern.ch:8443/scheddmon/0119/cms1407/211123_162231:yian_crab_WZ_TuneCP5_13TeV-pythia8_2017
DEBUG 2021-11-24 04:49:19.527 UTC: 	 Retrieving 'status_cache' file from https://cmsweb.cern.ch:8443/scheddmon/0119/cms1407/211123_162231:yian_crab_WZ_TuneCP5_13TeV-pythia8_2017/status_cache
DEBUG 2021-11-24 04:49:19.604 UTC: 	 Got information from status cache file: {'11': {'Retries': 0, 'WallDurations': [8.0, 194.80296206474304, 10418.0, 0, 173.14143991470337], 'StartTimes': [1637701914.0, 1637712780.0], 'SubmitTimes': [1637684626.0, -1], 'JobIds': ['74090085.0', '74090085.0'], 'EndTimes': [1637712332.0], 'Restarts': 1, 'RecordedSite': True, 'State': 'running', 'ResidentSetSize': [1445604, 0], 'TotalUserCpuTimeHistory': [1975.0, 0.0], 'SiteHistory': ['Unknown', 'T2_US_MIT', 'T2_US_MIT', 'Unknown', 'T2_US_MIT'], 'TotalSysCpuTimeHistory': [149.0, 0.0]}, '10': {'Retries': 0, 'WallDurations': [9.0, 194.80296206474304, 23461.0], 'StartTimes': [1637701914.0], 'SubmitTimes': [1637684626.0], 'JobIds': ['74090084.0'], 'EndTimes': [], 'Restarts': 0, 'RecordedSite': True, 'State': 'running', 'ResidentSetSize': [1441440], 'TotalUserCpuTimeHistory': [1287.0], 'SiteHistory': ['Unknown', 'T2_US_MIT', 'T2_US_MIT'], 'TotalSysCpuTimeHistory': [33.0]}, '13': {'Retries': 0, 'WallDurations': [8.0, 160.80296206474304, 4364.0], 'StartTimes': [1637701948.0], 'SubmitTimes': [1637684632.0], 'JobIds': ['74090105.0'], 'EndTimes': [1637706312.0], 'Restarts': 0, 'RecordedSite': True, 'State': 'finished', 'ResidentSetSize': [1341008], 'TotalUserCpuTimeHistory': [3457], 'SiteHistory': ['Unknown', 'T2_US_UCSD', 'T2_US_UCSD'], 'TotalSysCpuTimeHistory': [160]}, '12': {'Retries': 0, 'WallDurations': [9.0, 183.80296206474304, 5371.0], 'StartTimes': [1637701925.0], 'SubmitTimes': [1637684632.0], 'JobIds': ['74090101.0'], 'EndTimes': [1637707296.0], 'Restarts': 0, 'RecordedSite': True, 'State': 'finished', 'ResidentSetSize': [1540744], 'TotalUserCpuTimeHistory': [1526], 'SiteHistory': ['Unknown', 'T2_US_Caltech', 'T2_US_Caltech'], 'TotalSysCpuTimeHistory': [46]}, '15': {'Retries': 0, 'WallDurations': [10.0, 117.80296206474304, 20342.0], 'StartTimes': [1637701991.0], 'SubmitTimes': [1637684632.0], 'JobIds': ['74090107.0'], 'EndTimes': [1637722333.0], 'Restarts': 0, 'RecordedSite': True, 'State': 'finished', 'ResidentSetSize': [1459172], 'TotalUserCpuTimeHistory': [3865], 'SiteHistory': ['Unknown', 'T2_US_UCSD', 'T2_US_UCSD'], 'TotalSysCpuTimeHistory': [253]}, '14': {'Retries': 0, 'WallDurations': [9.0, 197.80296206474304, 4743.0], 'StartTimes': [1637701911.0], 'SubmitTimes': [1637684632.0], 'JobIds': ['74090103.0'], 'EndTimes': [1637706654.0], 'Restarts': 0, 'RecordedSite': True, 'State': 'finished', 'ResidentSetSize': [1366136], 'TotalUserCpuTimeHistory': [1730], 'SiteHistory': ['Unknown', 'T2_US_MIT', 'T2_US_MIT'], 'TotalSysCpuTimeHistory': [39]}, '17': {'Retries': 0, 'WallDurations': [9.0, 191.80296206474304, 1290.0], 'StartTimes': [1637701917.0], 'SubmitTimes': [1637684632.0], 'JobIds': ['74090111.0'], 'EndTimes': [1637703207.0], 'Restarts': 0, 'RecordedSite': True, 'State': 'finished', 'ResidentSetSize': [1382104], 'TotalUserCpuTimeHistory': [1217], 'SiteHistory': ['Unknown', 'T2_US_MIT', 'T2_US_MIT'], 'TotalSysCpuTimeHistory': [27]}, '16': {'Retries': 0, 'WallDurations': [8.0, 178.80296206474304, 1227.0], 'StartTimes': [1637701930.0], 'SubmitTimes': [1637684632.0], 'JobIds': ['74090109.0'], 'EndTimes': [1637703157.0], 'Restarts': 0, 'RecordedSite': True, 'State': 'finished', 'ResidentSetSize': [1378604], 'TotalUserCpuTimeHistory': [1163], 'SiteHistory': ['Unknown', 'T2_US_MIT', 'T2_US_MIT'], 'TotalSysCpuTimeHistory': [12]}, '19': {'Retries': 0, 'WallDurations': [8.0, 192.80296206474304, 2700.0], 'StartTimes': [1637701916.0], 'SubmitTimes': [1637684632.0], 'JobIds': ['74090115.0'], 'EndTimes': [1637704616.0], 'Restarts': 0, 'RecordedSite': True, 'State': 'finished', 'ResidentSetSize': [1360352], 'TotalUserCpuTimeHistory': [1041], 'SiteHistory': ['Unknown', 'T2_US_MIT', 'T2_US_MIT'], 'TotalSysCpuTimeHistory': [14]}, '18': {'Retries': 0, 'WallDurations': [9.0, 195.80296206474304, 10418.0, 0, 6157.0], 'StartTimes': [1637701913.0, 1637712468.0], 'SubmitTimes': [1637684632.0, -1], 'JobIds': ['74090113.0', '74090113.0'], 'EndTimes': [1637712331.0, 1637718625.0], 'Restarts': 1, 'RecordedSite': True, 'State': 'finished', 'ResidentSetSize': [1399860, 0], 'TotalUserCpuTimeHistory': [2335.0, 5742], 'SiteHistory': ['Unknown', 'T2_US_MIT', 'T2_US_MIT', 'Unknown', 'T2_US_MIT'], 'TotalSysCpuTimeHistory': [199.0, 315]}, '1': {'Retries': 0, 'WallDurations': [8.0, 261.35033988952637, 3528.0], 'StartTimes': [1637711486.0], 'SubmitTimes': [1637684625.0], 'JobIds': ['74090076.0'], 'EndTimes': [1637715014.0], 'Restarts': 0, 'RecordedSite': True, 'State': 'finished', 'ResidentSetSize': [1384180], 'TotalUserCpuTimeHistory': [1643], 'SiteHistory': ['Unknown', 'T2_US_MIT', 'T2_US_MIT'], 'TotalSysCpuTimeHistory': [67]}, '3': {'Retries': 0, 'WallDurations': [10.0, 259.35033988952637, 7575.0], 'StartTimes': [1637711488.0], 'SubmitTimes': [1637684625.0], 'JobIds': ['74090078.0'], 'EndTimes': [1637719063.0], 'Restarts': 0, 'RecordedSite': True, 'State': 'finished', 'ResidentSetSize': [1404764], 'TotalUserCpuTimeHistory': [2738], 'SiteHistory': ['Unknown', 'T2_US_MIT', 'T2_US_MIT'], 'TotalSysCpuTimeHistory': [83]}, '2': {'Retries': 0, 'WallDurations': [8.0, 253.35033988952637, 1927.0], 'StartTimes': [1637711494.0], 'SubmitTimes': [1637684625.0], 'JobIds': ['74090077.0'], 'EndTimes': [1637713421.0], 'Restarts': 0, 'RecordedSite': True, 'State': 'finished', 'ResidentSetSize': [1384324], 'TotalUserCpuTimeHistory': [1249], 'SiteHistory': ['Unknown', 'T2_US_MIT', 'T2_US_MIT'], 'TotalSysCpuTimeHistory': [33]}, '5': {'Retries': 0, 'WallDurations': [8.0, 263.35033988952637, 1397.0], 'StartTimes': [1637711484.0], 'SubmitTimes': [1637684625.0], 'JobIds': ['74090080.0'], 'EndTimes': [1637712881.0], 'Restarts': 0, 'RecordedSite': True, 'State': 'finished', 'ResidentSetSize': [1367828], 'TotalUserCpuTimeHistory': [990], 'SiteHistory': ['Unknown', 'T2_US_MIT', 'T2_US_MIT'], 'TotalSysCpuTimeHistory': [8]}, '4': {'Retries': 0, 'WallDurations': [9.0, 256.35033988952637, 869.0], 'StartTimes': [1637711491.0], 'SubmitTimes': [1637684625.0], 'JobIds': ['74090079.0'], 'EndTimes': [1637712360.0], 'Restarts': 0, 'RecordedSite': True, 'State': 'finished', 'ResidentSetSize': [1079636], 'TotalUserCpuTimeHistory': [816], 'SiteHistory': ['Unknown', 'T2_US_MIT', 'T2_US_MIT'], 'TotalSysCpuTimeHistory': [11]}, '7': {'Retries': 0, 'WallDurations': [9.0, 195.80296206474304, 10424.0, 0, 3612.0], 'StartTimes': [1637701913.0, 1637712371.0], 'SubmitTimes': [1637684626.0, -1], 'JobIds': ['74090082.0', '74090082.0'], 'EndTimes': [1637712337.0], 'Restarts': 1, 'RecordedSite': True, 'State': 'running', 'ResidentSetSize': [1523748, 1750000], 'TotalUserCpuTimeHistory': [969.0, 938.0], 'SiteHistory': ['Unknown', 'T2_US_MIT', 'T2_US_MIT', 'Unknown', 'T2_US_MIT'], 'TotalSysCpuTimeHistory': [15.0, 23.0]}, '6': {'Retries': 0, 'WallDurations': [8.0, 195.80296206474304, 3216.0, 1105.0], 'StartTimes': [1637701913.0, 1637705153.0], 'SubmitTimes': [1637684625.0, -1], 'JobIds': ['74090081.0', '74090081.0'], 'EndTimes': [1637705129.0, 1637706258.0], 'Restarts': 1, 'RecordedSite': True, 'State': 'finished', 'ResidentSetSize': [934100, 1388136], 'TotalUserCpuTimeHistory': [558.0, 1381], 'SiteHistory': ['Unknown', 'T2_US_MIT', 'T2_US_MIT', 'T2_US_MIT'], 'TotalSysCpuTimeHistory': [4.0, 11]}, '9': {'Retries': 0, 'WallDurations': [9.0, 196.80296206474304, 10424.0, 0, 15849.0], 'StartTimes': [1637701912.0, 1637712630.0], 'SubmitTimes': [1637684626.0, -1], 'JobIds': ['74090086.0', '74090086.0'], 'EndTimes': [1637712336.0, 1637728479.0], 'Restarts': 1, 'RecordedSite': True, 'State': 'transferring', 'ResidentSetSize': [1372340, 0], 'TotalUserCpuTimeHistory': [1048.0, 3089], 'SiteHistory': ['Unknown', 'T2_US_MIT', 'T2_US_MIT', 'Unknown', 'T2_US_MIT'], 'TotalSysCpuTimeHistory': [11.0, 91]}, '20': {'Retries': 0, 'WallDurations': [8.0, 184.80296206474304, 1363.0], 'StartTimes': [1637701924.0], 'SubmitTimes': [1637684632.0], 'JobIds': ['74090117.0'], 'EndTimes': [1637703287.0], 'Restarts': 0, 'RecordedSite': True, 'State': 'finished', 'ResidentSetSize': [1372172], 'TotalUserCpuTimeHistory': [1037], 'SiteHistory': ['Unknown', 'T2_US_MIT', 'T2_US_MIT'], 'TotalSysCpuTimeHistory': [8]}, '8': {'Retries': 0, 'WallDurations': [8.0, 195.80296206474304, 10415.0, 0, 158.09940910339355], 'StartTimes': [1637701913.0, 1637712493.0], 'SubmitTimes': [1637684626.0, -1], 'JobIds': ['74090083.0', '74090083.0'], 'EndTimes': [1637712328.0], 'Restarts': 1, 'RecordedSite': True, 'State': 'running', 'ResidentSetSize': [1400856, 0], 'TotalUserCpuTimeHistory': [1087.0, 0.0], 'SiteHistory': ['Unknown', 'T2_US_MIT', 'T2_US_MIT', 'Unknown', 'T2_US_UCSD'], 'TotalSysCpuTimeHistory': [12.0, 0.0]}}
INFO 2021-11-24 04:49:19.604 UTC: 	 Status on the scheduler:	SUBMITTED
INFO 2021-11-24 04:49:19.604 UTC: 	 
Jobs status:                    finished     		 75.0% (15/20)
INFO 2021-11-24 04:49:19.605 UTC: 	 				running      		 20.0% ( 4/20)
INFO 2021-11-24 04:49:19.605 UTC: 	 				transferring 		  5.0% ( 1/20)
INFO 2021-11-24 04:49:19.605 UTC: 	 
No publication information (publication has been disabled in the CRAB configuration file)
INFO 2021-11-24 04:49:19.605 UTC: 	 
Warning: the max jobs runtime is less than 30% of the task requested value (1250 min), please consider to request a lower value for failed jobs (allowed through crab resubmit) and/or improve the jobs splitting (e.g. config.Data.splitting = 'Automatic') in a new task.
INFO 2021-11-24 04:49:19.606 UTC: 	 
Warning: the average jobs CPU efficiency is less than 50%, please consider to improve the jobs splitting (e.g. config.Data.splitting = 'Automatic') in a new task
INFO 2021-11-24 04:49:19.606 UTC: 	 
Summary of run jobs:
 * Memory: 0MB min, 1504MB max, 1172MB ave
 * Runtime: 0:02:38 min, 5:39:02 max, 1:23:07 ave
 * CPU eff: 20% min, 126% max, 42% ave
 * Waste: 7:38:06 (26% of total)

INFO 2021-11-24 04:49:19.637 UTC: 	 Log file is /afs/cern.ch/work/y/yian/work/GZ/CMSSW_10_6_20/src/PhysicsTools/NanoAODTools/WWG/2017/crab/crab2017/crab_WZ_TuneCP5_13TeV-pythia8_2017/crab.log
DEBUG 2021-11-24 13:26:05.563 UTC: 	 CRAB Client version: v3.210825
DEBUG 2021-11-24 13:26:05.563 UTC: 	 Running on: Linux lxplus772.cern.ch 3.10.0-1160.45.1.el7.x86_64 #1 SMP Wed Oct 13 17:20:51 UTC 2021 x86_64 x86_64 x86_64 GNU/Linux - CentOS Linux 7 (Core)
DEBUG 2021-11-24 13:26:05.563 UTC: 	 Executing command: 'status'
DEBUG 2021-11-24 13:26:05.564 UTC: 	 Found CRAB cache file /afs/cern.ch/user/y/yian/.crab3
DEBUG 2021-11-24 13:26:05.710 UTC: 	 Checking credentials
DEBUG 2021-11-24 13:26:05.711 UTC: 	 Found proxy file /tmp/x509up_u110046
DEBUG 2021-11-24 13:26:05.711 UTC: 	 Getting proxy life time left
DEBUG 2021-11-24 13:26:06.544 UTC: 	 Executing : 
 command : voms-proxy-info -file /tmp/x509up_u110046 -timeleft
 output : 527637

 error: 
 retcode : 0
DEBUG 2021-11-24 13:26:07.357 UTC: 	 Executing : 
 command : voms-proxy-info -file /tmp/x509up_u110046 -actimeleft
 output : 527636

 error: 
 retcode : 0
DEBUG 2021-11-24 13:26:07.357 UTC: 	 Proxy lifetime 527637 secs is different from voms extension lifetime 527636 secs for proxy: /tmp/x509up_u110046
DEBUG 2021-11-24 13:26:07.357 UTC: 	 Proxy valid for 146:33:56 hours
DEBUG 2021-11-24 13:26:07.461 UTC: 	 Registering user credentials for server /DC=ch/DC=cern/OU=computers/CN=crab-(preprod|prod|dev)-tw(02|01).cern.ch|/DC=ch/DC=cern/OU=computers/CN=stefanov(m|m2).cern.ch|/DC=ch/DC=cern/OU=computers/CN=dciangot-tw.cern.ch
DEBUG 2021-11-24 13:26:08.278 UTC: 	 Executing : 
 command : voms-proxy-info -file /tmp/x509up_u110046 -identity
 output : /DC=ch/DC=cern/OU=Organic Units/OU=Users/CN=yian/CN=826694/CN=Ying An

 error: 
 retcode : 0
DEBUG 2021-11-24 13:26:08.286 UTC: 	 Getting myproxy life time left for myproxy.cern.ch
DEBUG 2021-11-24 13:26:08.286 UTC: 	 using b52ac606a6f7097e9b4b8f05a3a67cc69f8f291b as credential login name
DEBUG 2021-11-24 13:26:08.699 UTC: 	 Executing : 
 command : myproxy-info -l b52ac606a6f7097e9b4b8f05a3a67cc69f8f291b -s myproxy.cern.ch
 output : username: b52ac606a6f7097e9b4b8f05a3a67cc69f8f291b
owner: /DC=ch/DC=cern/OU=Organic Units/OU=Users/CN=yian/CN=826694/CN=Ying An
  renewal policy: /DC=ch/DC=cern/OU=computers/CN=crab-(preprod|prod|dev)-tw(02|01).cern.ch|/DC=ch/DC=cern/OU=computers/CN=stefanov(m|m2).cern.ch|/DC=ch/DC=cern/OU=computers/CN=dciangot-tw.cern.ch
  trusted retrieval policy: /DC=ch/DC=cern/OU=computers/CN=crab-(preprod|prod|dev)-tw(02|01).cern.ch|/DC=ch/DC=cern/OU=computers/CN=stefanov(m|m2).cern.ch|/DC=ch/DC=cern/OU=computers/CN=dciangot-tw.cern.ch
  timeleft: 691:30:30  (28.8 days)

 error: 
 retcode : 0
DEBUG 2021-11-24 13:26:08.700 UTC: 	 Myproxy is valid: 2489430
DEBUG 2021-11-24 13:26:08.700 UTC: 	 Retrieving username ...
DEBUG 2021-11-24 13:26:08.700 UTC: 	 Retrieving username from CRIC...
DEBUG 2021-11-24 13:26:09.477 UTC: 	 username is yian
DEBUG 2021-11-24 13:26:09.485 UTC: 	 Getting myproxy life time left for myproxy.cern.ch
DEBUG 2021-11-24 13:26:09.485 UTC: 	 using yian_CRAB as credential login name
DEBUG 2021-11-24 13:26:09.893 UTC: 	 Executing : 
 command : myproxy-info -l yian_CRAB -s myproxy.cern.ch
 output : username: yian_CRAB
owner: /DC=ch/DC=cern/OU=Organic Units/OU=Users/CN=yian/CN=826694/CN=Ying An
  renewal policy: /DC=ch/DC=cern/OU=computers/CN=crab-(preprod|prod|dev)-tw(02|01).cern.ch|/DC=ch/DC=cern/OU=computers/CN=stefanov(m|m2).cern.ch|/DC=ch/DC=cern/OU=computers/CN=dciangot-tw.cern.ch
  trusted retrieval policy: /DC=ch/DC=cern/OU=computers/CN=crab-(preprod|prod|dev)-tw(02|01).cern.ch|/DC=ch/DC=cern/OU=computers/CN=stefanov(m|m2).cern.ch|/DC=ch/DC=cern/OU=computers/CN=dciangot-tw.cern.ch
  timeleft: 691:29:22  (28.8 days)

 error: 
 retcode : 0
DEBUG 2021-11-24 13:26:09.893 UTC: 	 Myproxy is valid: 2489362
DEBUG 2021-11-24 13:26:09.894 UTC: 	 Result of myproxy credential check:
  Credential exists on myproxy: username: b52ac606a6f7097e9b4b8f05a3a67cc69f8f291b  - validity: 28 days, 19:30:30
  Credential exists on myproxy: username: yian_CRAB  - validity: 28 days, 19:29:22
DEBUG 2021-11-24 13:26:09.895 UTC: 	 Command use: status
DEBUG 2021-11-24 13:26:09.895 UTC: 	 Options use: ['-d', 'crab2017/crab_WZ_TuneCP5_13TeV-pythia8_2017']
DEBUG 2021-11-24 13:26:09.976 UTC: 	 CRABClient version: v3.210825
DEBUG 2021-11-24 13:26:09.976 UTC: 	 Instance is prod
DEBUG 2021-11-24 13:26:09.976 UTC: 	 Server base url is cmsweb.cern.ch
DEBUG 2021-11-24 13:26:09.976 UTC: 	 Command api workflow
DEBUG 2021-11-24 13:26:10.067 UTC: 	 Got information from server oracle database: {u'result': [u'211123_162231:yian_crab_WZ_TuneCP5_13TeV-pythia8_2017', u'None', u'None', u'SUBMITTED', u'SUBMIT', u'2021-11-23 16:22:31.533816', u'None', u'2021-11-23 16:23:36.990490', u'None', u'CMSSW_10_6_20', u'slc7_amd64_gcc820', u'/WZ_TuneCP5_13TeV-pythia8/RunIISummer20UL17NanoAODv9-106X_mc2017_realistic_v9-v1/NANOAODSIM', u'T', u'0', u"[u'T2_US_UCSD', u'T2_US_Wisconsin', u'T2_US_MIT', u'T2_US_Caltech', u'T2_US_Purdue', u'T2_US_Nebraska']", u'[]', u'FileBased', u"{'splitOnRun': False, 'halt_job_on_file_boundaries': False, 'files_per_job': 1, 'runs': [], 'lumis': []}", u'39bc3010d7ba2374684857ed42fc86481bae0161e7f8c7d93f5c25e342929c09.tar.gz', u'https://cmsweb.cern.ch/S3/crabcache_prod', u'yian', u'/DC=ch/DC=cern/OU=Organic Units/OU=Users/CN=yian/CN=826694/CN=Ying An', u'cms', u'None', u'None', u'WZ_TuneCP5_13TeV-pythia8_2017-00000000000000000000000000000000', u'F', u'T2_CH_CERN', u'https://cmsweb.cern.ch/dbs/prod/global/DBSReader', u'https://cmsweb.cern.ch/dbs/prod/phys03/DBSWriter', u'F', u'[]', u'[]', u"[b'tree.root']", u'Analysis', u'pythia', u'None', u'{}', u'[]', u'F', u'crab-prod-tw01', u'[]', u'1250', u'1', u'2000', u'10', u"['/WZ_TuneCP5_13TeV-pythia8/yian-WZ_TuneCP5_13TeV-pythia8_2017-76de701442013e6ff941c86cd482e64d/USER']", u'[]', u'http://vocms0119.cern.ch/mon/cms1407/211123_162231:yian_crab_WZ_TuneCP5_13TeV-pythia8_2017', u'WWG_crab_script.sh', u"[b'isdata=MC', b'year=2017', b'era=B']", u'[]', u'https://cmsweb.cern.ch/crabserver/prod', u'cmsgwms-collector-global.cern.ch:9620,cmsgwms-collector-global.fnal.gov:9620', u'crab3@vocms0119.cern.ch', u'F', u'[]', u'T', u'/store/user/yian/', u'T', u'None', u'F', u'None', u'WZ_TuneCP5_13TeV-pythia8', u'None', u'96e09a61fa744afb3c9e326b1a2d5a18f2accb174c73e5704f0b9ddbc9bc8706.tar.gz', u'74090038', u'filetransfers', u'F', u'188.184.97.219', u'0.0', u'None'], u'desc': {u'columns': [u'tm_taskname', u'tm_activity', u'panda_jobset_id', u'tm_task_status', u'tm_task_command', u'tm_start_time', u'tm_start_injection', u'tm_end_injection', u'tm_task_failure', u'tm_job_sw', u'tm_job_arch', u'tm_input_dataset', u'tm_nonvalid_input_dataset', u'tm_use_parent', u'tm_site_whitelist', u'tm_site_blacklist', u'tm_split_algo', u'tm_split_args', u'tm_user_sandbox', u'tm_cache_url', u'tm_username', u'tm_user_dn', u'tm_user_vo', u'tm_user_role', u'tm_user_group', u'tm_publish_name', u'tm_publish_groupname', u'tm_asyncdest', u'tm_dbs_url', u'tm_publish_dbs_url', u'tm_publication', u'tm_outfiles', u'tm_tfile_outfiles', u'tm_edm_outfiles', u'tm_job_type', u'tm_generator', u'tm_events_per_lumi', u'tm_arguments', u'panda_resubmitted_jobs', u'tm_save_logs', u'tw_name', u'tm_user_infiles', u'tm_maxjobruntime', u'tm_numcores', u'tm_maxmemory', u'tm_priority', u'tm_output_dataset', u'tm_task_warnings', u'tm_user_webdir', u'tm_scriptexe', u'tm_scriptargs', u'tm_extrajdl', u'tm_asourl', u'tm_collector', u'tm_schedd', u'tm_dry_run', u'tm_user_files', u'tm_transfer_outputs', u'tm_output_lfn', u'tm_ignore_locality', u'tm_fail_limit', u'tm_one_event_mode', u'tm_secondary_input_dataset', u'tm_primary_dataset', u'tm_last_publication', u'tm_debug_files', u'clusterid', u'tm_asodb', u'tm_ignore_global_blacklist', u'tm_submitter_ip_addr', u'tm_totalunits', u'tm_ddm_reqid']}}
INFO 2021-11-24 13:26:10.068 UTC: 	 CRAB project directory:		/afs/cern.ch/work/y/yian/work/GZ/CMSSW_10_6_20/src/PhysicsTools/NanoAODTools/WWG/2017/crab/crab2017/crab_WZ_TuneCP5_13TeV-pythia8_2017
INFO 2021-11-24 13:26:10.068 UTC: 	 Task name:			211123_162231:yian_crab_WZ_TuneCP5_13TeV-pythia8_2017
INFO 2021-11-24 13:26:10.068 UTC: 	 Grid scheduler - Task Worker:	crab3@vocms0119.cern.ch - crab-prod-tw01
INFO 2021-11-24 13:26:10.068 UTC: 	 Status on the CRAB server:	SUBMITTED
INFO 2021-11-24 13:26:10.069 UTC: 	 Task URL to use for HELP:	https://cmsweb.cern.ch/crabserver/ui/task/211123_162231%3Ayian_crab_WZ_TuneCP5_13TeV-pythia8_2017
INFO 2021-11-24 13:26:10.074 UTC: 	 Dashboard monitoring URL:	https://monit-grafana.cern.ch/d/cmsTMDetail/cms-task-monitoring-task-view?orgId=11&var-user=yian&var-task=211123_162231%3Ayian_crab_WZ_TuneCP5_13TeV-pythia8_2017&from=1637680951000&to=now
DEBUG 2021-11-24 13:26:10.074 UTC: 	 The CRAB server submitted your task to the Grid scheduler (cluster ID: 74090038)
DEBUG 2021-11-24 13:26:10.074 UTC: 	 Webdir is located at http://vocms0119.cern.ch/mon/cms1407/211123_162231:yian_crab_WZ_TuneCP5_13TeV-pythia8_2017
DEBUG 2021-11-24 13:26:10.402 UTC: 	 Proxied webdir is located at https://cmsweb.cern.ch:8443/scheddmon/0119/cms1407/211123_162231:yian_crab_WZ_TuneCP5_13TeV-pythia8_2017
DEBUG 2021-11-24 13:26:10.403 UTC: 	 Retrieving 'status_cache' file from https://cmsweb.cern.ch:8443/scheddmon/0119/cms1407/211123_162231:yian_crab_WZ_TuneCP5_13TeV-pythia8_2017/status_cache
DEBUG 2021-11-24 13:26:10.450 UTC: 	 Got information from status cache file: {'11': {'Retries': 0, 'WallDurations': [8.0, 194.80296206474304, 10418.0, 0, 18341.0], 'StartTimes': [1637701914.0, 1637712780.0], 'SubmitTimes': [1637684626.0, -1], 'JobIds': ['74090085.0', '74090085.0'], 'EndTimes': [1637712332.0, 1637731121.0], 'Restarts': 1, 'RecordedSite': True, 'State': 'finished', 'ResidentSetSize': [1445604, 1500000], 'TotalUserCpuTimeHistory': [1975.0, 11769], 'SiteHistory': ['Unknown', 'T2_US_MIT', 'T2_US_MIT', 'Unknown', 'T2_US_MIT'], 'TotalSysCpuTimeHistory': [149.0, 775]}, '10': {'Retries': 0, 'WallDurations': [9.0, 194.80296206474304, 46415.0, 0, 3615.0], 'StartTimes': [1637701914.0, 1637749943.0], 'SubmitTimes': [1637684626.0, -1], 'JobIds': ['74090084.0', '74090084.0'], 'EndTimes': [1637748329.0], 'Restarts': 1, 'RecordedSite': True, 'State': 'running', 'ResidentSetSize': [1441440, 1532272], 'TotalUserCpuTimeHistory': [3876.0, 1151.0], 'SiteHistory': ['Unknown', 'T2_US_MIT', 'T2_US_MIT', 'Unknown', 'T2_US_Purdue'], 'TotalSysCpuTimeHistory': [195.0, 54.0]}, '13': {'Retries': 0, 'WallDurations': [8.0, 160.80296206474304, 4364.0], 'StartTimes': [1637701948.0], 'SubmitTimes': [1637684632.0], 'JobIds': ['74090105.0'], 'EndTimes': [1637706312.0], 'Restarts': 0, 'RecordedSite': True, 'State': 'finished', 'ResidentSetSize': [1341008], 'TotalUserCpuTimeHistory': [3457], 'SiteHistory': ['Unknown', 'T2_US_UCSD', 'T2_US_UCSD'], 'TotalSysCpuTimeHistory': [160]}, '12': {'Retries': 0, 'WallDurations': [9.0, 183.80296206474304, 5371.0], 'StartTimes': [1637701925.0], 'SubmitTimes': [1637684632.0], 'JobIds': ['74090101.0'], 'EndTimes': [1637707296.0], 'Restarts': 0, 'RecordedSite': True, 'State': 'finished', 'ResidentSetSize': [1540744], 'TotalUserCpuTimeHistory': [1526], 'SiteHistory': ['Unknown', 'T2_US_Caltech', 'T2_US_Caltech'], 'TotalSysCpuTimeHistory': [46]}, '15': {'Retries': 0, 'WallDurations': [10.0, 117.80296206474304, 20342.0], 'StartTimes': [1637701991.0], 'SubmitTimes': [1637684632.0], 'JobIds': ['74090107.0'], 'EndTimes': [1637722333.0], 'Restarts': 0, 'RecordedSite': True, 'State': 'finished', 'ResidentSetSize': [1459172], 'TotalUserCpuTimeHistory': [3865], 'SiteHistory': ['Unknown', 'T2_US_UCSD', 'T2_US_UCSD'], 'TotalSysCpuTimeHistory': [253]}, '14': {'Retries': 0, 'WallDurations': [9.0, 197.80296206474304, 4743.0], 'StartTimes': [1637701911.0], 'SubmitTimes': [1637684632.0], 'JobIds': ['74090103.0'], 'EndTimes': [1637706654.0], 'Restarts': 0, 'RecordedSite': True, 'State': 'finished', 'ResidentSetSize': [1366136], 'TotalUserCpuTimeHistory': [1730], 'SiteHistory': ['Unknown', 'T2_US_MIT', 'T2_US_MIT'], 'TotalSysCpuTimeHistory': [39]}, '17': {'Retries': 0, 'WallDurations': [9.0, 191.80296206474304, 1290.0], 'StartTimes': [1637701917.0], 'SubmitTimes': [1637684632.0], 'JobIds': ['74090111.0'], 'EndTimes': [1637703207.0], 'Restarts': 0, 'RecordedSite': True, 'State': 'finished', 'ResidentSetSize': [1382104], 'TotalUserCpuTimeHistory': [1217], 'SiteHistory': ['Unknown', 'T2_US_MIT', 'T2_US_MIT'], 'TotalSysCpuTimeHistory': [27]}, '16': {'Retries': 0, 'WallDurations': [8.0, 178.80296206474304, 1227.0], 'StartTimes': [1637701930.0], 'SubmitTimes': [1637684632.0], 'JobIds': ['74090109.0'], 'EndTimes': [1637703157.0], 'Restarts': 0, 'RecordedSite': True, 'State': 'finished', 'ResidentSetSize': [1378604], 'TotalUserCpuTimeHistory': [1163], 'SiteHistory': ['Unknown', 'T2_US_MIT', 'T2_US_MIT'], 'TotalSysCpuTimeHistory': [12]}, '19': {'Retries': 0, 'WallDurations': [8.0, 192.80296206474304, 2700.0], 'StartTimes': [1637701916.0], 'SubmitTimes': [1637684632.0], 'JobIds': ['74090115.0'], 'EndTimes': [1637704616.0], 'Restarts': 0, 'RecordedSite': True, 'State': 'finished', 'ResidentSetSize': [1360352], 'TotalUserCpuTimeHistory': [1041], 'SiteHistory': ['Unknown', 'T2_US_MIT', 'T2_US_MIT'], 'TotalSysCpuTimeHistory': [14]}, '18': {'Retries': 0, 'WallDurations': [9.0, 195.80296206474304, 10418.0, 0, 6157.0], 'StartTimes': [1637701913.0, 1637712468.0], 'SubmitTimes': [1637684632.0, -1], 'JobIds': ['74090113.0', '74090113.0'], 'EndTimes': [1637712331.0, 1637718625.0], 'Restarts': 1, 'RecordedSite': True, 'State': 'finished', 'ResidentSetSize': [1399860, 0], 'TotalUserCpuTimeHistory': [2335.0, 5742], 'SiteHistory': ['Unknown', 'T2_US_MIT', 'T2_US_MIT', 'Unknown', 'T2_US_MIT'], 'TotalSysCpuTimeHistory': [199.0, 315]}, '1': {'Retries': 0, 'WallDurations': [8.0, 261.35033988952637, 3528.0], 'StartTimes': [1637711486.0], 'SubmitTimes': [1637684625.0], 'JobIds': ['74090076.0'], 'EndTimes': [1637715014.0], 'Restarts': 0, 'RecordedSite': True, 'State': 'finished', 'ResidentSetSize': [1384180], 'TotalUserCpuTimeHistory': [1643], 'SiteHistory': ['Unknown', 'T2_US_MIT', 'T2_US_MIT'], 'TotalSysCpuTimeHistory': [67]}, '3': {'Retries': 0, 'WallDurations': [10.0, 259.35033988952637, 7575.0], 'StartTimes': [1637711488.0], 'SubmitTimes': [1637684625.0], 'JobIds': ['74090078.0'], 'EndTimes': [1637719063.0], 'Restarts': 0, 'RecordedSite': True, 'State': 'finished', 'ResidentSetSize': [1404764], 'TotalUserCpuTimeHistory': [2738], 'SiteHistory': ['Unknown', 'T2_US_MIT', 'T2_US_MIT'], 'TotalSysCpuTimeHistory': [83]}, '2': {'Retries': 0, 'WallDurations': [8.0, 253.35033988952637, 1927.0], 'StartTimes': [1637711494.0], 'SubmitTimes': [1637684625.0], 'JobIds': ['74090077.0'], 'EndTimes': [1637713421.0], 'Restarts': 0, 'RecordedSite': True, 'State': 'finished', 'ResidentSetSize': [1384324], 'TotalUserCpuTimeHistory': [1249], 'SiteHistory': ['Unknown', 'T2_US_MIT', 'T2_US_MIT'], 'TotalSysCpuTimeHistory': [33]}, '5': {'Retries': 0, 'WallDurations': [8.0, 263.35033988952637, 1397.0], 'StartTimes': [1637711484.0], 'SubmitTimes': [1637684625.0], 'JobIds': ['74090080.0'], 'EndTimes': [1637712881.0], 'Restarts': 0, 'RecordedSite': True, 'State': 'finished', 'ResidentSetSize': [1367828], 'TotalUserCpuTimeHistory': [990], 'SiteHistory': ['Unknown', 'T2_US_MIT', 'T2_US_MIT'], 'TotalSysCpuTimeHistory': [8]}, '4': {'Retries': 0, 'WallDurations': [9.0, 256.35033988952637, 869.0], 'StartTimes': [1637711491.0], 'SubmitTimes': [1637684625.0], 'JobIds': ['74090079.0'], 'EndTimes': [1637712360.0], 'Restarts': 0, 'RecordedSite': True, 'State': 'finished', 'ResidentSetSize': [1079636], 'TotalUserCpuTimeHistory': [816], 'SiteHistory': ['Unknown', 'T2_US_MIT', 'T2_US_MIT'], 'TotalSysCpuTimeHistory': [11]}, '7': {'Retries': 0, 'WallDurations': [9.0, 195.80296206474304, 10424.0, 0, 3612.0], 'StartTimes': [1637701913.0, 1637712371.0], 'SubmitTimes': [1637684626.0, -1], 'JobIds': ['74090082.0', '74090082.0'], 'EndTimes': [1637712337.0], 'Restarts': 1, 'RecordedSite': True, 'State': 'running', 'ResidentSetSize': [1523748, 1750000], 'TotalUserCpuTimeHistory': [969.0, 938.0], 'SiteHistory': ['Unknown', 'T2_US_MIT', 'T2_US_MIT', 'Unknown', 'T2_US_MIT'], 'TotalSysCpuTimeHistory': [15.0, 23.0]}, '6': {'Retries': 0, 'WallDurations': [8.0, 195.80296206474304, 3216.0, 1105.0], 'StartTimes': [1637701913.0, 1637705153.0], 'SubmitTimes': [1637684625.0, -1], 'JobIds': ['74090081.0', '74090081.0'], 'EndTimes': [1637705129.0, 1637706258.0], 'Restarts': 1, 'RecordedSite': True, 'State': 'finished', 'ResidentSetSize': [934100, 1388136], 'TotalUserCpuTimeHistory': [558.0, 1381], 'SiteHistory': ['Unknown', 'T2_US_MIT', 'T2_US_MIT', 'T2_US_MIT'], 'TotalSysCpuTimeHistory': [4.0, 11]}, '9': {'Retries': 0, 'WallDurations': [9.0, 196.80296206474304, 10424.0, 0, 15849.0], 'StartTimes': [1637701912.0, 1637712630.0], 'SubmitTimes': [1637684626.0, -1], 'JobIds': ['74090086.0', '74090086.0'], 'EndTimes': [1637712336.0, 1637728479.0], 'Restarts': 1, 'RecordedSite': True, 'State': 'finished', 'ResidentSetSize': [1372340, 0], 'TotalUserCpuTimeHistory': [1048.0, 3089], 'SiteHistory': ['Unknown', 'T2_US_MIT', 'T2_US_MIT', 'Unknown', 'T2_US_MIT'], 'TotalSysCpuTimeHistory': [11.0, 91]}, '20': {'Retries': 0, 'WallDurations': [8.0, 184.80296206474304, 1363.0], 'StartTimes': [1637701924.0], 'SubmitTimes': [1637684632.0], 'JobIds': ['74090117.0'], 'EndTimes': [1637703287.0], 'Restarts': 0, 'RecordedSite': True, 'State': 'finished', 'ResidentSetSize': [1372172], 'TotalUserCpuTimeHistory': [1037], 'SiteHistory': ['Unknown', 'T2_US_MIT', 'T2_US_MIT'], 'TotalSysCpuTimeHistory': [8]}, '8': {'Retries': 0, 'WallDurations': [8.0, 195.80296206474304, 10415.0, 0, 158.09940910339355], 'StartTimes': [1637701913.0, 1637712493.0], 'SubmitTimes': [1637684626.0, -1], 'JobIds': ['74090083.0', '74090083.0'], 'EndTimes': [1637712328.0], 'Restarts': 1, 'RecordedSite': True, 'State': 'running', 'ResidentSetSize': [1400856, 0], 'TotalUserCpuTimeHistory': [1087.0, 0.0], 'SiteHistory': ['Unknown', 'T2_US_MIT', 'T2_US_MIT', 'Unknown', 'T2_US_UCSD'], 'TotalSysCpuTimeHistory': [12.0, 0.0]}}
INFO 2021-11-24 13:26:10.450 UTC: 	 Status on the scheduler:	SUBMITTED
INFO 2021-11-24 13:26:10.450 UTC: 	 
Jobs status:                    finished     		 85.0% (17/20)
INFO 2021-11-24 13:26:10.451 UTC: 	 				running      		 15.0% ( 3/20)
INFO 2021-11-24 13:26:10.451 UTC: 	 
No publication information (publication has been disabled in the CRAB configuration file)
INFO 2021-11-24 13:26:10.452 UTC: 	 
Warning: the max jobs runtime is less than 30% of the task requested value (1250 min), please consider to request a lower value for failed jobs (allowed through crab resubmit) and/or improve the jobs splitting (e.g. config.Data.splitting = 'Automatic') in a new task.
INFO 2021-11-24 13:26:10.452 UTC: 	 
Warning: the average jobs CPU efficiency is less than 50%, please consider to improve the jobs splitting (e.g. config.Data.splitting = 'Automatic') in a new task
INFO 2021-11-24 13:26:10.452 UTC: 	 
Summary of run jobs:
 * Memory: 0MB min, 1504MB max, 1190MB ave
 * Runtime: 0:02:38 min, 5:39:02 max, 1:36:13 ave
 * CPU eff: 20% min, 126% max, 47% ave
 * Waste: 10:35:07 (28% of total)

INFO 2021-11-24 13:26:10.509 UTC: 	 Log file is /afs/cern.ch/work/y/yian/work/GZ/CMSSW_10_6_20/src/PhysicsTools/NanoAODTools/WWG/2017/crab/crab2017/crab_WZ_TuneCP5_13TeV-pythia8_2017/crab.log
DEBUG 2021-11-25 03:23:03.791 UTC: 	 CRAB Client version: v3.210825
DEBUG 2021-11-25 03:23:03.792 UTC: 	 Running on: Linux lxplus7107.cern.ch 3.10.0-1160.45.1.el7.x86_64 #1 SMP Wed Oct 13 17:20:51 UTC 2021 x86_64 x86_64 x86_64 GNU/Linux - CentOS Linux 7 (Core)
DEBUG 2021-11-25 03:23:03.792 UTC: 	 Executing command: 'status'
DEBUG 2021-11-25 03:23:03.793 UTC: 	 Found CRAB cache file /afs/cern.ch/user/y/yian/.crab3
DEBUG 2021-11-25 03:23:03.881 UTC: 	 Checking credentials
DEBUG 2021-11-25 03:23:03.882 UTC: 	 Found proxy file /tmp/x509up_u110046
DEBUG 2021-11-25 03:23:03.882 UTC: 	 Getting proxy life time left
DEBUG 2021-11-25 03:23:04.486 UTC: 	 Executing : 
 command : voms-proxy-info -file /tmp/x509up_u110046 -timeleft
 output : 604709

 error: 
 retcode : 0
DEBUG 2021-11-25 03:23:05.093 UTC: 	 Executing : 
 command : voms-proxy-info -file /tmp/x509up_u110046 -actimeleft
 output : 604708

 error: 
 retcode : 0
DEBUG 2021-11-25 03:23:05.093 UTC: 	 Proxy lifetime 604709 secs is different from voms extension lifetime 604708 secs for proxy: /tmp/x509up_u110046
DEBUG 2021-11-25 03:23:05.093 UTC: 	 Proxy valid for 167:58:28 hours
DEBUG 2021-11-25 03:23:05.170 UTC: 	 Registering user credentials for server /DC=ch/DC=cern/OU=computers/CN=crab-(preprod|prod|dev)-tw(02|01).cern.ch|/DC=ch/DC=cern/OU=computers/CN=stefanov(m|m2).cern.ch|/DC=ch/DC=cern/OU=computers/CN=dciangot-tw.cern.ch
DEBUG 2021-11-25 03:23:05.782 UTC: 	 Executing : 
 command : voms-proxy-info -file /tmp/x509up_u110046 -identity
 output : /DC=ch/DC=cern/OU=Organic Units/OU=Users/CN=yian/CN=826694/CN=Ying An

 error: 
 retcode : 0
DEBUG 2021-11-25 03:23:05.788 UTC: 	 Getting myproxy life time left for myproxy.cern.ch
DEBUG 2021-11-25 03:23:05.789 UTC: 	 using b52ac606a6f7097e9b4b8f05a3a67cc69f8f291b as credential login name
DEBUG 2021-11-25 03:23:06.193 UTC: 	 Executing : 
 command : myproxy-info -l b52ac606a6f7097e9b4b8f05a3a67cc69f8f291b -s myproxy.cern.ch
 output : username: b52ac606a6f7097e9b4b8f05a3a67cc69f8f291b
owner: /DC=ch/DC=cern/OU=Organic Units/OU=Users/CN=yian/CN=826694/CN=Ying An
  renewal policy: /DC=ch/DC=cern/OU=computers/CN=crab-(preprod|prod|dev)-tw(02|01).cern.ch|/DC=ch/DC=cern/OU=computers/CN=stefanov(m|m2).cern.ch|/DC=ch/DC=cern/OU=computers/CN=dciangot-tw.cern.ch
  trusted retrieval policy: /DC=ch/DC=cern/OU=computers/CN=crab-(preprod|prod|dev)-tw(02|01).cern.ch|/DC=ch/DC=cern/OU=computers/CN=stefanov(m|m2).cern.ch|/DC=ch/DC=cern/OU=computers/CN=dciangot-tw.cern.ch
  timeleft: 677:33:32  (28.2 days)

 error: 
 retcode : 0
DEBUG 2021-11-25 03:23:06.194 UTC: 	 Myproxy is valid: 2439212
DEBUG 2021-11-25 03:23:06.194 UTC: 	 Retrieving username ...
DEBUG 2021-11-25 03:23:06.194 UTC: 	 Retrieving username from CRIC...
DEBUG 2021-11-25 03:23:06.950 UTC: 	 username is yian
DEBUG 2021-11-25 03:23:06.955 UTC: 	 Getting myproxy life time left for myproxy.cern.ch
DEBUG 2021-11-25 03:23:06.955 UTC: 	 using yian_CRAB as credential login name
DEBUG 2021-11-25 03:23:07.259 UTC: 	 Executing : 
 command : myproxy-info -l yian_CRAB -s myproxy.cern.ch
 output : username: yian_CRAB
owner: /DC=ch/DC=cern/OU=Organic Units/OU=Users/CN=yian/CN=826694/CN=Ying An
  renewal policy: /DC=ch/DC=cern/OU=computers/CN=crab-(preprod|prod|dev)-tw(02|01).cern.ch|/DC=ch/DC=cern/OU=computers/CN=stefanov(m|m2).cern.ch|/DC=ch/DC=cern/OU=computers/CN=dciangot-tw.cern.ch
  trusted retrieval policy: /DC=ch/DC=cern/OU=computers/CN=crab-(preprod|prod|dev)-tw(02|01).cern.ch|/DC=ch/DC=cern/OU=computers/CN=stefanov(m|m2).cern.ch|/DC=ch/DC=cern/OU=computers/CN=dciangot-tw.cern.ch
  timeleft: 677:32:24  (28.2 days)

 error: 
 retcode : 0
DEBUG 2021-11-25 03:23:07.259 UTC: 	 Myproxy is valid: 2439144
DEBUG 2021-11-25 03:23:07.260 UTC: 	 Result of myproxy credential check:
  Credential exists on myproxy: username: b52ac606a6f7097e9b4b8f05a3a67cc69f8f291b  - validity: 28 days, 5:33:32
  Credential exists on myproxy: username: yian_CRAB  - validity: 28 days, 5:32:24
DEBUG 2021-11-25 03:23:07.261 UTC: 	 Command use: status
DEBUG 2021-11-25 03:23:07.261 UTC: 	 Options use: ['-d', 'crab2017/crab_WZ_TuneCP5_13TeV-pythia8_2017']
DEBUG 2021-11-25 03:23:07.321 UTC: 	 CRABClient version: v3.210825
DEBUG 2021-11-25 03:23:07.321 UTC: 	 Instance is prod
DEBUG 2021-11-25 03:23:07.321 UTC: 	 Server base url is cmsweb.cern.ch
DEBUG 2021-11-25 03:23:07.321 UTC: 	 Command api workflow
DEBUG 2021-11-25 03:23:07.404 UTC: 	 Got information from server oracle database: {u'result': [u'211123_162231:yian_crab_WZ_TuneCP5_13TeV-pythia8_2017', u'None', u'None', u'SUBMITTED', u'SUBMIT', u'2021-11-23 16:22:31.533816', u'None', u'2021-11-23 16:23:36.990490', u'None', u'CMSSW_10_6_20', u'slc7_amd64_gcc820', u'/WZ_TuneCP5_13TeV-pythia8/RunIISummer20UL17NanoAODv9-106X_mc2017_realistic_v9-v1/NANOAODSIM', u'T', u'0', u"[u'T2_US_UCSD', u'T2_US_Wisconsin', u'T2_US_MIT', u'T2_US_Caltech', u'T2_US_Purdue', u'T2_US_Nebraska']", u'[]', u'FileBased', u"{'splitOnRun': False, 'halt_job_on_file_boundaries': False, 'files_per_job': 1, 'runs': [], 'lumis': []}", u'39bc3010d7ba2374684857ed42fc86481bae0161e7f8c7d93f5c25e342929c09.tar.gz', u'https://cmsweb.cern.ch/S3/crabcache_prod', u'yian', u'/DC=ch/DC=cern/OU=Organic Units/OU=Users/CN=yian/CN=826694/CN=Ying An', u'cms', u'None', u'None', u'WZ_TuneCP5_13TeV-pythia8_2017-00000000000000000000000000000000', u'F', u'T2_CH_CERN', u'https://cmsweb.cern.ch/dbs/prod/global/DBSReader', u'https://cmsweb.cern.ch/dbs/prod/phys03/DBSWriter', u'F', u'[]', u'[]', u"[b'tree.root']", u'Analysis', u'pythia', u'None', u'{}', u'[]', u'F', u'crab-prod-tw01', u'[]', u'1250', u'1', u'2000', u'10', u"['/WZ_TuneCP5_13TeV-pythia8/yian-WZ_TuneCP5_13TeV-pythia8_2017-76de701442013e6ff941c86cd482e64d/USER']", u'[]', u'http://vocms0119.cern.ch/mon/cms1407/211123_162231:yian_crab_WZ_TuneCP5_13TeV-pythia8_2017', u'WWG_crab_script.sh', u"[b'isdata=MC', b'year=2017', b'era=B']", u'[]', u'https://cmsweb.cern.ch/crabserver/prod', u'cmsgwms-collector-global.cern.ch:9620,cmsgwms-collector-global.fnal.gov:9620', u'crab3@vocms0119.cern.ch', u'F', u'[]', u'T', u'/store/user/yian/', u'T', u'None', u'F', u'None', u'WZ_TuneCP5_13TeV-pythia8', u'None', u'96e09a61fa744afb3c9e326b1a2d5a18f2accb174c73e5704f0b9ddbc9bc8706.tar.gz', u'74090038', u'filetransfers', u'F', u'188.184.97.219', u'0.0', u'None'], u'desc': {u'columns': [u'tm_taskname', u'tm_activity', u'panda_jobset_id', u'tm_task_status', u'tm_task_command', u'tm_start_time', u'tm_start_injection', u'tm_end_injection', u'tm_task_failure', u'tm_job_sw', u'tm_job_arch', u'tm_input_dataset', u'tm_nonvalid_input_dataset', u'tm_use_parent', u'tm_site_whitelist', u'tm_site_blacklist', u'tm_split_algo', u'tm_split_args', u'tm_user_sandbox', u'tm_cache_url', u'tm_username', u'tm_user_dn', u'tm_user_vo', u'tm_user_role', u'tm_user_group', u'tm_publish_name', u'tm_publish_groupname', u'tm_asyncdest', u'tm_dbs_url', u'tm_publish_dbs_url', u'tm_publication', u'tm_outfiles', u'tm_tfile_outfiles', u'tm_edm_outfiles', u'tm_job_type', u'tm_generator', u'tm_events_per_lumi', u'tm_arguments', u'panda_resubmitted_jobs', u'tm_save_logs', u'tw_name', u'tm_user_infiles', u'tm_maxjobruntime', u'tm_numcores', u'tm_maxmemory', u'tm_priority', u'tm_output_dataset', u'tm_task_warnings', u'tm_user_webdir', u'tm_scriptexe', u'tm_scriptargs', u'tm_extrajdl', u'tm_asourl', u'tm_collector', u'tm_schedd', u'tm_dry_run', u'tm_user_files', u'tm_transfer_outputs', u'tm_output_lfn', u'tm_ignore_locality', u'tm_fail_limit', u'tm_one_event_mode', u'tm_secondary_input_dataset', u'tm_primary_dataset', u'tm_last_publication', u'tm_debug_files', u'clusterid', u'tm_asodb', u'tm_ignore_global_blacklist', u'tm_submitter_ip_addr', u'tm_totalunits', u'tm_ddm_reqid']}}
INFO 2021-11-25 03:23:07.405 UTC: 	 CRAB project directory:		/afs/cern.ch/work/y/yian/work/GZ/CMSSW_10_6_20/src/PhysicsTools/NanoAODTools/WWG/2017/crab/crab2017/crab_WZ_TuneCP5_13TeV-pythia8_2017
INFO 2021-11-25 03:23:07.405 UTC: 	 Task name:			211123_162231:yian_crab_WZ_TuneCP5_13TeV-pythia8_2017
INFO 2021-11-25 03:23:07.405 UTC: 	 Grid scheduler - Task Worker:	crab3@vocms0119.cern.ch - crab-prod-tw01
INFO 2021-11-25 03:23:07.405 UTC: 	 Status on the CRAB server:	SUBMITTED
INFO 2021-11-25 03:23:07.405 UTC: 	 Task URL to use for HELP:	https://cmsweb.cern.ch/crabserver/ui/task/211123_162231%3Ayian_crab_WZ_TuneCP5_13TeV-pythia8_2017
INFO 2021-11-25 03:23:07.408 UTC: 	 Dashboard monitoring URL:	https://monit-grafana.cern.ch/d/cmsTMDetail/cms-task-monitoring-task-view?orgId=11&var-user=yian&var-task=211123_162231%3Ayian_crab_WZ_TuneCP5_13TeV-pythia8_2017&from=1637680951000&to=now
DEBUG 2021-11-25 03:23:07.408 UTC: 	 The CRAB server submitted your task to the Grid scheduler (cluster ID: 74090038)
DEBUG 2021-11-25 03:23:07.408 UTC: 	 Webdir is located at http://vocms0119.cern.ch/mon/cms1407/211123_162231:yian_crab_WZ_TuneCP5_13TeV-pythia8_2017
DEBUG 2021-11-25 03:23:07.592 UTC: 	 Proxied webdir is located at https://cmsweb.cern.ch:8443/scheddmon/0119/cms1407/211123_162231:yian_crab_WZ_TuneCP5_13TeV-pythia8_2017
DEBUG 2021-11-25 03:23:07.592 UTC: 	 Retrieving 'status_cache' file from https://cmsweb.cern.ch:8443/scheddmon/0119/cms1407/211123_162231:yian_crab_WZ_TuneCP5_13TeV-pythia8_2017/status_cache
DEBUG 2021-11-25 03:23:07.630 UTC: 	 Got information from status cache file: {'11': {'Retries': 0, 'WallDurations': [8.0, 194.80296206474304, 10418.0, 0, 18341.0], 'StartTimes': [1637701914.0, 1637712780.0], 'SubmitTimes': [1637684626.0, -1], 'JobIds': ['74090085.0', '74090085.0'], 'EndTimes': [1637712332.0, 1637731121.0], 'Restarts': 1, 'RecordedSite': True, 'State': 'finished', 'ResidentSetSize': [1445604, 1500000], 'TotalUserCpuTimeHistory': [1975.0, 11769], 'SiteHistory': ['Unknown', 'T2_US_MIT', 'T2_US_MIT', 'Unknown', 'T2_US_MIT'], 'TotalSysCpuTimeHistory': [149.0, 775]}, '10': {'Retries': 0, 'WallDurations': [9.0, 194.80296206474304, 46415.0, 0, 44762.0, 0, 13152.0], 'StartTimes': [1637701914.0, 1637749943.0, 1637796257.0], 'SubmitTimes': [1637684626.0, -1, -1], 'JobIds': ['74090084.0', '74090084.0', '74090084.0'], 'EndTimes': [1637748329.0, 1637794705.0, 1637809409.0], 'Restarts': 2, 'RecordedSite': True, 'State': 'transferring', 'ResidentSetSize': [1441440, 1532272, 1750000], 'TotalUserCpuTimeHistory': [3876.0, 8818.0, 24091], 'SiteHistory': ['Unknown', 'T2_US_MIT', 'T2_US_MIT', 'Unknown', 'T2_US_Purdue', 'Unknown', 'T2_US_Nebraska'], 'TotalSysCpuTimeHistory': [195.0, 716.0, 2143]}, '13': {'Retries': 0, 'WallDurations': [8.0, 160.80296206474304, 4364.0], 'StartTimes': [1637701948.0], 'SubmitTimes': [1637684632.0], 'JobIds': ['74090105.0'], 'EndTimes': [1637706312.0], 'Restarts': 0, 'RecordedSite': True, 'State': 'finished', 'ResidentSetSize': [1341008], 'TotalUserCpuTimeHistory': [3457], 'SiteHistory': ['Unknown', 'T2_US_UCSD', 'T2_US_UCSD'], 'TotalSysCpuTimeHistory': [160]}, '12': {'Retries': 0, 'WallDurations': [9.0, 183.80296206474304, 5371.0], 'StartTimes': [1637701925.0], 'SubmitTimes': [1637684632.0], 'JobIds': ['74090101.0'], 'EndTimes': [1637707296.0], 'Restarts': 0, 'RecordedSite': True, 'State': 'finished', 'ResidentSetSize': [1540744], 'TotalUserCpuTimeHistory': [1526], 'SiteHistory': ['Unknown', 'T2_US_Caltech', 'T2_US_Caltech'], 'TotalSysCpuTimeHistory': [46]}, '15': {'Retries': 0, 'WallDurations': [10.0, 117.80296206474304, 20342.0], 'StartTimes': [1637701991.0], 'SubmitTimes': [1637684632.0], 'JobIds': ['74090107.0'], 'EndTimes': [1637722333.0], 'Restarts': 0, 'RecordedSite': True, 'State': 'finished', 'ResidentSetSize': [1459172], 'TotalUserCpuTimeHistory': [3865], 'SiteHistory': ['Unknown', 'T2_US_UCSD', 'T2_US_UCSD'], 'TotalSysCpuTimeHistory': [253]}, '14': {'Retries': 0, 'WallDurations': [9.0, 197.80296206474304, 4743.0], 'StartTimes': [1637701911.0], 'SubmitTimes': [1637684632.0], 'JobIds': ['74090103.0'], 'EndTimes': [1637706654.0], 'Restarts': 0, 'RecordedSite': True, 'State': 'finished', 'ResidentSetSize': [1366136], 'TotalUserCpuTimeHistory': [1730], 'SiteHistory': ['Unknown', 'T2_US_MIT', 'T2_US_MIT'], 'TotalSysCpuTimeHistory': [39]}, '17': {'Retries': 0, 'WallDurations': [9.0, 191.80296206474304, 1290.0], 'StartTimes': [1637701917.0], 'SubmitTimes': [1637684632.0], 'JobIds': ['74090111.0'], 'EndTimes': [1637703207.0], 'Restarts': 0, 'RecordedSite': True, 'State': 'finished', 'ResidentSetSize': [1382104], 'TotalUserCpuTimeHistory': [1217], 'SiteHistory': ['Unknown', 'T2_US_MIT', 'T2_US_MIT'], 'TotalSysCpuTimeHistory': [27]}, '16': {'Retries': 0, 'WallDurations': [8.0, 178.80296206474304, 1227.0], 'StartTimes': [1637701930.0], 'SubmitTimes': [1637684632.0], 'JobIds': ['74090109.0'], 'EndTimes': [1637703157.0], 'Restarts': 0, 'RecordedSite': True, 'State': 'finished', 'ResidentSetSize': [1378604], 'TotalUserCpuTimeHistory': [1163], 'SiteHistory': ['Unknown', 'T2_US_MIT', 'T2_US_MIT'], 'TotalSysCpuTimeHistory': [12]}, '19': {'Retries': 0, 'WallDurations': [8.0, 192.80296206474304, 2700.0], 'StartTimes': [1637701916.0], 'SubmitTimes': [1637684632.0], 'JobIds': ['74090115.0'], 'EndTimes': [1637704616.0], 'Restarts': 0, 'RecordedSite': True, 'State': 'finished', 'ResidentSetSize': [1360352], 'TotalUserCpuTimeHistory': [1041], 'SiteHistory': ['Unknown', 'T2_US_MIT', 'T2_US_MIT'], 'TotalSysCpuTimeHistory': [14]}, '18': {'Retries': 0, 'WallDurations': [9.0, 195.80296206474304, 10418.0, 0, 6157.0], 'StartTimes': [1637701913.0, 1637712468.0], 'SubmitTimes': [1637684632.0, -1], 'JobIds': ['74090113.0', '74090113.0'], 'EndTimes': [1637712331.0, 1637718625.0], 'Restarts': 1, 'RecordedSite': True, 'State': 'finished', 'ResidentSetSize': [1399860, 0], 'TotalUserCpuTimeHistory': [2335.0, 5742], 'SiteHistory': ['Unknown', 'T2_US_MIT', 'T2_US_MIT', 'Unknown', 'T2_US_MIT'], 'TotalSysCpuTimeHistory': [199.0, 315]}, '1': {'Retries': 0, 'WallDurations': [8.0, 261.35033988952637, 3528.0], 'StartTimes': [1637711486.0], 'SubmitTimes': [1637684625.0], 'JobIds': ['74090076.0'], 'EndTimes': [1637715014.0], 'Restarts': 0, 'RecordedSite': True, 'State': 'finished', 'ResidentSetSize': [1384180], 'TotalUserCpuTimeHistory': [1643], 'SiteHistory': ['Unknown', 'T2_US_MIT', 'T2_US_MIT'], 'TotalSysCpuTimeHistory': [67]}, '3': {'Retries': 0, 'WallDurations': [10.0, 259.35033988952637, 7575.0], 'StartTimes': [1637711488.0], 'SubmitTimes': [1637684625.0], 'JobIds': ['74090078.0'], 'EndTimes': [1637719063.0], 'Restarts': 0, 'RecordedSite': True, 'State': 'finished', 'ResidentSetSize': [1404764], 'TotalUserCpuTimeHistory': [2738], 'SiteHistory': ['Unknown', 'T2_US_MIT', 'T2_US_MIT'], 'TotalSysCpuTimeHistory': [83]}, '2': {'Retries': 0, 'WallDurations': [8.0, 253.35033988952637, 1927.0], 'StartTimes': [1637711494.0], 'SubmitTimes': [1637684625.0], 'JobIds': ['74090077.0'], 'EndTimes': [1637713421.0], 'Restarts': 0, 'RecordedSite': True, 'State': 'finished', 'ResidentSetSize': [1384324], 'TotalUserCpuTimeHistory': [1249], 'SiteHistory': ['Unknown', 'T2_US_MIT', 'T2_US_MIT'], 'TotalSysCpuTimeHistory': [33]}, '5': {'Retries': 0, 'WallDurations': [8.0, 263.35033988952637, 1397.0], 'StartTimes': [1637711484.0], 'SubmitTimes': [1637684625.0], 'JobIds': ['74090080.0'], 'EndTimes': [1637712881.0], 'Restarts': 0, 'RecordedSite': True, 'State': 'finished', 'ResidentSetSize': [1367828], 'TotalUserCpuTimeHistory': [990], 'SiteHistory': ['Unknown', 'T2_US_MIT', 'T2_US_MIT'], 'TotalSysCpuTimeHistory': [8]}, '4': {'Retries': 0, 'WallDurations': [9.0, 256.35033988952637, 869.0], 'StartTimes': [1637711491.0], 'SubmitTimes': [1637684625.0], 'JobIds': ['74090079.0'], 'EndTimes': [1637712360.0], 'Restarts': 0, 'RecordedSite': True, 'State': 'finished', 'ResidentSetSize': [1079636], 'TotalUserCpuTimeHistory': [816], 'SiteHistory': ['Unknown', 'T2_US_MIT', 'T2_US_MIT'], 'TotalSysCpuTimeHistory': [11]}, '7': {'Retries': 0, 'WallDurations': [9.0, 195.80296206474304, 10424.0, 0, 64821.0, 0, 11440.0], 'StartTimes': [1637701913.0, 1637712371.0, 1637778540.0], 'SubmitTimes': [1637684626.0, -1, -1], 'JobIds': ['74090082.0', '74090082.0', '74090082.0'], 'EndTimes': [1637712337.0, 1637777192.0, 1637789980.0], 'Restarts': 2, 'RecordedSite': True, 'State': 'finished', 'ResidentSetSize': [1523748, 1750000, 1750000], 'TotalUserCpuTimeHistory': [969.0, 4274.0, 14478], 'SiteHistory': ['Unknown', 'T2_US_MIT', 'T2_US_MIT', 'Unknown', 'T2_US_MIT', 'Unknown', 'T2_US_Nebraska'], 'TotalSysCpuTimeHistory': [15.0, 184.0, 1130]}, '6': {'Retries': 0, 'WallDurations': [8.0, 195.80296206474304, 3216.0, 1105.0], 'StartTimes': [1637701913.0, 1637705153.0], 'SubmitTimes': [1637684625.0, -1], 'JobIds': ['74090081.0', '74090081.0'], 'EndTimes': [1637705129.0, 1637706258.0], 'Restarts': 1, 'RecordedSite': True, 'State': 'finished', 'ResidentSetSize': [934100, 1388136], 'TotalUserCpuTimeHistory': [558.0, 1381], 'SiteHistory': ['Unknown', 'T2_US_MIT', 'T2_US_MIT', 'T2_US_MIT'], 'TotalSysCpuTimeHistory': [4.0, 11]}, '9': {'Retries': 0, 'WallDurations': [9.0, 196.80296206474304, 10424.0, 0, 15849.0], 'StartTimes': [1637701912.0, 1637712630.0], 'SubmitTimes': [1637684626.0, -1], 'JobIds': ['74090086.0', '74090086.0'], 'EndTimes': [1637712336.0, 1637728479.0], 'Restarts': 1, 'RecordedSite': True, 'State': 'finished', 'ResidentSetSize': [1372340, 0], 'TotalUserCpuTimeHistory': [1048.0, 3089], 'SiteHistory': ['Unknown', 'T2_US_MIT', 'T2_US_MIT', 'Unknown', 'T2_US_MIT'], 'TotalSysCpuTimeHistory': [11.0, 91]}, '20': {'Retries': 0, 'WallDurations': [8.0, 184.80296206474304, 1363.0], 'StartTimes': [1637701924.0], 'SubmitTimes': [1637684632.0], 'JobIds': ['74090117.0'], 'EndTimes': [1637703287.0], 'Restarts': 0, 'RecordedSite': True, 'State': 'finished', 'ResidentSetSize': [1372172], 'TotalUserCpuTimeHistory': [1037], 'SiteHistory': ['Unknown', 'T2_US_MIT', 'T2_US_MIT'], 'TotalSysCpuTimeHistory': [8]}, '8': {'Retries': 0, 'WallDurations': [8.0, 195.80296206474304, 10415.0, 0, 158.09940910339355], 'StartTimes': [1637701913.0, 1637712493.0], 'SubmitTimes': [1637684626.0, -1], 'JobIds': ['74090083.0', '74090083.0'], 'TotalUserCpuTimeHistory': [1087.0, 4948.0], 'EndTimes': [1637712328.0], 'Restarts': 1, 'RecordedSite': True, 'State': 'failed', 'ResidentSetSize': [1400856, 0], 'Error': [50664, 'Not retrying job due to wall clock limit (job automatically killed on the worker node)', {}], 'SiteHistory': ['Unknown', 'T2_US_MIT', 'T2_US_MIT', 'Unknown', 'T2_US_UCSD'], 'TotalSysCpuTimeHistory': [12.0, 359.0]}}
INFO 2021-11-25 03:23:07.630 UTC: 	 Status on the scheduler:	SUBMITTED
INFO 2021-11-25 03:23:07.630 UTC: 	 
Jobs status:                    failed       		  5.0% ( 1/20)
INFO 2021-11-25 03:23:07.630 UTC: 	 				finished     		 90.0% (18/20)
INFO 2021-11-25 03:23:07.630 UTC: 	 				transferring 		  5.0% ( 1/20)
INFO 2021-11-25 03:23:07.630 UTC: 	 
No publication information (publication has been disabled in the CRAB configuration file)
INFO 2021-11-25 03:23:07.630 UTC: 	 
Error Summary: (use crab status --verboseErrors for details about the errors)

 1 jobs failed with exit code 50664

Have a look at https://twiki.cern.ch/twiki/bin/viewauth/CMSPublic/JobExitCodes for a description of the exit codes.
INFO 2021-11-25 03:23:07.631 UTC: 	 
Warning: the max jobs runtime is less than 30% of the task requested value (1250 min), please consider to request a lower value for failed jobs (allowed through crab resubmit) and/or improve the jobs splitting (e.g. config.Data.splitting = 'Automatic') in a new task.
INFO 2021-11-25 03:23:07.631 UTC: 	 
Summary of run jobs:
 * Memory: 0MB min, 1708MB max, 1182MB ave
 * Runtime: 0:02:38 min, 5:39:02 max, 1:42:24 ave
 * CPU eff: 20% min, 3357% max, 76% ave
 * Waste: 59:52:36 (64% of total)

INFO 2021-11-25 03:23:07.725 UTC: 	 Log file is /afs/cern.ch/work/y/yian/work/GZ/CMSSW_10_6_20/src/PhysicsTools/NanoAODTools/WWG/2017/crab/crab2017/crab_WZ_TuneCP5_13TeV-pythia8_2017/crab.log
DEBUG 2021-11-25 03:26:12.294 UTC: 	 CRAB Client version: v3.210825
DEBUG 2021-11-25 03:26:12.294 UTC: 	 Running on: Linux lxplus7107.cern.ch 3.10.0-1160.45.1.el7.x86_64 #1 SMP Wed Oct 13 17:20:51 UTC 2021 x86_64 x86_64 x86_64 GNU/Linux - CentOS Linux 7 (Core)
DEBUG 2021-11-25 03:26:12.294 UTC: 	 Executing command: 'resubmit'
DEBUG 2021-11-25 03:26:12.295 UTC: 	 Found CRAB cache file /afs/cern.ch/user/y/yian/.crab3
DEBUG 2021-11-25 03:26:12.599 UTC: 	 Checking credentials
DEBUG 2021-11-25 03:26:12.600 UTC: 	 Found proxy file /tmp/x509up_u110046
DEBUG 2021-11-25 03:26:12.600 UTC: 	 Getting proxy life time left
DEBUG 2021-11-25 03:26:13.205 UTC: 	 Executing : 
 command : voms-proxy-info -file /tmp/x509up_u110046 -timeleft
 output : 604520

 error: 
 retcode : 0
DEBUG 2021-11-25 03:26:13.810 UTC: 	 Executing : 
 command : voms-proxy-info -file /tmp/x509up_u110046 -actimeleft
 output : 604520

 error: 
 retcode : 0
DEBUG 2021-11-25 03:26:13.811 UTC: 	 Proxy valid for 167:55:20 hours
DEBUG 2021-11-25 03:26:13.888 UTC: 	 Registering user credentials for server /DC=ch/DC=cern/OU=computers/CN=crab-(preprod|prod|dev)-tw(02|01).cern.ch|/DC=ch/DC=cern/OU=computers/CN=stefanov(m|m2).cern.ch|/DC=ch/DC=cern/OU=computers/CN=dciangot-tw.cern.ch
DEBUG 2021-11-25 03:26:14.500 UTC: 	 Executing : 
 command : voms-proxy-info -file /tmp/x509up_u110046 -identity
 output : /DC=ch/DC=cern/OU=Organic Units/OU=Users/CN=yian/CN=826694/CN=Ying An

 error: 
 retcode : 0
DEBUG 2021-11-25 03:26:14.508 UTC: 	 Getting myproxy life time left for myproxy.cern.ch
DEBUG 2021-11-25 03:26:14.508 UTC: 	 using b52ac606a6f7097e9b4b8f05a3a67cc69f8f291b as credential login name
DEBUG 2021-11-25 03:26:14.812 UTC: 	 Executing : 
 command : myproxy-info -l b52ac606a6f7097e9b4b8f05a3a67cc69f8f291b -s myproxy.cern.ch
 output : username: b52ac606a6f7097e9b4b8f05a3a67cc69f8f291b
owner: /DC=ch/DC=cern/OU=Organic Units/OU=Users/CN=yian/CN=826694/CN=Ying An
  renewal policy: /DC=ch/DC=cern/OU=computers/CN=crab-(preprod|prod|dev)-tw(02|01).cern.ch|/DC=ch/DC=cern/OU=computers/CN=stefanov(m|m2).cern.ch|/DC=ch/DC=cern/OU=computers/CN=dciangot-tw.cern.ch
  trusted retrieval policy: /DC=ch/DC=cern/OU=computers/CN=crab-(preprod|prod|dev)-tw(02|01).cern.ch|/DC=ch/DC=cern/OU=computers/CN=stefanov(m|m2).cern.ch|/DC=ch/DC=cern/OU=computers/CN=dciangot-tw.cern.ch
  timeleft: 677:30:24  (28.2 days)

 error: 
 retcode : 0
DEBUG 2021-11-25 03:26:14.813 UTC: 	 Myproxy is valid: 2439024
DEBUG 2021-11-25 03:26:14.813 UTC: 	 Retrieving username ...
DEBUG 2021-11-25 03:26:14.813 UTC: 	 Retrieving username from CRIC...
DEBUG 2021-11-25 03:26:15.619 UTC: 	 username is yian
DEBUG 2021-11-25 03:26:15.625 UTC: 	 Getting myproxy life time left for myproxy.cern.ch
DEBUG 2021-11-25 03:26:15.625 UTC: 	 using yian_CRAB as credential login name
DEBUG 2021-11-25 03:26:15.929 UTC: 	 Executing : 
 command : myproxy-info -l yian_CRAB -s myproxy.cern.ch
 output : username: yian_CRAB
owner: /DC=ch/DC=cern/OU=Organic Units/OU=Users/CN=yian/CN=826694/CN=Ying An
  renewal policy: /DC=ch/DC=cern/OU=computers/CN=crab-(preprod|prod|dev)-tw(02|01).cern.ch|/DC=ch/DC=cern/OU=computers/CN=stefanov(m|m2).cern.ch|/DC=ch/DC=cern/OU=computers/CN=dciangot-tw.cern.ch
  trusted retrieval policy: /DC=ch/DC=cern/OU=computers/CN=crab-(preprod|prod|dev)-tw(02|01).cern.ch|/DC=ch/DC=cern/OU=computers/CN=stefanov(m|m2).cern.ch|/DC=ch/DC=cern/OU=computers/CN=dciangot-tw.cern.ch
  timeleft: 677:29:16  (28.2 days)

 error: 
 retcode : 0
DEBUG 2021-11-25 03:26:15.930 UTC: 	 Myproxy is valid: 2438956
DEBUG 2021-11-25 03:26:15.930 UTC: 	 Result of myproxy credential check:
  Credential exists on myproxy: username: b52ac606a6f7097e9b4b8f05a3a67cc69f8f291b  - validity: 28 days, 5:30:24
  Credential exists on myproxy: username: yian_CRAB  - validity: 28 days, 5:29:16
DEBUG 2021-11-25 03:26:16.123 UTC: 	 Command use: resubmit
DEBUG 2021-11-25 03:26:16.123 UTC: 	 Options use: ['-d', 'crab2017/crab_WZ_TuneCP5_13TeV-pythia8_2017']
DEBUG 2021-11-25 03:26:16.292 UTC: 	 CRABClient version: v3.210825
DEBUG 2021-11-25 03:26:16.292 UTC: 	 Instance is prod
DEBUG 2021-11-25 03:26:16.292 UTC: 	 Server base url is cmsweb.cern.ch
DEBUG 2021-11-25 03:26:16.292 UTC: 	 Command api workflow
DEBUG 2021-11-25 03:26:16.304 UTC: 	 CRAB Client version: v3.210825
DEBUG 2021-11-25 03:26:16.305 UTC: 	 Running on: Linux lxplus7107.cern.ch 3.10.0-1160.45.1.el7.x86_64 #1 SMP Wed Oct 13 17:20:51 UTC 2021 x86_64 x86_64 x86_64 GNU/Linux - CentOS Linux 7 (Core)
DEBUG 2021-11-25 03:26:16.305 UTC: 	 Executing command: 'status'
DEBUG 2021-11-25 03:26:16.305 UTC: 	 Found CRAB cache file /afs/cern.ch/user/y/yian/.crab3
DEBUG 2021-11-25 03:26:16.379 UTC: 	 Checking credentials
DEBUG 2021-11-25 03:26:16.380 UTC: 	 Found proxy file /tmp/x509up_u110046
DEBUG 2021-11-25 03:26:16.380 UTC: 	 Getting proxy life time left
DEBUG 2021-11-25 03:26:16.985 UTC: 	 Executing : 
 command : voms-proxy-info -file /tmp/x509up_u110046 -timeleft
 output : 604517

 error: 
 retcode : 0
DEBUG 2021-11-25 03:26:17.591 UTC: 	 Executing : 
 command : voms-proxy-info -file /tmp/x509up_u110046 -actimeleft
 output : 604516

 error: 
 retcode : 0
DEBUG 2021-11-25 03:26:17.592 UTC: 	 Proxy lifetime 604517 secs is different from voms extension lifetime 604516 secs for proxy: /tmp/x509up_u110046
DEBUG 2021-11-25 03:26:17.592 UTC: 	 Proxy valid for 167:55:16 hours
DEBUG 2021-11-25 03:26:17.640 UTC: 	 Registering user credentials for server /DC=ch/DC=cern/OU=computers/CN=crab-(preprod|prod|dev)-tw(02|01).cern.ch|/DC=ch/DC=cern/OU=computers/CN=stefanov(m|m2).cern.ch|/DC=ch/DC=cern/OU=computers/CN=dciangot-tw.cern.ch
DEBUG 2021-11-25 03:26:18.252 UTC: 	 Executing : 
 command : voms-proxy-info -file /tmp/x509up_u110046 -identity
 output : /DC=ch/DC=cern/OU=Organic Units/OU=Users/CN=yian/CN=826694/CN=Ying An

 error: 
 retcode : 0
DEBUG 2021-11-25 03:26:18.259 UTC: 	 Getting myproxy life time left for myproxy.cern.ch
DEBUG 2021-11-25 03:26:18.259 UTC: 	 using b52ac606a6f7097e9b4b8f05a3a67cc69f8f291b as credential login name
DEBUG 2021-11-25 03:26:18.566 UTC: 	 Executing : 
 command : myproxy-info -l b52ac606a6f7097e9b4b8f05a3a67cc69f8f291b -s myproxy.cern.ch
 output : username: b52ac606a6f7097e9b4b8f05a3a67cc69f8f291b
owner: /DC=ch/DC=cern/OU=Organic Units/OU=Users/CN=yian/CN=826694/CN=Ying An
  renewal policy: /DC=ch/DC=cern/OU=computers/CN=crab-(preprod|prod|dev)-tw(02|01).cern.ch|/DC=ch/DC=cern/OU=computers/CN=stefanov(m|m2).cern.ch|/DC=ch/DC=cern/OU=computers/CN=dciangot-tw.cern.ch
  trusted retrieval policy: /DC=ch/DC=cern/OU=computers/CN=crab-(preprod|prod|dev)-tw(02|01).cern.ch|/DC=ch/DC=cern/OU=computers/CN=stefanov(m|m2).cern.ch|/DC=ch/DC=cern/OU=computers/CN=dciangot-tw.cern.ch
  timeleft: 677:30:20  (28.2 days)

 error: 
 retcode : 0
DEBUG 2021-11-25 03:26:18.566 UTC: 	 Myproxy is valid: 2439020
DEBUG 2021-11-25 03:26:18.566 UTC: 	 Retrieving username ...
DEBUG 2021-11-25 03:26:18.566 UTC: 	 Retrieving username from CRIC...
DEBUG 2021-11-25 03:26:19.358 UTC: 	 username is yian
DEBUG 2021-11-25 03:26:19.365 UTC: 	 Getting myproxy life time left for myproxy.cern.ch
DEBUG 2021-11-25 03:26:19.365 UTC: 	 using yian_CRAB as credential login name
DEBUG 2021-11-25 03:26:19.669 UTC: 	 Executing : 
 command : myproxy-info -l yian_CRAB -s myproxy.cern.ch
 output : username: yian_CRAB
owner: /DC=ch/DC=cern/OU=Organic Units/OU=Users/CN=yian/CN=826694/CN=Ying An
  renewal policy: /DC=ch/DC=cern/OU=computers/CN=crab-(preprod|prod|dev)-tw(02|01).cern.ch|/DC=ch/DC=cern/OU=computers/CN=stefanov(m|m2).cern.ch|/DC=ch/DC=cern/OU=computers/CN=dciangot-tw.cern.ch
  trusted retrieval policy: /DC=ch/DC=cern/OU=computers/CN=crab-(preprod|prod|dev)-tw(02|01).cern.ch|/DC=ch/DC=cern/OU=computers/CN=stefanov(m|m2).cern.ch|/DC=ch/DC=cern/OU=computers/CN=dciangot-tw.cern.ch
  timeleft: 677:29:12  (28.2 days)

 error: 
 retcode : 0
DEBUG 2021-11-25 03:26:19.670 UTC: 	 Myproxy is valid: 2438952
DEBUG 2021-11-25 03:26:19.670 UTC: 	 Result of myproxy credential check:
  Credential exists on myproxy: username: b52ac606a6f7097e9b4b8f05a3a67cc69f8f291b  - validity: 28 days, 5:30:20
  Credential exists on myproxy: username: yian_CRAB  - validity: 28 days, 5:29:12
DEBUG 2021-11-25 03:26:19.671 UTC: 	 Command use: status
DEBUG 2021-11-25 03:26:19.671 UTC: 	 Options use: []
DEBUG 2021-11-25 03:26:19.748 UTC: 	 CRABClient version: v3.210825
DEBUG 2021-11-25 03:26:19.748 UTC: 	 Instance is prod
DEBUG 2021-11-25 03:26:19.748 UTC: 	 Server base url is cmsweb.cern.ch
DEBUG 2021-11-25 03:26:19.748 UTC: 	 Command api workflow
DEBUG 2021-11-25 03:26:19.829 UTC: 	 Got information from server oracle database: {u'result': [u'211123_162231:yian_crab_WZ_TuneCP5_13TeV-pythia8_2017', u'None', u'None', u'SUBMITTED', u'SUBMIT', u'2021-11-23 16:22:31.533816', u'None', u'2021-11-23 16:23:36.990490', u'None', u'CMSSW_10_6_20', u'slc7_amd64_gcc820', u'/WZ_TuneCP5_13TeV-pythia8/RunIISummer20UL17NanoAODv9-106X_mc2017_realistic_v9-v1/NANOAODSIM', u'T', u'0', u"[u'T2_US_UCSD', u'T2_US_Wisconsin', u'T2_US_MIT', u'T2_US_Caltech', u'T2_US_Purdue', u'T2_US_Nebraska']", u'[]', u'FileBased', u"{'splitOnRun': False, 'halt_job_on_file_boundaries': False, 'files_per_job': 1, 'runs': [], 'lumis': []}", u'39bc3010d7ba2374684857ed42fc86481bae0161e7f8c7d93f5c25e342929c09.tar.gz', u'https://cmsweb.cern.ch/S3/crabcache_prod', u'yian', u'/DC=ch/DC=cern/OU=Organic Units/OU=Users/CN=yian/CN=826694/CN=Ying An', u'cms', u'None', u'None', u'WZ_TuneCP5_13TeV-pythia8_2017-00000000000000000000000000000000', u'F', u'T2_CH_CERN', u'https://cmsweb.cern.ch/dbs/prod/global/DBSReader', u'https://cmsweb.cern.ch/dbs/prod/phys03/DBSWriter', u'F', u'[]', u'[]', u"[b'tree.root']", u'Analysis', u'pythia', u'None', u'{}', u'[]', u'F', u'crab-prod-tw01', u'[]', u'1250', u'1', u'2000', u'10', u"['/WZ_TuneCP5_13TeV-pythia8/yian-WZ_TuneCP5_13TeV-pythia8_2017-76de701442013e6ff941c86cd482e64d/USER']", u'[]', u'http://vocms0119.cern.ch/mon/cms1407/211123_162231:yian_crab_WZ_TuneCP5_13TeV-pythia8_2017', u'WWG_crab_script.sh', u"[b'isdata=MC', b'year=2017', b'era=B']", u'[]', u'https://cmsweb.cern.ch/crabserver/prod', u'cmsgwms-collector-global.cern.ch:9620,cmsgwms-collector-global.fnal.gov:9620', u'crab3@vocms0119.cern.ch', u'F', u'[]', u'T', u'/store/user/yian/', u'T', u'None', u'F', u'None', u'WZ_TuneCP5_13TeV-pythia8', u'None', u'96e09a61fa744afb3c9e326b1a2d5a18f2accb174c73e5704f0b9ddbc9bc8706.tar.gz', u'74090038', u'filetransfers', u'F', u'188.184.97.219', u'0.0', u'None'], u'desc': {u'columns': [u'tm_taskname', u'tm_activity', u'panda_jobset_id', u'tm_task_status', u'tm_task_command', u'tm_start_time', u'tm_start_injection', u'tm_end_injection', u'tm_task_failure', u'tm_job_sw', u'tm_job_arch', u'tm_input_dataset', u'tm_nonvalid_input_dataset', u'tm_use_parent', u'tm_site_whitelist', u'tm_site_blacklist', u'tm_split_algo', u'tm_split_args', u'tm_user_sandbox', u'tm_cache_url', u'tm_username', u'tm_user_dn', u'tm_user_vo', u'tm_user_role', u'tm_user_group', u'tm_publish_name', u'tm_publish_groupname', u'tm_asyncdest', u'tm_dbs_url', u'tm_publish_dbs_url', u'tm_publication', u'tm_outfiles', u'tm_tfile_outfiles', u'tm_edm_outfiles', u'tm_job_type', u'tm_generator', u'tm_events_per_lumi', u'tm_arguments', u'panda_resubmitted_jobs', u'tm_save_logs', u'tw_name', u'tm_user_infiles', u'tm_maxjobruntime', u'tm_numcores', u'tm_maxmemory', u'tm_priority', u'tm_output_dataset', u'tm_task_warnings', u'tm_user_webdir', u'tm_scriptexe', u'tm_scriptargs', u'tm_extrajdl', u'tm_asourl', u'tm_collector', u'tm_schedd', u'tm_dry_run', u'tm_user_files', u'tm_transfer_outputs', u'tm_output_lfn', u'tm_ignore_locality', u'tm_fail_limit', u'tm_one_event_mode', u'tm_secondary_input_dataset', u'tm_primary_dataset', u'tm_last_publication', u'tm_debug_files', u'clusterid', u'tm_asodb', u'tm_ignore_global_blacklist', u'tm_submitter_ip_addr', u'tm_totalunits', u'tm_ddm_reqid']}}
INFO 2021-11-25 03:26:19.829 UTC: 	 CRAB project directory:		/afs/cern.ch/work/y/yian/work/GZ/CMSSW_10_6_20/src/PhysicsTools/NanoAODTools/WWG/2017/crab/crab2017/crab_WZ_TuneCP5_13TeV-pythia8_2017
INFO 2021-11-25 03:26:19.829 UTC: 	 Task name:			211123_162231:yian_crab_WZ_TuneCP5_13TeV-pythia8_2017
INFO 2021-11-25 03:26:19.829 UTC: 	 Grid scheduler - Task Worker:	crab3@vocms0119.cern.ch - crab-prod-tw01
INFO 2021-11-25 03:26:19.829 UTC: 	 Status on the CRAB server:	SUBMITTED
INFO 2021-11-25 03:26:19.830 UTC: 	 Task URL to use for HELP:	https://cmsweb.cern.ch/crabserver/ui/task/211123_162231%3Ayian_crab_WZ_TuneCP5_13TeV-pythia8_2017
INFO 2021-11-25 03:26:19.833 UTC: 	 Dashboard monitoring URL:	https://monit-grafana.cern.ch/d/cmsTMDetail/cms-task-monitoring-task-view?orgId=11&var-user=yian&var-task=211123_162231%3Ayian_crab_WZ_TuneCP5_13TeV-pythia8_2017&from=1637680951000&to=now
DEBUG 2021-11-25 03:26:19.833 UTC: 	 The CRAB server submitted your task to the Grid scheduler (cluster ID: 74090038)
DEBUG 2021-11-25 03:26:19.833 UTC: 	 Webdir is located at http://vocms0119.cern.ch/mon/cms1407/211123_162231:yian_crab_WZ_TuneCP5_13TeV-pythia8_2017
DEBUG 2021-11-25 03:26:19.913 UTC: 	 Proxied webdir is located at https://cmsweb.cern.ch:8443/scheddmon/0119/cms1407/211123_162231:yian_crab_WZ_TuneCP5_13TeV-pythia8_2017
DEBUG 2021-11-25 03:26:19.913 UTC: 	 Retrieving 'status_cache' file from https://cmsweb.cern.ch:8443/scheddmon/0119/cms1407/211123_162231:yian_crab_WZ_TuneCP5_13TeV-pythia8_2017/status_cache
DEBUG 2021-11-25 03:26:19.951 UTC: 	 Got information from status cache file: {'11': {'Retries': 0, 'WallDurations': [8.0, 194.80296206474304, 10418.0, 0, 18341.0], 'StartTimes': [1637701914.0, 1637712780.0], 'SubmitTimes': [1637684626.0, -1], 'JobIds': ['74090085.0', '74090085.0'], 'EndTimes': [1637712332.0, 1637731121.0], 'Restarts': 1, 'RecordedSite': True, 'State': 'finished', 'ResidentSetSize': [1445604, 1500000], 'TotalUserCpuTimeHistory': [1975.0, 11769], 'SiteHistory': ['Unknown', 'T2_US_MIT', 'T2_US_MIT', 'Unknown', 'T2_US_MIT'], 'TotalSysCpuTimeHistory': [149.0, 775]}, '10': {'Retries': 0, 'WallDurations': [9.0, 194.80296206474304, 46415.0, 0, 44762.0, 0, 13152.0], 'StartTimes': [1637701914.0, 1637749943.0, 1637796257.0], 'SubmitTimes': [1637684626.0, -1, -1], 'JobIds': ['74090084.0', '74090084.0', '74090084.0'], 'EndTimes': [1637748329.0, 1637794705.0, 1637809409.0], 'Restarts': 2, 'RecordedSite': True, 'State': 'transferring', 'ResidentSetSize': [1441440, 1532272, 1750000], 'TotalUserCpuTimeHistory': [3876.0, 8818.0, 24091], 'SiteHistory': ['Unknown', 'T2_US_MIT', 'T2_US_MIT', 'Unknown', 'T2_US_Purdue', 'Unknown', 'T2_US_Nebraska'], 'TotalSysCpuTimeHistory': [195.0, 716.0, 2143]}, '13': {'Retries': 0, 'WallDurations': [8.0, 160.80296206474304, 4364.0], 'StartTimes': [1637701948.0], 'SubmitTimes': [1637684632.0], 'JobIds': ['74090105.0'], 'EndTimes': [1637706312.0], 'Restarts': 0, 'RecordedSite': True, 'State': 'finished', 'ResidentSetSize': [1341008], 'TotalUserCpuTimeHistory': [3457], 'SiteHistory': ['Unknown', 'T2_US_UCSD', 'T2_US_UCSD'], 'TotalSysCpuTimeHistory': [160]}, '12': {'Retries': 0, 'WallDurations': [9.0, 183.80296206474304, 5371.0], 'StartTimes': [1637701925.0], 'SubmitTimes': [1637684632.0], 'JobIds': ['74090101.0'], 'EndTimes': [1637707296.0], 'Restarts': 0, 'RecordedSite': True, 'State': 'finished', 'ResidentSetSize': [1540744], 'TotalUserCpuTimeHistory': [1526], 'SiteHistory': ['Unknown', 'T2_US_Caltech', 'T2_US_Caltech'], 'TotalSysCpuTimeHistory': [46]}, '15': {'Retries': 0, 'WallDurations': [10.0, 117.80296206474304, 20342.0], 'StartTimes': [1637701991.0], 'SubmitTimes': [1637684632.0], 'JobIds': ['74090107.0'], 'EndTimes': [1637722333.0], 'Restarts': 0, 'RecordedSite': True, 'State': 'finished', 'ResidentSetSize': [1459172], 'TotalUserCpuTimeHistory': [3865], 'SiteHistory': ['Unknown', 'T2_US_UCSD', 'T2_US_UCSD'], 'TotalSysCpuTimeHistory': [253]}, '14': {'Retries': 0, 'WallDurations': [9.0, 197.80296206474304, 4743.0], 'StartTimes': [1637701911.0], 'SubmitTimes': [1637684632.0], 'JobIds': ['74090103.0'], 'EndTimes': [1637706654.0], 'Restarts': 0, 'RecordedSite': True, 'State': 'finished', 'ResidentSetSize': [1366136], 'TotalUserCpuTimeHistory': [1730], 'SiteHistory': ['Unknown', 'T2_US_MIT', 'T2_US_MIT'], 'TotalSysCpuTimeHistory': [39]}, '17': {'Retries': 0, 'WallDurations': [9.0, 191.80296206474304, 1290.0], 'StartTimes': [1637701917.0], 'SubmitTimes': [1637684632.0], 'JobIds': ['74090111.0'], 'EndTimes': [1637703207.0], 'Restarts': 0, 'RecordedSite': True, 'State': 'finished', 'ResidentSetSize': [1382104], 'TotalUserCpuTimeHistory': [1217], 'SiteHistory': ['Unknown', 'T2_US_MIT', 'T2_US_MIT'], 'TotalSysCpuTimeHistory': [27]}, '16': {'Retries': 0, 'WallDurations': [8.0, 178.80296206474304, 1227.0], 'StartTimes': [1637701930.0], 'SubmitTimes': [1637684632.0], 'JobIds': ['74090109.0'], 'EndTimes': [1637703157.0], 'Restarts': 0, 'RecordedSite': True, 'State': 'finished', 'ResidentSetSize': [1378604], 'TotalUserCpuTimeHistory': [1163], 'SiteHistory': ['Unknown', 'T2_US_MIT', 'T2_US_MIT'], 'TotalSysCpuTimeHistory': [12]}, '19': {'Retries': 0, 'WallDurations': [8.0, 192.80296206474304, 2700.0], 'StartTimes': [1637701916.0], 'SubmitTimes': [1637684632.0], 'JobIds': ['74090115.0'], 'EndTimes': [1637704616.0], 'Restarts': 0, 'RecordedSite': True, 'State': 'finished', 'ResidentSetSize': [1360352], 'TotalUserCpuTimeHistory': [1041], 'SiteHistory': ['Unknown', 'T2_US_MIT', 'T2_US_MIT'], 'TotalSysCpuTimeHistory': [14]}, '18': {'Retries': 0, 'WallDurations': [9.0, 195.80296206474304, 10418.0, 0, 6157.0], 'StartTimes': [1637701913.0, 1637712468.0], 'SubmitTimes': [1637684632.0, -1], 'JobIds': ['74090113.0', '74090113.0'], 'EndTimes': [1637712331.0, 1637718625.0], 'Restarts': 1, 'RecordedSite': True, 'State': 'finished', 'ResidentSetSize': [1399860, 0], 'TotalUserCpuTimeHistory': [2335.0, 5742], 'SiteHistory': ['Unknown', 'T2_US_MIT', 'T2_US_MIT', 'Unknown', 'T2_US_MIT'], 'TotalSysCpuTimeHistory': [199.0, 315]}, '1': {'Retries': 0, 'WallDurations': [8.0, 261.35033988952637, 3528.0], 'StartTimes': [1637711486.0], 'SubmitTimes': [1637684625.0], 'JobIds': ['74090076.0'], 'EndTimes': [1637715014.0], 'Restarts': 0, 'RecordedSite': True, 'State': 'finished', 'ResidentSetSize': [1384180], 'TotalUserCpuTimeHistory': [1643], 'SiteHistory': ['Unknown', 'T2_US_MIT', 'T2_US_MIT'], 'TotalSysCpuTimeHistory': [67]}, '3': {'Retries': 0, 'WallDurations': [10.0, 259.35033988952637, 7575.0], 'StartTimes': [1637711488.0], 'SubmitTimes': [1637684625.0], 'JobIds': ['74090078.0'], 'EndTimes': [1637719063.0], 'Restarts': 0, 'RecordedSite': True, 'State': 'finished', 'ResidentSetSize': [1404764], 'TotalUserCpuTimeHistory': [2738], 'SiteHistory': ['Unknown', 'T2_US_MIT', 'T2_US_MIT'], 'TotalSysCpuTimeHistory': [83]}, '2': {'Retries': 0, 'WallDurations': [8.0, 253.35033988952637, 1927.0], 'StartTimes': [1637711494.0], 'SubmitTimes': [1637684625.0], 'JobIds': ['74090077.0'], 'EndTimes': [1637713421.0], 'Restarts': 0, 'RecordedSite': True, 'State': 'finished', 'ResidentSetSize': [1384324], 'TotalUserCpuTimeHistory': [1249], 'SiteHistory': ['Unknown', 'T2_US_MIT', 'T2_US_MIT'], 'TotalSysCpuTimeHistory': [33]}, '5': {'Retries': 0, 'WallDurations': [8.0, 263.35033988952637, 1397.0], 'StartTimes': [1637711484.0], 'SubmitTimes': [1637684625.0], 'JobIds': ['74090080.0'], 'EndTimes': [1637712881.0], 'Restarts': 0, 'RecordedSite': True, 'State': 'finished', 'ResidentSetSize': [1367828], 'TotalUserCpuTimeHistory': [990], 'SiteHistory': ['Unknown', 'T2_US_MIT', 'T2_US_MIT'], 'TotalSysCpuTimeHistory': [8]}, '4': {'Retries': 0, 'WallDurations': [9.0, 256.35033988952637, 869.0], 'StartTimes': [1637711491.0], 'SubmitTimes': [1637684625.0], 'JobIds': ['74090079.0'], 'EndTimes': [1637712360.0], 'Restarts': 0, 'RecordedSite': True, 'State': 'finished', 'ResidentSetSize': [1079636], 'TotalUserCpuTimeHistory': [816], 'SiteHistory': ['Unknown', 'T2_US_MIT', 'T2_US_MIT'], 'TotalSysCpuTimeHistory': [11]}, '7': {'Retries': 0, 'WallDurations': [9.0, 195.80296206474304, 10424.0, 0, 64821.0, 0, 11440.0], 'StartTimes': [1637701913.0, 1637712371.0, 1637778540.0], 'SubmitTimes': [1637684626.0, -1, -1], 'JobIds': ['74090082.0', '74090082.0', '74090082.0'], 'EndTimes': [1637712337.0, 1637777192.0, 1637789980.0], 'Restarts': 2, 'RecordedSite': True, 'State': 'finished', 'ResidentSetSize': [1523748, 1750000, 1750000], 'TotalUserCpuTimeHistory': [969.0, 4274.0, 14478], 'SiteHistory': ['Unknown', 'T2_US_MIT', 'T2_US_MIT', 'Unknown', 'T2_US_MIT', 'Unknown', 'T2_US_Nebraska'], 'TotalSysCpuTimeHistory': [15.0, 184.0, 1130]}, '6': {'Retries': 0, 'WallDurations': [8.0, 195.80296206474304, 3216.0, 1105.0], 'StartTimes': [1637701913.0, 1637705153.0], 'SubmitTimes': [1637684625.0, -1], 'JobIds': ['74090081.0', '74090081.0'], 'EndTimes': [1637705129.0, 1637706258.0], 'Restarts': 1, 'RecordedSite': True, 'State': 'finished', 'ResidentSetSize': [934100, 1388136], 'TotalUserCpuTimeHistory': [558.0, 1381], 'SiteHistory': ['Unknown', 'T2_US_MIT', 'T2_US_MIT', 'T2_US_MIT'], 'TotalSysCpuTimeHistory': [4.0, 11]}, '9': {'Retries': 0, 'WallDurations': [9.0, 196.80296206474304, 10424.0, 0, 15849.0], 'StartTimes': [1637701912.0, 1637712630.0], 'SubmitTimes': [1637684626.0, -1], 'JobIds': ['74090086.0', '74090086.0'], 'EndTimes': [1637712336.0, 1637728479.0], 'Restarts': 1, 'RecordedSite': True, 'State': 'finished', 'ResidentSetSize': [1372340, 0], 'TotalUserCpuTimeHistory': [1048.0, 3089], 'SiteHistory': ['Unknown', 'T2_US_MIT', 'T2_US_MIT', 'Unknown', 'T2_US_MIT'], 'TotalSysCpuTimeHistory': [11.0, 91]}, '20': {'Retries': 0, 'WallDurations': [8.0, 184.80296206474304, 1363.0], 'StartTimes': [1637701924.0], 'SubmitTimes': [1637684632.0], 'JobIds': ['74090117.0'], 'EndTimes': [1637703287.0], 'Restarts': 0, 'RecordedSite': True, 'State': 'finished', 'ResidentSetSize': [1372172], 'TotalUserCpuTimeHistory': [1037], 'SiteHistory': ['Unknown', 'T2_US_MIT', 'T2_US_MIT'], 'TotalSysCpuTimeHistory': [8]}, '8': {'Retries': 0, 'WallDurations': [8.0, 195.80296206474304, 10415.0, 0, 158.09940910339355], 'StartTimes': [1637701913.0, 1637712493.0], 'SubmitTimes': [1637684626.0, -1], 'JobIds': ['74090083.0', '74090083.0'], 'TotalUserCpuTimeHistory': [1087.0, 4948.0], 'EndTimes': [1637712328.0], 'Restarts': 1, 'RecordedSite': True, 'State': 'failed', 'ResidentSetSize': [1400856, 0], 'Error': [50664, 'Not retrying job due to wall clock limit (job automatically killed on the worker node)', {}], 'SiteHistory': ['Unknown', 'T2_US_MIT', 'T2_US_MIT', 'Unknown', 'T2_US_UCSD'], 'TotalSysCpuTimeHistory': [12.0, 359.0]}}
INFO 2021-11-25 03:26:19.951 UTC: 	 Status on the scheduler:	SUBMITTED
INFO 2021-11-25 03:26:19.952 UTC: 	 
Jobs status:                    failed       		  5.0% ( 1/20)
INFO 2021-11-25 03:26:19.952 UTC: 	 				finished     		 90.0% (18/20)
INFO 2021-11-25 03:26:19.952 UTC: 	 				transferring 		  5.0% ( 1/20)
INFO 2021-11-25 03:26:19.952 UTC: 	 
No publication information (publication has been disabled in the CRAB configuration file)
INFO 2021-11-25 03:26:19.952 UTC: 	 
Error Summary: (use crab status --verboseErrors for details about the errors)

 1 jobs failed with exit code 50664

Have a look at https://twiki.cern.ch/twiki/bin/viewauth/CMSPublic/JobExitCodes for a description of the exit codes.
INFO 2021-11-25 03:26:19.952 UTC: 	 
Warning: the max jobs runtime is less than 30% of the task requested value (1250 min), please consider to request a lower value for failed jobs (allowed through crab resubmit) and/or improve the jobs splitting (e.g. config.Data.splitting = 'Automatic') in a new task.
INFO 2021-11-25 03:26:19.952 UTC: 	 
Summary of run jobs:
 * Memory: 0MB min, 1708MB max, 1182MB ave
 * Runtime: 0:02:38 min, 5:39:02 max, 1:42:24 ave
 * CPU eff: 20% min, 3357% max, 76% ave
 * Waste: 59:52:36 (64% of total)

DEBUG 2021-11-25 03:26:19.953 UTC: 	 Requesting resubmission of failed jobs in task 211123_162231:yian_crab_WZ_TuneCP5_13TeV-pythia8_2017
INFO 2021-11-25 03:26:19.953 UTC: 	 Sending resubmit request to the server.
DEBUG 2021-11-25 03:26:19.953 UTC: 	 Submitting {'publication': 0, 'jobids': ['8'], 'subresource': 'resubmit2', 'workflow': u'211123_162231:yian_crab_WZ_TuneCP5_13TeV-pythia8_2017'} 
DEBUG 2021-11-25 03:26:19.953 UTC: 	 Encoded resubmit request: publication=0&subresource=resubmit2&workflow=211123_162231%3Ayian_crab_WZ_TuneCP5_13TeV-pythia8_2017&jobids=8
DEBUG 2021-11-25 03:26:20.013 UTC: 	 Result: {u'result': [{u'result': u'ok'}], u'desc': {u'columns': [u'tm_site_blacklist', u'tm_site_whitelist', u'tm_maxjobruntime', u'tm_maxmemory', u'tm_numcores', u'tm_priority']}}
INFO 2021-11-25 03:26:20.013 UTC: 	 Resubmit request sent to the server.
INFO 2021-11-25 03:26:20.013 UTC: 	 Please use ' crab status ' to check how the resubmission process proceeds.
Notice it may take a couple of minutes for the resubmission to get fully processed.
INFO 2021-11-25 03:26:20.016 UTC: 	 Log file is /afs/cern.ch/work/y/yian/work/GZ/CMSSW_10_6_20/src/PhysicsTools/NanoAODTools/WWG/2017/crab/crab2017/crab_WZ_TuneCP5_13TeV-pythia8_2017/crab.log
