DEBUG 2021-09-11 10:22:22.004 UTC: 	 CRAB Client version: v3.210825
DEBUG 2021-09-11 10:22:22.005 UTC: 	 Running on: Linux lxplus718.cern.ch 3.10.0-1160.36.2.el7.x86_64 #1 SMP Wed Jul 21 11:57:15 UTC 2021 x86_64 x86_64 x86_64 GNU/Linux - CentOS Linux 7 (Core)
DEBUG 2021-09-11 10:22:22.005 UTC: 	 Executing command: 'submit'
DEBUG 2021-09-11 10:22:22.005 UTC: 	 Found CRAB cache file /afs/cern.ch/user/y/yian/.crab3
INFO 2021-09-11 10:22:22.006 UTC: 	 Will use CRAB configuration file crabcode_2018/DYJetsToLL_M-50_TuneCP5_13TeV-amcatnloFXFX-pythia8_2018_cfg.py
DEBUG 2021-09-11 10:22:22.006 UTC: 	 Loading CRAB configuration file.
DEBUG 2021-09-11 10:22:22.027 UTC: 	 Will use CRAB Analysis plugin (i.e. will run an analysis job type).
DEBUG 2021-09-11 10:22:22.045 UTC: 	 Checking credentials
DEBUG 2021-09-11 10:22:22.045 UTC: 	 Found proxy file /tmp/x509up_u110046
DEBUG 2021-09-11 10:22:22.045 UTC: 	 Getting proxy life time left
DEBUG 2021-09-11 10:22:22.752 UTC: 	 Executing : 
 command : voms-proxy-info -file /tmp/x509up_u110046 -timeleft
 output : 603874

 error: 
 retcode : 0
DEBUG 2021-09-11 10:22:23.462 UTC: 	 Executing : 
 command : voms-proxy-info -file /tmp/x509up_u110046 -actimeleft
 output : 603873

 error: 
 retcode : 0
DEBUG 2021-09-11 10:22:23.462 UTC: 	 Proxy lifetime 603874 secs is different from voms extension lifetime 603873 secs for proxy: /tmp/x509up_u110046
DEBUG 2021-09-11 10:22:23.462 UTC: 	 Proxy valid for 167:44:33 hours
DEBUG 2021-09-11 10:22:24.068 UTC: 	 Executing : 
 command : env X509_USER_PROXY=/tmp/x509up_u110046 voms-proxy-info -fqan
 output : /cms/Role=NULL/Capability=NULL

 error: 
 retcode : 0
DEBUG 2021-09-11 10:22:24.153 UTC: 	 Registering user credentials for server /DC=ch/DC=cern/OU=computers/CN=crab-(preprod|prod|dev)-tw(02|01).cern.ch|/DC=ch/DC=cern/OU=computers/CN=(ddi|ddidk|mytw).cern.ch|/DC=ch/DC=cern/OU=computers/CN=stefanov(m|m2).cern.ch
DEBUG 2021-09-11 10:22:24.765 UTC: 	 Executing : 
 command : voms-proxy-info -file /tmp/x509up_u110046 -identity
 output : /DC=ch/DC=cern/OU=Organic Units/OU=Users/CN=yian/CN=826694/CN=Ying An

 error: 
 retcode : 0
DEBUG 2021-09-11 10:22:24.772 UTC: 	 Getting myproxy life time left for myproxy.cern.ch
DEBUG 2021-09-11 10:22:24.773 UTC: 	 using b52ac606a6f7097e9b4b8f05a3a67cc69f8f291b as credential login name
DEBUG 2021-09-11 10:22:25.077 UTC: 	 Executing : 
 command : myproxy-info -l b52ac606a6f7097e9b4b8f05a3a67cc69f8f291b -s myproxy.cern.ch
 output : username: b52ac606a6f7097e9b4b8f05a3a67cc69f8f291b
owner: /DC=ch/DC=cern/OU=Organic Units/OU=Users/CN=yian/CN=826694/CN=Ying An
  renewal policy: /DC=ch/DC=cern/OU=computers/CN=crab-(preprod|prod|dev)-tw(02|01).cern.ch|/DC=ch/DC=cern/OU=computers/CN=(ddi|ddidk|mytw).cern.ch|/DC=ch/DC=cern/OU=computers/CN=stefanov(m|m2).cern.ch
  trusted retrieval policy: /DC=ch/DC=cern/OU=computers/CN=crab-(preprod|prod|dev)-tw(02|01).cern.ch|/DC=ch/DC=cern/OU=computers/CN=(ddi|ddidk|mytw).cern.ch|/DC=ch/DC=cern/OU=computers/CN=stefanov(m|m2).cern.ch
  timeleft: 362:02:47  (15.1 days)

 error: 
 retcode : 0
DEBUG 2021-09-11 10:22:25.078 UTC: 	 Myproxy is valid: 1303367
DEBUG 2021-09-11 10:22:25.078 UTC: 	 Retrieving username ...
DEBUG 2021-09-11 10:22:25.078 UTC: 	 Retrieving username from CRIC...
DEBUG 2021-09-11 10:22:25.779 UTC: 	 username is yian
DEBUG 2021-09-11 10:22:25.785 UTC: 	 Getting myproxy life time left for myproxy.cern.ch
DEBUG 2021-09-11 10:22:25.785 UTC: 	 using yian_CRAB as credential login name
DEBUG 2021-09-11 10:22:26.089 UTC: 	 Executing : 
 command : myproxy-info -l yian_CRAB -s myproxy.cern.ch
 output : username: yian_CRAB
owner: /DC=ch/DC=cern/OU=Organic Units/OU=Users/CN=yian/CN=826694/CN=Ying An
  renewal policy: /DC=ch/DC=cern/OU=computers/CN=crab-(preprod|prod|dev)-tw(02|01).cern.ch|/DC=ch/DC=cern/OU=computers/CN=(ddi|ddidk|mytw).cern.ch|/DC=ch/DC=cern/OU=computers/CN=stefanov(m|m2).cern.ch
  trusted retrieval policy: /DC=ch/DC=cern/OU=computers/CN=crab-(preprod|prod|dev)-tw(02|01).cern.ch|/DC=ch/DC=cern/OU=computers/CN=(ddi|ddidk|mytw).cern.ch|/DC=ch/DC=cern/OU=computers/CN=stefanov(m|m2).cern.ch
  timeleft: 363:03:12  (15.1 days)

 error: 
 retcode : 0
DEBUG 2021-09-11 10:22:26.090 UTC: 	 Myproxy is valid: 1306992
DEBUG 2021-09-11 10:22:26.090 UTC: 	 Result of myproxy credential check:
  Credential exists on myproxy: username: b52ac606a6f7097e9b4b8f05a3a67cc69f8f291b  - validity: 15 days, 2:02:47
  Credential exists on myproxy: username: yian_CRAB  - validity: 15 days, 3:03:12
DEBUG 2021-09-11 10:22:26.090 UTC: 	 Command use: submit
DEBUG 2021-09-11 10:22:26.090 UTC: 	 Options use: ['-c', 'crabcode_2018/DYJetsToLL_M-50_TuneCP5_13TeV-amcatnloFXFX-pythia8_2018_cfg.py']
DEBUG 2021-09-11 10:22:26.168 UTC: 	 CRABClient version: v3.210825
DEBUG 2021-09-11 10:22:26.169 UTC: 	 Instance is prod
DEBUG 2021-09-11 10:22:26.169 UTC: 	 Server base url is cmsweb.cern.ch
DEBUG 2021-09-11 10:22:26.169 UTC: 	 Command api workflow
DEBUG 2021-09-11 10:22:26.169 UTC: 	 Started submission
DEBUG 2021-09-11 10:22:26.169 UTC: 	 Working on /afs/cern.ch/work/y/yian/work/GZ/CMSSW_10_6_20/src/PhysicsTools/NanoAODTools/WWG/2018/crab/crab2018/crab_DYJetsToLL_M-50_TuneCP5_13TeV-amcatnloFXFX-pythia8_2018
DEBUG 2021-09-11 10:22:26.310 UTC: 	 Loading required information from the environment
DEBUG 2021-09-11 10:22:26.310 UTC: 	 Found CMSSW_10_6_20 for slc7_amd64_gcc820 with base /afs/cern.ch/work/y/yian/work/GZ/CMSSW_10_6_20
DEBUG 2021-09-11 10:22:26.310 UTC: 	 Loading required information from the environment
DEBUG 2021-09-11 10:22:26.310 UTC: 	 Found CMSSW_10_6_20 for slc7_amd64_gcc820 with base /afs/cern.ch/work/y/yian/work/GZ/CMSSW_10_6_20
DEBUG 2021-09-11 10:22:26.310 UTC: 	 UNIQUE NAME: tarUUID 1aee2724-c8a7-4d42-a1d8-84cc63049b5f 
DEBUG 2021-09-11 10:22:26.310 UTC: 	 self.config: from WMCore.Configuration import Configuration
config = Configuration()
config.section_('General')
config.General.workArea = 'crab2018'
config.General.transferLogs = False
config.General.requestName = 'DYJetsToLL_M-50_TuneCP5_13TeV-amcatnloFXFX-pythia8_2018'
config.section_('JobType')
config.JobType.scriptArgs = ['isdata=MC', 'year=2018', 'era=A']
config.JobType.scriptExe = './WWG_crab_script.sh'
config.JobType.pluginName = 'Analysis'
config.JobType.sendPythonFolder = True
config.JobType.allowUndistributedCMSSW = True
config.JobType.psetName = 'PSet.py'
config.JobType.inputFiles = ['../../../scripts/haddnano.py', '../WWG_selector/WWG_postproc.py', '../WWG_selector/WWG_Module.py', '../WWG_selector/WWG_keep_and_drop.txt', '../WWG_selector/WWG_output_branch.txt', '../WWG_selector/DAS_filesearch.py']
config.section_('Data')
config.Data.inputDataset = '/DYJetsToLL_M-50_TuneCP5_13TeV-amcatnloFXFX-pythia8/RunIISummer20UL18NanoAODv9-Pilot_106X_upgrade2018_realistic_v16_L1v1-v1/NANOAODSIM'
config.Data.allowNonValidInputDataset = True
config.Data.publication = False
config.Data.unitsPerJob = 1
config.Data.ignoreLocality = True
config.Data.inputDBS = 'global'
config.Data.splitting = 'FileBased'
config.Data.outputDatasetTag = 'DYJetsToLL_M-50_TuneCP5_13TeV-amcatnloFXFX-pythia8_2018'
config.section_('Site')
config.Site.whitelist = ['T2_US_MIT', 'T2_US_Wisconsin', 'T2_US_Purdue', 'T2_US_UCSD', 'T2_US_Caltech', 'T2_US_Nebraska']
config.Site.storageSite = 'T3_CH_CERNBOX'

DEBUG 2021-09-11 10:22:26.310 UTC: 	 self.config.JobType.psetName: PSet.py
INFO 2021-09-11 10:22:26.310 UTC: 	 Importing CMSSW configuration PSet.py
INFO 2021-09-11 10:22:26.722 UTC: 	 Finished importing CMSSW configuration PSet.py
DEBUG 2021-09-11 10:22:26.722 UTC: 	 Writing CMSSW configuration to /afs/cern.ch/work/y/yian/work/GZ/CMSSW_10_6_20/src/PhysicsTools/NanoAODTools/WWG/2018/crab/crab2018/crab_DYJetsToLL_M-50_TuneCP5_13TeV-amcatnloFXFX-pythia8_2018/inputs/PSet.py
DEBUG 2021-09-11 10:22:26.731 UTC: 	 The following EDM output files will be collected: ['tree.root']
DEBUG 2021-09-11 10:22:26.731 UTC: 	 The following TFile output files will be collected: []
DEBUG 2021-09-11 10:22:26.731 UTC: 	 The following user output files (not listed as PoolOuputModule or TFileService in the CMSSW PSet) will be collected: 
DEBUG 2021-09-11 10:22:26.731 UTC: 	 Loading required information from the environment
DEBUG 2021-09-11 10:22:26.731 UTC: 	 Found CMSSW_10_6_20 for slc7_amd64_gcc820 with base /afs/cern.ch/work/y/yian/work/GZ/CMSSW_10_6_20
DEBUG 2021-09-11 10:22:26.731 UTC: 	 Making tarball in /afs/cern.ch/work/y/yian/work/GZ/CMSSW_10_6_20/src/PhysicsTools/NanoAODTools/WWG/2018/crab/crab2018/crab_DYJetsToLL_M-50_TuneCP5_13TeV-amcatnloFXFX-pythia8_2018/inputs/1aee2724-c8a7-4d42-a1d8-84cc63049b5fdefault.tgz
DEBUG 2021-09-11 10:22:26.732 UTC: 	 Checking directory /afs/cern.ch/work/y/yian/work/GZ/CMSSW_10_6_20/lib
DEBUG 2021-09-11 10:22:26.732 UTC: 	 Adding directory /afs/cern.ch/work/y/yian/work/GZ/CMSSW_10_6_20/lib to tarball
DEBUG 2021-09-11 10:22:26.849 UTC: 	 Checking directory /afs/cern.ch/work/y/yian/work/GZ/CMSSW_10_6_20/biglib
DEBUG 2021-09-11 10:22:26.849 UTC: 	 Adding directory /afs/cern.ch/work/y/yian/work/GZ/CMSSW_10_6_20/biglib to tarball
DEBUG 2021-09-11 10:22:26.849 UTC: 	 Checking directory /afs/cern.ch/work/y/yian/work/GZ/CMSSW_10_6_20/module
DEBUG 2021-09-11 10:22:26.849 UTC: 	 Checking directory /afs/cern.ch/work/y/yian/work/GZ/CMSSW_10_6_20/python
DEBUG 2021-09-11 10:22:26.850 UTC: 	 Adding directory /afs/cern.ch/work/y/yian/work/GZ/CMSSW_10_6_20/python to tarball
DEBUG 2021-09-11 10:22:29.204 UTC: 	 Checking directory /afs/cern.ch/work/y/yian/work/GZ/CMSSW_10_6_20/cfipython
DEBUG 2021-09-11 10:22:29.204 UTC: 	 Adding directory /afs/cern.ch/work/y/yian/work/GZ/CMSSW_10_6_20/cfipython to tarball
DEBUG 2021-09-11 10:22:29.309 UTC: 	 Adding data directory /afs/cern.ch/work/y/yian/work/GZ/CMSSW_10_6_20/src/PhysicsTools/NanoAODTools/data to tarball
DEBUG 2021-09-11 10:22:48.881 UTC: 	 Adding data directory /afs/cern.ch/work/y/yian/work/GZ/CMSSW_10_6_20/src/PhysicsTools/NanoAODTools/interface to tarball
DEBUG 2021-09-11 10:22:48.886 UTC: 	 Adding data directory /afs/cern.ch/work/y/yian/work/GZ/CMSSW_10_6_20/src/PhysicsTools/NanoAODTools/python/postprocessing/data to tarball
DEBUG 2021-09-11 10:22:51.013 UTC: 	 Adding file ../../../scripts/haddnano.py to tarball
DEBUG 2021-09-11 10:22:51.013 UTC: 	 Adding file ../WWG_selector/WWG_postproc.py to tarball
DEBUG 2021-09-11 10:22:51.014 UTC: 	 Adding file ../WWG_selector/WWG_Module.py to tarball
DEBUG 2021-09-11 10:22:51.014 UTC: 	 Adding file ../WWG_selector/WWG_keep_and_drop.txt to tarball
DEBUG 2021-09-11 10:22:51.015 UTC: 	 Adding file ../WWG_selector/WWG_output_branch.txt to tarball
DEBUG 2021-09-11 10:22:51.015 UTC: 	 Adding file ../WWG_selector/DAS_filesearch.py to tarball
DEBUG 2021-09-11 10:22:55.645 UTC: 	 Uploading archive /afs/cern.ch/work/y/yian/work/GZ/CMSSW_10_6_20/src/PhysicsTools/NanoAODTools/WWG/2018/crab/crab2018/crab_DYJetsToLL_M-50_TuneCP5_13TeV-amcatnloFXFX-pythia8_2018/inputs/1aee2724-c8a7-4d42-a1d8-84cc63049b5fdefault.tgz (94 MB) to the CRAB cache. Using URI https://cmsweb.cern.ch/S3/crabcache_prod
DEBUG 2021-09-11 10:23:19.912 UTC: 	 sandbox ce4024b067767c0af918e51c87b31628855166e163a541c120405109f27fbcb5.tar.gz is already in the S3 store, will not upload again
DEBUG 2021-09-11 10:23:19.912 UTC: 	 Loading required information from the environment
DEBUG 2021-09-11 10:23:19.912 UTC: 	 Found CMSSW_10_6_20 for slc7_amd64_gcc820 with base /afs/cern.ch/work/y/yian/work/GZ/CMSSW_10_6_20
DEBUG 2021-09-11 10:23:19.912 UTC: 	 Making tarball in /afs/cern.ch/work/y/yian/work/GZ/CMSSW_10_6_20/src/PhysicsTools/NanoAODTools/WWG/2018/crab/crab2018/crab_DYJetsToLL_M-50_TuneCP5_13TeV-amcatnloFXFX-pythia8_2018/inputs/debugFiles.tgz
DEBUG 2021-09-11 10:23:19.917 UTC: 	 Uploading archive /afs/cern.ch/work/y/yian/work/GZ/CMSSW_10_6_20/src/PhysicsTools/NanoAODTools/WWG/2018/crab/crab2018/crab_DYJetsToLL_M-50_TuneCP5_13TeV-amcatnloFXFX-pythia8_2018/inputs/debugFiles.tgz (1 KB) to the CRAB cache. Using URI https://cmsweb.cern.ch/S3/crabcache_prod
DEBUG 2021-09-11 10:23:20.038 UTC: 	 Will execute:
curl -f -v -X POST  -H "User-Agent: CRAB" -F "key=yian/sandboxes/c2dc05662a5749358f82ce5c7aed5579c4a0ad0c58fdc2bc33655b0e49044930.tar.gz" -F "AWSAccessKeyId=ab00fcc889f248c495d2875f15a3badb" -F "policy=eyJjb25kaXRpb25zIjogW3siYnVja2V0IjogImNyYWJjYWNoZV9wcm9kIn0sIHsia2V5IjogInlpYW4vc2FuZGJveGVzL2MyZGMwNTY2MmE1NzQ5MzU4ZjgyY2U1YzdhZWQ1NTc5YzRhMGFkMGM1OGZkYzJiYzMzNjU1YjBlNDkwNDQ5MzAudGFyLmd6In1dLCAiZXhwaXJhdGlvbiI6ICIyMDIxLTA5LTExVDExOjIzOjIwWiJ9" -F "signature=NOJQW2+ouImn6PHgFGHXKctMew0=" -F "file=@/afs/cern.ch/work/y/yian/work/GZ/CMSSW_10_6_20/src/PhysicsTools/NanoAODTools/WWG/2018/crab/crab2018/crab_DYJetsToLL_M-50_TuneCP5_13TeV-amcatnloFXFX-pythia8_2018/inputs/debugFiles.tgz" "https://s3.cern.ch/crabcache_prod"
DEBUG 2021-09-11 10:23:21.109 UTC: 	 exitcode: 0
stdout: 
stderr: Note: Unnecessary use of -X or --request, POST is already inferred.
  % Total    % Received % Xferd  Average Speed   Time    Time     Time  Current
                                 Dload  Upload   Total   Spent    Left  Speed
  0     0    0     0    0     0      0      0 --:--:-- --:--:-- --:--:--     0*   Trying 2001:1458:d00:14::341...
* TCP_NODELAY set
* Connected to s3.cern.ch (2001:1458:d00:14::341) port 443 (#0)
* ALPN, offering http/1.1
* Cipher selection: ALL:!EXPORT:!EXPORT40:!EXPORT56:!aNULL:!LOW:!RC4:@STRENGTH
* successfully set certificate verify locations:
  CAfile: /etc/pki/tls/certs/ca-bundle.crt
  CApath: none
* TLSv1.2 (OUT), TLS header, Certificate Status (22):
} [5 bytes data]
* TLSv1.2 (OUT), TLS handshake, Client hello (1):
} [512 bytes data]
* TLSv1.2 (IN), TLS handshake, Server hello (2):
{ [70 bytes data]
* TLSv1.2 (IN), TLS handshake, Certificate (11):
{ [4780 bytes data]
* TLSv1.2 (IN), TLS handshake, Server key exchange (12):
{ [333 bytes data]
* TLSv1.2 (IN), TLS handshake, Server finished (14):
{ [4 bytes data]
* TLSv1.2 (OUT), TLS handshake, Client key exchange (16):
} [70 bytes data]
* TLSv1.2 (OUT), TLS change cipher, Client hello (1):
} [1 bytes data]
* TLSv1.2 (OUT), TLS handshake, Finished (20):
} [16 bytes data]
* TLSv1.2 (IN), TLS change cipher, Client hello (1):
{ [1 bytes data]
* TLSv1.2 (IN), TLS handshake, Finished (20):
{ [16 bytes data]
* SSL connection using TLSv1.2 / ECDHE-RSA-AES128-GCM-SHA256
* ALPN, server accepted to use http/1.1
* Server certificate:
*  subject: C=CH; ST=Genève; L=Meyrin; O=Organisation européenne pour la Recherche nucléaire (CERN); CN=*.s3.cern.ch
*  start date: Mar 10 00:00:00 2021 GMT
*  expire date: Mar 10 23:59:59 2022 GMT
*  subjectAltName: host "s3.cern.ch" matched cert's "s3.cern.ch"
*  issuer: C=GB; ST=Greater Manchester; L=Salford; O=Sectigo Limited; CN=Sectigo RSA Organization Validation Secure Server CA
*  SSL certificate verify ok.
} [5 bytes data]
> POST /crabcache_prod HTTP/1.1
> Host: s3.cern.ch
> Accept: */*
> User-Agent: CRAB
> Content-Length: 2787
> Content-Type: multipart/form-data; boundary=------------------------3a101ac020e5716f
> Expect: 100-continue
> 
{ [5 bytes data]
< HTTP/1.1 100 Continue
  0  2787    0     0    0     0      0      0 --:--:--  0:00:01 --:--:--     0} [5 bytes data]
< HTTP/1.1 204 No Content
< Accept-Ranges: bytes
< Bucket: crabcache_prod
< Date: Sat, 11 Sep 2021 10:23:21 GMT
< X-Amz-Request-Id: tx00000000000000e24ebb5-00613c8398-1e049857-default
< 
100  2787    0     0  100  2787      0   2692  0:00:01  0:00:01 --:--:--  2692
* Connection #0 to host s3.cern.ch left intact

DEBUG 2021-09-11 10:23:21.109 UTC: 	 sandbox /afs/cern.ch/work/y/yian/work/GZ/CMSSW_10_6_20/src/PhysicsTools/NanoAODTools/WWG/2018/crab/crab2018/crab_DYJetsToLL_M-50_TuneCP5_13TeV-amcatnloFXFX-pythia8_2018/inputs/debugFiles.tgz successully uploaded to S3
DEBUG 2021-09-11 10:23:21.110 UTC: 	 Result uploading input files: ce4024b067767c0af918e51c87b31628855166e163a541c120405109f27fbcb5.tar.gz 
INFO 2021-09-11 10:23:21.111 UTC: 	 Sending the request to the server at cmsweb.cern.ch
DEBUG 2021-09-11 10:23:21.111 UTC: 	 Submitting {'maxjobruntime': 1250, 'extrajdl': [], 'ignorelocality': 1, 'savelogsflag': 0, 'useparent': 0, 'scriptexe': 'WWG_crab_script.sh', 'asyncdest': 'T3_CH_CERNBOX', 'algoargs': 1, 'cachefilename': 'ce4024b067767c0af918e51c87b31628855166e163a541c120405109f27fbcb5.tar.gz', 'numcores': 1, 'addoutputfiles': [], 'generator': 'pythia', 'maxmemory': 2000, 'publishdbsurl': 'https://cmsweb.cern.ch/dbs/prod/phys03/DBSWriter', 'priority': 10, 'jobsw': 'CMSSW_10_6_20', 'edmoutfiles': ['tree.root'], 'userfiles': [], 'primarydataset': '', 'inputdata': '/DYJetsToLL_M-50_TuneCP5_13TeV-amcatnloFXFX-pythia8/RunIISummer20UL18NanoAODv9-Pilot_106X_upgrade2018_realistic_v16_L1v1-v1/NANOAODSIM', 'dryrun': 0, 'workflow': 'crab_DYJetsToLL_M-50_TuneCP5_13TeV-amcatnloFXFX-pythia8_2018', 'scriptargs': ['isdata=MC', 'year=2018', 'era=A'], 'sitewhitelist': ['T2_US_MIT', 'T2_US_Wisconsin', 'T2_US_Purdue', 'T2_US_UCSD', 'T2_US_Caltech', 'T2_US_Nebraska'], 'nonprodsw': 1, 'tfileoutfiles': [], 'oneEventMode': 0, 'debugfilename': 'c2dc05662a5749358f82ce5c7aed5579c4a0ad0c58fdc2bc33655b0e49044930.tar.gz', 'cacheurl': u'https://cmsweb.cern.ch/S3/crabcache_prod', 'saveoutput': 1, 'publication': 0, 'jobarch': 'slc7_amd64_gcc820', 'totalunits': 0, 'splitalgo': 'FileBased', 'ignoreglobalblacklist': 0, 'nonvaliddata': 1, 'dbsurl': 'https://cmsweb.cern.ch/dbs/prod/global/DBSReader', 'publishgroupname': 0, 'jobtype': 'Analysis', 'publishname2': 'DYJetsToLL_M-50_TuneCP5_13TeV-amcatnloFXFX-pythia8_2018'} 
DEBUG 2021-09-11 10:23:21.111 UTC: 	 Encoded submit request: maxjobruntime=1250&ignorelocality=1&savelogsflag=0&useparent=0&scriptexe=WWG_crab_script.sh&asyncdest=T3_CH_CERNBOX&algoargs=1&cachefilename=ce4024b067767c0af918e51c87b31628855166e163a541c120405109f27fbcb5.tar.gz&numcores=1&generator=pythia&maxmemory=2000&publishdbsurl=https%3A%2F%2Fcmsweb.cern.ch%2Fdbs%2Fprod%2Fphys03%2FDBSWriter&priority=10&jobsw=CMSSW_10_6_20&primarydataset=&inputdata=%2FDYJetsToLL_M-50_TuneCP5_13TeV-amcatnloFXFX-pythia8%2FRunIISummer20UL18NanoAODv9-Pilot_106X_upgrade2018_realistic_v16_L1v1-v1%2FNANOAODSIM&dryrun=0&workflow=crab_DYJetsToLL_M-50_TuneCP5_13TeV-amcatnloFXFX-pythia8_2018&nonprodsw=1&oneEventMode=0&debugfilename=c2dc05662a5749358f82ce5c7aed5579c4a0ad0c58fdc2bc33655b0e49044930.tar.gz&cacheurl=https%3A%2F%2Fcmsweb.cern.ch%2FS3%2Fcrabcache_prod&saveoutput=1&publication=0&jobarch=slc7_amd64_gcc820&totalunits=0&splitalgo=FileBased&ignoreglobalblacklist=0&nonvaliddata=1&dbsurl=https%3A%2F%2Fcmsweb.cern.ch%2Fdbs%2Fprod%2Fglobal%2FDBSReader&publishgroupname=0&jobtype=Analysis&publishname2=DYJetsToLL_M-50_TuneCP5_13TeV-amcatnloFXFX-pythia8_2018&sitewhitelist=T2_US_MIT&sitewhitelist=T2_US_Wisconsin&sitewhitelist=T2_US_Purdue&sitewhitelist=T2_US_UCSD&sitewhitelist=T2_US_Caltech&sitewhitelist=T2_US_Nebraska&edmoutfiles=tree.root&scriptargs=isdata%3DMC&scriptargs=year%3D2018&scriptargs=era%3DA
DEBUG 2021-09-11 10:23:21.470 UTC: 	 Result: {u'result': [{u'RequestName': u'210911_102321:yian_crab_DYJetsToLL_M-50_TuneCP5_13TeV-amcatnloFXFX-pythia8_2018'}]}
INFO 2021-09-11 10:23:21.474 UTC: 	 Success: Your task has been delivered to the prod CRAB3 server.
INFO 2021-09-11 10:23:21.474 UTC: 	 Task name: 210911_102321:yian_crab_DYJetsToLL_M-50_TuneCP5_13TeV-amcatnloFXFX-pythia8_2018
INFO 2021-09-11 10:23:21.474 UTC: 	 Project dir: crab2018/crab_DYJetsToLL_M-50_TuneCP5_13TeV-amcatnloFXFX-pythia8_2018
INFO 2021-09-11 10:23:21.474 UTC: 	 Please use ' crab status -d crab2018/crab_DYJetsToLL_M-50_TuneCP5_13TeV-amcatnloFXFX-pythia8_2018 ' to check how the submission process proceeds.
DEBUG 2021-09-11 10:23:21.474 UTC: 	 About to return
INFO 2021-09-11 10:23:21.478 UTC: 	 Log file is /afs/cern.ch/work/y/yian/work/GZ/CMSSW_10_6_20/src/PhysicsTools/NanoAODTools/WWG/2018/crab/crab2018/crab_DYJetsToLL_M-50_TuneCP5_13TeV-amcatnloFXFX-pythia8_2018/crab.log
DEBUG 2021-09-12 11:07:19.874 UTC: 	 CRAB Client version: v3.210825
DEBUG 2021-09-12 11:07:19.874 UTC: 	 Running on: Linux lxplus710.cern.ch 3.10.0-1160.36.2.el7.x86_64 #1 SMP Wed Jul 21 11:57:15 UTC 2021 x86_64 x86_64 x86_64 GNU/Linux - CentOS Linux 7 (Core)
DEBUG 2021-09-12 11:07:19.874 UTC: 	 Executing command: 'status'
DEBUG 2021-09-12 11:07:19.875 UTC: 	 Found CRAB cache file /afs/cern.ch/user/y/yian/.crab3
DEBUG 2021-09-12 11:07:20.215 UTC: 	 Checking credentials
DEBUG 2021-09-12 11:07:20.215 UTC: 	 Found proxy file /tmp/x509up_u110046
DEBUG 2021-09-12 11:07:20.215 UTC: 	 Getting proxy life time left
DEBUG 2021-09-12 11:07:20.922 UTC: 	 Executing : 
 command : voms-proxy-info -file /tmp/x509up_u110046 -timeleft
 output : 604365

 error: 
 retcode : 0
DEBUG 2021-09-12 11:07:21.644 UTC: 	 Executing : 
 command : voms-proxy-info -file /tmp/x509up_u110046 -actimeleft
 output : 604364

 error: 
 retcode : 0
DEBUG 2021-09-12 11:07:21.645 UTC: 	 Proxy lifetime 604365 secs is different from voms extension lifetime 604364 secs for proxy: /tmp/x509up_u110046
DEBUG 2021-09-12 11:07:21.645 UTC: 	 Proxy valid for 167:52:44 hours
DEBUG 2021-09-12 11:07:21.763 UTC: 	 Registering user credentials for server /DC=ch/DC=cern/OU=computers/CN=crab-(preprod|prod|dev)-tw(02|01).cern.ch|/DC=ch/DC=cern/OU=computers/CN=(ddi|ddidk|mytw).cern.ch|/DC=ch/DC=cern/OU=computers/CN=stefanov(m|m2).cern.ch
DEBUG 2021-09-12 11:07:22.480 UTC: 	 Executing : 
 command : voms-proxy-info -file /tmp/x509up_u110046 -identity
 output : /DC=ch/DC=cern/OU=Organic Units/OU=Users/CN=yian/CN=826694/CN=Ying An

 error: 
 retcode : 0
DEBUG 2021-09-12 11:07:22.488 UTC: 	 Getting myproxy life time left for myproxy.cern.ch
DEBUG 2021-09-12 11:07:22.488 UTC: 	 using b52ac606a6f7097e9b4b8f05a3a67cc69f8f291b as credential login name
DEBUG 2021-09-12 11:07:22.892 UTC: 	 Executing : 
 command : myproxy-info -l b52ac606a6f7097e9b4b8f05a3a67cc69f8f291b -s myproxy.cern.ch
 output : username: b52ac606a6f7097e9b4b8f05a3a67cc69f8f291b
owner: /DC=ch/DC=cern/OU=Organic Units/OU=Users/CN=yian/CN=826694/CN=Ying An
  renewal policy: /DC=ch/DC=cern/OU=computers/CN=crab-(preprod|prod|dev)-tw(02|01).cern.ch|/DC=ch/DC=cern/OU=computers/CN=(ddi|ddidk|mytw).cern.ch|/DC=ch/DC=cern/OU=computers/CN=stefanov(m|m2).cern.ch
  trusted retrieval policy: /DC=ch/DC=cern/OU=computers/CN=crab-(preprod|prod|dev)-tw(02|01).cern.ch|/DC=ch/DC=cern/OU=computers/CN=(ddi|ddidk|mytw).cern.ch|/DC=ch/DC=cern/OU=computers/CN=stefanov(m|m2).cern.ch
  timeleft: 719:54:19  (30.0 days)

 error: 
 retcode : 0
DEBUG 2021-09-12 11:07:22.893 UTC: 	 Myproxy is valid: 2591659
DEBUG 2021-09-12 11:07:22.894 UTC: 	 Retrieving username ...
DEBUG 2021-09-12 11:07:22.894 UTC: 	 Retrieving username from CRIC...
DEBUG 2021-09-12 11:07:23.639 UTC: 	 username is yian
DEBUG 2021-09-12 11:07:23.646 UTC: 	 Getting myproxy life time left for myproxy.cern.ch
DEBUG 2021-09-12 11:07:23.646 UTC: 	 using yian_CRAB as credential login name
DEBUG 2021-09-12 11:07:24.050 UTC: 	 Executing : 
 command : myproxy-info -l yian_CRAB -s myproxy.cern.ch
 output : username: yian_CRAB
owner: /DC=ch/DC=cern/OU=Organic Units/OU=Users/CN=yian/CN=826694/CN=Ying An
  renewal policy: /DC=ch/DC=cern/OU=computers/CN=crab-(preprod|prod|dev)-tw(02|01).cern.ch|/DC=ch/DC=cern/OU=computers/CN=(ddi|ddidk|mytw).cern.ch|/DC=ch/DC=cern/OU=computers/CN=stefanov(m|m2).cern.ch
  trusted retrieval policy: /DC=ch/DC=cern/OU=computers/CN=crab-(preprod|prod|dev)-tw(02|01).cern.ch|/DC=ch/DC=cern/OU=computers/CN=(ddi|ddidk|mytw).cern.ch|/DC=ch/DC=cern/OU=computers/CN=stefanov(m|m2).cern.ch
  timeleft: 719:54:31  (30.0 days)

 error: 
 retcode : 0
DEBUG 2021-09-12 11:07:24.051 UTC: 	 Myproxy is valid: 2591671
DEBUG 2021-09-12 11:07:24.051 UTC: 	 Result of myproxy credential check:
  Credential exists on myproxy: username: b52ac606a6f7097e9b4b8f05a3a67cc69f8f291b  - validity: 29 days, 23:54:19
  Credential exists on myproxy: username: yian_CRAB  - validity: 29 days, 23:54:31
DEBUG 2021-09-12 11:07:24.052 UTC: 	 Command use: status
DEBUG 2021-09-12 11:07:24.052 UTC: 	 Options use: ['-d', 'crab2018/crab_DYJetsToLL_M-50_TuneCP5_13TeV-amcatnloFXFX-pythia8_2018']
DEBUG 2021-09-12 11:07:24.130 UTC: 	 CRABClient version: v3.210825
DEBUG 2021-09-12 11:07:24.130 UTC: 	 Instance is prod
DEBUG 2021-09-12 11:07:24.130 UTC: 	 Server base url is cmsweb.cern.ch
DEBUG 2021-09-12 11:07:24.130 UTC: 	 Command api workflow
DEBUG 2021-09-12 11:07:24.248 UTC: 	 Got information from server oracle database: {u'result': [u'210911_102321:yian_crab_DYJetsToLL_M-50_TuneCP5_13TeV-amcatnloFXFX-pythia8_2018', u'None', u'None', u'SUBMITTED', u'SUBMIT', u'2021-09-11 10:23:21.463702', u'None', u'2021-09-11 10:24:03.650607', u'None', u'CMSSW_10_6_20', u'slc7_amd64_gcc820', u'/DYJetsToLL_M-50_TuneCP5_13TeV-amcatnloFXFX-pythia8/RunIISummer20UL18NanoAODv9-Pilot_106X_upgrade2018_realistic_v16_L1v1-v1/NANOAODSIM', u'T', u'0', u"[u'T2_US_UCSD', u'T2_US_Wisconsin', u'T2_US_MIT', u'T2_US_Caltech', u'T2_US_Purdue', u'T2_US_Nebraska']", u'[]', u'FileBased', u"{'splitOnRun': False, 'halt_job_on_file_boundaries': False, 'files_per_job': 1, 'runs': [], 'lumis': []}", u'ce4024b067767c0af918e51c87b31628855166e163a541c120405109f27fbcb5.tar.gz', u'https://cmsweb.cern.ch/S3/crabcache_prod', u'yian', u'/DC=ch/DC=cern/OU=Organic Units/OU=Users/CN=yian/CN=826694/CN=Ying An', u'cms', u'None', u'None', u'DYJetsToLL_M-50_TuneCP5_13TeV-amcatnloFXFX-pythia8_2018-00000000000000000000000000000000', u'F', u'T3_CH_CERNBOX', u'https://cmsweb.cern.ch/dbs/prod/global/DBSReader', u'https://cmsweb.cern.ch/dbs/prod/phys03/DBSWriter', u'F', u'[]', u'[]', u"[b'tree.root']", u'Analysis', u'pythia', u'None', u'{}', u'[]', u'F', u'crab-prod-tw01', u'[]', u'1250', u'1', u'2000', u'10', u"['/DYJetsToLL_M-50_TuneCP5_13TeV-amcatnloFXFX-pythia8/yian-DYJetsToLL_M-50_TuneCP5_13TeV-amcatnloFXFX-pythia8_2018-1ea93bf7cfbb24e247bd0f4bd1955225/USER']", u'[]', u'http://vocms0106.cern.ch/mon/cms1407/210911_102321:yian_crab_DYJetsToLL_M-50_TuneCP5_13TeV-amcatnloFXFX-pythia8_2018', u'WWG_crab_script.sh', u"[b'isdata=MC', b'year=2018', b'era=A']", u'[]', u'https://cmsweb.cern.ch/crabserver/prod', u'cmsgwms-collector-global.cern.ch:9620,cmsgwms-collector-global.fnal.gov:9620', u'crab3@vocms0106.cern.ch', u'F', u'[]', u'T', u'/store/user/yian/', u'T', u'None', u'F', u'None', u'DYJetsToLL_M-50_TuneCP5_13TeV-amcatnloFXFX-pythia8', u'None', u'c2dc05662a5749358f82ce5c7aed5579c4a0ad0c58fdc2bc33655b0e49044930.tar.gz', u'59962338', u'filetransfers', u'F', u'188.184.97.219', u'0.0', u'None'], u'desc': {u'columns': [u'tm_taskname', u'tm_activity', u'panda_jobset_id', u'tm_task_status', u'tm_task_command', u'tm_start_time', u'tm_start_injection', u'tm_end_injection', u'tm_task_failure', u'tm_job_sw', u'tm_job_arch', u'tm_input_dataset', u'tm_nonvalid_input_dataset', u'tm_use_parent', u'tm_site_whitelist', u'tm_site_blacklist', u'tm_split_algo', u'tm_split_args', u'tm_user_sandbox', u'tm_cache_url', u'tm_username', u'tm_user_dn', u'tm_user_vo', u'tm_user_role', u'tm_user_group', u'tm_publish_name', u'tm_publish_groupname', u'tm_asyncdest', u'tm_dbs_url', u'tm_publish_dbs_url', u'tm_publication', u'tm_outfiles', u'tm_tfile_outfiles', u'tm_edm_outfiles', u'tm_job_type', u'tm_generator', u'tm_events_per_lumi', u'tm_arguments', u'panda_resubmitted_jobs', u'tm_save_logs', u'tw_name', u'tm_user_infiles', u'tm_maxjobruntime', u'tm_numcores', u'tm_maxmemory', u'tm_priority', u'tm_output_dataset', u'tm_task_warnings', u'tm_user_webdir', u'tm_scriptexe', u'tm_scriptargs', u'tm_extrajdl', u'tm_asourl', u'tm_collector', u'tm_schedd', u'tm_dry_run', u'tm_user_files', u'tm_transfer_outputs', u'tm_output_lfn', u'tm_ignore_locality', u'tm_fail_limit', u'tm_one_event_mode', u'tm_secondary_input_dataset', u'tm_primary_dataset', u'tm_last_publication', u'tm_debug_files', u'clusterid', u'tm_asodb', u'tm_ignore_global_blacklist', u'tm_submitter_ip_addr', u'tm_totalunits', u'tm_ddm_reqid']}}
INFO 2021-09-12 11:07:24.249 UTC: 	 CRAB project directory:		/afs/cern.ch/work/y/yian/work/GZ/CMSSW_10_6_20/src/PhysicsTools/NanoAODTools/WWG/2018/crab/crab2018/crab_DYJetsToLL_M-50_TuneCP5_13TeV-amcatnloFXFX-pythia8_2018
INFO 2021-09-12 11:07:24.249 UTC: 	 Task name:			210911_102321:yian_crab_DYJetsToLL_M-50_TuneCP5_13TeV-amcatnloFXFX-pythia8_2018
INFO 2021-09-12 11:07:24.249 UTC: 	 Grid scheduler - Task Worker:	crab3@vocms0106.cern.ch - crab-prod-tw01
INFO 2021-09-12 11:07:24.249 UTC: 	 Status on the CRAB server:	SUBMITTED
INFO 2021-09-12 11:07:24.249 UTC: 	 Task URL to use for HELP:	https://cmsweb.cern.ch/crabserver/ui/task/210911_102321%3Ayian_crab_DYJetsToLL_M-50_TuneCP5_13TeV-amcatnloFXFX-pythia8_2018
INFO 2021-09-12 11:07:24.253 UTC: 	 Dashboard monitoring URL:	https://monit-grafana.cern.ch/d/cmsTMDetail/cms-task-monitoring-task-view?orgId=11&var-user=yian&var-task=210911_102321%3Ayian_crab_DYJetsToLL_M-50_TuneCP5_13TeV-amcatnloFXFX-pythia8_2018&from=1631352201000&to=now
DEBUG 2021-09-12 11:07:24.253 UTC: 	 The CRAB server submitted your task to the Grid scheduler (cluster ID: 59962338)
DEBUG 2021-09-12 11:07:24.253 UTC: 	 Webdir is located at http://vocms0106.cern.ch/mon/cms1407/210911_102321:yian_crab_DYJetsToLL_M-50_TuneCP5_13TeV-amcatnloFXFX-pythia8_2018
DEBUG 2021-09-12 11:07:24.491 UTC: 	 Proxied webdir is located at https://cmsweb.cern.ch:8443/scheddmon/0106/cms1407/210911_102321:yian_crab_DYJetsToLL_M-50_TuneCP5_13TeV-amcatnloFXFX-pythia8_2018
DEBUG 2021-09-12 11:07:24.492 UTC: 	 Retrieving 'status_cache' file from https://cmsweb.cern.ch:8443/scheddmon/0106/cms1407/210911_102321:yian_crab_DYJetsToLL_M-50_TuneCP5_13TeV-amcatnloFXFX-pythia8_2018/status_cache
DEBUG 2021-09-12 11:07:24.530 UTC: 	 Got information from status cache file: {'1': {'Retries': 0, 'WallDurations': [9.0, 117.72552609443665, 857.0], 'StartTimes': [1631356107.0], 'SubmitTimes': [1631355850.0], 'JobIds': ['59962340.0'], 'EndTimes': [1631356964.0], 'Restarts': 0, 'RecordedSite': True, 'State': 'finished', 'ResidentSetSize': [806348], 'TotalUserCpuTimeHistory': [179], 'SiteHistory': ['Unknown', 'T2_US_MIT', 'T2_US_MIT'], 'TotalSysCpuTimeHistory': [8]}, '3': {'Retries': 0, 'WallDurations': [9.0, 131.72552609443665, 1575.0], 'StartTimes': [1631356093.0], 'SubmitTimes': [1631355850.0], 'JobIds': ['59962342.0'], 'EndTimes': [1631357668.0], 'Restarts': 0, 'RecordedSite': True, 'State': 'finished', 'ResidentSetSize': [812220], 'TotalUserCpuTimeHistory': [312], 'SiteHistory': ['Unknown', 'T2_US_MIT', 'T2_US_MIT'], 'TotalSysCpuTimeHistory': [14]}, '2': {'Retries': 0, 'WallDurations': [8.0, 131.72552609443665, 590.0], 'StartTimes': [1631356093.0], 'SubmitTimes': [1631355850.0], 'JobIds': ['59962341.0'], 'EndTimes': [1631356683.0], 'Restarts': 0, 'RecordedSite': True, 'State': 'finished', 'ResidentSetSize': [742464], 'TotalUserCpuTimeHistory': [263], 'SiteHistory': ['Unknown', 'T2_US_MIT', 'T2_US_MIT'], 'TotalSysCpuTimeHistory': [3]}}
INFO 2021-09-12 11:07:24.531 UTC: 	 Status on the scheduler:	COMPLETED
INFO 2021-09-12 11:07:24.531 UTC: 	 
Jobs status:                    finished     		100.0% (3/3)
INFO 2021-09-12 11:07:24.531 UTC: 	 
No publication information (publication has been disabled in the CRAB configuration file)
INFO 2021-09-12 11:07:24.531 UTC: 	 
Warning: the max jobs runtime is less than 30% of the task requested value (1250 min), please consider to request a lower value for failed jobs (allowed through crab resubmit) and/or improve the jobs splitting (e.g. config.Data.splitting = 'Automatic') in a new task.
INFO 2021-09-12 11:07:24.531 UTC: 	 
Warning: the average jobs CPU efficiency is less than 50%, please consider to improve the jobs splitting (e.g. config.Data.splitting = 'Automatic') in a new task
INFO 2021-09-12 11:07:24.531 UTC: 	 
Summary of run jobs:
 * Memory: 725MB min, 793MB max, 769MB ave
 * Runtime: 0:09:50 min, 0:26:15 max, 0:16:47 ave
 * CPU eff: 21% min, 45% max, 26% ave
 * Waste: 0:06:47 (12% of total)

INFO 2021-09-12 11:07:24.728 UTC: 	 Log file is /afs/cern.ch/work/y/yian/work/GZ/CMSSW_10_6_20/src/PhysicsTools/NanoAODTools/WWG/2018/crab/crab2018/crab_DYJetsToLL_M-50_TuneCP5_13TeV-amcatnloFXFX-pythia8_2018/crab.log
DEBUG 2021-09-12 11:31:15.348 UTC: 	 CRAB Client version: v3.210825
DEBUG 2021-09-12 11:31:15.348 UTC: 	 Running on: Linux lxplus710.cern.ch 3.10.0-1160.36.2.el7.x86_64 #1 SMP Wed Jul 21 11:57:15 UTC 2021 x86_64 x86_64 x86_64 GNU/Linux - CentOS Linux 7 (Core)
DEBUG 2021-09-12 11:31:15.348 UTC: 	 Executing command: 'resubmit'
DEBUG 2021-09-12 11:31:15.348 UTC: 	 Found CRAB cache file /afs/cern.ch/user/y/yian/.crab3
DEBUG 2021-09-12 11:31:15.444 UTC: 	 Checking credentials
DEBUG 2021-09-12 11:31:15.444 UTC: 	 Found proxy file /tmp/x509up_u110046
DEBUG 2021-09-12 11:31:15.445 UTC: 	 Getting proxy life time left
DEBUG 2021-09-12 11:31:16.049 UTC: 	 Executing : 
 command : voms-proxy-info -file /tmp/x509up_u110046 -timeleft
 output : 602929

 error: 
 retcode : 0
DEBUG 2021-09-12 11:31:16.657 UTC: 	 Executing : 
 command : voms-proxy-info -file /tmp/x509up_u110046 -actimeleft
 output : 602929

 error: 
 retcode : 0
DEBUG 2021-09-12 11:31:16.657 UTC: 	 Proxy valid for 167:28:49 hours
DEBUG 2021-09-12 11:31:16.723 UTC: 	 Registering user credentials for server /DC=ch/DC=cern/OU=computers/CN=crab-(preprod|prod|dev)-tw(02|01).cern.ch|/DC=ch/DC=cern/OU=computers/CN=(ddi|ddidk|mytw).cern.ch|/DC=ch/DC=cern/OU=computers/CN=stefanov(m|m2).cern.ch
DEBUG 2021-09-12 11:31:17.334 UTC: 	 Executing : 
 command : voms-proxy-info -file /tmp/x509up_u110046 -identity
 output : /DC=ch/DC=cern/OU=Organic Units/OU=Users/CN=yian/CN=826694/CN=Ying An

 error: 
 retcode : 0
DEBUG 2021-09-12 11:31:17.341 UTC: 	 Getting myproxy life time left for myproxy.cern.ch
DEBUG 2021-09-12 11:31:17.341 UTC: 	 using b52ac606a6f7097e9b4b8f05a3a67cc69f8f291b as credential login name
DEBUG 2021-09-12 11:31:17.645 UTC: 	 Executing : 
 command : myproxy-info -l b52ac606a6f7097e9b4b8f05a3a67cc69f8f291b -s myproxy.cern.ch
 output : username: b52ac606a6f7097e9b4b8f05a3a67cc69f8f291b
owner: /DC=ch/DC=cern/OU=Organic Units/OU=Users/CN=yian/CN=826694/CN=Ying An
  renewal policy: /DC=ch/DC=cern/OU=computers/CN=crab-(preprod|prod|dev)-tw(02|01).cern.ch|/DC=ch/DC=cern/OU=computers/CN=(ddi|ddidk|mytw).cern.ch|/DC=ch/DC=cern/OU=computers/CN=stefanov(m|m2).cern.ch
  trusted retrieval policy: /DC=ch/DC=cern/OU=computers/CN=crab-(preprod|prod|dev)-tw(02|01).cern.ch|/DC=ch/DC=cern/OU=computers/CN=(ddi|ddidk|mytw).cern.ch|/DC=ch/DC=cern/OU=computers/CN=stefanov(m|m2).cern.ch
  timeleft: 719:30:24  (30.0 days)

 error: 
 retcode : 0
DEBUG 2021-09-12 11:31:17.646 UTC: 	 Myproxy is valid: 2590224
DEBUG 2021-09-12 11:31:17.646 UTC: 	 Retrieving username ...
DEBUG 2021-09-12 11:31:17.647 UTC: 	 Retrieving username from CRIC...
DEBUG 2021-09-12 11:31:18.335 UTC: 	 username is yian
DEBUG 2021-09-12 11:31:18.341 UTC: 	 Getting myproxy life time left for myproxy.cern.ch
DEBUG 2021-09-12 11:31:18.341 UTC: 	 using yian_CRAB as credential login name
DEBUG 2021-09-12 11:31:18.645 UTC: 	 Executing : 
 command : myproxy-info -l yian_CRAB -s myproxy.cern.ch
 output : username: yian_CRAB
owner: /DC=ch/DC=cern/OU=Organic Units/OU=Users/CN=yian/CN=826694/CN=Ying An
  renewal policy: /DC=ch/DC=cern/OU=computers/CN=crab-(preprod|prod|dev)-tw(02|01).cern.ch|/DC=ch/DC=cern/OU=computers/CN=(ddi|ddidk|mytw).cern.ch|/DC=ch/DC=cern/OU=computers/CN=stefanov(m|m2).cern.ch
  trusted retrieval policy: /DC=ch/DC=cern/OU=computers/CN=crab-(preprod|prod|dev)-tw(02|01).cern.ch|/DC=ch/DC=cern/OU=computers/CN=(ddi|ddidk|mytw).cern.ch|/DC=ch/DC=cern/OU=computers/CN=stefanov(m|m2).cern.ch
  timeleft: 719:30:36  (30.0 days)

 error: 
 retcode : 0
DEBUG 2021-09-12 11:31:18.645 UTC: 	 Myproxy is valid: 2590236
DEBUG 2021-09-12 11:31:18.646 UTC: 	 Result of myproxy credential check:
  Credential exists on myproxy: username: b52ac606a6f7097e9b4b8f05a3a67cc69f8f291b  - validity: 29 days, 23:30:24
  Credential exists on myproxy: username: yian_CRAB  - validity: 29 days, 23:30:36
DEBUG 2021-09-12 11:31:18.821 UTC: 	 Command use: resubmit
DEBUG 2021-09-12 11:31:18.821 UTC: 	 Options use: ['-d', 'crab2018/crab_DYJetsToLL_M-50_TuneCP5_13TeV-amcatnloFXFX-pythia8_2018']
DEBUG 2021-09-12 11:31:18.936 UTC: 	 CRABClient version: v3.210825
DEBUG 2021-09-12 11:31:18.936 UTC: 	 Instance is prod
DEBUG 2021-09-12 11:31:18.936 UTC: 	 Server base url is cmsweb.cern.ch
DEBUG 2021-09-12 11:31:18.936 UTC: 	 Command api workflow
DEBUG 2021-09-12 11:31:18.947 UTC: 	 CRAB Client version: v3.210825
DEBUG 2021-09-12 11:31:18.948 UTC: 	 Running on: Linux lxplus710.cern.ch 3.10.0-1160.36.2.el7.x86_64 #1 SMP Wed Jul 21 11:57:15 UTC 2021 x86_64 x86_64 x86_64 GNU/Linux - CentOS Linux 7 (Core)
DEBUG 2021-09-12 11:31:18.948 UTC: 	 Executing command: 'status'
DEBUG 2021-09-12 11:31:18.948 UTC: 	 Found CRAB cache file /afs/cern.ch/user/y/yian/.crab3
DEBUG 2021-09-12 11:31:19.022 UTC: 	 Checking credentials
DEBUG 2021-09-12 11:31:19.022 UTC: 	 Found proxy file /tmp/x509up_u110046
DEBUG 2021-09-12 11:31:19.022 UTC: 	 Getting proxy life time left
DEBUG 2021-09-12 11:31:19.627 UTC: 	 Executing : 
 command : voms-proxy-info -file /tmp/x509up_u110046 -timeleft
 output : 602926

 error: 
 retcode : 0
DEBUG 2021-09-12 11:31:20.232 UTC: 	 Executing : 
 command : voms-proxy-info -file /tmp/x509up_u110046 -actimeleft
 output : 602925

 error: 
 retcode : 0
DEBUG 2021-09-12 11:31:20.232 UTC: 	 Proxy lifetime 602926 secs is different from voms extension lifetime 602925 secs for proxy: /tmp/x509up_u110046
DEBUG 2021-09-12 11:31:20.233 UTC: 	 Proxy valid for 167:28:45 hours
DEBUG 2021-09-12 11:31:20.294 UTC: 	 Registering user credentials for server /DC=ch/DC=cern/OU=computers/CN=crab-(preprod|prod|dev)-tw(02|01).cern.ch|/DC=ch/DC=cern/OU=computers/CN=(ddi|ddidk|mytw).cern.ch|/DC=ch/DC=cern/OU=computers/CN=stefanov(m|m2).cern.ch
DEBUG 2021-09-12 11:31:20.907 UTC: 	 Executing : 
 command : voms-proxy-info -file /tmp/x509up_u110046 -identity
 output : /DC=ch/DC=cern/OU=Organic Units/OU=Users/CN=yian/CN=826694/CN=Ying An

 error: 
 retcode : 0
DEBUG 2021-09-12 11:31:20.914 UTC: 	 Getting myproxy life time left for myproxy.cern.ch
DEBUG 2021-09-12 11:31:20.914 UTC: 	 using b52ac606a6f7097e9b4b8f05a3a67cc69f8f291b as credential login name
DEBUG 2021-09-12 11:31:21.225 UTC: 	 Executing : 
 command : myproxy-info -l b52ac606a6f7097e9b4b8f05a3a67cc69f8f291b -s myproxy.cern.ch
 output : username: b52ac606a6f7097e9b4b8f05a3a67cc69f8f291b
owner: /DC=ch/DC=cern/OU=Organic Units/OU=Users/CN=yian/CN=826694/CN=Ying An
  renewal policy: /DC=ch/DC=cern/OU=computers/CN=crab-(preprod|prod|dev)-tw(02|01).cern.ch|/DC=ch/DC=cern/OU=computers/CN=(ddi|ddidk|mytw).cern.ch|/DC=ch/DC=cern/OU=computers/CN=stefanov(m|m2).cern.ch
  trusted retrieval policy: /DC=ch/DC=cern/OU=computers/CN=crab-(preprod|prod|dev)-tw(02|01).cern.ch|/DC=ch/DC=cern/OU=computers/CN=(ddi|ddidk|mytw).cern.ch|/DC=ch/DC=cern/OU=computers/CN=stefanov(m|m2).cern.ch
  timeleft: 719:30:20  (30.0 days)

 error: 
 retcode : 0
DEBUG 2021-09-12 11:31:21.225 UTC: 	 Myproxy is valid: 2590220
DEBUG 2021-09-12 11:31:21.225 UTC: 	 Retrieving username ...
DEBUG 2021-09-12 11:31:21.225 UTC: 	 Retrieving username from CRIC...
DEBUG 2021-09-12 11:31:21.961 UTC: 	 username is yian
DEBUG 2021-09-12 11:31:21.967 UTC: 	 Getting myproxy life time left for myproxy.cern.ch
DEBUG 2021-09-12 11:31:21.967 UTC: 	 using yian_CRAB as credential login name
DEBUG 2021-09-12 11:31:22.271 UTC: 	 Executing : 
 command : myproxy-info -l yian_CRAB -s myproxy.cern.ch
 output : username: yian_CRAB
owner: /DC=ch/DC=cern/OU=Organic Units/OU=Users/CN=yian/CN=826694/CN=Ying An
  renewal policy: /DC=ch/DC=cern/OU=computers/CN=crab-(preprod|prod|dev)-tw(02|01).cern.ch|/DC=ch/DC=cern/OU=computers/CN=(ddi|ddidk|mytw).cern.ch|/DC=ch/DC=cern/OU=computers/CN=stefanov(m|m2).cern.ch
  trusted retrieval policy: /DC=ch/DC=cern/OU=computers/CN=crab-(preprod|prod|dev)-tw(02|01).cern.ch|/DC=ch/DC=cern/OU=computers/CN=(ddi|ddidk|mytw).cern.ch|/DC=ch/DC=cern/OU=computers/CN=stefanov(m|m2).cern.ch
  timeleft: 719:30:32  (30.0 days)

 error: 
 retcode : 0
DEBUG 2021-09-12 11:31:22.272 UTC: 	 Myproxy is valid: 2590232
DEBUG 2021-09-12 11:31:22.272 UTC: 	 Result of myproxy credential check:
  Credential exists on myproxy: username: b52ac606a6f7097e9b4b8f05a3a67cc69f8f291b  - validity: 29 days, 23:30:20
  Credential exists on myproxy: username: yian_CRAB  - validity: 29 days, 23:30:32
DEBUG 2021-09-12 11:31:22.273 UTC: 	 Command use: status
DEBUG 2021-09-12 11:31:22.273 UTC: 	 Options use: []
DEBUG 2021-09-12 11:31:22.385 UTC: 	 CRABClient version: v3.210825
DEBUG 2021-09-12 11:31:22.385 UTC: 	 Instance is prod
DEBUG 2021-09-12 11:31:22.385 UTC: 	 Server base url is cmsweb.cern.ch
DEBUG 2021-09-12 11:31:22.385 UTC: 	 Command api workflow
DEBUG 2021-09-12 11:31:22.497 UTC: 	 Got information from server oracle database: {u'result': [u'210911_102321:yian_crab_DYJetsToLL_M-50_TuneCP5_13TeV-amcatnloFXFX-pythia8_2018', u'None', u'None', u'SUBMITTED', u'SUBMIT', u'2021-09-11 10:23:21.463702', u'None', u'2021-09-11 10:24:03.650607', u'None', u'CMSSW_10_6_20', u'slc7_amd64_gcc820', u'/DYJetsToLL_M-50_TuneCP5_13TeV-amcatnloFXFX-pythia8/RunIISummer20UL18NanoAODv9-Pilot_106X_upgrade2018_realistic_v16_L1v1-v1/NANOAODSIM', u'T', u'0', u"[u'T2_US_UCSD', u'T2_US_Wisconsin', u'T2_US_MIT', u'T2_US_Caltech', u'T2_US_Purdue', u'T2_US_Nebraska']", u'[]', u'FileBased', u"{'splitOnRun': False, 'halt_job_on_file_boundaries': False, 'files_per_job': 1, 'runs': [], 'lumis': []}", u'ce4024b067767c0af918e51c87b31628855166e163a541c120405109f27fbcb5.tar.gz', u'https://cmsweb.cern.ch/S3/crabcache_prod', u'yian', u'/DC=ch/DC=cern/OU=Organic Units/OU=Users/CN=yian/CN=826694/CN=Ying An', u'cms', u'None', u'None', u'DYJetsToLL_M-50_TuneCP5_13TeV-amcatnloFXFX-pythia8_2018-00000000000000000000000000000000', u'F', u'T3_CH_CERNBOX', u'https://cmsweb.cern.ch/dbs/prod/global/DBSReader', u'https://cmsweb.cern.ch/dbs/prod/phys03/DBSWriter', u'F', u'[]', u'[]', u"[b'tree.root']", u'Analysis', u'pythia', u'None', u'{}', u'[]', u'F', u'crab-prod-tw01', u'[]', u'1250', u'1', u'2000', u'10', u"['/DYJetsToLL_M-50_TuneCP5_13TeV-amcatnloFXFX-pythia8/yian-DYJetsToLL_M-50_TuneCP5_13TeV-amcatnloFXFX-pythia8_2018-1ea93bf7cfbb24e247bd0f4bd1955225/USER']", u'[]', u'http://vocms0106.cern.ch/mon/cms1407/210911_102321:yian_crab_DYJetsToLL_M-50_TuneCP5_13TeV-amcatnloFXFX-pythia8_2018', u'WWG_crab_script.sh', u"[b'isdata=MC', b'year=2018', b'era=A']", u'[]', u'https://cmsweb.cern.ch/crabserver/prod', u'cmsgwms-collector-global.cern.ch:9620,cmsgwms-collector-global.fnal.gov:9620', u'crab3@vocms0106.cern.ch', u'F', u'[]', u'T', u'/store/user/yian/', u'T', u'None', u'F', u'None', u'DYJetsToLL_M-50_TuneCP5_13TeV-amcatnloFXFX-pythia8', u'None', u'c2dc05662a5749358f82ce5c7aed5579c4a0ad0c58fdc2bc33655b0e49044930.tar.gz', u'59962338', u'filetransfers', u'F', u'188.184.97.219', u'0.0', u'None'], u'desc': {u'columns': [u'tm_taskname', u'tm_activity', u'panda_jobset_id', u'tm_task_status', u'tm_task_command', u'tm_start_time', u'tm_start_injection', u'tm_end_injection', u'tm_task_failure', u'tm_job_sw', u'tm_job_arch', u'tm_input_dataset', u'tm_nonvalid_input_dataset', u'tm_use_parent', u'tm_site_whitelist', u'tm_site_blacklist', u'tm_split_algo', u'tm_split_args', u'tm_user_sandbox', u'tm_cache_url', u'tm_username', u'tm_user_dn', u'tm_user_vo', u'tm_user_role', u'tm_user_group', u'tm_publish_name', u'tm_publish_groupname', u'tm_asyncdest', u'tm_dbs_url', u'tm_publish_dbs_url', u'tm_publication', u'tm_outfiles', u'tm_tfile_outfiles', u'tm_edm_outfiles', u'tm_job_type', u'tm_generator', u'tm_events_per_lumi', u'tm_arguments', u'panda_resubmitted_jobs', u'tm_save_logs', u'tw_name', u'tm_user_infiles', u'tm_maxjobruntime', u'tm_numcores', u'tm_maxmemory', u'tm_priority', u'tm_output_dataset', u'tm_task_warnings', u'tm_user_webdir', u'tm_scriptexe', u'tm_scriptargs', u'tm_extrajdl', u'tm_asourl', u'tm_collector', u'tm_schedd', u'tm_dry_run', u'tm_user_files', u'tm_transfer_outputs', u'tm_output_lfn', u'tm_ignore_locality', u'tm_fail_limit', u'tm_one_event_mode', u'tm_secondary_input_dataset', u'tm_primary_dataset', u'tm_last_publication', u'tm_debug_files', u'clusterid', u'tm_asodb', u'tm_ignore_global_blacklist', u'tm_submitter_ip_addr', u'tm_totalunits', u'tm_ddm_reqid']}}
INFO 2021-09-12 11:31:22.497 UTC: 	 CRAB project directory:		/afs/cern.ch/work/y/yian/work/GZ/CMSSW_10_6_20/src/PhysicsTools/NanoAODTools/WWG/2018/crab/crab2018/crab_DYJetsToLL_M-50_TuneCP5_13TeV-amcatnloFXFX-pythia8_2018
INFO 2021-09-12 11:31:22.497 UTC: 	 Task name:			210911_102321:yian_crab_DYJetsToLL_M-50_TuneCP5_13TeV-amcatnloFXFX-pythia8_2018
INFO 2021-09-12 11:31:22.498 UTC: 	 Grid scheduler - Task Worker:	crab3@vocms0106.cern.ch - crab-prod-tw01
INFO 2021-09-12 11:31:22.498 UTC: 	 Status on the CRAB server:	SUBMITTED
INFO 2021-09-12 11:31:22.498 UTC: 	 Task URL to use for HELP:	https://cmsweb.cern.ch/crabserver/ui/task/210911_102321%3Ayian_crab_DYJetsToLL_M-50_TuneCP5_13TeV-amcatnloFXFX-pythia8_2018
INFO 2021-09-12 11:31:22.501 UTC: 	 Dashboard monitoring URL:	https://monit-grafana.cern.ch/d/cmsTMDetail/cms-task-monitoring-task-view?orgId=11&var-user=yian&var-task=210911_102321%3Ayian_crab_DYJetsToLL_M-50_TuneCP5_13TeV-amcatnloFXFX-pythia8_2018&from=1631352201000&to=now
DEBUG 2021-09-12 11:31:22.501 UTC: 	 The CRAB server submitted your task to the Grid scheduler (cluster ID: 59962338)
DEBUG 2021-09-12 11:31:22.501 UTC: 	 Webdir is located at http://vocms0106.cern.ch/mon/cms1407/210911_102321:yian_crab_DYJetsToLL_M-50_TuneCP5_13TeV-amcatnloFXFX-pythia8_2018
DEBUG 2021-09-12 11:31:22.601 UTC: 	 Proxied webdir is located at https://cmsweb.cern.ch:8443/scheddmon/0106/cms1407/210911_102321:yian_crab_DYJetsToLL_M-50_TuneCP5_13TeV-amcatnloFXFX-pythia8_2018
DEBUG 2021-09-12 11:31:22.601 UTC: 	 Retrieving 'status_cache' file from https://cmsweb.cern.ch:8443/scheddmon/0106/cms1407/210911_102321:yian_crab_DYJetsToLL_M-50_TuneCP5_13TeV-amcatnloFXFX-pythia8_2018/status_cache
DEBUG 2021-09-12 11:31:22.642 UTC: 	 Got information from status cache file: {'1': {'Retries': 0, 'WallDurations': [9.0, 117.72552609443665, 857.0], 'StartTimes': [1631356107.0], 'SubmitTimes': [1631355850.0], 'JobIds': ['59962340.0'], 'EndTimes': [1631356964.0], 'Restarts': 0, 'RecordedSite': True, 'State': 'finished', 'ResidentSetSize': [806348], 'TotalUserCpuTimeHistory': [179], 'SiteHistory': ['Unknown', 'T2_US_MIT', 'T2_US_MIT'], 'TotalSysCpuTimeHistory': [8]}, '3': {'Retries': 0, 'WallDurations': [9.0, 131.72552609443665, 1575.0], 'StartTimes': [1631356093.0], 'SubmitTimes': [1631355850.0], 'JobIds': ['59962342.0'], 'EndTimes': [1631357668.0], 'Restarts': 0, 'RecordedSite': True, 'State': 'finished', 'ResidentSetSize': [812220], 'TotalUserCpuTimeHistory': [312], 'SiteHistory': ['Unknown', 'T2_US_MIT', 'T2_US_MIT'], 'TotalSysCpuTimeHistory': [14]}, '2': {'Retries': 0, 'WallDurations': [8.0, 131.72552609443665, 590.0], 'StartTimes': [1631356093.0], 'SubmitTimes': [1631355850.0], 'JobIds': ['59962341.0'], 'EndTimes': [1631356683.0], 'Restarts': 0, 'RecordedSite': True, 'State': 'finished', 'ResidentSetSize': [742464], 'TotalUserCpuTimeHistory': [263], 'SiteHistory': ['Unknown', 'T2_US_MIT', 'T2_US_MIT'], 'TotalSysCpuTimeHistory': [3]}}
INFO 2021-09-12 11:31:22.642 UTC: 	 Status on the scheduler:	COMPLETED
INFO 2021-09-12 11:31:22.642 UTC: 	 
Jobs status:                    finished     		100.0% (3/3)
INFO 2021-09-12 11:31:22.642 UTC: 	 
No publication information (publication has been disabled in the CRAB configuration file)
INFO 2021-09-12 11:31:22.642 UTC: 	 
Warning: the max jobs runtime is less than 30% of the task requested value (1250 min), please consider to request a lower value for failed jobs (allowed through crab resubmit) and/or improve the jobs splitting (e.g. config.Data.splitting = 'Automatic') in a new task.
INFO 2021-09-12 11:31:22.642 UTC: 	 
Warning: the average jobs CPU efficiency is less than 50%, please consider to improve the jobs splitting (e.g. config.Data.splitting = 'Automatic') in a new task
INFO 2021-09-12 11:31:22.642 UTC: 	 
Summary of run jobs:
 * Memory: 725MB min, 793MB max, 769MB ave
 * Runtime: 0:09:50 min, 0:26:15 max, 0:16:47 ave
 * CPU eff: 21% min, 45% max, 26% ave
 * Waste: 0:06:47 (12% of total)

DEBUG 2021-09-12 11:31:22.643 UTC: 	 Requesting resubmission of failed jobs in task 210911_102321:yian_crab_DYJetsToLL_M-50_TuneCP5_13TeV-amcatnloFXFX-pythia8_2018
ERROR 2021-09-12 11:31:22.643 UTC: 	 Found no jobs to resubmit. Only jobs in status failed can be resubmitted. Jobs in status finished can also be resubmitted, but only if the jobids are specified and the force option is set.
ERROR 2021-09-12 11:31:22.643 UTC: 	 Caught ClientException exception
Traceback (most recent call last):
  File "/cvmfs/cms.cern.ch/share/cms/crab-prod/v3.210825.00/bin/crab", line 151, in <module>
    client()
  File "/cvmfs/cms.cern.ch/share/cms/crab-prod/v3.210825.00/bin/crab", line 138, in __call__
    self.cmd()
  File "/cvmfs/cms.cern.ch/share/cms/crab-prod/v3.210825.00/lib/CRABClient/Commands/resubmit.py", line 61, in __call__
    self.jobids = self.processJobIds(jobList)
  File "/cvmfs/cms.cern.ch/share/cms/crab-prod/v3.210825.00/lib/CRABClient/Commands/resubmit.py", line 166, in processJobIds
    raise ConfigurationException(msg)
ConfigurationException: Found no jobs to resubmit. Only jobs in status failed can be resubmitted. Jobs in status finished can also be resubmitted, but only if the jobids are specified and the force option is set.
DEBUG 2021-09-13 12:55:47.224 UTC: 	 CRAB Client version: v3.210825
DEBUG 2021-09-13 12:55:47.224 UTC: 	 Running on: Linux lxplus7100.cern.ch 3.10.0-1160.36.2.el7.x86_64 #1 SMP Wed Jul 21 11:57:15 UTC 2021 x86_64 x86_64 x86_64 GNU/Linux - CentOS Linux 7 (Core)
DEBUG 2021-09-13 12:55:47.224 UTC: 	 Executing command: 'status'
DEBUG 2021-09-13 12:55:47.225 UTC: 	 Found CRAB cache file /afs/cern.ch/user/y/yian/.crab3
DEBUG 2021-09-13 12:55:48.215 UTC: 	 Checking credentials
DEBUG 2021-09-13 12:55:48.215 UTC: 	 Found proxy file /tmp/x509up_u110046
DEBUG 2021-09-13 12:55:48.215 UTC: 	 Getting proxy life time left
DEBUG 2021-09-13 12:55:48.921 UTC: 	 Executing : 
 command : voms-proxy-info -file /tmp/x509up_u110046 -timeleft
 output : 604764

 error: 
 retcode : 0
DEBUG 2021-09-13 12:55:49.628 UTC: 	 Executing : 
 command : voms-proxy-info -file /tmp/x509up_u110046 -actimeleft
 output : 604763

 error: 
 retcode : 0
DEBUG 2021-09-13 12:55:49.628 UTC: 	 Proxy lifetime 604764 secs is different from voms extension lifetime 604763 secs for proxy: /tmp/x509up_u110046
DEBUG 2021-09-13 12:55:49.628 UTC: 	 Proxy valid for 167:59:23 hours
DEBUG 2021-09-13 12:55:49.746 UTC: 	 Registering user credentials for server /DC=ch/DC=cern/OU=computers/CN=crab-(preprod|prod|dev)-tw(02|01).cern.ch|/DC=ch/DC=cern/OU=computers/CN=(ddi|ddidk|mytw).cern.ch|/DC=ch/DC=cern/OU=computers/CN=stefanov(m|m2).cern.ch
DEBUG 2021-09-13 12:55:50.459 UTC: 	 Executing : 
 command : voms-proxy-info -file /tmp/x509up_u110046 -identity
 output : /DC=ch/DC=cern/OU=Organic Units/OU=Users/CN=yian/CN=826694/CN=Ying An

 error: 
 retcode : 0
DEBUG 2021-09-13 12:55:50.468 UTC: 	 Getting myproxy life time left for myproxy.cern.ch
DEBUG 2021-09-13 12:55:50.468 UTC: 	 using b52ac606a6f7097e9b4b8f05a3a67cc69f8f291b as credential login name
DEBUG 2021-09-13 12:55:50.774 UTC: 	 Executing : 
 command : myproxy-info -l b52ac606a6f7097e9b4b8f05a3a67cc69f8f291b -s myproxy.cern.ch
 output : username: b52ac606a6f7097e9b4b8f05a3a67cc69f8f291b
owner: /DC=ch/DC=cern/OU=Organic Units/OU=Users/CN=yian/CN=826694/CN=Ying An
  renewal policy: /DC=ch/DC=cern/OU=computers/CN=crab-(preprod|prod|dev)-tw(02|01).cern.ch|/DC=ch/DC=cern/OU=computers/CN=(ddi|ddidk|mytw).cern.ch|/DC=ch/DC=cern/OU=computers/CN=stefanov(m|m2).cern.ch
  trusted retrieval policy: /DC=ch/DC=cern/OU=computers/CN=crab-(preprod|prod|dev)-tw(02|01).cern.ch|/DC=ch/DC=cern/OU=computers/CN=(ddi|ddidk|mytw).cern.ch|/DC=ch/DC=cern/OU=computers/CN=stefanov(m|m2).cern.ch
  timeleft: 694:05:51  (28.9 days)

 error: 
 retcode : 0
DEBUG 2021-09-13 12:55:50.775 UTC: 	 Myproxy is valid: 2498751
DEBUG 2021-09-13 12:55:50.775 UTC: 	 Retrieving username ...
DEBUG 2021-09-13 12:55:50.775 UTC: 	 Retrieving username from CRIC...
DEBUG 2021-09-13 12:55:51.553 UTC: 	 username is yian
DEBUG 2021-09-13 12:55:51.561 UTC: 	 Getting myproxy life time left for myproxy.cern.ch
DEBUG 2021-09-13 12:55:51.561 UTC: 	 using yian_CRAB as credential login name
DEBUG 2021-09-13 12:55:51.867 UTC: 	 Executing : 
 command : myproxy-info -l yian_CRAB -s myproxy.cern.ch
 output : username: yian_CRAB
owner: /DC=ch/DC=cern/OU=Organic Units/OU=Users/CN=yian/CN=826694/CN=Ying An
  renewal policy: /DC=ch/DC=cern/OU=computers/CN=crab-(preprod|prod|dev)-tw(02|01).cern.ch|/DC=ch/DC=cern/OU=computers/CN=(ddi|ddidk|mytw).cern.ch|/DC=ch/DC=cern/OU=computers/CN=stefanov(m|m2).cern.ch
  trusted retrieval policy: /DC=ch/DC=cern/OU=computers/CN=crab-(preprod|prod|dev)-tw(02|01).cern.ch|/DC=ch/DC=cern/OU=computers/CN=(ddi|ddidk|mytw).cern.ch|/DC=ch/DC=cern/OU=computers/CN=stefanov(m|m2).cern.ch
  timeleft: 694:06:03  (28.9 days)

 error: 
 retcode : 0
DEBUG 2021-09-13 12:55:51.867 UTC: 	 Myproxy is valid: 2498763
DEBUG 2021-09-13 12:55:51.867 UTC: 	 Result of myproxy credential check:
  Credential exists on myproxy: username: b52ac606a6f7097e9b4b8f05a3a67cc69f8f291b  - validity: 28 days, 22:05:51
  Credential exists on myproxy: username: yian_CRAB  - validity: 28 days, 22:06:03
DEBUG 2021-09-13 12:55:51.869 UTC: 	 Command use: status
DEBUG 2021-09-13 12:55:51.869 UTC: 	 Options use: ['-d', 'crab2018/crab_DYJetsToLL_M-50_TuneCP5_13TeV-amcatnloFXFX-pythia8_2018']
DEBUG 2021-09-13 12:55:51.979 UTC: 	 CRABClient version: v3.210825
DEBUG 2021-09-13 12:55:51.979 UTC: 	 Instance is prod
DEBUG 2021-09-13 12:55:51.979 UTC: 	 Server base url is cmsweb.cern.ch
DEBUG 2021-09-13 12:55:51.979 UTC: 	 Command api workflow
DEBUG 2021-09-13 12:55:52.064 UTC: 	 Got information from server oracle database: {u'result': [u'210911_102321:yian_crab_DYJetsToLL_M-50_TuneCP5_13TeV-amcatnloFXFX-pythia8_2018', u'None', u'None', u'SUBMITTED', u'SUBMIT', u'2021-09-11 10:23:21.463702', u'None', u'2021-09-11 10:24:03.650607', u'None', u'CMSSW_10_6_20', u'slc7_amd64_gcc820', u'/DYJetsToLL_M-50_TuneCP5_13TeV-amcatnloFXFX-pythia8/RunIISummer20UL18NanoAODv9-Pilot_106X_upgrade2018_realistic_v16_L1v1-v1/NANOAODSIM', u'T', u'0', u"[u'T2_US_UCSD', u'T2_US_Wisconsin', u'T2_US_MIT', u'T2_US_Caltech', u'T2_US_Purdue', u'T2_US_Nebraska']", u'[]', u'FileBased', u"{'splitOnRun': False, 'halt_job_on_file_boundaries': False, 'files_per_job': 1, 'runs': [], 'lumis': []}", u'ce4024b067767c0af918e51c87b31628855166e163a541c120405109f27fbcb5.tar.gz', u'https://cmsweb.cern.ch/S3/crabcache_prod', u'yian', u'/DC=ch/DC=cern/OU=Organic Units/OU=Users/CN=yian/CN=826694/CN=Ying An', u'cms', u'None', u'None', u'DYJetsToLL_M-50_TuneCP5_13TeV-amcatnloFXFX-pythia8_2018-00000000000000000000000000000000', u'F', u'T3_CH_CERNBOX', u'https://cmsweb.cern.ch/dbs/prod/global/DBSReader', u'https://cmsweb.cern.ch/dbs/prod/phys03/DBSWriter', u'F', u'[]', u'[]', u"[b'tree.root']", u'Analysis', u'pythia', u'None', u'{}', u'[]', u'F', u'crab-prod-tw01', u'[]', u'1250', u'1', u'2000', u'10', u"['/DYJetsToLL_M-50_TuneCP5_13TeV-amcatnloFXFX-pythia8/yian-DYJetsToLL_M-50_TuneCP5_13TeV-amcatnloFXFX-pythia8_2018-1ea93bf7cfbb24e247bd0f4bd1955225/USER']", u'[]', u'http://vocms0106.cern.ch/mon/cms1407/210911_102321:yian_crab_DYJetsToLL_M-50_TuneCP5_13TeV-amcatnloFXFX-pythia8_2018', u'WWG_crab_script.sh', u"[b'isdata=MC', b'year=2018', b'era=A']", u'[]', u'https://cmsweb.cern.ch/crabserver/prod', u'cmsgwms-collector-global.cern.ch:9620,cmsgwms-collector-global.fnal.gov:9620', u'crab3@vocms0106.cern.ch', u'F', u'[]', u'T', u'/store/user/yian/', u'T', u'None', u'F', u'None', u'DYJetsToLL_M-50_TuneCP5_13TeV-amcatnloFXFX-pythia8', u'None', u'c2dc05662a5749358f82ce5c7aed5579c4a0ad0c58fdc2bc33655b0e49044930.tar.gz', u'59962338', u'filetransfers', u'F', u'188.184.97.219', u'0.0', u'None'], u'desc': {u'columns': [u'tm_taskname', u'tm_activity', u'panda_jobset_id', u'tm_task_status', u'tm_task_command', u'tm_start_time', u'tm_start_injection', u'tm_end_injection', u'tm_task_failure', u'tm_job_sw', u'tm_job_arch', u'tm_input_dataset', u'tm_nonvalid_input_dataset', u'tm_use_parent', u'tm_site_whitelist', u'tm_site_blacklist', u'tm_split_algo', u'tm_split_args', u'tm_user_sandbox', u'tm_cache_url', u'tm_username', u'tm_user_dn', u'tm_user_vo', u'tm_user_role', u'tm_user_group', u'tm_publish_name', u'tm_publish_groupname', u'tm_asyncdest', u'tm_dbs_url', u'tm_publish_dbs_url', u'tm_publication', u'tm_outfiles', u'tm_tfile_outfiles', u'tm_edm_outfiles', u'tm_job_type', u'tm_generator', u'tm_events_per_lumi', u'tm_arguments', u'panda_resubmitted_jobs', u'tm_save_logs', u'tw_name', u'tm_user_infiles', u'tm_maxjobruntime', u'tm_numcores', u'tm_maxmemory', u'tm_priority', u'tm_output_dataset', u'tm_task_warnings', u'tm_user_webdir', u'tm_scriptexe', u'tm_scriptargs', u'tm_extrajdl', u'tm_asourl', u'tm_collector', u'tm_schedd', u'tm_dry_run', u'tm_user_files', u'tm_transfer_outputs', u'tm_output_lfn', u'tm_ignore_locality', u'tm_fail_limit', u'tm_one_event_mode', u'tm_secondary_input_dataset', u'tm_primary_dataset', u'tm_last_publication', u'tm_debug_files', u'clusterid', u'tm_asodb', u'tm_ignore_global_blacklist', u'tm_submitter_ip_addr', u'tm_totalunits', u'tm_ddm_reqid']}}
INFO 2021-09-13 12:55:52.065 UTC: 	 CRAB project directory:		/afs/cern.ch/work/y/yian/work/GZ/CMSSW_10_6_20/src/PhysicsTools/NanoAODTools/WWG/2018/crab/crab2018/crab_DYJetsToLL_M-50_TuneCP5_13TeV-amcatnloFXFX-pythia8_2018
INFO 2021-09-13 12:55:52.065 UTC: 	 Task name:			210911_102321:yian_crab_DYJetsToLL_M-50_TuneCP5_13TeV-amcatnloFXFX-pythia8_2018
INFO 2021-09-13 12:55:52.065 UTC: 	 Grid scheduler - Task Worker:	crab3@vocms0106.cern.ch - crab-prod-tw01
INFO 2021-09-13 12:55:52.065 UTC: 	 Status on the CRAB server:	SUBMITTED
INFO 2021-09-13 12:55:52.065 UTC: 	 Task URL to use for HELP:	https://cmsweb.cern.ch/crabserver/ui/task/210911_102321%3Ayian_crab_DYJetsToLL_M-50_TuneCP5_13TeV-amcatnloFXFX-pythia8_2018
INFO 2021-09-13 12:55:52.068 UTC: 	 Dashboard monitoring URL:	https://monit-grafana.cern.ch/d/cmsTMDetail/cms-task-monitoring-task-view?orgId=11&var-user=yian&var-task=210911_102321%3Ayian_crab_DYJetsToLL_M-50_TuneCP5_13TeV-amcatnloFXFX-pythia8_2018&from=1631352201000&to=now
DEBUG 2021-09-13 12:55:52.069 UTC: 	 The CRAB server submitted your task to the Grid scheduler (cluster ID: 59962338)
DEBUG 2021-09-13 12:55:52.069 UTC: 	 Webdir is located at http://vocms0106.cern.ch/mon/cms1407/210911_102321:yian_crab_DYJetsToLL_M-50_TuneCP5_13TeV-amcatnloFXFX-pythia8_2018
DEBUG 2021-09-13 12:55:52.149 UTC: 	 Proxied webdir is located at https://cmsweb.cern.ch:8443/scheddmon/0106/cms1407/210911_102321:yian_crab_DYJetsToLL_M-50_TuneCP5_13TeV-amcatnloFXFX-pythia8_2018
DEBUG 2021-09-13 12:55:52.149 UTC: 	 Retrieving 'status_cache' file from https://cmsweb.cern.ch:8443/scheddmon/0106/cms1407/210911_102321:yian_crab_DYJetsToLL_M-50_TuneCP5_13TeV-amcatnloFXFX-pythia8_2018/status_cache
DEBUG 2021-09-13 12:55:52.188 UTC: 	 Got information from status cache file: {'1': {'Retries': 0, 'WallDurations': [9.0, 117.72552609443665, 857.0], 'StartTimes': [1631356107.0], 'SubmitTimes': [1631355850.0], 'JobIds': ['59962340.0'], 'EndTimes': [1631356964.0], 'Restarts': 0, 'RecordedSite': True, 'State': 'finished', 'ResidentSetSize': [806348], 'TotalUserCpuTimeHistory': [179], 'SiteHistory': ['Unknown', 'T2_US_MIT', 'T2_US_MIT'], 'TotalSysCpuTimeHistory': [8]}, '3': {'Retries': 0, 'WallDurations': [9.0, 131.72552609443665, 1575.0], 'StartTimes': [1631356093.0], 'SubmitTimes': [1631355850.0], 'JobIds': ['59962342.0'], 'EndTimes': [1631357668.0], 'Restarts': 0, 'RecordedSite': True, 'State': 'finished', 'ResidentSetSize': [812220], 'TotalUserCpuTimeHistory': [312], 'SiteHistory': ['Unknown', 'T2_US_MIT', 'T2_US_MIT'], 'TotalSysCpuTimeHistory': [14]}, '2': {'Retries': 0, 'WallDurations': [8.0, 131.72552609443665, 590.0], 'StartTimes': [1631356093.0], 'SubmitTimes': [1631355850.0], 'JobIds': ['59962341.0'], 'EndTimes': [1631356683.0], 'Restarts': 0, 'RecordedSite': True, 'State': 'finished', 'ResidentSetSize': [742464], 'TotalUserCpuTimeHistory': [263], 'SiteHistory': ['Unknown', 'T2_US_MIT', 'T2_US_MIT'], 'TotalSysCpuTimeHistory': [3]}}
INFO 2021-09-13 12:55:52.188 UTC: 	 Status on the scheduler:	COMPLETED
INFO 2021-09-13 12:55:52.188 UTC: 	 
Jobs status:                    finished     		100.0% (3/3)
INFO 2021-09-13 12:55:52.188 UTC: 	 
No publication information (publication has been disabled in the CRAB configuration file)
INFO 2021-09-13 12:55:52.188 UTC: 	 
Warning: the max jobs runtime is less than 30% of the task requested value (1250 min), please consider to request a lower value for failed jobs (allowed through crab resubmit) and/or improve the jobs splitting (e.g. config.Data.splitting = 'Automatic') in a new task.
INFO 2021-09-13 12:55:52.188 UTC: 	 
Warning: the average jobs CPU efficiency is less than 50%, please consider to improve the jobs splitting (e.g. config.Data.splitting = 'Automatic') in a new task
INFO 2021-09-13 12:55:52.189 UTC: 	 
Summary of run jobs:
 * Memory: 725MB min, 793MB max, 769MB ave
 * Runtime: 0:09:50 min, 0:26:15 max, 0:16:47 ave
 * CPU eff: 21% min, 45% max, 26% ave
 * Waste: 0:06:47 (12% of total)

INFO 2021-09-13 12:55:52.842 UTC: 	 Log file is /afs/cern.ch/work/y/yian/work/GZ/CMSSW_10_6_20/src/PhysicsTools/NanoAODTools/WWG/2018/crab/crab2018/crab_DYJetsToLL_M-50_TuneCP5_13TeV-amcatnloFXFX-pythia8_2018/crab.log
DEBUG 2021-09-14 14:37:30.951 UTC: 	 CRAB Client version: v3.210825
DEBUG 2021-09-14 14:37:30.951 UTC: 	 Running on: Linux lxplus738.cern.ch 3.10.0-1160.36.2.el7.x86_64 #1 SMP Wed Jul 21 11:57:15 UTC 2021 x86_64 x86_64 x86_64 GNU/Linux - CentOS Linux 7 (Core)
DEBUG 2021-09-14 14:37:30.951 UTC: 	 Executing command: 'status'
DEBUG 2021-09-14 14:37:30.952 UTC: 	 Found CRAB cache file /afs/cern.ch/user/y/yian/.crab3
DEBUG 2021-09-14 14:37:31.247 UTC: 	 Checking credentials
DEBUG 2021-09-14 14:37:31.248 UTC: 	 Found proxy file /tmp/x509up_u110046
DEBUG 2021-09-14 14:37:31.248 UTC: 	 Getting proxy life time left
DEBUG 2021-09-14 14:37:31.953 UTC: 	 Executing : 
 command : voms-proxy-info -file /tmp/x509up_u110046 -timeleft
 output : 604750

 error: 
 retcode : 0
DEBUG 2021-09-14 14:37:32.865 UTC: 	 Executing : 
 command : voms-proxy-info -file /tmp/x509up_u110046 -actimeleft
 output : 604749

 error: 
 retcode : 0
DEBUG 2021-09-14 14:37:32.865 UTC: 	 Proxy lifetime 604750 secs is different from voms extension lifetime 604749 secs for proxy: /tmp/x509up_u110046
DEBUG 2021-09-14 14:37:32.865 UTC: 	 Proxy valid for 167:59:09 hours
DEBUG 2021-09-14 14:37:32.983 UTC: 	 Registering user credentials for server /DC=ch/DC=cern/OU=computers/CN=crab-(preprod|prod|dev)-tw(02|01).cern.ch|/DC=ch/DC=cern/OU=computers/CN=(ddi|ddidk|mytw).cern.ch|/DC=ch/DC=cern/OU=computers/CN=stefanov(m|m2).cern.ch
DEBUG 2021-09-14 14:37:33.812 UTC: 	 Executing : 
 command : voms-proxy-info -file /tmp/x509up_u110046 -identity
 output : /DC=ch/DC=cern/OU=Organic Units/OU=Users/CN=yian/CN=826694/CN=Ying An

 error: 
 retcode : 0
DEBUG 2021-09-14 14:37:33.820 UTC: 	 Getting myproxy life time left for myproxy.cern.ch
DEBUG 2021-09-14 14:37:33.821 UTC: 	 using b52ac606a6f7097e9b4b8f05a3a67cc69f8f291b as credential login name
DEBUG 2021-09-14 14:37:34.126 UTC: 	 Executing : 
 command : myproxy-info -l b52ac606a6f7097e9b4b8f05a3a67cc69f8f291b -s myproxy.cern.ch
 output : username: b52ac606a6f7097e9b4b8f05a3a67cc69f8f291b
owner: /DC=ch/DC=cern/OU=Organic Units/OU=Users/CN=yian/CN=826694/CN=Ying An
  renewal policy: /DC=ch/DC=cern/OU=computers/CN=crab-(preprod|prod|dev)-tw(02|01).cern.ch|/DC=ch/DC=cern/OU=computers/CN=(ddi|ddidk|mytw).cern.ch|/DC=ch/DC=cern/OU=computers/CN=stefanov(m|m2).cern.ch
  trusted retrieval policy: /DC=ch/DC=cern/OU=computers/CN=crab-(preprod|prod|dev)-tw(02|01).cern.ch|/DC=ch/DC=cern/OU=computers/CN=(ddi|ddidk|mytw).cern.ch|/DC=ch/DC=cern/OU=computers/CN=stefanov(m|m2).cern.ch
  timeleft: 668:24:07  (27.9 days)

 error: 
 retcode : 0
DEBUG 2021-09-14 14:37:34.127 UTC: 	 Myproxy is valid: 2406247
DEBUG 2021-09-14 14:37:34.127 UTC: 	 Retrieving username ...
DEBUG 2021-09-14 14:37:34.127 UTC: 	 Retrieving username from CRIC...
DEBUG 2021-09-14 14:37:34.920 UTC: 	 username is yian
DEBUG 2021-09-14 14:37:34.929 UTC: 	 Getting myproxy life time left for myproxy.cern.ch
DEBUG 2021-09-14 14:37:34.929 UTC: 	 using yian_CRAB as credential login name
DEBUG 2021-09-14 14:37:35.235 UTC: 	 Executing : 
 command : myproxy-info -l yian_CRAB -s myproxy.cern.ch
 output : username: yian_CRAB
owner: /DC=ch/DC=cern/OU=Organic Units/OU=Users/CN=yian/CN=826694/CN=Ying An
  renewal policy: /DC=ch/DC=cern/OU=computers/CN=crab-(preprod|prod|dev)-tw(02|01).cern.ch|/DC=ch/DC=cern/OU=computers/CN=(ddi|ddidk|mytw).cern.ch|/DC=ch/DC=cern/OU=computers/CN=stefanov(m|m2).cern.ch
  trusted retrieval policy: /DC=ch/DC=cern/OU=computers/CN=crab-(preprod|prod|dev)-tw(02|01).cern.ch|/DC=ch/DC=cern/OU=computers/CN=(ddi|ddidk|mytw).cern.ch|/DC=ch/DC=cern/OU=computers/CN=stefanov(m|m2).cern.ch
  timeleft: 668:24:19  (27.9 days)

 error: 
 retcode : 0
DEBUG 2021-09-14 14:37:35.236 UTC: 	 Myproxy is valid: 2406259
DEBUG 2021-09-14 14:37:35.236 UTC: 	 Result of myproxy credential check:
  Credential exists on myproxy: username: b52ac606a6f7097e9b4b8f05a3a67cc69f8f291b  - validity: 27 days, 20:24:07
  Credential exists on myproxy: username: yian_CRAB  - validity: 27 days, 20:24:19
DEBUG 2021-09-14 14:37:35.237 UTC: 	 Command use: status
DEBUG 2021-09-14 14:37:35.238 UTC: 	 Options use: ['-d', 'crab2018/crab_DYJetsToLL_M-50_TuneCP5_13TeV-amcatnloFXFX-pythia8_2018']
DEBUG 2021-09-14 14:37:35.294 UTC: 	 CRABClient version: v3.210825
DEBUG 2021-09-14 14:37:35.294 UTC: 	 Instance is prod
DEBUG 2021-09-14 14:37:35.295 UTC: 	 Server base url is cmsweb.cern.ch
DEBUG 2021-09-14 14:37:35.295 UTC: 	 Command api workflow
DEBUG 2021-09-14 14:37:35.376 UTC: 	 Got information from server oracle database: {u'result': [u'210911_102321:yian_crab_DYJetsToLL_M-50_TuneCP5_13TeV-amcatnloFXFX-pythia8_2018', u'None', u'None', u'SUBMITTED', u'SUBMIT', u'2021-09-11 10:23:21.463702', u'None', u'2021-09-11 10:24:03.650607', u'None', u'CMSSW_10_6_20', u'slc7_amd64_gcc820', u'/DYJetsToLL_M-50_TuneCP5_13TeV-amcatnloFXFX-pythia8/RunIISummer20UL18NanoAODv9-Pilot_106X_upgrade2018_realistic_v16_L1v1-v1/NANOAODSIM', u'T', u'0', u"[u'T2_US_UCSD', u'T2_US_Wisconsin', u'T2_US_MIT', u'T2_US_Caltech', u'T2_US_Purdue', u'T2_US_Nebraska']", u'[]', u'FileBased', u"{'splitOnRun': False, 'halt_job_on_file_boundaries': False, 'files_per_job': 1, 'runs': [], 'lumis': []}", u'ce4024b067767c0af918e51c87b31628855166e163a541c120405109f27fbcb5.tar.gz', u'https://cmsweb.cern.ch/S3/crabcache_prod', u'yian', u'/DC=ch/DC=cern/OU=Organic Units/OU=Users/CN=yian/CN=826694/CN=Ying An', u'cms', u'None', u'None', u'DYJetsToLL_M-50_TuneCP5_13TeV-amcatnloFXFX-pythia8_2018-00000000000000000000000000000000', u'F', u'T3_CH_CERNBOX', u'https://cmsweb.cern.ch/dbs/prod/global/DBSReader', u'https://cmsweb.cern.ch/dbs/prod/phys03/DBSWriter', u'F', u'[]', u'[]', u"[b'tree.root']", u'Analysis', u'pythia', u'None', u'{}', u'[]', u'F', u'crab-prod-tw01', u'[]', u'1250', u'1', u'2000', u'10', u"['/DYJetsToLL_M-50_TuneCP5_13TeV-amcatnloFXFX-pythia8/yian-DYJetsToLL_M-50_TuneCP5_13TeV-amcatnloFXFX-pythia8_2018-1ea93bf7cfbb24e247bd0f4bd1955225/USER']", u'[]', u'http://vocms0106.cern.ch/mon/cms1407/210911_102321:yian_crab_DYJetsToLL_M-50_TuneCP5_13TeV-amcatnloFXFX-pythia8_2018', u'WWG_crab_script.sh', u"[b'isdata=MC', b'year=2018', b'era=A']", u'[]', u'https://cmsweb.cern.ch/crabserver/prod', u'cmsgwms-collector-global.cern.ch:9620,cmsgwms-collector-global.fnal.gov:9620', u'crab3@vocms0106.cern.ch', u'F', u'[]', u'T', u'/store/user/yian/', u'T', u'None', u'F', u'None', u'DYJetsToLL_M-50_TuneCP5_13TeV-amcatnloFXFX-pythia8', u'None', u'c2dc05662a5749358f82ce5c7aed5579c4a0ad0c58fdc2bc33655b0e49044930.tar.gz', u'59962338', u'filetransfers', u'F', u'188.184.97.219', u'0.0', u'None'], u'desc': {u'columns': [u'tm_taskname', u'tm_activity', u'panda_jobset_id', u'tm_task_status', u'tm_task_command', u'tm_start_time', u'tm_start_injection', u'tm_end_injection', u'tm_task_failure', u'tm_job_sw', u'tm_job_arch', u'tm_input_dataset', u'tm_nonvalid_input_dataset', u'tm_use_parent', u'tm_site_whitelist', u'tm_site_blacklist', u'tm_split_algo', u'tm_split_args', u'tm_user_sandbox', u'tm_cache_url', u'tm_username', u'tm_user_dn', u'tm_user_vo', u'tm_user_role', u'tm_user_group', u'tm_publish_name', u'tm_publish_groupname', u'tm_asyncdest', u'tm_dbs_url', u'tm_publish_dbs_url', u'tm_publication', u'tm_outfiles', u'tm_tfile_outfiles', u'tm_edm_outfiles', u'tm_job_type', u'tm_generator', u'tm_events_per_lumi', u'tm_arguments', u'panda_resubmitted_jobs', u'tm_save_logs', u'tw_name', u'tm_user_infiles', u'tm_maxjobruntime', u'tm_numcores', u'tm_maxmemory', u'tm_priority', u'tm_output_dataset', u'tm_task_warnings', u'tm_user_webdir', u'tm_scriptexe', u'tm_scriptargs', u'tm_extrajdl', u'tm_asourl', u'tm_collector', u'tm_schedd', u'tm_dry_run', u'tm_user_files', u'tm_transfer_outputs', u'tm_output_lfn', u'tm_ignore_locality', u'tm_fail_limit', u'tm_one_event_mode', u'tm_secondary_input_dataset', u'tm_primary_dataset', u'tm_last_publication', u'tm_debug_files', u'clusterid', u'tm_asodb', u'tm_ignore_global_blacklist', u'tm_submitter_ip_addr', u'tm_totalunits', u'tm_ddm_reqid']}}
INFO 2021-09-14 14:37:35.377 UTC: 	 CRAB project directory:		/afs/cern.ch/work/y/yian/work/GZ/CMSSW_10_6_20/src/PhysicsTools/NanoAODTools/WWG/2018/crab/crab2018/crab_DYJetsToLL_M-50_TuneCP5_13TeV-amcatnloFXFX-pythia8_2018
INFO 2021-09-14 14:37:35.377 UTC: 	 Task name:			210911_102321:yian_crab_DYJetsToLL_M-50_TuneCP5_13TeV-amcatnloFXFX-pythia8_2018
INFO 2021-09-14 14:37:35.377 UTC: 	 Grid scheduler - Task Worker:	crab3@vocms0106.cern.ch - crab-prod-tw01
INFO 2021-09-14 14:37:35.377 UTC: 	 Status on the CRAB server:	SUBMITTED
INFO 2021-09-14 14:37:35.377 UTC: 	 Task URL to use for HELP:	https://cmsweb.cern.ch/crabserver/ui/task/210911_102321%3Ayian_crab_DYJetsToLL_M-50_TuneCP5_13TeV-amcatnloFXFX-pythia8_2018
INFO 2021-09-14 14:37:35.381 UTC: 	 Dashboard monitoring URL:	https://monit-grafana.cern.ch/d/cmsTMDetail/cms-task-monitoring-task-view?orgId=11&var-user=yian&var-task=210911_102321%3Ayian_crab_DYJetsToLL_M-50_TuneCP5_13TeV-amcatnloFXFX-pythia8_2018&from=1631352201000&to=now
DEBUG 2021-09-14 14:37:35.382 UTC: 	 The CRAB server submitted your task to the Grid scheduler (cluster ID: 59962338)
DEBUG 2021-09-14 14:37:35.382 UTC: 	 Webdir is located at http://vocms0106.cern.ch/mon/cms1407/210911_102321:yian_crab_DYJetsToLL_M-50_TuneCP5_13TeV-amcatnloFXFX-pythia8_2018
DEBUG 2021-09-14 14:37:35.474 UTC: 	 Proxied webdir is located at https://cmsweb.cern.ch:8443/scheddmon/0106/cms1407/210911_102321:yian_crab_DYJetsToLL_M-50_TuneCP5_13TeV-amcatnloFXFX-pythia8_2018
DEBUG 2021-09-14 14:37:35.474 UTC: 	 Retrieving 'status_cache' file from https://cmsweb.cern.ch:8443/scheddmon/0106/cms1407/210911_102321:yian_crab_DYJetsToLL_M-50_TuneCP5_13TeV-amcatnloFXFX-pythia8_2018/status_cache
DEBUG 2021-09-14 14:37:35.590 UTC: 	 Got information from status cache file: {'1': {'Retries': 0, 'WallDurations': [9.0, 117.72552609443665, 857.0], 'StartTimes': [1631356107.0], 'SubmitTimes': [1631355850.0], 'JobIds': ['59962340.0'], 'EndTimes': [1631356964.0], 'Restarts': 0, 'RecordedSite': True, 'State': 'finished', 'ResidentSetSize': [806348], 'TotalUserCpuTimeHistory': [179], 'SiteHistory': ['Unknown', 'T2_US_MIT', 'T2_US_MIT'], 'TotalSysCpuTimeHistory': [8]}, '3': {'Retries': 0, 'WallDurations': [9.0, 131.72552609443665, 1575.0], 'StartTimes': [1631356093.0], 'SubmitTimes': [1631355850.0], 'JobIds': ['59962342.0'], 'EndTimes': [1631357668.0], 'Restarts': 0, 'RecordedSite': True, 'State': 'finished', 'ResidentSetSize': [812220], 'TotalUserCpuTimeHistory': [312], 'SiteHistory': ['Unknown', 'T2_US_MIT', 'T2_US_MIT'], 'TotalSysCpuTimeHistory': [14]}, '2': {'Retries': 0, 'WallDurations': [8.0, 131.72552609443665, 590.0], 'StartTimes': [1631356093.0], 'SubmitTimes': [1631355850.0], 'JobIds': ['59962341.0'], 'EndTimes': [1631356683.0], 'Restarts': 0, 'RecordedSite': True, 'State': 'finished', 'ResidentSetSize': [742464], 'TotalUserCpuTimeHistory': [263], 'SiteHistory': ['Unknown', 'T2_US_MIT', 'T2_US_MIT'], 'TotalSysCpuTimeHistory': [3]}}
INFO 2021-09-14 14:37:35.590 UTC: 	 Status on the scheduler:	COMPLETED
INFO 2021-09-14 14:37:35.590 UTC: 	 
Jobs status:                    finished     		100.0% (3/3)
INFO 2021-09-14 14:37:35.590 UTC: 	 
No publication information (publication has been disabled in the CRAB configuration file)
INFO 2021-09-14 14:37:35.590 UTC: 	 
Warning: the max jobs runtime is less than 30% of the task requested value (1250 min), please consider to request a lower value for failed jobs (allowed through crab resubmit) and/or improve the jobs splitting (e.g. config.Data.splitting = 'Automatic') in a new task.
INFO 2021-09-14 14:37:35.591 UTC: 	 
Warning: the average jobs CPU efficiency is less than 50%, please consider to improve the jobs splitting (e.g. config.Data.splitting = 'Automatic') in a new task
INFO 2021-09-14 14:37:35.591 UTC: 	 
Summary of run jobs:
 * Memory: 725MB min, 793MB max, 769MB ave
 * Runtime: 0:09:50 min, 0:26:15 max, 0:16:47 ave
 * CPU eff: 21% min, 45% max, 26% ave
 * Waste: 0:06:47 (12% of total)

INFO 2021-09-14 14:37:35.619 UTC: 	 Log file is /afs/cern.ch/work/y/yian/work/GZ/CMSSW_10_6_20/src/PhysicsTools/NanoAODTools/WWG/2018/crab/crab2018/crab_DYJetsToLL_M-50_TuneCP5_13TeV-amcatnloFXFX-pythia8_2018/crab.log
