DEBUG 2021-06-11 09:48:54.478 UTC: 	 CRAB Client version: v3.210601
DEBUG 2021-06-11 09:48:54.479 UTC: 	 Running on: Linux lxplus711.cern.ch 3.10.0-1160.25.1.el7.x86_64 #1 SMP Wed Apr 28 21:49:45 UTC 2021 x86_64 x86_64 x86_64 GNU/Linux - CentOS Linux 7 (Core)
DEBUG 2021-06-11 09:48:54.479 UTC: 	 Executing command: 'submit'
DEBUG 2021-06-11 09:48:54.479 UTC: 	 Found CRAB cache file /afs/cern.ch/user/y/yian/.crab3
INFO 2021-06-11 09:48:54.480 UTC: 	 Will use CRAB configuration file crabcode_2018/ST_tW_antitop_5f_DS_NoFullyHadronicDecays_TuneCP5_13TeV-powheg-pythia8_2018_cfg.py
DEBUG 2021-06-11 09:48:54.480 UTC: 	 Loading CRAB configuration file.
DEBUG 2021-06-11 09:48:54.561 UTC: 	 Will use CRAB Analysis plugin (i.e. will run an analysis job type).
DEBUG 2021-06-11 09:48:54.646 UTC: 	 Checking credentials
DEBUG 2021-06-11 09:48:54.647 UTC: 	 Found proxy file /tmp/x509up_u110046
DEBUG 2021-06-11 09:48:54.647 UTC: 	 Getting proxy life time left
DEBUG 2021-06-11 09:48:55.356 UTC: 	 Executing : 
 command : voms-proxy-info -file /tmp/x509up_u110046 -timeleft
 output : 600898

 error: 
 retcode : 0
DEBUG 2021-06-11 09:48:56.065 UTC: 	 Executing : 
 command : voms-proxy-info -file /tmp/x509up_u110046 -actimeleft
 output : 600897

 error: 
 retcode : 0
DEBUG 2021-06-11 09:48:56.065 UTC: 	 Proxy lifetime 600898 secs is different from voms extension lifetime 600897 secs for proxy: /tmp/x509up_u110046
DEBUG 2021-06-11 09:48:56.065 UTC: 	 Proxy valid for 166:54:57 hours
DEBUG 2021-06-11 09:48:56.874 UTC: 	 Executing : 
 command : env X509_USER_PROXY=/tmp/x509up_u110046 voms-proxy-info -fqan
 output : /cms/Role=NULL/Capability=NULL

 error: 
 retcode : 0
DEBUG 2021-06-11 09:48:56.948 UTC: 	 Registering user credentials for server /DC=ch/DC=cern/OU=computers/CN=crab-(preprod|prod|dev)-tw(02|01).cern.ch|/DC=ch/DC=cern/OU=computers/CN=(ddi|ddidk|mytw).cern.ch|/DC=ch/DC=cern/OU=computers/CN=stefanov(m|m2).cern.ch
DEBUG 2021-06-11 09:48:57.662 UTC: 	 Executing : 
 command : voms-proxy-info -file /tmp/x509up_u110046 -identity
 output : /DC=ch/DC=cern/OU=Organic Units/OU=Users/CN=yian/CN=826694/CN=Ying An

 error: 
 retcode : 0
DEBUG 2021-06-11 09:48:57.671 UTC: 	 Getting myproxy life time left for myproxy.cern.ch
DEBUG 2021-06-11 09:48:57.671 UTC: 	 using b52ac606a6f7097e9b4b8f05a3a67cc69f8f291b as credential login name
DEBUG 2021-06-11 09:48:58.076 UTC: 	 Executing : 
 command : myproxy-info -l b52ac606a6f7097e9b4b8f05a3a67cc69f8f291b -s myproxy.cern.ch
 output : username: b52ac606a6f7097e9b4b8f05a3a67cc69f8f291b
owner: /DC=ch/DC=cern/OU=Organic Units/OU=Users/CN=yian/CN=826694/CN=Ying An
  renewal policy: /DC=ch/DC=cern/OU=computers/CN=crab-(preprod|prod|dev)-tw(02|01).cern.ch|/DC=ch/DC=cern/OU=computers/CN=(ddi|ddidk|mytw).cern.ch|/DC=ch/DC=cern/OU=computers/CN=stefanov(m|m2).cern.ch
  trusted retrieval policy: /DC=ch/DC=cern/OU=computers/CN=crab-(preprod|prod|dev)-tw(02|01).cern.ch|/DC=ch/DC=cern/OU=computers/CN=(ddi|ddidk|mytw).cern.ch|/DC=ch/DC=cern/OU=computers/CN=stefanov(m|m2).cern.ch
  timeleft: 622:21:26  (25.9 days)

 error: 
 retcode : 0
DEBUG 2021-06-11 09:48:58.077 UTC: 	 Myproxy is valid: 2240486
DEBUG 2021-06-11 09:48:58.077 UTC: 	 Retrieving username ...
DEBUG 2021-06-11 09:48:58.077 UTC: 	 Retrieving username from CRIC...
DEBUG 2021-06-11 09:48:58.906 UTC: 	 username is yian
DEBUG 2021-06-11 09:48:58.914 UTC: 	 Getting myproxy life time left for myproxy.cern.ch
DEBUG 2021-06-11 09:48:58.914 UTC: 	 using yian_CRAB as credential login name
DEBUG 2021-06-11 09:48:59.319 UTC: 	 Executing : 
 command : myproxy-info -l yian_CRAB -s myproxy.cern.ch
 output : username: yian_CRAB
owner: /DC=ch/DC=cern/OU=Organic Units/OU=Users/CN=yian/CN=826694/CN=Ying An
  renewal policy: /DC=ch/DC=cern/OU=computers/CN=crab-(preprod|prod|dev)-tw(02|01).cern.ch|/DC=ch/DC=cern/OU=computers/CN=(ddi|ddidk|mytw).cern.ch|/DC=ch/DC=cern/OU=computers/CN=stefanov(m|m2).cern.ch
  trusted retrieval policy: /DC=ch/DC=cern/OU=computers/CN=crab-(preprod|prod|dev)-tw(02|01).cern.ch|/DC=ch/DC=cern/OU=computers/CN=(ddi|ddidk|mytw).cern.ch|/DC=ch/DC=cern/OU=computers/CN=stefanov(m|m2).cern.ch
  timeleft: 622:36:59  (25.9 days)

 error: 
 retcode : 0
DEBUG 2021-06-11 09:48:59.319 UTC: 	 Myproxy is valid: 2241419
DEBUG 2021-06-11 09:48:59.320 UTC: 	 Result of myproxy credential check:
  Credential exists on myproxy: username: b52ac606a6f7097e9b4b8f05a3a67cc69f8f291b  - validity: 25 days, 22:21:26
  Credential exists on myproxy: username: yian_CRAB  - validity: 25 days, 22:36:59
DEBUG 2021-06-11 09:48:59.320 UTC: 	 Command use: submit
DEBUG 2021-06-11 09:48:59.320 UTC: 	 Options use: ['-c', 'crabcode_2018/ST_tW_antitop_5f_DS_NoFullyHadronicDecays_TuneCP5_13TeV-powheg-pythia8_2018_cfg.py']
DEBUG 2021-06-11 09:48:59.413 UTC: 	 CRABClient version: v3.210601
DEBUG 2021-06-11 09:48:59.413 UTC: 	 Instance is prod
DEBUG 2021-06-11 09:48:59.413 UTC: 	 Server base url is cmsweb.cern.ch
DEBUG 2021-06-11 09:48:59.413 UTC: 	 Command api workflow
DEBUG 2021-06-11 09:48:59.413 UTC: 	 Started submission
DEBUG 2021-06-11 09:48:59.413 UTC: 	 Working on /afs/cern.ch/work/y/yian/work/GZ/CMSSW_10_6_20/src/PhysicsTools/NanoAODTools/WWG/2018/crab/crab2018/crab_ST_tW_antitop_5f_DS_NoFullyHadronicDecays_TuneCP5_13TeV-powheg-pythia8_2018
DEBUG 2021-06-11 09:48:59.617 UTC: 	 Loading required information from the environment
DEBUG 2021-06-11 09:48:59.617 UTC: 	 Found CMSSW_10_6_20 for slc7_amd64_gcc820 with base /afs/cern.ch/work/y/yian/work/GZ/CMSSW_10_6_20
DEBUG 2021-06-11 09:48:59.617 UTC: 	 Loading required information from the environment
DEBUG 2021-06-11 09:48:59.617 UTC: 	 Found CMSSW_10_6_20 for slc7_amd64_gcc820 with base /afs/cern.ch/work/y/yian/work/GZ/CMSSW_10_6_20
DEBUG 2021-06-11 09:48:59.618 UTC: 	 UNIQUE NAME: tarUUID b8de56be-01f6-41fc-aedd-8129d7333de7 
DEBUG 2021-06-11 09:48:59.618 UTC: 	 self.config: from WMCore.Configuration import Configuration
config = Configuration()
config.section_('General')
config.General.workArea = 'crab2018'
config.General.transferLogs = False
config.General.requestName = 'ST_tW_antitop_5f_DS_NoFullyHadronicDecays_TuneCP5_13TeV-powheg-pythia8_2018'
config.section_('JobType')
config.JobType.scriptArgs = ['isdata=MC', 'year=2018']
config.JobType.scriptExe = './WWG_crab_script.sh'
config.JobType.pluginName = 'Analysis'
config.JobType.sendPythonFolder = True
config.JobType.allowUndistributedCMSSW = True
config.JobType.psetName = 'PSet.py'
config.JobType.inputFiles = ['../../../scripts/haddnano.py', '../WWG_selector/WWG_postproc.py', '../WWG_selector/WWG_Module.py', '../WWG_selector/WWG_keep_and_drop.txt', '../WWG_selector/WWG_output_branch.txt', '../WWG_selector/DAS_filesearch.py']
config.section_('Data')
config.Data.inputDataset = '/ST_tW_antitop_5f_DS_NoFullyHadronicDecays_TuneCP5_13TeV-powheg-pythia8/RunIISummer19UL18NanoAODv2-106X_upgrade2018_realistic_v15_L1v1-v1/NANOAODSIM'
config.Data.allowNonValidInputDataset = True
config.Data.publication = False
config.Data.unitsPerJob = 1
config.Data.ignoreLocality = True
config.Data.inputDBS = 'global'
config.Data.splitting = 'FileBased'
config.Data.outputDatasetTag = 'ST_tW_antitop_5f_DS_NoFullyHadronicDecays_TuneCP5_13TeV-powheg-pythia8_2018'
config.section_('Site')
config.Site.whitelist = ['T2_US_MIT', 'T2_US_Wisconsin', 'T2_US_Purdue', 'T2_US_UCSD', 'T2_US_Caltech', 'T2_US_Nebraska']
config.Site.storageSite = 'T3_CH_CERNBOX'

DEBUG 2021-06-11 09:48:59.618 UTC: 	 self.config.JobType.psetName: PSet.py
INFO 2021-06-11 09:48:59.618 UTC: 	 Importing CMSSW configuration PSet.py
INFO 2021-06-11 09:49:00.369 UTC: 	 Finished importing CMSSW configuration PSet.py
DEBUG 2021-06-11 09:49:00.369 UTC: 	 Writing CMSSW configuration to /afs/cern.ch/work/y/yian/work/GZ/CMSSW_10_6_20/src/PhysicsTools/NanoAODTools/WWG/2018/crab/crab2018/crab_ST_tW_antitop_5f_DS_NoFullyHadronicDecays_TuneCP5_13TeV-powheg-pythia8_2018/inputs/PSet.py
DEBUG 2021-06-11 09:49:00.397 UTC: 	 The following EDM output files will be collected: ['tree.root']
DEBUG 2021-06-11 09:49:00.397 UTC: 	 The following TFile output files will be collected: []
DEBUG 2021-06-11 09:49:00.397 UTC: 	 The following user output files (not listed as PoolOuputModule or TFileService in the CMSSW PSet) will be collected: 
DEBUG 2021-06-11 09:49:00.397 UTC: 	 Loading required information from the environment
DEBUG 2021-06-11 09:49:00.397 UTC: 	 Found CMSSW_10_6_20 for slc7_amd64_gcc820 with base /afs/cern.ch/work/y/yian/work/GZ/CMSSW_10_6_20
DEBUG 2021-06-11 09:49:00.397 UTC: 	 Making tarball in /afs/cern.ch/work/y/yian/work/GZ/CMSSW_10_6_20/src/PhysicsTools/NanoAODTools/WWG/2018/crab/crab2018/crab_ST_tW_antitop_5f_DS_NoFullyHadronicDecays_TuneCP5_13TeV-powheg-pythia8_2018/inputs/b8de56be-01f6-41fc-aedd-8129d7333de7default.tgz
DEBUG 2021-06-11 09:49:00.402 UTC: 	 Checking directory /afs/cern.ch/work/y/yian/work/GZ/CMSSW_10_6_20/lib
DEBUG 2021-06-11 09:49:00.402 UTC: 	 Adding directory /afs/cern.ch/work/y/yian/work/GZ/CMSSW_10_6_20/lib to tarball
DEBUG 2021-06-11 09:49:00.943 UTC: 	 Checking directory /afs/cern.ch/work/y/yian/work/GZ/CMSSW_10_6_20/biglib
DEBUG 2021-06-11 09:49:00.943 UTC: 	 Adding directory /afs/cern.ch/work/y/yian/work/GZ/CMSSW_10_6_20/biglib to tarball
DEBUG 2021-06-11 09:49:00.945 UTC: 	 Checking directory /afs/cern.ch/work/y/yian/work/GZ/CMSSW_10_6_20/module
DEBUG 2021-06-11 09:49:00.945 UTC: 	 Checking directory /afs/cern.ch/work/y/yian/work/GZ/CMSSW_10_6_20/python
DEBUG 2021-06-11 09:49:00.945 UTC: 	 Adding directory /afs/cern.ch/work/y/yian/work/GZ/CMSSW_10_6_20/python to tarball
DEBUG 2021-06-11 09:49:09.592 UTC: 	 Checking directory /afs/cern.ch/work/y/yian/work/GZ/CMSSW_10_6_20/cfipython
DEBUG 2021-06-11 09:49:09.593 UTC: 	 Adding directory /afs/cern.ch/work/y/yian/work/GZ/CMSSW_10_6_20/cfipython to tarball
DEBUG 2021-06-11 09:49:15.566 UTC: 	 Adding data directory /afs/cern.ch/work/y/yian/work/GZ/CMSSW_10_6_20/src/PhysicsTools/NanoAODTools/data to tarball
DEBUG 2021-06-11 09:49:57.455 UTC: 	 Adding data directory /afs/cern.ch/work/y/yian/work/GZ/CMSSW_10_6_20/src/PhysicsTools/NanoAODTools/interface to tarball
DEBUG 2021-06-11 09:49:57.486 UTC: 	 Adding data directory /afs/cern.ch/work/y/yian/work/GZ/CMSSW_10_6_20/src/PhysicsTools/NanoAODTools/python/postprocessing/data to tarball
DEBUG 2021-06-11 09:50:00.088 UTC: 	 Adding file ../../../scripts/haddnano.py to tarball
DEBUG 2021-06-11 09:50:00.091 UTC: 	 Adding file ../WWG_selector/WWG_postproc.py to tarball
DEBUG 2021-06-11 09:50:00.111 UTC: 	 Adding file ../WWG_selector/WWG_Module.py to tarball
DEBUG 2021-06-11 09:50:00.186 UTC: 	 Adding file ../WWG_selector/WWG_keep_and_drop.txt to tarball
DEBUG 2021-06-11 09:50:00.316 UTC: 	 Adding file ../WWG_selector/WWG_output_branch.txt to tarball
DEBUG 2021-06-11 09:50:00.342 UTC: 	 Adding file ../WWG_selector/DAS_filesearch.py to tarball
DEBUG 2021-06-11 09:50:09.136 UTC: 	 Uploading archive /afs/cern.ch/work/y/yian/work/GZ/CMSSW_10_6_20/src/PhysicsTools/NanoAODTools/WWG/2018/crab/crab2018/crab_ST_tW_antitop_5f_DS_NoFullyHadronicDecays_TuneCP5_13TeV-powheg-pythia8_2018/inputs/b8de56be-01f6-41fc-aedd-8129d7333de7default.tgz (94 MB) to the CRAB cache. Using URI https://cmsweb-prod.cern.ch:8443/crabcache
DEBUG 2021-06-11 09:51:16.449 UTC: 	 Successfully uploaded tarball to S3 as well
DEBUG 2021-06-11 09:51:16.596 UTC: 	 Report of S3 upload stored on CrabCache as S3-210611_095113.605:s3report.json
DEBUG 2021-06-11 09:51:16.597 UTC: 	 Loading required information from the environment
DEBUG 2021-06-11 09:51:16.597 UTC: 	 Found CMSSW_10_6_20 for slc7_amd64_gcc820 with base /afs/cern.ch/work/y/yian/work/GZ/CMSSW_10_6_20
DEBUG 2021-06-11 09:51:16.597 UTC: 	 Making tarball in /afs/cern.ch/work/y/yian/work/GZ/CMSSW_10_6_20/src/PhysicsTools/NanoAODTools/WWG/2018/crab/crab2018/crab_ST_tW_antitop_5f_DS_NoFullyHadronicDecays_TuneCP5_13TeV-powheg-pythia8_2018/inputs/debugFiles.tgz
DEBUG 2021-06-11 09:51:16.610 UTC: 	 Uploading archive /afs/cern.ch/work/y/yian/work/GZ/CMSSW_10_6_20/src/PhysicsTools/NanoAODTools/WWG/2018/crab/crab2018/crab_ST_tW_antitop_5f_DS_NoFullyHadronicDecays_TuneCP5_13TeV-powheg-pythia8_2018/inputs/debugFiles.tgz (1 KB) to the CRAB cache. Using URI https://cmsweb-prod.cern.ch:8443/crabcache
DEBUG 2021-06-11 09:51:17.908 UTC: 	 Successfully uploaded tarball to S3 as well
DEBUG 2021-06-11 09:51:18.070 UTC: 	 Report of S3 upload stored on CrabCache as S3-210611_095116.720:s3report.json
DEBUG 2021-06-11 09:51:18.071 UTC: 	 Result uploading input files: fabf587b484b3ef3660208e274ed76196c62b88f9ef4528b57b8a95967613d39.tar.gz 
INFO 2021-06-11 09:51:18.072 UTC: 	 Sending the request to the server at cmsweb.cern.ch
DEBUG 2021-06-11 09:51:18.072 UTC: 	 Submitting {'maxjobruntime': 1250, 'extrajdl': [], 'ignorelocality': 1, 'savelogsflag': 0, 'useparent': 0, 'scriptexe': 'WWG_crab_script.sh', 'asyncdest': 'T3_CH_CERNBOX', 'algoargs': 1, 'cachefilename': 'fabf587b484b3ef3660208e274ed76196c62b88f9ef4528b57b8a95967613d39.tar.gz', 'numcores': 1, 'addoutputfiles': [], 'generator': 'pythia', 'maxmemory': 2000, 'publishdbsurl': 'https://cmsweb.cern.ch/dbs/prod/phys03/DBSWriter', 'priority': 10, 'jobsw': 'CMSSW_10_6_20', 'edmoutfiles': ['tree.root'], 'userfiles': [], 'primarydataset': '', 'inputdata': '/ST_tW_antitop_5f_DS_NoFullyHadronicDecays_TuneCP5_13TeV-powheg-pythia8/RunIISummer19UL18NanoAODv2-106X_upgrade2018_realistic_v15_L1v1-v1/NANOAODSIM', 'dryrun': 0, 'workflow': 'crab_ST_tW_antitop_5f_DS_NoFullyHadronicDecays_TuneCP5_13TeV-powheg-pythia8_2018', 'scriptargs': ['isdata=MC', 'year=2018'], 'sitewhitelist': ['T2_US_MIT', 'T2_US_Wisconsin', 'T2_US_Purdue', 'T2_US_UCSD', 'T2_US_Caltech', 'T2_US_Nebraska'], 'nonprodsw': 1, 'tfileoutfiles': [], 'oneEventMode': 0, 'debugfilename': 'd653b028e40fe0c345f474d9c92d65bd97c3a8c3a50a52dc4c4889d9fe2ab054.tar.gz', 'cacheurl': u'https://cmsweb-prod.cern.ch:8443/crabcache', 'saveoutput': 1, 'publication': 0, 'jobarch': 'slc7_amd64_gcc820', 'totalunits': 0, 'splitalgo': 'FileBased', 'ignoreglobalblacklist': 0, 'nonvaliddata': 1, 'dbsurl': 'https://cmsweb.cern.ch/dbs/prod/global/DBSReader', 'publishgroupname': 0, 'jobtype': 'Analysis', 'publishname2': 'ST_tW_antitop_5f_DS_NoFullyHadronicDecays_TuneCP5_13TeV-powheg-pythia8_2018'} 
DEBUG 2021-06-11 09:51:18.073 UTC: 	 Encoded submit request: maxjobruntime=1250&ignorelocality=1&savelogsflag=0&useparent=0&scriptexe=WWG_crab_script.sh&asyncdest=T3_CH_CERNBOX&algoargs=1&cachefilename=fabf587b484b3ef3660208e274ed76196c62b88f9ef4528b57b8a95967613d39.tar.gz&numcores=1&generator=pythia&maxmemory=2000&publishdbsurl=https%3A%2F%2Fcmsweb.cern.ch%2Fdbs%2Fprod%2Fphys03%2FDBSWriter&priority=10&jobsw=CMSSW_10_6_20&primarydataset=&inputdata=%2FST_tW_antitop_5f_DS_NoFullyHadronicDecays_TuneCP5_13TeV-powheg-pythia8%2FRunIISummer19UL18NanoAODv2-106X_upgrade2018_realistic_v15_L1v1-v1%2FNANOAODSIM&dryrun=0&workflow=crab_ST_tW_antitop_5f_DS_NoFullyHadronicDecays_TuneCP5_13TeV-powheg-pythia8_2018&nonprodsw=1&oneEventMode=0&debugfilename=d653b028e40fe0c345f474d9c92d65bd97c3a8c3a50a52dc4c4889d9fe2ab054.tar.gz&cacheurl=https%3A%2F%2Fcmsweb-prod.cern.ch%3A8443%2Fcrabcache&saveoutput=1&publication=0&jobarch=slc7_amd64_gcc820&totalunits=0&splitalgo=FileBased&ignoreglobalblacklist=0&nonvaliddata=1&dbsurl=https%3A%2F%2Fcmsweb.cern.ch%2Fdbs%2Fprod%2Fglobal%2FDBSReader&publishgroupname=0&jobtype=Analysis&publishname2=ST_tW_antitop_5f_DS_NoFullyHadronicDecays_TuneCP5_13TeV-powheg-pythia8_2018&sitewhitelist=T2_US_MIT&sitewhitelist=T2_US_Wisconsin&sitewhitelist=T2_US_Purdue&sitewhitelist=T2_US_UCSD&sitewhitelist=T2_US_Caltech&sitewhitelist=T2_US_Nebraska&edmoutfiles=tree.root&scriptargs=isdata%3DMC&scriptargs=year%3D2018
DEBUG 2021-06-11 09:51:18.181 UTC: 	 Result: {u'result': [{u'RequestName': u'210611_095118:yian_crab_ST_tW_antitop_5f_DS_NoFullyHadronicDecays_TuneCP5_13TeV-powheg-pythia8_2018'}]}
INFO 2021-06-11 09:51:18.188 UTC: 	 Success: Your task has been delivered to the prod CRAB3 server.
INFO 2021-06-11 09:51:18.189 UTC: 	 Task name: 210611_095118:yian_crab_ST_tW_antitop_5f_DS_NoFullyHadronicDecays_TuneCP5_13TeV-powheg-pythia8_2018
INFO 2021-06-11 09:51:18.189 UTC: 	 Project dir: crab2018/crab_ST_tW_antitop_5f_DS_NoFullyHadronicDecays_TuneCP5_13TeV-powheg-pythia8_2018
INFO 2021-06-11 09:51:18.189 UTC: 	 Please use ' crab status -d crab2018/crab_ST_tW_antitop_5f_DS_NoFullyHadronicDecays_TuneCP5_13TeV-powheg-pythia8_2018 ' to check how the submission process proceeds.
DEBUG 2021-06-11 09:51:18.189 UTC: 	 About to return
INFO 2021-06-11 09:51:18.192 UTC: 	 Log file is /afs/cern.ch/work/y/yian/work/GZ/CMSSW_10_6_20/src/PhysicsTools/NanoAODTools/WWG/2018/crab/crab2018/crab_ST_tW_antitop_5f_DS_NoFullyHadronicDecays_TuneCP5_13TeV-powheg-pythia8_2018/crab.log
