DEBUG 2021-03-18 10:55:44.834 UTC: 	 CRAB Client version: v3.201110
DEBUG 2021-03-18 10:55:44.834 UTC: 	 Running on: Linux lxplus772.cern.ch 3.10.0-1160.15.2.el7.x86_64 #1 SMP Wed Feb 3 15:06:38 UTC 2021 x86_64 x86_64 x86_64 GNU/Linux - CentOS Linux 7 (Core)
DEBUG 2021-03-18 10:55:44.834 UTC: 	 Executing command: 'submit'
DEBUG 2021-03-18 10:55:44.839 UTC: 	 Found CRAB cache file /afs/cern.ch/user/y/yian/.crab3
INFO 2021-03-18 10:55:44.841 UTC: 	 Will use CRAB configuration file crabcode_2018/ZGToLLG_01J_5f_TuneCP5_13TeV-amcatnloFXFX-pythia8_2018_cfg.py
DEBUG 2021-03-18 10:55:44.841 UTC: 	 Loading CRAB configuration file.
DEBUG 2021-03-18 10:55:44.852 UTC: 	 Will use CRAB Analysis plugin (i.e. will run an analysis job type).
DEBUG 2021-03-18 10:55:44.909 UTC: 	 Checking credentials
DEBUG 2021-03-18 10:55:44.909 UTC: 	 Found proxy file /tmp/x509up_u110046
DEBUG 2021-03-18 10:55:44.910 UTC: 	 Getting proxy life time left
DEBUG 2021-03-18 10:55:45.718 UTC: 	 Executing : 
 command : voms-proxy-info -file /tmp/x509up_u110046 -timeleft
 output : 41551

 error: 
 retcode : 0
DEBUG 2021-03-18 10:55:46.426 UTC: 	 Executing : 
 command : voms-proxy-info -file /tmp/x509up_u110046 -actimeleft
 output : 41550

 error: 
 retcode : 0
DEBUG 2021-03-18 10:55:46.426 UTC: 	 Proxy lifetime 41551 secs is different from voms extension lifetime 41550 secs for proxy: /tmp/x509up_u110046
DEBUG 2021-03-18 10:55:46.426 UTC: 	 Proxy valid for 11:32:30 hours
DEBUG 2021-03-18 10:55:47.135 UTC: 	 Executing : 
 command : env X509_USER_PROXY=/tmp/x509up_u110046 voms-proxy-info -fqan
 output : /cms/Role=NULL/Capability=NULL

 error: 
 retcode : 0
DEBUG 2021-03-18 10:55:47.228 UTC: 	 Registering user credentials for server /DC=ch/DC=cern/OU=computers/CN=vocms0105.cern.ch|/DC=ch/DC=cern/OU=computers/CN=crab-(preprod|prod|dev)-tw(02|01).cern.ch|/DC=ch/DC=cern/OU=computers/CN=(ddi|ddidk|mytw).cern.ch|/DC=ch/DC=cern/OU=computers/CN=stefanov(m|m2).cern.ch
DEBUG 2021-03-18 10:55:48.043 UTC: 	 Executing : 
 command : voms-proxy-info -file /tmp/x509up_u110046 -identity
 output : /DC=ch/DC=cern/OU=Organic Units/OU=Users/CN=yian/CN=826694/CN=Ying An

 error: 
 retcode : 0
DEBUG 2021-03-18 10:55:48.052 UTC: 	 Getting myproxy life time left for myproxy.cern.ch
DEBUG 2021-03-18 10:55:48.052 UTC: 	 using b52ac606a6f7097e9b4b8f05a3a67cc69f8f291b as credential login name
DEBUG 2021-03-18 10:55:48.457 UTC: 	 Executing : 
 command : myproxy-info -l b52ac606a6f7097e9b4b8f05a3a67cc69f8f291b -s myproxy.cern.ch
 output : username: b52ac606a6f7097e9b4b8f05a3a67cc69f8f291b
owner: /DC=ch/DC=cern/OU=Organic Units/OU=Users/CN=yian/CN=826694/CN=Ying An
  renewal policy: /DC=ch/DC=cern/OU=computers/CN=vocms0105.cern.ch|/DC=ch/DC=cern/OU=computers/CN=crab-(preprod|prod|dev)-tw(02|01).cern.ch|/DC=ch/DC=cern/OU=computers/CN=(ddi|ddidk|mytw).cern.ch|/DC=ch/DC=cern/OU=computers/CN=stefanov(m|m2).cern.ch
  trusted retrieval policy: /DC=ch/DC=cern/OU=computers/CN=vocms0105.cern.ch|/DC=ch/DC=cern/OU=computers/CN=crab-(preprod|prod|dev)-tw(02|01).cern.ch|/DC=ch/DC=cern/OU=computers/CN=(ddi|ddidk|mytw).cern.ch|/DC=ch/DC=cern/OU=computers/CN=stefanov(m|m2).cern.ch
  timeleft: 653:14:20  (27.2 days)

 error: 
 retcode : 0
DEBUG 2021-03-18 10:55:48.458 UTC: 	 Myproxy is valid: 2351660
DEBUG 2021-03-18 10:55:48.458 UTC: 	 Retrieving username ...
DEBUG 2021-03-18 10:55:48.458 UTC: 	 Retrieving username from CRIC...
DEBUG 2021-03-18 10:55:49.262 UTC: 	 username is yian
DEBUG 2021-03-18 10:55:49.270 UTC: 	 Getting myproxy life time left for myproxy.cern.ch
DEBUG 2021-03-18 10:55:49.270 UTC: 	 using yian_CRAB as credential login name
DEBUG 2021-03-18 10:55:49.575 UTC: 	 Executing : 
 command : myproxy-info -l yian_CRAB -s myproxy.cern.ch
 output : username: yian_CRAB
owner: /DC=ch/DC=cern/OU=Organic Units/OU=Users/CN=yian/CN=826694/CN=Ying An
  renewal policy: /DC=ch/DC=cern/OU=computers/CN=vocms0105.cern.ch|/DC=ch/DC=cern/OU=computers/CN=crab-(preprod|prod|dev)-tw(02|01).cern.ch|/DC=ch/DC=cern/OU=computers/CN=(ddi|ddidk|mytw).cern.ch|/DC=ch/DC=cern/OU=computers/CN=stefanov(m|m2).cern.ch
  trusted retrieval policy: /DC=ch/DC=cern/OU=computers/CN=vocms0105.cern.ch|/DC=ch/DC=cern/OU=computers/CN=crab-(preprod|prod|dev)-tw(02|01).cern.ch|/DC=ch/DC=cern/OU=computers/CN=(ddi|ddidk|mytw).cern.ch|/DC=ch/DC=cern/OU=computers/CN=stefanov(m|m2).cern.ch
  timeleft: 653:14:25  (27.2 days)

 error: 
 retcode : 0
DEBUG 2021-03-18 10:55:49.576 UTC: 	 Myproxy is valid: 2351665
DEBUG 2021-03-18 10:55:49.576 UTC: 	 Result of myproxy credential check:
  Credential exists on myproxy: username: b52ac606a6f7097e9b4b8f05a3a67cc69f8f291b  - validity: 27 days, 5:14:20
  Credential exists on myproxy: username: yian_CRAB  - validity: 27 days, 5:14:25
DEBUG 2021-03-18 10:55:49.576 UTC: 	 Command use: submit
DEBUG 2021-03-18 10:55:49.576 UTC: 	 Options use: ['-c', 'crabcode_2018/ZGToLLG_01J_5f_TuneCP5_13TeV-amcatnloFXFX-pythia8_2018_cfg.py']
DEBUG 2021-03-18 10:55:49.644 UTC: 	 CRABClient version: v3.201110
DEBUG 2021-03-18 10:55:49.644 UTC: 	 Instance is prod
DEBUG 2021-03-18 10:55:49.644 UTC: 	 Server base url is cmsweb-k8s-prod.cern.ch
DEBUG 2021-03-18 10:55:49.644 UTC: 	 Command url /crabserver/prod/workflow
DEBUG 2021-03-18 10:55:49.645 UTC: 	 Started submission
DEBUG 2021-03-18 10:55:49.645 UTC: 	 Working on /afs/cern.ch/work/y/yian/work/GZ/CMSSW_10_6_20/src/PhysicsTools/NanoAODTools/WWG/crab/crab2018/crab_ZGToLLG_01J_5f_TuneCP5_13TeV-amcatnloFXFX-pythia8_2018
DEBUG 2021-03-18 10:55:49.786 UTC: 	 Loading required information from the environment
DEBUG 2021-03-18 10:55:49.786 UTC: 	 Found CMSSW_10_6_20 for slc7_amd64_gcc820 with base /afs/cern.ch/work/y/yian/work/GZ/CMSSW_10_6_20
DEBUG 2021-03-18 10:55:49.787 UTC: 	 Loading required information from the environment
DEBUG 2021-03-18 10:55:49.787 UTC: 	 Found CMSSW_10_6_20 for slc7_amd64_gcc820 with base /afs/cern.ch/work/y/yian/work/GZ/CMSSW_10_6_20
DEBUG 2021-03-18 10:55:49.787 UTC: 	 UNIQUE NAME: tarUUID 4b43b592-3808-4344-b759-95332f9793cc 
DEBUG 2021-03-18 10:55:49.787 UTC: 	 self.config: from WMCore.Configuration import Configuration
config = Configuration()
config.section_('General')
config.General.workArea = 'crab2018'
config.General.transferLogs = False
config.General.requestName = 'ZGToLLG_01J_5f_TuneCP5_13TeV-amcatnloFXFX-pythia8_2018'
config.section_('JobType')
config.JobType.scriptArgs = ['isdata=MC', 'year=2018']
config.JobType.scriptExe = './WWG_crab_script.sh'
config.JobType.pluginName = 'Analysis'
config.JobType.sendPythonFolder = True
config.JobType.allowUndistributedCMSSW = True
config.JobType.psetName = 'PSet.py'
config.JobType.inputFiles = ['../../scripts/haddnano.py', '../WWG_selector/WWG_postproc.py', '../WWG_selector/WWG_Module.py', '../WWG_selector/WWG_keep_and_drop.txt', '../WWG_selector/WWG_output_branch.txt', '../WWG_selector/DAS_filesearch.py']
config.section_('Data')
config.Data.inputDataset = '/ZGToLLG_01J_5f_TuneCP5_13TeV-amcatnloFXFX-pythia8/RunIISummer19UL18NanoAODv2-106X_upgrade2018_realistic_v15_L1v1-v1/NANOAODSIM'
config.Data.allowNonValidInputDataset = True
config.Data.publication = False
config.Data.unitsPerJob = 1
config.Data.ignoreLocality = True
config.Data.inputDBS = 'global'
config.Data.splitting = 'FileBased'
config.Data.outputDatasetTag = 'ZGToLLG_01J_5f_TuneCP5_13TeV-amcatnloFXFX-pythia8_2018'
config.section_('Site')
config.Site.whitelist = ['T2_US_MIT', 'T2_US_Wisconsin', 'T2_US_Purdue', 'T2_US_UCSD', 'T2_US_Caltech', 'T2_US_Nebraska']
config.Site.storageSite = 'T3_CH_CERNBOX'

DEBUG 2021-03-18 10:55:49.787 UTC: 	 self.config.JobType.psetName: PSet.py
INFO 2021-03-18 10:55:49.787 UTC: 	 Importing CMSSW configuration PSet.py
INFO 2021-03-18 10:55:50.451 UTC: 	 Finished importing CMSSW configuration PSet.py
DEBUG 2021-03-18 10:55:50.451 UTC: 	 Writing CMSSW configuration to /afs/cern.ch/work/y/yian/work/GZ/CMSSW_10_6_20/src/PhysicsTools/NanoAODTools/WWG/crab/crab2018/crab_ZGToLLG_01J_5f_TuneCP5_13TeV-amcatnloFXFX-pythia8_2018/inputs/PSet.py
DEBUG 2021-03-18 10:55:50.471 UTC: 	 The following EDM output files will be collected: ['tree.root']
DEBUG 2021-03-18 10:55:50.472 UTC: 	 The following TFile output files will be collected: []
DEBUG 2021-03-18 10:55:50.472 UTC: 	 The following user output files (not listed as PoolOuputModule or TFileService in the CMSSW PSet) will be collected: 
DEBUG 2021-03-18 10:55:50.472 UTC: 	 Loading required information from the environment
DEBUG 2021-03-18 10:55:50.472 UTC: 	 Found CMSSW_10_6_20 for slc7_amd64_gcc820 with base /afs/cern.ch/work/y/yian/work/GZ/CMSSW_10_6_20
DEBUG 2021-03-18 10:55:50.472 UTC: 	 Making tarball in /afs/cern.ch/work/y/yian/work/GZ/CMSSW_10_6_20/src/PhysicsTools/NanoAODTools/WWG/crab/crab2018/crab_ZGToLLG_01J_5f_TuneCP5_13TeV-amcatnloFXFX-pythia8_2018/inputs/4b43b592-3808-4344-b759-95332f9793ccdefault.tgz
DEBUG 2021-03-18 10:55:50.473 UTC: 	 Checking directory /afs/cern.ch/work/y/yian/work/GZ/CMSSW_10_6_20/lib
DEBUG 2021-03-18 10:55:50.473 UTC: 	 Adding directory /afs/cern.ch/work/y/yian/work/GZ/CMSSW_10_6_20/lib to tarball
DEBUG 2021-03-18 10:55:50.610 UTC: 	 Checking directory /afs/cern.ch/work/y/yian/work/GZ/CMSSW_10_6_20/biglib
DEBUG 2021-03-18 10:55:50.610 UTC: 	 Adding directory /afs/cern.ch/work/y/yian/work/GZ/CMSSW_10_6_20/biglib to tarball
DEBUG 2021-03-18 10:55:50.614 UTC: 	 Checking directory /afs/cern.ch/work/y/yian/work/GZ/CMSSW_10_6_20/module
DEBUG 2021-03-18 10:55:50.616 UTC: 	 Checking directory /afs/cern.ch/work/y/yian/work/GZ/CMSSW_10_6_20/python
DEBUG 2021-03-18 10:55:50.616 UTC: 	 Adding directory /afs/cern.ch/work/y/yian/work/GZ/CMSSW_10_6_20/python to tarball
DEBUG 2021-03-18 10:55:53.165 UTC: 	 Checking directory /afs/cern.ch/work/y/yian/work/GZ/CMSSW_10_6_20/cfipython
DEBUG 2021-03-18 10:55:53.165 UTC: 	 Adding directory /afs/cern.ch/work/y/yian/work/GZ/CMSSW_10_6_20/cfipython to tarball
DEBUG 2021-03-18 10:55:53.693 UTC: 	 Adding data directory /afs/cern.ch/work/y/yian/work/GZ/CMSSW_10_6_20/src/PhysicsTools/NanoAODTools/data to tarball
DEBUG 2021-03-18 10:56:16.027 UTC: 	 Adding data directory /afs/cern.ch/work/y/yian/work/GZ/CMSSW_10_6_20/src/PhysicsTools/NanoAODTools/interface to tarball
DEBUG 2021-03-18 10:56:16.039 UTC: 	 Adding data directory /afs/cern.ch/work/y/yian/work/GZ/CMSSW_10_6_20/src/PhysicsTools/NanoAODTools/python/postprocessing/data to tarball
DEBUG 2021-03-18 10:56:18.600 UTC: 	 Adding file ../../scripts/haddnano.py to tarball
DEBUG 2021-03-18 10:56:18.601 UTC: 	 Adding file ../WWG_selector/WWG_postproc.py to tarball
DEBUG 2021-03-18 10:56:18.602 UTC: 	 Adding file ../WWG_selector/WWG_Module.py to tarball
DEBUG 2021-03-18 10:56:18.602 UTC: 	 Adding file ../WWG_selector/WWG_keep_and_drop.txt to tarball
DEBUG 2021-03-18 10:56:18.603 UTC: 	 Adding file ../WWG_selector/WWG_output_branch.txt to tarball
DEBUG 2021-03-18 10:56:18.603 UTC: 	 Adding file ../WWG_selector/DAS_filesearch.py to tarball
DEBUG 2021-03-18 10:56:25.308 UTC: 	 Uploading archive /afs/cern.ch/work/y/yian/work/GZ/CMSSW_10_6_20/src/PhysicsTools/NanoAODTools/WWG/crab/crab2018/crab_ZGToLLG_01J_5f_TuneCP5_13TeV-amcatnloFXFX-pythia8_2018/inputs/4b43b592-3808-4344-b759-95332f9793ccdefault.tgz (94 MB) to the CRAB cache. Using URI https://cmsweb.cern.ch:8443/crabcache
DEBUG 2021-03-18 10:57:19.627 UTC: 	 Loading required information from the environment
DEBUG 2021-03-18 10:57:19.627 UTC: 	 Found CMSSW_10_6_20 for slc7_amd64_gcc820 with base /afs/cern.ch/work/y/yian/work/GZ/CMSSW_10_6_20
DEBUG 2021-03-18 10:57:19.627 UTC: 	 Making tarball in /afs/cern.ch/work/y/yian/work/GZ/CMSSW_10_6_20/src/PhysicsTools/NanoAODTools/WWG/crab/crab2018/crab_ZGToLLG_01J_5f_TuneCP5_13TeV-amcatnloFXFX-pythia8_2018/inputs/debugFiles.tgz
DEBUG 2021-03-18 10:57:19.637 UTC: 	 Uploading archive /afs/cern.ch/work/y/yian/work/GZ/CMSSW_10_6_20/src/PhysicsTools/NanoAODTools/WWG/crab/crab2018/crab_ZGToLLG_01J_5f_TuneCP5_13TeV-amcatnloFXFX-pythia8_2018/inputs/debugFiles.tgz (1 KB) to the CRAB cache. Using URI https://cmsweb.cern.ch:8443/crabcache
DEBUG 2021-03-18 10:57:19.678 UTC: 	 Result uploading input files: e074d6562fe520feb99679e89a7bf910a059db32ab6fe9ba89698c628905dc9e.tar.gz 
INFO 2021-03-18 10:57:19.679 UTC: 	 Sending the request to the server at cmsweb-k8s-prod.cern.ch
DEBUG 2021-03-18 10:57:19.679 UTC: 	 Submitting {'maxjobruntime': 1250, 'extrajdl': [], 'ignorelocality': 1, 'savelogsflag': 0, 'useparent': 0, 'scriptexe': 'WWG_crab_script.sh', 'asyncdest': 'T3_CH_CERNBOX', 'algoargs': 1, 'cachefilename': 'e074d6562fe520feb99679e89a7bf910a059db32ab6fe9ba89698c628905dc9e.tar.gz', 'numcores': 1, 'addoutputfiles': [], 'generator': 'pythia', 'maxmemory': 2000, 'publishdbsurl': 'https://cmsweb.cern.ch/dbs/prod/phys03/DBSWriter', 'priority': 10, 'jobsw': 'CMSSW_10_6_20', 'edmoutfiles': ['tree.root'], 'userfiles': [], 'primarydataset': '', 'inputdata': '/ZGToLLG_01J_5f_TuneCP5_13TeV-amcatnloFXFX-pythia8/RunIISummer19UL18NanoAODv2-106X_upgrade2018_realistic_v15_L1v1-v1/NANOAODSIM', 'dryrun': 0, 'workflow': 'crab_ZGToLLG_01J_5f_TuneCP5_13TeV-amcatnloFXFX-pythia8_2018', 'scriptargs': ['isdata=MC', 'year=2018'], 'sitewhitelist': ['T2_US_MIT', 'T2_US_Wisconsin', 'T2_US_Purdue', 'T2_US_UCSD', 'T2_US_Caltech', 'T2_US_Nebraska'], 'nonprodsw': 1, 'tfileoutfiles': [], 'oneEventMode': 0, 'debugfilename': '8012529002ed37eb4244e36f03cd73243548b53bd38f157b1405804c4e2158e8.tar.gz', 'cacheurl': u'https://cmsweb.cern.ch:8443/crabcache', 'saveoutput': 1, 'publication': 0, 'jobarch': 'slc7_amd64_gcc820', 'totalunits': 0, 'splitalgo': 'FileBased', 'ignoreglobalblacklist': 0, 'nonvaliddata': 1, 'dbsurl': 'https://cmsweb.cern.ch/dbs/prod/global/DBSReader', 'publishgroupname': 0, 'jobtype': 'Analysis', 'publishname2': 'ZGToLLG_01J_5f_TuneCP5_13TeV-amcatnloFXFX-pythia8_2018'} 
DEBUG 2021-03-18 10:57:19.679 UTC: 	 Encoded submit request: maxjobruntime=1250&ignorelocality=1&savelogsflag=0&useparent=0&scriptexe=WWG_crab_script.sh&asyncdest=T3_CH_CERNBOX&algoargs=1&cachefilename=e074d6562fe520feb99679e89a7bf910a059db32ab6fe9ba89698c628905dc9e.tar.gz&numcores=1&generator=pythia&maxmemory=2000&publishdbsurl=https%3A%2F%2Fcmsweb.cern.ch%2Fdbs%2Fprod%2Fphys03%2FDBSWriter&priority=10&jobsw=CMSSW_10_6_20&primarydataset=&inputdata=%2FZGToLLG_01J_5f_TuneCP5_13TeV-amcatnloFXFX-pythia8%2FRunIISummer19UL18NanoAODv2-106X_upgrade2018_realistic_v15_L1v1-v1%2FNANOAODSIM&dryrun=0&workflow=crab_ZGToLLG_01J_5f_TuneCP5_13TeV-amcatnloFXFX-pythia8_2018&nonprodsw=1&oneEventMode=0&debugfilename=8012529002ed37eb4244e36f03cd73243548b53bd38f157b1405804c4e2158e8.tar.gz&cacheurl=https%3A%2F%2Fcmsweb.cern.ch%3A8443%2Fcrabcache&saveoutput=1&publication=0&jobarch=slc7_amd64_gcc820&totalunits=0&splitalgo=FileBased&ignoreglobalblacklist=0&nonvaliddata=1&dbsurl=https%3A%2F%2Fcmsweb.cern.ch%2Fdbs%2Fprod%2Fglobal%2FDBSReader&publishgroupname=0&jobtype=Analysis&publishname2=ZGToLLG_01J_5f_TuneCP5_13TeV-amcatnloFXFX-pythia8_2018&sitewhitelist=T2_US_MIT&sitewhitelist=T2_US_Wisconsin&sitewhitelist=T2_US_Purdue&sitewhitelist=T2_US_UCSD&sitewhitelist=T2_US_Caltech&sitewhitelist=T2_US_Nebraska&edmoutfiles=tree.root&scriptargs=isdata%3DMC&scriptargs=year%3D2018
DEBUG 2021-03-18 10:57:19.773 UTC: 	 Result: {u'result': [{u'RequestName': u'210318_105719:yian_crab_ZGToLLG_01J_5f_TuneCP5_13TeV-amcatnloFXFX-pythia8_2018'}]}
INFO 2021-03-18 10:57:19.779 UTC: 	 Success: Your task has been delivered to the prod CRAB3 server.
INFO 2021-03-18 10:57:19.779 UTC: 	 Task name: 210318_105719:yian_crab_ZGToLLG_01J_5f_TuneCP5_13TeV-amcatnloFXFX-pythia8_2018
INFO 2021-03-18 10:57:19.779 UTC: 	 Project dir: crab2018/crab_ZGToLLG_01J_5f_TuneCP5_13TeV-amcatnloFXFX-pythia8_2018
INFO 2021-03-18 10:57:19.779 UTC: 	 Please use ' crab status -d crab2018/crab_ZGToLLG_01J_5f_TuneCP5_13TeV-amcatnloFXFX-pythia8_2018 ' to check how the submission process proceeds.
DEBUG 2021-03-18 10:57:19.780 UTC: 	 About to return
INFO 2021-03-18 10:57:19.782 UTC: 	 Log file is /afs/cern.ch/work/y/yian/work/GZ/CMSSW_10_6_20/src/PhysicsTools/NanoAODTools/WWG/crab/crab2018/crab_ZGToLLG_01J_5f_TuneCP5_13TeV-amcatnloFXFX-pythia8_2018/crab.log
DEBUG 2021-03-18 12:45:02.609 UTC: 	 CRAB Client version: v3.201110
DEBUG 2021-03-18 12:45:02.609 UTC: 	 Running on: Linux lxplus799.cern.ch 3.10.0-1160.15.2.el7.x86_64 #1 SMP Wed Feb 3 15:06:38 UTC 2021 x86_64 x86_64 x86_64 GNU/Linux - CentOS Linux 7 (Core)
DEBUG 2021-03-18 12:45:02.609 UTC: 	 Executing command: 'status'
DEBUG 2021-03-18 12:45:02.610 UTC: 	 Found CRAB cache file /afs/cern.ch/user/y/yian/.crab3
DEBUG 2021-03-18 12:45:02.642 UTC: 	 Checking credentials
DEBUG 2021-03-18 12:45:02.643 UTC: 	 Found proxy file /tmp/x509up_u110046
DEBUG 2021-03-18 12:45:02.643 UTC: 	 Getting proxy life time left
DEBUG 2021-03-18 12:45:03.248 UTC: 	 Executing : 
 command : voms-proxy-info -file /tmp/x509up_u110046 -timeleft
 output : 528827

 error: 
 retcode : 0
DEBUG 2021-03-18 12:45:03.854 UTC: 	 Executing : 
 command : voms-proxy-info -file /tmp/x509up_u110046 -actimeleft
 output : 528827

 error: 
 retcode : 0
DEBUG 2021-03-18 12:45:03.854 UTC: 	 Proxy valid for 146:53:47 hours
DEBUG 2021-03-18 12:45:03.962 UTC: 	 Registering user credentials for server /DC=ch/DC=cern/OU=computers/CN=vocms0105.cern.ch|/DC=ch/DC=cern/OU=computers/CN=crab-(preprod|prod|dev)-tw(02|01).cern.ch|/DC=ch/DC=cern/OU=computers/CN=(ddi|ddidk|mytw).cern.ch|/DC=ch/DC=cern/OU=computers/CN=stefanov(m|m2).cern.ch
DEBUG 2021-03-18 12:45:04.574 UTC: 	 Executing : 
 command : voms-proxy-info -file /tmp/x509up_u110046 -identity
 output : /DC=ch/DC=cern/OU=Organic Units/OU=Users/CN=yian/CN=826694/CN=Ying An

 error: 
 retcode : 0
DEBUG 2021-03-18 12:45:04.581 UTC: 	 Getting myproxy life time left for myproxy.cern.ch
DEBUG 2021-03-18 12:45:04.581 UTC: 	 using b52ac606a6f7097e9b4b8f05a3a67cc69f8f291b as credential login name
DEBUG 2021-03-18 12:45:05.087 UTC: 	 Executing : 
 command : myproxy-info -l b52ac606a6f7097e9b4b8f05a3a67cc69f8f291b -s myproxy.cern.ch
 output : username: b52ac606a6f7097e9b4b8f05a3a67cc69f8f291b
owner: /DC=ch/DC=cern/OU=Organic Units/OU=Users/CN=yian/CN=826694/CN=Ying An
  renewal policy: /DC=ch/DC=cern/OU=computers/CN=vocms0105.cern.ch|/DC=ch/DC=cern/OU=computers/CN=crab-(preprod|prod|dev)-tw(02|01).cern.ch|/DC=ch/DC=cern/OU=computers/CN=(ddi|ddidk|mytw).cern.ch|/DC=ch/DC=cern/OU=computers/CN=stefanov(m|m2).cern.ch
  trusted retrieval policy: /DC=ch/DC=cern/OU=computers/CN=vocms0105.cern.ch|/DC=ch/DC=cern/OU=computers/CN=crab-(preprod|prod|dev)-tw(02|01).cern.ch|/DC=ch/DC=cern/OU=computers/CN=(ddi|ddidk|mytw).cern.ch|/DC=ch/DC=cern/OU=computers/CN=stefanov(m|m2).cern.ch
  timeleft: 651:25:03  (27.1 days)

 error: 
 retcode : 0
DEBUG 2021-03-18 12:45:05.088 UTC: 	 Myproxy is valid: 2345103
DEBUG 2021-03-18 12:45:05.088 UTC: 	 Retrieving username ...
DEBUG 2021-03-18 12:45:05.088 UTC: 	 Retrieving username from CRIC...
DEBUG 2021-03-18 12:45:05.838 UTC: 	 username is yian
DEBUG 2021-03-18 12:45:05.844 UTC: 	 Getting myproxy life time left for myproxy.cern.ch
DEBUG 2021-03-18 12:45:05.844 UTC: 	 using yian_CRAB as credential login name
DEBUG 2021-03-18 12:45:06.348 UTC: 	 Executing : 
 command : myproxy-info -l yian_CRAB -s myproxy.cern.ch
 output : username: yian_CRAB
owner: /DC=ch/DC=cern/OU=Organic Units/OU=Users/CN=yian/CN=826694/CN=Ying An
  renewal policy: /DC=ch/DC=cern/OU=computers/CN=vocms0105.cern.ch|/DC=ch/DC=cern/OU=computers/CN=crab-(preprod|prod|dev)-tw(02|01).cern.ch|/DC=ch/DC=cern/OU=computers/CN=(ddi|ddidk|mytw).cern.ch|/DC=ch/DC=cern/OU=computers/CN=stefanov(m|m2).cern.ch
  trusted retrieval policy: /DC=ch/DC=cern/OU=computers/CN=vocms0105.cern.ch|/DC=ch/DC=cern/OU=computers/CN=crab-(preprod|prod|dev)-tw(02|01).cern.ch|/DC=ch/DC=cern/OU=computers/CN=(ddi|ddidk|mytw).cern.ch|/DC=ch/DC=cern/OU=computers/CN=stefanov(m|m2).cern.ch
  timeleft: 651:25:08  (27.1 days)

 error: 
 retcode : 0
DEBUG 2021-03-18 12:45:06.349 UTC: 	 Myproxy is valid: 2345108
DEBUG 2021-03-18 12:45:06.349 UTC: 	 Result of myproxy credential check:
  Credential exists on myproxy: username: b52ac606a6f7097e9b4b8f05a3a67cc69f8f291b  - validity: 27 days, 3:25:03
  Credential exists on myproxy: username: yian_CRAB  - validity: 27 days, 3:25:08
DEBUG 2021-03-18 12:45:06.350 UTC: 	 Command use: status
DEBUG 2021-03-18 12:45:06.350 UTC: 	 Options use: ['-d', 'crab_ZGToLLG_01J_5f_TuneCP5_13TeV-amcatnloFXFX-pythia8_2018/']
DEBUG 2021-03-18 12:45:06.662 UTC: 	 CRABClient version: v3.201110
DEBUG 2021-03-18 12:45:06.662 UTC: 	 Instance is prod
DEBUG 2021-03-18 12:45:06.662 UTC: 	 Server base url is cmsweb-k8s-prod.cern.ch
DEBUG 2021-03-18 12:45:06.662 UTC: 	 Command url /crabserver/prod/workflow
DEBUG 2021-03-18 12:45:06.713 UTC: 	 Got information from server oracle database: {u'result': [u'210318_105719:yian_crab_ZGToLLG_01J_5f_TuneCP5_13TeV-amcatnloFXFX-pythia8_2018', u'None', u'None', u'SUBMITTED', u'SUBMIT', u'2021-03-18 10:57:19.765773', u'None', u'2021-03-18 10:57:58.636429', u'None', u'CMSSW_10_6_20', u'slc7_amd64_gcc820', u'/ZGToLLG_01J_5f_TuneCP5_13TeV-amcatnloFXFX-pythia8/RunIISummer19UL18NanoAODv2-106X_upgrade2018_realistic_v15_L1v1-v1/NANOAODSIM', u'T', u'0', u"['T2_US_UCSD', 'T2_US_Wisconsin', 'T2_US_MIT', 'T2_US_Caltech', 'T2_US_Purdue', 'T2_US_Nebraska']", u'[]', u'FileBased', u"{'splitOnRun': False, 'halt_job_on_file_boundaries': False, 'files_per_job': 1, 'runs': [], 'lumis': []}", u'e074d6562fe520feb99679e89a7bf910a059db32ab6fe9ba89698c628905dc9e.tar.gz', u'https://cmsweb.cern.ch:8443/crabcache', u'yian', u'/DC=ch/DC=cern/OU=Organic Units/OU=Users/CN=yian/CN=826694/CN=Ying An', u'cms', u'None', u'None', u'ZGToLLG_01J_5f_TuneCP5_13TeV-amcatnloFXFX-pythia8_2018-00000000000000000000000000000000', u'F', u'T3_CH_CERNBOX', u'https://cmsweb.cern.ch/dbs/prod/global/DBSReader', u'https://cmsweb.cern.ch/dbs/prod/phys03/DBSWriter', u'F', u'[]', u'[]', u"['tree.root']", u'Analysis', u'pythia', u'None', u'{}', u'[]', u'F', u'crab-prod-tw01', u'[]', u'1250', u'1', u'2000', u'10', u"['/ZGToLLG_01J_5f_TuneCP5_13TeV-amcatnloFXFX-pythia8/yian-ZGToLLG_01J_5f_TuneCP5_13TeV-amcatnloFXFX-pythia8_2018-79132d624dd3520ee2a7d08026bbccfc/USER']", u'[]', u'http://vocms0144.cern.ch/mon/cms1407/210318_105719:yian_crab_ZGToLLG_01J_5f_TuneCP5_13TeV-amcatnloFXFX-pythia8_2018', u'WWG_crab_script.sh', u"['isdata=MC', 'year=2018']", u'[]', u'https://cmsweb.cern.ch/crabserver/prod', u'cmsgwms-collector-global.cern.ch:9620,cmsgwms-collector-global.fnal.gov', u'crab3@vocms0144.cern.ch', u'F', u'[]', u'T', u'/store/user/yian/', u'T', u'None', u'F', u'None', u'ZGToLLG_01J_5f_TuneCP5_13TeV-amcatnloFXFX-pythia8', u'None', u'8012529002ed37eb4244e36f03cd73243548b53bd38f157b1405804c4e2158e8.tar.gz', u'65814235', u'filetransfers', u'F', u'188.184.98.213', u'0.0', u'None'], u'desc': {u'columns': [u'tm_taskname', u'tm_activity', u'panda_jobset_id', u'tm_task_status', u'tm_task_command', u'tm_start_time', u'tm_start_injection', u'tm_end_injection', u'tm_task_failure', u'tm_job_sw', u'tm_job_arch', u'tm_input_dataset', u'tm_nonvalid_input_dataset', u'tm_use_parent', u'tm_site_whitelist', u'tm_site_blacklist', u'tm_split_algo', u'tm_split_args', u'tm_user_sandbox', u'tm_cache_url', u'tm_username', u'tm_user_dn', u'tm_user_vo', u'tm_user_role', u'tm_user_group', u'tm_publish_name', u'tm_publish_groupname', u'tm_asyncdest', u'tm_dbs_url', u'tm_publish_dbs_url', u'tm_publication', u'tm_outfiles', u'tm_tfile_outfiles', u'tm_edm_outfiles', u'tm_job_type', u'tm_generator', u'tm_events_per_lumi', u'tm_arguments', u'panda_resubmitted_jobs', u'tm_save_logs', u'tw_name', u'tm_user_infiles', u'tm_maxjobruntime', u'tm_numcores', u'tm_maxmemory', u'tm_priority', u'tm_output_dataset', u'tm_task_warnings', u'tm_user_webdir', u'tm_scriptexe', u'tm_scriptargs', u'tm_extrajdl', u'tm_asourl', u'tm_collector', u'tm_schedd', u'tm_dry_run', u'tm_user_files', u'tm_transfer_outputs', u'tm_output_lfn', u'tm_ignore_locality', u'tm_fail_limit', u'tm_one_event_mode', u'tm_secondary_input_dataset', u'tm_primary_dataset', u'tm_last_publication', u'tm_debug_files', u'clusterid', u'tm_asodb', u'tm_ignore_global_blacklist', u'tm_submitter_ip_addr', u'tm_totalunits', u'tm_ddm_reqid']}}
INFO 2021-03-18 12:45:06.714 UTC: 	 CRAB project directory:		/afs/cern.ch/work/y/yian/work/GZ/CMSSW_10_6_20/src/PhysicsTools/NanoAODTools/WWG/crab/crab2018/crab_ZGToLLG_01J_5f_TuneCP5_13TeV-amcatnloFXFX-pythia8_2018
INFO 2021-03-18 12:45:06.714 UTC: 	 Task name:			210318_105719:yian_crab_ZGToLLG_01J_5f_TuneCP5_13TeV-amcatnloFXFX-pythia8_2018
INFO 2021-03-18 12:45:06.714 UTC: 	 Grid scheduler - Task Worker:	crab3@vocms0144.cern.ch - crab-prod-tw01
INFO 2021-03-18 12:45:06.714 UTC: 	 Status on the CRAB server:	SUBMITTED
INFO 2021-03-18 12:45:06.714 UTC: 	 Task URL to use for HELP:	https://cmsweb-k8s-prod.cern.ch/crabserver/ui/task/210318_105719%3Ayian_crab_ZGToLLG_01J_5f_TuneCP5_13TeV-amcatnloFXFX-pythia8_2018
INFO 2021-03-18 12:45:06.718 UTC: 	 Dashboard monitoring URL:	https://monit-grafana.cern.ch/d/cmsTMDetail/cms-task-monitoring-task-view?orgId=11&var-user=yian&var-task=210318_105719%3Ayian_crab_ZGToLLG_01J_5f_TuneCP5_13TeV-amcatnloFXFX-pythia8_2018&from=1616061439000&to=now
INFO 2021-03-18 12:45:06.718 UTC: 	 In case of issues with the dashboard, please provide feedback to hn-cms-computing-tools@cern.ch
DEBUG 2021-03-18 12:45:06.718 UTC: 	 The CRAB server submitted your task to the Grid scheduler (cluster ID: 65814235)
DEBUG 2021-03-18 12:45:06.719 UTC: 	 Webdir is located at http://vocms0144.cern.ch/mon/cms1407/210318_105719:yian_crab_ZGToLLG_01J_5f_TuneCP5_13TeV-amcatnloFXFX-pythia8_2018
DEBUG 2021-03-18 12:45:06.832 UTC: 	 Proxied webdir is located at https://cmsweb.cern.ch:8443/scheddmon/0144/cms1407/210318_105719:yian_crab_ZGToLLG_01J_5f_TuneCP5_13TeV-amcatnloFXFX-pythia8_2018
DEBUG 2021-03-18 12:45:06.832 UTC: 	 Retrieving 'status_cache' file from https://cmsweb.cern.ch:8443/scheddmon/0144/cms1407/210318_105719:yian_crab_ZGToLLG_01J_5f_TuneCP5_13TeV-amcatnloFXFX-pythia8_2018/status_cache
DEBUG 2021-03-18 12:45:06.869 UTC: 	 Got information from status cache file: {'20': {'Retries': 0, 'WallDurations': [0, 8.0, 5719.0], 'StartTimes': [1616065484.0], 'SubmitTimes': [1616065087.0], 'JobIds': ['65814256.0'], 'EndTimes': [], 'Restarts': 0, 'RecordedSite': True, 'State': 'running', 'ResidentSetSize': [502292], 'TotalUserCpuTimeHistory': [476.0], 'SiteHistory': ['Unknown', 'T2_US_Vanderbilt', 'T2_US_Vanderbilt'], 'TotalSysCpuTimeHistory': [12.0]}, '21': {'Retries': 0, 'WallDurations': [0, 1.9615700244903564, 5119.0], 'StartTimes': [1616065452.0], 'SubmitTimes': [1616065087.0], 'JobIds': ['65814257.0'], 'EndTimes': [], 'Restarts': 0, 'RecordedSite': True, 'State': 'running', 'ResidentSetSize': [432552], 'TotalUserCpuTimeHistory': [461.0], 'SiteHistory': ['Unknown', 'T2_US_Caltech', 'T2_US_Caltech'], 'TotalSysCpuTimeHistory': [15.0]}, '1': {'Retries': 0, 'WallDurations': [8.0, 38.961570024490356, 5713.0], 'StartTimes': [1616065415.0], 'SubmitTimes': [1616065084.0], 'JobIds': ['65814237.0'], 'EndTimes': [], 'Restarts': 0, 'RecordedSite': True, 'State': 'running', 'ResidentSetSize': [429256], 'TotalUserCpuTimeHistory': [316.0], 'SiteHistory': ['Unknown', 'T2_US_MIT', 'T2_US_MIT'], 'TotalSysCpuTimeHistory': [7.0]}, '3': {'Retries': 0, 'WallDurations': [9.0, 15.961570024490356, 5521.0], 'StartTimes': [1616065438.0], 'SubmitTimes': [1616065084.0], 'JobIds': ['65814239.0'], 'EndTimes': [1616070959.0], 'Restarts': 0, 'RecordedSite': True, 'State': 'transferring', 'ResidentSetSize': [534772], 'TotalUserCpuTimeHistory': [5218], 'SiteHistory': ['Unknown', 'T2_US_Nebraska', 'T2_US_Nebraska'], 'TotalSysCpuTimeHistory': [55]}, '2': {'Retries': 0, 'WallDurations': [8.0, 36.961570024490356, 3013.0], 'StartTimes': [1616065417.0], 'SubmitTimes': [1616065084.0], 'JobIds': ['65814238.0'], 'EndTimes': [], 'Restarts': 0, 'RecordedSite': True, 'State': 'running', 'ResidentSetSize': [444412], 'TotalUserCpuTimeHistory': [112.0], 'SiteHistory': ['Unknown', 'T2_US_Purdue', 'T2_US_Purdue'], 'TotalSysCpuTimeHistory': [6.0]}, '5': {'Retries': 0, 'WallDurations': [0, 9.0, 5719.0], 'StartTimes': [1616065459.0], 'SubmitTimes': [1616065085.0], 'JobIds': ['65814241.0'], 'EndTimes': [], 'Restarts': 0, 'RecordedSite': True, 'State': 'running', 'ResidentSetSize': [520696], 'TotalUserCpuTimeHistory': [497.0], 'SiteHistory': ['Unknown', 'T2_US_Caltech', 'T2_US_Caltech'], 'TotalSysCpuTimeHistory': [19.0]}, '4': {'Retries': 0, 'WallDurations': [9.0, 24.961570024490356, 6021.0], 'StartTimes': [1616065429.0], 'SubmitTimes': [1616065085.0], 'JobIds': ['65814240.0'], 'EndTimes': [], 'Restarts': 0, 'RecordedSite': True, 'State': 'running', 'ResidentSetSize': [517192], 'TotalUserCpuTimeHistory': [355.0], 'SiteHistory': ['Unknown', 'T2_US_Caltech', 'T2_US_Caltech'], 'TotalSysCpuTimeHistory': [11.0]}, '7': {'Retries': 0, 'WallDurations': [8.0, 37.961570024490356, 5716.0], 'StartTimes': [1616065416.0], 'SubmitTimes': [1616065085.0], 'JobIds': ['65814243.0'], 'EndTimes': [], 'Restarts': 0, 'RecordedSite': True, 'State': 'running', 'ResidentSetSize': [532860], 'TotalUserCpuTimeHistory': [357.0], 'SiteHistory': ['Unknown', 'T2_US_Wisconsin', 'T2_US_Wisconsin'], 'TotalSysCpuTimeHistory': [6.0]}, '6': {'Retries': 0, 'WallDurations': [10.0, 35.961570024490356, 5718.0], 'StartTimes': [1616065418.0], 'SubmitTimes': [1616065085.0], 'JobIds': ['65814242.0'], 'EndTimes': [], 'Restarts': 0, 'RecordedSite': True, 'State': 'running', 'ResidentSetSize': [514336], 'TotalUserCpuTimeHistory': [337.0], 'SiteHistory': ['Unknown', 'T2_US_Purdue', 'T2_US_Purdue'], 'TotalSysCpuTimeHistory': [9.0]}, '9': {'Retries': 0, 'WallDurations': [9.0, 36.961570024490356, 5719.0], 'StartTimes': [1616065417.0], 'SubmitTimes': [1616065085.0], 'JobIds': ['65814245.0'], 'EndTimes': [], 'Restarts': 0, 'RecordedSite': True, 'State': 'running', 'ResidentSetSize': [511548], 'TotalUserCpuTimeHistory': [299.0], 'SiteHistory': ['Unknown', 'T2_US_Purdue', 'T2_US_Purdue'], 'TotalSysCpuTimeHistory': [10.0]}, '8': {'Retries': 0, 'WallDurations': [9.0, 37.961570024490356, 6019.0], 'StartTimes': [1616065416.0], 'SubmitTimes': [1616065085.0], 'JobIds': ['65814244.0'], 'EndTimes': [], 'Restarts': 0, 'RecordedSite': True, 'State': 'running', 'ResidentSetSize': [458436], 'TotalUserCpuTimeHistory': [298.0], 'SiteHistory': ['Unknown', 'T2_US_Purdue', 'T2_US_Purdue'], 'TotalSysCpuTimeHistory': [10.0]}, '11': {'Retries': 0, 'WallDurations': [9.0, 33.961570024490356, 5242.0], 'StartTimes': [1616065420.0], 'SubmitTimes': [1616065086.0], 'JobIds': ['65814248.0'], 'EndTimes': [1616070662.0], 'Restarts': 0, 'RecordedSite': True, 'State': 'transferring', 'ResidentSetSize': [527872], 'TotalUserCpuTimeHistory': [4910], 'SiteHistory': ['Unknown', 'T2_US_Nebraska', 'T2_US_Nebraska'], 'TotalSysCpuTimeHistory': [89]}, '10': {'Retries': 0, 'WallDurations': [10.0, 37.961570024490356, 5721.0], 'StartTimes': [1616065416.0], 'SubmitTimes': [1616065086.0], 'JobIds': ['65814246.0'], 'EndTimes': [], 'Restarts': 0, 'RecordedSite': True, 'State': 'running', 'ResidentSetSize': [569464], 'TotalUserCpuTimeHistory': [519.0], 'SiteHistory': ['Unknown', 'T2_US_Wisconsin', 'T2_US_Wisconsin'], 'TotalSysCpuTimeHistory': [14.0]}, '13': {'Retries': 0, 'WallDurations': [8.0, 36.961570024490356, 6017.0], 'StartTimes': [1616065417.0], 'SubmitTimes': [1616065086.0], 'JobIds': ['65814249.0'], 'EndTimes': [], 'Restarts': 0, 'RecordedSite': True, 'State': 'running', 'ResidentSetSize': [450292], 'TotalUserCpuTimeHistory': [409.0], 'SiteHistory': ['Unknown', 'T2_US_MIT', 'T2_US_MIT'], 'TotalSysCpuTimeHistory': [10.0]}, '12': {'Retries': 0, 'WallDurations': [9.0, 21.961570024490356, 6016.0], 'StartTimes': [1616065432.0], 'SubmitTimes': [1616065086.0], 'JobIds': ['65814247.0'], 'EndTimes': [], 'Restarts': 0, 'RecordedSite': True, 'State': 'running', 'ResidentSetSize': [574852], 'TotalUserCpuTimeHistory': [5721.0], 'SiteHistory': ['Unknown', 'T2_US_Nebraska', 'T2_US_Nebraska'], 'TotalSysCpuTimeHistory': [79.0]}, '15': {'Retries': 0, 'WallDurations': [9.0, 37.961570024490356, 4823.0], 'StartTimes': [1616065416.0], 'SubmitTimes': [1616065086.0], 'JobIds': ['65814251.0'], 'EndTimes': [], 'Restarts': 0, 'RecordedSite': True, 'State': 'running', 'ResidentSetSize': [463064], 'TotalUserCpuTimeHistory': [280.0], 'SiteHistory': ['Unknown', 'T2_US_MIT', 'T2_US_MIT'], 'TotalSysCpuTimeHistory': [12.0]}, '14': {'Retries': 0, 'WallDurations': [9.0, 22.961570024490356, 6019.0], 'StartTimes': [1616065431.0], 'SubmitTimes': [1616065086.0], 'JobIds': ['65814250.0'], 'EndTimes': [], 'Restarts': 0, 'RecordedSite': True, 'State': 'running', 'ResidentSetSize': [464448], 'TotalUserCpuTimeHistory': [920.0], 'SiteHistory': ['Unknown', 'T2_US_Vanderbilt', 'T2_US_Vanderbilt'], 'TotalSysCpuTimeHistory': [19.0]}, '17': {'Retries': 0, 'WallDurations': [9.0, 35.961570024490356, 5118.0], 'StartTimes': [1616065418.0], 'SubmitTimes': [1616065086.0], 'JobIds': ['65814252.0'], 'EndTimes': [], 'Restarts': 0, 'RecordedSite': True, 'State': 'running', 'ResidentSetSize': [493368], 'TotalUserCpuTimeHistory': [344.0], 'SiteHistory': ['Unknown', 'T2_US_Purdue', 'T2_US_Purdue'], 'TotalSysCpuTimeHistory': [17.0]}, '16': {'Retries': 0, 'WallDurations': [10.0, 33.961570024490356, 4122.0], 'StartTimes': [1616065420.0], 'SubmitTimes': [1616065086.0], 'JobIds': ['65814253.0'], 'EndTimes': [1616069542.0], 'Restarts': 0, 'RecordedSite': True, 'State': 'finished', 'ResidentSetSize': [559088], 'TotalUserCpuTimeHistory': [3807], 'SiteHistory': ['Unknown', 'T2_US_Nebraska', 'T2_US_Nebraska'], 'TotalSysCpuTimeHistory': [61]}, '19': {'Retries': 0, 'WallDurations': [9.0, 37.961570024490356, 6018.0], 'StartTimes': [1616065416.0], 'SubmitTimes': [1616065087.0], 'JobIds': ['65814255.0'], 'EndTimes': [], 'Restarts': 0, 'RecordedSite': True, 'State': 'running', 'ResidentSetSize': [440408], 'TotalUserCpuTimeHistory': [225.0], 'SiteHistory': ['Unknown', 'T2_US_Wisconsin', 'T2_US_Wisconsin'], 'TotalSysCpuTimeHistory': [4.0]}, '18': {'Retries': 0, 'WallDurations': [0, 9.0, 5419.0], 'StartTimes': [1616065473.0], 'SubmitTimes': [1616065086.0], 'JobIds': ['65814254.0'], 'EndTimes': [], 'Restarts': 0, 'RecordedSite': True, 'State': 'running', 'ResidentSetSize': [451832], 'TotalUserCpuTimeHistory': [202.0], 'SiteHistory': ['Unknown', 'T2_US_Caltech', 'T2_US_Caltech'], 'TotalSysCpuTimeHistory': [8.0]}}
INFO 2021-03-18 12:45:06.869 UTC: 	 Status on the scheduler:	SUBMITTED
INFO 2021-03-18 12:45:06.869 UTC: 	 
Jobs status:                    finished     		  4.8% ( 1/21)
INFO 2021-03-18 12:45:06.869 UTC: 	 				running      		 85.7% (18/21)
INFO 2021-03-18 12:45:06.869 UTC: 	 				transferring 		  9.5% ( 2/21)
INFO 2021-03-18 12:45:06.869 UTC: 	 
No publication information (publication has been disabled in the CRAB configuration file)
INFO 2021-03-18 12:45:06.870 UTC: 	 
Warning: the max jobs runtime is less than 30% of the task requested value (1250 min), please consider to request a lower value for failed jobs (allowed through crab resubmit) and/or improve the jobs splitting (e.g. config.Data.splitting = 'Automatic') in a new task.
INFO 2021-03-18 12:45:06.870 UTC: 	 
Summary of run jobs:
 * Memory: 419MB min, 545MB max, 528MB ave
 * Runtime: 0:50:13 min, 1:32:01 max, 1:22:41 ave
 * CPU eff: 94% min, 96% max, 95% ave
 * Waste: 0:01:51 (1% of total)

INFO 2021-03-18 12:45:06.891 UTC: 	 Log file is /afs/cern.ch/work/y/yian/work/GZ/CMSSW_10_6_20/src/PhysicsTools/NanoAODTools/WWG/crab/crab2018/crab_ZGToLLG_01J_5f_TuneCP5_13TeV-amcatnloFXFX-pythia8_2018/crab.log
DEBUG 2021-03-18 14:12:46.654 UTC: 	 CRAB Client version: v3.201110
DEBUG 2021-03-18 14:12:46.654 UTC: 	 Running on: Linux lxplus799.cern.ch 3.10.0-1160.15.2.el7.x86_64 #1 SMP Wed Feb 3 15:06:38 UTC 2021 x86_64 x86_64 x86_64 GNU/Linux - CentOS Linux 7 (Core)
DEBUG 2021-03-18 14:12:46.654 UTC: 	 Executing command: 'status'
DEBUG 2021-03-18 14:12:46.660 UTC: 	 Found CRAB cache file /afs/cern.ch/user/y/yian/.crab3
DEBUG 2021-03-18 14:12:46.751 UTC: 	 Checking credentials
DEBUG 2021-03-18 14:12:46.752 UTC: 	 Found proxy file /tmp/x509up_u110046
DEBUG 2021-03-18 14:12:46.752 UTC: 	 Getting proxy life time left
DEBUG 2021-03-18 14:12:47.357 UTC: 	 Executing : 
 command : voms-proxy-info -file /tmp/x509up_u110046 -timeleft
 output : 523563

 error: 
 retcode : 0
DEBUG 2021-03-18 14:12:48.063 UTC: 	 Executing : 
 command : voms-proxy-info -file /tmp/x509up_u110046 -actimeleft
 output : 523562

 error: 
 retcode : 0
DEBUG 2021-03-18 14:12:48.063 UTC: 	 Proxy lifetime 523563 secs is different from voms extension lifetime 523562 secs for proxy: /tmp/x509up_u110046
DEBUG 2021-03-18 14:12:48.063 UTC: 	 Proxy valid for 145:26:02 hours
DEBUG 2021-03-18 14:12:48.445 UTC: 	 Registering user credentials for server /DC=ch/DC=cern/OU=computers/CN=vocms0105.cern.ch|/DC=ch/DC=cern/OU=computers/CN=crab-(preprod|prod|dev)-tw(02|01).cern.ch|/DC=ch/DC=cern/OU=computers/CN=(ddi|ddidk|mytw).cern.ch|/DC=ch/DC=cern/OU=computers/CN=stefanov(m|m2).cern.ch
DEBUG 2021-03-18 14:12:49.162 UTC: 	 Executing : 
 command : voms-proxy-info -file /tmp/x509up_u110046 -identity
 output : /DC=ch/DC=cern/OU=Organic Units/OU=Users/CN=yian/CN=826694/CN=Ying An

 error: 
 retcode : 0
DEBUG 2021-03-18 14:12:49.172 UTC: 	 Getting myproxy life time left for myproxy.cern.ch
DEBUG 2021-03-18 14:12:49.172 UTC: 	 using b52ac606a6f7097e9b4b8f05a3a67cc69f8f291b as credential login name
DEBUG 2021-03-18 14:12:49.478 UTC: 	 Executing : 
 command : myproxy-info -l b52ac606a6f7097e9b4b8f05a3a67cc69f8f291b -s myproxy.cern.ch
 output : username: b52ac606a6f7097e9b4b8f05a3a67cc69f8f291b
owner: /DC=ch/DC=cern/OU=Organic Units/OU=Users/CN=yian/CN=826694/CN=Ying An
  renewal policy: /DC=ch/DC=cern/OU=computers/CN=vocms0105.cern.ch|/DC=ch/DC=cern/OU=computers/CN=crab-(preprod|prod|dev)-tw(02|01).cern.ch|/DC=ch/DC=cern/OU=computers/CN=(ddi|ddidk|mytw).cern.ch|/DC=ch/DC=cern/OU=computers/CN=stefanov(m|m2).cern.ch
  trusted retrieval policy: /DC=ch/DC=cern/OU=computers/CN=vocms0105.cern.ch|/DC=ch/DC=cern/OU=computers/CN=crab-(preprod|prod|dev)-tw(02|01).cern.ch|/DC=ch/DC=cern/OU=computers/CN=(ddi|ddidk|mytw).cern.ch|/DC=ch/DC=cern/OU=computers/CN=stefanov(m|m2).cern.ch
  timeleft: 649:57:19  (27.1 days)

 error: 
 retcode : 0
DEBUG 2021-03-18 14:12:49.479 UTC: 	 Myproxy is valid: 2339839
DEBUG 2021-03-18 14:12:49.479 UTC: 	 Retrieving username ...
DEBUG 2021-03-18 14:12:49.479 UTC: 	 Retrieving username from CRIC...
DEBUG 2021-03-18 14:12:50.302 UTC: 	 username is yian
DEBUG 2021-03-18 14:12:50.312 UTC: 	 Getting myproxy life time left for myproxy.cern.ch
DEBUG 2021-03-18 14:12:50.313 UTC: 	 using yian_CRAB as credential login name
DEBUG 2021-03-18 14:12:50.621 UTC: 	 Executing : 
 command : myproxy-info -l yian_CRAB -s myproxy.cern.ch
 output : username: yian_CRAB
owner: /DC=ch/DC=cern/OU=Organic Units/OU=Users/CN=yian/CN=826694/CN=Ying An
  renewal policy: /DC=ch/DC=cern/OU=computers/CN=vocms0105.cern.ch|/DC=ch/DC=cern/OU=computers/CN=crab-(preprod|prod|dev)-tw(02|01).cern.ch|/DC=ch/DC=cern/OU=computers/CN=(ddi|ddidk|mytw).cern.ch|/DC=ch/DC=cern/OU=computers/CN=stefanov(m|m2).cern.ch
  trusted retrieval policy: /DC=ch/DC=cern/OU=computers/CN=vocms0105.cern.ch|/DC=ch/DC=cern/OU=computers/CN=crab-(preprod|prod|dev)-tw(02|01).cern.ch|/DC=ch/DC=cern/OU=computers/CN=(ddi|ddidk|mytw).cern.ch|/DC=ch/DC=cern/OU=computers/CN=stefanov(m|m2).cern.ch
  timeleft: 649:57:24  (27.1 days)

 error: 
 retcode : 0
DEBUG 2021-03-18 14:12:50.621 UTC: 	 Myproxy is valid: 2339844
DEBUG 2021-03-18 14:12:50.621 UTC: 	 Result of myproxy credential check:
  Credential exists on myproxy: username: b52ac606a6f7097e9b4b8f05a3a67cc69f8f291b  - validity: 27 days, 1:57:19
  Credential exists on myproxy: username: yian_CRAB  - validity: 27 days, 1:57:24
DEBUG 2021-03-18 14:12:50.622 UTC: 	 Command use: status
DEBUG 2021-03-18 14:12:50.622 UTC: 	 Options use: ['-d', 'crab_ZGToLLG_01J_5f_TuneCP5_13TeV-amcatnloFXFX-pythia8_2018']
DEBUG 2021-03-18 14:12:50.729 UTC: 	 CRABClient version: v3.201110
DEBUG 2021-03-18 14:12:50.729 UTC: 	 Instance is prod
DEBUG 2021-03-18 14:12:50.729 UTC: 	 Server base url is cmsweb-k8s-prod.cern.ch
DEBUG 2021-03-18 14:12:50.729 UTC: 	 Command url /crabserver/prod/workflow
DEBUG 2021-03-18 14:12:50.796 UTC: 	 Got information from server oracle database: {u'result': [u'210318_105719:yian_crab_ZGToLLG_01J_5f_TuneCP5_13TeV-amcatnloFXFX-pythia8_2018', u'None', u'None', u'SUBMITTED', u'SUBMIT', u'2021-03-18 10:57:19.765773', u'None', u'2021-03-18 10:57:58.636429', u'None', u'CMSSW_10_6_20', u'slc7_amd64_gcc820', u'/ZGToLLG_01J_5f_TuneCP5_13TeV-amcatnloFXFX-pythia8/RunIISummer19UL18NanoAODv2-106X_upgrade2018_realistic_v15_L1v1-v1/NANOAODSIM', u'T', u'0', u"['T2_US_UCSD', 'T2_US_Wisconsin', 'T2_US_MIT', 'T2_US_Caltech', 'T2_US_Purdue', 'T2_US_Nebraska']", u'[]', u'FileBased', u"{'splitOnRun': False, 'halt_job_on_file_boundaries': False, 'files_per_job': 1, 'runs': [], 'lumis': []}", u'e074d6562fe520feb99679e89a7bf910a059db32ab6fe9ba89698c628905dc9e.tar.gz', u'https://cmsweb.cern.ch:8443/crabcache', u'yian', u'/DC=ch/DC=cern/OU=Organic Units/OU=Users/CN=yian/CN=826694/CN=Ying An', u'cms', u'None', u'None', u'ZGToLLG_01J_5f_TuneCP5_13TeV-amcatnloFXFX-pythia8_2018-00000000000000000000000000000000', u'F', u'T3_CH_CERNBOX', u'https://cmsweb.cern.ch/dbs/prod/global/DBSReader', u'https://cmsweb.cern.ch/dbs/prod/phys03/DBSWriter', u'F', u'[]', u'[]', u"['tree.root']", u'Analysis', u'pythia', u'None', u'{}', u'[]', u'F', u'crab-prod-tw01', u'[]', u'1250', u'1', u'2000', u'10', u"['/ZGToLLG_01J_5f_TuneCP5_13TeV-amcatnloFXFX-pythia8/yian-ZGToLLG_01J_5f_TuneCP5_13TeV-amcatnloFXFX-pythia8_2018-79132d624dd3520ee2a7d08026bbccfc/USER']", u'[]', u'http://vocms0144.cern.ch/mon/cms1407/210318_105719:yian_crab_ZGToLLG_01J_5f_TuneCP5_13TeV-amcatnloFXFX-pythia8_2018', u'WWG_crab_script.sh', u"['isdata=MC', 'year=2018']", u'[]', u'https://cmsweb.cern.ch/crabserver/prod', u'cmsgwms-collector-global.cern.ch:9620,cmsgwms-collector-global.fnal.gov', u'crab3@vocms0144.cern.ch', u'F', u'[]', u'T', u'/store/user/yian/', u'T', u'None', u'F', u'None', u'ZGToLLG_01J_5f_TuneCP5_13TeV-amcatnloFXFX-pythia8', u'None', u'8012529002ed37eb4244e36f03cd73243548b53bd38f157b1405804c4e2158e8.tar.gz', u'65814235', u'filetransfers', u'F', u'188.184.98.213', u'0.0', u'None'], u'desc': {u'columns': [u'tm_taskname', u'tm_activity', u'panda_jobset_id', u'tm_task_status', u'tm_task_command', u'tm_start_time', u'tm_start_injection', u'tm_end_injection', u'tm_task_failure', u'tm_job_sw', u'tm_job_arch', u'tm_input_dataset', u'tm_nonvalid_input_dataset', u'tm_use_parent', u'tm_site_whitelist', u'tm_site_blacklist', u'tm_split_algo', u'tm_split_args', u'tm_user_sandbox', u'tm_cache_url', u'tm_username', u'tm_user_dn', u'tm_user_vo', u'tm_user_role', u'tm_user_group', u'tm_publish_name', u'tm_publish_groupname', u'tm_asyncdest', u'tm_dbs_url', u'tm_publish_dbs_url', u'tm_publication', u'tm_outfiles', u'tm_tfile_outfiles', u'tm_edm_outfiles', u'tm_job_type', u'tm_generator', u'tm_events_per_lumi', u'tm_arguments', u'panda_resubmitted_jobs', u'tm_save_logs', u'tw_name', u'tm_user_infiles', u'tm_maxjobruntime', u'tm_numcores', u'tm_maxmemory', u'tm_priority', u'tm_output_dataset', u'tm_task_warnings', u'tm_user_webdir', u'tm_scriptexe', u'tm_scriptargs', u'tm_extrajdl', u'tm_asourl', u'tm_collector', u'tm_schedd', u'tm_dry_run', u'tm_user_files', u'tm_transfer_outputs', u'tm_output_lfn', u'tm_ignore_locality', u'tm_fail_limit', u'tm_one_event_mode', u'tm_secondary_input_dataset', u'tm_primary_dataset', u'tm_last_publication', u'tm_debug_files', u'clusterid', u'tm_asodb', u'tm_ignore_global_blacklist', u'tm_submitter_ip_addr', u'tm_totalunits', u'tm_ddm_reqid']}}
INFO 2021-03-18 14:12:50.796 UTC: 	 CRAB project directory:		/afs/cern.ch/work/y/yian/work/GZ/CMSSW_10_6_20/src/PhysicsTools/NanoAODTools/WWG/crab/crab2018/crab_ZGToLLG_01J_5f_TuneCP5_13TeV-amcatnloFXFX-pythia8_2018
INFO 2021-03-18 14:12:50.796 UTC: 	 Task name:			210318_105719:yian_crab_ZGToLLG_01J_5f_TuneCP5_13TeV-amcatnloFXFX-pythia8_2018
INFO 2021-03-18 14:12:50.796 UTC: 	 Grid scheduler - Task Worker:	crab3@vocms0144.cern.ch - crab-prod-tw01
INFO 2021-03-18 14:12:50.796 UTC: 	 Status on the CRAB server:	SUBMITTED
INFO 2021-03-18 14:12:50.796 UTC: 	 Task URL to use for HELP:	https://cmsweb-k8s-prod.cern.ch/crabserver/ui/task/210318_105719%3Ayian_crab_ZGToLLG_01J_5f_TuneCP5_13TeV-amcatnloFXFX-pythia8_2018
INFO 2021-03-18 14:12:50.799 UTC: 	 Dashboard monitoring URL:	https://monit-grafana.cern.ch/d/cmsTMDetail/cms-task-monitoring-task-view?orgId=11&var-user=yian&var-task=210318_105719%3Ayian_crab_ZGToLLG_01J_5f_TuneCP5_13TeV-amcatnloFXFX-pythia8_2018&from=1616061439000&to=now
INFO 2021-03-18 14:12:50.799 UTC: 	 In case of issues with the dashboard, please provide feedback to hn-cms-computing-tools@cern.ch
DEBUG 2021-03-18 14:12:50.799 UTC: 	 The CRAB server submitted your task to the Grid scheduler (cluster ID: 65814235)
DEBUG 2021-03-18 14:12:50.799 UTC: 	 Webdir is located at http://vocms0144.cern.ch/mon/cms1407/210318_105719:yian_crab_ZGToLLG_01J_5f_TuneCP5_13TeV-amcatnloFXFX-pythia8_2018
DEBUG 2021-03-18 14:12:50.913 UTC: 	 Proxied webdir is located at https://cmsweb.cern.ch:8443/scheddmon/0144/cms1407/210318_105719:yian_crab_ZGToLLG_01J_5f_TuneCP5_13TeV-amcatnloFXFX-pythia8_2018
DEBUG 2021-03-18 14:12:50.913 UTC: 	 Retrieving 'status_cache' file from https://cmsweb.cern.ch:8443/scheddmon/0144/cms1407/210318_105719:yian_crab_ZGToLLG_01J_5f_TuneCP5_13TeV-amcatnloFXFX-pythia8_2018/status_cache
DEBUG 2021-03-18 14:12:51.006 UTC: 	 Got information from status cache file: {'20': {'Retries': 0, 'WallDurations': [0, 8.0, 10526.0], 'StartTimes': [1616065484.0], 'SubmitTimes': [1616065087.0], 'JobIds': ['65814256.0'], 'EndTimes': [], 'Restarts': 0, 'RecordedSite': True, 'State': 'running', 'ResidentSetSize': [502292], 'TotalUserCpuTimeHistory': [878.0], 'SiteHistory': ['Unknown', 'T2_US_Vanderbilt', 'T2_US_Vanderbilt'], 'TotalSysCpuTimeHistory': [21.0]}, '21': {'Retries': 0, 'WallDurations': [0, 1.9615700244903564, 8443.0], 'StartTimes': [1616065452.0], 'SubmitTimes': [1616065087.0], 'JobIds': ['65814257.0'], 'EndTimes': [1616073895.0], 'Restarts': 0, 'RecordedSite': True, 'State': 'finished', 'ResidentSetSize': [571136], 'TotalUserCpuTimeHistory': [1075], 'SiteHistory': ['Unknown', 'T2_US_Caltech', 'T2_US_Caltech'], 'TotalSysCpuTimeHistory': [31]}, '1': {'Retries': 0, 'WallDurations': [8.0, 38.961570024490356, 6614.0], 'StartTimes': [1616065415.0], 'SubmitTimes': [1616065084.0], 'JobIds': ['65814237.0'], 'EndTimes': [1616072029.0], 'Restarts': 0, 'RecordedSite': True, 'State': 'finished', 'ResidentSetSize': [429256], 'TotalUserCpuTimeHistory': [503], 'SiteHistory': ['Unknown', 'T2_US_MIT', 'T2_US_MIT'], 'TotalSysCpuTimeHistory': [9]}, '3': {'Retries': 0, 'WallDurations': [9.0, 15.961570024490356, 5521.0], 'StartTimes': [1616065438.0], 'SubmitTimes': [1616065084.0], 'JobIds': ['65814239.0'], 'EndTimes': [1616070959.0], 'Restarts': 0, 'RecordedSite': True, 'State': 'finished', 'ResidentSetSize': [534772], 'TotalUserCpuTimeHistory': [5218], 'SiteHistory': ['Unknown', 'T2_US_Nebraska', 'T2_US_Nebraska'], 'TotalSysCpuTimeHistory': [55]}, '2': {'Retries': 0, 'WallDurations': [8.0, 36.961570024490356, 9023.0], 'StartTimes': [1616065417.0], 'SubmitTimes': [1616065084.0], 'JobIds': ['65814238.0'], 'EndTimes': [], 'Restarts': 0, 'RecordedSite': True, 'State': 'running', 'ResidentSetSize': [444412], 'TotalUserCpuTimeHistory': [483.0], 'SiteHistory': ['Unknown', 'T2_US_Purdue', 'T2_US_Purdue'], 'TotalSysCpuTimeHistory': [23.0]}, '5': {'Retries': 0, 'WallDurations': [0, 9.0, 9326.0], 'StartTimes': [1616065459.0], 'SubmitTimes': [1616065085.0], 'JobIds': ['65814241.0'], 'EndTimes': [], 'Restarts': 0, 'RecordedSite': True, 'State': 'running', 'ResidentSetSize': [520696], 'TotalUserCpuTimeHistory': [885.0], 'SiteHistory': ['Unknown', 'T2_US_Caltech', 'T2_US_Caltech'], 'TotalSysCpuTimeHistory': [32.0]}, '4': {'Retries': 0, 'WallDurations': [9.0, 24.961570024490356, 11130.0], 'StartTimes': [1616065429.0], 'SubmitTimes': [1616065085.0], 'JobIds': ['65814240.0'], 'EndTimes': [], 'Restarts': 0, 'RecordedSite': True, 'State': 'running', 'ResidentSetSize': [517192], 'TotalUserCpuTimeHistory': [683.0], 'SiteHistory': ['Unknown', 'T2_US_Caltech', 'T2_US_Caltech'], 'TotalSysCpuTimeHistory': [20.0]}, '7': {'Retries': 0, 'WallDurations': [8.0, 37.961570024490356, 11119.0], 'StartTimes': [1616065416.0], 'SubmitTimes': [1616065085.0], 'JobIds': ['65814243.0'], 'EndTimes': [], 'Restarts': 0, 'RecordedSite': True, 'State': 'running', 'ResidentSetSize': [532860], 'TotalUserCpuTimeHistory': [693.0], 'SiteHistory': ['Unknown', 'T2_US_Wisconsin', 'T2_US_Wisconsin'], 'TotalSysCpuTimeHistory': [11.0]}, '6': {'Retries': 0, 'WallDurations': [10.0, 35.961570024490356, 9926.0], 'StartTimes': [1616065418.0], 'SubmitTimes': [1616065085.0], 'JobIds': ['65814242.0'], 'EndTimes': [], 'Restarts': 0, 'RecordedSite': True, 'State': 'running', 'ResidentSetSize': [514336], 'TotalUserCpuTimeHistory': [677.0], 'SiteHistory': ['Unknown', 'T2_US_Purdue', 'T2_US_Purdue'], 'TotalSysCpuTimeHistory': [18.0]}, '9': {'Retries': 0, 'WallDurations': [9.0, 36.961570024490356, 9325.0], 'StartTimes': [1616065417.0], 'SubmitTimes': [1616065085.0], 'JobIds': ['65814245.0'], 'EndTimes': [], 'Restarts': 0, 'RecordedSite': True, 'State': 'running', 'ResidentSetSize': [511548], 'TotalUserCpuTimeHistory': [548.0], 'SiteHistory': ['Unknown', 'T2_US_Purdue', 'T2_US_Purdue'], 'TotalSysCpuTimeHistory': [17.0]}, '8': {'Retries': 0, 'WallDurations': [9.0, 37.961570024490356, 9324.0], 'StartTimes': [1616065416.0], 'SubmitTimes': [1616065085.0], 'JobIds': ['65814244.0'], 'EndTimes': [], 'Restarts': 0, 'RecordedSite': True, 'State': 'running', 'ResidentSetSize': [458436], 'TotalUserCpuTimeHistory': [486.0], 'SiteHistory': ['Unknown', 'T2_US_Purdue', 'T2_US_Purdue'], 'TotalSysCpuTimeHistory': [16.0]}, '11': {'Retries': 0, 'WallDurations': [9.0, 33.961570024490356, 5242.0], 'StartTimes': [1616065420.0], 'SubmitTimes': [1616065086.0], 'JobIds': ['65814248.0'], 'EndTimes': [1616070662.0], 'Restarts': 0, 'RecordedSite': True, 'State': 'finished', 'ResidentSetSize': [527872], 'TotalUserCpuTimeHistory': [4910], 'SiteHistory': ['Unknown', 'T2_US_Nebraska', 'T2_US_Nebraska'], 'TotalSysCpuTimeHistory': [89]}, '10': {'Retries': 0, 'WallDurations': [10.0, 37.961570024490356, 10833.0], 'StartTimes': [1616065416.0], 'SubmitTimes': [1616065086.0], 'JobIds': ['65814246.0'], 'EndTimes': [], 'Restarts': 0, 'RecordedSite': True, 'State': 'running', 'ResidentSetSize': [569464], 'TotalUserCpuTimeHistory': [1025.0], 'SiteHistory': ['Unknown', 'T2_US_Wisconsin', 'T2_US_Wisconsin'], 'TotalSysCpuTimeHistory': [22.0]}, '13': {'Retries': 0, 'WallDurations': [8.0, 36.961570024490356, 9619.0], 'StartTimes': [1616065417.0], 'SubmitTimes': [1616065086.0], 'JobIds': ['65814249.0'], 'EndTimes': [], 'Restarts': 0, 'RecordedSite': True, 'State': 'running', 'ResidentSetSize': [450292], 'TotalUserCpuTimeHistory': [791.0], 'SiteHistory': ['Unknown', 'T2_US_MIT', 'T2_US_MIT'], 'TotalSysCpuTimeHistory': [18.0]}, '12': {'Retries': 0, 'WallDurations': [9.0, 21.961570024490356, 8542.0], 'StartTimes': [1616065432.0], 'SubmitTimes': [1616065086.0], 'JobIds': ['65814247.0'], 'EndTimes': [1616073974.0], 'Restarts': 0, 'RecordedSite': True, 'State': 'finished', 'ResidentSetSize': [632872], 'TotalUserCpuTimeHistory': [8125], 'SiteHistory': ['Unknown', 'T2_US_Nebraska', 'T2_US_Nebraska'], 'TotalSysCpuTimeHistory': [92]}, '15': {'Retries': 0, 'WallDurations': [9.0, 37.961570024490356, 7313.0, 9.0, 1512.0], 'StartTimes': [1616065416.0, 1616073129.0], 'SubmitTimes': [1616065086.0, -1], 'JobIds': ['65814251.0', '65814251.0'], 'EndTimes': [1616072729.0], 'Restarts': 1, 'RecordedSite': True, 'State': 'running', 'ResidentSetSize': [463064, 480900], 'TotalUserCpuTimeHistory': [280.0, 135.0], 'SiteHistory': ['Unknown', 'T2_US_MIT', 'T2_US_MIT', 'Unknown', 'T2_US_Purdue'], 'TotalSysCpuTimeHistory': [12.0, 5.0]}, '14': {'Retries': 0, 'WallDurations': [9.0, 22.961570024490356, 11129.0], 'StartTimes': [1616065431.0], 'SubmitTimes': [1616065086.0], 'JobIds': ['65814250.0'], 'EndTimes': [], 'Restarts': 0, 'RecordedSite': True, 'State': 'running', 'ResidentSetSize': [464448], 'TotalUserCpuTimeHistory': [1756.0], 'SiteHistory': ['Unknown', 'T2_US_Vanderbilt', 'T2_US_Vanderbilt'], 'TotalSysCpuTimeHistory': [36.0]}, '17': {'Retries': 0, 'WallDurations': [9.0, 35.961570024490356, 10228.0], 'StartTimes': [1616065418.0], 'SubmitTimes': [1616065086.0], 'JobIds': ['65814252.0'], 'EndTimes': [], 'Restarts': 0, 'RecordedSite': True, 'State': 'running', 'ResidentSetSize': [493368], 'TotalUserCpuTimeHistory': [719.0], 'SiteHistory': ['Unknown', 'T2_US_Purdue', 'T2_US_Purdue'], 'TotalSysCpuTimeHistory': [30.0]}, '16': {'Retries': 0, 'WallDurations': [10.0, 33.961570024490356, 4122.0], 'StartTimes': [1616065420.0], 'SubmitTimes': [1616065086.0], 'JobIds': ['65814253.0'], 'EndTimes': [1616069542.0], 'Restarts': 0, 'RecordedSite': True, 'State': 'finished', 'ResidentSetSize': [559088], 'TotalUserCpuTimeHistory': [3807], 'SiteHistory': ['Unknown', 'T2_US_Nebraska', 'T2_US_Nebraska'], 'TotalSysCpuTimeHistory': [61]}, '19': {'Retries': 0, 'WallDurations': [9.0, 37.961570024490356, 10522.0], 'StartTimes': [1616065416.0], 'SubmitTimes': [1616065087.0], 'JobIds': ['65814255.0'], 'EndTimes': [], 'Restarts': 0, 'RecordedSite': True, 'State': 'running', 'ResidentSetSize': [440408], 'TotalUserCpuTimeHistory': [424.0], 'SiteHistory': ['Unknown', 'T2_US_Wisconsin', 'T2_US_Wisconsin'], 'TotalSysCpuTimeHistory': [8.0]}, '18': {'Retries': 0, 'WallDurations': [0, 9.0, 9626.0], 'StartTimes': [1616065473.0], 'SubmitTimes': [1616065086.0], 'JobIds': ['65814254.0'], 'EndTimes': [], 'Restarts': 0, 'RecordedSite': True, 'State': 'running', 'ResidentSetSize': [451832], 'TotalUserCpuTimeHistory': [398.0], 'SiteHistory': ['Unknown', 'T2_US_Caltech', 'T2_US_Caltech'], 'TotalSysCpuTimeHistory': [13.0]}}
INFO 2021-03-18 14:12:51.006 UTC: 	 Status on the scheduler:	SUBMITTED
INFO 2021-03-18 14:12:51.006 UTC: 	 
Jobs status:                    finished     		 28.6% ( 6/21)
INFO 2021-03-18 14:12:51.006 UTC: 	 				running      		 71.4% (15/21)
INFO 2021-03-18 14:12:51.006 UTC: 	 
No publication information (publication has been disabled in the CRAB configuration file)
INFO 2021-03-18 14:12:51.007 UTC: 	 
Warning: the max jobs runtime is less than 30% of the task requested value (1250 min), please consider to request a lower value for failed jobs (allowed through crab resubmit) and/or improve the jobs splitting (e.g. config.Data.splitting = 'Automatic') in a new task.
INFO 2021-03-18 14:12:51.007 UTC: 	 
Summary of run jobs:
 * Memory: 419MB min, 618MB max, 530MB ave
 * Runtime: 0:25:12 min, 2:22:22 max, 1:46:54 ave
 * CPU eff: 8% min, 96% max, 62% ave
 * Waste: 0:03:11 (0% of total)

INFO 2021-03-18 14:12:51.016 UTC: 	 Log file is /afs/cern.ch/work/y/yian/work/GZ/CMSSW_10_6_20/src/PhysicsTools/NanoAODTools/WWG/crab/crab2018/crab_ZGToLLG_01J_5f_TuneCP5_13TeV-amcatnloFXFX-pythia8_2018/crab.log
