DEBUG 2021-11-23 16:33:36.032 UTC: 	 CRAB Client version: v3.210825
DEBUG 2021-11-23 16:33:36.033 UTC: 	 Running on: Linux lxplus772.cern.ch 3.10.0-1160.45.1.el7.x86_64 #1 SMP Wed Oct 13 17:20:51 UTC 2021 x86_64 x86_64 x86_64 GNU/Linux - CentOS Linux 7 (Core)
DEBUG 2021-11-23 16:33:36.033 UTC: 	 Executing command: 'submit'
DEBUG 2021-11-23 16:33:36.033 UTC: 	 Found CRAB cache file /afs/cern.ch/user/y/yian/.crab3
INFO 2021-11-23 16:33:36.034 UTC: 	 Will use CRAB configuration file crabcode_2017/WJetsToLNu_0J_TuneCP5_13TeV-amcatnloFXFX-pythia8_2017_cfg.py
DEBUG 2021-11-23 16:33:36.035 UTC: 	 Loading CRAB configuration file.
DEBUG 2021-11-23 16:33:36.154 UTC: 	 Will use CRAB Analysis plugin (i.e. will run an analysis job type).
DEBUG 2021-11-23 16:33:37.131 UTC: 	 Checking credentials
DEBUG 2021-11-23 16:33:37.132 UTC: 	 Found proxy file /tmp/x509up_u110046
DEBUG 2021-11-23 16:33:37.132 UTC: 	 Getting proxy life time left
DEBUG 2021-11-23 16:33:38.967 UTC: 	 Executing : 
 command : voms-proxy-info -file /tmp/x509up_u110046 -timeleft
 output : 602785

 error: 
 retcode : 0
DEBUG 2021-11-23 16:33:40.612 UTC: 	 Executing : 
 command : voms-proxy-info -file /tmp/x509up_u110046 -actimeleft
 output : 602783

 error: 
 retcode : 0
DEBUG 2021-11-23 16:33:40.612 UTC: 	 Proxy lifetime 602785 secs is different from voms extension lifetime 602783 secs for proxy: /tmp/x509up_u110046
DEBUG 2021-11-23 16:33:40.612 UTC: 	 Proxy valid for 167:26:23 hours
DEBUG 2021-11-23 16:33:42.255 UTC: 	 Executing : 
 command : env X509_USER_PROXY=/tmp/x509up_u110046 voms-proxy-info -fqan
 output : /cms/Role=NULL/Capability=NULL

 error: 
 retcode : 0
DEBUG 2021-11-23 16:33:42.418 UTC: 	 Registering user credentials for server /DC=ch/DC=cern/OU=computers/CN=crab-(preprod|prod|dev)-tw(02|01).cern.ch|/DC=ch/DC=cern/OU=computers/CN=stefanov(m|m2).cern.ch|/DC=ch/DC=cern/OU=computers/CN=dciangot-tw.cern.ch
DEBUG 2021-11-23 16:33:44.169 UTC: 	 Executing : 
 command : voms-proxy-info -file /tmp/x509up_u110046 -identity
 output : /DC=ch/DC=cern/OU=Organic Units/OU=Users/CN=yian/CN=826694/CN=Ying An

 error: 
 retcode : 0
DEBUG 2021-11-23 16:33:44.180 UTC: 	 Getting myproxy life time left for myproxy.cern.ch
DEBUG 2021-11-23 16:33:44.180 UTC: 	 using b52ac606a6f7097e9b4b8f05a3a67cc69f8f291b as credential login name
DEBUG 2021-11-23 16:33:45.214 UTC: 	 Executing : 
 command : myproxy-info -l b52ac606a6f7097e9b4b8f05a3a67cc69f8f291b -s myproxy.cern.ch
 output : username: b52ac606a6f7097e9b4b8f05a3a67cc69f8f291b
owner: /DC=ch/DC=cern/OU=Organic Units/OU=Users/CN=yian/CN=826694/CN=Ying An
  renewal policy: /DC=ch/DC=cern/OU=computers/CN=crab-(preprod|prod|dev)-tw(02|01).cern.ch|/DC=ch/DC=cern/OU=computers/CN=stefanov(m|m2).cern.ch|/DC=ch/DC=cern/OU=computers/CN=dciangot-tw.cern.ch
  trusted retrieval policy: /DC=ch/DC=cern/OU=computers/CN=crab-(preprod|prod|dev)-tw(02|01).cern.ch|/DC=ch/DC=cern/OU=computers/CN=stefanov(m|m2).cern.ch|/DC=ch/DC=cern/OU=computers/CN=dciangot-tw.cern.ch
  timeleft: 712:22:53  (29.7 days)

 error: 
 retcode : 0
DEBUG 2021-11-23 16:33:45.215 UTC: 	 Myproxy is valid: 2564573
DEBUG 2021-11-23 16:33:45.216 UTC: 	 Retrieving username ...
DEBUG 2021-11-23 16:33:45.216 UTC: 	 Retrieving username from CRIC...
DEBUG 2021-11-23 16:33:46.283 UTC: 	 username is yian
DEBUG 2021-11-23 16:33:46.296 UTC: 	 Getting myproxy life time left for myproxy.cern.ch
DEBUG 2021-11-23 16:33:46.296 UTC: 	 using yian_CRAB as credential login name
DEBUG 2021-11-23 16:33:46.816 UTC: 	 Executing : 
 command : myproxy-info -l yian_CRAB -s myproxy.cern.ch
 output : username: yian_CRAB
owner: /DC=ch/DC=cern/OU=Organic Units/OU=Users/CN=yian/CN=826694/CN=Ying An
  renewal policy: /DC=ch/DC=cern/OU=computers/CN=crab-(preprod|prod|dev)-tw(02|01).cern.ch|/DC=ch/DC=cern/OU=computers/CN=stefanov(m|m2).cern.ch|/DC=ch/DC=cern/OU=computers/CN=dciangot-tw.cern.ch
  trusted retrieval policy: /DC=ch/DC=cern/OU=computers/CN=crab-(preprod|prod|dev)-tw(02|01).cern.ch|/DC=ch/DC=cern/OU=computers/CN=stefanov(m|m2).cern.ch|/DC=ch/DC=cern/OU=computers/CN=dciangot-tw.cern.ch
  timeleft: 712:21:45  (29.7 days)

 error: 
 retcode : 0
DEBUG 2021-11-23 16:33:46.817 UTC: 	 Myproxy is valid: 2564505
DEBUG 2021-11-23 16:33:46.817 UTC: 	 Result of myproxy credential check:
  Credential exists on myproxy: username: b52ac606a6f7097e9b4b8f05a3a67cc69f8f291b  - validity: 29 days, 16:22:53
  Credential exists on myproxy: username: yian_CRAB  - validity: 29 days, 16:21:45
DEBUG 2021-11-23 16:33:46.817 UTC: 	 Command use: submit
DEBUG 2021-11-23 16:33:46.818 UTC: 	 Options use: ['-c', 'crabcode_2017/WJetsToLNu_0J_TuneCP5_13TeV-amcatnloFXFX-pythia8_2017_cfg.py']
DEBUG 2021-11-23 16:33:46.956 UTC: 	 CRABClient version: v3.210825
DEBUG 2021-11-23 16:33:46.956 UTC: 	 Instance is prod
DEBUG 2021-11-23 16:33:46.956 UTC: 	 Server base url is cmsweb.cern.ch
DEBUG 2021-11-23 16:33:46.956 UTC: 	 Command api workflow
DEBUG 2021-11-23 16:33:46.956 UTC: 	 Started submission
DEBUG 2021-11-23 16:33:46.956 UTC: 	 Working on /afs/cern.ch/work/y/yian/work/GZ/CMSSW_10_6_20/src/PhysicsTools/NanoAODTools/WWG/2017/crab/crab2017/crab_WJetsToLNu_0J_TuneCP5_13TeV-amcatnloFXFX-pythia8_2017
DEBUG 2021-11-23 16:33:48.027 UTC: 	 Loading required information from the environment
DEBUG 2021-11-23 16:33:48.028 UTC: 	 Found CMSSW_10_6_20 for slc7_amd64_gcc820 with base /afs/cern.ch/work/y/yian/work/GZ/CMSSW_10_6_20
DEBUG 2021-11-23 16:33:48.028 UTC: 	 Loading required information from the environment
DEBUG 2021-11-23 16:33:48.028 UTC: 	 Found CMSSW_10_6_20 for slc7_amd64_gcc820 with base /afs/cern.ch/work/y/yian/work/GZ/CMSSW_10_6_20
DEBUG 2021-11-23 16:33:48.028 UTC: 	 UNIQUE NAME: tarUUID 2f576f54-5648-4cd9-9518-2df8b7196018 
DEBUG 2021-11-23 16:33:48.028 UTC: 	 self.config: from WMCore.Configuration import Configuration
config = Configuration()
config.section_('General')
config.General.workArea = 'crab2017'
config.General.transferLogs = False
config.General.requestName = 'WJetsToLNu_0J_TuneCP5_13TeV-amcatnloFXFX-pythia8_2017'
config.section_('JobType')
config.JobType.scriptArgs = ['isdata=MC', 'year=2017', 'era=B']
config.JobType.scriptExe = './WWG_crab_script.sh'
config.JobType.pluginName = 'Analysis'
config.JobType.sendPythonFolder = True
config.JobType.allowUndistributedCMSSW = True
config.JobType.psetName = 'PSet.py'
config.JobType.inputFiles = ['../../../scripts/haddnano.py', '../WWG_selector/WWG_postproc.py', '../WWG_selector/WWG_Module.py', '../WWG_selector/WWG_keep_and_drop.txt', '../WWG_selector/WWG_output_branch.txt', '../WWG_selector/DAS_filesearch.py']
config.section_('Data')
config.Data.inputDataset = '/WJetsToLNu_0J_TuneCP5_13TeV-amcatnloFXFX-pythia8/RunIISummer20UL17NanoAODv9-106X_mc2017_realistic_v9-v1/NANOAODSIM'
config.Data.allowNonValidInputDataset = True
config.Data.publication = False
config.Data.unitsPerJob = 1
config.Data.ignoreLocality = True
config.Data.inputDBS = 'global'
config.Data.splitting = 'FileBased'
config.Data.outputDatasetTag = 'WJetsToLNu_0J_TuneCP5_13TeV-amcatnloFXFX-pythia8_2017'
config.section_('Site')
config.Site.whitelist = ['T2_US_MIT', 'T2_US_Wisconsin', 'T2_US_Purdue', 'T2_US_UCSD', 'T2_US_Caltech', 'T2_US_Nebraska']
config.Site.storageSite = 'T2_CH_CERN'

DEBUG 2021-11-23 16:33:48.028 UTC: 	 self.config.JobType.psetName: PSet.py
INFO 2021-11-23 16:33:48.028 UTC: 	 Importing CMSSW configuration PSet.py
INFO 2021-11-23 16:33:50.351 UTC: 	 Finished importing CMSSW configuration PSet.py
DEBUG 2021-11-23 16:33:50.351 UTC: 	 Writing CMSSW configuration to /afs/cern.ch/work/y/yian/work/GZ/CMSSW_10_6_20/src/PhysicsTools/NanoAODTools/WWG/2017/crab/crab2017/crab_WJetsToLNu_0J_TuneCP5_13TeV-amcatnloFXFX-pythia8_2017/inputs/PSet.py
DEBUG 2021-11-23 16:33:50.400 UTC: 	 The following EDM output files will be collected: ['tree.root']
DEBUG 2021-11-23 16:33:50.400 UTC: 	 The following TFile output files will be collected: []
DEBUG 2021-11-23 16:33:50.400 UTC: 	 The following user output files (not listed as PoolOuputModule or TFileService in the CMSSW PSet) will be collected: 
DEBUG 2021-11-23 16:33:50.400 UTC: 	 Loading required information from the environment
DEBUG 2021-11-23 16:33:50.400 UTC: 	 Found CMSSW_10_6_20 for slc7_amd64_gcc820 with base /afs/cern.ch/work/y/yian/work/GZ/CMSSW_10_6_20
DEBUG 2021-11-23 16:33:50.400 UTC: 	 Making tarball in /afs/cern.ch/work/y/yian/work/GZ/CMSSW_10_6_20/src/PhysicsTools/NanoAODTools/WWG/2017/crab/crab2017/crab_WJetsToLNu_0J_TuneCP5_13TeV-amcatnloFXFX-pythia8_2017/inputs/2f576f54-5648-4cd9-9518-2df8b7196018default.tgz
DEBUG 2021-11-23 16:33:50.402 UTC: 	 Checking directory /afs/cern.ch/work/y/yian/work/GZ/CMSSW_10_6_20/lib
DEBUG 2021-11-23 16:33:50.402 UTC: 	 Adding directory /afs/cern.ch/work/y/yian/work/GZ/CMSSW_10_6_20/lib to tarball
DEBUG 2021-11-23 16:33:50.561 UTC: 	 Checking directory /afs/cern.ch/work/y/yian/work/GZ/CMSSW_10_6_20/biglib
DEBUG 2021-11-23 16:33:50.561 UTC: 	 Adding directory /afs/cern.ch/work/y/yian/work/GZ/CMSSW_10_6_20/biglib to tarball
DEBUG 2021-11-23 16:33:50.562 UTC: 	 Checking directory /afs/cern.ch/work/y/yian/work/GZ/CMSSW_10_6_20/module
DEBUG 2021-11-23 16:33:50.562 UTC: 	 Checking directory /afs/cern.ch/work/y/yian/work/GZ/CMSSW_10_6_20/python
DEBUG 2021-11-23 16:33:50.562 UTC: 	 Adding directory /afs/cern.ch/work/y/yian/work/GZ/CMSSW_10_6_20/python to tarball
DEBUG 2021-11-23 16:33:53.450 UTC: 	 Checking directory /afs/cern.ch/work/y/yian/work/GZ/CMSSW_10_6_20/cfipython
DEBUG 2021-11-23 16:33:53.450 UTC: 	 Adding directory /afs/cern.ch/work/y/yian/work/GZ/CMSSW_10_6_20/cfipython to tarball
DEBUG 2021-11-23 16:34:01.028 UTC: 	 Adding data directory /afs/cern.ch/work/y/yian/work/GZ/CMSSW_10_6_20/src/PhysicsTools/NanoAODTools/data to tarball
DEBUG 2021-11-23 16:34:23.426 UTC: 	 Adding data directory /afs/cern.ch/work/y/yian/work/GZ/CMSSW_10_6_20/src/PhysicsTools/NanoAODTools/interface to tarball
DEBUG 2021-11-23 16:34:23.458 UTC: 	 Adding data directory /afs/cern.ch/work/y/yian/work/GZ/CMSSW_10_6_20/src/PhysicsTools/NanoAODTools/python/postprocessing/data to tarball
DEBUG 2021-11-23 16:34:26.993 UTC: 	 Adding file ../../../scripts/haddnano.py to tarball
DEBUG 2021-11-23 16:34:26.994 UTC: 	 Adding file ../WWG_selector/WWG_postproc.py to tarball
DEBUG 2021-11-23 16:34:26.995 UTC: 	 Adding file ../WWG_selector/WWG_Module.py to tarball
DEBUG 2021-11-23 16:34:26.995 UTC: 	 Adding file ../WWG_selector/WWG_keep_and_drop.txt to tarball
DEBUG 2021-11-23 16:34:26.996 UTC: 	 Adding file ../WWG_selector/WWG_output_branch.txt to tarball
DEBUG 2021-11-23 16:34:26.997 UTC: 	 Adding file ../WWG_selector/DAS_filesearch.py to tarball
DEBUG 2021-11-23 16:34:44.787 UTC: 	 Uploading archive /afs/cern.ch/work/y/yian/work/GZ/CMSSW_10_6_20/src/PhysicsTools/NanoAODTools/WWG/2017/crab/crab2017/crab_WJetsToLNu_0J_TuneCP5_13TeV-amcatnloFXFX-pythia8_2017/inputs/2f576f54-5648-4cd9-9518-2df8b7196018default.tgz (94 MB) to the CRAB cache. Using URI https://cmsweb.cern.ch/S3/crabcache_prod
DEBUG 2021-11-23 16:35:13.568 UTC: 	 sandbox 39bc3010d7ba2374684857ed42fc86481bae0161e7f8c7d93f5c25e342929c09.tar.gz is already in the S3 store, will not upload again
DEBUG 2021-11-23 16:35:13.568 UTC: 	 Loading required information from the environment
DEBUG 2021-11-23 16:35:13.568 UTC: 	 Found CMSSW_10_6_20 for slc7_amd64_gcc820 with base /afs/cern.ch/work/y/yian/work/GZ/CMSSW_10_6_20
DEBUG 2021-11-23 16:35:13.568 UTC: 	 Making tarball in /afs/cern.ch/work/y/yian/work/GZ/CMSSW_10_6_20/src/PhysicsTools/NanoAODTools/WWG/2017/crab/crab2017/crab_WJetsToLNu_0J_TuneCP5_13TeV-amcatnloFXFX-pythia8_2017/inputs/debugFiles.tgz
DEBUG 2021-11-23 16:35:13.669 UTC: 	 Uploading archive /afs/cern.ch/work/y/yian/work/GZ/CMSSW_10_6_20/src/PhysicsTools/NanoAODTools/WWG/2017/crab/crab2017/crab_WJetsToLNu_0J_TuneCP5_13TeV-amcatnloFXFX-pythia8_2017/inputs/debugFiles.tgz (1 KB) to the CRAB cache. Using URI https://cmsweb.cern.ch/S3/crabcache_prod
DEBUG 2021-11-23 16:35:13.901 UTC: 	 sandbox 1c3817ca7c5a1ec5325edba6b132f0ef859fb1882ef7128c88bf904a8ea62721.tar.gz is already in the S3 store, will not upload again
DEBUG 2021-11-23 16:35:13.901 UTC: 	 Result uploading input files: 39bc3010d7ba2374684857ed42fc86481bae0161e7f8c7d93f5c25e342929c09.tar.gz 
INFO 2021-11-23 16:35:13.901 UTC: 	 Sending the request to the server at cmsweb.cern.ch
DEBUG 2021-11-23 16:35:13.902 UTC: 	 Submitting {'maxjobruntime': 1250, 'extrajdl': [], 'ignorelocality': 1, 'savelogsflag': 0, 'useparent': 0, 'scriptexe': 'WWG_crab_script.sh', 'asyncdest': 'T2_CH_CERN', 'algoargs': 1, 'cachefilename': '39bc3010d7ba2374684857ed42fc86481bae0161e7f8c7d93f5c25e342929c09.tar.gz', 'numcores': 1, 'addoutputfiles': [], 'generator': 'pythia', 'maxmemory': 2000, 'publishdbsurl': 'https://cmsweb.cern.ch/dbs/prod/phys03/DBSWriter', 'priority': 10, 'jobsw': 'CMSSW_10_6_20', 'edmoutfiles': ['tree.root'], 'userfiles': [], 'primarydataset': '', 'inputdata': '/WJetsToLNu_0J_TuneCP5_13TeV-amcatnloFXFX-pythia8/RunIISummer20UL17NanoAODv9-106X_mc2017_realistic_v9-v1/NANOAODSIM', 'dryrun': 0, 'workflow': 'crab_WJetsToLNu_0J_TuneCP5_13TeV-amcatnloFXFX-pythia8_2017', 'scriptargs': ['isdata=MC', 'year=2017', 'era=B'], 'sitewhitelist': ['T2_US_MIT', 'T2_US_Wisconsin', 'T2_US_Purdue', 'T2_US_UCSD', 'T2_US_Caltech', 'T2_US_Nebraska'], 'nonprodsw': 1, 'tfileoutfiles': [], 'oneEventMode': 0, 'debugfilename': '1c3817ca7c5a1ec5325edba6b132f0ef859fb1882ef7128c88bf904a8ea62721.tar.gz', 'cacheurl': u'https://cmsweb.cern.ch/S3/crabcache_prod', 'saveoutput': 1, 'publication': 0, 'jobarch': 'slc7_amd64_gcc820', 'totalunits': 0, 'splitalgo': 'FileBased', 'ignoreglobalblacklist': 0, 'nonvaliddata': 1, 'dbsurl': 'https://cmsweb.cern.ch/dbs/prod/global/DBSReader', 'publishgroupname': 0, 'jobtype': 'Analysis', 'publishname2': 'WJetsToLNu_0J_TuneCP5_13TeV-amcatnloFXFX-pythia8_2017'} 
DEBUG 2021-11-23 16:35:13.902 UTC: 	 Encoded submit request: maxjobruntime=1250&ignorelocality=1&savelogsflag=0&useparent=0&scriptexe=WWG_crab_script.sh&asyncdest=T2_CH_CERN&algoargs=1&cachefilename=39bc3010d7ba2374684857ed42fc86481bae0161e7f8c7d93f5c25e342929c09.tar.gz&numcores=1&generator=pythia&maxmemory=2000&publishdbsurl=https%3A%2F%2Fcmsweb.cern.ch%2Fdbs%2Fprod%2Fphys03%2FDBSWriter&priority=10&jobsw=CMSSW_10_6_20&primarydataset=&inputdata=%2FWJetsToLNu_0J_TuneCP5_13TeV-amcatnloFXFX-pythia8%2FRunIISummer20UL17NanoAODv9-106X_mc2017_realistic_v9-v1%2FNANOAODSIM&dryrun=0&workflow=crab_WJetsToLNu_0J_TuneCP5_13TeV-amcatnloFXFX-pythia8_2017&nonprodsw=1&oneEventMode=0&debugfilename=1c3817ca7c5a1ec5325edba6b132f0ef859fb1882ef7128c88bf904a8ea62721.tar.gz&cacheurl=https%3A%2F%2Fcmsweb.cern.ch%2FS3%2Fcrabcache_prod&saveoutput=1&publication=0&jobarch=slc7_amd64_gcc820&totalunits=0&splitalgo=FileBased&ignoreglobalblacklist=0&nonvaliddata=1&dbsurl=https%3A%2F%2Fcmsweb.cern.ch%2Fdbs%2Fprod%2Fglobal%2FDBSReader&publishgroupname=0&jobtype=Analysis&publishname2=WJetsToLNu_0J_TuneCP5_13TeV-amcatnloFXFX-pythia8_2017&sitewhitelist=T2_US_MIT&sitewhitelist=T2_US_Wisconsin&sitewhitelist=T2_US_Purdue&sitewhitelist=T2_US_UCSD&sitewhitelist=T2_US_Caltech&sitewhitelist=T2_US_Nebraska&edmoutfiles=tree.root&scriptargs=isdata%3DMC&scriptargs=year%3D2017&scriptargs=era%3DB
DEBUG 2021-11-23 16:35:14.388 UTC: 	 Result: {u'result': [{u'RequestName': u'211123_163514:yian_crab_WJetsToLNu_0J_TuneCP5_13TeV-amcatnloFXFX-pythia8_2017'}]}
INFO 2021-11-23 16:35:14.420 UTC: 	 Success: Your task has been delivered to the prod CRAB3 server.
INFO 2021-11-23 16:35:14.420 UTC: 	 Task name: 211123_163514:yian_crab_WJetsToLNu_0J_TuneCP5_13TeV-amcatnloFXFX-pythia8_2017
INFO 2021-11-23 16:35:14.420 UTC: 	 Project dir: crab2017/crab_WJetsToLNu_0J_TuneCP5_13TeV-amcatnloFXFX-pythia8_2017
INFO 2021-11-23 16:35:14.420 UTC: 	 Please use ' crab status -d crab2017/crab_WJetsToLNu_0J_TuneCP5_13TeV-amcatnloFXFX-pythia8_2017 ' to check how the submission process proceeds.
DEBUG 2021-11-23 16:35:14.421 UTC: 	 About to return
INFO 2021-11-23 16:35:14.423 UTC: 	 Log file is /afs/cern.ch/work/y/yian/work/GZ/CMSSW_10_6_20/src/PhysicsTools/NanoAODTools/WWG/2017/crab/crab2017/crab_WJetsToLNu_0J_TuneCP5_13TeV-amcatnloFXFX-pythia8_2017/crab.log
DEBUG 2021-11-24 04:49:06.124 UTC: 	 CRAB Client version: v3.210825
DEBUG 2021-11-24 04:49:06.124 UTC: 	 Running on: Linux lxplus772.cern.ch 3.10.0-1160.45.1.el7.x86_64 #1 SMP Wed Oct 13 17:20:51 UTC 2021 x86_64 x86_64 x86_64 GNU/Linux - CentOS Linux 7 (Core)
DEBUG 2021-11-24 04:49:06.124 UTC: 	 Executing command: 'status'
DEBUG 2021-11-24 04:49:06.125 UTC: 	 Found CRAB cache file /afs/cern.ch/user/y/yian/.crab3
DEBUG 2021-11-24 04:49:06.268 UTC: 	 Checking credentials
DEBUG 2021-11-24 04:49:06.268 UTC: 	 Found proxy file /tmp/x509up_u110046
DEBUG 2021-11-24 04:49:06.268 UTC: 	 Getting proxy life time left
DEBUG 2021-11-24 04:49:06.974 UTC: 	 Executing : 
 command : voms-proxy-info -file /tmp/x509up_u110046 -timeleft
 output : 558657

 error: 
 retcode : 0
DEBUG 2021-11-24 04:49:07.695 UTC: 	 Executing : 
 command : voms-proxy-info -file /tmp/x509up_u110046 -actimeleft
 output : 558656

 error: 
 retcode : 0
DEBUG 2021-11-24 04:49:07.695 UTC: 	 Proxy lifetime 558657 secs is different from voms extension lifetime 558656 secs for proxy: /tmp/x509up_u110046
DEBUG 2021-11-24 04:49:07.695 UTC: 	 Proxy valid for 155:10:56 hours
DEBUG 2021-11-24 04:49:07.761 UTC: 	 Registering user credentials for server /DC=ch/DC=cern/OU=computers/CN=crab-(preprod|prod|dev)-tw(02|01).cern.ch|/DC=ch/DC=cern/OU=computers/CN=stefanov(m|m2).cern.ch|/DC=ch/DC=cern/OU=computers/CN=dciangot-tw.cern.ch
DEBUG 2021-11-24 04:49:08.374 UTC: 	 Executing : 
 command : voms-proxy-info -file /tmp/x509up_u110046 -identity
 output : /DC=ch/DC=cern/OU=Organic Units/OU=Users/CN=yian/CN=826694/CN=Ying An

 error: 
 retcode : 0
DEBUG 2021-11-24 04:49:08.380 UTC: 	 Getting myproxy life time left for myproxy.cern.ch
DEBUG 2021-11-24 04:49:08.381 UTC: 	 using b52ac606a6f7097e9b4b8f05a3a67cc69f8f291b as credential login name
DEBUG 2021-11-24 04:49:08.685 UTC: 	 Executing : 
 command : myproxy-info -l b52ac606a6f7097e9b4b8f05a3a67cc69f8f291b -s myproxy.cern.ch
 output : username: b52ac606a6f7097e9b4b8f05a3a67cc69f8f291b
owner: /DC=ch/DC=cern/OU=Organic Units/OU=Users/CN=yian/CN=826694/CN=Ying An
  renewal policy: /DC=ch/DC=cern/OU=computers/CN=crab-(preprod|prod|dev)-tw(02|01).cern.ch|/DC=ch/DC=cern/OU=computers/CN=stefanov(m|m2).cern.ch|/DC=ch/DC=cern/OU=computers/CN=dciangot-tw.cern.ch
  trusted retrieval policy: /DC=ch/DC=cern/OU=computers/CN=crab-(preprod|prod|dev)-tw(02|01).cern.ch|/DC=ch/DC=cern/OU=computers/CN=stefanov(m|m2).cern.ch|/DC=ch/DC=cern/OU=computers/CN=dciangot-tw.cern.ch
  timeleft: 700:07:30  (29.2 days)

 error: 
 retcode : 0
DEBUG 2021-11-24 04:49:08.686 UTC: 	 Myproxy is valid: 2520450
DEBUG 2021-11-24 04:49:08.686 UTC: 	 Retrieving username ...
DEBUG 2021-11-24 04:49:08.686 UTC: 	 Retrieving username from CRIC...
DEBUG 2021-11-24 04:49:09.561 UTC: 	 username is yian
DEBUG 2021-11-24 04:49:09.567 UTC: 	 Getting myproxy life time left for myproxy.cern.ch
DEBUG 2021-11-24 04:49:09.567 UTC: 	 using yian_CRAB as credential login name
DEBUG 2021-11-24 04:49:09.871 UTC: 	 Executing : 
 command : myproxy-info -l yian_CRAB -s myproxy.cern.ch
 output : username: yian_CRAB
owner: /DC=ch/DC=cern/OU=Organic Units/OU=Users/CN=yian/CN=826694/CN=Ying An
  renewal policy: /DC=ch/DC=cern/OU=computers/CN=crab-(preprod|prod|dev)-tw(02|01).cern.ch|/DC=ch/DC=cern/OU=computers/CN=stefanov(m|m2).cern.ch|/DC=ch/DC=cern/OU=computers/CN=dciangot-tw.cern.ch
  trusted retrieval policy: /DC=ch/DC=cern/OU=computers/CN=crab-(preprod|prod|dev)-tw(02|01).cern.ch|/DC=ch/DC=cern/OU=computers/CN=stefanov(m|m2).cern.ch|/DC=ch/DC=cern/OU=computers/CN=dciangot-tw.cern.ch
  timeleft: 700:06:22  (29.2 days)

 error: 
 retcode : 0
DEBUG 2021-11-24 04:49:09.872 UTC: 	 Myproxy is valid: 2520382
DEBUG 2021-11-24 04:49:09.872 UTC: 	 Result of myproxy credential check:
  Credential exists on myproxy: username: b52ac606a6f7097e9b4b8f05a3a67cc69f8f291b  - validity: 29 days, 4:07:30
  Credential exists on myproxy: username: yian_CRAB  - validity: 29 days, 4:06:22
DEBUG 2021-11-24 04:49:09.873 UTC: 	 Command use: status
DEBUG 2021-11-24 04:49:09.873 UTC: 	 Options use: ['-d', 'crab2017/crab_WJetsToLNu_0J_TuneCP5_13TeV-amcatnloFXFX-pythia8_2017']
DEBUG 2021-11-24 04:49:09.985 UTC: 	 CRABClient version: v3.210825
DEBUG 2021-11-24 04:49:09.985 UTC: 	 Instance is prod
DEBUG 2021-11-24 04:49:09.985 UTC: 	 Server base url is cmsweb.cern.ch
DEBUG 2021-11-24 04:49:09.985 UTC: 	 Command api workflow
DEBUG 2021-11-24 04:49:10.045 UTC: 	 Got information from server oracle database: {u'result': [u'211123_163514:yian_crab_WJetsToLNu_0J_TuneCP5_13TeV-amcatnloFXFX-pythia8_2017', u'None', u'None', u'SUBMITTED', u'SUBMIT', u'2021-11-23 16:35:14.355495', u'None', u'2021-11-23 16:36:02.750054', u'None', u'CMSSW_10_6_20', u'slc7_amd64_gcc820', u'/WJetsToLNu_0J_TuneCP5_13TeV-amcatnloFXFX-pythia8/RunIISummer20UL17NanoAODv9-106X_mc2017_realistic_v9-v1/NANOAODSIM', u'T', u'0', u"[u'T2_US_UCSD', u'T2_US_Wisconsin', u'T2_US_MIT', u'T2_US_Caltech', u'T2_US_Purdue', u'T2_US_Nebraska']", u'[]', u'FileBased', u"{'splitOnRun': False, 'halt_job_on_file_boundaries': False, 'files_per_job': 1, 'runs': [], 'lumis': []}", u'39bc3010d7ba2374684857ed42fc86481bae0161e7f8c7d93f5c25e342929c09.tar.gz', u'https://cmsweb.cern.ch/S3/crabcache_prod', u'yian', u'/DC=ch/DC=cern/OU=Organic Units/OU=Users/CN=yian/CN=826694/CN=Ying An', u'cms', u'None', u'None', u'WJetsToLNu_0J_TuneCP5_13TeV-amcatnloFXFX-pythia8_2017-00000000000000000000000000000000', u'F', u'T2_CH_CERN', u'https://cmsweb.cern.ch/dbs/prod/global/DBSReader', u'https://cmsweb.cern.ch/dbs/prod/phys03/DBSWriter', u'F', u'[]', u'[]', u"[b'tree.root']", u'Analysis', u'pythia', u'None', u'{}', u'[]', u'F', u'crab-prod-tw01', u'[]', u'1250', u'1', u'2000', u'10', u"['/WJetsToLNu_0J_TuneCP5_13TeV-amcatnloFXFX-pythia8/yian-WJetsToLNu_0J_TuneCP5_13TeV-amcatnloFXFX-pythia8_2017-76de701442013e6ff941c86cd482e64d/USER']", u'[]', u'http://vocms0122.cern.ch/mon/cms1407/211123_163514:yian_crab_WJetsToLNu_0J_TuneCP5_13TeV-amcatnloFXFX-pythia8_2017', u'WWG_crab_script.sh', u"[b'isdata=MC', b'year=2017', b'era=B']", u'[]', u'https://cmsweb.cern.ch/crabserver/prod', u'cmsgwms-collector-global.cern.ch:9620,cmsgwms-collector-global.fnal.gov:9620', u'crab3@vocms0122.cern.ch', u'F', u'[]', u'T', u'/store/user/yian/', u'T', u'None', u'F', u'None', u'WJetsToLNu_0J_TuneCP5_13TeV-amcatnloFXFX-pythia8', u'None', u'1c3817ca7c5a1ec5325edba6b132f0ef859fb1882ef7128c88bf904a8ea62721.tar.gz', u'77212137', u'filetransfers', u'F', u'188.185.88.214', u'0.0', u'None'], u'desc': {u'columns': [u'tm_taskname', u'tm_activity', u'panda_jobset_id', u'tm_task_status', u'tm_task_command', u'tm_start_time', u'tm_start_injection', u'tm_end_injection', u'tm_task_failure', u'tm_job_sw', u'tm_job_arch', u'tm_input_dataset', u'tm_nonvalid_input_dataset', u'tm_use_parent', u'tm_site_whitelist', u'tm_site_blacklist', u'tm_split_algo', u'tm_split_args', u'tm_user_sandbox', u'tm_cache_url', u'tm_username', u'tm_user_dn', u'tm_user_vo', u'tm_user_role', u'tm_user_group', u'tm_publish_name', u'tm_publish_groupname', u'tm_asyncdest', u'tm_dbs_url', u'tm_publish_dbs_url', u'tm_publication', u'tm_outfiles', u'tm_tfile_outfiles', u'tm_edm_outfiles', u'tm_job_type', u'tm_generator', u'tm_events_per_lumi', u'tm_arguments', u'panda_resubmitted_jobs', u'tm_save_logs', u'tw_name', u'tm_user_infiles', u'tm_maxjobruntime', u'tm_numcores', u'tm_maxmemory', u'tm_priority', u'tm_output_dataset', u'tm_task_warnings', u'tm_user_webdir', u'tm_scriptexe', u'tm_scriptargs', u'tm_extrajdl', u'tm_asourl', u'tm_collector', u'tm_schedd', u'tm_dry_run', u'tm_user_files', u'tm_transfer_outputs', u'tm_output_lfn', u'tm_ignore_locality', u'tm_fail_limit', u'tm_one_event_mode', u'tm_secondary_input_dataset', u'tm_primary_dataset', u'tm_last_publication', u'tm_debug_files', u'clusterid', u'tm_asodb', u'tm_ignore_global_blacklist', u'tm_submitter_ip_addr', u'tm_totalunits', u'tm_ddm_reqid']}}
INFO 2021-11-24 04:49:10.046 UTC: 	 CRAB project directory:		/afs/cern.ch/work/y/yian/work/GZ/CMSSW_10_6_20/src/PhysicsTools/NanoAODTools/WWG/2017/crab/crab2017/crab_WJetsToLNu_0J_TuneCP5_13TeV-amcatnloFXFX-pythia8_2017
INFO 2021-11-24 04:49:10.046 UTC: 	 Task name:			211123_163514:yian_crab_WJetsToLNu_0J_TuneCP5_13TeV-amcatnloFXFX-pythia8_2017
INFO 2021-11-24 04:49:10.046 UTC: 	 Grid scheduler - Task Worker:	crab3@vocms0122.cern.ch - crab-prod-tw01
INFO 2021-11-24 04:49:10.046 UTC: 	 Status on the CRAB server:	SUBMITTED
INFO 2021-11-24 04:49:10.046 UTC: 	 Task URL to use for HELP:	https://cmsweb.cern.ch/crabserver/ui/task/211123_163514%3Ayian_crab_WJetsToLNu_0J_TuneCP5_13TeV-amcatnloFXFX-pythia8_2017
INFO 2021-11-24 04:49:10.050 UTC: 	 Dashboard monitoring URL:	https://monit-grafana.cern.ch/d/cmsTMDetail/cms-task-monitoring-task-view?orgId=11&var-user=yian&var-task=211123_163514%3Ayian_crab_WJetsToLNu_0J_TuneCP5_13TeV-amcatnloFXFX-pythia8_2017&from=1637681714000&to=now
DEBUG 2021-11-24 04:49:10.050 UTC: 	 The CRAB server submitted your task to the Grid scheduler (cluster ID: 77212137)
DEBUG 2021-11-24 04:49:10.050 UTC: 	 Webdir is located at http://vocms0122.cern.ch/mon/cms1407/211123_163514:yian_crab_WJetsToLNu_0J_TuneCP5_13TeV-amcatnloFXFX-pythia8_2017
DEBUG 2021-11-24 04:49:10.165 UTC: 	 Proxied webdir is located at https://cmsweb.cern.ch:8443/scheddmon/0122/cms1407/211123_163514:yian_crab_WJetsToLNu_0J_TuneCP5_13TeV-amcatnloFXFX-pythia8_2017
DEBUG 2021-11-24 04:49:10.165 UTC: 	 Retrieving 'status_cache' file from https://cmsweb.cern.ch:8443/scheddmon/0122/cms1407/211123_163514:yian_crab_WJetsToLNu_0J_TuneCP5_13TeV-amcatnloFXFX-pythia8_2017/status_cache
DEBUG 2021-11-24 04:49:10.220 UTC: 	 Got information from status cache file: {'24': {'Retries': 0, 'WallDurations': [9.0, 18.763511896133423, 2510.0], 'StartTimes': [1637698917.0], 'SubmitTimes': [1637685376.0], 'JobIds': ['77212162.0'], 'EndTimes': [1637701427.0], 'Restarts': 0, 'RecordedSite': True, 'State': 'finished', 'ResidentSetSize': [1408520], 'TotalUserCpuTimeHistory': [2350], 'SiteHistory': ['Unknown', 'T2_US_MIT', 'T2_US_MIT'], 'TotalSysCpuTimeHistory': [68]}, '25': {'Retries': 0, 'WallDurations': [9.0, 16.763511896133423, 13418.0, 0, 1510.0], 'StartTimes': [1637698919.0, 1637712524.0], 'SubmitTimes': [1637685376.0, -1], 'JobIds': ['77212163.0', '77212163.0'], 'EndTimes': [1637712337.0], 'Restarts': 1, 'RecordedSite': True, 'State': 'running', 'ResidentSetSize': [1491824, 1548304], 'TotalUserCpuTimeHistory': [3794.0, 1138.0], 'SiteHistory': ['Unknown', 'T2_US_MIT', 'T2_US_MIT', 'Unknown', 'T2_US_MIT'], 'TotalSysCpuTimeHistory': [192.0, 20.0]}, '26': {'Retries': 0, 'WallDurations': [10.0, 11.763511896133423, 7722.0, 5639.0, 0, 14167.0, 0, 1212.0], 'StartTimes': [1637698924.0, 1637706692.0, 1637712561.0, 1637727568.0], 'SubmitTimes': [1637685376.0, -1, -1, -1], 'JobIds': ['77212164.0', '77212164.0', '77212164.0', '77212164.0'], 'EndTimes': [1637706646.0, 1637712331.0, 1637726728.0], 'Restarts': 3, 'RecordedSite': True, 'State': 'running', 'ResidentSetSize': [1492540, 1530744, 0, 1750000], 'TotalUserCpuTimeHistory': [2087.0, 1259.0, 1875.0, 1051.0], 'SiteHistory': ['Unknown', 'T2_US_UCSD', 'T2_US_UCSD', 'T2_US_MIT', 'Unknown', 'T2_US_MIT', 'Unknown', 'T2_US_Nebraska'], 'TotalSysCpuTimeHistory': [138.0, 53.0, 97.0, 42.0]}, '27': {'Retries': 0, 'WallDurations': [8.0, 14.763511896133423, 13428.0, 0, 12894.0], 'StartTimes': [1637698921.0, 1637712627.0], 'SubmitTimes': [1637685376.0, -1], 'JobIds': ['77212165.0', '77212165.0'], 'EndTimes': [1637712349.0, 1637725521.0], 'Restarts': 1, 'RecordedSite': True, 'State': 'finished', 'ResidentSetSize': [1506064, 1750000], 'TotalUserCpuTimeHistory': [4723.0, 16174], 'SiteHistory': ['Unknown', 'T2_US_MIT', 'T2_US_MIT', 'Unknown', 'T2_US_Nebraska'], 'TotalSysCpuTimeHistory': [230.0, 645]}, '20': {'Retries': 0, 'WallDurations': [8.0, 11.763511896133423, 13429.0, 0, 14088.0], 'StartTimes': [1637698924.0, 1637712494.0], 'SubmitTimes': [1637685376.0, -1], 'JobIds': ['77212158.0', '77212158.0'], 'EndTimes': [1637712353.0, 1637726582.0], 'Restarts': 1, 'RecordedSite': True, 'State': 'finished', 'ResidentSetSize': [1469260, 1718964], 'TotalUserCpuTimeHistory': [3864.0, 16690], 'SiteHistory': ['Unknown', 'T2_US_MIT', 'T2_US_MIT', 'Unknown', 'T2_US_Nebraska'], 'TotalSysCpuTimeHistory': [201.0, 663]}, '21': {'Retries': 0, 'WallDurations': [9.0, 16.763511896133423, 1514.0], 'StartTimes': [1637698919.0], 'SubmitTimes': [1637685376.0], 'JobIds': ['77212159.0'], 'EndTimes': [], 'Restarts': 0, 'RecordedSite': True, 'State': 'running', 'ResidentSetSize': [1482900], 'TotalUserCpuTimeHistory': [1081.0], 'SiteHistory': ['Unknown', 'T2_US_MIT', 'T2_US_MIT'], 'TotalSysCpuTimeHistory': [23.0]}, '22': {'Retries': 0, 'WallDurations': [0, 9.0, 24451.0], 'StartTimes': [1637698966.0], 'SubmitTimes': [1637685376.0], 'JobIds': ['77212160.0'], 'EndTimes': [1637723417.0], 'Restarts': 0, 'RecordedSite': True, 'State': 'finished', 'ResidentSetSize': [1425776], 'TotalUserCpuTimeHistory': [10186], 'SiteHistory': ['Unknown', 'T2_US_MIT', 'T2_US_MIT'], 'TotalSysCpuTimeHistory': [528]}, '23': {'Retries': 0, 'WallDurations': [0, 7.763511896133423, 22572.0], 'StartTimes': [1637698928.0], 'SubmitTimes': [1637685376.0], 'JobIds': ['77212161.0'], 'EndTimes': [1637721500.0], 'Restarts': 0, 'RecordedSite': True, 'State': 'finished', 'ResidentSetSize': [1466844], 'TotalUserCpuTimeHistory': [9209], 'SiteHistory': ['Unknown', 'T2_US_MIT', 'T2_US_MIT'], 'TotalSysCpuTimeHistory': [490]}, '28': {'Retries': 0, 'WallDurations': [9.0, 15.763511896133423, 13633.0], 'StartTimes': [1637698920.0], 'SubmitTimes': [1637685377.0], 'JobIds': ['77212166.0'], 'EndTimes': [1637712553.0], 'Restarts': 0, 'RecordedSite': True, 'State': 'finished', 'ResidentSetSize': [1456560], 'TotalUserCpuTimeHistory': [3284], 'SiteHistory': ['Unknown', 'T2_US_MIT', 'T2_US_MIT'], 'TotalSysCpuTimeHistory': [280]}, '29': {'Retries': 0, 'WallDurations': [8.0, 19.763511896133423, 27820.0, 0, 3.8084819316864014], 'StartTimes': [1637698916.0, 1637728155.0], 'SubmitTimes': [1637685377.0, -1], 'JobIds': ['77212167.0', '77212167.0'], 'EndTimes': [1637726736.0], 'Restarts': 1, 'RecordedSite': True, 'State': 'running', 'ResidentSetSize': [1495216, 0], 'TotalUserCpuTimeHistory': [5559.0, 0.0], 'SiteHistory': ['Unknown', 'T2_US_MIT', 'T2_US_MIT', 'Unknown', 'T2_US_Nebraska'], 'TotalSysCpuTimeHistory': [207.0, 0.0]}, '4': {'Retries': 0, 'WallDurations': [0, 3.763511896133423, 6197.0, 0, 4963.0], 'StartTimes': [1637698932.0, 1637705714.0], 'SubmitTimes': [1637685369.0, -1], 'JobIds': ['77212142.0', '77212142.0'], 'EndTimes': [1637705129.0, 1637710677.0], 'Restarts': 1, 'RecordedSite': True, 'State': 'finished', 'ResidentSetSize': [1443192, 1503416], 'TotalUserCpuTimeHistory': [3277.0, 7925], 'SiteHistory': ['Unknown', 'T2_US_MIT', 'T2_US_MIT', 'Unknown', 'T2_US_MIT'], 'TotalSysCpuTimeHistory': [256.0, 420]}, '8': {'Retries': 0, 'WallDurations': [10.0, 72.41761803627014, 7023.0], 'StartTimes': [1637696462.0], 'SubmitTimes': [1637685369.0], 'JobIds': ['77212146.0'], 'EndTimes': [1637703485.0], 'Restarts': 0, 'RecordedSite': True, 'State': 'finished', 'ResidentSetSize': [1435388], 'TotalUserCpuTimeHistory': [3099], 'SiteHistory': ['Unknown', 'T2_US_Nebraska', 'T2_US_Nebraska'], 'TotalSysCpuTimeHistory': [198]}, '87': {'Retries': 0, 'WallDurations': [0, 2.763511896133423, 2415.0], 'StartTimes': [1637698933.0], 'SubmitTimes': [1637685388.0], 'JobIds': ['77212224.0'], 'EndTimes': [], 'Restarts': 0, 'RecordedSite': True, 'State': 'running', 'ResidentSetSize': [1513000], 'TotalUserCpuTimeHistory': [1177.0], 'SiteHistory': ['Unknown', 'T2_US_MIT', 'T2_US_MIT'], 'TotalSysCpuTimeHistory': [10.0]}, '59': {'Retries': 0, 'WallDurations': [0, 9.0, 9088.0], 'StartTimes': [1637698954.0], 'SubmitTimes': [1637685380.0], 'JobIds': ['77212196.0'], 'EndTimes': [1637708042.0], 'Restarts': 0, 'RecordedSite': True, 'State': 'finished', 'ResidentSetSize': [1502056], 'TotalUserCpuTimeHistory': [8381], 'SiteHistory': ['Unknown', 'T2_US_UCSD', 'T2_US_UCSD'], 'TotalSysCpuTimeHistory': [435]}, '58': {'Retries': 0, 'WallDurations': [0, 8.0, 10005.0], 'StartTimes': [1637698951.0], 'SubmitTimes': [1637685380.0], 'JobIds': ['77212195.0'], 'EndTimes': [1637708956.0], 'Restarts': 0, 'RecordedSite': True, 'State': 'finished', 'ResidentSetSize': [1532984], 'TotalUserCpuTimeHistory': [9244], 'SiteHistory': ['Unknown', 'T2_US_UCSD', 'T2_US_UCSD'], 'TotalSysCpuTimeHistory': [518]}, '55': {'Retries': 0, 'WallDurations': [9.0, 10.763511896133423, 3894.0], 'StartTimes': [1637698925.0], 'SubmitTimes': [1637685379.0], 'JobIds': ['77212192.0'], 'EndTimes': [1637702819.0], 'Restarts': 0, 'RecordedSite': True, 'State': 'finished', 'ResidentSetSize': [1452340], 'TotalUserCpuTimeHistory': [3619], 'SiteHistory': ['Unknown', 'T2_US_MIT', 'T2_US_MIT'], 'TotalSysCpuTimeHistory': [164]}, '54': {'Retries': 0, 'WallDurations': [8.0, 11.763511896133423, 6430.0], 'StartTimes': [1637698924.0], 'SubmitTimes': [1637685379.0], 'JobIds': ['77212191.0'], 'EndTimes': [1637705354.0], 'Restarts': 0, 'RecordedSite': True, 'State': 'finished', 'ResidentSetSize': [1491636], 'TotalUserCpuTimeHistory': [5725], 'SiteHistory': ['Unknown', 'T2_US_MIT', 'T2_US_MIT'], 'TotalSysCpuTimeHistory': [281]}, '57': {'Retries': 0, 'WallDurations': [0, 4.763511896133423, 16678.0], 'StartTimes': [1637698931.0], 'SubmitTimes': [1637685380.0], 'JobIds': ['77212194.0'], 'EndTimes': [1637715609.0], 'Restarts': 0, 'RecordedSite': True, 'State': 'finished', 'ResidentSetSize': [1442648], 'TotalUserCpuTimeHistory': [4586], 'SiteHistory': ['Unknown', 'T2_US_Purdue', 'T2_US_Purdue'], 'TotalSysCpuTimeHistory': [229]}, '56': {'Retries': 0, 'WallDurations': [0, 7.763511896133423, 12989.0], 'StartTimes': [1637698928.0], 'SubmitTimes': [1637685380.0], 'JobIds': ['77212193.0'], 'EndTimes': [1637711917.0], 'Restarts': 0, 'RecordedSite': True, 'State': 'finished', 'ResidentSetSize': [1536400], 'TotalUserCpuTimeHistory': [11861], 'SiteHistory': ['Unknown', 'T2_US_MIT', 'T2_US_MIT'], 'TotalSysCpuTimeHistory': [823]}, '51': {'Retries': 0, 'WallDurations': [8.0, 107.13013005256653, 7972.0], 'StartTimes': [1637699429.0], 'SubmitTimes': [1637685379.0], 'JobIds': ['77212188.0'], 'EndTimes': [1637707401.0], 'Restarts': 0, 'RecordedSite': True, 'State': 'finished', 'ResidentSetSize': [1405604], 'TotalUserCpuTimeHistory': [3279], 'SiteHistory': ['Unknown', 'T2_US_MIT', 'T2_US_MIT'], 'TotalSysCpuTimeHistory': [133]}, '50': {'Retries': 0, 'WallDurations': [8.0, 107.13013005256653, 13088.0], 'StartTimes': [1637699429.0], 'SubmitTimes': [1637685379.0], 'JobIds': ['77212187.0'], 'EndTimes': [1637712517.0], 'Restarts': 0, 'RecordedSite': True, 'State': 'finished', 'ResidentSetSize': [1375668], 'TotalUserCpuTimeHistory': [3313], 'SiteHistory': ['Unknown', 'T2_US_MIT', 'T2_US_MIT'], 'TotalSysCpuTimeHistory': [222]}, '53': {'Retries': 0, 'WallDurations': [8.0, 11.763511896133423, 1103.0], 'StartTimes': [1637698924.0], 'SubmitTimes': [1637685379.0], 'JobIds': ['77212190.0'], 'EndTimes': [1637700027.0], 'Restarts': 0, 'RecordedSite': True, 'State': 'finished', 'ResidentSetSize': [1164808], 'TotalUserCpuTimeHistory': [952], 'SiteHistory': ['Unknown', 'T2_US_MIT', 'T2_US_MIT'], 'TotalSysCpuTimeHistory': [8]}, '52': {'Retries': 0, 'WallDurations': [0, 6.763511896133423, 1651.0], 'StartTimes': [1637698929.0], 'SubmitTimes': [1637685379.0], 'JobIds': ['77212189.0'], 'EndTimes': [1637700580.0], 'Restarts': 0, 'RecordedSite': True, 'State': 'finished', 'ResidentSetSize': [1431484], 'TotalUserCpuTimeHistory': [1501], 'SiteHistory': ['Unknown', 'T2_US_UCSD', 'T2_US_UCSD'], 'TotalSysCpuTimeHistory': [59]}, '115': {'Retries': 0, 'WallDurations': [0, 1.7635118961334229, 3877.0], 'StartTimes': [1637698934.0], 'SubmitTimes': [1637685397.0], 'JobIds': ['77212252.0'], 'EndTimes': [1637702811.0], 'Restarts': 0, 'RecordedSite': True, 'State': 'finished', 'ResidentSetSize': [1450968], 'TotalUserCpuTimeHistory': [1730], 'SiteHistory': ['Unknown', 'T2_US_MIT', 'T2_US_MIT'], 'TotalSysCpuTimeHistory': [74]}, '114': {'Retries': 0, 'WallDurations': [0, 9.0, 19511.0], 'StartTimes': [1637698958.0], 'SubmitTimes': [1637685397.0], 'JobIds': ['77212251.0'], 'EndTimes': [1637718469.0], 'Restarts': 0, 'RecordedSite': True, 'State': 'finished', 'ResidentSetSize': [1397228], 'TotalUserCpuTimeHistory': [3552], 'SiteHistory': ['Unknown', 'T2_US_UCSD', 'T2_US_UCSD'], 'TotalSysCpuTimeHistory': [200]}, '88': {'Retries': 0, 'WallDurations': [0, 3.763511896133423, 11021.0], 'StartTimes': [1637698932.0], 'SubmitTimes': [1637685388.0], 'JobIds': ['77212225.0'], 'EndTimes': [1637709953.0], 'Restarts': 0, 'RecordedSite': True, 'State': 'finished', 'ResidentSetSize': [1470016], 'TotalUserCpuTimeHistory': [7340], 'SiteHistory': ['Unknown', 'T2_US_UCSD', 'T2_US_UCSD'], 'TotalSysCpuTimeHistory': [705]}, '89': {'Retries': 0, 'WallDurations': [0, 7.763511896133423, 2117.0], 'StartTimes': [1637698928.0], 'SubmitTimes': [1637685389.0], 'JobIds': ['77212226.0'], 'EndTimes': [], 'Restarts': 0, 'RecordedSite': True, 'State': 'running', 'ResidentSetSize': [1487868], 'TotalUserCpuTimeHistory': [903.0], 'SiteHistory': ['Unknown', 'T2_US_MIT', 'T2_US_MIT'], 'TotalSysCpuTimeHistory': [12.0]}, '111': {'Retries': 0, 'WallDurations': [0, 4.763511896133423, 6199.0, 0, 3146.0], 'StartTimes': [1637698931.0, 1637705365.0], 'SubmitTimes': [1637685391.0, -1], 'JobIds': ['77212248.0', '77212248.0'], 'EndTimes': [1637705130.0, 1637708511.0], 'Restarts': 1, 'RecordedSite': True, 'State': 'finished', 'ResidentSetSize': [1389808, 1500000], 'TotalUserCpuTimeHistory': [1174.0, 2281], 'SiteHistory': ['Unknown', 'T2_US_MIT', 'T2_US_MIT', 'Unknown', 'T2_US_MIT'], 'TotalSysCpuTimeHistory': [36.0, 62]}, '110': {'Retries': 0, 'WallDurations': [0, 3.763511896133423, 7781.0], 'StartTimes': [1637698932.0], 'SubmitTimes': [1637685391.0], 'JobIds': ['77212247.0'], 'EndTimes': [1637706713.0], 'Restarts': 0, 'RecordedSite': True, 'State': 'finished', 'ResidentSetSize': [1432228], 'TotalUserCpuTimeHistory': [7196], 'SiteHistory': ['Unknown', 'T2_US_MIT', 'T2_US_MIT'], 'TotalSysCpuTimeHistory': [404]}, '113': {'Retries': 0, 'WallDurations': [0, 2.763511896133423, 2420.0], 'StartTimes': [1637698933.0], 'SubmitTimes': [1637685397.0], 'JobIds': ['77212250.0'], 'EndTimes': [1637701353.0], 'Restarts': 0, 'RecordedSite': True, 'State': 'finished', 'ResidentSetSize': [1391516], 'TotalUserCpuTimeHistory': [1464], 'SiteHistory': ['Unknown', 'T2_US_MIT', 'T2_US_MIT'], 'TotalSysCpuTimeHistory': [46]}, '112': {'Retries': 0, 'WallDurations': [0, 2.763511896133423, 2678.0], 'StartTimes': [1637698933.0], 'SubmitTimes': [1637685392.0], 'JobIds': ['77212249.0'], 'EndTimes': [1637701611.0], 'Restarts': 0, 'RecordedSite': True, 'State': 'finished', 'ResidentSetSize': [1377616], 'TotalUserCpuTimeHistory': [1421], 'SiteHistory': ['Unknown', 'T2_US_MIT', 'T2_US_MIT'], 'TotalSysCpuTimeHistory': [55]}, '82': {'Retries': 0, 'WallDurations': [8.0, 8.763511896133423, 4890.0], 'StartTimes': [1637698927.0], 'SubmitTimes': [1637685388.0], 'JobIds': ['77212219.0'], 'EndTimes': [1637703817.0], 'Restarts': 0, 'RecordedSite': True, 'State': 'finished', 'ResidentSetSize': [1411616], 'TotalUserCpuTimeHistory': [4583], 'SiteHistory': ['Unknown', 'T2_US_MIT', 'T2_US_MIT'], 'TotalSysCpuTimeHistory': [217]}, '83': {'Retries': 0, 'WallDurations': [0, 8.0, 4450.0], 'StartTimes': [1637698962.0], 'SubmitTimes': [1637685388.0], 'JobIds': ['77212220.0'], 'EndTimes': [1637703412.0], 'Restarts': 0, 'RecordedSite': True, 'State': 'finished', 'ResidentSetSize': [1445736], 'TotalUserCpuTimeHistory': [1851], 'SiteHistory': ['Unknown', 'T2_US_MIT', 'T2_US_MIT'], 'TotalSysCpuTimeHistory': [78]}, '80': {'Retries': 0, 'WallDurations': [0, 9.0, 9943.0], 'StartTimes': [1637698957.0], 'SubmitTimes': [1637685388.0], 'JobIds': ['77212217.0'], 'EndTimes': [1637708900.0], 'Restarts': 0, 'RecordedSite': True, 'State': 'finished', 'ResidentSetSize': [1459028], 'TotalUserCpuTimeHistory': [4022], 'SiteHistory': ['Unknown', 'T2_US_MIT', 'T2_US_MIT'], 'TotalSysCpuTimeHistory': [274]}, '81': {'Retries': 0, 'WallDurations': [9.0, 10.763511896133423, 1338.0], 'StartTimes': [1637698925.0], 'SubmitTimes': [1637685388.0], 'JobIds': ['77212218.0'], 'EndTimes': [1637700263.0], 'Restarts': 0, 'RecordedSite': True, 'State': 'finished', 'ResidentSetSize': [1385328], 'TotalUserCpuTimeHistory': [867], 'SiteHistory': ['Unknown', 'T2_US_MIT', 'T2_US_MIT'], 'TotalSysCpuTimeHistory': [9]}, '119': {'Retries': 0, 'WallDurations': [0, 0.7635118961334229, 12629.0], 'StartTimes': [1637698935.0], 'SubmitTimes': [1637685397.0], 'JobIds': ['77212256.0'], 'EndTimes': [], 'Restarts': 0, 'RecordedSite': True, 'State': 'running', 'ResidentSetSize': [1514864], 'TotalUserCpuTimeHistory': [3863.0], 'SiteHistory': ['Unknown', 'T2_US_Purdue', 'T2_US_Purdue'], 'TotalSysCpuTimeHistory': [190.0]}, '118': {'Retries': 0, 'WallDurations': [0, 9.0, 3315.0], 'StartTimes': [1637698936.0], 'SubmitTimes': [1637685397.0], 'JobIds': ['77212255.0'], 'EndTimes': [], 'Restarts': 0, 'RecordedSite': True, 'State': 'running', 'ResidentSetSize': [1509204], 'TotalUserCpuTimeHistory': [1441.0], 'SiteHistory': ['Unknown', 'T2_US_Purdue', 'T2_US_Purdue'], 'TotalSysCpuTimeHistory': [38.0]}, '84': {'Retries': 0, 'WallDurations': [0, 3.763511896133423, 28520.0], 'StartTimes': [1637698932.0], 'SubmitTimes': [1637685388.0], 'JobIds': ['77212221.0'], 'EndTimes': [1637727452.0], 'Restarts': 0, 'RecordedSite': True, 'State': 'transferring', 'ResidentSetSize': [1487200], 'TotalUserCpuTimeHistory': [7622], 'SiteHistory': ['Unknown', 'T2_US_Purdue', 'T2_US_Purdue'], 'TotalSysCpuTimeHistory': [534]}, '85': {'Retries': 0, 'WallDurations': [0, 9.0, 25266.0], 'StartTimes': [1637698937.0], 'SubmitTimes': [1637685388.0], 'JobIds': ['77212222.0'], 'EndTimes': [1637724203.0], 'Restarts': 0, 'RecordedSite': True, 'State': 'finished', 'ResidentSetSize': [1464884], 'TotalUserCpuTimeHistory': [9099], 'SiteHistory': ['Unknown', 'T2_US_UCSD', 'T2_US_UCSD'], 'TotalSysCpuTimeHistory': [635]}, '3': {'Retries': 0, 'WallDurations': [0, 2.763511896133423, 6196.0, 0, 6467.0], 'StartTimes': [1637698933.0, 1637705715.0], 'SubmitTimes': [1637685368.0, -1], 'JobIds': ['77212141.0', '77212141.0'], 'EndTimes': [1637705129.0, 1637712182.0], 'Restarts': 1, 'RecordedSite': True, 'State': 'finished', 'ResidentSetSize': [1436184, 1500000], 'TotalUserCpuTimeHistory': [3273.0, 9335], 'SiteHistory': ['Unknown', 'T2_US_MIT', 'T2_US_MIT', 'Unknown', 'T2_US_MIT'], 'TotalSysCpuTimeHistory': [267.0, 485]}, '7': {'Retries': 0, 'WallDurations': [9.0, 118.41761803627014, 23332.0], 'StartTimes': [1637696416.0], 'SubmitTimes': [1637685369.0], 'JobIds': ['77212145.0'], 'EndTimes': [1637719748.0], 'Restarts': 0, 'RecordedSite': True, 'State': 'finished', 'ResidentSetSize': [1439692], 'TotalUserCpuTimeHistory': [8291], 'SiteHistory': ['Unknown', 'T2_US_Nebraska', 'T2_US_Nebraska'], 'TotalSysCpuTimeHistory': [522]}, '108': {'Retries': 0, 'WallDurations': [0, 3.763511896133423, 2415.0], 'StartTimes': [1637698932.0], 'SubmitTimes': [1637685391.0], 'JobIds': ['77212245.0'], 'EndTimes': [1637701347.0], 'Restarts': 0, 'RecordedSite': True, 'State': 'finished', 'ResidentSetSize': [1456564], 'TotalUserCpuTimeHistory': [2221], 'SiteHistory': ['Unknown', 'T2_US_MIT', 'T2_US_MIT'], 'TotalSysCpuTimeHistory': [127]}, '109': {'Retries': 0, 'WallDurations': [0, 5.763511896133423, 7158.0], 'StartTimes': [1637698930.0], 'SubmitTimes': [1637685391.0], 'JobIds': ['77212246.0'], 'EndTimes': [1637706088.0], 'Restarts': 0, 'RecordedSite': True, 'State': 'finished', 'ResidentSetSize': [1423808], 'TotalUserCpuTimeHistory': [6689], 'SiteHistory': ['Unknown', 'T2_US_MIT', 'T2_US_MIT'], 'TotalSysCpuTimeHistory': [262]}, '102': {'Retries': 0, 'WallDurations': [0, 3.763511896133423, 25553.0], 'StartTimes': [1637698932.0], 'SubmitTimes': [1637685390.0], 'JobIds': ['77212239.0'], 'EndTimes': [], 'Restarts': 0, 'RecordedSite': True, 'State': 'running', 'ResidentSetSize': [1465588], 'TotalUserCpuTimeHistory': [5286.0], 'SiteHistory': ['Unknown', 'T2_US_MIT', 'T2_US_MIT'], 'TotalSysCpuTimeHistory': [305.0]}, '103': {'Retries': 0, 'WallDurations': [0, 3.763511896133423, 27797.0, 0, 20.721932888031006], 'StartTimes': [1637698932.0, 1637728740.0], 'SubmitTimes': [1637685390.0, -1], 'JobIds': ['77212240.0', '77212240.0'], 'EndTimes': [1637726729.0], 'Restarts': 1, 'RecordedSite': True, 'State': 'running', 'ResidentSetSize': [1442456, 0], 'TotalUserCpuTimeHistory': [3928.0, 0.0], 'SiteHistory': ['Unknown', 'T2_US_MIT', 'T2_US_MIT', 'Unknown', 'T2_US_Nebraska'], 'TotalSysCpuTimeHistory': [143.0, 0.0]}, '100': {'Retries': 0, 'WallDurations': [0, 9.0, 13362.0, 0, 4824.0], 'StartTimes': [1637698959.0, 1637713301.0], 'SubmitTimes': [1637685390.0, -1], 'JobIds': ['77212237.0', '77212237.0'], 'EndTimes': [1637712321.0], 'Restarts': 1, 'RecordedSite': True, 'State': 'running', 'ResidentSetSize': [1539360, 1750000], 'TotalUserCpuTimeHistory': [2181.0, 1520.0], 'SiteHistory': ['Unknown', 'T2_US_MIT', 'T2_US_MIT', 'Unknown', 'T2_US_MIT'], 'TotalSysCpuTimeHistory': [99.0, 49.0]}, '101': {'Retries': 0, 'WallDurations': [0, 9.0, 1212.0], 'StartTimes': [1637698947.0], 'SubmitTimes': [1637685390.0], 'JobIds': ['77212238.0'], 'EndTimes': [], 'Restarts': 0, 'RecordedSite': True, 'State': 'running', 'ResidentSetSize': [1510152], 'TotalUserCpuTimeHistory': [1037.0], 'SiteHistory': ['Unknown', 'T2_US_UCSD', 'T2_US_UCSD'], 'TotalSysCpuTimeHistory': [27.0]}, '106': {'Retries': 0, 'WallDurations': [0, 9.0, 3952.0], 'StartTimes': [1637698942.0], 'SubmitTimes': [1637685391.0], 'JobIds': ['77212243.0'], 'EndTimes': [1637702894.0], 'Restarts': 0, 'RecordedSite': True, 'State': 'finished', 'ResidentSetSize': [1390612], 'TotalUserCpuTimeHistory': [2944], 'SiteHistory': ['Unknown', 'T2_US_MIT', 'T2_US_MIT'], 'TotalSysCpuTimeHistory': [1335]}, '107': {'Retries': 0, 'WallDurations': [0, 3.763511896133423, 10042.0], 'StartTimes': [1637698932.0], 'SubmitTimes': [1637685391.0], 'JobIds': ['77212244.0'], 'EndTimes': [1637708974.0], 'Restarts': 0, 'RecordedSite': True, 'State': 'finished', 'ResidentSetSize': [1481392], 'TotalUserCpuTimeHistory': [9053], 'SiteHistory': ['Unknown', 'T2_US_MIT', 'T2_US_MIT'], 'TotalSysCpuTimeHistory': [667]}, '104': {'Retries': 0, 'WallDurations': [0, 5.763511896133423, 1764.0], 'StartTimes': [1637698930.0], 'SubmitTimes': [1637685391.0], 'JobIds': ['77212241.0'], 'EndTimes': [1637700694.0], 'Restarts': 0, 'RecordedSite': True, 'State': 'finished', 'ResidentSetSize': [1413748], 'TotalUserCpuTimeHistory': [1009], 'SiteHistory': ['Unknown', 'T2_US_MIT', 'T2_US_MIT'], 'TotalSysCpuTimeHistory': [8]}, '105': {'Retries': 0, 'WallDurations': [0, 9.0, 1508.0], 'StartTimes': [1637698941.0], 'SubmitTimes': [1637685391.0], 'JobIds': ['77212242.0'], 'EndTimes': [1637700449.0], 'Restarts': 0, 'RecordedSite': True, 'State': 'finished', 'ResidentSetSize': [1351468], 'TotalUserCpuTimeHistory': [1401], 'SiteHistory': ['Unknown', 'T2_US_MIT', 'T2_US_MIT'], 'TotalSysCpuTimeHistory': [58]}, '39': {'Retries': 0, 'WallDurations': [0, 6.763511896133423, 22412.0], 'StartTimes': [1637698929.0], 'SubmitTimes': [1637685378.0], 'JobIds': ['77212176.0'], 'EndTimes': [1637721341.0], 'Restarts': 0, 'RecordedSite': True, 'State': 'finished', 'ResidentSetSize': [1493576], 'TotalUserCpuTimeHistory': [7378], 'SiteHistory': ['Unknown', 'T2_US_Purdue', 'T2_US_Purdue'], 'TotalSysCpuTimeHistory': [401]}, '38': {'Retries': 0, 'WallDurations': [8.0, 10.763511896133423, 23258.0], 'StartTimes': [1637698925.0], 'SubmitTimes': [1637685378.0], 'JobIds': ['77212175.0'], 'EndTimes': [1637722183.0], 'Restarts': 0, 'RecordedSite': True, 'State': 'finished', 'ResidentSetSize': [1521980], 'TotalUserCpuTimeHistory': [7821], 'SiteHistory': ['Unknown', 'T2_US_MIT', 'T2_US_MIT'], 'TotalSysCpuTimeHistory': [704]}, '33': {'Retries': 0, 'WallDurations': [9.0, 16.763511896133423, 29461.0], 'StartTimes': [1637698919.0], 'SubmitTimes': [1637685377.0], 'JobIds': ['77212171.0'], 'EndTimes': [], 'Restarts': 0, 'RecordedSite': True, 'State': 'running', 'ResidentSetSize': [1451344], 'TotalUserCpuTimeHistory': [11107.0], 'SiteHistory': ['Unknown', 'T2_US_MIT', 'T2_US_MIT'], 'TotalSysCpuTimeHistory': [695.0]}, '32': {'Retries': 0, 'WallDurations': [9.0, 15.763511896133423, 13438.0, 0, 12332.0], 'StartTimes': [1637698920.0, 1637712872.0], 'SubmitTimes': [1637685377.0, -1], 'JobIds': ['77212170.0', '77212170.0'], 'EndTimes': [1637712358.0], 'Restarts': 1, 'RecordedSite': True, 'State': 'running', 'ResidentSetSize': [1542084, 1750000], 'TotalUserCpuTimeHistory': [4419.0, 11021.0], 'SiteHistory': ['Unknown', 'T2_US_MIT', 'T2_US_MIT', 'Unknown', 'T2_US_Nebraska'], 'TotalSysCpuTimeHistory': [263.0, 685.0]}, '31': {'Retries': 0, 'WallDurations': [8.0, 15.763511896133423, 1509.0], 'StartTimes': [1637698920.0], 'SubmitTimes': [1637685377.0], 'JobIds': ['77212169.0'], 'EndTimes': [], 'Restarts': 0, 'RecordedSite': True, 'State': 'running', 'ResidentSetSize': [1511536], 'TotalUserCpuTimeHistory': [1067.0], 'SiteHistory': ['Unknown', 'T2_US_MIT', 'T2_US_MIT'], 'TotalSysCpuTimeHistory': [15.0]}, '30': {'Retries': 0, 'WallDurations': [8.0, 16.763511896133423, 26760.0], 'StartTimes': [1637698919.0], 'SubmitTimes': [1637685377.0], 'JobIds': ['77212168.0'], 'EndTimes': [], 'Restarts': 0, 'RecordedSite': True, 'State': 'running', 'ResidentSetSize': [1494672], 'TotalUserCpuTimeHistory': [7493.0], 'SiteHistory': ['Unknown', 'T2_US_MIT', 'T2_US_MIT'], 'TotalSysCpuTimeHistory': [429.0]}, '37': {'Retries': 0, 'WallDurations': [9.0, 16.763511896133423, 22630.0], 'StartTimes': [1637698919.0], 'SubmitTimes': [1637685377.0], 'JobIds': ['77212174.0'], 'EndTimes': [1637721549.0], 'Restarts': 0, 'RecordedSite': True, 'State': 'finished', 'ResidentSetSize': [1467412], 'TotalUserCpuTimeHistory': [8483], 'SiteHistory': ['Unknown', 'T2_US_MIT', 'T2_US_MIT'], 'TotalSysCpuTimeHistory': [362]}, '36': {'Retries': 0, 'WallDurations': [8.0, 16.763511896133423, 6439.0], 'StartTimes': [1637698919.0], 'SubmitTimes': [1637685377.0], 'JobIds': ['77212173.0'], 'EndTimes': [1637705358.0], 'Restarts': 0, 'RecordedSite': True, 'State': 'finished', 'ResidentSetSize': [1362768], 'TotalUserCpuTimeHistory': [2061], 'SiteHistory': ['Unknown', 'T2_US_MIT', 'T2_US_MIT'], 'TotalSysCpuTimeHistory': [69]}, '35': {'Retries': 0, 'WallDurations': [9.0, 12.763511896133423, 23148.0], 'StartTimes': [1637698923.0], 'SubmitTimes': [1637685377.0], 'JobIds': ['77212172.0'], 'EndTimes': [], 'Restarts': 0, 'RecordedSite': True, 'State': 'running', 'ResidentSetSize': [1505240], 'TotalUserCpuTimeHistory': [4815.0], 'SiteHistory': ['Unknown', 'T2_US_UCSD', 'T2_US_UCSD'], 'TotalSysCpuTimeHistory': [495.0]}, '34': {'Retries': 0, 'WallDurations': [0, 1.7635118961334229, 2113.0], 'StartTimes': [1637698934.0], 'SubmitTimes': [1637685397.0], 'JobIds': ['77212257.0'], 'EndTimes': [], 'Restarts': 0, 'RecordedSite': True, 'State': 'running', 'ResidentSetSize': [1549272], 'TotalUserCpuTimeHistory': [1555.0], 'SiteHistory': ['Unknown', 'T2_US_MIT', 'T2_US_MIT'], 'TotalSysCpuTimeHistory': [37.0]}, '60': {'Retries': 0, 'WallDurations': [8.0, 8.763511896133423, 30040.0], 'StartTimes': [1637698927.0], 'SubmitTimes': [1637685380.0], 'JobIds': ['77212197.0'], 'EndTimes': [1637728967.0], 'Restarts': 0, 'RecordedSite': True, 'State': 'transferring', 'ResidentSetSize': [1485056], 'TotalUserCpuTimeHistory': [6663], 'SiteHistory': ['Unknown', 'T2_US_MIT', 'T2_US_MIT'], 'TotalSysCpuTimeHistory': [334]}, '61': {'Retries': 0, 'WallDurations': [0, 3.763511896133423, 5116.0], 'StartTimes': [1637698932.0], 'SubmitTimes': [1637685380.0], 'JobIds': ['77212198.0'], 'EndTimes': [], 'Restarts': 0, 'RecordedSite': True, 'State': 'running', 'ResidentSetSize': [1494640], 'TotalUserCpuTimeHistory': [1520.0], 'SiteHistory': ['Unknown', 'T2_US_MIT', 'T2_US_MIT'], 'TotalSysCpuTimeHistory': [43.0]}, '62': {'Retries': 0, 'WallDurations': [0, 8.0, 12327.0], 'StartTimes': [1637698947.0], 'SubmitTimes': [1637685381.0], 'JobIds': ['77212199.0'], 'EndTimes': [], 'Restarts': 0, 'RecordedSite': True, 'State': 'running', 'ResidentSetSize': [1546172], 'TotalUserCpuTimeHistory': [2349.0], 'SiteHistory': ['Unknown', 'T2_US_UCSD', 'T2_US_UCSD'], 'TotalSysCpuTimeHistory': [106.0]}, '63': {'Retries': 0, 'WallDurations': [0, 8.763511896133423, 12631.0], 'StartTimes': [1637698927.0], 'SubmitTimes': [1637685386.0], 'JobIds': ['77212200.0'], 'EndTimes': [], 'Restarts': 0, 'RecordedSite': True, 'State': 'running', 'ResidentSetSize': [1477900], 'TotalUserCpuTimeHistory': [2858.0], 'SiteHistory': ['Unknown', 'T2_US_MIT', 'T2_US_MIT'], 'TotalSysCpuTimeHistory': [131.0]}, '64': {'Retries': 0, 'WallDurations': [0, 8.763511896133423, 9739.0], 'StartTimes': [1637698927.0], 'SubmitTimes': [1637685386.0], 'JobIds': ['77212201.0'], 'EndTimes': [1637708666.0], 'Restarts': 0, 'RecordedSite': True, 'State': 'finished', 'ResidentSetSize': [1520324], 'TotalUserCpuTimeHistory': [9000], 'SiteHistory': ['Unknown', 'T2_US_UCSD', 'T2_US_UCSD'], 'TotalSysCpuTimeHistory': [488]}, '65': {'Retries': 0, 'WallDurations': [0, 8.0, 2714.0], 'StartTimes': [1637698938.0], 'SubmitTimes': [1637685386.0], 'JobIds': ['77212202.0'], 'EndTimes': [], 'Restarts': 0, 'RecordedSite': True, 'State': 'running', 'ResidentSetSize': [1459984], 'TotalUserCpuTimeHistory': [1208.0], 'SiteHistory': ['Unknown', 'T2_US_MIT', 'T2_US_MIT'], 'TotalSysCpuTimeHistory': [30.0]}, '66': {'Retries': 0, 'WallDurations': [8.0, 9.763511896133423, 1509.0], 'StartTimes': [1637698926.0], 'SubmitTimes': [1637685386.0], 'JobIds': ['77212203.0'], 'EndTimes': [], 'Restarts': 0, 'RecordedSite': True, 'State': 'running', 'ResidentSetSize': [1465076], 'TotalUserCpuTimeHistory': [945.0], 'SiteHistory': ['Unknown', 'T2_US_MIT', 'T2_US_MIT'], 'TotalSysCpuTimeHistory': [10.0]}, '67': {'Retries': 0, 'WallDurations': [0, 8.0, 18040.0], 'StartTimes': [1637698947.0], 'SubmitTimes': [1637685386.0], 'JobIds': ['77212204.0'], 'EndTimes': [], 'Restarts': 0, 'RecordedSite': True, 'State': 'running', 'ResidentSetSize': [1422632], 'TotalUserCpuTimeHistory': [4050.0], 'SiteHistory': ['Unknown', 'T2_US_MIT', 'T2_US_MIT'], 'TotalSysCpuTimeHistory': [124.0]}, '68': {'Retries': 0, 'WallDurations': [8.0, 8.763511896133423, 24049.0], 'StartTimes': [1637698927.0], 'SubmitTimes': [1637685386.0], 'JobIds': ['77212205.0'], 'EndTimes': [], 'Restarts': 0, 'RecordedSite': True, 'State': 'running', 'ResidentSetSize': [1430844], 'TotalUserCpuTimeHistory': [5862.0], 'SiteHistory': ['Unknown', 'T2_US_MIT', 'T2_US_MIT'], 'TotalSysCpuTimeHistory': [342.0]}, '69': {'Retries': 0, 'WallDurations': [0, 8.0, 3314.0], 'StartTimes': [1637698945.0], 'SubmitTimes': [1637685386.0], 'JobIds': ['77212206.0'], 'EndTimes': [], 'Restarts': 0, 'RecordedSite': True, 'State': 'running', 'ResidentSetSize': [1540804], 'TotalUserCpuTimeHistory': [1247.0], 'SiteHistory': ['Unknown', 'T2_US_MIT', 'T2_US_MIT'], 'TotalSysCpuTimeHistory': [23.0]}, '2': {'Retries': 0, 'WallDurations': [0, 8.0, 2705.0], 'StartTimes': [1637698938.0], 'SubmitTimes': [1637685368.0], 'JobIds': ['77212140.0'], 'EndTimes': [1637701643.0], 'Restarts': 0, 'RecordedSite': True, 'State': 'finished', 'ResidentSetSize': [1438416], 'TotalUserCpuTimeHistory': [2515], 'SiteHistory': ['Unknown', 'T2_US_MIT', 'T2_US_MIT'], 'TotalSysCpuTimeHistory': [60]}, '6': {'Retries': 0, 'WallDurations': [9.0, 72.7875509262085, 17755.0], 'StartTimes': [1637695261.0], 'SubmitTimes': [1637685369.0], 'JobIds': ['77212144.0'], 'EndTimes': [1637713016.0], 'Restarts': 0, 'RecordedSite': True, 'State': 'finished', 'ResidentSetSize': [1485532], 'TotalUserCpuTimeHistory': [4533], 'SiteHistory': ['Unknown', 'T2_US_Nebraska', 'T2_US_Nebraska'], 'TotalSysCpuTimeHistory': [344]}, '99': {'Retries': 0, 'WallDurations': [0, 4.763511896133423, 13400.0, 0, 7822.0], 'StartTimes': [1637698931.0, 1637713039.0], 'SubmitTimes': [1637685390.0, -1], 'JobIds': ['77212236.0', '77212236.0'], 'EndTimes': [1637712331.0], 'Restarts': 1, 'RecordedSite': True, 'State': 'running', 'ResidentSetSize': [1501768, 1750000], 'TotalUserCpuTimeHistory': [2443.0, 6141.0], 'SiteHistory': ['Unknown', 'T2_US_MIT', 'T2_US_MIT', 'Unknown', 'T2_US_Nebraska'], 'TotalSysCpuTimeHistory': [124.0, 334.0]}, '98': {'Retries': 0, 'WallDurations': [0, 6.763511896133423, 12635.0], 'StartTimes': [1637698929.0], 'SubmitTimes': [1637685390.0], 'JobIds': ['77212235.0'], 'EndTimes': [], 'Restarts': 0, 'RecordedSite': True, 'State': 'running', 'ResidentSetSize': [1479040], 'TotalUserCpuTimeHistory': [2660.0], 'SiteHistory': ['Unknown', 'T2_US_MIT', 'T2_US_MIT'], 'TotalSysCpuTimeHistory': [122.0]}, '91': {'Retries': 0, 'WallDurations': [0, 8.0, 15160.0], 'StartTimes': [1637698952.0], 'SubmitTimes': [1637685389.0], 'JobIds': ['77212228.0'], 'EndTimes': [1637714112.0], 'Restarts': 0, 'RecordedSite': True, 'State': 'finished', 'ResidentSetSize': [1546152], 'TotalUserCpuTimeHistory': [14015], 'SiteHistory': ['Unknown', 'T2_US_UCSD', 'T2_US_UCSD'], 'TotalSysCpuTimeHistory': [744]}, '90': {'Retries': 0, 'WallDurations': [0, 0.7635118961334229, 13230.0], 'StartTimes': [1637698935.0], 'SubmitTimes': [1637685389.0], 'JobIds': ['77212227.0'], 'EndTimes': [1637712165.0], 'Restarts': 0, 'RecordedSite': True, 'State': 'finished', 'ResidentSetSize': [1550152], 'TotalUserCpuTimeHistory': [12212], 'SiteHistory': ['Unknown', 'T2_US_UCSD', 'T2_US_UCSD'], 'TotalSysCpuTimeHistory': [691]}, '93': {'Retries': 0, 'WallDurations': [0, 5.763511896133423, 29464.0], 'StartTimes': [1637698930.0], 'SubmitTimes': [1637685389.0], 'JobIds': ['77212230.0'], 'EndTimes': [], 'Restarts': 0, 'RecordedSite': True, 'State': 'running', 'ResidentSetSize': [1469152], 'TotalUserCpuTimeHistory': [6203.0], 'SiteHistory': ['Unknown', 'T2_US_MIT', 'T2_US_MIT'], 'TotalSysCpuTimeHistory': [355.0]}, '92': {'Retries': 0, 'WallDurations': [0, 3.763511896133423, 5121.0], 'StartTimes': [1637698932.0], 'SubmitTimes': [1637685389.0], 'JobIds': ['77212229.0'], 'EndTimes': [], 'Restarts': 0, 'RecordedSite': True, 'State': 'running', 'ResidentSetSize': [1485836], 'TotalUserCpuTimeHistory': [1580.0], 'SiteHistory': ['Unknown', 'T2_US_MIT', 'T2_US_MIT'], 'TotalSysCpuTimeHistory': [44.0]}, '95': {'Retries': 0, 'WallDurations': [0, 5.763511896133423, 2718.0], 'StartTimes': [1637698930.0], 'SubmitTimes': [1637685389.0], 'JobIds': ['77212232.0'], 'EndTimes': [], 'Restarts': 0, 'RecordedSite': True, 'State': 'running', 'ResidentSetSize': [1548004], 'TotalUserCpuTimeHistory': [1244.0], 'SiteHistory': ['Unknown', 'T2_US_MIT', 'T2_US_MIT'], 'TotalSysCpuTimeHistory': [24.0]}, '94': {'Retries': 0, 'WallDurations': [0, 5.763511896133423, 2410.0], 'StartTimes': [1637698930.0], 'SubmitTimes': [1637685389.0], 'JobIds': ['77212231.0'], 'EndTimes': [], 'Restarts': 0, 'RecordedSite': True, 'State': 'running', 'ResidentSetSize': [1546884], 'TotalUserCpuTimeHistory': [1183.0], 'SiteHistory': ['Unknown', 'T2_US_MIT', 'T2_US_MIT'], 'TotalSysCpuTimeHistory': [30.0]}, '97': {'Retries': 0, 'WallDurations': [0, 0.7635118961334229, 3614.0], 'StartTimes': [1637698935.0], 'SubmitTimes': [1637685390.0], 'JobIds': ['77212234.0'], 'EndTimes': [], 'Restarts': 0, 'RecordedSite': True, 'State': 'running', 'ResidentSetSize': [1488708], 'TotalUserCpuTimeHistory': [1087.0], 'SiteHistory': ['Unknown', 'T2_US_MIT', 'T2_US_MIT'], 'TotalSysCpuTimeHistory': [15.0]}, '96': {'Retries': 0, 'WallDurations': [0, 3.763511896133423, 13181.0], 'StartTimes': [1637698932.0], 'SubmitTimes': [1637685390.0], 'JobIds': ['77212233.0'], 'EndTimes': [1637712113.0], 'Restarts': 0, 'RecordedSite': True, 'State': 'finished', 'ResidentSetSize': [1543608], 'TotalUserCpuTimeHistory': [12191], 'SiteHistory': ['Unknown', 'T2_US_UCSD', 'T2_US_UCSD'], 'TotalSysCpuTimeHistory': [680]}, '11': {'Retries': 0, 'WallDurations': [9.0, 143.0469470024109, 3014.0], 'StartTimes': [1637697592.0], 'SubmitTimes': [1637685369.0], 'JobIds': ['77212149.0'], 'EndTimes': [], 'Restarts': 0, 'RecordedSite': True, 'State': 'running', 'ResidentSetSize': [1544456], 'TotalUserCpuTimeHistory': [1651.0], 'SiteHistory': ['Unknown', 'T2_US_Nebraska', 'T2_US_Nebraska'], 'TotalSysCpuTimeHistory': [52.0]}, '10': {'Retries': 0, 'WallDurations': [9.0, 192.72907900810242, 29724.0], 'StartTimes': [1637696942.0], 'SubmitTimes': [1637685369.0], 'JobIds': ['77212148.0'], 'EndTimes': [1637726666.0], 'Restarts': 0, 'RecordedSite': True, 'State': 'finished', 'ResidentSetSize': [1507420], 'TotalUserCpuTimeHistory': [6460], 'SiteHistory': ['Unknown', 'T2_US_Nebraska', 'T2_US_Nebraska'], 'TotalSysCpuTimeHistory': [529]}, '13': {'Retries': 0, 'WallDurations': [9.0, 232.36989307403564, 3072.0], 'StartTimes': [1637698103.0], 'SubmitTimes': [1637685370.0], 'JobIds': ['77212151.0'], 'EndTimes': [1637701175.0], 'Restarts': 0, 'RecordedSite': True, 'State': 'finished', 'ResidentSetSize': [1402248], 'TotalUserCpuTimeHistory': [1812], 'SiteHistory': ['Unknown', 'T2_US_Nebraska', 'T2_US_Nebraska'], 'TotalSysCpuTimeHistory': [60]}, '12': {'Retries': 0, 'WallDurations': [10.0, 46.20875096321106, 4079.0], 'StartTimes': [1637697989.0], 'SubmitTimes': [1637685370.0], 'JobIds': ['77212150.0'], 'EndTimes': [1637702068.0], 'Restarts': 0, 'RecordedSite': True, 'State': 'finished', 'ResidentSetSize': [1434252], 'TotalUserCpuTimeHistory': [1792], 'SiteHistory': ['Unknown', 'T2_US_Nebraska', 'T2_US_Nebraska'], 'TotalSysCpuTimeHistory': [69]}, '15': {'Retries': 0, 'WallDurations': [0, 9.0, 7081.0], 'StartTimes': [1637698947.0], 'SubmitTimes': [1637685375.0], 'JobIds': ['77212153.0'], 'EndTimes': [1637706028.0], 'Restarts': 0, 'RecordedSite': True, 'State': 'finished', 'ResidentSetSize': [1440820], 'TotalUserCpuTimeHistory': [6629], 'SiteHistory': ['Unknown', 'T2_US_MIT', 'T2_US_MIT'], 'TotalSysCpuTimeHistory': [263]}, '14': {'Retries': 0, 'WallDurations': [9.0, 15.763511896133423, 5671.0], 'StartTimes': [1637698920.0], 'SubmitTimes': [1637685375.0], 'JobIds': ['77212152.0'], 'EndTimes': [1637704591.0], 'Restarts': 0, 'RecordedSite': True, 'State': 'finished', 'ResidentSetSize': [1401472], 'TotalUserCpuTimeHistory': [2359], 'SiteHistory': ['Unknown', 'T2_US_MIT', 'T2_US_MIT'], 'TotalSysCpuTimeHistory': [117]}, '17': {'Retries': 0, 'WallDurations': [8.0, 14.763511896133423, 8999.0], 'StartTimes': [1637698921.0], 'SubmitTimes': [1637685375.0], 'JobIds': ['77212155.0'], 'EndTimes': [1637707920.0], 'Restarts': 0, 'RecordedSite': True, 'State': 'finished', 'ResidentSetSize': [1504076], 'TotalUserCpuTimeHistory': [8385], 'SiteHistory': ['Unknown', 'T2_US_MIT', 'T2_US_MIT'], 'TotalSysCpuTimeHistory': [279]}, '16': {'Retries': 0, 'WallDurations': [8.0, 16.763511896133423, 3654.0], 'StartTimes': [1637698919.0], 'SubmitTimes': [1637685375.0], 'JobIds': ['77212154.0'], 'EndTimes': [1637702573.0], 'Restarts': 0, 'RecordedSite': True, 'State': 'finished', 'ResidentSetSize': [1398372], 'TotalUserCpuTimeHistory': [3386], 'SiteHistory': ['Unknown', 'T2_US_MIT', 'T2_US_MIT'], 'TotalSysCpuTimeHistory': [141]}, '19': {'Retries': 0, 'WallDurations': [10.0, 10.763511896133423, 1532.0], 'StartTimes': [1637698925.0], 'SubmitTimes': [1637685376.0], 'JobIds': ['77212157.0'], 'EndTimes': [1637700457.0], 'Restarts': 0, 'RecordedSite': True, 'State': 'finished', 'ResidentSetSize': [1441596], 'TotalUserCpuTimeHistory': [1097], 'SiteHistory': ['Unknown', 'T2_US_MIT', 'T2_US_MIT'], 'TotalSysCpuTimeHistory': [18]}, '18': {'Retries': 0, 'WallDurations': [9.0, 16.763511896133423, 5798.0], 'StartTimes': [1637698919.0], 'SubmitTimes': [1637685375.0], 'JobIds': ['77212156.0'], 'EndTimes': [1637704717.0], 'Restarts': 0, 'RecordedSite': True, 'State': 'finished', 'ResidentSetSize': [1444260], 'TotalUserCpuTimeHistory': [2508], 'SiteHistory': ['Unknown', 'T2_US_MIT', 'T2_US_MIT'], 'TotalSysCpuTimeHistory': [107]}, '117': {'Retries': 0, 'WallDurations': [0, 9.0, 13366.0, 0, 13417.0, 0], 'StartTimes': [1637698955.0, 1637713312.0], 'SubmitTimes': [1637685397.0, -1, -1], 'JobIds': ['77212254.0', '77212254.0', '77212254.0'], 'EndTimes': [1637712321.0, 1637726729.0], 'Restarts': 2, 'RecordedSite': True, 'State': 'idle', 'ResidentSetSize': [1514920, 1750000, 0], 'TotalUserCpuTimeHistory': [2967.0, 4638.0, 4638.0], 'SiteHistory': ['Unknown', 'T2_US_MIT', 'T2_US_MIT', 'Unknown', 'T2_US_MIT', 'Unknown'], 'TotalSysCpuTimeHistory': [147.0, 172.0, 172.0]}, '116': {'Retries': 0, 'WallDurations': [0, 1.7635118961334229, 23303.0], 'StartTimes': [1637698934.0], 'SubmitTimes': [1637685397.0], 'JobIds': ['77212253.0'], 'EndTimes': [1637722237.0], 'Restarts': 0, 'RecordedSite': True, 'State': 'finished', 'ResidentSetSize': [1487892], 'TotalUserCpuTimeHistory': [6278], 'SiteHistory': ['Unknown', 'T2_US_MIT', 'T2_US_MIT'], 'TotalSysCpuTimeHistory': [328]}, '48': {'Retries': 0, 'WallDurations': [8.0, 12.763511896133423, 6196.0, 0, 2115.0], 'StartTimes': [1637698923.0, 1637705322.0], 'SubmitTimes': [1637685379.0, -1], 'JobIds': ['77212185.0', '77212185.0'], 'EndTimes': [1637705119.0], 'Restarts': 1, 'RecordedSite': True, 'State': 'running', 'ResidentSetSize': [1471568, 1500000], 'TotalUserCpuTimeHistory': [1522.0, 1243.0], 'SiteHistory': ['Unknown', 'T2_US_MIT', 'T2_US_MIT', 'Unknown', 'T2_US_Nebraska'], 'TotalSysCpuTimeHistory': [61.0, 43.0]}, '49': {'Retries': 0, 'WallDurations': [9.0, 107.13013005256653, 2716.0], 'StartTimes': [1637699429.0], 'SubmitTimes': [1637685379.0], 'JobIds': ['77212186.0'], 'EndTimes': [], 'Restarts': 0, 'RecordedSite': True, 'State': 'running', 'ResidentSetSize': [1458004], 'TotalUserCpuTimeHistory': [1195.0], 'SiteHistory': ['Unknown', 'T2_US_MIT', 'T2_US_MIT'], 'TotalSysCpuTimeHistory': [31.0]}, '46': {'Retries': 0, 'WallDurations': [9.0, 15.763511896133423, 1511.0], 'StartTimes': [1637698920.0], 'SubmitTimes': [1637685378.0], 'JobIds': ['77212183.0'], 'EndTimes': [], 'Restarts': 0, 'RecordedSite': True, 'State': 'running', 'ResidentSetSize': [1463096], 'TotalUserCpuTimeHistory': [1156.0], 'SiteHistory': ['Unknown', 'T2_US_MIT', 'T2_US_MIT'], 'TotalSysCpuTimeHistory': [18.0]}, '86': {'Retries': 0, 'WallDurations': [0, 7.763511896133423, 6201.0, 0, 19737.0], 'StartTimes': [1637698928.0, 1637705361.0], 'SubmitTimes': [1637685388.0, -1], 'JobIds': ['77212223.0', '77212223.0'], 'EndTimes': [1637705129.0, 1637725098.0], 'Restarts': 1, 'RecordedSite': True, 'State': 'finished', 'ResidentSetSize': [1450288, 1509936], 'TotalUserCpuTimeHistory': [1779.0, 8342], 'SiteHistory': ['Unknown', 'T2_US_MIT', 'T2_US_MIT', 'Unknown', 'T2_US_MIT'], 'TotalSysCpuTimeHistory': [105.0, 481]}, '44': {'Retries': 0, 'WallDurations': [8.0, 12.763511896133423, 27055.0], 'StartTimes': [1637698923.0], 'SubmitTimes': [1637685378.0], 'JobIds': ['77212181.0'], 'EndTimes': [], 'Restarts': 0, 'RecordedSite': True, 'State': 'running', 'ResidentSetSize': [1495900], 'TotalUserCpuTimeHistory': [5365.0], 'SiteHistory': ['Unknown', 'T2_US_UCSD', 'T2_US_UCSD'], 'TotalSysCpuTimeHistory': [572.0]}, '45': {'Retries': 0, 'WallDurations': [9.0, 17.763511896133423, 27219.0], 'StartTimes': [1637698918.0], 'SubmitTimes': [1637685378.0], 'JobIds': ['77212182.0'], 'EndTimes': [1637726137.0], 'Restarts': 0, 'RecordedSite': True, 'State': 'finished', 'ResidentSetSize': [1457700], 'TotalUserCpuTimeHistory': [7121], 'SiteHistory': ['Unknown', 'T2_US_MIT', 'T2_US_MIT'], 'TotalSysCpuTimeHistory': [339]}, '42': {'Retries': 0, 'WallDurations': [0, 6.763511896133423, 4515.0], 'StartTimes': [1637698929.0], 'SubmitTimes': [1637685378.0], 'JobIds': ['77212179.0'], 'EndTimes': [], 'Restarts': 0, 'RecordedSite': True, 'State': 'running', 'ResidentSetSize': [1539636], 'TotalUserCpuTimeHistory': [1347.0], 'SiteHistory': ['Unknown', 'T2_US_Purdue', 'T2_US_Purdue'], 'TotalSysCpuTimeHistory': [60.0]}, '43': {'Retries': 0, 'WallDurations': [9.0, 10.763511896133423, 1515.0], 'StartTimes': [1637698925.0], 'SubmitTimes': [1637685378.0], 'JobIds': ['77212180.0'], 'EndTimes': [], 'Restarts': 0, 'RecordedSite': True, 'State': 'running', 'ResidentSetSize': [1474444], 'TotalUserCpuTimeHistory': [1136.0], 'SiteHistory': ['Unknown', 'T2_US_MIT', 'T2_US_MIT'], 'TotalSysCpuTimeHistory': [20.0]}, '40': {'Retries': 0, 'WallDurations': [0, 7.763511896133423, 1210.0], 'StartTimes': [1637698928.0], 'SubmitTimes': [1637685378.0], 'JobIds': ['77212177.0'], 'EndTimes': [], 'Restarts': 0, 'RecordedSite': True, 'State': 'running', 'ResidentSetSize': [1488144], 'TotalUserCpuTimeHistory': [979.0], 'SiteHistory': ['Unknown', 'T2_US_MIT', 'T2_US_MIT'], 'TotalSysCpuTimeHistory': [20.0]}, '41': {'Retries': 0, 'WallDurations': [9.0, 20.763511896133423, 13390.0, 0, 8835.0], 'StartTimes': [1637698915.0, 1637713027.0], 'SubmitTimes': [1637685378.0, -1], 'JobIds': ['77212178.0', '77212178.0'], 'EndTimes': [1637712305.0, 1637721862.0], 'Restarts': 1, 'RecordedSite': True, 'State': 'finished', 'ResidentSetSize': [1549896, 1750000], 'TotalUserCpuTimeHistory': [3400.0, 10822], 'SiteHistory': ['Unknown', 'T2_US_MIT', 'T2_US_MIT', 'Unknown', 'T2_US_Nebraska'], 'TotalSysCpuTimeHistory': [118.0, 739]}, '1': {'Retries': 0, 'WallDurations': [9.0, 9.763511896133423, 9098.0], 'StartTimes': [1637698926.0], 'SubmitTimes': [1637685368.0], 'JobIds': ['77212139.0'], 'EndTimes': [1637708024.0], 'Restarts': 0, 'RecordedSite': True, 'State': 'finished', 'ResidentSetSize': [1431756], 'TotalUserCpuTimeHistory': [8494], 'SiteHistory': ['Unknown', 'T2_US_MIT', 'T2_US_MIT'], 'TotalSysCpuTimeHistory': [354]}, '5': {'Retries': 0, 'WallDurations': [0, 9.0, 2714.0], 'StartTimes': [1637698940.0], 'SubmitTimes': [1637685369.0], 'JobIds': ['77212143.0'], 'EndTimes': [1637701654.0], 'Restarts': 0, 'RecordedSite': True, 'State': 'finished', 'ResidentSetSize': [1437360], 'TotalUserCpuTimeHistory': [1160], 'SiteHistory': ['Unknown', 'T2_US_MIT', 'T2_US_MIT'], 'TotalSysCpuTimeHistory': [27]}, '9': {'Retries': 0, 'WallDurations': [9.0, 237.57289290428162, 24368.0], 'StartTimes': [1637696597.0], 'SubmitTimes': [1637685369.0], 'JobIds': ['77212147.0'], 'EndTimes': [1637720965.0], 'Restarts': 0, 'RecordedSite': True, 'State': 'finished', 'ResidentSetSize': [1502676], 'TotalUserCpuTimeHistory': [8502], 'SiteHistory': ['Unknown', 'T2_US_Nebraska', 'T2_US_Nebraska'], 'TotalSysCpuTimeHistory': [488]}, '77': {'Retries': 0, 'WallDurations': [9.0, 10.763511896133423, 7758.0], 'StartTimes': [1637698925.0], 'SubmitTimes': [1637685387.0], 'JobIds': ['77212214.0'], 'EndTimes': [1637706683.0], 'Restarts': 0, 'RecordedSite': True, 'State': 'finished', 'ResidentSetSize': [1471064], 'TotalUserCpuTimeHistory': [7136], 'SiteHistory': ['Unknown', 'T2_US_MIT', 'T2_US_MIT'], 'TotalSysCpuTimeHistory': [448]}, '76': {'Retries': 0, 'WallDurations': [9.0, 9.763511896133423, 10711.0], 'StartTimes': [1637698926.0], 'SubmitTimes': [1637685387.0], 'JobIds': ['77212213.0'], 'EndTimes': [1637709637.0], 'Restarts': 0, 'RecordedSite': True, 'State': 'finished', 'ResidentSetSize': [1500568], 'TotalUserCpuTimeHistory': [9677], 'SiteHistory': ['Unknown', 'T2_US_MIT', 'T2_US_MIT'], 'TotalSysCpuTimeHistory': [722]}, '75': {'Retries': 0, 'WallDurations': [9.0, 11.763511896133423, 2582.0], 'StartTimes': [1637698924.0], 'SubmitTimes': [1637685387.0], 'JobIds': ['77212212.0'], 'EndTimes': [1637701506.0], 'Restarts': 0, 'RecordedSite': True, 'State': 'finished', 'ResidentSetSize': [1393984], 'TotalUserCpuTimeHistory': [2403], 'SiteHistory': ['Unknown', 'T2_US_MIT', 'T2_US_MIT'], 'TotalSysCpuTimeHistory': [75]}, '74': {'Retries': 0, 'WallDurations': [9.0, 10.763511896133423, 1514.0], 'StartTimes': [1637698925.0], 'SubmitTimes': [1637685387.0], 'JobIds': ['77212211.0'], 'EndTimes': [], 'Restarts': 0, 'RecordedSite': True, 'State': 'running', 'ResidentSetSize': [1403552], 'TotalUserCpuTimeHistory': [885.0], 'SiteHistory': ['Unknown', 'T2_US_MIT', 'T2_US_MIT'], 'TotalSysCpuTimeHistory': [28.0]}, '73': {'Retries': 0, 'WallDurations': [0, 8.763511896133423, 7520.0], 'StartTimes': [1637698927.0], 'SubmitTimes': [1637685387.0], 'JobIds': ['77212210.0'], 'EndTimes': [], 'Restarts': 0, 'RecordedSite': True, 'State': 'running', 'ResidentSetSize': [1529388], 'TotalUserCpuTimeHistory': [1852.0], 'SiteHistory': ['Unknown', 'T2_US_MIT', 'T2_US_MIT'], 'TotalSysCpuTimeHistory': [96.0]}, '72': {'Retries': 0, 'WallDurations': [0, 7.763511896133423, 1508.0], 'StartTimes': [1637698928.0], 'SubmitTimes': [1637685387.0], 'JobIds': ['77212209.0'], 'EndTimes': [], 'Restarts': 0, 'RecordedSite': True, 'State': 'running', 'ResidentSetSize': [1488316], 'TotalUserCpuTimeHistory': [906.0], 'SiteHistory': ['Unknown', 'T2_US_MIT', 'T2_US_MIT'], 'TotalSysCpuTimeHistory': [11.0]}, '71': {'Retries': 0, 'WallDurations': [0, 9.763511896133423, 1510.0], 'StartTimes': [1637698926.0], 'SubmitTimes': [1637685387.0], 'JobIds': ['77212208.0'], 'EndTimes': [], 'Restarts': 0, 'RecordedSite': True, 'State': 'running', 'ResidentSetSize': [1415932], 'TotalUserCpuTimeHistory': [1015.0], 'SiteHistory': ['Unknown', 'T2_US_MIT', 'T2_US_MIT'], 'TotalSysCpuTimeHistory': [12.0]}, '70': {'Retries': 0, 'WallDurations': [10.0, 10.763511896133423, 18348.0], 'StartTimes': [1637698925.0], 'SubmitTimes': [1637685387.0], 'JobIds': ['77212207.0'], 'EndTimes': [], 'Restarts': 0, 'RecordedSite': True, 'State': 'running', 'ResidentSetSize': [1535872], 'TotalUserCpuTimeHistory': [4813.0], 'SiteHistory': ['Unknown', 'T2_US_MIT', 'T2_US_MIT'], 'TotalSysCpuTimeHistory': [222.0]}, '79': {'Retries': 0, 'WallDurations': [0, 3.763511896133423, 1955.0], 'StartTimes': [1637698932.0], 'SubmitTimes': [1637685388.0], 'JobIds': ['77212216.0'], 'EndTimes': [1637700887.0], 'Restarts': 0, 'RecordedSite': True, 'State': 'finished', 'ResidentSetSize': [1436956], 'TotalUserCpuTimeHistory': [1337], 'SiteHistory': ['Unknown', 'T2_US_MIT', 'T2_US_MIT'], 'TotalSysCpuTimeHistory': [45]}, '78': {'Retries': 0, 'WallDurations': [0, 9.0, 15086.0], 'StartTimes': [1637698946.0], 'SubmitTimes': [1637685387.0], 'JobIds': ['77212215.0'], 'EndTimes': [1637714032.0], 'Restarts': 0, 'RecordedSite': True, 'State': 'finished', 'ResidentSetSize': [1474880], 'TotalUserCpuTimeHistory': [14019], 'SiteHistory': ['Unknown', 'T2_US_MIT', 'T2_US_MIT'], 'TotalSysCpuTimeHistory': [715]}, '47': {'Retries': 0, 'WallDurations': [8.0, 10.763511896133423, 2110.0], 'StartTimes': [1637698925.0], 'SubmitTimes': [1637685379.0], 'JobIds': ['77212184.0'], 'EndTimes': [], 'Restarts': 0, 'RecordedSite': True, 'State': 'running', 'ResidentSetSize': [1492164], 'TotalUserCpuTimeHistory': [1165.0], 'SiteHistory': ['Unknown', 'T2_US_MIT', 'T2_US_MIT'], 'TotalSysCpuTimeHistory': [22.0]}}
INFO 2021-11-24 04:49:10.221 UTC: 	 Status on the scheduler:	SUBMITTED
INFO 2021-11-24 04:49:10.221 UTC: 	 
Jobs status:                    finished     		 58.0% ( 69/119)
INFO 2021-11-24 04:49:10.221 UTC: 	 				idle         		  0.8% (  1/119)
INFO 2021-11-24 04:49:10.221 UTC: 	 				running      		 39.5% ( 47/119)
INFO 2021-11-24 04:49:10.221 UTC: 	 				transferring 		  1.7% (  2/119)
INFO 2021-11-24 04:49:10.222 UTC: 	 
No publication information (publication has been disabled in the CRAB configuration file)
INFO 2021-11-24 04:49:10.225 UTC: 	 
Summary of run jobs:
 * Memory: 0MB min, 1708MB max, 1429MB ave
 * Runtime: 0:00:00 min, 8:20:40 max, 2:59:49 ave
 * CPU eff: 19% min, 168% max, 58% ave
 * Waste: 18:37:49 (8% of total)

INFO 2021-11-24 04:49:10.244 UTC: 	 Log file is /afs/cern.ch/work/y/yian/work/GZ/CMSSW_10_6_20/src/PhysicsTools/NanoAODTools/WWG/2017/crab/crab2017/crab_WJetsToLNu_0J_TuneCP5_13TeV-amcatnloFXFX-pythia8_2017/crab.log
