DEBUG 2021-11-17 17:05:17.051 UTC: 	 CRAB Client version: v3.210825
DEBUG 2021-11-17 17:05:17.051 UTC: 	 Running on: Linux lxplus722.cern.ch 3.10.0-1160.45.1.el7.x86_64 #1 SMP Wed Oct 13 17:20:51 UTC 2021 x86_64 x86_64 x86_64 GNU/Linux - CentOS Linux 7 (Core)
DEBUG 2021-11-17 17:05:17.051 UTC: 	 Executing command: 'submit'
DEBUG 2021-11-17 17:05:17.054 UTC: 	 Found CRAB cache file /afs/cern.ch/user/y/yian/.crab3
INFO 2021-11-17 17:05:17.058 UTC: 	 Will use CRAB configuration file crabcode_2016/ZZ_TuneCP5_13TeV-pythia8_2016_cfg.py
DEBUG 2021-11-17 17:05:17.058 UTC: 	 Loading CRAB configuration file.
DEBUG 2021-11-17 17:05:17.065 UTC: 	 Will use CRAB Analysis plugin (i.e. will run an analysis job type).
DEBUG 2021-11-17 17:05:17.182 UTC: 	 Checking credentials
DEBUG 2021-11-17 17:05:17.182 UTC: 	 Found proxy file /tmp/x509up_u110046
DEBUG 2021-11-17 17:05:17.182 UTC: 	 Getting proxy life time left
DEBUG 2021-11-17 17:05:17.990 UTC: 	 Executing : 
 command : voms-proxy-info -file /tmp/x509up_u110046 -timeleft
 output : 594835

 error: 
 retcode : 0
DEBUG 2021-11-17 17:05:18.698 UTC: 	 Executing : 
 command : voms-proxy-info -file /tmp/x509up_u110046 -actimeleft
 output : 594834

 error: 
 retcode : 0
DEBUG 2021-11-17 17:05:18.698 UTC: 	 Proxy lifetime 594835 secs is different from voms extension lifetime 594834 secs for proxy: /tmp/x509up_u110046
DEBUG 2021-11-17 17:05:18.698 UTC: 	 Proxy valid for 165:13:54 hours
DEBUG 2021-11-17 17:05:19.406 UTC: 	 Executing : 
 command : env X509_USER_PROXY=/tmp/x509up_u110046 voms-proxy-info -fqan
 output : /cms/Role=NULL/Capability=NULL

 error: 
 retcode : 0
DEBUG 2021-11-17 17:05:19.490 UTC: 	 Registering user credentials for server /DC=ch/DC=cern/OU=computers/CN=crab-(preprod|prod|dev)-tw(02|01).cern.ch|/DC=ch/DC=cern/OU=computers/CN=stefanov(m|m2).cern.ch|/DC=ch/DC=cern/OU=computers/CN=dciangot-tw.cern.ch
DEBUG 2021-11-17 17:05:20.210 UTC: 	 Executing : 
 command : voms-proxy-info -file /tmp/x509up_u110046 -identity
 output : /DC=ch/DC=cern/OU=Organic Units/OU=Users/CN=yian/CN=826694/CN=Ying An

 error: 
 retcode : 0
DEBUG 2021-11-17 17:05:20.219 UTC: 	 Getting myproxy life time left for myproxy.cern.ch
DEBUG 2021-11-17 17:05:20.220 UTC: 	 using b52ac606a6f7097e9b4b8f05a3a67cc69f8f291b as credential login name
DEBUG 2021-11-17 17:05:20.626 UTC: 	 Executing : 
 command : myproxy-info -l b52ac606a6f7097e9b4b8f05a3a67cc69f8f291b -s myproxy.cern.ch
 output : username: b52ac606a6f7097e9b4b8f05a3a67cc69f8f291b
owner: /DC=ch/DC=cern/OU=Organic Units/OU=Users/CN=yian/CN=826694/CN=Ying An
  renewal policy: /DC=ch/DC=cern/OU=computers/CN=crab-(preprod|prod|dev)-tw(02|01).cern.ch|/DC=ch/DC=cern/OU=computers/CN=stefanov(m|m2).cern.ch|/DC=ch/DC=cern/OU=computers/CN=dciangot-tw.cern.ch
  trusted retrieval policy: /DC=ch/DC=cern/OU=computers/CN=crab-(preprod|prod|dev)-tw(02|01).cern.ch|/DC=ch/DC=cern/OU=computers/CN=stefanov(m|m2).cern.ch|/DC=ch/DC=cern/OU=computers/CN=dciangot-tw.cern.ch
  timeleft: 495:45:10  (20.7 days)

 error: 
 retcode : 0
DEBUG 2021-11-17 17:05:20.627 UTC: 	 Myproxy is valid: 1784710
DEBUG 2021-11-17 17:05:20.627 UTC: 	 Retrieving username ...
DEBUG 2021-11-17 17:05:20.627 UTC: 	 Retrieving username from CRIC...
DEBUG 2021-11-17 17:05:22.542 UTC: 	 username is yian
DEBUG 2021-11-17 17:05:22.551 UTC: 	 Getting myproxy life time left for myproxy.cern.ch
DEBUG 2021-11-17 17:05:22.551 UTC: 	 using yian_CRAB as credential login name
DEBUG 2021-11-17 17:05:22.856 UTC: 	 Executing : 
 command : myproxy-info -l yian_CRAB -s myproxy.cern.ch
 output : username: yian_CRAB
owner: /DC=ch/DC=cern/OU=Organic Units/OU=Users/CN=yian/CN=826694/CN=Ying An
  renewal policy: /DC=ch/DC=cern/OU=computers/CN=crab-(preprod|prod|dev)-tw(02|01).cern.ch|/DC=ch/DC=cern/OU=computers/CN=stefanov(m|m2).cern.ch|/DC=ch/DC=cern/OU=computers/CN=dciangot-tw.cern.ch
  trusted retrieval policy: /DC=ch/DC=cern/OU=computers/CN=crab-(preprod|prod|dev)-tw(02|01).cern.ch|/DC=ch/DC=cern/OU=computers/CN=stefanov(m|m2).cern.ch|/DC=ch/DC=cern/OU=computers/CN=dciangot-tw.cern.ch
  timeleft: 495:45:14  (20.7 days)

 error: 
 retcode : 0
DEBUG 2021-11-17 17:05:22.857 UTC: 	 Myproxy is valid: 1784714
DEBUG 2021-11-17 17:05:22.857 UTC: 	 Result of myproxy credential check:
  Credential exists on myproxy: username: b52ac606a6f7097e9b4b8f05a3a67cc69f8f291b  - validity: 20 days, 15:45:10
  Credential exists on myproxy: username: yian_CRAB  - validity: 20 days, 15:45:14
DEBUG 2021-11-17 17:05:22.857 UTC: 	 Command use: submit
DEBUG 2021-11-17 17:05:22.857 UTC: 	 Options use: ['-c', 'crabcode_2016/ZZ_TuneCP5_13TeV-pythia8_2016_cfg.py']
DEBUG 2021-11-17 17:05:23.019 UTC: 	 CRABClient version: v3.210825
DEBUG 2021-11-17 17:05:23.020 UTC: 	 Instance is prod
DEBUG 2021-11-17 17:05:23.020 UTC: 	 Server base url is cmsweb.cern.ch
DEBUG 2021-11-17 17:05:23.020 UTC: 	 Command api workflow
DEBUG 2021-11-17 17:05:23.020 UTC: 	 Started submission
DEBUG 2021-11-17 17:05:23.020 UTC: 	 Working on /afs/cern.ch/work/y/yian/work/GZ/CMSSW_10_6_20/src/PhysicsTools/NanoAODTools/WWG/2016post/crab/crab2016/crab_ZZ_TuneCP5_13TeV-pythia8_2016
DEBUG 2021-11-17 17:05:23.166 UTC: 	 Loading required information from the environment
DEBUG 2021-11-17 17:05:23.166 UTC: 	 Found CMSSW_10_6_20 for slc7_amd64_gcc820 with base /afs/cern.ch/work/y/yian/work/GZ/CMSSW_10_6_20
DEBUG 2021-11-17 17:05:23.166 UTC: 	 Loading required information from the environment
DEBUG 2021-11-17 17:05:23.166 UTC: 	 Found CMSSW_10_6_20 for slc7_amd64_gcc820 with base /afs/cern.ch/work/y/yian/work/GZ/CMSSW_10_6_20
DEBUG 2021-11-17 17:05:23.166 UTC: 	 UNIQUE NAME: tarUUID 64b8c6d8-748a-446a-a046-82c2f411a09b 
DEBUG 2021-11-17 17:05:23.167 UTC: 	 self.config: from WMCore.Configuration import Configuration
config = Configuration()
config.section_('General')
config.General.workArea = 'crab2016'
config.General.transferLogs = False
config.General.requestName = 'ZZ_TuneCP5_13TeV-pythia8_2016'
config.section_('JobType')
config.JobType.scriptArgs = ['isdata=MC', 'year=2016', 'era=B']
config.JobType.scriptExe = './WWG_crab_script.sh'
config.JobType.pluginName = 'Analysis'
config.JobType.sendPythonFolder = True
config.JobType.allowUndistributedCMSSW = True
config.JobType.psetName = 'PSet.py'
config.JobType.inputFiles = ['../../../scripts/haddnano.py', '../WWG_selector/WWG_postproc.py', '../WWG_selector/WWG_Module.py', '../WWG_selector/WWG_keep_and_drop.txt', '../WWG_selector/WWG_output_branch.txt', '../WWG_selector/DAS_filesearch.py']
config.section_('Data')
config.Data.inputDataset = '/ZZ_TuneCP5_13TeV-pythia8/RunIISummer20UL16NanoAODv9-106X_mcRun2_asymptotic_v17-v1/NANOAODSIM'
config.Data.allowNonValidInputDataset = True
config.Data.publication = False
config.Data.unitsPerJob = 1
config.Data.ignoreLocality = True
config.Data.inputDBS = 'global'
config.Data.splitting = 'FileBased'
config.Data.outputDatasetTag = 'ZZ_TuneCP5_13TeV-pythia8_2016'
config.section_('Site')
config.Site.whitelist = ['T2_US_MIT', 'T2_US_Wisconsin', 'T2_US_Purdue', 'T2_US_UCSD', 'T2_US_Caltech', 'T2_US_Nebraska']
config.Site.storageSite = 'T3_CH_CERNBOX'

DEBUG 2021-11-17 17:05:23.167 UTC: 	 self.config.JobType.psetName: PSet.py
INFO 2021-11-17 17:05:23.167 UTC: 	 Importing CMSSW configuration PSet.py
INFO 2021-11-17 17:05:23.579 UTC: 	 Finished importing CMSSW configuration PSet.py
DEBUG 2021-11-17 17:05:23.579 UTC: 	 Writing CMSSW configuration to /afs/cern.ch/work/y/yian/work/GZ/CMSSW_10_6_20/src/PhysicsTools/NanoAODTools/WWG/2016post/crab/crab2016/crab_ZZ_TuneCP5_13TeV-pythia8_2016/inputs/PSet.py
DEBUG 2021-11-17 17:05:23.587 UTC: 	 The following EDM output files will be collected: ['tree.root']
DEBUG 2021-11-17 17:05:23.587 UTC: 	 The following TFile output files will be collected: []
DEBUG 2021-11-17 17:05:23.587 UTC: 	 The following user output files (not listed as PoolOuputModule or TFileService in the CMSSW PSet) will be collected: 
DEBUG 2021-11-17 17:05:23.587 UTC: 	 Loading required information from the environment
DEBUG 2021-11-17 17:05:23.587 UTC: 	 Found CMSSW_10_6_20 for slc7_amd64_gcc820 with base /afs/cern.ch/work/y/yian/work/GZ/CMSSW_10_6_20
DEBUG 2021-11-17 17:05:23.587 UTC: 	 Making tarball in /afs/cern.ch/work/y/yian/work/GZ/CMSSW_10_6_20/src/PhysicsTools/NanoAODTools/WWG/2016post/crab/crab2016/crab_ZZ_TuneCP5_13TeV-pythia8_2016/inputs/64b8c6d8-748a-446a-a046-82c2f411a09bdefault.tgz
DEBUG 2021-11-17 17:05:23.588 UTC: 	 Checking directory /afs/cern.ch/work/y/yian/work/GZ/CMSSW_10_6_20/lib
DEBUG 2021-11-17 17:05:23.588 UTC: 	 Adding directory /afs/cern.ch/work/y/yian/work/GZ/CMSSW_10_6_20/lib to tarball
DEBUG 2021-11-17 17:05:23.712 UTC: 	 Checking directory /afs/cern.ch/work/y/yian/work/GZ/CMSSW_10_6_20/biglib
DEBUG 2021-11-17 17:05:23.712 UTC: 	 Adding directory /afs/cern.ch/work/y/yian/work/GZ/CMSSW_10_6_20/biglib to tarball
DEBUG 2021-11-17 17:05:23.714 UTC: 	 Checking directory /afs/cern.ch/work/y/yian/work/GZ/CMSSW_10_6_20/module
DEBUG 2021-11-17 17:05:23.715 UTC: 	 Checking directory /afs/cern.ch/work/y/yian/work/GZ/CMSSW_10_6_20/python
DEBUG 2021-11-17 17:05:23.715 UTC: 	 Adding directory /afs/cern.ch/work/y/yian/work/GZ/CMSSW_10_6_20/python to tarball
DEBUG 2021-11-17 17:05:26.288 UTC: 	 Checking directory /afs/cern.ch/work/y/yian/work/GZ/CMSSW_10_6_20/cfipython
DEBUG 2021-11-17 17:05:26.288 UTC: 	 Adding directory /afs/cern.ch/work/y/yian/work/GZ/CMSSW_10_6_20/cfipython to tarball
DEBUG 2021-11-17 17:05:28.233 UTC: 	 Adding data directory /afs/cern.ch/work/y/yian/work/GZ/CMSSW_10_6_20/src/PhysicsTools/NanoAODTools/data to tarball
DEBUG 2021-11-17 17:05:49.020 UTC: 	 Adding data directory /afs/cern.ch/work/y/yian/work/GZ/CMSSW_10_6_20/src/PhysicsTools/NanoAODTools/interface to tarball
DEBUG 2021-11-17 17:05:49.025 UTC: 	 Adding data directory /afs/cern.ch/work/y/yian/work/GZ/CMSSW_10_6_20/src/PhysicsTools/NanoAODTools/python/postprocessing/data to tarball
DEBUG 2021-11-17 17:05:51.485 UTC: 	 Adding file ../../../scripts/haddnano.py to tarball
DEBUG 2021-11-17 17:05:51.485 UTC: 	 Adding file ../WWG_selector/WWG_postproc.py to tarball
DEBUG 2021-11-17 17:05:51.486 UTC: 	 Adding file ../WWG_selector/WWG_Module.py to tarball
DEBUG 2021-11-17 17:05:51.486 UTC: 	 Adding file ../WWG_selector/WWG_keep_and_drop.txt to tarball
DEBUG 2021-11-17 17:05:51.487 UTC: 	 Adding file ../WWG_selector/WWG_output_branch.txt to tarball
DEBUG 2021-11-17 17:05:51.487 UTC: 	 Adding file ../WWG_selector/DAS_filesearch.py to tarball
DEBUG 2021-11-17 17:05:56.501 UTC: 	 Uploading archive /afs/cern.ch/work/y/yian/work/GZ/CMSSW_10_6_20/src/PhysicsTools/NanoAODTools/WWG/2016post/crab/crab2016/crab_ZZ_TuneCP5_13TeV-pythia8_2016/inputs/64b8c6d8-748a-446a-a046-82c2f411a09bdefault.tgz (94 MB) to the CRAB cache. Using URI https://cmsweb.cern.ch/S3/crabcache_prod
DEBUG 2021-11-17 17:06:21.031 UTC: 	 sandbox bd736a0ca49dfa0dfab96903bb1581d6622ba6889f2fdcbb1b931bf047ceb81a.tar.gz is already in the S3 store, will not upload again
DEBUG 2021-11-17 17:06:21.031 UTC: 	 Loading required information from the environment
DEBUG 2021-11-17 17:06:21.031 UTC: 	 Found CMSSW_10_6_20 for slc7_amd64_gcc820 with base /afs/cern.ch/work/y/yian/work/GZ/CMSSW_10_6_20
DEBUG 2021-11-17 17:06:21.031 UTC: 	 Making tarball in /afs/cern.ch/work/y/yian/work/GZ/CMSSW_10_6_20/src/PhysicsTools/NanoAODTools/WWG/2016post/crab/crab2016/crab_ZZ_TuneCP5_13TeV-pythia8_2016/inputs/debugFiles.tgz
DEBUG 2021-11-17 17:06:21.041 UTC: 	 Uploading archive /afs/cern.ch/work/y/yian/work/GZ/CMSSW_10_6_20/src/PhysicsTools/NanoAODTools/WWG/2016post/crab/crab2016/crab_ZZ_TuneCP5_13TeV-pythia8_2016/inputs/debugFiles.tgz (1 KB) to the CRAB cache. Using URI https://cmsweb.cern.ch/S3/crabcache_prod
DEBUG 2021-11-17 17:06:21.151 UTC: 	 Will execute:
curl -f -v -X POST  -H "User-Agent: CRAB" -F "key=yian/sandboxes/a8daeaad653153ab194f896be4b414857ca8c55a8c4f2c6bef8a99fa5ae4a870.tar.gz" -F "AWSAccessKeyId=ab00fcc889f248c495d2875f15a3badb" -F "policy=eyJjb25kaXRpb25zIjogW3siYnVja2V0IjogImNyYWJjYWNoZV9wcm9kIn0sIHsia2V5IjogInlpYW4vc2FuZGJveGVzL2E4ZGFlYWFkNjUzMTUzYWIxOTRmODk2YmU0YjQxNDg1N2NhOGM1NWE4YzRmMmM2YmVmOGE5OWZhNWFlNGE4NzAudGFyLmd6In1dLCAiZXhwaXJhdGlvbiI6ICIyMDIxLTExLTE3VDE4OjA2OjIxWiJ9" -F "signature=pwEgubqflFWR+Z81G5eyTHI++lo=" -F "file=@/afs/cern.ch/work/y/yian/work/GZ/CMSSW_10_6_20/src/PhysicsTools/NanoAODTools/WWG/2016post/crab/crab2016/crab_ZZ_TuneCP5_13TeV-pythia8_2016/inputs/debugFiles.tgz" "https://s3.cern.ch/crabcache_prod"
DEBUG 2021-11-17 17:06:22.259 UTC: 	 exitcode: 0
stdout: 
stderr: Note: Unnecessary use of -X or --request, POST is already inferred.
  % Total    % Received % Xferd  Average Speed   Time    Time     Time  Current
                                 Dload  Upload   Total   Spent    Left  Speed
  0     0    0     0    0     0      0      0 --:--:-- --:--:-- --:--:--     0*   Trying 2001:1458:d00:18::390...
* TCP_NODELAY set
* Connected to s3.cern.ch (2001:1458:d00:18::390) port 443 (#0)
* ALPN, offering http/1.1
* Cipher selection: ALL:!EXPORT:!EXPORT40:!EXPORT56:!aNULL:!LOW:!RC4:@STRENGTH
* successfully set certificate verify locations:
  CAfile: /etc/pki/tls/certs/ca-bundle.crt
  CApath: none
* TLSv1.2 (OUT), TLS header, Certificate Status (22):
} [5 bytes data]
* TLSv1.2 (OUT), TLS handshake, Client hello (1):
} [512 bytes data]
* TLSv1.2 (IN), TLS handshake, Server hello (2):
{ [70 bytes data]
* TLSv1.2 (IN), TLS handshake, Certificate (11):
{ [4780 bytes data]
* TLSv1.2 (IN), TLS handshake, Server key exchange (12):
{ [333 bytes data]
* TLSv1.2 (IN), TLS handshake, Server finished (14):
{ [4 bytes data]
* TLSv1.2 (OUT), TLS handshake, Client key exchange (16):
} [70 bytes data]
* TLSv1.2 (OUT), TLS change cipher, Client hello (1):
} [1 bytes data]
* TLSv1.2 (OUT), TLS handshake, Finished (20):
} [16 bytes data]
* TLSv1.2 (IN), TLS change cipher, Client hello (1):
{ [1 bytes data]
* TLSv1.2 (IN), TLS handshake, Finished (20):
{ [16 bytes data]
* SSL connection using TLSv1.2 / ECDHE-RSA-AES128-GCM-SHA256
* ALPN, server accepted to use http/1.1
* Server certificate:
*  subject: C=CH; ST=Genève; L=Meyrin; O=Organisation européenne pour la Recherche nucléaire (CERN); CN=*.s3.cern.ch
*  start date: Mar 10 00:00:00 2021 GMT
*  expire date: Mar 10 23:59:59 2022 GMT
*  subjectAltName: host "s3.cern.ch" matched cert's "s3.cern.ch"
*  issuer: C=GB; ST=Greater Manchester; L=Salford; O=Sectigo Limited; CN=Sectigo RSA Organization Validation Secure Server CA
*  SSL certificate verify ok.
} [5 bytes data]
> POST /crabcache_prod HTTP/1.1
> Host: s3.cern.ch
> Accept: */*
> User-Agent: CRAB
> Content-Length: 2754
> Content-Type: multipart/form-data; boundary=------------------------04606a8909ae7c45
> Expect: 100-continue
> 
* Done waiting for 100-continue
  0  2754    0     0    0     0      0      0 --:--:--  0:00:01 --:--:--     0{ [5 bytes data]
< HTTP/1.1 100 Continue
} [5 bytes data]
< HTTP/1.1 204 No Content
< Accept-Ranges: bytes
< Bucket: crabcache_prod
< Date: Wed, 17 Nov 2021 17:06:22 GMT
< X-Amz-Request-Id: tx000000000000003880f7e-006195368d-228d995f-default
< 
100  2754    0     0  100  2754      0   2663  0:00:01  0:00:01 --:--:--  2663
* Connection #0 to host s3.cern.ch left intact

DEBUG 2021-11-17 17:06:22.259 UTC: 	 sandbox /afs/cern.ch/work/y/yian/work/GZ/CMSSW_10_6_20/src/PhysicsTools/NanoAODTools/WWG/2016post/crab/crab2016/crab_ZZ_TuneCP5_13TeV-pythia8_2016/inputs/debugFiles.tgz successully uploaded to S3
DEBUG 2021-11-17 17:06:22.259 UTC: 	 Result uploading input files: bd736a0ca49dfa0dfab96903bb1581d6622ba6889f2fdcbb1b931bf047ceb81a.tar.gz 
INFO 2021-11-17 17:06:22.260 UTC: 	 Sending the request to the server at cmsweb.cern.ch
DEBUG 2021-11-17 17:06:22.260 UTC: 	 Submitting {'maxjobruntime': 1250, 'extrajdl': [], 'ignorelocality': 1, 'savelogsflag': 0, 'useparent': 0, 'scriptexe': 'WWG_crab_script.sh', 'asyncdest': 'T3_CH_CERNBOX', 'algoargs': 1, 'cachefilename': 'bd736a0ca49dfa0dfab96903bb1581d6622ba6889f2fdcbb1b931bf047ceb81a.tar.gz', 'numcores': 1, 'addoutputfiles': [], 'generator': 'pythia', 'maxmemory': 2000, 'publishdbsurl': 'https://cmsweb.cern.ch/dbs/prod/phys03/DBSWriter', 'priority': 10, 'jobsw': 'CMSSW_10_6_20', 'edmoutfiles': ['tree.root'], 'userfiles': [], 'primarydataset': '', 'inputdata': '/ZZ_TuneCP5_13TeV-pythia8/RunIISummer20UL16NanoAODv9-106X_mcRun2_asymptotic_v17-v1/NANOAODSIM', 'dryrun': 0, 'workflow': 'crab_ZZ_TuneCP5_13TeV-pythia8_2016', 'scriptargs': ['isdata=MC', 'year=2016', 'era=B'], 'sitewhitelist': ['T2_US_MIT', 'T2_US_Wisconsin', 'T2_US_Purdue', 'T2_US_UCSD', 'T2_US_Caltech', 'T2_US_Nebraska'], 'nonprodsw': 1, 'tfileoutfiles': [], 'oneEventMode': 0, 'debugfilename': 'a8daeaad653153ab194f896be4b414857ca8c55a8c4f2c6bef8a99fa5ae4a870.tar.gz', 'cacheurl': u'https://cmsweb.cern.ch/S3/crabcache_prod', 'saveoutput': 1, 'publication': 0, 'jobarch': 'slc7_amd64_gcc820', 'totalunits': 0, 'splitalgo': 'FileBased', 'ignoreglobalblacklist': 0, 'nonvaliddata': 1, 'dbsurl': 'https://cmsweb.cern.ch/dbs/prod/global/DBSReader', 'publishgroupname': 0, 'jobtype': 'Analysis', 'publishname2': 'ZZ_TuneCP5_13TeV-pythia8_2016'} 
DEBUG 2021-11-17 17:06:22.260 UTC: 	 Encoded submit request: maxjobruntime=1250&ignorelocality=1&savelogsflag=0&useparent=0&scriptexe=WWG_crab_script.sh&asyncdest=T3_CH_CERNBOX&algoargs=1&cachefilename=bd736a0ca49dfa0dfab96903bb1581d6622ba6889f2fdcbb1b931bf047ceb81a.tar.gz&numcores=1&generator=pythia&maxmemory=2000&publishdbsurl=https%3A%2F%2Fcmsweb.cern.ch%2Fdbs%2Fprod%2Fphys03%2FDBSWriter&priority=10&jobsw=CMSSW_10_6_20&primarydataset=&inputdata=%2FZZ_TuneCP5_13TeV-pythia8%2FRunIISummer20UL16NanoAODv9-106X_mcRun2_asymptotic_v17-v1%2FNANOAODSIM&dryrun=0&workflow=crab_ZZ_TuneCP5_13TeV-pythia8_2016&nonprodsw=1&oneEventMode=0&debugfilename=a8daeaad653153ab194f896be4b414857ca8c55a8c4f2c6bef8a99fa5ae4a870.tar.gz&cacheurl=https%3A%2F%2Fcmsweb.cern.ch%2FS3%2Fcrabcache_prod&saveoutput=1&publication=0&jobarch=slc7_amd64_gcc820&totalunits=0&splitalgo=FileBased&ignoreglobalblacklist=0&nonvaliddata=1&dbsurl=https%3A%2F%2Fcmsweb.cern.ch%2Fdbs%2Fprod%2Fglobal%2FDBSReader&publishgroupname=0&jobtype=Analysis&publishname2=ZZ_TuneCP5_13TeV-pythia8_2016&sitewhitelist=T2_US_MIT&sitewhitelist=T2_US_Wisconsin&sitewhitelist=T2_US_Purdue&sitewhitelist=T2_US_UCSD&sitewhitelist=T2_US_Caltech&sitewhitelist=T2_US_Nebraska&edmoutfiles=tree.root&scriptargs=isdata%3DMC&scriptargs=year%3D2016&scriptargs=era%3DB
DEBUG 2021-11-17 17:06:22.319 UTC: 	 Result: {u'result': [{u'RequestName': u'211117_170622:yian_crab_ZZ_TuneCP5_13TeV-pythia8_2016'}]}
INFO 2021-11-17 17:06:22.323 UTC: 	 Success: Your task has been delivered to the prod CRAB3 server.
INFO 2021-11-17 17:06:22.323 UTC: 	 Task name: 211117_170622:yian_crab_ZZ_TuneCP5_13TeV-pythia8_2016
INFO 2021-11-17 17:06:22.323 UTC: 	 Project dir: crab2016/crab_ZZ_TuneCP5_13TeV-pythia8_2016
INFO 2021-11-17 17:06:22.323 UTC: 	 Please use ' crab status -d crab2016/crab_ZZ_TuneCP5_13TeV-pythia8_2016 ' to check how the submission process proceeds.
DEBUG 2021-11-17 17:06:22.323 UTC: 	 About to return
INFO 2021-11-17 17:06:22.327 UTC: 	 Log file is /afs/cern.ch/work/y/yian/work/GZ/CMSSW_10_6_20/src/PhysicsTools/NanoAODTools/WWG/2016post/crab/crab2016/crab_ZZ_TuneCP5_13TeV-pythia8_2016/crab.log
DEBUG 2021-11-18 09:22:19.592 UTC: 	 CRAB Client version: v3.210825
DEBUG 2021-11-18 09:22:19.592 UTC: 	 Running on: Linux lxplus794.cern.ch 3.10.0-1160.45.1.el7.x86_64 #1 SMP Wed Oct 13 17:20:51 UTC 2021 x86_64 x86_64 x86_64 GNU/Linux - CentOS Linux 7 (Core)
DEBUG 2021-11-18 09:22:19.592 UTC: 	 Executing command: 'status'
DEBUG 2021-11-18 09:22:19.592 UTC: 	 Found CRAB cache file /afs/cern.ch/user/y/yian/.crab3
DEBUG 2021-11-18 09:22:19.677 UTC: 	 Checking credentials
DEBUG 2021-11-18 09:22:19.678 UTC: 	 Found proxy file /tmp/x509up_u110046
DEBUG 2021-11-18 09:22:19.678 UTC: 	 Getting proxy life time left
DEBUG 2021-11-18 09:22:20.383 UTC: 	 Executing : 
 command : voms-proxy-info -file /tmp/x509up_u110046 -timeleft
 output : 595256

 error: 
 retcode : 0
DEBUG 2021-11-18 09:22:20.994 UTC: 	 Executing : 
 command : voms-proxy-info -file /tmp/x509up_u110046 -actimeleft
 output : 595256

 error: 
 retcode : 0
DEBUG 2021-11-18 09:22:20.994 UTC: 	 Proxy valid for 165:20:56 hours
DEBUG 2021-11-18 09:22:21.049 UTC: 	 Registering user credentials for server /DC=ch/DC=cern/OU=computers/CN=crab-(preprod|prod|dev)-tw(02|01).cern.ch|/DC=ch/DC=cern/OU=computers/CN=stefanov(m|m2).cern.ch|/DC=ch/DC=cern/OU=computers/CN=dciangot-tw.cern.ch
DEBUG 2021-11-18 09:22:21.764 UTC: 	 Executing : 
 command : voms-proxy-info -file /tmp/x509up_u110046 -identity
 output : /DC=ch/DC=cern/OU=Organic Units/OU=Users/CN=yian/CN=826694/CN=Ying An

 error: 
 retcode : 0
DEBUG 2021-11-18 09:22:21.779 UTC: 	 Getting myproxy life time left for myproxy.cern.ch
DEBUG 2021-11-18 09:22:21.780 UTC: 	 using b52ac606a6f7097e9b4b8f05a3a67cc69f8f291b as credential login name
DEBUG 2021-11-18 09:22:22.085 UTC: 	 Executing : 
 command : myproxy-info -l b52ac606a6f7097e9b4b8f05a3a67cc69f8f291b -s myproxy.cern.ch
 output : username: b52ac606a6f7097e9b4b8f05a3a67cc69f8f291b
owner: /DC=ch/DC=cern/OU=Organic Units/OU=Users/CN=yian/CN=826694/CN=Ying An
  renewal policy: /DC=ch/DC=cern/OU=computers/CN=crab-(preprod|prod|dev)-tw(02|01).cern.ch|/DC=ch/DC=cern/OU=computers/CN=stefanov(m|m2).cern.ch|/DC=ch/DC=cern/OU=computers/CN=dciangot-tw.cern.ch
  trusted retrieval policy: /DC=ch/DC=cern/OU=computers/CN=crab-(preprod|prod|dev)-tw(02|01).cern.ch|/DC=ch/DC=cern/OU=computers/CN=stefanov(m|m2).cern.ch|/DC=ch/DC=cern/OU=computers/CN=dciangot-tw.cern.ch
  timeleft: 479:28:08  (20.0 days)

 error: 
 retcode : 0
DEBUG 2021-11-18 09:22:22.086 UTC: 	 Myproxy is valid: 1726088
DEBUG 2021-11-18 09:22:22.086 UTC: 	 Retrieving username ...
DEBUG 2021-11-18 09:22:22.086 UTC: 	 Retrieving username from CRIC...
DEBUG 2021-11-18 09:22:22.840 UTC: 	 username is yian
DEBUG 2021-11-18 09:22:22.848 UTC: 	 Getting myproxy life time left for myproxy.cern.ch
DEBUG 2021-11-18 09:22:22.848 UTC: 	 using yian_CRAB as credential login name
DEBUG 2021-11-18 09:22:23.153 UTC: 	 Executing : 
 command : myproxy-info -l yian_CRAB -s myproxy.cern.ch
 output : username: yian_CRAB
owner: /DC=ch/DC=cern/OU=Organic Units/OU=Users/CN=yian/CN=826694/CN=Ying An
  renewal policy: /DC=ch/DC=cern/OU=computers/CN=crab-(preprod|prod|dev)-tw(02|01).cern.ch|/DC=ch/DC=cern/OU=computers/CN=stefanov(m|m2).cern.ch|/DC=ch/DC=cern/OU=computers/CN=dciangot-tw.cern.ch
  trusted retrieval policy: /DC=ch/DC=cern/OU=computers/CN=crab-(preprod|prod|dev)-tw(02|01).cern.ch|/DC=ch/DC=cern/OU=computers/CN=stefanov(m|m2).cern.ch|/DC=ch/DC=cern/OU=computers/CN=dciangot-tw.cern.ch
  timeleft: 479:28:13  (20.0 days)

 error: 
 retcode : 0
DEBUG 2021-11-18 09:22:23.154 UTC: 	 Myproxy is valid: 1726093
DEBUG 2021-11-18 09:22:23.154 UTC: 	 Result of myproxy credential check:
  Credential exists on myproxy: username: b52ac606a6f7097e9b4b8f05a3a67cc69f8f291b  - validity: 19 days, 23:28:08
  Credential exists on myproxy: username: yian_CRAB  - validity: 19 days, 23:28:13
DEBUG 2021-11-18 09:22:23.155 UTC: 	 Command use: status
DEBUG 2021-11-18 09:22:23.155 UTC: 	 Options use: ['-d', 'crab2016/crab_ZZ_TuneCP5_13TeV-pythia8_2016']
DEBUG 2021-11-18 09:22:23.209 UTC: 	 CRABClient version: v3.210825
DEBUG 2021-11-18 09:22:23.209 UTC: 	 Instance is prod
DEBUG 2021-11-18 09:22:23.209 UTC: 	 Server base url is cmsweb.cern.ch
DEBUG 2021-11-18 09:22:23.209 UTC: 	 Command api workflow
DEBUG 2021-11-18 09:22:23.356 UTC: 	 Got information from server oracle database: {u'result': [u'211117_170622:yian_crab_ZZ_TuneCP5_13TeV-pythia8_2016', u'None', u'None', u'SUBMITTED', u'SUBMIT', u'2021-11-17 17:06:22.310827', u'None', u'2021-11-17 17:07:23.631626', u'None', u'CMSSW_10_6_20', u'slc7_amd64_gcc820', u'/ZZ_TuneCP5_13TeV-pythia8/RunIISummer20UL16NanoAODv9-106X_mcRun2_asymptotic_v17-v1/NANOAODSIM', u'T', u'0', u"[u'T2_US_UCSD', u'T2_US_Wisconsin', u'T2_US_MIT', u'T2_US_Caltech', u'T2_US_Purdue', u'T2_US_Nebraska']", u'[]', u'FileBased', u"{'splitOnRun': False, 'halt_job_on_file_boundaries': False, 'files_per_job': 1, 'runs': [], 'lumis': []}", u'bd736a0ca49dfa0dfab96903bb1581d6622ba6889f2fdcbb1b931bf047ceb81a.tar.gz', u'https://cmsweb.cern.ch/S3/crabcache_prod', u'yian', u'/DC=ch/DC=cern/OU=Organic Units/OU=Users/CN=yian/CN=826694/CN=Ying An', u'cms', u'None', u'None', u'ZZ_TuneCP5_13TeV-pythia8_2016-00000000000000000000000000000000', u'F', u'T3_CH_CERNBOX', u'https://cmsweb.cern.ch/dbs/prod/global/DBSReader', u'https://cmsweb.cern.ch/dbs/prod/phys03/DBSWriter', u'F', u'[]', u'[]', u"[b'tree.root']", u'Analysis', u'pythia', u'None', u'{}', u'[]', u'F', u'crab-prod-tw01', u'[]', u'1250', u'1', u'2000', u'10', u"['/ZZ_TuneCP5_13TeV-pythia8/yian-ZZ_TuneCP5_13TeV-pythia8_2016-cdc8a5f8d50b7902483cf88592ab9ddb/USER']", u'[]', u'http://vocms0196.cern.ch/mon/cms1407/211117_170622:yian_crab_ZZ_TuneCP5_13TeV-pythia8_2016', u'WWG_crab_script.sh', u"[b'isdata=MC', b'year=2016', b'era=B']", u'[]', u'https://cmsweb.cern.ch/crabserver/prod', u'cmsgwms-collector-global.cern.ch:9620,cmsgwms-collector-global.fnal.gov:9620', u'crab3@vocms0196.cern.ch', u'F', u'[]', u'T', u'/store/user/yian/', u'T', u'None', u'F', u'None', u'ZZ_TuneCP5_13TeV-pythia8', u'None', u'a8daeaad653153ab194f896be4b414857ca8c55a8c4f2c6bef8a99fa5ae4a870.tar.gz', u'71687552', u'filetransfers', u'F', u'188.185.120.166', u'0.0', u'None'], u'desc': {u'columns': [u'tm_taskname', u'tm_activity', u'panda_jobset_id', u'tm_task_status', u'tm_task_command', u'tm_start_time', u'tm_start_injection', u'tm_end_injection', u'tm_task_failure', u'tm_job_sw', u'tm_job_arch', u'tm_input_dataset', u'tm_nonvalid_input_dataset', u'tm_use_parent', u'tm_site_whitelist', u'tm_site_blacklist', u'tm_split_algo', u'tm_split_args', u'tm_user_sandbox', u'tm_cache_url', u'tm_username', u'tm_user_dn', u'tm_user_vo', u'tm_user_role', u'tm_user_group', u'tm_publish_name', u'tm_publish_groupname', u'tm_asyncdest', u'tm_dbs_url', u'tm_publish_dbs_url', u'tm_publication', u'tm_outfiles', u'tm_tfile_outfiles', u'tm_edm_outfiles', u'tm_job_type', u'tm_generator', u'tm_events_per_lumi', u'tm_arguments', u'panda_resubmitted_jobs', u'tm_save_logs', u'tw_name', u'tm_user_infiles', u'tm_maxjobruntime', u'tm_numcores', u'tm_maxmemory', u'tm_priority', u'tm_output_dataset', u'tm_task_warnings', u'tm_user_webdir', u'tm_scriptexe', u'tm_scriptargs', u'tm_extrajdl', u'tm_asourl', u'tm_collector', u'tm_schedd', u'tm_dry_run', u'tm_user_files', u'tm_transfer_outputs', u'tm_output_lfn', u'tm_ignore_locality', u'tm_fail_limit', u'tm_one_event_mode', u'tm_secondary_input_dataset', u'tm_primary_dataset', u'tm_last_publication', u'tm_debug_files', u'clusterid', u'tm_asodb', u'tm_ignore_global_blacklist', u'tm_submitter_ip_addr', u'tm_totalunits', u'tm_ddm_reqid']}}
INFO 2021-11-18 09:22:23.357 UTC: 	 CRAB project directory:		/afs/cern.ch/work/y/yian/work/GZ/CMSSW_10_6_20/src/PhysicsTools/NanoAODTools/WWG/2016post/crab/crab2016/crab_ZZ_TuneCP5_13TeV-pythia8_2016
INFO 2021-11-18 09:22:23.357 UTC: 	 Task name:			211117_170622:yian_crab_ZZ_TuneCP5_13TeV-pythia8_2016
INFO 2021-11-18 09:22:23.357 UTC: 	 Grid scheduler - Task Worker:	crab3@vocms0196.cern.ch - crab-prod-tw01
INFO 2021-11-18 09:22:23.357 UTC: 	 Status on the CRAB server:	SUBMITTED
INFO 2021-11-18 09:22:23.357 UTC: 	 Task URL to use for HELP:	https://cmsweb.cern.ch/crabserver/ui/task/211117_170622%3Ayian_crab_ZZ_TuneCP5_13TeV-pythia8_2016
INFO 2021-11-18 09:22:23.361 UTC: 	 Dashboard monitoring URL:	https://monit-grafana.cern.ch/d/cmsTMDetail/cms-task-monitoring-task-view?orgId=11&var-user=yian&var-task=211117_170622%3Ayian_crab_ZZ_TuneCP5_13TeV-pythia8_2016&from=1637165182000&to=now
DEBUG 2021-11-18 09:22:23.361 UTC: 	 The CRAB server submitted your task to the Grid scheduler (cluster ID: 71687552)
DEBUG 2021-11-18 09:22:23.361 UTC: 	 Webdir is located at http://vocms0196.cern.ch/mon/cms1407/211117_170622:yian_crab_ZZ_TuneCP5_13TeV-pythia8_2016
DEBUG 2021-11-18 09:22:23.586 UTC: 	 Proxied webdir is located at https://cmsweb.cern.ch:8443/scheddmon/0196/cms1407/211117_170622:yian_crab_ZZ_TuneCP5_13TeV-pythia8_2016
DEBUG 2021-11-18 09:22:23.586 UTC: 	 Retrieving 'status_cache' file from https://cmsweb.cern.ch:8443/scheddmon/0196/cms1407/211117_170622:yian_crab_ZZ_TuneCP5_13TeV-pythia8_2016/status_cache
DEBUG 2021-11-18 09:22:23.623 UTC: 	 Got information from status cache file: {'11': {'Retries': 0, 'WallDurations': [9.0, 271.65222001075745, 1463.0], 'StartTimes': [1637168950.0], 'SubmitTimes': [1637168852.0], 'JobIds': ['71687564.0'], 'EndTimes': [1637170413.0], 'Restarts': 0, 'RecordedSite': True, 'State': 'finished', 'ResidentSetSize': [264844], 'TotalUserCpuTimeHistory': [33], 'SiteHistory': ['Unknown', 'T2_US_Purdue', 'T2_US_Purdue'], 'TotalSysCpuTimeHistory': [1]}, '10': {'Retries': 0, 'WallDurations': [10.0, 272.65222001075745, 15577.0], 'StartTimes': [1637168949.0], 'SubmitTimes': [1637168851.0], 'JobIds': ['71687563.0'], 'EndTimes': [1637184526.0], 'Restarts': 0, 'RecordedSite': True, 'State': 'finished', 'ResidentSetSize': [333588], 'TotalUserCpuTimeHistory': [153], 'SiteHistory': ['Unknown', 'T2_US_MIT', 'T2_US_MIT'], 'TotalSysCpuTimeHistory': [16]}, '13': {'Retries': 0, 'WallDurations': [9.0, 282.65222001075745, 2385.0], 'StartTimes': [1637168939.0], 'SubmitTimes': [1637168852.0], 'JobIds': ['71687566.0'], 'EndTimes': [1637171324.0], 'Restarts': 0, 'RecordedSite': True, 'State': 'finished', 'ResidentSetSize': [305172], 'TotalUserCpuTimeHistory': [43], 'SiteHistory': ['Unknown', 'T2_US_Purdue', 'T2_US_Purdue'], 'TotalSysCpuTimeHistory': [2]}, '12': {'Retries': 0, 'WallDurations': [11.0, 267.65222001075745, 9699.0], 'StartTimes': [1637168954.0], 'SubmitTimes': [1637168852.0], 'JobIds': ['71687565.0'], 'EndTimes': [1637178653.0], 'Restarts': 0, 'RecordedSite': True, 'State': 'finished', 'ResidentSetSize': [365780], 'TotalUserCpuTimeHistory': [30], 'SiteHistory': ['Unknown', 'T2_US_MIT', 'T2_US_MIT'], 'TotalSysCpuTimeHistory': [1]}, '15': {'Retries': 0, 'WallDurations': [10.0, 266.65222001075745, 11381.0], 'StartTimes': [1637168955.0], 'SubmitTimes': [1637168852.0], 'JobIds': ['71687568.0'], 'EndTimes': [1637180336.0], 'Restarts': 0, 'RecordedSite': True, 'State': 'finished', 'ResidentSetSize': [388204], 'TotalUserCpuTimeHistory': [45], 'SiteHistory': ['Unknown', 'T2_US_MIT', 'T2_US_MIT'], 'TotalSysCpuTimeHistory': [3]}, '14': {'Retries': 0, 'WallDurations': [9.0, 259.65222001075745, 1372.0], 'StartTimes': [1637168962.0], 'SubmitTimes': [1637168852.0], 'JobIds': ['71687567.0'], 'EndTimes': [1637170334.0], 'Restarts': 0, 'RecordedSite': True, 'State': 'finished', 'ResidentSetSize': [280064], 'TotalUserCpuTimeHistory': [25], 'SiteHistory': ['Unknown', 'T2_US_Purdue', 'T2_US_Purdue'], 'TotalSysCpuTimeHistory': [1]}, '17': {'Retries': 0, 'WallDurations': [9.0, 257.65222001075745, 2362.0], 'StartTimes': [1637168964.0], 'SubmitTimes': [1637168852.0], 'JobIds': ['71687570.0'], 'EndTimes': [1637171326.0], 'Restarts': 0, 'RecordedSite': True, 'State': 'finished', 'ResidentSetSize': [315544], 'TotalUserCpuTimeHistory': [52], 'SiteHistory': ['Unknown', 'T2_US_Purdue', 'T2_US_Purdue'], 'TotalSysCpuTimeHistory': [2]}, '16': {'Retries': 0, 'WallDurations': [10.0, 218.65222001075745, 1652.0], 'StartTimes': [1637169003.0], 'SubmitTimes': [1637168852.0], 'JobIds': ['71687569.0'], 'EndTimes': [1637170655.0], 'Restarts': 0, 'RecordedSite': True, 'State': 'finished', 'ResidentSetSize': [310020], 'TotalUserCpuTimeHistory': [8], 'SiteHistory': ['Unknown', 'T2_US_Purdue', 'T2_US_Purdue'], 'TotalSysCpuTimeHistory': [1]}, '1': {'Retries': 0, 'WallDurations': [8.0, 270.65222001075745, 1572.0], 'StartTimes': [1637168951.0], 'SubmitTimes': [1637168850.0], 'JobIds': ['71687554.0'], 'EndTimes': [1637170523.0], 'Restarts': 0, 'RecordedSite': True, 'State': 'finished', 'ResidentSetSize': [293172], 'TotalUserCpuTimeHistory': [38], 'SiteHistory': ['Unknown', 'T2_US_Purdue', 'T2_US_Purdue'], 'TotalSysCpuTimeHistory': [1]}, '3': {'Retries': 0, 'WallDurations': [9.0, 183.65222001075745, 3059.0], 'StartTimes': [1637169038.0], 'SubmitTimes': [1637168850.0], 'JobIds': ['71687556.0'], 'EndTimes': [1637172097.0], 'Restarts': 0, 'RecordedSite': True, 'State': 'finished', 'ResidentSetSize': [323724], 'TotalUserCpuTimeHistory': [36], 'SiteHistory': ['Unknown', 'T2_US_Purdue', 'T2_US_Purdue'], 'TotalSysCpuTimeHistory': [5]}, '2': {'Retries': 0, 'WallDurations': [9.0, 251.65222001075745, 2647.0], 'StartTimes': [1637168970.0], 'SubmitTimes': [1637168850.0], 'JobIds': ['71687555.0'], 'EndTimes': [1637171617.0], 'Restarts': 0, 'RecordedSite': True, 'State': 'finished', 'ResidentSetSize': [320768], 'TotalUserCpuTimeHistory': [50], 'SiteHistory': ['Unknown', 'T2_US_Purdue', 'T2_US_Purdue'], 'TotalSysCpuTimeHistory': [3]}, '5': {'Retries': 0, 'WallDurations': [8.0, 149.80069303512573, 315.0], 'StartTimes': [1637169372.0], 'SubmitTimes': [1637168851.0], 'JobIds': ['71687558.0'], 'EndTimes': [1637169687.0], 'Restarts': 0, 'RecordedSite': True, 'State': 'finished', 'ResidentSetSize': [45932], 'TotalUserCpuTimeHistory': [25], 'SiteHistory': ['Unknown', 'T2_US_MIT', 'T2_US_MIT'], 'TotalSysCpuTimeHistory': [1]}, '4': {'Retries': 0, 'WallDurations': [9.0, 270.80069303512573, 3008.0], 'StartTimes': [1637169251.0], 'SubmitTimes': [1637168851.0], 'JobIds': ['71687557.0'], 'EndTimes': [1637172259.0], 'Restarts': 0, 'RecordedSite': True, 'State': 'finished', 'ResidentSetSize': [373736], 'TotalUserCpuTimeHistory': [432], 'SiteHistory': ['Unknown', 'T2_US_Purdue', 'T2_US_Purdue'], 'TotalSysCpuTimeHistory': [922]}, '7': {'Retries': 0, 'WallDurations': [9.0, 1379.0], 'StartTimes': [1637168924.0], 'SubmitTimes': [1637168851.0], 'JobIds': ['71687560.0'], 'EndTimes': [1637170303.0], 'Restarts': 0, 'RecordedSite': True, 'State': 'finished', 'ResidentSetSize': [265140], 'TotalUserCpuTimeHistory': [26], 'SiteHistory': ['T2_US_Purdue', 'T2_US_Purdue'], 'TotalSysCpuTimeHistory': [1]}, '6': {'Retries': 0, 'WallDurations': [10.0, 272.65222001075745, 11448.0], 'StartTimes': [1637168949.0], 'SubmitTimes': [1637168851.0], 'JobIds': ['71687559.0'], 'EndTimes': [1637180397.0], 'Restarts': 0, 'RecordedSite': True, 'State': 'finished', 'ResidentSetSize': [345788], 'TotalUserCpuTimeHistory': [60], 'SiteHistory': ['Unknown', 'T2_US_MIT', 'T2_US_MIT'], 'TotalSysCpuTimeHistory': [5]}, '9': {'Retries': 0, 'WallDurations': [8.0, 289.65222001075745, 5435.0], 'StartTimes': [1637168932.0], 'SubmitTimes': [1637168851.0], 'JobIds': ['71687562.0'], 'EndTimes': [1637174367.0], 'Restarts': 0, 'RecordedSite': True, 'State': 'finished', 'ResidentSetSize': [331172], 'TotalUserCpuTimeHistory': [93], 'SiteHistory': ['Unknown', 'T2_US_Purdue', 'T2_US_Purdue'], 'TotalSysCpuTimeHistory': [6]}, '8': {'Retries': 0, 'WallDurations': [8.0, 247.65222001075745, 1754.0], 'StartTimes': [1637168974.0], 'SubmitTimes': [1637168851.0], 'JobIds': ['71687561.0'], 'EndTimes': [1637170728.0], 'Restarts': 0, 'RecordedSite': True, 'State': 'finished', 'ResidentSetSize': [355424], 'TotalUserCpuTimeHistory': [16], 'SiteHistory': ['Unknown', 'T2_US_Purdue', 'T2_US_Purdue'], 'TotalSysCpuTimeHistory': [2]}}
INFO 2021-11-18 09:22:23.624 UTC: 	 Status on the scheduler:	COMPLETED
INFO 2021-11-18 09:22:23.624 UTC: 	 
Jobs status:                    finished     		100.0% (17/17)
INFO 2021-11-18 09:22:23.624 UTC: 	 
No publication information (publication has been disabled in the CRAB configuration file)
INFO 2021-11-18 09:22:23.624 UTC: 	 
Warning: the max jobs runtime is less than 30% of the task requested value (1250 min), please consider to request a lower value for failed jobs (allowed through crab resubmit) and/or improve the jobs splitting (e.g. config.Data.splitting = 'Automatic') in a new task.
INFO 2021-11-18 09:22:23.624 UTC: 	 
Warning: the average jobs CPU efficiency is less than 50%, please consider to improve the jobs splitting (e.g. config.Data.splitting = 'Automatic') in a new task
INFO 2021-11-18 09:22:23.625 UTC: 	 
Summary of run jobs:
 * Memory: 286MB min, 379MB max, 300MB ave
 * Runtime: 0:05:15 min, 4:19:37 max, 1:15:00 ave
 * CPU eff: 0% min, 45% max, 3% ave
 * Waste: 1:09:48 (5% of total)

INFO 2021-11-18 09:22:23.632 UTC: 	 Log file is /afs/cern.ch/work/y/yian/work/GZ/CMSSW_10_6_20/src/PhysicsTools/NanoAODTools/WWG/2016post/crab/crab2016/crab_ZZ_TuneCP5_13TeV-pythia8_2016/crab.log
DEBUG 2021-11-18 10:17:23.358 UTC: 	 CRAB Client version: v3.210825
DEBUG 2021-11-18 10:17:23.358 UTC: 	 Running on: Linux lxplus791.cern.ch 3.10.0-1160.45.1.el7.x86_64 #1 SMP Wed Oct 13 17:20:51 UTC 2021 x86_64 x86_64 x86_64 GNU/Linux - CentOS Linux 7 (Core)
DEBUG 2021-11-18 10:17:23.358 UTC: 	 Executing command: 'status'
DEBUG 2021-11-18 10:17:23.358 UTC: 	 Found CRAB cache file /afs/cern.ch/user/y/yian/.crab3
DEBUG 2021-11-18 10:17:23.467 UTC: 	 Checking credentials
DEBUG 2021-11-18 10:17:23.468 UTC: 	 Found proxy file /tmp/x509up_u110046
DEBUG 2021-11-18 10:17:23.468 UTC: 	 Getting proxy life time left
DEBUG 2021-11-18 10:17:24.475 UTC: 	 Executing : 
 command : voms-proxy-info -file /tmp/x509up_u110046 -timeleft
 output : 592294

 error: 
 retcode : 0
DEBUG 2021-11-18 10:17:25.384 UTC: 	 Executing : 
 command : voms-proxy-info -file /tmp/x509up_u110046 -actimeleft
 output : 592292

 error: 
 retcode : 0
DEBUG 2021-11-18 10:17:25.384 UTC: 	 Proxy lifetime 592294 secs is different from voms extension lifetime 592292 secs for proxy: /tmp/x509up_u110046
DEBUG 2021-11-18 10:17:25.384 UTC: 	 Proxy valid for 164:31:32 hours
DEBUG 2021-11-18 10:17:25.476 UTC: 	 Registering user credentials for server /DC=ch/DC=cern/OU=computers/CN=crab-(preprod|prod|dev)-tw(02|01).cern.ch|/DC=ch/DC=cern/OU=computers/CN=stefanov(m|m2).cern.ch|/DC=ch/DC=cern/OU=computers/CN=dciangot-tw.cern.ch
DEBUG 2021-11-18 10:17:26.517 UTC: 	 Executing : 
 command : voms-proxy-info -file /tmp/x509up_u110046 -identity
 output : /DC=ch/DC=cern/OU=Organic Units/OU=Users/CN=yian/CN=826694/CN=Ying An

 error: 
 retcode : 0
DEBUG 2021-11-18 10:17:26.525 UTC: 	 Getting myproxy life time left for myproxy.cern.ch
DEBUG 2021-11-18 10:17:26.525 UTC: 	 using b52ac606a6f7097e9b4b8f05a3a67cc69f8f291b as credential login name
DEBUG 2021-11-18 10:17:26.830 UTC: 	 Executing : 
 command : myproxy-info -l b52ac606a6f7097e9b4b8f05a3a67cc69f8f291b -s myproxy.cern.ch
 output : username: b52ac606a6f7097e9b4b8f05a3a67cc69f8f291b
owner: /DC=ch/DC=cern/OU=Organic Units/OU=Users/CN=yian/CN=826694/CN=Ying An
  renewal policy: /DC=ch/DC=cern/OU=computers/CN=crab-(preprod|prod|dev)-tw(02|01).cern.ch|/DC=ch/DC=cern/OU=computers/CN=stefanov(m|m2).cern.ch|/DC=ch/DC=cern/OU=computers/CN=dciangot-tw.cern.ch
  trusted retrieval policy: /DC=ch/DC=cern/OU=computers/CN=crab-(preprod|prod|dev)-tw(02|01).cern.ch|/DC=ch/DC=cern/OU=computers/CN=stefanov(m|m2).cern.ch|/DC=ch/DC=cern/OU=computers/CN=dciangot-tw.cern.ch
  timeleft: 478:33:04  (19.9 days)

 error: 
 retcode : 0
DEBUG 2021-11-18 10:17:26.831 UTC: 	 Myproxy is valid: 1722784
DEBUG 2021-11-18 10:17:26.831 UTC: 	 Retrieving username ...
DEBUG 2021-11-18 10:17:26.831 UTC: 	 Retrieving username from CRIC...
DEBUG 2021-11-18 10:17:27.688 UTC: 	 username is yian
DEBUG 2021-11-18 10:17:27.698 UTC: 	 Getting myproxy life time left for myproxy.cern.ch
DEBUG 2021-11-18 10:17:27.698 UTC: 	 using yian_CRAB as credential login name
DEBUG 2021-11-18 10:17:28.104 UTC: 	 Executing : 
 command : myproxy-info -l yian_CRAB -s myproxy.cern.ch
 output : username: yian_CRAB
owner: /DC=ch/DC=cern/OU=Organic Units/OU=Users/CN=yian/CN=826694/CN=Ying An
  renewal policy: /DC=ch/DC=cern/OU=computers/CN=crab-(preprod|prod|dev)-tw(02|01).cern.ch|/DC=ch/DC=cern/OU=computers/CN=stefanov(m|m2).cern.ch|/DC=ch/DC=cern/OU=computers/CN=dciangot-tw.cern.ch
  trusted retrieval policy: /DC=ch/DC=cern/OU=computers/CN=crab-(preprod|prod|dev)-tw(02|01).cern.ch|/DC=ch/DC=cern/OU=computers/CN=stefanov(m|m2).cern.ch|/DC=ch/DC=cern/OU=computers/CN=dciangot-tw.cern.ch
  timeleft: 478:33:08  (19.9 days)

 error: 
 retcode : 0
DEBUG 2021-11-18 10:17:28.105 UTC: 	 Myproxy is valid: 1722788
DEBUG 2021-11-18 10:17:28.105 UTC: 	 Result of myproxy credential check:
  Credential exists on myproxy: username: b52ac606a6f7097e9b4b8f05a3a67cc69f8f291b  - validity: 19 days, 22:33:04
  Credential exists on myproxy: username: yian_CRAB  - validity: 19 days, 22:33:08
DEBUG 2021-11-18 10:17:28.106 UTC: 	 Command use: status
DEBUG 2021-11-18 10:17:28.106 UTC: 	 Options use: ['-d', 'crab2016/crab_ZZ_TuneCP5_13TeV-pythia8_2016']
DEBUG 2021-11-18 10:17:28.198 UTC: 	 CRABClient version: v3.210825
DEBUG 2021-11-18 10:17:28.198 UTC: 	 Instance is prod
DEBUG 2021-11-18 10:17:28.198 UTC: 	 Server base url is cmsweb.cern.ch
DEBUG 2021-11-18 10:17:28.199 UTC: 	 Command api workflow
DEBUG 2021-11-18 10:17:28.341 UTC: 	 Got information from server oracle database: {u'result': [u'211117_170622:yian_crab_ZZ_TuneCP5_13TeV-pythia8_2016', u'None', u'None', u'SUBMITTED', u'SUBMIT', u'2021-11-17 17:06:22.310827', u'None', u'2021-11-17 17:07:23.631626', u'None', u'CMSSW_10_6_20', u'slc7_amd64_gcc820', u'/ZZ_TuneCP5_13TeV-pythia8/RunIISummer20UL16NanoAODv9-106X_mcRun2_asymptotic_v17-v1/NANOAODSIM', u'T', u'0', u"[u'T2_US_UCSD', u'T2_US_Wisconsin', u'T2_US_MIT', u'T2_US_Caltech', u'T2_US_Purdue', u'T2_US_Nebraska']", u'[]', u'FileBased', u"{'splitOnRun': False, 'halt_job_on_file_boundaries': False, 'files_per_job': 1, 'runs': [], 'lumis': []}", u'bd736a0ca49dfa0dfab96903bb1581d6622ba6889f2fdcbb1b931bf047ceb81a.tar.gz', u'https://cmsweb.cern.ch/S3/crabcache_prod', u'yian', u'/DC=ch/DC=cern/OU=Organic Units/OU=Users/CN=yian/CN=826694/CN=Ying An', u'cms', u'None', u'None', u'ZZ_TuneCP5_13TeV-pythia8_2016-00000000000000000000000000000000', u'F', u'T3_CH_CERNBOX', u'https://cmsweb.cern.ch/dbs/prod/global/DBSReader', u'https://cmsweb.cern.ch/dbs/prod/phys03/DBSWriter', u'F', u'[]', u'[]', u"[b'tree.root']", u'Analysis', u'pythia', u'None', u'{}', u'[]', u'F', u'crab-prod-tw01', u'[]', u'1250', u'1', u'2000', u'10', u"['/ZZ_TuneCP5_13TeV-pythia8/yian-ZZ_TuneCP5_13TeV-pythia8_2016-cdc8a5f8d50b7902483cf88592ab9ddb/USER']", u'[]', u'http://vocms0196.cern.ch/mon/cms1407/211117_170622:yian_crab_ZZ_TuneCP5_13TeV-pythia8_2016', u'WWG_crab_script.sh', u"[b'isdata=MC', b'year=2016', b'era=B']", u'[]', u'https://cmsweb.cern.ch/crabserver/prod', u'cmsgwms-collector-global.cern.ch:9620,cmsgwms-collector-global.fnal.gov:9620', u'crab3@vocms0196.cern.ch', u'F', u'[]', u'T', u'/store/user/yian/', u'T', u'None', u'F', u'None', u'ZZ_TuneCP5_13TeV-pythia8', u'None', u'a8daeaad653153ab194f896be4b414857ca8c55a8c4f2c6bef8a99fa5ae4a870.tar.gz', u'71687552', u'filetransfers', u'F', u'188.185.120.166', u'0.0', u'None'], u'desc': {u'columns': [u'tm_taskname', u'tm_activity', u'panda_jobset_id', u'tm_task_status', u'tm_task_command', u'tm_start_time', u'tm_start_injection', u'tm_end_injection', u'tm_task_failure', u'tm_job_sw', u'tm_job_arch', u'tm_input_dataset', u'tm_nonvalid_input_dataset', u'tm_use_parent', u'tm_site_whitelist', u'tm_site_blacklist', u'tm_split_algo', u'tm_split_args', u'tm_user_sandbox', u'tm_cache_url', u'tm_username', u'tm_user_dn', u'tm_user_vo', u'tm_user_role', u'tm_user_group', u'tm_publish_name', u'tm_publish_groupname', u'tm_asyncdest', u'tm_dbs_url', u'tm_publish_dbs_url', u'tm_publication', u'tm_outfiles', u'tm_tfile_outfiles', u'tm_edm_outfiles', u'tm_job_type', u'tm_generator', u'tm_events_per_lumi', u'tm_arguments', u'panda_resubmitted_jobs', u'tm_save_logs', u'tw_name', u'tm_user_infiles', u'tm_maxjobruntime', u'tm_numcores', u'tm_maxmemory', u'tm_priority', u'tm_output_dataset', u'tm_task_warnings', u'tm_user_webdir', u'tm_scriptexe', u'tm_scriptargs', u'tm_extrajdl', u'tm_asourl', u'tm_collector', u'tm_schedd', u'tm_dry_run', u'tm_user_files', u'tm_transfer_outputs', u'tm_output_lfn', u'tm_ignore_locality', u'tm_fail_limit', u'tm_one_event_mode', u'tm_secondary_input_dataset', u'tm_primary_dataset', u'tm_last_publication', u'tm_debug_files', u'clusterid', u'tm_asodb', u'tm_ignore_global_blacklist', u'tm_submitter_ip_addr', u'tm_totalunits', u'tm_ddm_reqid']}}
INFO 2021-11-18 10:17:28.342 UTC: 	 CRAB project directory:		/afs/cern.ch/work/y/yian/work/GZ/CMSSW_10_6_20/src/PhysicsTools/NanoAODTools/WWG/2016post/crab/crab2016/crab_ZZ_TuneCP5_13TeV-pythia8_2016
INFO 2021-11-18 10:17:28.342 UTC: 	 Task name:			211117_170622:yian_crab_ZZ_TuneCP5_13TeV-pythia8_2016
INFO 2021-11-18 10:17:28.342 UTC: 	 Grid scheduler - Task Worker:	crab3@vocms0196.cern.ch - crab-prod-tw01
INFO 2021-11-18 10:17:28.342 UTC: 	 Status on the CRAB server:	SUBMITTED
INFO 2021-11-18 10:17:28.343 UTC: 	 Task URL to use for HELP:	https://cmsweb.cern.ch/crabserver/ui/task/211117_170622%3Ayian_crab_ZZ_TuneCP5_13TeV-pythia8_2016
INFO 2021-11-18 10:17:28.349 UTC: 	 Dashboard monitoring URL:	https://monit-grafana.cern.ch/d/cmsTMDetail/cms-task-monitoring-task-view?orgId=11&var-user=yian&var-task=211117_170622%3Ayian_crab_ZZ_TuneCP5_13TeV-pythia8_2016&from=1637165182000&to=now
DEBUG 2021-11-18 10:17:28.350 UTC: 	 The CRAB server submitted your task to the Grid scheduler (cluster ID: 71687552)
DEBUG 2021-11-18 10:17:28.350 UTC: 	 Webdir is located at http://vocms0196.cern.ch/mon/cms1407/211117_170622:yian_crab_ZZ_TuneCP5_13TeV-pythia8_2016
DEBUG 2021-11-18 10:17:28.413 UTC: 	 Proxied webdir is located at https://cmsweb.cern.ch:8443/scheddmon/0196/cms1407/211117_170622:yian_crab_ZZ_TuneCP5_13TeV-pythia8_2016
DEBUG 2021-11-18 10:17:28.413 UTC: 	 Retrieving 'status_cache' file from https://cmsweb.cern.ch:8443/scheddmon/0196/cms1407/211117_170622:yian_crab_ZZ_TuneCP5_13TeV-pythia8_2016/status_cache
DEBUG 2021-11-18 10:17:28.470 UTC: 	 Got information from status cache file: {'11': {'Retries': 0, 'WallDurations': [9.0, 271.65222001075745, 1463.0], 'StartTimes': [1637168950.0], 'SubmitTimes': [1637168852.0], 'JobIds': ['71687564.0'], 'EndTimes': [1637170413.0], 'Restarts': 0, 'RecordedSite': True, 'State': 'finished', 'ResidentSetSize': [264844], 'TotalUserCpuTimeHistory': [33], 'SiteHistory': ['Unknown', 'T2_US_Purdue', 'T2_US_Purdue'], 'TotalSysCpuTimeHistory': [1]}, '10': {'Retries': 0, 'WallDurations': [10.0, 272.65222001075745, 15577.0], 'StartTimes': [1637168949.0], 'SubmitTimes': [1637168851.0], 'JobIds': ['71687563.0'], 'EndTimes': [1637184526.0], 'Restarts': 0, 'RecordedSite': True, 'State': 'finished', 'ResidentSetSize': [333588], 'TotalUserCpuTimeHistory': [153], 'SiteHistory': ['Unknown', 'T2_US_MIT', 'T2_US_MIT'], 'TotalSysCpuTimeHistory': [16]}, '13': {'Retries': 0, 'WallDurations': [9.0, 282.65222001075745, 2385.0], 'StartTimes': [1637168939.0], 'SubmitTimes': [1637168852.0], 'JobIds': ['71687566.0'], 'EndTimes': [1637171324.0], 'Restarts': 0, 'RecordedSite': True, 'State': 'finished', 'ResidentSetSize': [305172], 'TotalUserCpuTimeHistory': [43], 'SiteHistory': ['Unknown', 'T2_US_Purdue', 'T2_US_Purdue'], 'TotalSysCpuTimeHistory': [2]}, '12': {'Retries': 0, 'WallDurations': [11.0, 267.65222001075745, 9699.0], 'StartTimes': [1637168954.0], 'SubmitTimes': [1637168852.0], 'JobIds': ['71687565.0'], 'EndTimes': [1637178653.0], 'Restarts': 0, 'RecordedSite': True, 'State': 'finished', 'ResidentSetSize': [365780], 'TotalUserCpuTimeHistory': [30], 'SiteHistory': ['Unknown', 'T2_US_MIT', 'T2_US_MIT'], 'TotalSysCpuTimeHistory': [1]}, '15': {'Retries': 0, 'WallDurations': [10.0, 266.65222001075745, 11381.0], 'StartTimes': [1637168955.0], 'SubmitTimes': [1637168852.0], 'JobIds': ['71687568.0'], 'EndTimes': [1637180336.0], 'Restarts': 0, 'RecordedSite': True, 'State': 'finished', 'ResidentSetSize': [388204], 'TotalUserCpuTimeHistory': [45], 'SiteHistory': ['Unknown', 'T2_US_MIT', 'T2_US_MIT'], 'TotalSysCpuTimeHistory': [3]}, '14': {'Retries': 0, 'WallDurations': [9.0, 259.65222001075745, 1372.0], 'StartTimes': [1637168962.0], 'SubmitTimes': [1637168852.0], 'JobIds': ['71687567.0'], 'EndTimes': [1637170334.0], 'Restarts': 0, 'RecordedSite': True, 'State': 'finished', 'ResidentSetSize': [280064], 'TotalUserCpuTimeHistory': [25], 'SiteHistory': ['Unknown', 'T2_US_Purdue', 'T2_US_Purdue'], 'TotalSysCpuTimeHistory': [1]}, '17': {'Retries': 0, 'WallDurations': [9.0, 257.65222001075745, 2362.0], 'StartTimes': [1637168964.0], 'SubmitTimes': [1637168852.0], 'JobIds': ['71687570.0'], 'EndTimes': [1637171326.0], 'Restarts': 0, 'RecordedSite': True, 'State': 'finished', 'ResidentSetSize': [315544], 'TotalUserCpuTimeHistory': [52], 'SiteHistory': ['Unknown', 'T2_US_Purdue', 'T2_US_Purdue'], 'TotalSysCpuTimeHistory': [2]}, '16': {'Retries': 0, 'WallDurations': [10.0, 218.65222001075745, 1652.0], 'StartTimes': [1637169003.0], 'SubmitTimes': [1637168852.0], 'JobIds': ['71687569.0'], 'EndTimes': [1637170655.0], 'Restarts': 0, 'RecordedSite': True, 'State': 'finished', 'ResidentSetSize': [310020], 'TotalUserCpuTimeHistory': [8], 'SiteHistory': ['Unknown', 'T2_US_Purdue', 'T2_US_Purdue'], 'TotalSysCpuTimeHistory': [1]}, '1': {'Retries': 0, 'WallDurations': [8.0, 270.65222001075745, 1572.0], 'StartTimes': [1637168951.0], 'SubmitTimes': [1637168850.0], 'JobIds': ['71687554.0'], 'EndTimes': [1637170523.0], 'Restarts': 0, 'RecordedSite': True, 'State': 'finished', 'ResidentSetSize': [293172], 'TotalUserCpuTimeHistory': [38], 'SiteHistory': ['Unknown', 'T2_US_Purdue', 'T2_US_Purdue'], 'TotalSysCpuTimeHistory': [1]}, '3': {'Retries': 0, 'WallDurations': [9.0, 183.65222001075745, 3059.0], 'StartTimes': [1637169038.0], 'SubmitTimes': [1637168850.0], 'JobIds': ['71687556.0'], 'EndTimes': [1637172097.0], 'Restarts': 0, 'RecordedSite': True, 'State': 'finished', 'ResidentSetSize': [323724], 'TotalUserCpuTimeHistory': [36], 'SiteHistory': ['Unknown', 'T2_US_Purdue', 'T2_US_Purdue'], 'TotalSysCpuTimeHistory': [5]}, '2': {'Retries': 0, 'WallDurations': [9.0, 251.65222001075745, 2647.0], 'StartTimes': [1637168970.0], 'SubmitTimes': [1637168850.0], 'JobIds': ['71687555.0'], 'EndTimes': [1637171617.0], 'Restarts': 0, 'RecordedSite': True, 'State': 'finished', 'ResidentSetSize': [320768], 'TotalUserCpuTimeHistory': [50], 'SiteHistory': ['Unknown', 'T2_US_Purdue', 'T2_US_Purdue'], 'TotalSysCpuTimeHistory': [3]}, '5': {'Retries': 0, 'WallDurations': [8.0, 149.80069303512573, 315.0], 'StartTimes': [1637169372.0], 'SubmitTimes': [1637168851.0], 'JobIds': ['71687558.0'], 'EndTimes': [1637169687.0], 'Restarts': 0, 'RecordedSite': True, 'State': 'finished', 'ResidentSetSize': [45932], 'TotalUserCpuTimeHistory': [25], 'SiteHistory': ['Unknown', 'T2_US_MIT', 'T2_US_MIT'], 'TotalSysCpuTimeHistory': [1]}, '4': {'Retries': 0, 'WallDurations': [9.0, 270.80069303512573, 3008.0], 'StartTimes': [1637169251.0], 'SubmitTimes': [1637168851.0], 'JobIds': ['71687557.0'], 'EndTimes': [1637172259.0], 'Restarts': 0, 'RecordedSite': True, 'State': 'finished', 'ResidentSetSize': [373736], 'TotalUserCpuTimeHistory': [432], 'SiteHistory': ['Unknown', 'T2_US_Purdue', 'T2_US_Purdue'], 'TotalSysCpuTimeHistory': [922]}, '7': {'Retries': 0, 'WallDurations': [9.0, 1379.0], 'StartTimes': [1637168924.0], 'SubmitTimes': [1637168851.0], 'JobIds': ['71687560.0'], 'EndTimes': [1637170303.0], 'Restarts': 0, 'RecordedSite': True, 'State': 'finished', 'ResidentSetSize': [265140], 'TotalUserCpuTimeHistory': [26], 'SiteHistory': ['T2_US_Purdue', 'T2_US_Purdue'], 'TotalSysCpuTimeHistory': [1]}, '6': {'Retries': 0, 'WallDurations': [10.0, 272.65222001075745, 11448.0], 'StartTimes': [1637168949.0], 'SubmitTimes': [1637168851.0], 'JobIds': ['71687559.0'], 'EndTimes': [1637180397.0], 'Restarts': 0, 'RecordedSite': True, 'State': 'finished', 'ResidentSetSize': [345788], 'TotalUserCpuTimeHistory': [60], 'SiteHistory': ['Unknown', 'T2_US_MIT', 'T2_US_MIT'], 'TotalSysCpuTimeHistory': [5]}, '9': {'Retries': 0, 'WallDurations': [8.0, 289.65222001075745, 5435.0], 'StartTimes': [1637168932.0], 'SubmitTimes': [1637168851.0], 'JobIds': ['71687562.0'], 'EndTimes': [1637174367.0], 'Restarts': 0, 'RecordedSite': True, 'State': 'finished', 'ResidentSetSize': [331172], 'TotalUserCpuTimeHistory': [93], 'SiteHistory': ['Unknown', 'T2_US_Purdue', 'T2_US_Purdue'], 'TotalSysCpuTimeHistory': [6]}, '8': {'Retries': 0, 'WallDurations': [8.0, 247.65222001075745, 1754.0], 'StartTimes': [1637168974.0], 'SubmitTimes': [1637168851.0], 'JobIds': ['71687561.0'], 'EndTimes': [1637170728.0], 'Restarts': 0, 'RecordedSite': True, 'State': 'finished', 'ResidentSetSize': [355424], 'TotalUserCpuTimeHistory': [16], 'SiteHistory': ['Unknown', 'T2_US_Purdue', 'T2_US_Purdue'], 'TotalSysCpuTimeHistory': [2]}}
INFO 2021-11-18 10:17:28.470 UTC: 	 Status on the scheduler:	COMPLETED
INFO 2021-11-18 10:17:28.470 UTC: 	 
Jobs status:                    finished     		100.0% (17/17)
INFO 2021-11-18 10:17:28.470 UTC: 	 
No publication information (publication has been disabled in the CRAB configuration file)
INFO 2021-11-18 10:17:28.471 UTC: 	 
Warning: the max jobs runtime is less than 30% of the task requested value (1250 min), please consider to request a lower value for failed jobs (allowed through crab resubmit) and/or improve the jobs splitting (e.g. config.Data.splitting = 'Automatic') in a new task.
INFO 2021-11-18 10:17:28.471 UTC: 	 
Warning: the average jobs CPU efficiency is less than 50%, please consider to improve the jobs splitting (e.g. config.Data.splitting = 'Automatic') in a new task
INFO 2021-11-18 10:17:28.471 UTC: 	 
Summary of run jobs:
 * Memory: 286MB min, 379MB max, 300MB ave
 * Runtime: 0:05:15 min, 4:19:37 max, 1:15:00 ave
 * CPU eff: 0% min, 45% max, 3% ave
 * Waste: 1:09:48 (5% of total)

INFO 2021-11-18 10:17:28.481 UTC: 	 Log file is /afs/cern.ch/work/y/yian/work/GZ/CMSSW_10_6_20/src/PhysicsTools/NanoAODTools/WWG/2016post/crab/crab2016/crab_ZZ_TuneCP5_13TeV-pythia8_2016/crab.log
DEBUG 2021-11-18 14:21:35.398 UTC: 	 CRAB Client version: v3.210825
DEBUG 2021-11-18 14:21:35.399 UTC: 	 Running on: Linux lxplus794.cern.ch 3.10.0-1160.45.1.el7.x86_64 #1 SMP Wed Oct 13 17:20:51 UTC 2021 x86_64 x86_64 x86_64 GNU/Linux - CentOS Linux 7 (Core)
DEBUG 2021-11-18 14:21:35.399 UTC: 	 Executing command: 'status'
DEBUG 2021-11-18 14:21:35.399 UTC: 	 Found CRAB cache file /afs/cern.ch/user/y/yian/.crab3
DEBUG 2021-11-18 14:21:35.582 UTC: 	 Checking credentials
DEBUG 2021-11-18 14:21:35.582 UTC: 	 Found proxy file /tmp/x509up_u110046
DEBUG 2021-11-18 14:21:35.582 UTC: 	 Getting proxy life time left
DEBUG 2021-11-18 14:21:36.499 UTC: 	 Executing : 
 command : voms-proxy-info -file /tmp/x509up_u110046 -timeleft
 output : 577300

 error: 
 retcode : 0
DEBUG 2021-11-18 14:21:37.332 UTC: 	 Executing : 
 command : voms-proxy-info -file /tmp/x509up_u110046 -actimeleft
 output : 577299

 error: 
 retcode : 0
DEBUG 2021-11-18 14:21:37.333 UTC: 	 Proxy lifetime 577300 secs is different from voms extension lifetime 577299 secs for proxy: /tmp/x509up_u110046
DEBUG 2021-11-18 14:21:37.333 UTC: 	 Proxy valid for 160:21:39 hours
DEBUG 2021-11-18 14:21:37.417 UTC: 	 Registering user credentials for server /DC=ch/DC=cern/OU=computers/CN=crab-(preprod|prod|dev)-tw(02|01).cern.ch|/DC=ch/DC=cern/OU=computers/CN=stefanov(m|m2).cern.ch|/DC=ch/DC=cern/OU=computers/CN=dciangot-tw.cern.ch
DEBUG 2021-11-18 14:21:38.335 UTC: 	 Executing : 
 command : voms-proxy-info -file /tmp/x509up_u110046 -identity
 output : /DC=ch/DC=cern/OU=Organic Units/OU=Users/CN=yian/CN=826694/CN=Ying An

 error: 
 retcode : 0
DEBUG 2021-11-18 14:21:38.344 UTC: 	 Getting myproxy life time left for myproxy.cern.ch
DEBUG 2021-11-18 14:21:38.344 UTC: 	 using b52ac606a6f7097e9b4b8f05a3a67cc69f8f291b as credential login name
DEBUG 2021-11-18 14:21:38.657 UTC: 	 Executing : 
 command : myproxy-info -l b52ac606a6f7097e9b4b8f05a3a67cc69f8f291b -s myproxy.cern.ch
 output : username: b52ac606a6f7097e9b4b8f05a3a67cc69f8f291b
owner: /DC=ch/DC=cern/OU=Organic Units/OU=Users/CN=yian/CN=826694/CN=Ying An
  renewal policy: /DC=ch/DC=cern/OU=computers/CN=crab-(preprod|prod|dev)-tw(02|01).cern.ch|/DC=ch/DC=cern/OU=computers/CN=stefanov(m|m2).cern.ch|/DC=ch/DC=cern/OU=computers/CN=dciangot-tw.cern.ch
  trusted retrieval policy: /DC=ch/DC=cern/OU=computers/CN=crab-(preprod|prod|dev)-tw(02|01).cern.ch|/DC=ch/DC=cern/OU=computers/CN=stefanov(m|m2).cern.ch|/DC=ch/DC=cern/OU=computers/CN=dciangot-tw.cern.ch
  timeleft: 474:28:52  (19.8 days)

 error: 
 retcode : 0
DEBUG 2021-11-18 14:21:38.658 UTC: 	 Myproxy is valid: 1708132
DEBUG 2021-11-18 14:21:38.659 UTC: 	 Retrieving username ...
DEBUG 2021-11-18 14:21:38.659 UTC: 	 Retrieving username from CRIC...
DEBUG 2021-11-18 14:21:39.618 UTC: 	 username is yian
DEBUG 2021-11-18 14:21:39.625 UTC: 	 Getting myproxy life time left for myproxy.cern.ch
DEBUG 2021-11-18 14:21:39.625 UTC: 	 using yian_CRAB as credential login name
DEBUG 2021-11-18 14:21:40.033 UTC: 	 Executing : 
 command : myproxy-info -l yian_CRAB -s myproxy.cern.ch
 output : username: yian_CRAB
owner: /DC=ch/DC=cern/OU=Organic Units/OU=Users/CN=yian/CN=826694/CN=Ying An
  renewal policy: /DC=ch/DC=cern/OU=computers/CN=crab-(preprod|prod|dev)-tw(02|01).cern.ch|/DC=ch/DC=cern/OU=computers/CN=stefanov(m|m2).cern.ch|/DC=ch/DC=cern/OU=computers/CN=dciangot-tw.cern.ch
  trusted retrieval policy: /DC=ch/DC=cern/OU=computers/CN=crab-(preprod|prod|dev)-tw(02|01).cern.ch|/DC=ch/DC=cern/OU=computers/CN=stefanov(m|m2).cern.ch|/DC=ch/DC=cern/OU=computers/CN=dciangot-tw.cern.ch
  timeleft: 474:28:57  (19.8 days)

 error: 
 retcode : 0
DEBUG 2021-11-18 14:21:40.033 UTC: 	 Myproxy is valid: 1708137
DEBUG 2021-11-18 14:21:40.033 UTC: 	 Result of myproxy credential check:
  Credential exists on myproxy: username: b52ac606a6f7097e9b4b8f05a3a67cc69f8f291b  - validity: 19 days, 18:28:52
  Credential exists on myproxy: username: yian_CRAB  - validity: 19 days, 18:28:57
DEBUG 2021-11-18 14:21:40.035 UTC: 	 Command use: status
DEBUG 2021-11-18 14:21:40.035 UTC: 	 Options use: ['-d', 'crab2016/crab_ZZ_TuneCP5_13TeV-pythia8_2016']
DEBUG 2021-11-18 14:21:40.111 UTC: 	 CRABClient version: v3.210825
DEBUG 2021-11-18 14:21:40.111 UTC: 	 Instance is prod
DEBUG 2021-11-18 14:21:40.111 UTC: 	 Server base url is cmsweb.cern.ch
DEBUG 2021-11-18 14:21:40.111 UTC: 	 Command api workflow
DEBUG 2021-11-18 14:21:40.166 UTC: 	 Got information from server oracle database: {u'result': [u'211117_170622:yian_crab_ZZ_TuneCP5_13TeV-pythia8_2016', u'None', u'None', u'SUBMITTED', u'SUBMIT', u'2021-11-17 17:06:22.310827', u'None', u'2021-11-17 17:07:23.631626', u'None', u'CMSSW_10_6_20', u'slc7_amd64_gcc820', u'/ZZ_TuneCP5_13TeV-pythia8/RunIISummer20UL16NanoAODv9-106X_mcRun2_asymptotic_v17-v1/NANOAODSIM', u'T', u'0', u"[u'T2_US_UCSD', u'T2_US_Wisconsin', u'T2_US_MIT', u'T2_US_Caltech', u'T2_US_Purdue', u'T2_US_Nebraska']", u'[]', u'FileBased', u"{'splitOnRun': False, 'halt_job_on_file_boundaries': False, 'files_per_job': 1, 'runs': [], 'lumis': []}", u'bd736a0ca49dfa0dfab96903bb1581d6622ba6889f2fdcbb1b931bf047ceb81a.tar.gz', u'https://cmsweb.cern.ch/S3/crabcache_prod', u'yian', u'/DC=ch/DC=cern/OU=Organic Units/OU=Users/CN=yian/CN=826694/CN=Ying An', u'cms', u'None', u'None', u'ZZ_TuneCP5_13TeV-pythia8_2016-00000000000000000000000000000000', u'F', u'T3_CH_CERNBOX', u'https://cmsweb.cern.ch/dbs/prod/global/DBSReader', u'https://cmsweb.cern.ch/dbs/prod/phys03/DBSWriter', u'F', u'[]', u'[]', u"[b'tree.root']", u'Analysis', u'pythia', u'None', u'{}', u'[]', u'F', u'crab-prod-tw01', u'[]', u'1250', u'1', u'2000', u'10', u"['/ZZ_TuneCP5_13TeV-pythia8/yian-ZZ_TuneCP5_13TeV-pythia8_2016-cdc8a5f8d50b7902483cf88592ab9ddb/USER']", u'[]', u'http://vocms0196.cern.ch/mon/cms1407/211117_170622:yian_crab_ZZ_TuneCP5_13TeV-pythia8_2016', u'WWG_crab_script.sh', u"[b'isdata=MC', b'year=2016', b'era=B']", u'[]', u'https://cmsweb.cern.ch/crabserver/prod', u'cmsgwms-collector-global.cern.ch:9620,cmsgwms-collector-global.fnal.gov:9620', u'crab3@vocms0196.cern.ch', u'F', u'[]', u'T', u'/store/user/yian/', u'T', u'None', u'F', u'None', u'ZZ_TuneCP5_13TeV-pythia8', u'None', u'a8daeaad653153ab194f896be4b414857ca8c55a8c4f2c6bef8a99fa5ae4a870.tar.gz', u'71687552', u'filetransfers', u'F', u'188.185.120.166', u'0.0', u'None'], u'desc': {u'columns': [u'tm_taskname', u'tm_activity', u'panda_jobset_id', u'tm_task_status', u'tm_task_command', u'tm_start_time', u'tm_start_injection', u'tm_end_injection', u'tm_task_failure', u'tm_job_sw', u'tm_job_arch', u'tm_input_dataset', u'tm_nonvalid_input_dataset', u'tm_use_parent', u'tm_site_whitelist', u'tm_site_blacklist', u'tm_split_algo', u'tm_split_args', u'tm_user_sandbox', u'tm_cache_url', u'tm_username', u'tm_user_dn', u'tm_user_vo', u'tm_user_role', u'tm_user_group', u'tm_publish_name', u'tm_publish_groupname', u'tm_asyncdest', u'tm_dbs_url', u'tm_publish_dbs_url', u'tm_publication', u'tm_outfiles', u'tm_tfile_outfiles', u'tm_edm_outfiles', u'tm_job_type', u'tm_generator', u'tm_events_per_lumi', u'tm_arguments', u'panda_resubmitted_jobs', u'tm_save_logs', u'tw_name', u'tm_user_infiles', u'tm_maxjobruntime', u'tm_numcores', u'tm_maxmemory', u'tm_priority', u'tm_output_dataset', u'tm_task_warnings', u'tm_user_webdir', u'tm_scriptexe', u'tm_scriptargs', u'tm_extrajdl', u'tm_asourl', u'tm_collector', u'tm_schedd', u'tm_dry_run', u'tm_user_files', u'tm_transfer_outputs', u'tm_output_lfn', u'tm_ignore_locality', u'tm_fail_limit', u'tm_one_event_mode', u'tm_secondary_input_dataset', u'tm_primary_dataset', u'tm_last_publication', u'tm_debug_files', u'clusterid', u'tm_asodb', u'tm_ignore_global_blacklist', u'tm_submitter_ip_addr', u'tm_totalunits', u'tm_ddm_reqid']}}
INFO 2021-11-18 14:21:40.167 UTC: 	 CRAB project directory:		/afs/cern.ch/work/y/yian/work/GZ/CMSSW_10_6_20/src/PhysicsTools/NanoAODTools/WWG/2016post/crab/crab2016/crab_ZZ_TuneCP5_13TeV-pythia8_2016
INFO 2021-11-18 14:21:40.167 UTC: 	 Task name:			211117_170622:yian_crab_ZZ_TuneCP5_13TeV-pythia8_2016
INFO 2021-11-18 14:21:40.167 UTC: 	 Grid scheduler - Task Worker:	crab3@vocms0196.cern.ch - crab-prod-tw01
INFO 2021-11-18 14:21:40.167 UTC: 	 Status on the CRAB server:	SUBMITTED
INFO 2021-11-18 14:21:40.168 UTC: 	 Task URL to use for HELP:	https://cmsweb.cern.ch/crabserver/ui/task/211117_170622%3Ayian_crab_ZZ_TuneCP5_13TeV-pythia8_2016
INFO 2021-11-18 14:21:40.173 UTC: 	 Dashboard monitoring URL:	https://monit-grafana.cern.ch/d/cmsTMDetail/cms-task-monitoring-task-view?orgId=11&var-user=yian&var-task=211117_170622%3Ayian_crab_ZZ_TuneCP5_13TeV-pythia8_2016&from=1637165182000&to=now
DEBUG 2021-11-18 14:21:40.173 UTC: 	 The CRAB server submitted your task to the Grid scheduler (cluster ID: 71687552)
DEBUG 2021-11-18 14:21:40.173 UTC: 	 Webdir is located at http://vocms0196.cern.ch/mon/cms1407/211117_170622:yian_crab_ZZ_TuneCP5_13TeV-pythia8_2016
DEBUG 2021-11-18 14:21:40.245 UTC: 	 Proxied webdir is located at https://cmsweb.cern.ch:8443/scheddmon/0196/cms1407/211117_170622:yian_crab_ZZ_TuneCP5_13TeV-pythia8_2016
DEBUG 2021-11-18 14:21:40.245 UTC: 	 Retrieving 'status_cache' file from https://cmsweb.cern.ch:8443/scheddmon/0196/cms1407/211117_170622:yian_crab_ZZ_TuneCP5_13TeV-pythia8_2016/status_cache
DEBUG 2021-11-18 14:21:40.285 UTC: 	 Got information from status cache file: {'11': {'Retries': 0, 'WallDurations': [9.0, 271.65222001075745, 1463.0], 'StartTimes': [1637168950.0], 'SubmitTimes': [1637168852.0], 'JobIds': ['71687564.0'], 'EndTimes': [1637170413.0], 'Restarts': 0, 'RecordedSite': True, 'State': 'finished', 'ResidentSetSize': [264844], 'TotalUserCpuTimeHistory': [33], 'SiteHistory': ['Unknown', 'T2_US_Purdue', 'T2_US_Purdue'], 'TotalSysCpuTimeHistory': [1]}, '10': {'Retries': 0, 'WallDurations': [10.0, 272.65222001075745, 15577.0], 'StartTimes': [1637168949.0], 'SubmitTimes': [1637168851.0], 'JobIds': ['71687563.0'], 'EndTimes': [1637184526.0], 'Restarts': 0, 'RecordedSite': True, 'State': 'finished', 'ResidentSetSize': [333588], 'TotalUserCpuTimeHistory': [153], 'SiteHistory': ['Unknown', 'T2_US_MIT', 'T2_US_MIT'], 'TotalSysCpuTimeHistory': [16]}, '13': {'Retries': 0, 'WallDurations': [9.0, 282.65222001075745, 2385.0], 'StartTimes': [1637168939.0], 'SubmitTimes': [1637168852.0], 'JobIds': ['71687566.0'], 'EndTimes': [1637171324.0], 'Restarts': 0, 'RecordedSite': True, 'State': 'finished', 'ResidentSetSize': [305172], 'TotalUserCpuTimeHistory': [43], 'SiteHistory': ['Unknown', 'T2_US_Purdue', 'T2_US_Purdue'], 'TotalSysCpuTimeHistory': [2]}, '12': {'Retries': 0, 'WallDurations': [11.0, 267.65222001075745, 9699.0], 'StartTimes': [1637168954.0], 'SubmitTimes': [1637168852.0], 'JobIds': ['71687565.0'], 'EndTimes': [1637178653.0], 'Restarts': 0, 'RecordedSite': True, 'State': 'finished', 'ResidentSetSize': [365780], 'TotalUserCpuTimeHistory': [30], 'SiteHistory': ['Unknown', 'T2_US_MIT', 'T2_US_MIT'], 'TotalSysCpuTimeHistory': [1]}, '15': {'Retries': 0, 'WallDurations': [10.0, 266.65222001075745, 11381.0], 'StartTimes': [1637168955.0], 'SubmitTimes': [1637168852.0], 'JobIds': ['71687568.0'], 'EndTimes': [1637180336.0], 'Restarts': 0, 'RecordedSite': True, 'State': 'finished', 'ResidentSetSize': [388204], 'TotalUserCpuTimeHistory': [45], 'SiteHistory': ['Unknown', 'T2_US_MIT', 'T2_US_MIT'], 'TotalSysCpuTimeHistory': [3]}, '14': {'Retries': 0, 'WallDurations': [9.0, 259.65222001075745, 1372.0], 'StartTimes': [1637168962.0], 'SubmitTimes': [1637168852.0], 'JobIds': ['71687567.0'], 'EndTimes': [1637170334.0], 'Restarts': 0, 'RecordedSite': True, 'State': 'finished', 'ResidentSetSize': [280064], 'TotalUserCpuTimeHistory': [25], 'SiteHistory': ['Unknown', 'T2_US_Purdue', 'T2_US_Purdue'], 'TotalSysCpuTimeHistory': [1]}, '17': {'Retries': 0, 'WallDurations': [9.0, 257.65222001075745, 2362.0], 'StartTimes': [1637168964.0], 'SubmitTimes': [1637168852.0], 'JobIds': ['71687570.0'], 'EndTimes': [1637171326.0], 'Restarts': 0, 'RecordedSite': True, 'State': 'finished', 'ResidentSetSize': [315544], 'TotalUserCpuTimeHistory': [52], 'SiteHistory': ['Unknown', 'T2_US_Purdue', 'T2_US_Purdue'], 'TotalSysCpuTimeHistory': [2]}, '16': {'Retries': 0, 'WallDurations': [10.0, 218.65222001075745, 1652.0], 'StartTimes': [1637169003.0], 'SubmitTimes': [1637168852.0], 'JobIds': ['71687569.0'], 'EndTimes': [1637170655.0], 'Restarts': 0, 'RecordedSite': True, 'State': 'finished', 'ResidentSetSize': [310020], 'TotalUserCpuTimeHistory': [8], 'SiteHistory': ['Unknown', 'T2_US_Purdue', 'T2_US_Purdue'], 'TotalSysCpuTimeHistory': [1]}, '1': {'Retries': 0, 'WallDurations': [8.0, 270.65222001075745, 1572.0], 'StartTimes': [1637168951.0], 'SubmitTimes': [1637168850.0], 'JobIds': ['71687554.0'], 'EndTimes': [1637170523.0], 'Restarts': 0, 'RecordedSite': True, 'State': 'finished', 'ResidentSetSize': [293172], 'TotalUserCpuTimeHistory': [38], 'SiteHistory': ['Unknown', 'T2_US_Purdue', 'T2_US_Purdue'], 'TotalSysCpuTimeHistory': [1]}, '3': {'Retries': 0, 'WallDurations': [9.0, 183.65222001075745, 3059.0], 'StartTimes': [1637169038.0], 'SubmitTimes': [1637168850.0], 'JobIds': ['71687556.0'], 'EndTimes': [1637172097.0], 'Restarts': 0, 'RecordedSite': True, 'State': 'finished', 'ResidentSetSize': [323724], 'TotalUserCpuTimeHistory': [36], 'SiteHistory': ['Unknown', 'T2_US_Purdue', 'T2_US_Purdue'], 'TotalSysCpuTimeHistory': [5]}, '2': {'Retries': 0, 'WallDurations': [9.0, 251.65222001075745, 2647.0], 'StartTimes': [1637168970.0], 'SubmitTimes': [1637168850.0], 'JobIds': ['71687555.0'], 'EndTimes': [1637171617.0], 'Restarts': 0, 'RecordedSite': True, 'State': 'finished', 'ResidentSetSize': [320768], 'TotalUserCpuTimeHistory': [50], 'SiteHistory': ['Unknown', 'T2_US_Purdue', 'T2_US_Purdue'], 'TotalSysCpuTimeHistory': [3]}, '5': {'Retries': 0, 'WallDurations': [8.0, 149.80069303512573, 315.0], 'StartTimes': [1637169372.0], 'SubmitTimes': [1637168851.0], 'JobIds': ['71687558.0'], 'EndTimes': [1637169687.0], 'Restarts': 0, 'RecordedSite': True, 'State': 'finished', 'ResidentSetSize': [45932], 'TotalUserCpuTimeHistory': [25], 'SiteHistory': ['Unknown', 'T2_US_MIT', 'T2_US_MIT'], 'TotalSysCpuTimeHistory': [1]}, '4': {'Retries': 0, 'WallDurations': [9.0, 270.80069303512573, 3008.0], 'StartTimes': [1637169251.0], 'SubmitTimes': [1637168851.0], 'JobIds': ['71687557.0'], 'EndTimes': [1637172259.0], 'Restarts': 0, 'RecordedSite': True, 'State': 'finished', 'ResidentSetSize': [373736], 'TotalUserCpuTimeHistory': [432], 'SiteHistory': ['Unknown', 'T2_US_Purdue', 'T2_US_Purdue'], 'TotalSysCpuTimeHistory': [922]}, '7': {'Retries': 0, 'WallDurations': [9.0, 1379.0], 'StartTimes': [1637168924.0], 'SubmitTimes': [1637168851.0], 'JobIds': ['71687560.0'], 'EndTimes': [1637170303.0], 'Restarts': 0, 'RecordedSite': True, 'State': 'finished', 'ResidentSetSize': [265140], 'TotalUserCpuTimeHistory': [26], 'SiteHistory': ['T2_US_Purdue', 'T2_US_Purdue'], 'TotalSysCpuTimeHistory': [1]}, '6': {'Retries': 0, 'WallDurations': [10.0, 272.65222001075745, 11448.0], 'StartTimes': [1637168949.0], 'SubmitTimes': [1637168851.0], 'JobIds': ['71687559.0'], 'EndTimes': [1637180397.0], 'Restarts': 0, 'RecordedSite': True, 'State': 'finished', 'ResidentSetSize': [345788], 'TotalUserCpuTimeHistory': [60], 'SiteHistory': ['Unknown', 'T2_US_MIT', 'T2_US_MIT'], 'TotalSysCpuTimeHistory': [5]}, '9': {'Retries': 0, 'WallDurations': [8.0, 289.65222001075745, 5435.0], 'StartTimes': [1637168932.0], 'SubmitTimes': [1637168851.0], 'JobIds': ['71687562.0'], 'EndTimes': [1637174367.0], 'Restarts': 0, 'RecordedSite': True, 'State': 'finished', 'ResidentSetSize': [331172], 'TotalUserCpuTimeHistory': [93], 'SiteHistory': ['Unknown', 'T2_US_Purdue', 'T2_US_Purdue'], 'TotalSysCpuTimeHistory': [6]}, '8': {'Retries': 0, 'WallDurations': [8.0, 247.65222001075745, 1754.0], 'StartTimes': [1637168974.0], 'SubmitTimes': [1637168851.0], 'JobIds': ['71687561.0'], 'EndTimes': [1637170728.0], 'Restarts': 0, 'RecordedSite': True, 'State': 'finished', 'ResidentSetSize': [355424], 'TotalUserCpuTimeHistory': [16], 'SiteHistory': ['Unknown', 'T2_US_Purdue', 'T2_US_Purdue'], 'TotalSysCpuTimeHistory': [2]}}
INFO 2021-11-18 14:21:40.285 UTC: 	 Status on the scheduler:	COMPLETED
INFO 2021-11-18 14:21:40.285 UTC: 	 
Jobs status:                    finished     		100.0% (17/17)
INFO 2021-11-18 14:21:40.285 UTC: 	 
No publication information (publication has been disabled in the CRAB configuration file)
INFO 2021-11-18 14:21:40.286 UTC: 	 
Warning: the max jobs runtime is less than 30% of the task requested value (1250 min), please consider to request a lower value for failed jobs (allowed through crab resubmit) and/or improve the jobs splitting (e.g. config.Data.splitting = 'Automatic') in a new task.
INFO 2021-11-18 14:21:40.286 UTC: 	 
Warning: the average jobs CPU efficiency is less than 50%, please consider to improve the jobs splitting (e.g. config.Data.splitting = 'Automatic') in a new task
INFO 2021-11-18 14:21:40.286 UTC: 	 
Summary of run jobs:
 * Memory: 286MB min, 379MB max, 300MB ave
 * Runtime: 0:05:15 min, 4:19:37 max, 1:15:00 ave
 * CPU eff: 0% min, 45% max, 3% ave
 * Waste: 1:09:48 (5% of total)

INFO 2021-11-18 14:21:40.561 UTC: 	 Log file is /afs/cern.ch/work/y/yian/work/GZ/CMSSW_10_6_20/src/PhysicsTools/NanoAODTools/WWG/2016post/crab/crab2016/crab_ZZ_TuneCP5_13TeV-pythia8_2016/crab.log
