DEBUG 2021-06-11 09:53:34.889 UTC: 	 CRAB Client version: v3.210601
DEBUG 2021-06-11 09:53:34.889 UTC: 	 Running on: Linux lxplus711.cern.ch 3.10.0-1160.25.1.el7.x86_64 #1 SMP Wed Apr 28 21:49:45 UTC 2021 x86_64 x86_64 x86_64 GNU/Linux - CentOS Linux 7 (Core)
DEBUG 2021-06-11 09:53:34.889 UTC: 	 Executing command: 'submit'
DEBUG 2021-06-11 09:53:34.891 UTC: 	 Found CRAB cache file /afs/cern.ch/user/y/yian/.crab3
INFO 2021-06-11 09:53:34.892 UTC: 	 Will use CRAB configuration file crabcode_2018/ST_tW_top_5f_DS_NoFullyHadronicDecays_TuneCP5_13TeV-powheg-pythia8_2018_cfg.py
DEBUG 2021-06-11 09:53:34.892 UTC: 	 Loading CRAB configuration file.
DEBUG 2021-06-11 09:53:34.951 UTC: 	 Will use CRAB Analysis plugin (i.e. will run an analysis job type).
DEBUG 2021-06-11 09:53:34.980 UTC: 	 Checking credentials
DEBUG 2021-06-11 09:53:34.980 UTC: 	 Found proxy file /tmp/x509up_u110046
DEBUG 2021-06-11 09:53:34.980 UTC: 	 Getting proxy life time left
DEBUG 2021-06-11 09:53:35.789 UTC: 	 Executing : 
 command : voms-proxy-info -file /tmp/x509up_u110046 -timeleft
 output : 600618

 error: 
 retcode : 0
DEBUG 2021-06-11 09:53:36.496 UTC: 	 Executing : 
 command : voms-proxy-info -file /tmp/x509up_u110046 -actimeleft
 output : 600617

 error: 
 retcode : 0
DEBUG 2021-06-11 09:53:36.496 UTC: 	 Proxy lifetime 600618 secs is different from voms extension lifetime 600617 secs for proxy: /tmp/x509up_u110046
DEBUG 2021-06-11 09:53:36.496 UTC: 	 Proxy valid for 166:50:17 hours
DEBUG 2021-06-11 09:53:37.206 UTC: 	 Executing : 
 command : env X509_USER_PROXY=/tmp/x509up_u110046 voms-proxy-info -fqan
 output : /cms/Role=NULL/Capability=NULL

 error: 
 retcode : 0
DEBUG 2021-06-11 09:53:37.269 UTC: 	 Registering user credentials for server /DC=ch/DC=cern/OU=computers/CN=crab-(preprod|prod|dev)-tw(02|01).cern.ch|/DC=ch/DC=cern/OU=computers/CN=(ddi|ddidk|mytw).cern.ch|/DC=ch/DC=cern/OU=computers/CN=stefanov(m|m2).cern.ch
DEBUG 2021-06-11 09:53:37.984 UTC: 	 Executing : 
 command : voms-proxy-info -file /tmp/x509up_u110046 -identity
 output : /DC=ch/DC=cern/OU=Organic Units/OU=Users/CN=yian/CN=826694/CN=Ying An

 error: 
 retcode : 0
DEBUG 2021-06-11 09:53:37.993 UTC: 	 Getting myproxy life time left for myproxy.cern.ch
DEBUG 2021-06-11 09:53:37.993 UTC: 	 using b52ac606a6f7097e9b4b8f05a3a67cc69f8f291b as credential login name
DEBUG 2021-06-11 09:53:38.398 UTC: 	 Executing : 
 command : myproxy-info -l b52ac606a6f7097e9b4b8f05a3a67cc69f8f291b -s myproxy.cern.ch
 output : username: b52ac606a6f7097e9b4b8f05a3a67cc69f8f291b
owner: /DC=ch/DC=cern/OU=Organic Units/OU=Users/CN=yian/CN=826694/CN=Ying An
  renewal policy: /DC=ch/DC=cern/OU=computers/CN=crab-(preprod|prod|dev)-tw(02|01).cern.ch|/DC=ch/DC=cern/OU=computers/CN=(ddi|ddidk|mytw).cern.ch|/DC=ch/DC=cern/OU=computers/CN=stefanov(m|m2).cern.ch
  trusted retrieval policy: /DC=ch/DC=cern/OU=computers/CN=crab-(preprod|prod|dev)-tw(02|01).cern.ch|/DC=ch/DC=cern/OU=computers/CN=(ddi|ddidk|mytw).cern.ch|/DC=ch/DC=cern/OU=computers/CN=stefanov(m|m2).cern.ch
  timeleft: 622:16:46  (25.9 days)

 error: 
 retcode : 0
DEBUG 2021-06-11 09:53:38.399 UTC: 	 Myproxy is valid: 2240206
DEBUG 2021-06-11 09:53:38.400 UTC: 	 Retrieving username ...
DEBUG 2021-06-11 09:53:38.400 UTC: 	 Retrieving username from CRIC...
DEBUG 2021-06-11 09:53:39.232 UTC: 	 username is yian
DEBUG 2021-06-11 09:53:39.239 UTC: 	 Getting myproxy life time left for myproxy.cern.ch
DEBUG 2021-06-11 09:53:39.240 UTC: 	 using yian_CRAB as credential login name
DEBUG 2021-06-11 09:53:39.645 UTC: 	 Executing : 
 command : myproxy-info -l yian_CRAB -s myproxy.cern.ch
 output : username: yian_CRAB
owner: /DC=ch/DC=cern/OU=Organic Units/OU=Users/CN=yian/CN=826694/CN=Ying An
  renewal policy: /DC=ch/DC=cern/OU=computers/CN=crab-(preprod|prod|dev)-tw(02|01).cern.ch|/DC=ch/DC=cern/OU=computers/CN=(ddi|ddidk|mytw).cern.ch|/DC=ch/DC=cern/OU=computers/CN=stefanov(m|m2).cern.ch
  trusted retrieval policy: /DC=ch/DC=cern/OU=computers/CN=crab-(preprod|prod|dev)-tw(02|01).cern.ch|/DC=ch/DC=cern/OU=computers/CN=(ddi|ddidk|mytw).cern.ch|/DC=ch/DC=cern/OU=computers/CN=stefanov(m|m2).cern.ch
  timeleft: 622:32:19  (25.9 days)

 error: 
 retcode : 0
DEBUG 2021-06-11 09:53:39.645 UTC: 	 Myproxy is valid: 2241139
DEBUG 2021-06-11 09:53:39.645 UTC: 	 Result of myproxy credential check:
  Credential exists on myproxy: username: b52ac606a6f7097e9b4b8f05a3a67cc69f8f291b  - validity: 25 days, 22:16:46
  Credential exists on myproxy: username: yian_CRAB  - validity: 25 days, 22:32:19
DEBUG 2021-06-11 09:53:39.645 UTC: 	 Command use: submit
DEBUG 2021-06-11 09:53:39.646 UTC: 	 Options use: ['-c', 'crabcode_2018/ST_tW_top_5f_DS_NoFullyHadronicDecays_TuneCP5_13TeV-powheg-pythia8_2018_cfg.py']
DEBUG 2021-06-11 09:53:39.696 UTC: 	 CRABClient version: v3.210601
DEBUG 2021-06-11 09:53:39.696 UTC: 	 Instance is prod
DEBUG 2021-06-11 09:53:39.696 UTC: 	 Server base url is cmsweb.cern.ch
DEBUG 2021-06-11 09:53:39.696 UTC: 	 Command api workflow
DEBUG 2021-06-11 09:53:39.696 UTC: 	 Started submission
DEBUG 2021-06-11 09:53:39.696 UTC: 	 Working on /afs/cern.ch/work/y/yian/work/GZ/CMSSW_10_6_20/src/PhysicsTools/NanoAODTools/WWG/2018/crab/crab2018/crab_ST_tW_top_5f_DS_NoFullyHadronicDecays_TuneCP5_13TeV-powheg-pythia8_2018
DEBUG 2021-06-11 09:53:39.860 UTC: 	 Loading required information from the environment
DEBUG 2021-06-11 09:53:39.860 UTC: 	 Found CMSSW_10_6_20 for slc7_amd64_gcc820 with base /afs/cern.ch/work/y/yian/work/GZ/CMSSW_10_6_20
DEBUG 2021-06-11 09:53:39.860 UTC: 	 Loading required information from the environment
DEBUG 2021-06-11 09:53:39.860 UTC: 	 Found CMSSW_10_6_20 for slc7_amd64_gcc820 with base /afs/cern.ch/work/y/yian/work/GZ/CMSSW_10_6_20
DEBUG 2021-06-11 09:53:39.860 UTC: 	 UNIQUE NAME: tarUUID 49b4ac24-c2b6-447a-9751-353ac51f8572 
DEBUG 2021-06-11 09:53:39.860 UTC: 	 self.config: from WMCore.Configuration import Configuration
config = Configuration()
config.section_('General')
config.General.workArea = 'crab2018'
config.General.transferLogs = False
config.General.requestName = 'ST_tW_top_5f_DS_NoFullyHadronicDecays_TuneCP5_13TeV-powheg-pythia8_2018'
config.section_('JobType')
config.JobType.scriptArgs = ['isdata=MC', 'year=2018']
config.JobType.scriptExe = './WWG_crab_script.sh'
config.JobType.pluginName = 'Analysis'
config.JobType.sendPythonFolder = True
config.JobType.allowUndistributedCMSSW = True
config.JobType.psetName = 'PSet.py'
config.JobType.inputFiles = ['../../../scripts/haddnano.py', '../WWG_selector/WWG_postproc.py', '../WWG_selector/WWG_Module.py', '../WWG_selector/WWG_keep_and_drop.txt', '../WWG_selector/WWG_output_branch.txt', '../WWG_selector/DAS_filesearch.py']
config.section_('Data')
config.Data.inputDataset = '/ST_tW_top_5f_DS_NoFullyHadronicDecays_TuneCP5_13TeV-powheg-pythia8/RunIISummer19UL18NanoAODv2-106X_upgrade2018_realistic_v15_L1v1-v1/NANOAODSIM'
config.Data.allowNonValidInputDataset = True
config.Data.publication = False
config.Data.unitsPerJob = 1
config.Data.ignoreLocality = True
config.Data.inputDBS = 'global'
config.Data.splitting = 'FileBased'
config.Data.outputDatasetTag = 'ST_tW_top_5f_DS_NoFullyHadronicDecays_TuneCP5_13TeV-powheg-pythia8_2018'
config.section_('Site')
config.Site.whitelist = ['T2_US_MIT', 'T2_US_Wisconsin', 'T2_US_Purdue', 'T2_US_UCSD', 'T2_US_Caltech', 'T2_US_Nebraska']
config.Site.storageSite = 'T3_CH_CERNBOX'

DEBUG 2021-06-11 09:53:39.860 UTC: 	 self.config.JobType.psetName: PSet.py
INFO 2021-06-11 09:53:39.860 UTC: 	 Importing CMSSW configuration PSet.py
INFO 2021-06-11 09:53:40.490 UTC: 	 Finished importing CMSSW configuration PSet.py
DEBUG 2021-06-11 09:53:40.490 UTC: 	 Writing CMSSW configuration to /afs/cern.ch/work/y/yian/work/GZ/CMSSW_10_6_20/src/PhysicsTools/NanoAODTools/WWG/2018/crab/crab2018/crab_ST_tW_top_5f_DS_NoFullyHadronicDecays_TuneCP5_13TeV-powheg-pythia8_2018/inputs/PSet.py
DEBUG 2021-06-11 09:53:40.507 UTC: 	 The following EDM output files will be collected: ['tree.root']
DEBUG 2021-06-11 09:53:40.507 UTC: 	 The following TFile output files will be collected: []
DEBUG 2021-06-11 09:53:40.507 UTC: 	 The following user output files (not listed as PoolOuputModule or TFileService in the CMSSW PSet) will be collected: 
DEBUG 2021-06-11 09:53:40.507 UTC: 	 Loading required information from the environment
DEBUG 2021-06-11 09:53:40.507 UTC: 	 Found CMSSW_10_6_20 for slc7_amd64_gcc820 with base /afs/cern.ch/work/y/yian/work/GZ/CMSSW_10_6_20
DEBUG 2021-06-11 09:53:40.507 UTC: 	 Making tarball in /afs/cern.ch/work/y/yian/work/GZ/CMSSW_10_6_20/src/PhysicsTools/NanoAODTools/WWG/2018/crab/crab2018/crab_ST_tW_top_5f_DS_NoFullyHadronicDecays_TuneCP5_13TeV-powheg-pythia8_2018/inputs/49b4ac24-c2b6-447a-9751-353ac51f8572default.tgz
DEBUG 2021-06-11 09:53:40.509 UTC: 	 Checking directory /afs/cern.ch/work/y/yian/work/GZ/CMSSW_10_6_20/lib
DEBUG 2021-06-11 09:53:40.509 UTC: 	 Adding directory /afs/cern.ch/work/y/yian/work/GZ/CMSSW_10_6_20/lib to tarball
DEBUG 2021-06-11 09:53:40.637 UTC: 	 Checking directory /afs/cern.ch/work/y/yian/work/GZ/CMSSW_10_6_20/biglib
DEBUG 2021-06-11 09:53:40.637 UTC: 	 Adding directory /afs/cern.ch/work/y/yian/work/GZ/CMSSW_10_6_20/biglib to tarball
DEBUG 2021-06-11 09:53:40.640 UTC: 	 Checking directory /afs/cern.ch/work/y/yian/work/GZ/CMSSW_10_6_20/module
DEBUG 2021-06-11 09:53:40.640 UTC: 	 Checking directory /afs/cern.ch/work/y/yian/work/GZ/CMSSW_10_6_20/python
DEBUG 2021-06-11 09:53:40.640 UTC: 	 Adding directory /afs/cern.ch/work/y/yian/work/GZ/CMSSW_10_6_20/python to tarball
DEBUG 2021-06-11 09:53:43.186 UTC: 	 Checking directory /afs/cern.ch/work/y/yian/work/GZ/CMSSW_10_6_20/cfipython
DEBUG 2021-06-11 09:53:43.186 UTC: 	 Adding directory /afs/cern.ch/work/y/yian/work/GZ/CMSSW_10_6_20/cfipython to tarball
DEBUG 2021-06-11 09:53:44.364 UTC: 	 Adding data directory /afs/cern.ch/work/y/yian/work/GZ/CMSSW_10_6_20/src/PhysicsTools/NanoAODTools/data to tarball
DEBUG 2021-06-11 09:54:05.376 UTC: 	 Adding data directory /afs/cern.ch/work/y/yian/work/GZ/CMSSW_10_6_20/src/PhysicsTools/NanoAODTools/interface to tarball
DEBUG 2021-06-11 09:54:05.387 UTC: 	 Adding data directory /afs/cern.ch/work/y/yian/work/GZ/CMSSW_10_6_20/src/PhysicsTools/NanoAODTools/python/postprocessing/data to tarball
DEBUG 2021-06-11 09:54:07.841 UTC: 	 Adding file ../../../scripts/haddnano.py to tarball
DEBUG 2021-06-11 09:54:07.842 UTC: 	 Adding file ../WWG_selector/WWG_postproc.py to tarball
DEBUG 2021-06-11 09:54:07.842 UTC: 	 Adding file ../WWG_selector/WWG_Module.py to tarball
DEBUG 2021-06-11 09:54:07.843 UTC: 	 Adding file ../WWG_selector/WWG_keep_and_drop.txt to tarball
DEBUG 2021-06-11 09:54:07.843 UTC: 	 Adding file ../WWG_selector/WWG_output_branch.txt to tarball
DEBUG 2021-06-11 09:54:07.844 UTC: 	 Adding file ../WWG_selector/DAS_filesearch.py to tarball
DEBUG 2021-06-11 09:54:15.241 UTC: 	 Uploading archive /afs/cern.ch/work/y/yian/work/GZ/CMSSW_10_6_20/src/PhysicsTools/NanoAODTools/WWG/2018/crab/crab2018/crab_ST_tW_top_5f_DS_NoFullyHadronicDecays_TuneCP5_13TeV-powheg-pythia8_2018/inputs/49b4ac24-c2b6-447a-9751-353ac51f8572default.tgz (94 MB) to the CRAB cache. Using URI https://cmsweb-prod.cern.ch:8443/crabcache
DEBUG 2021-06-11 09:55:18.727 UTC: 	 Successfully uploaded tarball to S3 as well
DEBUG 2021-06-11 09:55:18.880 UTC: 	 Report of S3 upload stored on CrabCache as S3-210611_095515.870:s3report.json
DEBUG 2021-06-11 09:55:18.881 UTC: 	 Loading required information from the environment
DEBUG 2021-06-11 09:55:18.881 UTC: 	 Found CMSSW_10_6_20 for slc7_amd64_gcc820 with base /afs/cern.ch/work/y/yian/work/GZ/CMSSW_10_6_20
DEBUG 2021-06-11 09:55:18.881 UTC: 	 Making tarball in /afs/cern.ch/work/y/yian/work/GZ/CMSSW_10_6_20/src/PhysicsTools/NanoAODTools/WWG/2018/crab/crab2018/crab_ST_tW_top_5f_DS_NoFullyHadronicDecays_TuneCP5_13TeV-powheg-pythia8_2018/inputs/debugFiles.tgz
DEBUG 2021-06-11 09:55:18.958 UTC: 	 Uploading archive /afs/cern.ch/work/y/yian/work/GZ/CMSSW_10_6_20/src/PhysicsTools/NanoAODTools/WWG/2018/crab/crab2018/crab_ST_tW_top_5f_DS_NoFullyHadronicDecays_TuneCP5_13TeV-powheg-pythia8_2018/inputs/debugFiles.tgz (1 KB) to the CRAB cache. Using URI https://cmsweb-prod.cern.ch:8443/crabcache
DEBUG 2021-06-11 09:55:20.433 UTC: 	 Successfully uploaded tarball to S3 as well
DEBUG 2021-06-11 09:55:20.606 UTC: 	 Report of S3 upload stored on CrabCache as S3-210611_095519.193:s3report.json
DEBUG 2021-06-11 09:55:20.606 UTC: 	 Result uploading input files: fabf587b484b3ef3660208e274ed76196c62b88f9ef4528b57b8a95967613d39.tar.gz 
INFO 2021-06-11 09:55:20.607 UTC: 	 Sending the request to the server at cmsweb.cern.ch
DEBUG 2021-06-11 09:55:20.607 UTC: 	 Submitting {'maxjobruntime': 1250, 'extrajdl': [], 'ignorelocality': 1, 'savelogsflag': 0, 'useparent': 0, 'scriptexe': 'WWG_crab_script.sh', 'asyncdest': 'T3_CH_CERNBOX', 'algoargs': 1, 'cachefilename': 'fabf587b484b3ef3660208e274ed76196c62b88f9ef4528b57b8a95967613d39.tar.gz', 'numcores': 1, 'addoutputfiles': [], 'generator': 'pythia', 'maxmemory': 2000, 'publishdbsurl': 'https://cmsweb.cern.ch/dbs/prod/phys03/DBSWriter', 'priority': 10, 'jobsw': 'CMSSW_10_6_20', 'edmoutfiles': ['tree.root'], 'userfiles': [], 'primarydataset': '', 'inputdata': '/ST_tW_top_5f_DS_NoFullyHadronicDecays_TuneCP5_13TeV-powheg-pythia8/RunIISummer19UL18NanoAODv2-106X_upgrade2018_realistic_v15_L1v1-v1/NANOAODSIM', 'dryrun': 0, 'workflow': 'crab_ST_tW_top_5f_DS_NoFullyHadronicDecays_TuneCP5_13TeV-powheg-pythia8_2018', 'scriptargs': ['isdata=MC', 'year=2018'], 'sitewhitelist': ['T2_US_MIT', 'T2_US_Wisconsin', 'T2_US_Purdue', 'T2_US_UCSD', 'T2_US_Caltech', 'T2_US_Nebraska'], 'nonprodsw': 1, 'tfileoutfiles': [], 'oneEventMode': 0, 'debugfilename': 'b1b82a127a5cdfcb3583042e337c09ab57a540d6522ea972384299143e92da89.tar.gz', 'cacheurl': u'https://cmsweb-prod.cern.ch:8443/crabcache', 'saveoutput': 1, 'publication': 0, 'jobarch': 'slc7_amd64_gcc820', 'totalunits': 0, 'splitalgo': 'FileBased', 'ignoreglobalblacklist': 0, 'nonvaliddata': 1, 'dbsurl': 'https://cmsweb.cern.ch/dbs/prod/global/DBSReader', 'publishgroupname': 0, 'jobtype': 'Analysis', 'publishname2': 'ST_tW_top_5f_DS_NoFullyHadronicDecays_TuneCP5_13TeV-powheg-pythia8_2018'} 
DEBUG 2021-06-11 09:55:20.608 UTC: 	 Encoded submit request: maxjobruntime=1250&ignorelocality=1&savelogsflag=0&useparent=0&scriptexe=WWG_crab_script.sh&asyncdest=T3_CH_CERNBOX&algoargs=1&cachefilename=fabf587b484b3ef3660208e274ed76196c62b88f9ef4528b57b8a95967613d39.tar.gz&numcores=1&generator=pythia&maxmemory=2000&publishdbsurl=https%3A%2F%2Fcmsweb.cern.ch%2Fdbs%2Fprod%2Fphys03%2FDBSWriter&priority=10&jobsw=CMSSW_10_6_20&primarydataset=&inputdata=%2FST_tW_top_5f_DS_NoFullyHadronicDecays_TuneCP5_13TeV-powheg-pythia8%2FRunIISummer19UL18NanoAODv2-106X_upgrade2018_realistic_v15_L1v1-v1%2FNANOAODSIM&dryrun=0&workflow=crab_ST_tW_top_5f_DS_NoFullyHadronicDecays_TuneCP5_13TeV-powheg-pythia8_2018&nonprodsw=1&oneEventMode=0&debugfilename=b1b82a127a5cdfcb3583042e337c09ab57a540d6522ea972384299143e92da89.tar.gz&cacheurl=https%3A%2F%2Fcmsweb-prod.cern.ch%3A8443%2Fcrabcache&saveoutput=1&publication=0&jobarch=slc7_amd64_gcc820&totalunits=0&splitalgo=FileBased&ignoreglobalblacklist=0&nonvaliddata=1&dbsurl=https%3A%2F%2Fcmsweb.cern.ch%2Fdbs%2Fprod%2Fglobal%2FDBSReader&publishgroupname=0&jobtype=Analysis&publishname2=ST_tW_top_5f_DS_NoFullyHadronicDecays_TuneCP5_13TeV-powheg-pythia8_2018&sitewhitelist=T2_US_MIT&sitewhitelist=T2_US_Wisconsin&sitewhitelist=T2_US_Purdue&sitewhitelist=T2_US_UCSD&sitewhitelist=T2_US_Caltech&sitewhitelist=T2_US_Nebraska&edmoutfiles=tree.root&scriptargs=isdata%3DMC&scriptargs=year%3D2018
DEBUG 2021-06-11 09:55:20.683 UTC: 	 Result: {u'result': [{u'RequestName': u'210611_095520:yian_crab_ST_tW_top_5f_DS_NoFullyHadronicDecays_TuneCP5_13TeV-powheg-pythia8_2018'}]}
INFO 2021-06-11 09:55:20.763 UTC: 	 Success: Your task has been delivered to the prod CRAB3 server.
INFO 2021-06-11 09:55:20.763 UTC: 	 Task name: 210611_095520:yian_crab_ST_tW_top_5f_DS_NoFullyHadronicDecays_TuneCP5_13TeV-powheg-pythia8_2018
INFO 2021-06-11 09:55:20.763 UTC: 	 Project dir: crab2018/crab_ST_tW_top_5f_DS_NoFullyHadronicDecays_TuneCP5_13TeV-powheg-pythia8_2018
INFO 2021-06-11 09:55:20.763 UTC: 	 Please use ' crab status -d crab2018/crab_ST_tW_top_5f_DS_NoFullyHadronicDecays_TuneCP5_13TeV-powheg-pythia8_2018 ' to check how the submission process proceeds.
DEBUG 2021-06-11 09:55:20.764 UTC: 	 About to return
INFO 2021-06-11 09:55:20.767 UTC: 	 Log file is /afs/cern.ch/work/y/yian/work/GZ/CMSSW_10_6_20/src/PhysicsTools/NanoAODTools/WWG/2018/crab/crab2018/crab_ST_tW_top_5f_DS_NoFullyHadronicDecays_TuneCP5_13TeV-powheg-pythia8_2018/crab.log
