DEBUG 2021-11-23 16:31:40.275 UTC: 	 CRAB Client version: v3.210825
DEBUG 2021-11-23 16:31:40.276 UTC: 	 Running on: Linux lxplus772.cern.ch 3.10.0-1160.45.1.el7.x86_64 #1 SMP Wed Oct 13 17:20:51 UTC 2021 x86_64 x86_64 x86_64 GNU/Linux - CentOS Linux 7 (Core)
DEBUG 2021-11-23 16:31:40.276 UTC: 	 Executing command: 'submit'
DEBUG 2021-11-23 16:31:40.327 UTC: 	 Found CRAB cache file /afs/cern.ch/user/y/yian/.crab3
INFO 2021-11-23 16:31:40.328 UTC: 	 Will use CRAB configuration file crabcode_2017/DYJetsToLL_M-50_TuneCP5_13TeV-madgraphMLM-pythia8_2017_cfg.py
DEBUG 2021-11-23 16:31:40.328 UTC: 	 Loading CRAB configuration file.
DEBUG 2021-11-23 16:31:40.572 UTC: 	 Will use CRAB Analysis plugin (i.e. will run an analysis job type).
DEBUG 2021-11-23 16:31:41.103 UTC: 	 Checking credentials
DEBUG 2021-11-23 16:31:41.104 UTC: 	 Found proxy file /tmp/x509up_u110046
DEBUG 2021-11-23 16:31:41.104 UTC: 	 Getting proxy life time left
DEBUG 2021-11-23 16:31:42.938 UTC: 	 Executing : 
 command : voms-proxy-info -file /tmp/x509up_u110046 -timeleft
 output : 602901

 error: 
 retcode : 0
DEBUG 2021-11-23 16:31:44.366 UTC: 	 Executing : 
 command : voms-proxy-info -file /tmp/x509up_u110046 -actimeleft
 output : 602899

 error: 
 retcode : 0
DEBUG 2021-11-23 16:31:44.367 UTC: 	 Proxy lifetime 602901 secs is different from voms extension lifetime 602899 secs for proxy: /tmp/x509up_u110046
DEBUG 2021-11-23 16:31:44.367 UTC: 	 Proxy valid for 167:28:19 hours
DEBUG 2021-11-23 16:31:45.906 UTC: 	 Executing : 
 command : env X509_USER_PROXY=/tmp/x509up_u110046 voms-proxy-info -fqan
 output : /cms/Role=NULL/Capability=NULL

 error: 
 retcode : 0
DEBUG 2021-11-23 16:31:46.071 UTC: 	 Registering user credentials for server /DC=ch/DC=cern/OU=computers/CN=crab-(preprod|prod|dev)-tw(02|01).cern.ch|/DC=ch/DC=cern/OU=computers/CN=stefanov(m|m2).cern.ch|/DC=ch/DC=cern/OU=computers/CN=dciangot-tw.cern.ch
DEBUG 2021-11-23 16:31:47.515 UTC: 	 Executing : 
 command : voms-proxy-info -file /tmp/x509up_u110046 -identity
 output : /DC=ch/DC=cern/OU=Organic Units/OU=Users/CN=yian/CN=826694/CN=Ying An

 error: 
 retcode : 0
DEBUG 2021-11-23 16:31:47.524 UTC: 	 Getting myproxy life time left for myproxy.cern.ch
DEBUG 2021-11-23 16:31:47.524 UTC: 	 using b52ac606a6f7097e9b4b8f05a3a67cc69f8f291b as credential login name
DEBUG 2021-11-23 16:31:48.444 UTC: 	 Executing : 
 command : myproxy-info -l b52ac606a6f7097e9b4b8f05a3a67cc69f8f291b -s myproxy.cern.ch
 output : username: b52ac606a6f7097e9b4b8f05a3a67cc69f8f291b
owner: /DC=ch/DC=cern/OU=Organic Units/OU=Users/CN=yian/CN=826694/CN=Ying An
  renewal policy: /DC=ch/DC=cern/OU=computers/CN=crab-(preprod|prod|dev)-tw(02|01).cern.ch|/DC=ch/DC=cern/OU=computers/CN=stefanov(m|m2).cern.ch|/DC=ch/DC=cern/OU=computers/CN=dciangot-tw.cern.ch
  trusted retrieval policy: /DC=ch/DC=cern/OU=computers/CN=crab-(preprod|prod|dev)-tw(02|01).cern.ch|/DC=ch/DC=cern/OU=computers/CN=stefanov(m|m2).cern.ch|/DC=ch/DC=cern/OU=computers/CN=dciangot-tw.cern.ch
  timeleft: 712:24:50  (29.7 days)

 error: 
 retcode : 0
DEBUG 2021-11-23 16:31:48.445 UTC: 	 Myproxy is valid: 2564690
DEBUG 2021-11-23 16:31:48.445 UTC: 	 Retrieving username ...
DEBUG 2021-11-23 16:31:48.445 UTC: 	 Retrieving username from CRIC...
DEBUG 2021-11-23 16:31:49.350 UTC: 	 username is yian
DEBUG 2021-11-23 16:31:49.359 UTC: 	 Getting myproxy life time left for myproxy.cern.ch
DEBUG 2021-11-23 16:31:49.359 UTC: 	 using yian_CRAB as credential login name
DEBUG 2021-11-23 16:31:49.975 UTC: 	 Executing : 
 command : myproxy-info -l yian_CRAB -s myproxy.cern.ch
 output : username: yian_CRAB
owner: /DC=ch/DC=cern/OU=Organic Units/OU=Users/CN=yian/CN=826694/CN=Ying An
  renewal policy: /DC=ch/DC=cern/OU=computers/CN=crab-(preprod|prod|dev)-tw(02|01).cern.ch|/DC=ch/DC=cern/OU=computers/CN=stefanov(m|m2).cern.ch|/DC=ch/DC=cern/OU=computers/CN=dciangot-tw.cern.ch
  trusted retrieval policy: /DC=ch/DC=cern/OU=computers/CN=crab-(preprod|prod|dev)-tw(02|01).cern.ch|/DC=ch/DC=cern/OU=computers/CN=stefanov(m|m2).cern.ch|/DC=ch/DC=cern/OU=computers/CN=dciangot-tw.cern.ch
  timeleft: 712:23:42  (29.7 days)

 error: 
 retcode : 0
DEBUG 2021-11-23 16:31:49.976 UTC: 	 Myproxy is valid: 2564622
DEBUG 2021-11-23 16:31:49.976 UTC: 	 Result of myproxy credential check:
  Credential exists on myproxy: username: b52ac606a6f7097e9b4b8f05a3a67cc69f8f291b  - validity: 29 days, 16:24:50
  Credential exists on myproxy: username: yian_CRAB  - validity: 29 days, 16:23:42
DEBUG 2021-11-23 16:31:49.976 UTC: 	 Command use: submit
DEBUG 2021-11-23 16:31:49.976 UTC: 	 Options use: ['-c', 'crabcode_2017/DYJetsToLL_M-50_TuneCP5_13TeV-madgraphMLM-pythia8_2017_cfg.py']
DEBUG 2021-11-23 16:31:50.096 UTC: 	 CRABClient version: v3.210825
DEBUG 2021-11-23 16:31:50.096 UTC: 	 Instance is prod
DEBUG 2021-11-23 16:31:50.096 UTC: 	 Server base url is cmsweb.cern.ch
DEBUG 2021-11-23 16:31:50.096 UTC: 	 Command api workflow
DEBUG 2021-11-23 16:31:50.096 UTC: 	 Started submission
DEBUG 2021-11-23 16:31:50.096 UTC: 	 Working on /afs/cern.ch/work/y/yian/work/GZ/CMSSW_10_6_20/src/PhysicsTools/NanoAODTools/WWG/2017/crab/crab2017/crab_DYJetsToLL_M-50_TuneCP5_13TeV-madgraphMLM-pythia8_2017
DEBUG 2021-11-23 16:31:51.164 UTC: 	 Loading required information from the environment
DEBUG 2021-11-23 16:31:51.164 UTC: 	 Found CMSSW_10_6_20 for slc7_amd64_gcc820 with base /afs/cern.ch/work/y/yian/work/GZ/CMSSW_10_6_20
DEBUG 2021-11-23 16:31:51.165 UTC: 	 Loading required information from the environment
DEBUG 2021-11-23 16:31:51.165 UTC: 	 Found CMSSW_10_6_20 for slc7_amd64_gcc820 with base /afs/cern.ch/work/y/yian/work/GZ/CMSSW_10_6_20
DEBUG 2021-11-23 16:31:51.165 UTC: 	 UNIQUE NAME: tarUUID a2182b47-f732-4e73-8229-564c46a69824 
DEBUG 2021-11-23 16:31:51.165 UTC: 	 self.config: from WMCore.Configuration import Configuration
config = Configuration()
config.section_('General')
config.General.workArea = 'crab2017'
config.General.transferLogs = False
config.General.requestName = 'DYJetsToLL_M-50_TuneCP5_13TeV-madgraphMLM-pythia8_2017'
config.section_('JobType')
config.JobType.scriptArgs = ['isdata=MC', 'year=2017', 'era=B']
config.JobType.scriptExe = './WWG_crab_script.sh'
config.JobType.pluginName = 'Analysis'
config.JobType.sendPythonFolder = True
config.JobType.allowUndistributedCMSSW = True
config.JobType.psetName = 'PSet.py'
config.JobType.inputFiles = ['../../../scripts/haddnano.py', '../WWG_selector/WWG_postproc.py', '../WWG_selector/WWG_Module.py', '../WWG_selector/WWG_keep_and_drop.txt', '../WWG_selector/WWG_output_branch.txt', '../WWG_selector/DAS_filesearch.py']
config.section_('Data')
config.Data.inputDataset = '/DYJetsToLL_M-50_TuneCP5_13TeV-madgraphMLM-pythia8/RunIISummer20UL17NanoAODv9-106X_mc2017_realistic_v9-v1/NANOAODSIM'
config.Data.allowNonValidInputDataset = True
config.Data.publication = False
config.Data.unitsPerJob = 1
config.Data.ignoreLocality = True
config.Data.inputDBS = 'global'
config.Data.splitting = 'FileBased'
config.Data.outputDatasetTag = 'DYJetsToLL_M-50_TuneCP5_13TeV-madgraphMLM-pythia8_2017'
config.section_('Site')
config.Site.whitelist = ['T2_US_MIT', 'T2_US_Wisconsin', 'T2_US_Purdue', 'T2_US_UCSD', 'T2_US_Caltech', 'T2_US_Nebraska']
config.Site.storageSite = 'T2_CH_CERN'

DEBUG 2021-11-23 16:31:51.165 UTC: 	 self.config.JobType.psetName: PSet.py
INFO 2021-11-23 16:31:51.165 UTC: 	 Importing CMSSW configuration PSet.py
INFO 2021-11-23 16:31:54.572 UTC: 	 Finished importing CMSSW configuration PSet.py
DEBUG 2021-11-23 16:31:54.573 UTC: 	 Writing CMSSW configuration to /afs/cern.ch/work/y/yian/work/GZ/CMSSW_10_6_20/src/PhysicsTools/NanoAODTools/WWG/2017/crab/crab2017/crab_DYJetsToLL_M-50_TuneCP5_13TeV-madgraphMLM-pythia8_2017/inputs/PSet.py
DEBUG 2021-11-23 16:31:54.665 UTC: 	 The following EDM output files will be collected: ['tree.root']
DEBUG 2021-11-23 16:31:54.665 UTC: 	 The following TFile output files will be collected: []
DEBUG 2021-11-23 16:31:54.665 UTC: 	 The following user output files (not listed as PoolOuputModule or TFileService in the CMSSW PSet) will be collected: 
DEBUG 2021-11-23 16:31:54.666 UTC: 	 Loading required information from the environment
DEBUG 2021-11-23 16:31:54.666 UTC: 	 Found CMSSW_10_6_20 for slc7_amd64_gcc820 with base /afs/cern.ch/work/y/yian/work/GZ/CMSSW_10_6_20
DEBUG 2021-11-23 16:31:54.666 UTC: 	 Making tarball in /afs/cern.ch/work/y/yian/work/GZ/CMSSW_10_6_20/src/PhysicsTools/NanoAODTools/WWG/2017/crab/crab2017/crab_DYJetsToLL_M-50_TuneCP5_13TeV-madgraphMLM-pythia8_2017/inputs/a2182b47-f732-4e73-8229-564c46a69824default.tgz
DEBUG 2021-11-23 16:31:54.678 UTC: 	 Checking directory /afs/cern.ch/work/y/yian/work/GZ/CMSSW_10_6_20/lib
DEBUG 2021-11-23 16:31:54.678 UTC: 	 Adding directory /afs/cern.ch/work/y/yian/work/GZ/CMSSW_10_6_20/lib to tarball
DEBUG 2021-11-23 16:31:54.847 UTC: 	 Checking directory /afs/cern.ch/work/y/yian/work/GZ/CMSSW_10_6_20/biglib
DEBUG 2021-11-23 16:31:54.847 UTC: 	 Adding directory /afs/cern.ch/work/y/yian/work/GZ/CMSSW_10_6_20/biglib to tarball
DEBUG 2021-11-23 16:31:54.856 UTC: 	 Checking directory /afs/cern.ch/work/y/yian/work/GZ/CMSSW_10_6_20/module
DEBUG 2021-11-23 16:31:54.862 UTC: 	 Checking directory /afs/cern.ch/work/y/yian/work/GZ/CMSSW_10_6_20/python
DEBUG 2021-11-23 16:31:54.862 UTC: 	 Adding directory /afs/cern.ch/work/y/yian/work/GZ/CMSSW_10_6_20/python to tarball
DEBUG 2021-11-23 16:31:57.811 UTC: 	 Checking directory /afs/cern.ch/work/y/yian/work/GZ/CMSSW_10_6_20/cfipython
DEBUG 2021-11-23 16:31:57.811 UTC: 	 Adding directory /afs/cern.ch/work/y/yian/work/GZ/CMSSW_10_6_20/cfipython to tarball
DEBUG 2021-11-23 16:32:07.382 UTC: 	 Adding data directory /afs/cern.ch/work/y/yian/work/GZ/CMSSW_10_6_20/src/PhysicsTools/NanoAODTools/data to tarball
DEBUG 2021-11-23 16:32:29.077 UTC: 	 Adding data directory /afs/cern.ch/work/y/yian/work/GZ/CMSSW_10_6_20/src/PhysicsTools/NanoAODTools/interface to tarball
DEBUG 2021-11-23 16:32:29.089 UTC: 	 Adding data directory /afs/cern.ch/work/y/yian/work/GZ/CMSSW_10_6_20/src/PhysicsTools/NanoAODTools/python/postprocessing/data to tarball
DEBUG 2021-11-23 16:32:31.665 UTC: 	 Adding file ../../../scripts/haddnano.py to tarball
DEBUG 2021-11-23 16:32:31.666 UTC: 	 Adding file ../WWG_selector/WWG_postproc.py to tarball
DEBUG 2021-11-23 16:32:31.667 UTC: 	 Adding file ../WWG_selector/WWG_Module.py to tarball
DEBUG 2021-11-23 16:32:31.667 UTC: 	 Adding file ../WWG_selector/WWG_keep_and_drop.txt to tarball
DEBUG 2021-11-23 16:32:31.668 UTC: 	 Adding file ../WWG_selector/WWG_output_branch.txt to tarball
DEBUG 2021-11-23 16:32:31.668 UTC: 	 Adding file ../WWG_selector/DAS_filesearch.py to tarball
DEBUG 2021-11-23 16:32:44.726 UTC: 	 Uploading archive /afs/cern.ch/work/y/yian/work/GZ/CMSSW_10_6_20/src/PhysicsTools/NanoAODTools/WWG/2017/crab/crab2017/crab_DYJetsToLL_M-50_TuneCP5_13TeV-madgraphMLM-pythia8_2017/inputs/a2182b47-f732-4e73-8229-564c46a69824default.tgz (94 MB) to the CRAB cache. Using URI https://cmsweb.cern.ch/S3/crabcache_prod
DEBUG 2021-11-23 16:33:11.706 UTC: 	 sandbox 39bc3010d7ba2374684857ed42fc86481bae0161e7f8c7d93f5c25e342929c09.tar.gz is already in the S3 store, will not upload again
DEBUG 2021-11-23 16:33:11.706 UTC: 	 Loading required information from the environment
DEBUG 2021-11-23 16:33:11.706 UTC: 	 Found CMSSW_10_6_20 for slc7_amd64_gcc820 with base /afs/cern.ch/work/y/yian/work/GZ/CMSSW_10_6_20
DEBUG 2021-11-23 16:33:11.706 UTC: 	 Making tarball in /afs/cern.ch/work/y/yian/work/GZ/CMSSW_10_6_20/src/PhysicsTools/NanoAODTools/WWG/2017/crab/crab2017/crab_DYJetsToLL_M-50_TuneCP5_13TeV-madgraphMLM-pythia8_2017/inputs/debugFiles.tgz
DEBUG 2021-11-23 16:33:11.763 UTC: 	 Uploading archive /afs/cern.ch/work/y/yian/work/GZ/CMSSW_10_6_20/src/PhysicsTools/NanoAODTools/WWG/2017/crab/crab2017/crab_DYJetsToLL_M-50_TuneCP5_13TeV-madgraphMLM-pythia8_2017/inputs/debugFiles.tgz (1 KB) to the CRAB cache. Using URI https://cmsweb.cern.ch/S3/crabcache_prod
DEBUG 2021-11-23 16:33:11.951 UTC: 	 sandbox e38e7af66b312e6c9d6f4f4f350154a94158b4714b4688d10dc45d7e08860178.tar.gz is already in the S3 store, will not upload again
DEBUG 2021-11-23 16:33:11.951 UTC: 	 Result uploading input files: 39bc3010d7ba2374684857ed42fc86481bae0161e7f8c7d93f5c25e342929c09.tar.gz 
INFO 2021-11-23 16:33:11.951 UTC: 	 Sending the request to the server at cmsweb.cern.ch
DEBUG 2021-11-23 16:33:11.951 UTC: 	 Submitting {'maxjobruntime': 1250, 'extrajdl': [], 'ignorelocality': 1, 'savelogsflag': 0, 'useparent': 0, 'scriptexe': 'WWG_crab_script.sh', 'asyncdest': 'T2_CH_CERN', 'algoargs': 1, 'cachefilename': '39bc3010d7ba2374684857ed42fc86481bae0161e7f8c7d93f5c25e342929c09.tar.gz', 'numcores': 1, 'addoutputfiles': [], 'generator': 'pythia', 'maxmemory': 2000, 'publishdbsurl': 'https://cmsweb.cern.ch/dbs/prod/phys03/DBSWriter', 'priority': 10, 'jobsw': 'CMSSW_10_6_20', 'edmoutfiles': ['tree.root'], 'userfiles': [], 'primarydataset': '', 'inputdata': '/DYJetsToLL_M-50_TuneCP5_13TeV-madgraphMLM-pythia8/RunIISummer20UL17NanoAODv9-106X_mc2017_realistic_v9-v1/NANOAODSIM', 'dryrun': 0, 'workflow': 'crab_DYJetsToLL_M-50_TuneCP5_13TeV-madgraphMLM-pythia8_2017', 'scriptargs': ['isdata=MC', 'year=2017', 'era=B'], 'sitewhitelist': ['T2_US_MIT', 'T2_US_Wisconsin', 'T2_US_Purdue', 'T2_US_UCSD', 'T2_US_Caltech', 'T2_US_Nebraska'], 'nonprodsw': 1, 'tfileoutfiles': [], 'oneEventMode': 0, 'debugfilename': 'e38e7af66b312e6c9d6f4f4f350154a94158b4714b4688d10dc45d7e08860178.tar.gz', 'cacheurl': u'https://cmsweb.cern.ch/S3/crabcache_prod', 'saveoutput': 1, 'publication': 0, 'jobarch': 'slc7_amd64_gcc820', 'totalunits': 0, 'splitalgo': 'FileBased', 'ignoreglobalblacklist': 0, 'nonvaliddata': 1, 'dbsurl': 'https://cmsweb.cern.ch/dbs/prod/global/DBSReader', 'publishgroupname': 0, 'jobtype': 'Analysis', 'publishname2': 'DYJetsToLL_M-50_TuneCP5_13TeV-madgraphMLM-pythia8_2017'} 
DEBUG 2021-11-23 16:33:11.951 UTC: 	 Encoded submit request: maxjobruntime=1250&ignorelocality=1&savelogsflag=0&useparent=0&scriptexe=WWG_crab_script.sh&asyncdest=T2_CH_CERN&algoargs=1&cachefilename=39bc3010d7ba2374684857ed42fc86481bae0161e7f8c7d93f5c25e342929c09.tar.gz&numcores=1&generator=pythia&maxmemory=2000&publishdbsurl=https%3A%2F%2Fcmsweb.cern.ch%2Fdbs%2Fprod%2Fphys03%2FDBSWriter&priority=10&jobsw=CMSSW_10_6_20&primarydataset=&inputdata=%2FDYJetsToLL_M-50_TuneCP5_13TeV-madgraphMLM-pythia8%2FRunIISummer20UL17NanoAODv9-106X_mc2017_realistic_v9-v1%2FNANOAODSIM&dryrun=0&workflow=crab_DYJetsToLL_M-50_TuneCP5_13TeV-madgraphMLM-pythia8_2017&nonprodsw=1&oneEventMode=0&debugfilename=e38e7af66b312e6c9d6f4f4f350154a94158b4714b4688d10dc45d7e08860178.tar.gz&cacheurl=https%3A%2F%2Fcmsweb.cern.ch%2FS3%2Fcrabcache_prod&saveoutput=1&publication=0&jobarch=slc7_amd64_gcc820&totalunits=0&splitalgo=FileBased&ignoreglobalblacklist=0&nonvaliddata=1&dbsurl=https%3A%2F%2Fcmsweb.cern.ch%2Fdbs%2Fprod%2Fglobal%2FDBSReader&publishgroupname=0&jobtype=Analysis&publishname2=DYJetsToLL_M-50_TuneCP5_13TeV-madgraphMLM-pythia8_2017&sitewhitelist=T2_US_MIT&sitewhitelist=T2_US_Wisconsin&sitewhitelist=T2_US_Purdue&sitewhitelist=T2_US_UCSD&sitewhitelist=T2_US_Caltech&sitewhitelist=T2_US_Nebraska&edmoutfiles=tree.root&scriptargs=isdata%3DMC&scriptargs=year%3D2017&scriptargs=era%3DB
DEBUG 2021-11-23 16:33:12.047 UTC: 	 Result: {u'result': [{u'RequestName': u'211123_163311:yian_crab_DYJetsToLL_M-50_TuneCP5_13TeV-madgraphMLM-pythia8_2017'}]}
INFO 2021-11-23 16:33:12.061 UTC: 	 Success: Your task has been delivered to the prod CRAB3 server.
INFO 2021-11-23 16:33:12.061 UTC: 	 Task name: 211123_163311:yian_crab_DYJetsToLL_M-50_TuneCP5_13TeV-madgraphMLM-pythia8_2017
INFO 2021-11-23 16:33:12.061 UTC: 	 Project dir: crab2017/crab_DYJetsToLL_M-50_TuneCP5_13TeV-madgraphMLM-pythia8_2017
INFO 2021-11-23 16:33:12.061 UTC: 	 Please use ' crab status -d crab2017/crab_DYJetsToLL_M-50_TuneCP5_13TeV-madgraphMLM-pythia8_2017 ' to check how the submission process proceeds.
DEBUG 2021-11-23 16:33:12.062 UTC: 	 About to return
INFO 2021-11-23 16:33:12.064 UTC: 	 Log file is /afs/cern.ch/work/y/yian/work/GZ/CMSSW_10_6_20/src/PhysicsTools/NanoAODTools/WWG/2017/crab/crab2017/crab_DYJetsToLL_M-50_TuneCP5_13TeV-madgraphMLM-pythia8_2017/crab.log
DEBUG 2021-11-24 04:48:37.394 UTC: 	 CRAB Client version: v3.210825
DEBUG 2021-11-24 04:48:37.394 UTC: 	 Running on: Linux lxplus772.cern.ch 3.10.0-1160.45.1.el7.x86_64 #1 SMP Wed Oct 13 17:20:51 UTC 2021 x86_64 x86_64 x86_64 GNU/Linux - CentOS Linux 7 (Core)
DEBUG 2021-11-24 04:48:37.394 UTC: 	 Executing command: 'status'
DEBUG 2021-11-24 04:48:37.395 UTC: 	 Found CRAB cache file /afs/cern.ch/user/y/yian/.crab3
DEBUG 2021-11-24 04:48:37.515 UTC: 	 Checking credentials
DEBUG 2021-11-24 04:48:37.515 UTC: 	 Found proxy file /tmp/x509up_u110046
DEBUG 2021-11-24 04:48:37.516 UTC: 	 Getting proxy life time left
DEBUG 2021-11-24 04:48:38.221 UTC: 	 Executing : 
 command : voms-proxy-info -file /tmp/x509up_u110046 -timeleft
 output : 558685

 error: 
 retcode : 0
DEBUG 2021-11-24 04:48:38.927 UTC: 	 Executing : 
 command : voms-proxy-info -file /tmp/x509up_u110046 -actimeleft
 output : 558685

 error: 
 retcode : 0
DEBUG 2021-11-24 04:48:38.927 UTC: 	 Proxy valid for 155:11:25 hours
DEBUG 2021-11-24 04:48:39.009 UTC: 	 Registering user credentials for server /DC=ch/DC=cern/OU=computers/CN=crab-(preprod|prod|dev)-tw(02|01).cern.ch|/DC=ch/DC=cern/OU=computers/CN=stefanov(m|m2).cern.ch|/DC=ch/DC=cern/OU=computers/CN=dciangot-tw.cern.ch
DEBUG 2021-11-24 04:48:39.728 UTC: 	 Executing : 
 command : voms-proxy-info -file /tmp/x509up_u110046 -identity
 output : /DC=ch/DC=cern/OU=Organic Units/OU=Users/CN=yian/CN=826694/CN=Ying An

 error: 
 retcode : 0
DEBUG 2021-11-24 04:48:39.735 UTC: 	 Getting myproxy life time left for myproxy.cern.ch
DEBUG 2021-11-24 04:48:39.735 UTC: 	 using b52ac606a6f7097e9b4b8f05a3a67cc69f8f291b as credential login name
DEBUG 2021-11-24 04:48:40.040 UTC: 	 Executing : 
 command : myproxy-info -l b52ac606a6f7097e9b4b8f05a3a67cc69f8f291b -s myproxy.cern.ch
 output : username: b52ac606a6f7097e9b4b8f05a3a67cc69f8f291b
owner: /DC=ch/DC=cern/OU=Organic Units/OU=Users/CN=yian/CN=826694/CN=Ying An
  renewal policy: /DC=ch/DC=cern/OU=computers/CN=crab-(preprod|prod|dev)-tw(02|01).cern.ch|/DC=ch/DC=cern/OU=computers/CN=stefanov(m|m2).cern.ch|/DC=ch/DC=cern/OU=computers/CN=dciangot-tw.cern.ch
  trusted retrieval policy: /DC=ch/DC=cern/OU=computers/CN=crab-(preprod|prod|dev)-tw(02|01).cern.ch|/DC=ch/DC=cern/OU=computers/CN=stefanov(m|m2).cern.ch|/DC=ch/DC=cern/OU=computers/CN=dciangot-tw.cern.ch
  timeleft: 700:07:58  (29.2 days)

 error: 
 retcode : 0
DEBUG 2021-11-24 04:48:40.041 UTC: 	 Myproxy is valid: 2520478
DEBUG 2021-11-24 04:48:40.041 UTC: 	 Retrieving username ...
DEBUG 2021-11-24 04:48:40.041 UTC: 	 Retrieving username from CRIC...
DEBUG 2021-11-24 04:48:41.065 UTC: 	 username is yian
DEBUG 2021-11-24 04:48:41.072 UTC: 	 Getting myproxy life time left for myproxy.cern.ch
DEBUG 2021-11-24 04:48:41.072 UTC: 	 using yian_CRAB as credential login name
DEBUG 2021-11-24 04:48:41.377 UTC: 	 Executing : 
 command : myproxy-info -l yian_CRAB -s myproxy.cern.ch
 output : username: yian_CRAB
owner: /DC=ch/DC=cern/OU=Organic Units/OU=Users/CN=yian/CN=826694/CN=Ying An
  renewal policy: /DC=ch/DC=cern/OU=computers/CN=crab-(preprod|prod|dev)-tw(02|01).cern.ch|/DC=ch/DC=cern/OU=computers/CN=stefanov(m|m2).cern.ch|/DC=ch/DC=cern/OU=computers/CN=dciangot-tw.cern.ch
  trusted retrieval policy: /DC=ch/DC=cern/OU=computers/CN=crab-(preprod|prod|dev)-tw(02|01).cern.ch|/DC=ch/DC=cern/OU=computers/CN=stefanov(m|m2).cern.ch|/DC=ch/DC=cern/OU=computers/CN=dciangot-tw.cern.ch
  timeleft: 700:06:50  (29.2 days)

 error: 
 retcode : 0
DEBUG 2021-11-24 04:48:41.377 UTC: 	 Myproxy is valid: 2520410
DEBUG 2021-11-24 04:48:41.377 UTC: 	 Result of myproxy credential check:
  Credential exists on myproxy: username: b52ac606a6f7097e9b4b8f05a3a67cc69f8f291b  - validity: 29 days, 4:07:58
  Credential exists on myproxy: username: yian_CRAB  - validity: 29 days, 4:06:50
DEBUG 2021-11-24 04:48:41.379 UTC: 	 Command use: status
DEBUG 2021-11-24 04:48:41.379 UTC: 	 Options use: ['-d', 'crab2017/crab_DYJetsToLL_M-50_TuneCP5_13TeV-madgraphMLM-pythia8_2017']
DEBUG 2021-11-24 04:48:41.458 UTC: 	 CRABClient version: v3.210825
DEBUG 2021-11-24 04:48:41.458 UTC: 	 Instance is prod
DEBUG 2021-11-24 04:48:41.458 UTC: 	 Server base url is cmsweb.cern.ch
DEBUG 2021-11-24 04:48:41.458 UTC: 	 Command api workflow
DEBUG 2021-11-24 04:48:41.528 UTC: 	 Got information from server oracle database: {u'result': [u'211123_163311:yian_crab_DYJetsToLL_M-50_TuneCP5_13TeV-madgraphMLM-pythia8_2017', u'None', u'None', u'SUBMITTED', u'SUBMIT', u'2021-11-23 16:33:12.038260', u'None', u'2021-11-23 16:34:05.577233', u'None', u'CMSSW_10_6_20', u'slc7_amd64_gcc820', u'/DYJetsToLL_M-50_TuneCP5_13TeV-madgraphMLM-pythia8/RunIISummer20UL17NanoAODv9-106X_mc2017_realistic_v9-v1/NANOAODSIM', u'T', u'0', u"[u'T2_US_UCSD', u'T2_US_Wisconsin', u'T2_US_MIT', u'T2_US_Caltech', u'T2_US_Purdue', u'T2_US_Nebraska']", u'[]', u'FileBased', u"{'splitOnRun': False, 'halt_job_on_file_boundaries': False, 'files_per_job': 1, 'runs': [], 'lumis': []}", u'39bc3010d7ba2374684857ed42fc86481bae0161e7f8c7d93f5c25e342929c09.tar.gz', u'https://cmsweb.cern.ch/S3/crabcache_prod', u'yian', u'/DC=ch/DC=cern/OU=Organic Units/OU=Users/CN=yian/CN=826694/CN=Ying An', u'cms', u'None', u'None', u'DYJetsToLL_M-50_TuneCP5_13TeV-madgraphMLM-pythia8_2017-00000000000000000000000000000000', u'F', u'T2_CH_CERN', u'https://cmsweb.cern.ch/dbs/prod/global/DBSReader', u'https://cmsweb.cern.ch/dbs/prod/phys03/DBSWriter', u'F', u'[]', u'[]', u"[b'tree.root']", u'Analysis', u'pythia', u'None', u'{}', u'[]', u'F', u'crab-prod-tw01', u'[]', u'1250', u'1', u'2000', u'10', u"['/DYJetsToLL_M-50_TuneCP5_13TeV-madgraphMLM-pythia8/yian-DYJetsToLL_M-50_TuneCP5_13TeV-madgraphMLM-pythia8_2017-76de701442013e6ff941c86cd482e64d/USER']", u'[]', u'http://vocms0121.cern.ch/mon/cms1407/211123_163311:yian_crab_DYJetsToLL_M-50_TuneCP5_13TeV-madgraphMLM-pythia8_2017', u'WWG_crab_script.sh', u"[b'isdata=MC', b'year=2017', b'era=B']", u'[]', u'https://cmsweb.cern.ch/crabserver/prod', u'cmsgwms-collector-global.cern.ch:9620,cmsgwms-collector-global.fnal.gov:9620', u'crab3@vocms0121.cern.ch', u'F', u'[]', u'T', u'/store/user/yian/', u'T', u'None', u'F', u'None', u'DYJetsToLL_M-50_TuneCP5_13TeV-madgraphMLM-pythia8', u'None', u'e38e7af66b312e6c9d6f4f4f350154a94158b4714b4688d10dc45d7e08860178.tar.gz', u'72184236', u'filetransfers', u'F', u'188.185.88.214', u'0.0', u'None'], u'desc': {u'columns': [u'tm_taskname', u'tm_activity', u'panda_jobset_id', u'tm_task_status', u'tm_task_command', u'tm_start_time', u'tm_start_injection', u'tm_end_injection', u'tm_task_failure', u'tm_job_sw', u'tm_job_arch', u'tm_input_dataset', u'tm_nonvalid_input_dataset', u'tm_use_parent', u'tm_site_whitelist', u'tm_site_blacklist', u'tm_split_algo', u'tm_split_args', u'tm_user_sandbox', u'tm_cache_url', u'tm_username', u'tm_user_dn', u'tm_user_vo', u'tm_user_role', u'tm_user_group', u'tm_publish_name', u'tm_publish_groupname', u'tm_asyncdest', u'tm_dbs_url', u'tm_publish_dbs_url', u'tm_publication', u'tm_outfiles', u'tm_tfile_outfiles', u'tm_edm_outfiles', u'tm_job_type', u'tm_generator', u'tm_events_per_lumi', u'tm_arguments', u'panda_resubmitted_jobs', u'tm_save_logs', u'tw_name', u'tm_user_infiles', u'tm_maxjobruntime', u'tm_numcores', u'tm_maxmemory', u'tm_priority', u'tm_output_dataset', u'tm_task_warnings', u'tm_user_webdir', u'tm_scriptexe', u'tm_scriptargs', u'tm_extrajdl', u'tm_asourl', u'tm_collector', u'tm_schedd', u'tm_dry_run', u'tm_user_files', u'tm_transfer_outputs', u'tm_output_lfn', u'tm_ignore_locality', u'tm_fail_limit', u'tm_one_event_mode', u'tm_secondary_input_dataset', u'tm_primary_dataset', u'tm_last_publication', u'tm_debug_files', u'clusterid', u'tm_asodb', u'tm_ignore_global_blacklist', u'tm_submitter_ip_addr', u'tm_totalunits', u'tm_ddm_reqid']}}
INFO 2021-11-24 04:48:41.529 UTC: 	 CRAB project directory:		/afs/cern.ch/work/y/yian/work/GZ/CMSSW_10_6_20/src/PhysicsTools/NanoAODTools/WWG/2017/crab/crab2017/crab_DYJetsToLL_M-50_TuneCP5_13TeV-madgraphMLM-pythia8_2017
INFO 2021-11-24 04:48:41.529 UTC: 	 Task name:			211123_163311:yian_crab_DYJetsToLL_M-50_TuneCP5_13TeV-madgraphMLM-pythia8_2017
INFO 2021-11-24 04:48:41.529 UTC: 	 Grid scheduler - Task Worker:	crab3@vocms0121.cern.ch - crab-prod-tw01
INFO 2021-11-24 04:48:41.529 UTC: 	 Status on the CRAB server:	SUBMITTED
INFO 2021-11-24 04:48:41.529 UTC: 	 Task URL to use for HELP:	https://cmsweb.cern.ch/crabserver/ui/task/211123_163311%3Ayian_crab_DYJetsToLL_M-50_TuneCP5_13TeV-madgraphMLM-pythia8_2017
INFO 2021-11-24 04:48:41.532 UTC: 	 Dashboard monitoring URL:	https://monit-grafana.cern.ch/d/cmsTMDetail/cms-task-monitoring-task-view?orgId=11&var-user=yian&var-task=211123_163311%3Ayian_crab_DYJetsToLL_M-50_TuneCP5_13TeV-madgraphMLM-pythia8_2017&from=1637681592000&to=now
DEBUG 2021-11-24 04:48:41.532 UTC: 	 The CRAB server submitted your task to the Grid scheduler (cluster ID: 72184236)
DEBUG 2021-11-24 04:48:41.533 UTC: 	 Webdir is located at http://vocms0121.cern.ch/mon/cms1407/211123_163311:yian_crab_DYJetsToLL_M-50_TuneCP5_13TeV-madgraphMLM-pythia8_2017
DEBUG 2021-11-24 04:48:41.632 UTC: 	 Proxied webdir is located at https://cmsweb.cern.ch:8443/scheddmon/0121/cms1407/211123_163311:yian_crab_DYJetsToLL_M-50_TuneCP5_13TeV-madgraphMLM-pythia8_2017
DEBUG 2021-11-24 04:48:41.632 UTC: 	 Retrieving 'status_cache' file from https://cmsweb.cern.ch:8443/scheddmon/0121/cms1407/211123_163311:yian_crab_DYJetsToLL_M-50_TuneCP5_13TeV-madgraphMLM-pythia8_2017/status_cache
DEBUG 2021-11-24 04:48:41.746 UTC: 	 Got information from status cache file: {'58': {'Retries': 0, 'WallDurations': [9.0, 220.2692608833313, 19137.0], 'StartTimes': [1637704918.0], 'SubmitTimes': [1637685270.0], 'JobIds': ['72184295.0'], 'EndTimes': [1637724055.0], 'Restarts': 0, 'RecordedSite': True, 'State': 'finished', 'ResidentSetSize': [1552780], 'TotalUserCpuTimeHistory': [17681], 'SiteHistory': ['Unknown', 'T2_US_Nebraska', 'T2_US_Nebraska'], 'TotalSysCpuTimeHistory': [1159]}, '30': {'Retries': 0, 'WallDurations': [9.0, 171.9981460571289, 24657.0], 'StartTimes': [1637703461.0], 'SubmitTimes': [1637685261.0], 'JobIds': ['72184267.0'], 'EndTimes': [], 'Restarts': 0, 'RecordedSite': True, 'State': 'running', 'ResidentSetSize': [1494460], 'TotalUserCpuTimeHistory': [4522.0], 'SiteHistory': ['Unknown', 'T2_US_MIT', 'T2_US_MIT'], 'TotalSysCpuTimeHistory': [203.0]}, '28': {'Retries': 0, 'WallDurations': [8.0, 171.9981460571289, 5417.0], 'StartTimes': [1637703461.0], 'SubmitTimes': [1637685260.0], 'JobIds': ['72184265.0'], 'EndTimes': [], 'Restarts': 0, 'RecordedSite': True, 'State': 'running', 'ResidentSetSize': [1473960], 'TotalUserCpuTimeHistory': [1286.0], 'SiteHistory': ['Unknown', 'T2_US_MIT', 'T2_US_MIT'], 'TotalSysCpuTimeHistory': [35.0]}, '29': {'Retries': 0, 'WallDurations': [8.0, 170.9981460571289, 21047.0], 'StartTimes': [1637703462.0], 'SubmitTimes': [1637685260.0], 'JobIds': ['72184266.0'], 'EndTimes': [], 'Restarts': 0, 'RecordedSite': True, 'State': 'running', 'ResidentSetSize': [1509492], 'TotalUserCpuTimeHistory': [5541.0], 'SiteHistory': ['Unknown', 'T2_US_MIT', 'T2_US_MIT'], 'TotalSysCpuTimeHistory': [423.0]}, '60': {'Retries': 0, 'WallDurations': [10.0, 199.2692608833313, 2769.0, 0, 1508.0], 'StartTimes': [1637704939.0, 1637708463.0], 'SubmitTimes': [1637685271.0, -1], 'JobIds': ['72184298.0', '72184298.0'], 'EndTimes': [1637707708.0], 'Restarts': 1, 'RecordedSite': True, 'State': 'running', 'ResidentSetSize': [770628, 1551120], 'TotalUserCpuTimeHistory': [250.0, 873.0], 'SiteHistory': ['Unknown', 'T2_US_Nebraska', 'T2_US_Nebraska', 'Unknown', 'T2_US_MIT'], 'TotalSysCpuTimeHistory': [5.0, 8.0]}, '61': {'Retries': 0, 'WallDurations': [10.0, 222.5349509716034, 22551.0], 'StartTimes': [1637705217.0], 'SubmitTimes': [1637685271.0], 'JobIds': ['72184297.0'], 'EndTimes': [], 'Restarts': 0, 'RecordedSite': True, 'State': 'running', 'ResidentSetSize': [1524104], 'TotalUserCpuTimeHistory': [4589.0], 'SiteHistory': ['Unknown', 'T2_US_MIT', 'T2_US_MIT'], 'TotalSysCpuTimeHistory': [241.0]}, '62': {'Retries': 0, 'WallDurations': [10.0, 219.2692608833313, 13145.0], 'StartTimes': [1637704919.0], 'SubmitTimes': [1637685271.0], 'JobIds': ['72184299.0'], 'EndTimes': [1637718064.0], 'Restarts': 0, 'RecordedSite': True, 'State': 'finished', 'ResidentSetSize': [1547572], 'TotalUserCpuTimeHistory': [11136], 'SiteHistory': ['Unknown', 'T2_US_Nebraska', 'T2_US_Nebraska'], 'TotalSysCpuTimeHistory': [1109]}, '63': {'Retries': 0, 'WallDurations': [8.0, 222.5349509716034, 10226.0], 'StartTimes': [1637705217.0], 'SubmitTimes': [1637685271.0], 'JobIds': ['72184300.0'], 'EndTimes': [], 'Restarts': 0, 'RecordedSite': True, 'State': 'running', 'ResidentSetSize': [1480004], 'TotalUserCpuTimeHistory': [2776.0], 'SiteHistory': ['Unknown', 'T2_US_MIT', 'T2_US_MIT'], 'TotalSysCpuTimeHistory': [74.0]}, '64': {'Retries': 0, 'WallDurations': [10.0, 222.5349509716034, 22851.0], 'StartTimes': [1637705217.0], 'SubmitTimes': [1637685271.0], 'JobIds': ['72184301.0'], 'EndTimes': [], 'Restarts': 0, 'RecordedSite': True, 'State': 'running', 'ResidentSetSize': [1511224], 'TotalUserCpuTimeHistory': [4649.0], 'SiteHistory': ['Unknown', 'T2_US_MIT', 'T2_US_MIT'], 'TotalSysCpuTimeHistory': [149.0]}, '65': {'Retries': 0, 'WallDurations': [9.0, 219.2692608833313, 8382.0], 'StartTimes': [1637704919.0], 'SubmitTimes': [1637685272.0], 'JobIds': ['72184303.0'], 'EndTimes': [1637713301.0], 'Restarts': 0, 'RecordedSite': True, 'State': 'finished', 'ResidentSetSize': [1554760], 'TotalUserCpuTimeHistory': [7023], 'SiteHistory': ['Unknown', 'T2_US_Nebraska', 'T2_US_Nebraska'], 'TotalSysCpuTimeHistory': [663]}, '66': {'Retries': 0, 'WallDurations': [10.0, 219.2692608833313, 17847.0], 'StartTimes': [1637704919.0], 'SubmitTimes': [1637685272.0], 'JobIds': ['72184302.0'], 'EndTimes': [1637722766.0], 'Restarts': 0, 'RecordedSite': True, 'State': 'finished', 'ResidentSetSize': [1534092], 'TotalUserCpuTimeHistory': [15815], 'SiteHistory': ['Unknown', 'T2_US_Nebraska', 'T2_US_Nebraska'], 'TotalSysCpuTimeHistory': [950]}, '67': {'Retries': 0, 'WallDurations': [9.0, 218.2692608833313, 2771.0, 0, 1513.0], 'StartTimes': [1637704920.0, 1637708466.0], 'SubmitTimes': [1637685272.0, -1], 'JobIds': ['72184304.0', '72184304.0'], 'EndTimes': [1637707691.0], 'Restarts': 1, 'RecordedSite': True, 'State': 'running', 'ResidentSetSize': [706736, 1455372], 'TotalUserCpuTimeHistory': [229.0, 1089.0], 'SiteHistory': ['Unknown', 'T2_US_Nebraska', 'T2_US_Nebraska', 'Unknown', 'T2_US_MIT'], 'TotalSysCpuTimeHistory': [9.0, 10.0]}, '68': {'Retries': 0, 'WallDurations': [10.0, 218.2692608833313, 2722.0, 0, 18646.0], 'StartTimes': [1637704920.0, 1637708463.0], 'SubmitTimes': [1637685272.0, -1], 'JobIds': ['72184305.0', '72184305.0'], 'EndTimes': [1637707642.0], 'Restarts': 1, 'RecordedSite': True, 'State': 'running', 'ResidentSetSize': [690336, 1421044], 'TotalUserCpuTimeHistory': [228.0, 3063.0], 'SiteHistory': ['Unknown', 'T2_US_Nebraska', 'T2_US_Nebraska', 'Unknown', 'T2_US_MIT'], 'TotalSysCpuTimeHistory': [6.0, 124.0]}, '69': {'Retries': 0, 'WallDurations': [9.0, 214.2692608833313, 7523.0], 'StartTimes': [1637704924.0], 'SubmitTimes': [1637685272.0], 'JobIds': ['72184306.0'], 'EndTimes': [], 'Restarts': 0, 'RecordedSite': True, 'State': 'running', 'ResidentSetSize': [1489860], 'TotalUserCpuTimeHistory': [2185.0], 'SiteHistory': ['Unknown', 'T2_US_Nebraska', 'T2_US_Nebraska'], 'TotalSysCpuTimeHistory': [83.0]}, '34': {'Retries': 0, 'WallDurations': [9.0, 118.9981460571289, 18396.0], 'StartTimes': [1637703514.0], 'SubmitTimes': [1637685261.0], 'JobIds': ['72184271.0'], 'EndTimes': [1637721910.0], 'Restarts': 0, 'RecordedSite': True, 'State': 'finished', 'ResidentSetSize': [1452280], 'TotalUserCpuTimeHistory': [5978], 'SiteHistory': ['Unknown', 'T2_US_Nebraska', 'T2_US_Nebraska'], 'TotalSysCpuTimeHistory': [371]}, '24': {'Retries': 0, 'WallDurations': [9.0, 172.9981460571289, 2411.0], 'StartTimes': [1637703460.0], 'SubmitTimes': [1637685260.0], 'JobIds': ['72184261.0'], 'EndTimes': [], 'Restarts': 0, 'RecordedSite': True, 'State': 'running', 'ResidentSetSize': [1531024], 'TotalUserCpuTimeHistory': [985.0], 'SiteHistory': ['Unknown', 'T2_US_MIT', 'T2_US_MIT'], 'TotalSysCpuTimeHistory': [12.0]}, '25': {'Retries': 0, 'WallDurations': [9.0, 169.9981460571289, 21347.0], 'StartTimes': [1637703463.0], 'SubmitTimes': [1637685260.0], 'JobIds': ['72184262.0'], 'EndTimes': [], 'Restarts': 0, 'RecordedSite': True, 'State': 'running', 'ResidentSetSize': [1491268], 'TotalUserCpuTimeHistory': [5443.0], 'SiteHistory': ['Unknown', 'T2_US_MIT', 'T2_US_MIT'], 'TotalSysCpuTimeHistory': [191.0]}, '26': {'Retries': 0, 'WallDurations': [8.0, 155.9981460571289, 23457.0], 'StartTimes': [1637703477.0], 'SubmitTimes': [1637685260.0], 'JobIds': ['72184263.0'], 'EndTimes': [], 'Restarts': 0, 'RecordedSite': True, 'State': 'running', 'ResidentSetSize': [1452872], 'TotalUserCpuTimeHistory': [2119.0], 'SiteHistory': ['Unknown', 'T2_US_MIT', 'T2_US_MIT'], 'TotalSysCpuTimeHistory': [75.0]}, '27': {'Retries': 0, 'WallDurations': [8.0, 172.9981460571289, 23137.0], 'StartTimes': [1637703460.0], 'SubmitTimes': [1637685260.0], 'JobIds': ['72184264.0'], 'EndTimes': [], 'Restarts': 0, 'RecordedSite': True, 'State': 'running', 'ResidentSetSize': [1529848], 'TotalUserCpuTimeHistory': [3261.0], 'SiteHistory': ['Unknown', 'T2_US_MIT', 'T2_US_MIT'], 'TotalSysCpuTimeHistory': [126.0]}, '20': {'Retries': 0, 'WallDurations': [9.0, 108.82267498970032, 18647.0], 'StartTimes': [1637703224.0], 'SubmitTimes': [1637685259.0], 'JobIds': ['72184257.0'], 'EndTimes': [], 'Restarts': 0, 'RecordedSite': True, 'State': 'running', 'ResidentSetSize': [1518780], 'TotalUserCpuTimeHistory': [5744.0], 'SiteHistory': ['Unknown', 'T2_US_MIT', 'T2_US_MIT'], 'TotalSysCpuTimeHistory': [351.0]}, '21': {'Retries': 0, 'WallDurations': [8.0, 104.82267498970032, 11726.0], 'StartTimes': [1637703228.0], 'SubmitTimes': [1637685259.0], 'JobIds': ['72184258.0'], 'EndTimes': [], 'Restarts': 0, 'RecordedSite': True, 'State': 'running', 'ResidentSetSize': [1487420], 'TotalUserCpuTimeHistory': [2807.0], 'SiteHistory': ['Unknown', 'T2_US_MIT', 'T2_US_MIT'], 'TotalSysCpuTimeHistory': [131.0]}, '22': {'Retries': 0, 'WallDurations': [9.0, 171.9981460571289, 15943.0], 'StartTimes': [1637703461.0], 'SubmitTimes': [1637685259.0], 'JobIds': ['72184259.0'], 'EndTimes': [], 'Restarts': 0, 'RecordedSite': True, 'State': 'running', 'ResidentSetSize': [1458944], 'TotalUserCpuTimeHistory': [3436.0], 'SiteHistory': ['Unknown', 'T2_US_MIT', 'T2_US_MIT'], 'TotalSysCpuTimeHistory': [229.0]}, '49': {'Retries': 0, 'WallDurations': [9.0, 222.2692608833313, 10684.0], 'StartTimes': [1637704916.0], 'SubmitTimes': [1637685263.0], 'JobIds': ['72184286.0'], 'EndTimes': [1637715600.0], 'Restarts': 0, 'RecordedSite': True, 'State': 'finished', 'ResidentSetSize': [1559852], 'TotalUserCpuTimeHistory': [9216], 'SiteHistory': ['Unknown', 'T2_US_Nebraska', 'T2_US_Nebraska'], 'TotalSysCpuTimeHistory': [728]}, '46': {'Retries': 0, 'WallDurations': [9.0, 222.2692608833313, 9880.0], 'StartTimes': [1637704916.0], 'SubmitTimes': [1637685263.0], 'JobIds': ['72184283.0'], 'EndTimes': [1637714796.0], 'Restarts': 0, 'RecordedSite': True, 'State': 'finished', 'ResidentSetSize': [1548972], 'TotalUserCpuTimeHistory': [8435], 'SiteHistory': ['Unknown', 'T2_US_Nebraska', 'T2_US_Nebraska'], 'TotalSysCpuTimeHistory': [662]}, '23': {'Retries': 0, 'WallDurations': [9.0, 169.9981460571289, 24059.0], 'StartTimes': [1637703463.0], 'SubmitTimes': [1637685259.0], 'JobIds': ['72184260.0'], 'EndTimes': [], 'Restarts': 0, 'RecordedSite': True, 'State': 'running', 'ResidentSetSize': [1479240], 'TotalUserCpuTimeHistory': [5372.0], 'SiteHistory': ['Unknown', 'T2_US_MIT', 'T2_US_MIT'], 'TotalSysCpuTimeHistory': [273.0]}, '44': {'Retries': 0, 'WallDurations': [8.0, 221.2692608833313, 11529.0], 'StartTimes': [1637704917.0], 'SubmitTimes': [1637685263.0], 'JobIds': ['72184280.0'], 'EndTimes': [1637716446.0], 'Restarts': 0, 'RecordedSite': True, 'State': 'finished', 'ResidentSetSize': [1638132], 'TotalUserCpuTimeHistory': [3772], 'SiteHistory': ['Unknown', 'T2_US_Nebraska', 'T2_US_Nebraska'], 'TotalSysCpuTimeHistory': [200]}, '45': {'Retries': 0, 'WallDurations': [9.0, 219.2692608833313, 6922.0], 'StartTimes': [1637704919.0], 'SubmitTimes': [1637685263.0], 'JobIds': ['72184281.0'], 'EndTimes': [], 'Restarts': 0, 'RecordedSite': True, 'State': 'running', 'ResidentSetSize': [1426296], 'TotalUserCpuTimeHistory': [2779.0], 'SiteHistory': ['Unknown', 'T2_US_Nebraska', 'T2_US_Nebraska'], 'TotalSysCpuTimeHistory': [156.0]}, '42': {'Retries': 0, 'WallDurations': [10.0, 217.2692608833313, 22021.0], 'StartTimes': [1637704921.0], 'SubmitTimes': [1637685263.0], 'JobIds': ['72184278.0'], 'EndTimes': [1637726942.0], 'Restarts': 0, 'RecordedSite': True, 'State': 'finished', 'ResidentSetSize': [1445364], 'TotalUserCpuTimeHistory': [4359], 'SiteHistory': ['Unknown', 'T2_US_Nebraska', 'T2_US_Nebraska'], 'TotalSysCpuTimeHistory': [260]}, '43': {'Retries': 0, 'WallDurations': [9.0, 220.2692608833313, 23749.0], 'StartTimes': [1637704918.0], 'SubmitTimes': [1637685263.0], 'JobIds': ['72184279.0'], 'EndTimes': [], 'Restarts': 0, 'RecordedSite': True, 'State': 'running', 'ResidentSetSize': [1503212], 'TotalUserCpuTimeHistory': [6386.0], 'SiteHistory': ['Unknown', 'T2_US_Nebraska', 'T2_US_Nebraska'], 'TotalSysCpuTimeHistory': [417.0]}, '40': {'Retries': 0, 'WallDurations': [10.0, 200.2692608833313, 10857.0], 'StartTimes': [1637704938.0], 'SubmitTimes': [1637685262.0], 'JobIds': ['72184276.0'], 'EndTimes': [1637715795.0], 'Restarts': 0, 'RecordedSite': True, 'State': 'finished', 'ResidentSetSize': [1494864], 'TotalUserCpuTimeHistory': [9266], 'SiteHistory': ['Unknown', 'T2_US_Nebraska', 'T2_US_Nebraska'], 'TotalSysCpuTimeHistory': [675]}, '41': {'Retries': 0, 'WallDurations': [9.0, 210.2692608833313, 8022.0], 'StartTimes': [1637704928.0], 'SubmitTimes': [1637685263.0], 'JobIds': ['72184277.0'], 'EndTimes': [1637712950.0], 'Restarts': 0, 'RecordedSite': True, 'State': 'finished', 'ResidentSetSize': [1519680], 'TotalUserCpuTimeHistory': [5334], 'SiteHistory': ['Unknown', 'T2_US_UCSD', 'T2_US_UCSD'], 'TotalSysCpuTimeHistory': [490]}, '1': {'Retries': 0, 'WallDurations': [10.0, 222.5349509716034, 12627.0], 'StartTimes': [1637705217.0], 'SubmitTimes': [1637685251.0], 'JobIds': ['72184238.0'], 'EndTimes': [1637717844.0], 'Restarts': 0, 'RecordedSite': True, 'State': 'finished', 'ResidentSetSize': [1453768], 'TotalUserCpuTimeHistory': [3812], 'SiteHistory': ['Unknown', 'T2_US_MIT', 'T2_US_MIT'], 'TotalSysCpuTimeHistory': [170]}, '35': {'Retries': 0, 'WallDurations': [8.0, 14.350518941879272, 1378.0], 'StartTimes': [1637704219.0], 'SubmitTimes': [1637685261.0], 'JobIds': ['72184272.0'], 'EndTimes': [1637705597.0], 'Restarts': 0, 'RecordedSite': True, 'State': 'finished', 'ResidentSetSize': [1385220], 'TotalUserCpuTimeHistory': [892], 'SiteHistory': ['Unknown', 'T2_US_MIT', 'T2_US_MIT'], 'TotalSysCpuTimeHistory': [12]}, '3': {'Retries': 0, 'WallDurations': [8.0, 135.938551902771, 1938.0], 'StartTimes': [1637705605.0], 'SubmitTimes': [1637685251.0], 'JobIds': ['72184240.0'], 'EndTimes': [1637707543.0], 'Restarts': 0, 'RecordedSite': True, 'State': 'finished', 'ResidentSetSize': [1405452], 'TotalUserCpuTimeHistory': [948], 'SiteHistory': ['Unknown', 'T2_US_MIT', 'T2_US_MIT'], 'TotalSysCpuTimeHistory': [15]}, '2': {'Retries': 0, 'WallDurations': [8.0, 86.5349509716034, 5498.0], 'StartTimes': [1637705353.0], 'SubmitTimes': [1637685251.0], 'JobIds': ['72184239.0'], 'EndTimes': [1637710851.0], 'Restarts': 0, 'RecordedSite': True, 'State': 'finished', 'ResidentSetSize': [1437180], 'TotalUserCpuTimeHistory': [4948], 'SiteHistory': ['Unknown', 'T2_US_MIT', 'T2_US_MIT'], 'TotalSysCpuTimeHistory': [413]}, '5': {'Retries': 0, 'WallDurations': [9.0, 21.713468074798584, 4816.0], 'StartTimes': [1637706925.0], 'SubmitTimes': [1637685251.0], 'JobIds': ['72184242.0'], 'EndTimes': [], 'Restarts': 0, 'RecordedSite': True, 'State': 'running', 'ResidentSetSize': [1531952], 'TotalUserCpuTimeHistory': [1831.0], 'SiteHistory': ['Unknown', 'T2_US_MIT', 'T2_US_MIT'], 'TotalSysCpuTimeHistory': [58.0]}, '4': {'Retries': 0, 'WallDurations': [10.0, 22.713468074798584, 6924.0], 'StartTimes': [1637706924.0], 'SubmitTimes': [1637685251.0], 'JobIds': ['72184241.0'], 'EndTimes': [], 'Restarts': 0, 'RecordedSite': True, 'State': 'running', 'ResidentSetSize': [1487344], 'TotalUserCpuTimeHistory': [1485.0], 'SiteHistory': ['Unknown', 'T2_US_MIT', 'T2_US_MIT'], 'TotalSysCpuTimeHistory': [83.0]}, '7': {'Retries': 0, 'WallDurations': [10.0, 155.46372890472412, 2114.0], 'StartTimes': [1637702577.0], 'SubmitTimes': [1637685252.0], 'JobIds': ['72184244.0'], 'EndTimes': [], 'Restarts': 0, 'RecordedSite': True, 'State': 'running', 'ResidentSetSize': [1531392], 'TotalUserCpuTimeHistory': [1151.0], 'SiteHistory': ['Unknown', 'T2_US_Nebraska', 'T2_US_Nebraska'], 'TotalSysCpuTimeHistory': [25.0]}, '6': {'Retries': 0, 'WallDurations': [8.0, 283.9604458808899, 26755.0], 'StartTimes': [1637701548.0], 'SubmitTimes': [1637685251.0], 'JobIds': ['72184243.0'], 'EndTimes': [], 'Restarts': 0, 'RecordedSite': True, 'State': 'running', 'ResidentSetSize': [1526132], 'TotalUserCpuTimeHistory': [3675.0], 'SiteHistory': ['Unknown', 'T2_US_Nebraska', 'T2_US_Nebraska'], 'TotalSysCpuTimeHistory': [271.0]}, '9': {'Retries': 0, 'WallDurations': [9.0, 107.82267498970032, 13234.0], 'StartTimes': [1637703225.0], 'SubmitTimes': [1637685252.0], 'JobIds': ['72184246.0'], 'EndTimes': [], 'Restarts': 0, 'RecordedSite': True, 'State': 'running', 'ResidentSetSize': [1519592], 'TotalUserCpuTimeHistory': [3928.0], 'SiteHistory': ['Unknown', 'T2_US_MIT', 'T2_US_MIT'], 'TotalSysCpuTimeHistory': [321.0]}, '8': {'Retries': 0, 'WallDurations': [0, 9.0, 6620.0], 'StartTimes': [1637702733.0], 'SubmitTimes': [1637685252.0], 'JobIds': ['72184245.0'], 'EndTimes': [], 'Restarts': 0, 'RecordedSite': True, 'State': 'running', 'ResidentSetSize': [1546524], 'TotalUserCpuTimeHistory': [1621.0], 'SiteHistory': ['Unknown', 'T2_US_Purdue', 'T2_US_Purdue'], 'TotalSysCpuTimeHistory': [90.0]}, '18': {'Retries': 0, 'WallDurations': [9.0, 92.82267498970032, 23159.0], 'StartTimes': [1637703240.0], 'SubmitTimes': [1637685259.0], 'JobIds': ['72184255.0'], 'EndTimes': [], 'Restarts': 0, 'RecordedSite': True, 'State': 'running', 'ResidentSetSize': [1465744], 'TotalUserCpuTimeHistory': [3602.0], 'SiteHistory': ['Unknown', 'T2_US_MIT', 'T2_US_MIT'], 'TotalSysCpuTimeHistory': [144.0]}, '13': {'Retries': 0, 'WallDurations': [9.0, 105.82267498970032, 21963.0], 'StartTimes': [1637703227.0], 'SubmitTimes': [1637685252.0], 'JobIds': ['72184250.0'], 'EndTimes': [1637725190.0], 'Restarts': 0, 'RecordedSite': True, 'State': 'finished', 'ResidentSetSize': [1426588], 'TotalUserCpuTimeHistory': [3859], 'SiteHistory': ['Unknown', 'T2_US_MIT', 'T2_US_MIT'], 'TotalSysCpuTimeHistory': [163]}, '75': {'Retries': 0, 'WallDurations': [9.0, 221.5349509716034, 4166.0], 'StartTimes': [1637705218.0], 'SubmitTimes': [1637685273.0], 'JobIds': ['72184312.0'], 'EndTimes': [1637709384.0], 'Restarts': 0, 'RecordedSite': True, 'State': 'finished', 'ResidentSetSize': [1420364], 'TotalUserCpuTimeHistory': [1103], 'SiteHistory': ['Unknown', 'T2_US_MIT', 'T2_US_MIT'], 'TotalSysCpuTimeHistory': [21]}, '12': {'Retries': 0, 'WallDurations': [8.0, 107.82267498970032, 25413.0], 'StartTimes': [1637703225.0], 'SubmitTimes': [1637685252.0], 'JobIds': ['72184249.0'], 'EndTimes': [1637728638.0], 'Restarts': 0, 'RecordedSite': True, 'State': 'transferring', 'ResidentSetSize': [1445140], 'TotalUserCpuTimeHistory': [4347], 'SiteHistory': ['Unknown', 'T2_US_MIT', 'T2_US_MIT'], 'TotalSysCpuTimeHistory': [176]}, '73': {'Retries': 0, 'WallDurations': [10.0, 219.2692608833313, 3016.0], 'StartTimes': [1637704919.0], 'SubmitTimes': [1637685273.0], 'JobIds': ['72184310.0'], 'EndTimes': [], 'Restarts': 0, 'RecordedSite': True, 'State': 'running', 'ResidentSetSize': [1526964], 'TotalUserCpuTimeHistory': [1320.0], 'SiteHistory': ['Unknown', 'T2_US_Nebraska', 'T2_US_Nebraska'], 'TotalSysCpuTimeHistory': [62.0]}, '72': {'Retries': 0, 'WallDurations': [10.0, 212.2692608833313, 9465.0], 'StartTimes': [1637704926.0], 'SubmitTimes': [1637685272.0], 'JobIds': ['72184309.0'], 'EndTimes': [1637714391.0], 'Restarts': 0, 'RecordedSite': True, 'State': 'finished', 'ResidentSetSize': [1440640], 'TotalUserCpuTimeHistory': [1739], 'SiteHistory': ['Unknown', 'T2_US_UCSD', 'T2_US_UCSD'], 'TotalSysCpuTimeHistory': [66]}, '71': {'Retries': 0, 'WallDurations': [8.0, 219.2692608833313, 13832.0], 'StartTimes': [1637704919.0], 'SubmitTimes': [1637685272.0], 'JobIds': ['72184308.0'], 'EndTimes': [], 'Restarts': 0, 'RecordedSite': True, 'State': 'running', 'ResidentSetSize': [1474492], 'TotalUserCpuTimeHistory': [1894.0], 'SiteHistory': ['Unknown', 'T2_US_Purdue', 'T2_US_Purdue'], 'TotalSysCpuTimeHistory': [118.0]}, '70': {'Retries': 0, 'WallDurations': [8.0, 220.5349509716034, 8724.0], 'StartTimes': [1637705219.0], 'SubmitTimes': [1637685272.0], 'JobIds': ['72184307.0'], 'EndTimes': [], 'Restarts': 0, 'RecordedSite': True, 'State': 'running', 'ResidentSetSize': [1532288], 'TotalUserCpuTimeHistory': [2210.0], 'SiteHistory': ['Unknown', 'T2_US_MIT', 'T2_US_MIT'], 'TotalSysCpuTimeHistory': [112.0]}, '15': {'Retries': 0, 'WallDurations': [8.0, 106.82267498970032, 985.0], 'StartTimes': [1637703226.0], 'SubmitTimes': [1637685252.0], 'JobIds': ['72184252.0'], 'EndTimes': [1637704211.0], 'Restarts': 0, 'RecordedSite': True, 'State': 'finished', 'ResidentSetSize': [1211536], 'TotalUserCpuTimeHistory': [906], 'SiteHistory': ['Unknown', 'T2_US_MIT', 'T2_US_MIT'], 'TotalSysCpuTimeHistory': [17]}, '32': {'Retries': 0, 'WallDurations': [9.0, 166.9981460571289, 21043.0], 'StartTimes': [1637703466.0], 'SubmitTimes': [1637685261.0], 'JobIds': ['72184269.0'], 'EndTimes': [], 'Restarts': 0, 'RecordedSite': True, 'State': 'running', 'ResidentSetSize': [1534760], 'TotalUserCpuTimeHistory': [3217.0], 'SiteHistory': ['Unknown', 'T2_US_Purdue', 'T2_US_Purdue'], 'TotalSysCpuTimeHistory': [187.0]}, '14': {'Retries': 0, 'WallDurations': [8.0, 108.82267498970032, 8692.0], 'StartTimes': [1637703224.0], 'SubmitTimes': [1637685252.0], 'JobIds': ['72184251.0'], 'EndTimes': [1637711916.0], 'Restarts': 0, 'RecordedSite': True, 'State': 'finished', 'ResidentSetSize': [1381340], 'TotalUserCpuTimeHistory': [2173], 'SiteHistory': ['Unknown', 'T2_US_MIT', 'T2_US_MIT'], 'TotalSysCpuTimeHistory': [84]}, '11': {'Retries': 0, 'WallDurations': [8.0, 107.82267498970032, 5025.0], 'StartTimes': [1637703225.0], 'SubmitTimes': [1637685252.0], 'JobIds': ['72184248.0'], 'EndTimes': [1637708250.0], 'Restarts': 0, 'RecordedSite': True, 'State': 'finished', 'ResidentSetSize': [1441616], 'TotalUserCpuTimeHistory': [1909], 'SiteHistory': ['Unknown', 'T2_US_MIT', 'T2_US_MIT'], 'TotalSysCpuTimeHistory': [65]}, '10': {'Retries': 0, 'WallDurations': [8.0, 105.82267498970032, 24657.0], 'StartTimes': [1637703227.0], 'SubmitTimes': [1637685252.0], 'JobIds': ['72184247.0'], 'EndTimes': [], 'Restarts': 0, 'RecordedSite': True, 'State': 'running', 'ResidentSetSize': [1496768], 'TotalUserCpuTimeHistory': [6258.0], 'SiteHistory': ['Unknown', 'T2_US_MIT', 'T2_US_MIT'], 'TotalSysCpuTimeHistory': [229.0]}, '39': {'Retries': 0, 'WallDurations': [9.0, 215.2692608833313, 22844.0], 'StartTimes': [1637704923.0], 'SubmitTimes': [1637685262.0], 'JobIds': ['72184275.0'], 'EndTimes': [], 'Restarts': 0, 'RecordedSite': True, 'State': 'running', 'ResidentSetSize': [1524736], 'TotalUserCpuTimeHistory': [21185.0], 'SiteHistory': ['Unknown', 'T2_US_Nebraska', 'T2_US_Nebraska'], 'TotalSysCpuTimeHistory': [1318.0]}, '38': {'Retries': 0, 'WallDurations': [0, 2.841749906539917, 18005.0], 'StartTimes': [1637704834.0], 'SubmitTimes': [1637685262.0], 'JobIds': ['72184274.0'], 'EndTimes': [1637722839.0], 'Restarts': 0, 'RecordedSite': True, 'State': 'finished', 'ResidentSetSize': [1543524], 'TotalUserCpuTimeHistory': [16554], 'SiteHistory': ['Unknown', 'T2_US_Nebraska', 'T2_US_Nebraska'], 'TotalSysCpuTimeHistory': [1097]}, '59': {'Retries': 0, 'WallDurations': [9.0, 191.2692608833313, 5421.0], 'StartTimes': [1637704947.0], 'SubmitTimes': [1637685270.0], 'JobIds': ['72184296.0'], 'EndTimes': [], 'Restarts': 0, 'RecordedSite': True, 'State': 'running', 'ResidentSetSize': [1491752], 'TotalUserCpuTimeHistory': [1876.0], 'SiteHistory': ['Unknown', 'T2_US_UCSD', 'T2_US_UCSD'], 'TotalSysCpuTimeHistory': [67.0]}, '48': {'Retries': 0, 'WallDurations': [9.0, 222.2692608833313, 10182.0], 'StartTimes': [1637704916.0], 'SubmitTimes': [1637685263.0], 'JobIds': ['72184285.0'], 'EndTimes': [1637715098.0], 'Restarts': 0, 'RecordedSite': True, 'State': 'finished', 'ResidentSetSize': [1503016], 'TotalUserCpuTimeHistory': [8453], 'SiteHistory': ['Unknown', 'T2_US_Nebraska', 'T2_US_Nebraska'], 'TotalSysCpuTimeHistory': [749]}, '17': {'Retries': 0, 'WallDurations': [9.0, 107.82267498970032, 2120.0], 'StartTimes': [1637703225.0], 'SubmitTimes': [1637685259.0], 'JobIds': ['72184254.0'], 'EndTimes': [1637705345.0], 'Restarts': 0, 'RecordedSite': True, 'State': 'finished', 'ResidentSetSize': [1365108], 'TotalUserCpuTimeHistory': [1208], 'SiteHistory': ['Unknown', 'T2_US_MIT', 'T2_US_MIT'], 'TotalSysCpuTimeHistory': [26]}, '16': {'Retries': 0, 'WallDurations': [10.0, 92.82267498970032, 1470.0], 'StartTimes': [1637703240.0], 'SubmitTimes': [1637685253.0], 'JobIds': ['72184253.0'], 'EndTimes': [1637704710.0], 'Restarts': 0, 'RecordedSite': True, 'State': 'finished', 'ResidentSetSize': [1380540], 'TotalUserCpuTimeHistory': [1072], 'SiteHistory': ['Unknown', 'T2_US_MIT', 'T2_US_MIT'], 'TotalSysCpuTimeHistory': [15]}, '19': {'Retries': 0, 'WallDurations': [9.0, 106.82267498970032, 1810.0], 'StartTimes': [1637703226.0], 'SubmitTimes': [1637685259.0], 'JobIds': ['72184256.0'], 'EndTimes': [], 'Restarts': 0, 'RecordedSite': True, 'State': 'running', 'ResidentSetSize': [1448456], 'TotalUserCpuTimeHistory': [885.0], 'SiteHistory': ['Unknown', 'T2_US_MIT', 'T2_US_MIT'], 'TotalSysCpuTimeHistory': [8.0]}, '54': {'Retries': 0, 'WallDurations': [9.0, 221.2692608833313, 22728.0], 'StartTimes': [1637704917.0], 'SubmitTimes': [1637685269.0], 'JobIds': ['72184290.0'], 'EndTimes': [1637727645.0], 'Restarts': 0, 'RecordedSite': True, 'State': 'transferring', 'ResidentSetSize': [1520656], 'TotalUserCpuTimeHistory': [20316], 'SiteHistory': ['Unknown', 'T2_US_Nebraska', 'T2_US_Nebraska'], 'TotalSysCpuTimeHistory': [1261]}, '31': {'Retries': 0, 'WallDurations': [9.0, 171.9981460571289, 3015.0], 'StartTimes': [1637703461.0], 'SubmitTimes': [1637685261.0], 'JobIds': ['72184268.0'], 'EndTimes': [], 'Restarts': 0, 'RecordedSite': True, 'State': 'running', 'ResidentSetSize': [1487980], 'TotalUserCpuTimeHistory': [1232.0], 'SiteHistory': ['Unknown', 'T2_US_MIT', 'T2_US_MIT'], 'TotalSysCpuTimeHistory': [17.0]}, '56': {'Retries': 0, 'WallDurations': [9.0, 220.2692608833313, 5286.0], 'StartTimes': [1637704918.0], 'SubmitTimes': [1637685270.0], 'JobIds': ['72184293.0'], 'EndTimes': [1637710204.0], 'Restarts': 0, 'RecordedSite': True, 'State': 'finished', 'ResidentSetSize': [1479140], 'TotalUserCpuTimeHistory': [4481], 'SiteHistory': ['Unknown', 'T2_US_Nebraska', 'T2_US_Nebraska'], 'TotalSysCpuTimeHistory': [389]}, '51': {'Retries': 0, 'WallDurations': [9.0, 215.2692608833313, 16378.0], 'StartTimes': [1637704923.0], 'SubmitTimes': [1637685269.0], 'JobIds': ['72184288.0'], 'EndTimes': [1637721301.0], 'Restarts': 0, 'RecordedSite': True, 'State': 'finished', 'ResidentSetSize': [1526768], 'TotalUserCpuTimeHistory': [14938], 'SiteHistory': ['Unknown', 'T2_US_Nebraska', 'T2_US_Nebraska'], 'TotalSysCpuTimeHistory': [876]}, '36': {'Retries': 0, 'WallDurations': [9.0, 114.84174990653992, 2415.0], 'StartTimes': [1637704722.0], 'SubmitTimes': [1637685262.0], 'JobIds': ['72184273.0'], 'EndTimes': [], 'Restarts': 0, 'RecordedSite': True, 'State': 'running', 'ResidentSetSize': [1474668], 'TotalUserCpuTimeHistory': [1082.0], 'SiteHistory': ['Unknown', 'T2_US_MIT', 'T2_US_MIT'], 'TotalSysCpuTimeHistory': [24.0]}, '53': {'Retries': 0, 'WallDurations': [9.0, 216.2692608833313, 5419.0], 'StartTimes': [1637704922.0], 'SubmitTimes': [1637685269.0], 'JobIds': ['72184291.0'], 'EndTimes': [], 'Restarts': 0, 'RecordedSite': True, 'State': 'running', 'ResidentSetSize': [1520280], 'TotalUserCpuTimeHistory': [1318.0], 'SiteHistory': ['Unknown', 'T2_US_UCSD', 'T2_US_UCSD'], 'TotalSysCpuTimeHistory': [41.0]}, '52': {'Retries': 0, 'WallDurations': [9.0, 194.2692608833313, 18040.0], 'StartTimes': [1637704944.0], 'SubmitTimes': [1637685269.0], 'JobIds': ['72184289.0'], 'EndTimes': [], 'Restarts': 0, 'RecordedSite': True, 'State': 'running', 'ResidentSetSize': [1545860], 'TotalUserCpuTimeHistory': [2443.0], 'SiteHistory': ['Unknown', 'T2_US_UCSD', 'T2_US_UCSD'], 'TotalSysCpuTimeHistory': [232.0]}, '33': {'Retries': 0, 'WallDurations': [8.0, 167.9981460571289, 13644.0], 'StartTimes': [1637703465.0], 'SubmitTimes': [1637685261.0], 'JobIds': ['72184270.0'], 'EndTimes': [1637717109.0], 'Restarts': 0, 'RecordedSite': True, 'State': 'finished', 'ResidentSetSize': [1441124], 'TotalUserCpuTimeHistory': [2193], 'SiteHistory': ['Unknown', 'T2_US_Purdue', 'T2_US_Purdue'], 'TotalSysCpuTimeHistory': [110]}, '55': {'Retries': 0, 'WallDurations': [9.0, 210.2692608833313, 20141.0], 'StartTimes': [1637704928.0], 'SubmitTimes': [1637685270.0], 'JobIds': ['72184292.0'], 'EndTimes': [], 'Restarts': 0, 'RecordedSite': True, 'State': 'running', 'ResidentSetSize': [1509596], 'TotalUserCpuTimeHistory': [2395.0], 'SiteHistory': ['Unknown', 'T2_US_UCSD', 'T2_US_UCSD'], 'TotalSysCpuTimeHistory': [226.0]}, '74': {'Retries': 0, 'WallDurations': [8.0, 212.5349509716034, 14612.0], 'StartTimes': [1637705227.0], 'SubmitTimes': [1637685273.0], 'JobIds': ['72184311.0'], 'EndTimes': [1637719839.0], 'Restarts': 0, 'RecordedSite': True, 'State': 'finished', 'ResidentSetSize': [1535664], 'TotalUserCpuTimeHistory': [13135], 'SiteHistory': ['Unknown', 'T2_US_MIT', 'T2_US_MIT'], 'TotalSysCpuTimeHistory': [1116]}, '37': {'Retries': 0, 'WallDurations': [9.0, 206.5349509716034, 9927.0], 'StartTimes': [1637705233.0], 'SubmitTimes': [1637685273.0], 'JobIds': ['72184313.0'], 'EndTimes': [], 'Restarts': 0, 'RecordedSite': True, 'State': 'running', 'ResidentSetSize': [1481880], 'TotalUserCpuTimeHistory': [1379.0], 'SiteHistory': ['Unknown', 'T2_US_MIT', 'T2_US_MIT'], 'TotalSysCpuTimeHistory': [35.0]}, '47': {'Retries': 0, 'WallDurations': [9.0, 219.2692608833313, 9540.0], 'StartTimes': [1637704919.0], 'SubmitTimes': [1637685263.0], 'JobIds': ['72184284.0'], 'EndTimes': [1637714459.0], 'Restarts': 0, 'RecordedSite': True, 'State': 'finished', 'ResidentSetSize': [1454196], 'TotalUserCpuTimeHistory': [8666], 'SiteHistory': ['Unknown', 'T2_US_Nebraska', 'T2_US_Nebraska'], 'TotalSysCpuTimeHistory': [644]}, '57': {'Retries': 0, 'WallDurations': [10.0, 200.2692608833313, 2757.0, 0, 2711.0], 'StartTimes': [1637704938.0, 1637708258.0], 'SubmitTimes': [1637685270.0, -1], 'JobIds': ['72184294.0', '72184294.0'], 'EndTimes': [1637707695.0], 'Restarts': 1, 'RecordedSite': True, 'State': 'running', 'ResidentSetSize': [775260, 1522848], 'TotalUserCpuTimeHistory': [217.0, 1201.0], 'SiteHistory': ['Unknown', 'T2_US_Nebraska', 'T2_US_Nebraska', 'Unknown', 'T2_US_MIT'], 'TotalSysCpuTimeHistory': [6.0, 26.0]}, '50': {'Retries': 0, 'WallDurations': [9.0, 219.2692608833313, 24053.0], 'StartTimes': [1637704919.0], 'SubmitTimes': [1637685264.0], 'JobIds': ['72184287.0'], 'EndTimes': [], 'Restarts': 0, 'RecordedSite': True, 'State': 'running', 'ResidentSetSize': [1547048], 'TotalUserCpuTimeHistory': [3585.0], 'SiteHistory': ['Unknown', 'T2_US_Purdue', 'T2_US_Purdue'], 'TotalSysCpuTimeHistory': [266.0]}}
INFO 2021-11-24 04:48:41.746 UTC: 	 Status on the scheduler:	SUBMITTED
INFO 2021-11-24 04:48:41.747 UTC: 	 
Jobs status:                    finished     		 40.0% (30/75)
INFO 2021-11-24 04:48:41.747 UTC: 	 				running      		 57.3% (43/75)
INFO 2021-11-24 04:48:41.747 UTC: 	 				transferring 		  2.7% ( 2/75)
INFO 2021-11-24 04:48:41.747 UTC: 	 
No publication information (publication has been disabled in the CRAB configuration file)
INFO 2021-11-24 04:48:41.749 UTC: 	 
Summary of run jobs:
 * Memory: 1183MB min, 1599MB max, 1436MB ave
 * Runtime: 0:16:25 min, 7:03:33 max, 3:08:01 ave
 * CPU eff: 17% min, 98% max, 64% ave
 * Waste: 1:34:39 (2% of total)

INFO 2021-11-24 04:48:41.770 UTC: 	 Log file is /afs/cern.ch/work/y/yian/work/GZ/CMSSW_10_6_20/src/PhysicsTools/NanoAODTools/WWG/2017/crab/crab2017/crab_DYJetsToLL_M-50_TuneCP5_13TeV-madgraphMLM-pythia8_2017/crab.log
