DEBUG 2021-11-23 16:49:05.050 UTC: 	 CRAB Client version: v3.210825
DEBUG 2021-11-23 16:49:05.050 UTC: 	 Running on: Linux lxplus780.cern.ch 3.10.0-1160.45.1.el7.x86_64 #1 SMP Wed Oct 13 17:20:51 UTC 2021 x86_64 x86_64 x86_64 GNU/Linux - CentOS Linux 7 (Core)
DEBUG 2021-11-23 16:49:05.050 UTC: 	 Executing command: 'submit'
DEBUG 2021-11-23 16:49:05.054 UTC: 	 Found CRAB cache file /afs/cern.ch/user/y/yian/.crab3
INFO 2021-11-23 16:49:05.056 UTC: 	 Will use CRAB configuration file crabcode_2018/tZq_ll_4f_ckm_NLO_TuneCP5_13TeV-amcatnlo-pythia8_2018_cfg.py
DEBUG 2021-11-23 16:49:05.056 UTC: 	 Loading CRAB configuration file.
DEBUG 2021-11-23 16:49:05.177 UTC: 	 Will use CRAB Analysis plugin (i.e. will run an analysis job type).
DEBUG 2021-11-23 16:49:05.461 UTC: 	 Checking credentials
DEBUG 2021-11-23 16:49:05.461 UTC: 	 Found proxy file /tmp/x509up_u110046
DEBUG 2021-11-23 16:49:05.461 UTC: 	 Getting proxy life time left
DEBUG 2021-11-23 16:49:06.676 UTC: 	 Executing : 
 command : voms-proxy-info -file /tmp/x509up_u110046 -timeleft
 output : 590841

 error: 
 retcode : 0
DEBUG 2021-11-23 16:49:07.994 UTC: 	 Executing : 
 command : voms-proxy-info -file /tmp/x509up_u110046 -actimeleft
 output : 590840

 error: 
 retcode : 0
DEBUG 2021-11-23 16:49:07.995 UTC: 	 Proxy lifetime 590841 secs is different from voms extension lifetime 590840 secs for proxy: /tmp/x509up_u110046
DEBUG 2021-11-23 16:49:07.995 UTC: 	 Proxy valid for 164:07:20 hours
DEBUG 2021-11-23 16:49:09.025 UTC: 	 Executing : 
 command : env X509_USER_PROXY=/tmp/x509up_u110046 voms-proxy-info -fqan
 output : /cms/Role=NULL/Capability=NULL

 error: 
 retcode : 0
DEBUG 2021-11-23 16:49:09.164 UTC: 	 Registering user credentials for server /DC=ch/DC=cern/OU=computers/CN=crab-(preprod|prod|dev)-tw(02|01).cern.ch|/DC=ch/DC=cern/OU=computers/CN=stefanov(m|m2).cern.ch|/DC=ch/DC=cern/OU=computers/CN=dciangot-tw.cern.ch
DEBUG 2021-11-23 16:49:10.209 UTC: 	 Executing : 
 command : voms-proxy-info -file /tmp/x509up_u110046 -identity
 output : /DC=ch/DC=cern/OU=Organic Units/OU=Users/CN=yian/CN=826694/CN=Ying An

 error: 
 retcode : 0
DEBUG 2021-11-23 16:49:10.217 UTC: 	 Getting myproxy life time left for myproxy.cern.ch
DEBUG 2021-11-23 16:49:10.218 UTC: 	 using b52ac606a6f7097e9b4b8f05a3a67cc69f8f291b as credential login name
DEBUG 2021-11-23 16:49:10.630 UTC: 	 Executing : 
 command : myproxy-info -l b52ac606a6f7097e9b4b8f05a3a67cc69f8f291b -s myproxy.cern.ch
 output : username: b52ac606a6f7097e9b4b8f05a3a67cc69f8f291b
owner: /DC=ch/DC=cern/OU=Organic Units/OU=Users/CN=yian/CN=826694/CN=Ying An
  renewal policy: /DC=ch/DC=cern/OU=computers/CN=crab-(preprod|prod|dev)-tw(02|01).cern.ch|/DC=ch/DC=cern/OU=computers/CN=stefanov(m|m2).cern.ch|/DC=ch/DC=cern/OU=computers/CN=dciangot-tw.cern.ch
  trusted retrieval policy: /DC=ch/DC=cern/OU=computers/CN=crab-(preprod|prod|dev)-tw(02|01).cern.ch|/DC=ch/DC=cern/OU=computers/CN=stefanov(m|m2).cern.ch|/DC=ch/DC=cern/OU=computers/CN=dciangot-tw.cern.ch
  timeleft: 712:07:28  (29.7 days)

 error: 
 retcode : 0
DEBUG 2021-11-23 16:49:10.632 UTC: 	 Myproxy is valid: 2563648
DEBUG 2021-11-23 16:49:10.632 UTC: 	 Retrieving username ...
DEBUG 2021-11-23 16:49:10.632 UTC: 	 Retrieving username from CRIC...
DEBUG 2021-11-23 16:49:11.474 UTC: 	 username is yian
DEBUG 2021-11-23 16:49:11.481 UTC: 	 Getting myproxy life time left for myproxy.cern.ch
DEBUG 2021-11-23 16:49:11.481 UTC: 	 using yian_CRAB as credential login name
DEBUG 2021-11-23 16:49:11.900 UTC: 	 Executing : 
 command : myproxy-info -l yian_CRAB -s myproxy.cern.ch
 output : username: yian_CRAB
owner: /DC=ch/DC=cern/OU=Organic Units/OU=Users/CN=yian/CN=826694/CN=Ying An
  renewal policy: /DC=ch/DC=cern/OU=computers/CN=crab-(preprod|prod|dev)-tw(02|01).cern.ch|/DC=ch/DC=cern/OU=computers/CN=stefanov(m|m2).cern.ch|/DC=ch/DC=cern/OU=computers/CN=dciangot-tw.cern.ch
  trusted retrieval policy: /DC=ch/DC=cern/OU=computers/CN=crab-(preprod|prod|dev)-tw(02|01).cern.ch|/DC=ch/DC=cern/OU=computers/CN=stefanov(m|m2).cern.ch|/DC=ch/DC=cern/OU=computers/CN=dciangot-tw.cern.ch
  timeleft: 712:06:20  (29.7 days)

 error: 
 retcode : 0
DEBUG 2021-11-23 16:49:11.901 UTC: 	 Myproxy is valid: 2563580
DEBUG 2021-11-23 16:49:11.901 UTC: 	 Result of myproxy credential check:
  Credential exists on myproxy: username: b52ac606a6f7097e9b4b8f05a3a67cc69f8f291b  - validity: 29 days, 16:07:28
  Credential exists on myproxy: username: yian_CRAB  - validity: 29 days, 16:06:20
DEBUG 2021-11-23 16:49:11.902 UTC: 	 Command use: submit
DEBUG 2021-11-23 16:49:11.902 UTC: 	 Options use: ['-c', 'crabcode_2018/tZq_ll_4f_ckm_NLO_TuneCP5_13TeV-amcatnlo-pythia8_2018_cfg.py']
DEBUG 2021-11-23 16:49:12.053 UTC: 	 CRABClient version: v3.210825
DEBUG 2021-11-23 16:49:12.053 UTC: 	 Instance is prod
DEBUG 2021-11-23 16:49:12.053 UTC: 	 Server base url is cmsweb.cern.ch
DEBUG 2021-11-23 16:49:12.053 UTC: 	 Command api workflow
DEBUG 2021-11-23 16:49:12.053 UTC: 	 Started submission
DEBUG 2021-11-23 16:49:12.053 UTC: 	 Working on /afs/cern.ch/work/y/yian/work/GZ/CMSSW_10_6_20/src/PhysicsTools/NanoAODTools/WWG/2018/crab/crab2018/crab_tZq_ll_4f_ckm_NLO_TuneCP5_13TeV-amcatnlo-pythia8_2018
DEBUG 2021-11-23 16:49:12.507 UTC: 	 Loading required information from the environment
DEBUG 2021-11-23 16:49:12.508 UTC: 	 Found CMSSW_10_6_20 for slc7_amd64_gcc820 with base /afs/cern.ch/work/y/yian/work/GZ/CMSSW_10_6_20
DEBUG 2021-11-23 16:49:12.508 UTC: 	 Loading required information from the environment
DEBUG 2021-11-23 16:49:12.508 UTC: 	 Found CMSSW_10_6_20 for slc7_amd64_gcc820 with base /afs/cern.ch/work/y/yian/work/GZ/CMSSW_10_6_20
DEBUG 2021-11-23 16:49:12.508 UTC: 	 UNIQUE NAME: tarUUID 4a1b9a22-ebf8-4231-98e6-5de760c8e1ce 
DEBUG 2021-11-23 16:49:12.508 UTC: 	 self.config: from WMCore.Configuration import Configuration
config = Configuration()
config.section_('General')
config.General.workArea = 'crab2018'
config.General.transferLogs = False
config.General.requestName = 'tZq_ll_4f_ckm_NLO_TuneCP5_13TeV-amcatnlo-pythia8_2018'
config.section_('JobType')
config.JobType.scriptArgs = ['isdata=MC', 'year=2018', 'era=A']
config.JobType.scriptExe = './WWG_crab_script.sh'
config.JobType.pluginName = 'Analysis'
config.JobType.sendPythonFolder = True
config.JobType.allowUndistributedCMSSW = True
config.JobType.psetName = 'PSet.py'
config.JobType.inputFiles = ['../../../scripts/haddnano.py', '../WWG_selector/WWG_postproc.py', '../WWG_selector/WWG_Module.py', '../WWG_selector/WWG_keep_and_drop.txt', '../WWG_selector/WWG_output_branch.txt', '../WWG_selector/DAS_filesearch.py']
config.section_('Data')
config.Data.inputDataset = '/tZq_ll_4f_ckm_NLO_TuneCP5_13TeV-amcatnlo-pythia8/RunIISummer20UL18NanoAODv2-106X_upgrade2018_realistic_v15_L1v1-v1/NANOAODSIM'
config.Data.allowNonValidInputDataset = True
config.Data.publication = False
config.Data.unitsPerJob = 1
config.Data.ignoreLocality = True
config.Data.inputDBS = 'global'
config.Data.splitting = 'FileBased'
config.Data.outputDatasetTag = 'tZq_ll_4f_ckm_NLO_TuneCP5_13TeV-amcatnlo-pythia8_2018'
config.section_('Site')
config.Site.whitelist = ['T2_US_MIT', 'T2_US_Wisconsin', 'T2_US_Purdue', 'T2_US_UCSD', 'T2_US_Caltech', 'T2_US_Nebraska']
config.Site.storageSite = 'T3_CH_CERNBOX'

DEBUG 2021-11-23 16:49:12.508 UTC: 	 self.config.JobType.psetName: PSet.py
INFO 2021-11-23 16:49:12.508 UTC: 	 Importing CMSSW configuration PSet.py
INFO 2021-11-23 16:49:14.082 UTC: 	 Finished importing CMSSW configuration PSet.py
DEBUG 2021-11-23 16:49:14.082 UTC: 	 Writing CMSSW configuration to /afs/cern.ch/work/y/yian/work/GZ/CMSSW_10_6_20/src/PhysicsTools/NanoAODTools/WWG/2018/crab/crab2018/crab_tZq_ll_4f_ckm_NLO_TuneCP5_13TeV-amcatnlo-pythia8_2018/inputs/PSet.py
DEBUG 2021-11-23 16:49:14.112 UTC: 	 The following EDM output files will be collected: ['tree.root']
DEBUG 2021-11-23 16:49:14.112 UTC: 	 The following TFile output files will be collected: []
DEBUG 2021-11-23 16:49:14.112 UTC: 	 The following user output files (not listed as PoolOuputModule or TFileService in the CMSSW PSet) will be collected: 
DEBUG 2021-11-23 16:49:14.112 UTC: 	 Loading required information from the environment
DEBUG 2021-11-23 16:49:14.112 UTC: 	 Found CMSSW_10_6_20 for slc7_amd64_gcc820 with base /afs/cern.ch/work/y/yian/work/GZ/CMSSW_10_6_20
DEBUG 2021-11-23 16:49:14.112 UTC: 	 Making tarball in /afs/cern.ch/work/y/yian/work/GZ/CMSSW_10_6_20/src/PhysicsTools/NanoAODTools/WWG/2018/crab/crab2018/crab_tZq_ll_4f_ckm_NLO_TuneCP5_13TeV-amcatnlo-pythia8_2018/inputs/4a1b9a22-ebf8-4231-98e6-5de760c8e1cedefault.tgz
DEBUG 2021-11-23 16:49:14.116 UTC: 	 Checking directory /afs/cern.ch/work/y/yian/work/GZ/CMSSW_10_6_20/lib
DEBUG 2021-11-23 16:49:14.116 UTC: 	 Adding directory /afs/cern.ch/work/y/yian/work/GZ/CMSSW_10_6_20/lib to tarball
DEBUG 2021-11-23 16:49:14.249 UTC: 	 Checking directory /afs/cern.ch/work/y/yian/work/GZ/CMSSW_10_6_20/biglib
DEBUG 2021-11-23 16:49:14.249 UTC: 	 Adding directory /afs/cern.ch/work/y/yian/work/GZ/CMSSW_10_6_20/biglib to tarball
DEBUG 2021-11-23 16:49:14.264 UTC: 	 Checking directory /afs/cern.ch/work/y/yian/work/GZ/CMSSW_10_6_20/module
DEBUG 2021-11-23 16:49:14.270 UTC: 	 Checking directory /afs/cern.ch/work/y/yian/work/GZ/CMSSW_10_6_20/python
DEBUG 2021-11-23 16:49:14.270 UTC: 	 Adding directory /afs/cern.ch/work/y/yian/work/GZ/CMSSW_10_6_20/python to tarball
DEBUG 2021-11-23 16:49:17.856 UTC: 	 Checking directory /afs/cern.ch/work/y/yian/work/GZ/CMSSW_10_6_20/cfipython
DEBUG 2021-11-23 16:49:17.856 UTC: 	 Adding directory /afs/cern.ch/work/y/yian/work/GZ/CMSSW_10_6_20/cfipython to tarball
DEBUG 2021-11-23 16:49:35.564 UTC: 	 Adding data directory /afs/cern.ch/work/y/yian/work/GZ/CMSSW_10_6_20/src/PhysicsTools/NanoAODTools/data to tarball
DEBUG 2021-11-23 16:50:09.053 UTC: 	 Adding data directory /afs/cern.ch/work/y/yian/work/GZ/CMSSW_10_6_20/src/PhysicsTools/NanoAODTools/interface to tarball
DEBUG 2021-11-23 16:50:09.395 UTC: 	 Adding data directory /afs/cern.ch/work/y/yian/work/GZ/CMSSW_10_6_20/src/PhysicsTools/NanoAODTools/python/postprocessing/data to tarball
DEBUG 2021-11-23 16:50:12.461 UTC: 	 Adding file ../../../scripts/haddnano.py to tarball
DEBUG 2021-11-23 16:50:12.462 UTC: 	 Adding file ../WWG_selector/WWG_postproc.py to tarball
DEBUG 2021-11-23 16:50:12.462 UTC: 	 Adding file ../WWG_selector/WWG_Module.py to tarball
DEBUG 2021-11-23 16:50:12.463 UTC: 	 Adding file ../WWG_selector/WWG_keep_and_drop.txt to tarball
DEBUG 2021-11-23 16:50:12.465 UTC: 	 Adding file ../WWG_selector/WWG_output_branch.txt to tarball
DEBUG 2021-11-23 16:50:12.465 UTC: 	 Adding file ../WWG_selector/DAS_filesearch.py to tarball
DEBUG 2021-11-23 16:50:26.731 UTC: 	 Uploading archive /afs/cern.ch/work/y/yian/work/GZ/CMSSW_10_6_20/src/PhysicsTools/NanoAODTools/WWG/2018/crab/crab2018/crab_tZq_ll_4f_ckm_NLO_TuneCP5_13TeV-amcatnlo-pythia8_2018/inputs/4a1b9a22-ebf8-4231-98e6-5de760c8e1cedefault.tgz (94 MB) to the CRAB cache. Using URI https://cmsweb.cern.ch/S3/crabcache_prod
DEBUG 2021-11-23 16:50:53.664 UTC: 	 sandbox 5cb43ae7a39e084a4abb5f03e2a041f373b9dc4be328f66aa406ab63ad76b54a.tar.gz is already in the S3 store, will not upload again
DEBUG 2021-11-23 16:50:53.665 UTC: 	 Loading required information from the environment
DEBUG 2021-11-23 16:50:53.665 UTC: 	 Found CMSSW_10_6_20 for slc7_amd64_gcc820 with base /afs/cern.ch/work/y/yian/work/GZ/CMSSW_10_6_20
DEBUG 2021-11-23 16:50:53.665 UTC: 	 Making tarball in /afs/cern.ch/work/y/yian/work/GZ/CMSSW_10_6_20/src/PhysicsTools/NanoAODTools/WWG/2018/crab/crab2018/crab_tZq_ll_4f_ckm_NLO_TuneCP5_13TeV-amcatnlo-pythia8_2018/inputs/debugFiles.tgz
DEBUG 2021-11-23 16:50:53.712 UTC: 	 Uploading archive /afs/cern.ch/work/y/yian/work/GZ/CMSSW_10_6_20/src/PhysicsTools/NanoAODTools/WWG/2018/crab/crab2018/crab_tZq_ll_4f_ckm_NLO_TuneCP5_13TeV-amcatnlo-pythia8_2018/inputs/debugFiles.tgz (1 KB) to the CRAB cache. Using URI https://cmsweb.cern.ch/S3/crabcache_prod
DEBUG 2021-11-23 16:50:53.841 UTC: 	 sandbox a8911a3b17b9c22d02ee458c1010ef318f653bafe269ef5868239c7be5cf72f0.tar.gz is already in the S3 store, will not upload again
DEBUG 2021-11-23 16:50:53.841 UTC: 	 Result uploading input files: 5cb43ae7a39e084a4abb5f03e2a041f373b9dc4be328f66aa406ab63ad76b54a.tar.gz 
INFO 2021-11-23 16:50:53.842 UTC: 	 Sending the request to the server at cmsweb.cern.ch
DEBUG 2021-11-23 16:50:53.842 UTC: 	 Submitting {'maxjobruntime': 1250, 'extrajdl': [], 'ignorelocality': 1, 'savelogsflag': 0, 'useparent': 0, 'scriptexe': 'WWG_crab_script.sh', 'asyncdest': 'T3_CH_CERNBOX', 'algoargs': 1, 'cachefilename': '5cb43ae7a39e084a4abb5f03e2a041f373b9dc4be328f66aa406ab63ad76b54a.tar.gz', 'numcores': 1, 'addoutputfiles': [], 'generator': 'pythia', 'maxmemory': 2000, 'publishdbsurl': 'https://cmsweb.cern.ch/dbs/prod/phys03/DBSWriter', 'priority': 10, 'jobsw': 'CMSSW_10_6_20', 'edmoutfiles': ['tree.root'], 'userfiles': [], 'primarydataset': '', 'inputdata': '/tZq_ll_4f_ckm_NLO_TuneCP5_13TeV-amcatnlo-pythia8/RunIISummer20UL18NanoAODv2-106X_upgrade2018_realistic_v15_L1v1-v1/NANOAODSIM', 'dryrun': 0, 'workflow': 'crab_tZq_ll_4f_ckm_NLO_TuneCP5_13TeV-amcatnlo-pythia8_2018', 'scriptargs': ['isdata=MC', 'year=2018', 'era=A'], 'sitewhitelist': ['T2_US_MIT', 'T2_US_Wisconsin', 'T2_US_Purdue', 'T2_US_UCSD', 'T2_US_Caltech', 'T2_US_Nebraska'], 'nonprodsw': 1, 'tfileoutfiles': [], 'oneEventMode': 0, 'debugfilename': 'a8911a3b17b9c22d02ee458c1010ef318f653bafe269ef5868239c7be5cf72f0.tar.gz', 'cacheurl': u'https://cmsweb.cern.ch/S3/crabcache_prod', 'saveoutput': 1, 'publication': 0, 'jobarch': 'slc7_amd64_gcc820', 'totalunits': 0, 'splitalgo': 'FileBased', 'ignoreglobalblacklist': 0, 'nonvaliddata': 1, 'dbsurl': 'https://cmsweb.cern.ch/dbs/prod/global/DBSReader', 'publishgroupname': 0, 'jobtype': 'Analysis', 'publishname2': 'tZq_ll_4f_ckm_NLO_TuneCP5_13TeV-amcatnlo-pythia8_2018'} 
DEBUG 2021-11-23 16:50:53.842 UTC: 	 Encoded submit request: maxjobruntime=1250&ignorelocality=1&savelogsflag=0&useparent=0&scriptexe=WWG_crab_script.sh&asyncdest=T3_CH_CERNBOX&algoargs=1&cachefilename=5cb43ae7a39e084a4abb5f03e2a041f373b9dc4be328f66aa406ab63ad76b54a.tar.gz&numcores=1&generator=pythia&maxmemory=2000&publishdbsurl=https%3A%2F%2Fcmsweb.cern.ch%2Fdbs%2Fprod%2Fphys03%2FDBSWriter&priority=10&jobsw=CMSSW_10_6_20&primarydataset=&inputdata=%2FtZq_ll_4f_ckm_NLO_TuneCP5_13TeV-amcatnlo-pythia8%2FRunIISummer20UL18NanoAODv2-106X_upgrade2018_realistic_v15_L1v1-v1%2FNANOAODSIM&dryrun=0&workflow=crab_tZq_ll_4f_ckm_NLO_TuneCP5_13TeV-amcatnlo-pythia8_2018&nonprodsw=1&oneEventMode=0&debugfilename=a8911a3b17b9c22d02ee458c1010ef318f653bafe269ef5868239c7be5cf72f0.tar.gz&cacheurl=https%3A%2F%2Fcmsweb.cern.ch%2FS3%2Fcrabcache_prod&saveoutput=1&publication=0&jobarch=slc7_amd64_gcc820&totalunits=0&splitalgo=FileBased&ignoreglobalblacklist=0&nonvaliddata=1&dbsurl=https%3A%2F%2Fcmsweb.cern.ch%2Fdbs%2Fprod%2Fglobal%2FDBSReader&publishgroupname=0&jobtype=Analysis&publishname2=tZq_ll_4f_ckm_NLO_TuneCP5_13TeV-amcatnlo-pythia8_2018&sitewhitelist=T2_US_MIT&sitewhitelist=T2_US_Wisconsin&sitewhitelist=T2_US_Purdue&sitewhitelist=T2_US_UCSD&sitewhitelist=T2_US_Caltech&sitewhitelist=T2_US_Nebraska&edmoutfiles=tree.root&scriptargs=isdata%3DMC&scriptargs=year%3D2018&scriptargs=era%3DA
DEBUG 2021-11-23 16:50:54.199 UTC: 	 Result: {u'result': [{u'RequestName': u'211123_165053:yian_crab_tZq_ll_4f_ckm_NLO_TuneCP5_13TeV-amcatnlo-pythia8_2018'}]}
INFO 2021-11-23 16:50:54.273 UTC: 	 Success: Your task has been delivered to the prod CRAB3 server.
INFO 2021-11-23 16:50:54.273 UTC: 	 Task name: 211123_165053:yian_crab_tZq_ll_4f_ckm_NLO_TuneCP5_13TeV-amcatnlo-pythia8_2018
INFO 2021-11-23 16:50:54.273 UTC: 	 Project dir: crab2018/crab_tZq_ll_4f_ckm_NLO_TuneCP5_13TeV-amcatnlo-pythia8_2018
INFO 2021-11-23 16:50:54.273 UTC: 	 Please use ' crab status -d crab2018/crab_tZq_ll_4f_ckm_NLO_TuneCP5_13TeV-amcatnlo-pythia8_2018 ' to check how the submission process proceeds.
DEBUG 2021-11-23 16:50:54.274 UTC: 	 About to return
INFO 2021-11-23 16:50:54.277 UTC: 	 Log file is /afs/cern.ch/work/y/yian/work/GZ/CMSSW_10_6_20/src/PhysicsTools/NanoAODTools/WWG/2018/crab/crab2018/crab_tZq_ll_4f_ckm_NLO_TuneCP5_13TeV-amcatnlo-pythia8_2018/crab.log
DEBUG 2021-11-24 04:48:45.281 UTC: 	 CRAB Client version: v3.210825
DEBUG 2021-11-24 04:48:45.282 UTC: 	 Running on: Linux lxplus780.cern.ch 3.10.0-1160.45.1.el7.x86_64 #1 SMP Wed Oct 13 17:20:51 UTC 2021 x86_64 x86_64 x86_64 GNU/Linux - CentOS Linux 7 (Core)
DEBUG 2021-11-24 04:48:45.282 UTC: 	 Executing command: 'status'
DEBUG 2021-11-24 04:48:45.282 UTC: 	 Found CRAB cache file /afs/cern.ch/user/y/yian/.crab3
DEBUG 2021-11-24 04:48:45.437 UTC: 	 Checking credentials
DEBUG 2021-11-24 04:48:45.437 UTC: 	 Found proxy file /tmp/x509up_u110046
DEBUG 2021-11-24 04:48:45.437 UTC: 	 Getting proxy life time left
DEBUG 2021-11-24 04:48:46.043 UTC: 	 Executing : 
 command : voms-proxy-info -file /tmp/x509up_u110046 -timeleft
 output : 547662

 error: 
 retcode : 0
DEBUG 2021-11-24 04:48:46.649 UTC: 	 Executing : 
 command : voms-proxy-info -file /tmp/x509up_u110046 -actimeleft
 output : 547661

 error: 
 retcode : 0
DEBUG 2021-11-24 04:48:46.649 UTC: 	 Proxy lifetime 547662 secs is different from voms extension lifetime 547661 secs for proxy: /tmp/x509up_u110046
DEBUG 2021-11-24 04:48:46.649 UTC: 	 Proxy valid for 152:07:41 hours
DEBUG 2021-11-24 04:48:46.727 UTC: 	 Registering user credentials for server /DC=ch/DC=cern/OU=computers/CN=crab-(preprod|prod|dev)-tw(02|01).cern.ch|/DC=ch/DC=cern/OU=computers/CN=stefanov(m|m2).cern.ch|/DC=ch/DC=cern/OU=computers/CN=dciangot-tw.cern.ch
DEBUG 2021-11-24 04:48:47.339 UTC: 	 Executing : 
 command : voms-proxy-info -file /tmp/x509up_u110046 -identity
 output : /DC=ch/DC=cern/OU=Organic Units/OU=Users/CN=yian/CN=826694/CN=Ying An

 error: 
 retcode : 0
DEBUG 2021-11-24 04:48:47.347 UTC: 	 Getting myproxy life time left for myproxy.cern.ch
DEBUG 2021-11-24 04:48:47.347 UTC: 	 using b52ac606a6f7097e9b4b8f05a3a67cc69f8f291b as credential login name
DEBUG 2021-11-24 04:48:47.651 UTC: 	 Executing : 
 command : myproxy-info -l b52ac606a6f7097e9b4b8f05a3a67cc69f8f291b -s myproxy.cern.ch
 output : username: b52ac606a6f7097e9b4b8f05a3a67cc69f8f291b
owner: /DC=ch/DC=cern/OU=Organic Units/OU=Users/CN=yian/CN=826694/CN=Ying An
  renewal policy: /DC=ch/DC=cern/OU=computers/CN=crab-(preprod|prod|dev)-tw(02|01).cern.ch|/DC=ch/DC=cern/OU=computers/CN=stefanov(m|m2).cern.ch|/DC=ch/DC=cern/OU=computers/CN=dciangot-tw.cern.ch
  trusted retrieval policy: /DC=ch/DC=cern/OU=computers/CN=crab-(preprod|prod|dev)-tw(02|01).cern.ch|/DC=ch/DC=cern/OU=computers/CN=stefanov(m|m2).cern.ch|/DC=ch/DC=cern/OU=computers/CN=dciangot-tw.cern.ch
  timeleft: 700:07:51  (29.2 days)

 error: 
 retcode : 0
DEBUG 2021-11-24 04:48:47.652 UTC: 	 Myproxy is valid: 2520471
DEBUG 2021-11-24 04:48:47.652 UTC: 	 Retrieving username ...
DEBUG 2021-11-24 04:48:47.652 UTC: 	 Retrieving username from CRIC...
DEBUG 2021-11-24 04:48:48.517 UTC: 	 username is yian
DEBUG 2021-11-24 04:48:48.523 UTC: 	 Getting myproxy life time left for myproxy.cern.ch
DEBUG 2021-11-24 04:48:48.523 UTC: 	 using yian_CRAB as credential login name
DEBUG 2021-11-24 04:48:48.827 UTC: 	 Executing : 
 command : myproxy-info -l yian_CRAB -s myproxy.cern.ch
 output : username: yian_CRAB
owner: /DC=ch/DC=cern/OU=Organic Units/OU=Users/CN=yian/CN=826694/CN=Ying An
  renewal policy: /DC=ch/DC=cern/OU=computers/CN=crab-(preprod|prod|dev)-tw(02|01).cern.ch|/DC=ch/DC=cern/OU=computers/CN=stefanov(m|m2).cern.ch|/DC=ch/DC=cern/OU=computers/CN=dciangot-tw.cern.ch
  trusted retrieval policy: /DC=ch/DC=cern/OU=computers/CN=crab-(preprod|prod|dev)-tw(02|01).cern.ch|/DC=ch/DC=cern/OU=computers/CN=stefanov(m|m2).cern.ch|/DC=ch/DC=cern/OU=computers/CN=dciangot-tw.cern.ch
  timeleft: 700:06:43  (29.2 days)

 error: 
 retcode : 0
DEBUG 2021-11-24 04:48:48.828 UTC: 	 Myproxy is valid: 2520403
DEBUG 2021-11-24 04:48:48.828 UTC: 	 Result of myproxy credential check:
  Credential exists on myproxy: username: b52ac606a6f7097e9b4b8f05a3a67cc69f8f291b  - validity: 29 days, 4:07:51
  Credential exists on myproxy: username: yian_CRAB  - validity: 29 days, 4:06:43
DEBUG 2021-11-24 04:48:48.829 UTC: 	 Command use: status
DEBUG 2021-11-24 04:48:48.829 UTC: 	 Options use: ['-d', 'crab2018/crab_tZq_ll_4f_ckm_NLO_TuneCP5_13TeV-amcatnlo-pythia8_2018']
DEBUG 2021-11-24 04:48:48.989 UTC: 	 CRABClient version: v3.210825
DEBUG 2021-11-24 04:48:48.989 UTC: 	 Instance is prod
DEBUG 2021-11-24 04:48:48.989 UTC: 	 Server base url is cmsweb.cern.ch
DEBUG 2021-11-24 04:48:48.989 UTC: 	 Command api workflow
DEBUG 2021-11-24 04:48:49.078 UTC: 	 Got information from server oracle database: {u'result': [u'211123_165053:yian_crab_tZq_ll_4f_ckm_NLO_TuneCP5_13TeV-amcatnlo-pythia8_2018', u'None', u'None', u'SUBMITTED', u'SUBMIT', u'2021-11-23 16:50:54.179645', u'None', u'2021-11-23 16:53:07.900643', u'None', u'CMSSW_10_6_20', u'slc7_amd64_gcc820', u'/tZq_ll_4f_ckm_NLO_TuneCP5_13TeV-amcatnlo-pythia8/RunIISummer20UL18NanoAODv2-106X_upgrade2018_realistic_v15_L1v1-v1/NANOAODSIM', u'T', u'0', u"[u'T2_US_UCSD', u'T2_US_Wisconsin', u'T2_US_MIT', u'T2_US_Caltech', u'T2_US_Purdue', u'T2_US_Nebraska']", u'[]', u'FileBased', u"{'splitOnRun': False, 'halt_job_on_file_boundaries': False, 'files_per_job': 1, 'runs': [], 'lumis': []}", u'5cb43ae7a39e084a4abb5f03e2a041f373b9dc4be328f66aa406ab63ad76b54a.tar.gz', u'https://cmsweb.cern.ch/S3/crabcache_prod', u'yian', u'/DC=ch/DC=cern/OU=Organic Units/OU=Users/CN=yian/CN=826694/CN=Ying An', u'cms', u'None', u'None', u'tZq_ll_4f_ckm_NLO_TuneCP5_13TeV-amcatnlo-pythia8_2018-00000000000000000000000000000000', u'F', u'T3_CH_CERNBOX', u'https://cmsweb.cern.ch/dbs/prod/global/DBSReader', u'https://cmsweb.cern.ch/dbs/prod/phys03/DBSWriter', u'F', u'[]', u'[]', u"[b'tree.root']", u'Analysis', u'pythia', u'None', u'{}', u'[]', u'F', u'crab-prod-tw01', u'[]', u'1250', u'1', u'2000', u'10', u"['/tZq_ll_4f_ckm_NLO_TuneCP5_13TeV-amcatnlo-pythia8/yian-tZq_ll_4f_ckm_NLO_TuneCP5_13TeV-amcatnlo-pythia8_2018-79132d624dd3520ee2a7d08026bbccfc/USER']", u'[]', u'http://vocms0197.cern.ch/mon/cms1407/211123_165053:yian_crab_tZq_ll_4f_ckm_NLO_TuneCP5_13TeV-amcatnlo-pythia8_2018', u'WWG_crab_script.sh', u"[b'isdata=MC', b'year=2018', b'era=A']", u'[]', u'https://cmsweb.cern.ch/crabserver/prod', u'cmsgwms-collector-global.cern.ch:9620,cmsgwms-collector-global.fnal.gov:9620', u'crab3@vocms0197.cern.ch', u'F', u'[]', u'T', u'/store/user/yian/', u'T', u'None', u'F', u'None', u'tZq_ll_4f_ckm_NLO_TuneCP5_13TeV-amcatnlo-pythia8', u'None', u'a8911a3b17b9c22d02ee458c1010ef318f653bafe269ef5868239c7be5cf72f0.tar.gz', u'71721490', u'filetransfers', u'F', u'137.138.120.6', u'0.0', u'None'], u'desc': {u'columns': [u'tm_taskname', u'tm_activity', u'panda_jobset_id', u'tm_task_status', u'tm_task_command', u'tm_start_time', u'tm_start_injection', u'tm_end_injection', u'tm_task_failure', u'tm_job_sw', u'tm_job_arch', u'tm_input_dataset', u'tm_nonvalid_input_dataset', u'tm_use_parent', u'tm_site_whitelist', u'tm_site_blacklist', u'tm_split_algo', u'tm_split_args', u'tm_user_sandbox', u'tm_cache_url', u'tm_username', u'tm_user_dn', u'tm_user_vo', u'tm_user_role', u'tm_user_group', u'tm_publish_name', u'tm_publish_groupname', u'tm_asyncdest', u'tm_dbs_url', u'tm_publish_dbs_url', u'tm_publication', u'tm_outfiles', u'tm_tfile_outfiles', u'tm_edm_outfiles', u'tm_job_type', u'tm_generator', u'tm_events_per_lumi', u'tm_arguments', u'panda_resubmitted_jobs', u'tm_save_logs', u'tw_name', u'tm_user_infiles', u'tm_maxjobruntime', u'tm_numcores', u'tm_maxmemory', u'tm_priority', u'tm_output_dataset', u'tm_task_warnings', u'tm_user_webdir', u'tm_scriptexe', u'tm_scriptargs', u'tm_extrajdl', u'tm_asourl', u'tm_collector', u'tm_schedd', u'tm_dry_run', u'tm_user_files', u'tm_transfer_outputs', u'tm_output_lfn', u'tm_ignore_locality', u'tm_fail_limit', u'tm_one_event_mode', u'tm_secondary_input_dataset', u'tm_primary_dataset', u'tm_last_publication', u'tm_debug_files', u'clusterid', u'tm_asodb', u'tm_ignore_global_blacklist', u'tm_submitter_ip_addr', u'tm_totalunits', u'tm_ddm_reqid']}}
INFO 2021-11-24 04:48:49.079 UTC: 	 CRAB project directory:		/afs/cern.ch/work/y/yian/work/GZ/CMSSW_10_6_20/src/PhysicsTools/NanoAODTools/WWG/2018/crab/crab2018/crab_tZq_ll_4f_ckm_NLO_TuneCP5_13TeV-amcatnlo-pythia8_2018
INFO 2021-11-24 04:48:49.079 UTC: 	 Task name:			211123_165053:yian_crab_tZq_ll_4f_ckm_NLO_TuneCP5_13TeV-amcatnlo-pythia8_2018
INFO 2021-11-24 04:48:49.079 UTC: 	 Grid scheduler - Task Worker:	crab3@vocms0197.cern.ch - crab-prod-tw01
INFO 2021-11-24 04:48:49.079 UTC: 	 Status on the CRAB server:	SUBMITTED
INFO 2021-11-24 04:48:49.079 UTC: 	 Task URL to use for HELP:	https://cmsweb.cern.ch/crabserver/ui/task/211123_165053%3Ayian_crab_tZq_ll_4f_ckm_NLO_TuneCP5_13TeV-amcatnlo-pythia8_2018
INFO 2021-11-24 04:48:49.082 UTC: 	 Dashboard monitoring URL:	https://monit-grafana.cern.ch/d/cmsTMDetail/cms-task-monitoring-task-view?orgId=11&var-user=yian&var-task=211123_165053%3Ayian_crab_tZq_ll_4f_ckm_NLO_TuneCP5_13TeV-amcatnlo-pythia8_2018&from=1637682654000&to=now
DEBUG 2021-11-24 04:48:49.082 UTC: 	 The CRAB server submitted your task to the Grid scheduler (cluster ID: 71721490)
DEBUG 2021-11-24 04:48:49.082 UTC: 	 Webdir is located at http://vocms0197.cern.ch/mon/cms1407/211123_165053:yian_crab_tZq_ll_4f_ckm_NLO_TuneCP5_13TeV-amcatnlo-pythia8_2018
DEBUG 2021-11-24 04:48:49.145 UTC: 	 Proxied webdir is located at https://cmsweb.cern.ch:8443/scheddmon/0197/cms1407/211123_165053:yian_crab_tZq_ll_4f_ckm_NLO_TuneCP5_13TeV-amcatnlo-pythia8_2018
DEBUG 2021-11-24 04:48:49.145 UTC: 	 Retrieving 'status_cache' file from https://cmsweb.cern.ch:8443/scheddmon/0197/cms1407/211123_165053:yian_crab_tZq_ll_4f_ckm_NLO_TuneCP5_13TeV-amcatnlo-pythia8_2018/status_cache
DEBUG 2021-11-24 04:48:49.183 UTC: 	 Got information from status cache file: {'11': {'Retries': 0, 'WallDurations': [8.0, 196.9594020843506, 30964.0], 'StartTimes': [1637697965.0], 'SubmitTimes': [1637686396.0], 'JobIds': ['71721503.0'], 'EndTimes': [], 'Restarts': 0, 'RecordedSite': True, 'State': 'running', 'ResidentSetSize': [1443260], 'TotalUserCpuTimeHistory': [5806.0], 'SiteHistory': ['Unknown', 'T2_US_UCSD', 'T2_US_UCSD'], 'TotalSysCpuTimeHistory': [414.0]}, '10': {'Retries': 0, 'WallDurations': [8.0, 193.9594020843506, 30056.0], 'StartTimes': [1637697968.0], 'SubmitTimes': [1637686396.0], 'JobIds': ['71721502.0'], 'EndTimes': [], 'Restarts': 0, 'RecordedSite': True, 'State': 'running', 'ResidentSetSize': [1476292], 'TotalUserCpuTimeHistory': [5024.0], 'SiteHistory': ['Unknown', 'T2_US_UCSD', 'T2_US_UCSD'], 'TotalSysCpuTimeHistory': [339.0]}, '13': {'Retries': 0, 'WallDurations': [9.0, 208.9594020843506, 14401.0, 0, 13231.0], 'StartTimes': [1637697953.0, 1637712748.0], 'SubmitTimes': [1637686396.0, -1], 'JobIds': ['71721504.0', '71721504.0'], 'EndTimes': [1637712354.0], 'Restarts': 1, 'RecordedSite': True, 'State': 'running', 'ResidentSetSize': [1460860, 1702916], 'TotalUserCpuTimeHistory': [2211.0, 12347.0], 'SiteHistory': ['Unknown', 'T2_US_MIT', 'T2_US_MIT', 'Unknown', 'T2_US_Caltech'], 'TotalSysCpuTimeHistory': [101.0, 605.0]}, '12': {'Retries': 0, 'WallDurations': [8.0, 221.9594020843506, 30959.0], 'StartTimes': [1637697940.0], 'SubmitTimes': [1637686396.0], 'JobIds': ['71721506.0'], 'EndTimes': [], 'Restarts': 0, 'RecordedSite': True, 'State': 'running', 'ResidentSetSize': [1523472], 'TotalUserCpuTimeHistory': [3705.0], 'SiteHistory': ['Unknown', 'T2_US_Purdue', 'T2_US_Purdue'], 'TotalSysCpuTimeHistory': [274.0]}, '14': {'Retries': 0, 'WallDurations': [9.0, 213.9594020843506, 30970.0], 'StartTimes': [1637697948.0], 'SubmitTimes': [1637686396.0], 'JobIds': ['71721505.0'], 'EndTimes': [], 'Restarts': 0, 'RecordedSite': True, 'State': 'running', 'ResidentSetSize': [1462752], 'TotalUserCpuTimeHistory': [6419.0], 'SiteHistory': ['Unknown', 'T2_US_MIT', 'T2_US_MIT'], 'TotalSysCpuTimeHistory': [403.0]}, '1': {'Retries': 0, 'WallDurations': [8.0, 226.9594020843506, 28794.0, 0, 125.658047914505], 'StartTimes': [1637697935.0, 1637728458.0], 'SubmitTimes': [1637686394.0, -1], 'JobIds': ['71721493.0', '71721493.0'], 'EndTimes': [1637726729.0], 'Restarts': 1, 'RecordedSite': True, 'State': 'running', 'ResidentSetSize': [1469260, 0], 'TotalUserCpuTimeHistory': [3198.0, 0.0], 'SiteHistory': ['Unknown', 'T2_US_MIT', 'T2_US_MIT', 'Unknown', 'T2_US_Nebraska'], 'TotalSysCpuTimeHistory': [120.0, 0.0]}, '3': {'Retries': 0, 'WallDurations': [8.0, 220.9594020843506, 30967.0], 'StartTimes': [1637697941.0], 'SubmitTimes': [1637686394.0], 'JobIds': ['71721494.0'], 'EndTimes': [], 'Restarts': 0, 'RecordedSite': True, 'State': 'running', 'ResidentSetSize': [1465784], 'TotalUserCpuTimeHistory': [3599.0], 'SiteHistory': ['Unknown', 'T2_US_MIT', 'T2_US_MIT'], 'TotalSysCpuTimeHistory': [151.0]}, '2': {'Retries': 0, 'WallDurations': [9.0, 222.9594020843506, 30972.0], 'StartTimes': [1637697939.0], 'SubmitTimes': [1637686395.0], 'JobIds': ['71721497.0'], 'EndTimes': [], 'Restarts': 0, 'RecordedSite': True, 'State': 'running', 'ResidentSetSize': [1465464], 'TotalUserCpuTimeHistory': [6364.0], 'SiteHistory': ['Unknown', 'T2_US_MIT', 'T2_US_MIT'], 'TotalSysCpuTimeHistory': [394.0]}, '5': {'Retries': 0, 'WallDurations': [9.0, 219.9594020843506, 24948.0], 'StartTimes': [1637697942.0], 'SubmitTimes': [1637686395.0], 'JobIds': ['71721496.0'], 'EndTimes': [1637722890.0], 'Restarts': 0, 'RecordedSite': True, 'State': 'finished', 'ResidentSetSize': [1467660], 'TotalUserCpuTimeHistory': [6554], 'SiteHistory': ['Unknown', 'T2_US_Purdue', 'T2_US_Purdue'], 'TotalSysCpuTimeHistory': [649]}, '4': {'Retries': 0, 'WallDurations': [9.0, 205.9594020843506, 30365.0], 'StartTimes': [1637697956.0], 'SubmitTimes': [1637686395.0], 'JobIds': ['71721495.0'], 'EndTimes': [], 'Restarts': 0, 'RecordedSite': True, 'State': 'running', 'ResidentSetSize': [1518420], 'TotalUserCpuTimeHistory': [5793.0], 'SiteHistory': ['Unknown', 'T2_US_Purdue', 'T2_US_Purdue'], 'TotalSysCpuTimeHistory': [361.0]}, '7': {'Retries': 0, 'WallDurations': [8.0, 205.9594020843506, 30974.0], 'StartTimes': [1637697956.0], 'SubmitTimes': [1637686395.0], 'JobIds': ['71721499.0'], 'EndTimes': [], 'Restarts': 0, 'RecordedSite': True, 'State': 'running', 'ResidentSetSize': [1469484], 'TotalUserCpuTimeHistory': [4795.0], 'SiteHistory': ['Unknown', 'T2_US_MIT', 'T2_US_MIT'], 'TotalSysCpuTimeHistory': [189.0]}, '6': {'Retries': 0, 'WallDurations': [10.0, 207.9594020843506, 30067.0], 'StartTimes': [1637697954.0], 'SubmitTimes': [1637686395.0], 'JobIds': ['71721498.0'], 'EndTimes': [], 'Restarts': 0, 'RecordedSite': True, 'State': 'running', 'ResidentSetSize': [1507236], 'TotalUserCpuTimeHistory': [5177.0], 'SiteHistory': ['Unknown', 'T2_US_MIT', 'T2_US_MIT'], 'TotalSysCpuTimeHistory': [356.0]}, '9': {'Retries': 0, 'WallDurations': [9.0, 220.9594020843506, 30066.0], 'StartTimes': [1637697941.0], 'SubmitTimes': [1637686395.0], 'JobIds': ['71721500.0'], 'EndTimes': [], 'Restarts': 0, 'RecordedSite': True, 'State': 'running', 'ResidentSetSize': [1465828], 'TotalUserCpuTimeHistory': [4421.0], 'SiteHistory': ['Unknown', 'T2_US_MIT', 'T2_US_MIT'], 'TotalSysCpuTimeHistory': [242.0]}, '8': {'Retries': 0, 'WallDurations': [9.0, 194.9594020843506, 5495.0], 'StartTimes': [1637697967.0], 'SubmitTimes': [1637686395.0], 'JobIds': ['71721501.0'], 'EndTimes': [1637703462.0], 'Restarts': 0, 'RecordedSite': True, 'State': 'finished', 'ResidentSetSize': [1443408], 'TotalUserCpuTimeHistory': [1731], 'SiteHistory': ['Unknown', 'T2_US_UCSD', 'T2_US_UCSD'], 'TotalSysCpuTimeHistory': [82]}}
INFO 2021-11-24 04:48:49.183 UTC: 	 Status on the scheduler:	SUBMITTED
INFO 2021-11-24 04:48:49.183 UTC: 	 
Jobs status:                    finished     		 14.3% ( 2/14)
INFO 2021-11-24 04:48:49.183 UTC: 	 				running      		 85.7% (12/14)
INFO 2021-11-24 04:48:49.183 UTC: 	 
No publication information (publication has been disabled in the CRAB configuration file)
INFO 2021-11-24 04:48:49.184 UTC: 	 
Warning: the average jobs CPU efficiency is less than 50%, please consider to improve the jobs splitting (e.g. config.Data.splitting = 'Automatic') in a new task
INFO 2021-11-24 04:48:49.184 UTC: 	 
Summary of run jobs:
 * Memory: 0MB min, 1433MB max, 1421MB ave
 * Runtime: 0:02:05 min, 6:55:48 max, 4:13:41 ave
 * CPU eff: 29% min, 33% max, 30% ave
 * Waste: 0:07:12 (1% of total)

INFO 2021-11-24 04:48:49.193 UTC: 	 Log file is /afs/cern.ch/work/y/yian/work/GZ/CMSSW_10_6_20/src/PhysicsTools/NanoAODTools/WWG/2018/crab/crab2018/crab_tZq_ll_4f_ckm_NLO_TuneCP5_13TeV-amcatnlo-pythia8_2018/crab.log
DEBUG 2021-11-24 10:53:15.583 UTC: 	 CRAB Client version: v3.210825
DEBUG 2021-11-24 10:53:15.583 UTC: 	 Running on: Linux lxplus772.cern.ch 3.10.0-1160.45.1.el7.x86_64 #1 SMP Wed Oct 13 17:20:51 UTC 2021 x86_64 x86_64 x86_64 GNU/Linux - CentOS Linux 7 (Core)
DEBUG 2021-11-24 10:53:15.583 UTC: 	 Executing command: 'status'
DEBUG 2021-11-24 10:53:15.583 UTC: 	 Found CRAB cache file /afs/cern.ch/user/y/yian/.crab3
DEBUG 2021-11-24 10:53:15.745 UTC: 	 Checking credentials
DEBUG 2021-11-24 10:53:15.746 UTC: 	 Found proxy file /tmp/x509up_u110046
DEBUG 2021-11-24 10:53:15.746 UTC: 	 Getting proxy life time left
DEBUG 2021-11-24 10:53:16.460 UTC: 	 Executing : 
 command : voms-proxy-info -file /tmp/x509up_u110046 -timeleft
 output : 536807

 error: 
 retcode : 0
DEBUG 2021-11-24 10:53:17.268 UTC: 	 Executing : 
 command : voms-proxy-info -file /tmp/x509up_u110046 -actimeleft
 output : 536806

 error: 
 retcode : 0
DEBUG 2021-11-24 10:53:17.268 UTC: 	 Proxy lifetime 536807 secs is different from voms extension lifetime 536806 secs for proxy: /tmp/x509up_u110046
DEBUG 2021-11-24 10:53:17.268 UTC: 	 Proxy valid for 149:06:46 hours
DEBUG 2021-11-24 10:53:17.349 UTC: 	 Registering user credentials for server /DC=ch/DC=cern/OU=computers/CN=crab-(preprod|prod|dev)-tw(02|01).cern.ch|/DC=ch/DC=cern/OU=computers/CN=stefanov(m|m2).cern.ch|/DC=ch/DC=cern/OU=computers/CN=dciangot-tw.cern.ch
DEBUG 2021-11-24 10:53:18.068 UTC: 	 Executing : 
 command : voms-proxy-info -file /tmp/x509up_u110046 -identity
 output : /DC=ch/DC=cern/OU=Organic Units/OU=Users/CN=yian/CN=826694/CN=Ying An

 error: 
 retcode : 0
DEBUG 2021-11-24 10:53:18.076 UTC: 	 Getting myproxy life time left for myproxy.cern.ch
DEBUG 2021-11-24 10:53:18.076 UTC: 	 using b52ac606a6f7097e9b4b8f05a3a67cc69f8f291b as credential login name
DEBUG 2021-11-24 10:53:18.483 UTC: 	 Executing : 
 command : myproxy-info -l b52ac606a6f7097e9b4b8f05a3a67cc69f8f291b -s myproxy.cern.ch
 output : username: b52ac606a6f7097e9b4b8f05a3a67cc69f8f291b
owner: /DC=ch/DC=cern/OU=Organic Units/OU=Users/CN=yian/CN=826694/CN=Ying An
  renewal policy: /DC=ch/DC=cern/OU=computers/CN=crab-(preprod|prod|dev)-tw(02|01).cern.ch|/DC=ch/DC=cern/OU=computers/CN=stefanov(m|m2).cern.ch|/DC=ch/DC=cern/OU=computers/CN=dciangot-tw.cern.ch
  trusted retrieval policy: /DC=ch/DC=cern/OU=computers/CN=crab-(preprod|prod|dev)-tw(02|01).cern.ch|/DC=ch/DC=cern/OU=computers/CN=stefanov(m|m2).cern.ch|/DC=ch/DC=cern/OU=computers/CN=dciangot-tw.cern.ch
  timeleft: 694:03:20  (28.9 days)

 error: 
 retcode : 0
DEBUG 2021-11-24 10:53:18.484 UTC: 	 Myproxy is valid: 2498600
DEBUG 2021-11-24 10:53:18.484 UTC: 	 Retrieving username ...
DEBUG 2021-11-24 10:53:18.484 UTC: 	 Retrieving username from CRIC...
DEBUG 2021-11-24 10:53:19.263 UTC: 	 username is yian
DEBUG 2021-11-24 10:53:19.271 UTC: 	 Getting myproxy life time left for myproxy.cern.ch
DEBUG 2021-11-24 10:53:19.272 UTC: 	 using yian_CRAB as credential login name
DEBUG 2021-11-24 10:53:19.684 UTC: 	 Executing : 
 command : myproxy-info -l yian_CRAB -s myproxy.cern.ch
 output : username: yian_CRAB
owner: /DC=ch/DC=cern/OU=Organic Units/OU=Users/CN=yian/CN=826694/CN=Ying An
  renewal policy: /DC=ch/DC=cern/OU=computers/CN=crab-(preprod|prod|dev)-tw(02|01).cern.ch|/DC=ch/DC=cern/OU=computers/CN=stefanov(m|m2).cern.ch|/DC=ch/DC=cern/OU=computers/CN=dciangot-tw.cern.ch
  trusted retrieval policy: /DC=ch/DC=cern/OU=computers/CN=crab-(preprod|prod|dev)-tw(02|01).cern.ch|/DC=ch/DC=cern/OU=computers/CN=stefanov(m|m2).cern.ch|/DC=ch/DC=cern/OU=computers/CN=dciangot-tw.cern.ch
  timeleft: 694:02:12  (28.9 days)

 error: 
 retcode : 0
DEBUG 2021-11-24 10:53:19.685 UTC: 	 Myproxy is valid: 2498532
DEBUG 2021-11-24 10:53:19.685 UTC: 	 Result of myproxy credential check:
  Credential exists on myproxy: username: b52ac606a6f7097e9b4b8f05a3a67cc69f8f291b  - validity: 28 days, 22:03:20
  Credential exists on myproxy: username: yian_CRAB  - validity: 28 days, 22:02:12
DEBUG 2021-11-24 10:53:19.687 UTC: 	 Command use: status
DEBUG 2021-11-24 10:53:19.687 UTC: 	 Options use: ['-d', 'crab2018/crab_tZq_ll_4f_ckm_NLO_TuneCP5_13TeV-amcatnlo-pythia8_2018']
DEBUG 2021-11-24 10:53:19.765 UTC: 	 CRABClient version: v3.210825
DEBUG 2021-11-24 10:53:19.766 UTC: 	 Instance is prod
DEBUG 2021-11-24 10:53:19.766 UTC: 	 Server base url is cmsweb.cern.ch
DEBUG 2021-11-24 10:53:19.766 UTC: 	 Command api workflow
DEBUG 2021-11-24 10:53:19.831 UTC: 	 Got information from server oracle database: {u'result': [u'211123_165053:yian_crab_tZq_ll_4f_ckm_NLO_TuneCP5_13TeV-amcatnlo-pythia8_2018', u'None', u'None', u'SUBMITTED', u'SUBMIT', u'2021-11-23 16:50:54.179645', u'None', u'2021-11-23 16:53:07.900643', u'None', u'CMSSW_10_6_20', u'slc7_amd64_gcc820', u'/tZq_ll_4f_ckm_NLO_TuneCP5_13TeV-amcatnlo-pythia8/RunIISummer20UL18NanoAODv2-106X_upgrade2018_realistic_v15_L1v1-v1/NANOAODSIM', u'T', u'0', u"[u'T2_US_UCSD', u'T2_US_Wisconsin', u'T2_US_MIT', u'T2_US_Caltech', u'T2_US_Purdue', u'T2_US_Nebraska']", u'[]', u'FileBased', u"{'splitOnRun': False, 'halt_job_on_file_boundaries': False, 'files_per_job': 1, 'runs': [], 'lumis': []}", u'5cb43ae7a39e084a4abb5f03e2a041f373b9dc4be328f66aa406ab63ad76b54a.tar.gz', u'https://cmsweb.cern.ch/S3/crabcache_prod', u'yian', u'/DC=ch/DC=cern/OU=Organic Units/OU=Users/CN=yian/CN=826694/CN=Ying An', u'cms', u'None', u'None', u'tZq_ll_4f_ckm_NLO_TuneCP5_13TeV-amcatnlo-pythia8_2018-00000000000000000000000000000000', u'F', u'T3_CH_CERNBOX', u'https://cmsweb.cern.ch/dbs/prod/global/DBSReader', u'https://cmsweb.cern.ch/dbs/prod/phys03/DBSWriter', u'F', u'[]', u'[]', u"[b'tree.root']", u'Analysis', u'pythia', u'None', u'{}', u'[]', u'F', u'crab-prod-tw01', u'[]', u'1250', u'1', u'2000', u'10', u"['/tZq_ll_4f_ckm_NLO_TuneCP5_13TeV-amcatnlo-pythia8/yian-tZq_ll_4f_ckm_NLO_TuneCP5_13TeV-amcatnlo-pythia8_2018-79132d624dd3520ee2a7d08026bbccfc/USER']", u'[]', u'http://vocms0197.cern.ch/mon/cms1407/211123_165053:yian_crab_tZq_ll_4f_ckm_NLO_TuneCP5_13TeV-amcatnlo-pythia8_2018', u'WWG_crab_script.sh', u"[b'isdata=MC', b'year=2018', b'era=A']", u'[]', u'https://cmsweb.cern.ch/crabserver/prod', u'cmsgwms-collector-global.cern.ch:9620,cmsgwms-collector-global.fnal.gov:9620', u'crab3@vocms0197.cern.ch', u'F', u'[]', u'T', u'/store/user/yian/', u'T', u'None', u'F', u'None', u'tZq_ll_4f_ckm_NLO_TuneCP5_13TeV-amcatnlo-pythia8', u'None', u'a8911a3b17b9c22d02ee458c1010ef318f653bafe269ef5868239c7be5cf72f0.tar.gz', u'71721490', u'filetransfers', u'F', u'137.138.120.6', u'0.0', u'None'], u'desc': {u'columns': [u'tm_taskname', u'tm_activity', u'panda_jobset_id', u'tm_task_status', u'tm_task_command', u'tm_start_time', u'tm_start_injection', u'tm_end_injection', u'tm_task_failure', u'tm_job_sw', u'tm_job_arch', u'tm_input_dataset', u'tm_nonvalid_input_dataset', u'tm_use_parent', u'tm_site_whitelist', u'tm_site_blacklist', u'tm_split_algo', u'tm_split_args', u'tm_user_sandbox', u'tm_cache_url', u'tm_username', u'tm_user_dn', u'tm_user_vo', u'tm_user_role', u'tm_user_group', u'tm_publish_name', u'tm_publish_groupname', u'tm_asyncdest', u'tm_dbs_url', u'tm_publish_dbs_url', u'tm_publication', u'tm_outfiles', u'tm_tfile_outfiles', u'tm_edm_outfiles', u'tm_job_type', u'tm_generator', u'tm_events_per_lumi', u'tm_arguments', u'panda_resubmitted_jobs', u'tm_save_logs', u'tw_name', u'tm_user_infiles', u'tm_maxjobruntime', u'tm_numcores', u'tm_maxmemory', u'tm_priority', u'tm_output_dataset', u'tm_task_warnings', u'tm_user_webdir', u'tm_scriptexe', u'tm_scriptargs', u'tm_extrajdl', u'tm_asourl', u'tm_collector', u'tm_schedd', u'tm_dry_run', u'tm_user_files', u'tm_transfer_outputs', u'tm_output_lfn', u'tm_ignore_locality', u'tm_fail_limit', u'tm_one_event_mode', u'tm_secondary_input_dataset', u'tm_primary_dataset', u'tm_last_publication', u'tm_debug_files', u'clusterid', u'tm_asodb', u'tm_ignore_global_blacklist', u'tm_submitter_ip_addr', u'tm_totalunits', u'tm_ddm_reqid']}}
INFO 2021-11-24 10:53:19.832 UTC: 	 CRAB project directory:		/afs/cern.ch/work/y/yian/work/GZ/CMSSW_10_6_20/src/PhysicsTools/NanoAODTools/WWG/2018/crab/crab2018/crab_tZq_ll_4f_ckm_NLO_TuneCP5_13TeV-amcatnlo-pythia8_2018
INFO 2021-11-24 10:53:19.832 UTC: 	 Task name:			211123_165053:yian_crab_tZq_ll_4f_ckm_NLO_TuneCP5_13TeV-amcatnlo-pythia8_2018
INFO 2021-11-24 10:53:19.832 UTC: 	 Grid scheduler - Task Worker:	crab3@vocms0197.cern.ch - crab-prod-tw01
INFO 2021-11-24 10:53:19.832 UTC: 	 Status on the CRAB server:	SUBMITTED
INFO 2021-11-24 10:53:19.833 UTC: 	 Task URL to use for HELP:	https://cmsweb.cern.ch/crabserver/ui/task/211123_165053%3Ayian_crab_tZq_ll_4f_ckm_NLO_TuneCP5_13TeV-amcatnlo-pythia8_2018
INFO 2021-11-24 10:53:19.836 UTC: 	 Dashboard monitoring URL:	https://monit-grafana.cern.ch/d/cmsTMDetail/cms-task-monitoring-task-view?orgId=11&var-user=yian&var-task=211123_165053%3Ayian_crab_tZq_ll_4f_ckm_NLO_TuneCP5_13TeV-amcatnlo-pythia8_2018&from=1637682654000&to=now
DEBUG 2021-11-24 10:53:19.836 UTC: 	 The CRAB server submitted your task to the Grid scheduler (cluster ID: 71721490)
DEBUG 2021-11-24 10:53:19.836 UTC: 	 Webdir is located at http://vocms0197.cern.ch/mon/cms1407/211123_165053:yian_crab_tZq_ll_4f_ckm_NLO_TuneCP5_13TeV-amcatnlo-pythia8_2018
DEBUG 2021-11-24 10:53:20.214 UTC: 	 Proxied webdir is located at https://cmsweb.cern.ch:8443/scheddmon/0197/cms1407/211123_165053:yian_crab_tZq_ll_4f_ckm_NLO_TuneCP5_13TeV-amcatnlo-pythia8_2018
DEBUG 2021-11-24 10:53:20.214 UTC: 	 Retrieving 'status_cache' file from https://cmsweb.cern.ch:8443/scheddmon/0197/cms1407/211123_165053:yian_crab_tZq_ll_4f_ckm_NLO_TuneCP5_13TeV-amcatnlo-pythia8_2018/status_cache
DEBUG 2021-11-24 10:53:20.253 UTC: 	 Got information from status cache file: {'11': {'Retries': 0, 'WallDurations': [8.0, 196.9594020843506, 42353.0], 'StartTimes': [1637697965.0], 'SubmitTimes': [1637686396.0], 'JobIds': ['71721503.0'], 'EndTimes': [1637740318.0], 'Restarts': 0, 'RecordedSite': True, 'State': 'finished', 'ResidentSetSize': [1445980], 'TotalUserCpuTimeHistory': [7823], 'SiteHistory': ['Unknown', 'T2_US_UCSD', 'T2_US_UCSD'], 'TotalSysCpuTimeHistory': [560]}, '10': {'Retries': 0, 'WallDurations': [8.0, 193.9594020843506, 52594.0], 'StartTimes': [1637697968.0], 'SubmitTimes': [1637686396.0], 'JobIds': ['71721502.0'], 'EndTimes': [], 'Restarts': 0, 'RecordedSite': True, 'State': 'running', 'ResidentSetSize': [1476292], 'TotalUserCpuTimeHistory': [8252.0], 'SiteHistory': ['Unknown', 'T2_US_UCSD', 'T2_US_UCSD'], 'TotalSysCpuTimeHistory': [587.0]}, '13': {'Retries': 2, 'WallDurations': [9.0, 208.9594020843506, 14401.0, 0, 33081.0, 8.0, 222.62391901016235, 2712.0], 'StartTimes': [1637697953.0, 1637712748.0, 1637748245.0], 'SubmitTimes': [1637686396.0, -1, 1637747699.0], 'JobIds': ['71721504.0', '71721504.0', '71741043.0'], 'EndTimes': [1637712354.0, 1637745829.0], 'Restarts': 1, 'RecordedSite': True, 'State': 'running', 'ResidentSetSize': [1460860, 1725364, 1430480], 'TotalUserCpuTimeHistory': [2211.0, 33160, 1204.0], 'SiteHistory': ['Unknown', 'T2_US_MIT', 'T2_US_MIT', 'Unknown', 'T2_US_Caltech', 'Unknown', 'T2_US_MIT', 'T2_US_MIT'], 'TotalSysCpuTimeHistory': [101.0, 1664, 17.0]}, '12': {'Retries': 0, 'WallDurations': [8.0, 221.9594020843506, 52599.0], 'StartTimes': [1637697940.0], 'SubmitTimes': [1637686396.0], 'JobIds': ['71721506.0'], 'EndTimes': [], 'Restarts': 0, 'RecordedSite': True, 'State': 'running', 'ResidentSetSize': [1523472], 'TotalUserCpuTimeHistory': [5948.0], 'SiteHistory': ['Unknown', 'T2_US_Purdue', 'T2_US_Purdue'], 'TotalSysCpuTimeHistory': [472.0]}, '14': {'Retries': 0, 'WallDurations': [9.0, 213.9594020843506, 52908.0], 'StartTimes': [1637697948.0], 'SubmitTimes': [1637686396.0], 'JobIds': ['71721505.0'], 'EndTimes': [], 'Restarts': 0, 'RecordedSite': True, 'State': 'running', 'ResidentSetSize': [1462752], 'TotalUserCpuTimeHistory': [10380.0], 'SiteHistory': ['Unknown', 'T2_US_MIT', 'T2_US_MIT'], 'TotalSysCpuTimeHistory': [696.0]}, '1': {'Retries': 0, 'WallDurations': [8.0, 226.9594020843506, 28794.0, 0, 21649.0], 'StartTimes': [1637697935.0, 1637728458.0], 'SubmitTimes': [1637686394.0, -1], 'JobIds': ['71721493.0', '71721493.0'], 'EndTimes': [1637726729.0], 'Restarts': 1, 'RecordedSite': True, 'State': 'running', 'ResidentSetSize': [1469260, 1510860], 'TotalUserCpuTimeHistory': [3198.0, 4222.0], 'SiteHistory': ['Unknown', 'T2_US_MIT', 'T2_US_MIT', 'Unknown', 'T2_US_Nebraska'], 'TotalSysCpuTimeHistory': [120.0, 288.0]}, '3': {'Retries': 0, 'WallDurations': [8.0, 220.9594020843506, 52610.0], 'StartTimes': [1637697941.0], 'SubmitTimes': [1637686394.0], 'JobIds': ['71721494.0'], 'EndTimes': [], 'Restarts': 0, 'RecordedSite': True, 'State': 'running', 'ResidentSetSize': [1465784], 'TotalUserCpuTimeHistory': [5744.0], 'SiteHistory': ['Unknown', 'T2_US_MIT', 'T2_US_MIT'], 'TotalSysCpuTimeHistory': [255.0]}, '2': {'Retries': 0, 'WallDurations': [9.0, 222.9594020843506, 52913.0], 'StartTimes': [1637697939.0], 'SubmitTimes': [1637686395.0], 'JobIds': ['71721497.0'], 'EndTimes': [], 'Restarts': 0, 'RecordedSite': True, 'State': 'running', 'ResidentSetSize': [1465464], 'TotalUserCpuTimeHistory': [10294.0], 'SiteHistory': ['Unknown', 'T2_US_MIT', 'T2_US_MIT'], 'TotalSysCpuTimeHistory': [681.0]}, '5': {'Retries': 0, 'WallDurations': [9.0, 219.9594020843506, 24948.0], 'StartTimes': [1637697942.0], 'SubmitTimes': [1637686395.0], 'JobIds': ['71721496.0'], 'EndTimes': [1637722890.0], 'Restarts': 0, 'RecordedSite': True, 'State': 'finished', 'ResidentSetSize': [1467660], 'TotalUserCpuTimeHistory': [6554], 'SiteHistory': ['Unknown', 'T2_US_Purdue', 'T2_US_Purdue'], 'TotalSysCpuTimeHistory': [649]}, '4': {'Retries': 0, 'WallDurations': [9.0, 205.9594020843506, 53197.0], 'StartTimes': [1637697956.0], 'SubmitTimes': [1637686395.0], 'JobIds': ['71721495.0'], 'EndTimes': [], 'Restarts': 0, 'RecordedSite': True, 'State': 'running', 'ResidentSetSize': [1518420], 'TotalUserCpuTimeHistory': [9707.0], 'SiteHistory': ['Unknown', 'T2_US_Purdue', 'T2_US_Purdue'], 'TotalSysCpuTimeHistory': [663.0]}, '7': {'Retries': 0, 'WallDurations': [8.0, 205.9594020843506, 52615.0], 'StartTimes': [1637697956.0], 'SubmitTimes': [1637686395.0], 'JobIds': ['71721499.0'], 'EndTimes': [], 'Restarts': 0, 'RecordedSite': True, 'State': 'running', 'ResidentSetSize': [1469484], 'TotalUserCpuTimeHistory': [7770.0], 'SiteHistory': ['Unknown', 'T2_US_MIT', 'T2_US_MIT'], 'TotalSysCpuTimeHistory': [343.0]}, '6': {'Retries': 0, 'WallDurations': [10.0, 207.9594020843506, 52309.0], 'StartTimes': [1637697954.0], 'SubmitTimes': [1637686395.0], 'JobIds': ['71721498.0'], 'EndTimes': [], 'Restarts': 0, 'RecordedSite': True, 'State': 'running', 'ResidentSetSize': [1507236], 'TotalUserCpuTimeHistory': [8595.0], 'SiteHistory': ['Unknown', 'T2_US_MIT', 'T2_US_MIT'], 'TotalSysCpuTimeHistory': [601.0]}, '9': {'Retries': 0, 'WallDurations': [9.0, 220.9594020843506, 52610.0], 'StartTimes': [1637697941.0], 'SubmitTimes': [1637686395.0], 'JobIds': ['71721500.0'], 'EndTimes': [], 'Restarts': 0, 'RecordedSite': True, 'State': 'running', 'ResidentSetSize': [1466468], 'TotalUserCpuTimeHistory': [7032.0], 'SiteHistory': ['Unknown', 'T2_US_MIT', 'T2_US_MIT'], 'TotalSysCpuTimeHistory': [421.0]}, '8': {'Retries': 0, 'WallDurations': [9.0, 194.9594020843506, 5495.0], 'StartTimes': [1637697967.0], 'SubmitTimes': [1637686395.0], 'JobIds': ['71721501.0'], 'EndTimes': [1637703462.0], 'Restarts': 0, 'RecordedSite': True, 'State': 'finished', 'ResidentSetSize': [1443408], 'TotalUserCpuTimeHistory': [1731], 'SiteHistory': ['Unknown', 'T2_US_UCSD', 'T2_US_UCSD'], 'TotalSysCpuTimeHistory': [82]}}
INFO 2021-11-24 10:53:20.254 UTC: 	 Status on the scheduler:	SUBMITTED
INFO 2021-11-24 10:53:20.254 UTC: 	 
Jobs status:                    finished     		 21.4% ( 3/14)
INFO 2021-11-24 10:53:20.254 UTC: 	 				running      		 78.6% (11/14)
INFO 2021-11-24 10:53:20.254 UTC: 	 
No publication information (publication has been disabled in the CRAB configuration file)
INFO 2021-11-24 10:53:20.254 UTC: 	 
Warning: the average jobs CPU efficiency is less than 50%, please consider to improve the jobs splitting (e.g. config.Data.splitting = 'Automatic') in a new task
INFO 2021-11-24 10:53:20.254 UTC: 	 
Summary of run jobs:
 * Memory: 1475MB min, 1433MB max, 1418MB ave
 * Runtime: 0:45:12 min, 11:45:53 max, 6:44:25 ave
 * CPU eff: 20% min, 33% max, 24% ave
 * Waste: 0:10:37 (1% of total)

INFO 2021-11-24 10:53:20.263 UTC: 	 Log file is /afs/cern.ch/work/y/yian/work/GZ/CMSSW_10_6_20/src/PhysicsTools/NanoAODTools/WWG/2018/crab/crab2018/crab_tZq_ll_4f_ckm_NLO_TuneCP5_13TeV-amcatnlo-pythia8_2018/crab.log
