DEBUG 2021-05-17 15:23:27.457 UTC: 	 CRAB Client version: v3.210323
DEBUG 2021-05-17 15:23:27.458 UTC: 	 Running on: Linux lxplus7105.cern.ch 3.10.0-1160.24.1.el7.x86_64 #1 SMP Thu Apr 8 19:51:47 UTC 2021 x86_64 x86_64 x86_64 GNU/Linux - CentOS Linux 7 (Core)
DEBUG 2021-05-17 15:23:27.458 UTC: 	 Executing command: 'submit'
DEBUG 2021-05-17 15:23:27.461 UTC: 	 Found CRAB cache file /afs/cern.ch/user/y/yian/.crab3
INFO 2021-05-17 15:23:27.481 UTC: 	 Will use CRAB configuration file crabcode_2018/WW_TuneCP5_13TeV-pythia8_2018_cfg.py
DEBUG 2021-05-17 15:23:27.482 UTC: 	 Loading CRAB configuration file.
DEBUG 2021-05-17 15:23:27.512 UTC: 	 Will use CRAB Analysis plugin (i.e. will run an analysis job type).
DEBUG 2021-05-17 15:23:27.551 UTC: 	 Checking credentials
DEBUG 2021-05-17 15:23:27.552 UTC: 	 Found proxy file /tmp/x509up_u110046
DEBUG 2021-05-17 15:23:27.552 UTC: 	 Getting proxy life time left
DEBUG 2021-05-17 15:23:28.461 UTC: 	 Executing : 
 command : voms-proxy-info -file /tmp/x509up_u110046 -timeleft
 output : 603462

 error: 
 retcode : 0
DEBUG 2021-05-17 15:23:29.280 UTC: 	 Executing : 
 command : voms-proxy-info -file /tmp/x509up_u110046 -actimeleft
 output : 603460

 error: 
 retcode : 0
DEBUG 2021-05-17 15:23:29.280 UTC: 	 Proxy lifetime 603462 secs is different from voms extension lifetime 603460 secs for proxy: /tmp/x509up_u110046
DEBUG 2021-05-17 15:23:29.280 UTC: 	 Proxy valid for 167:37:40 hours
DEBUG 2021-05-17 15:23:30.408 UTC: 	 Executing : 
 command : env X509_USER_PROXY=/tmp/x509up_u110046 voms-proxy-info -fqan
 output : /cms/Role=NULL/Capability=NULL

 error: 
 retcode : 0
DEBUG 2021-05-17 15:23:30.500 UTC: 	 Registering user credentials for server /DC=ch/DC=cern/OU=computers/CN=vocms0105.cern.ch|/DC=ch/DC=cern/OU=computers/CN=crab-(preprod|prod|dev)-tw(02|01).cern.ch|/DC=ch/DC=cern/OU=computers/CN=(ddi|ddidk|mytw).cern.ch|/DC=ch/DC=cern/OU=computers/CN=stefanov(m|m2).cern.ch
DEBUG 2021-05-17 15:23:32.348 UTC: 	 Executing : 
 command : voms-proxy-info -file /tmp/x509up_u110046 -identity
 output : /DC=ch/DC=cern/OU=Organic Units/OU=Users/CN=yian/CN=826694/CN=Ying An

 error: 
 retcode : 0
DEBUG 2021-05-17 15:23:32.357 UTC: 	 Getting myproxy life time left for myproxy.cern.ch
DEBUG 2021-05-17 15:23:32.358 UTC: 	 using b52ac606a6f7097e9b4b8f05a3a67cc69f8f291b as credential login name
DEBUG 2021-05-17 15:23:32.866 UTC: 	 Executing : 
 command : myproxy-info -l b52ac606a6f7097e9b4b8f05a3a67cc69f8f291b -s myproxy.cern.ch
 output : username: b52ac606a6f7097e9b4b8f05a3a67cc69f8f291b
owner: /DC=ch/DC=cern/OU=Organic Units/OU=Users/CN=yian/CN=826694/CN=Ying An
  renewal policy: /DC=ch/DC=cern/OU=computers/CN=vocms0105.cern.ch|/DC=ch/DC=cern/OU=computers/CN=crab-(preprod|prod|dev)-tw(02|01).cern.ch|/DC=ch/DC=cern/OU=computers/CN=(ddi|ddidk|mytw).cern.ch|/DC=ch/DC=cern/OU=computers/CN=stefanov(m|m2).cern.ch
  trusted retrieval policy: /DC=ch/DC=cern/OU=computers/CN=vocms0105.cern.ch|/DC=ch/DC=cern/OU=computers/CN=crab-(preprod|prod|dev)-tw(02|01).cern.ch|/DC=ch/DC=cern/OU=computers/CN=(ddi|ddidk|mytw).cern.ch|/DC=ch/DC=cern/OU=computers/CN=stefanov(m|m2).cern.ch
  timeleft: 719:39:18  (30.0 days)

 error: 
 retcode : 0
DEBUG 2021-05-17 15:23:32.867 UTC: 	 Myproxy is valid: 2590758
DEBUG 2021-05-17 15:23:32.867 UTC: 	 Retrieving username ...
DEBUG 2021-05-17 15:23:32.867 UTC: 	 Retrieving username from CRIC...
DEBUG 2021-05-17 15:23:34.577 UTC: 	 username is yian
DEBUG 2021-05-17 15:23:34.586 UTC: 	 Getting myproxy life time left for myproxy.cern.ch
DEBUG 2021-05-17 15:23:34.587 UTC: 	 using yian_CRAB as credential login name
DEBUG 2021-05-17 15:23:34.997 UTC: 	 Executing : 
 command : myproxy-info -l yian_CRAB -s myproxy.cern.ch
 output : username: yian_CRAB
owner: /DC=ch/DC=cern/OU=Organic Units/OU=Users/CN=yian/CN=826694/CN=Ying An
  renewal policy: /DC=ch/DC=cern/OU=computers/CN=vocms0105.cern.ch|/DC=ch/DC=cern/OU=computers/CN=crab-(preprod|prod|dev)-tw(02|01).cern.ch|/DC=ch/DC=cern/OU=computers/CN=(ddi|ddidk|mytw).cern.ch|/DC=ch/DC=cern/OU=computers/CN=stefanov(m|m2).cern.ch
  trusted retrieval policy: /DC=ch/DC=cern/OU=computers/CN=vocms0105.cern.ch|/DC=ch/DC=cern/OU=computers/CN=crab-(preprod|prod|dev)-tw(02|01).cern.ch|/DC=ch/DC=cern/OU=computers/CN=(ddi|ddidk|mytw).cern.ch|/DC=ch/DC=cern/OU=computers/CN=stefanov(m|m2).cern.ch
  timeleft: 719:40:31  (30.0 days)

 error: 
 retcode : 0
DEBUG 2021-05-17 15:23:34.997 UTC: 	 Myproxy is valid: 2590831
DEBUG 2021-05-17 15:23:34.998 UTC: 	 Result of myproxy credential check:
  Credential exists on myproxy: username: b52ac606a6f7097e9b4b8f05a3a67cc69f8f291b  - validity: 29 days, 23:39:18
  Credential exists on myproxy: username: yian_CRAB  - validity: 29 days, 23:40:31
DEBUG 2021-05-17 15:23:34.998 UTC: 	 Command use: submit
DEBUG 2021-05-17 15:23:34.998 UTC: 	 Options use: ['-c', 'crabcode_2018/WW_TuneCP5_13TeV-pythia8_2018_cfg.py']
DEBUG 2021-05-17 15:23:35.134 UTC: 	 CRABClient version: v3.210323
DEBUG 2021-05-17 15:23:35.134 UTC: 	 Instance is prod
DEBUG 2021-05-17 15:23:35.134 UTC: 	 Server base url is cmsweb.cern.ch
DEBUG 2021-05-17 15:23:35.134 UTC: 	 Command url /crabserver/prod/workflow
DEBUG 2021-05-17 15:23:35.134 UTC: 	 Started submission
DEBUG 2021-05-17 15:23:35.134 UTC: 	 Working on /afs/cern.ch/work/y/yian/work/GZ/CMSSW_10_6_20/src/PhysicsTools/NanoAODTools/WWG/2018/crab/crab2018/crab_WW_TuneCP5_13TeV-pythia8_2018
DEBUG 2021-05-17 15:23:35.289 UTC: 	 Loading required information from the environment
DEBUG 2021-05-17 15:23:35.290 UTC: 	 Found CMSSW_10_6_20 for slc7_amd64_gcc820 with base /afs/cern.ch/work/y/yian/work/GZ/CMSSW_10_6_20
DEBUG 2021-05-17 15:23:35.290 UTC: 	 Loading required information from the environment
DEBUG 2021-05-17 15:23:35.290 UTC: 	 Found CMSSW_10_6_20 for slc7_amd64_gcc820 with base /afs/cern.ch/work/y/yian/work/GZ/CMSSW_10_6_20
DEBUG 2021-05-17 15:23:35.290 UTC: 	 UNIQUE NAME: tarUUID e82716ed-4f9b-4929-b449-aed960a6ebca 
DEBUG 2021-05-17 15:23:35.290 UTC: 	 self.config: from WMCore.Configuration import Configuration
config = Configuration()
config.section_('General')
config.General.workArea = 'crab2018'
config.General.transferLogs = False
config.General.requestName = 'WW_TuneCP5_13TeV-pythia8_2018'
config.section_('JobType')
config.JobType.scriptArgs = ['isdata=MC', 'year=2018']
config.JobType.scriptExe = './WWG_crab_script.sh'
config.JobType.pluginName = 'Analysis'
config.JobType.sendPythonFolder = True
config.JobType.allowUndistributedCMSSW = True
config.JobType.psetName = 'PSet.py'
config.JobType.inputFiles = ['../../../scripts/haddnano.py', '../WWG_selector/WWG_postproc.py', '../WWG_selector/WWG_Module.py', '../WWG_selector/WWG_keep_and_drop.txt', '../WWG_selector/WWG_output_branch.txt', '../WWG_selector/DAS_filesearch.py']
config.section_('Data')
config.Data.inputDataset = '/WW_TuneCP5_13TeV-pythia8/RunIISummer19UL18NanoAODv2-106X_upgrade2018_realistic_v15_L1v1-v1/NANOAODSIM'
config.Data.allowNonValidInputDataset = True
config.Data.publication = False
config.Data.unitsPerJob = 1
config.Data.ignoreLocality = True
config.Data.inputDBS = 'global'
config.Data.splitting = 'FileBased'
config.Data.outputDatasetTag = 'WW_TuneCP5_13TeV-pythia8_2018'
config.section_('Site')
config.Site.whitelist = ['T2_US_MIT', 'T2_US_Wisconsin', 'T2_US_Purdue', 'T2_US_UCSD', 'T2_US_Caltech', 'T2_US_Nebraska']
config.Site.storageSite = 'T3_CH_CERNBOX'

DEBUG 2021-05-17 15:23:35.290 UTC: 	 self.config.JobType.psetName: PSet.py
INFO 2021-05-17 15:23:35.290 UTC: 	 Importing CMSSW configuration PSet.py
INFO 2021-05-17 15:23:36.307 UTC: 	 Finished importing CMSSW configuration PSet.py
DEBUG 2021-05-17 15:23:36.307 UTC: 	 Writing CMSSW configuration to /afs/cern.ch/work/y/yian/work/GZ/CMSSW_10_6_20/src/PhysicsTools/NanoAODTools/WWG/2018/crab/crab2018/crab_WW_TuneCP5_13TeV-pythia8_2018/inputs/PSet.py
DEBUG 2021-05-17 15:23:36.371 UTC: 	 The following EDM output files will be collected: ['tree.root']
DEBUG 2021-05-17 15:23:36.371 UTC: 	 The following TFile output files will be collected: []
DEBUG 2021-05-17 15:23:36.371 UTC: 	 The following user output files (not listed as PoolOuputModule or TFileService in the CMSSW PSet) will be collected: 
DEBUG 2021-05-17 15:23:36.371 UTC: 	 Loading required information from the environment
DEBUG 2021-05-17 15:23:36.371 UTC: 	 Found CMSSW_10_6_20 for slc7_amd64_gcc820 with base /afs/cern.ch/work/y/yian/work/GZ/CMSSW_10_6_20
DEBUG 2021-05-17 15:23:36.371 UTC: 	 Making tarball in /afs/cern.ch/work/y/yian/work/GZ/CMSSW_10_6_20/src/PhysicsTools/NanoAODTools/WWG/2018/crab/crab2018/crab_WW_TuneCP5_13TeV-pythia8_2018/inputs/e82716ed-4f9b-4929-b449-aed960a6ebcadefault.tgz
DEBUG 2021-05-17 15:23:36.372 UTC: 	 Checking directory /afs/cern.ch/work/y/yian/work/GZ/CMSSW_10_6_20/lib
DEBUG 2021-05-17 15:23:36.373 UTC: 	 Adding directory /afs/cern.ch/work/y/yian/work/GZ/CMSSW_10_6_20/lib to tarball
DEBUG 2021-05-17 15:23:36.513 UTC: 	 Checking directory /afs/cern.ch/work/y/yian/work/GZ/CMSSW_10_6_20/biglib
DEBUG 2021-05-17 15:23:36.514 UTC: 	 Adding directory /afs/cern.ch/work/y/yian/work/GZ/CMSSW_10_6_20/biglib to tarball
DEBUG 2021-05-17 15:23:36.516 UTC: 	 Checking directory /afs/cern.ch/work/y/yian/work/GZ/CMSSW_10_6_20/module
DEBUG 2021-05-17 15:23:36.517 UTC: 	 Checking directory /afs/cern.ch/work/y/yian/work/GZ/CMSSW_10_6_20/python
DEBUG 2021-05-17 15:23:36.517 UTC: 	 Adding directory /afs/cern.ch/work/y/yian/work/GZ/CMSSW_10_6_20/python to tarball
DEBUG 2021-05-17 15:23:39.458 UTC: 	 Checking directory /afs/cern.ch/work/y/yian/work/GZ/CMSSW_10_6_20/cfipython
DEBUG 2021-05-17 15:23:39.458 UTC: 	 Adding directory /afs/cern.ch/work/y/yian/work/GZ/CMSSW_10_6_20/cfipython to tarball
DEBUG 2021-05-17 15:23:40.491 UTC: 	 Adding data directory /afs/cern.ch/work/y/yian/work/GZ/CMSSW_10_6_20/src/PhysicsTools/NanoAODTools/data to tarball
DEBUG 2021-05-17 15:24:10.276 UTC: 	 Adding data directory /afs/cern.ch/work/y/yian/work/GZ/CMSSW_10_6_20/src/PhysicsTools/NanoAODTools/interface to tarball
DEBUG 2021-05-17 15:24:10.300 UTC: 	 Adding data directory /afs/cern.ch/work/y/yian/work/GZ/CMSSW_10_6_20/src/PhysicsTools/NanoAODTools/python/postprocessing/data to tarball
DEBUG 2021-05-17 15:24:13.338 UTC: 	 Adding file ../../../scripts/haddnano.py to tarball
DEBUG 2021-05-17 15:24:13.339 UTC: 	 Adding file ../WWG_selector/WWG_postproc.py to tarball
DEBUG 2021-05-17 15:24:13.339 UTC: 	 Adding file ../WWG_selector/WWG_Module.py to tarball
DEBUG 2021-05-17 15:24:13.340 UTC: 	 Adding file ../WWG_selector/WWG_keep_and_drop.txt to tarball
DEBUG 2021-05-17 15:24:13.341 UTC: 	 Adding file ../WWG_selector/WWG_output_branch.txt to tarball
DEBUG 2021-05-17 15:24:13.341 UTC: 	 Adding file ../WWG_selector/DAS_filesearch.py to tarball
DEBUG 2021-05-17 15:24:15.398 UTC: 	 Uploading archive /afs/cern.ch/work/y/yian/work/GZ/CMSSW_10_6_20/src/PhysicsTools/NanoAODTools/WWG/2018/crab/crab2018/crab_WW_TuneCP5_13TeV-pythia8_2018/inputs/e82716ed-4f9b-4929-b449-aed960a6ebcadefault.tgz (94 MB) to the CRAB cache. Using URI https://cmsweb.cern.ch:8443/crabcache
DEBUG 2021-05-17 15:25:19.082 UTC: 	 Loading required information from the environment
DEBUG 2021-05-17 15:25:19.083 UTC: 	 Found CMSSW_10_6_20 for slc7_amd64_gcc820 with base /afs/cern.ch/work/y/yian/work/GZ/CMSSW_10_6_20
DEBUG 2021-05-17 15:25:19.084 UTC: 	 Making tarball in /afs/cern.ch/work/y/yian/work/GZ/CMSSW_10_6_20/src/PhysicsTools/NanoAODTools/WWG/2018/crab/crab2018/crab_WW_TuneCP5_13TeV-pythia8_2018/inputs/debugFiles.tgz
DEBUG 2021-05-17 15:25:19.237 UTC: 	 Uploading archive /afs/cern.ch/work/y/yian/work/GZ/CMSSW_10_6_20/src/PhysicsTools/NanoAODTools/WWG/2018/crab/crab2018/crab_WW_TuneCP5_13TeV-pythia8_2018/inputs/debugFiles.tgz (1 KB) to the CRAB cache. Using URI https://cmsweb.cern.ch:8443/crabcache
DEBUG 2021-05-17 15:25:19.301 UTC: 	 Result uploading input files: 793b663d463229f0fc9ca99985b5d0c4fcac343ca6ed280b2c4d1e2b0acb19ea.tar.gz 
INFO 2021-05-17 15:25:19.303 UTC: 	 Sending the request to the server at cmsweb.cern.ch
DEBUG 2021-05-17 15:25:19.305 UTC: 	 Submitting {'maxjobruntime': 1250, 'extrajdl': [], 'ignorelocality': 1, 'savelogsflag': 0, 'useparent': 0, 'scriptexe': 'WWG_crab_script.sh', 'asyncdest': 'T3_CH_CERNBOX', 'algoargs': 1, 'cachefilename': '793b663d463229f0fc9ca99985b5d0c4fcac343ca6ed280b2c4d1e2b0acb19ea.tar.gz', 'numcores': 1, 'addoutputfiles': [], 'generator': 'pythia', 'maxmemory': 2000, 'publishdbsurl': 'https://cmsweb.cern.ch/dbs/prod/phys03/DBSWriter', 'priority': 10, 'jobsw': 'CMSSW_10_6_20', 'edmoutfiles': ['tree.root'], 'userfiles': [], 'primarydataset': '', 'inputdata': '/WW_TuneCP5_13TeV-pythia8/RunIISummer19UL18NanoAODv2-106X_upgrade2018_realistic_v15_L1v1-v1/NANOAODSIM', 'dryrun': 0, 'workflow': 'crab_WW_TuneCP5_13TeV-pythia8_2018', 'scriptargs': ['isdata=MC', 'year=2018'], 'sitewhitelist': ['T2_US_MIT', 'T2_US_Wisconsin', 'T2_US_Purdue', 'T2_US_UCSD', 'T2_US_Caltech', 'T2_US_Nebraska'], 'nonprodsw': 1, 'tfileoutfiles': [], 'oneEventMode': 0, 'debugfilename': 'af5d0c5f62c81a977377195f8b5df004505106c062427ee9e1d63ad928fac574.tar.gz', 'cacheurl': u'https://cmsweb.cern.ch:8443/crabcache', 'saveoutput': 1, 'publication': 0, 'jobarch': 'slc7_amd64_gcc820', 'totalunits': 0, 'splitalgo': 'FileBased', 'ignoreglobalblacklist': 0, 'nonvaliddata': 1, 'dbsurl': 'https://cmsweb.cern.ch/dbs/prod/global/DBSReader', 'publishgroupname': 0, 'jobtype': 'Analysis', 'publishname2': 'WW_TuneCP5_13TeV-pythia8_2018'} 
DEBUG 2021-05-17 15:25:19.305 UTC: 	 Encoded submit request: maxjobruntime=1250&ignorelocality=1&savelogsflag=0&useparent=0&scriptexe=WWG_crab_script.sh&asyncdest=T3_CH_CERNBOX&algoargs=1&cachefilename=793b663d463229f0fc9ca99985b5d0c4fcac343ca6ed280b2c4d1e2b0acb19ea.tar.gz&numcores=1&generator=pythia&maxmemory=2000&publishdbsurl=https%3A%2F%2Fcmsweb.cern.ch%2Fdbs%2Fprod%2Fphys03%2FDBSWriter&priority=10&jobsw=CMSSW_10_6_20&primarydataset=&inputdata=%2FWW_TuneCP5_13TeV-pythia8%2FRunIISummer19UL18NanoAODv2-106X_upgrade2018_realistic_v15_L1v1-v1%2FNANOAODSIM&dryrun=0&workflow=crab_WW_TuneCP5_13TeV-pythia8_2018&nonprodsw=1&oneEventMode=0&debugfilename=af5d0c5f62c81a977377195f8b5df004505106c062427ee9e1d63ad928fac574.tar.gz&cacheurl=https%3A%2F%2Fcmsweb.cern.ch%3A8443%2Fcrabcache&saveoutput=1&publication=0&jobarch=slc7_amd64_gcc820&totalunits=0&splitalgo=FileBased&ignoreglobalblacklist=0&nonvaliddata=1&dbsurl=https%3A%2F%2Fcmsweb.cern.ch%2Fdbs%2Fprod%2Fglobal%2FDBSReader&publishgroupname=0&jobtype=Analysis&publishname2=WW_TuneCP5_13TeV-pythia8_2018&sitewhitelist=T2_US_MIT&sitewhitelist=T2_US_Wisconsin&sitewhitelist=T2_US_Purdue&sitewhitelist=T2_US_UCSD&sitewhitelist=T2_US_Caltech&sitewhitelist=T2_US_Nebraska&edmoutfiles=tree.root&scriptargs=isdata%3DMC&scriptargs=year%3D2018
DEBUG 2021-05-17 15:25:19.389 UTC: 	 Result: {u'result': [{u'RequestName': u'210517_152519:yian_crab_WW_TuneCP5_13TeV-pythia8_2018'}]}
INFO 2021-05-17 15:25:19.393 UTC: 	 Success: Your task has been delivered to the prod CRAB3 server.
INFO 2021-05-17 15:25:19.395 UTC: 	 Task name: 210517_152519:yian_crab_WW_TuneCP5_13TeV-pythia8_2018
INFO 2021-05-17 15:25:19.395 UTC: 	 Project dir: crab2018/crab_WW_TuneCP5_13TeV-pythia8_2018
INFO 2021-05-17 15:25:19.395 UTC: 	 Please use ' crab status -d crab2018/crab_WW_TuneCP5_13TeV-pythia8_2018 ' to check how the submission process proceeds.
DEBUG 2021-05-17 15:25:19.395 UTC: 	 About to return
INFO 2021-05-17 15:25:19.399 UTC: 	 Log file is /afs/cern.ch/work/y/yian/work/GZ/CMSSW_10_6_20/src/PhysicsTools/NanoAODTools/WWG/2018/crab/crab2018/crab_WW_TuneCP5_13TeV-pythia8_2018/crab.log
