DEBUG 2021-11-23 16:10:23.504 UTC: 	 CRAB Client version: v3.210825
DEBUG 2021-11-23 16:10:23.505 UTC: 	 Running on: Linux lxplus772.cern.ch 3.10.0-1160.45.1.el7.x86_64 #1 SMP Wed Oct 13 17:20:51 UTC 2021 x86_64 x86_64 x86_64 GNU/Linux - CentOS Linux 7 (Core)
DEBUG 2021-11-23 16:10:23.505 UTC: 	 Executing command: 'submit'
DEBUG 2021-11-23 16:10:23.505 UTC: 	 Found CRAB cache file /afs/cern.ch/user/y/yian/.crab3
INFO 2021-11-23 16:10:23.516 UTC: 	 Will use CRAB configuration file crabcode_2017/ST_tW_top_5f_NoFullyHadronicDecays_TuneCP5_13TeV-powheg-pythia8_2017_cfg.py
DEBUG 2021-11-23 16:10:23.516 UTC: 	 Loading CRAB configuration file.
DEBUG 2021-11-23 16:10:23.797 UTC: 	 Will use CRAB Analysis plugin (i.e. will run an analysis job type).
DEBUG 2021-11-23 16:10:24.113 UTC: 	 Checking credentials
DEBUG 2021-11-23 16:10:24.113 UTC: 	 Found proxy file /tmp/x509up_u110046
DEBUG 2021-11-23 16:10:24.113 UTC: 	 Getting proxy life time left
DEBUG 2021-11-23 16:10:25.854 UTC: 	 Executing : 
 command : voms-proxy-info -file /tmp/x509up_u110046 -timeleft
 output : 604178

 error: 
 retcode : 0
DEBUG 2021-11-23 16:10:27.403 UTC: 	 Executing : 
 command : voms-proxy-info -file /tmp/x509up_u110046 -actimeleft
 output : 604176

 error: 
 retcode : 0
DEBUG 2021-11-23 16:10:27.403 UTC: 	 Proxy lifetime 604178 secs is different from voms extension lifetime 604176 secs for proxy: /tmp/x509up_u110046
DEBUG 2021-11-23 16:10:27.403 UTC: 	 Proxy valid for 167:49:36 hours
DEBUG 2021-11-23 16:10:29.042 UTC: 	 Executing : 
 command : env X509_USER_PROXY=/tmp/x509up_u110046 voms-proxy-info -fqan
 output : /cms/Role=NULL/Capability=NULL

 error: 
 retcode : 0
DEBUG 2021-11-23 16:10:29.317 UTC: 	 Registering user credentials for server /DC=ch/DC=cern/OU=computers/CN=crab-(preprod|prod|dev)-tw(02|01).cern.ch|/DC=ch/DC=cern/OU=computers/CN=stefanov(m|m2).cern.ch|/DC=ch/DC=cern/OU=computers/CN=dciangot-tw.cern.ch
DEBUG 2021-11-23 16:10:30.873 UTC: 	 Executing : 
 command : voms-proxy-info -file /tmp/x509up_u110046 -identity
 output : /DC=ch/DC=cern/OU=Organic Units/OU=Users/CN=yian/CN=826694/CN=Ying An

 error: 
 retcode : 0
DEBUG 2021-11-23 16:10:30.885 UTC: 	 Getting myproxy life time left for myproxy.cern.ch
DEBUG 2021-11-23 16:10:30.885 UTC: 	 using b52ac606a6f7097e9b4b8f05a3a67cc69f8f291b as credential login name
DEBUG 2021-11-23 16:10:31.904 UTC: 	 Executing : 
 command : myproxy-info -l b52ac606a6f7097e9b4b8f05a3a67cc69f8f291b -s myproxy.cern.ch
 output : username: b52ac606a6f7097e9b4b8f05a3a67cc69f8f291b
owner: /DC=ch/DC=cern/OU=Organic Units/OU=Users/CN=yian/CN=826694/CN=Ying An
  renewal policy: /DC=ch/DC=cern/OU=computers/CN=crab-(preprod|prod|dev)-tw(02|01).cern.ch|/DC=ch/DC=cern/OU=computers/CN=stefanov(m|m2).cern.ch|/DC=ch/DC=cern/OU=computers/CN=dciangot-tw.cern.ch
  trusted retrieval policy: /DC=ch/DC=cern/OU=computers/CN=crab-(preprod|prod|dev)-tw(02|01).cern.ch|/DC=ch/DC=cern/OU=computers/CN=stefanov(m|m2).cern.ch|/DC=ch/DC=cern/OU=computers/CN=dciangot-tw.cern.ch
  timeleft: 712:46:07  (29.7 days)

 error: 
 retcode : 0
DEBUG 2021-11-23 16:10:31.905 UTC: 	 Myproxy is valid: 2565967
DEBUG 2021-11-23 16:10:31.905 UTC: 	 Retrieving username ...
DEBUG 2021-11-23 16:10:31.905 UTC: 	 Retrieving username from CRIC...
DEBUG 2021-11-23 16:10:33.196 UTC: 	 username is yian
DEBUG 2021-11-23 16:10:33.208 UTC: 	 Getting myproxy life time left for myproxy.cern.ch
DEBUG 2021-11-23 16:10:33.208 UTC: 	 using yian_CRAB as credential login name
DEBUG 2021-11-23 16:10:33.721 UTC: 	 Executing : 
 command : myproxy-info -l yian_CRAB -s myproxy.cern.ch
 output : username: yian_CRAB
owner: /DC=ch/DC=cern/OU=Organic Units/OU=Users/CN=yian/CN=826694/CN=Ying An
  renewal policy: /DC=ch/DC=cern/OU=computers/CN=crab-(preprod|prod|dev)-tw(02|01).cern.ch|/DC=ch/DC=cern/OU=computers/CN=stefanov(m|m2).cern.ch|/DC=ch/DC=cern/OU=computers/CN=dciangot-tw.cern.ch
  trusted retrieval policy: /DC=ch/DC=cern/OU=computers/CN=crab-(preprod|prod|dev)-tw(02|01).cern.ch|/DC=ch/DC=cern/OU=computers/CN=stefanov(m|m2).cern.ch|/DC=ch/DC=cern/OU=computers/CN=dciangot-tw.cern.ch
  timeleft: 712:44:58  (29.7 days)

 error: 
 retcode : 0
DEBUG 2021-11-23 16:10:33.722 UTC: 	 Myproxy is valid: 2565898
DEBUG 2021-11-23 16:10:33.722 UTC: 	 Result of myproxy credential check:
  Credential exists on myproxy: username: b52ac606a6f7097e9b4b8f05a3a67cc69f8f291b  - validity: 29 days, 16:46:07
  Credential exists on myproxy: username: yian_CRAB  - validity: 29 days, 16:44:58
DEBUG 2021-11-23 16:10:33.722 UTC: 	 Command use: submit
DEBUG 2021-11-23 16:10:33.722 UTC: 	 Options use: ['-c', 'crabcode_2017/ST_tW_top_5f_NoFullyHadronicDecays_TuneCP5_13TeV-powheg-pythia8_2017_cfg.py']
DEBUG 2021-11-23 16:10:33.833 UTC: 	 CRABClient version: v3.210825
DEBUG 2021-11-23 16:10:33.833 UTC: 	 Instance is prod
DEBUG 2021-11-23 16:10:33.833 UTC: 	 Server base url is cmsweb.cern.ch
DEBUG 2021-11-23 16:10:33.833 UTC: 	 Command api workflow
DEBUG 2021-11-23 16:10:33.833 UTC: 	 Started submission
DEBUG 2021-11-23 16:10:33.833 UTC: 	 Working on /afs/cern.ch/work/y/yian/work/GZ/CMSSW_10_6_20/src/PhysicsTools/NanoAODTools/WWG/2017/crab/crab2017/crab_ST_tW_top_5f_NoFullyHadronicDecays_TuneCP5_13TeV-powheg-pythia8_2017
DEBUG 2021-11-23 16:10:34.800 UTC: 	 Loading required information from the environment
DEBUG 2021-11-23 16:10:34.800 UTC: 	 Found CMSSW_10_6_20 for slc7_amd64_gcc820 with base /afs/cern.ch/work/y/yian/work/GZ/CMSSW_10_6_20
DEBUG 2021-11-23 16:10:34.800 UTC: 	 Loading required information from the environment
DEBUG 2021-11-23 16:10:34.801 UTC: 	 Found CMSSW_10_6_20 for slc7_amd64_gcc820 with base /afs/cern.ch/work/y/yian/work/GZ/CMSSW_10_6_20
DEBUG 2021-11-23 16:10:34.801 UTC: 	 UNIQUE NAME: tarUUID 9123074e-6c7f-4d0c-a892-7d9f35dbc1a6 
DEBUG 2021-11-23 16:10:34.801 UTC: 	 self.config: from WMCore.Configuration import Configuration
config = Configuration()
config.section_('General')
config.General.workArea = 'crab2017'
config.General.transferLogs = False
config.General.requestName = 'ST_tW_top_5f_NoFullyHadronicDecays_TuneCP5_13TeV-powheg-pythia8_2017'
config.section_('JobType')
config.JobType.scriptArgs = ['isdata=MC', 'year=2017', 'era=B']
config.JobType.scriptExe = './WWG_crab_script.sh'
config.JobType.pluginName = 'Analysis'
config.JobType.sendPythonFolder = True
config.JobType.allowUndistributedCMSSW = True
config.JobType.psetName = 'PSet.py'
config.JobType.inputFiles = ['../../../scripts/haddnano.py', '../WWG_selector/WWG_postproc.py', '../WWG_selector/WWG_Module.py', '../WWG_selector/WWG_keep_and_drop.txt', '../WWG_selector/WWG_output_branch.txt', '../WWG_selector/DAS_filesearch.py']
config.section_('Data')
config.Data.inputDataset = '/ST_tW_top_5f_NoFullyHadronicDecays_TuneCP5_13TeV-powheg-pythia8/RunIISummer20UL17NanoAODv9-106X_mc2017_realistic_v9-v1/NANOAODSIM'
config.Data.allowNonValidInputDataset = True
config.Data.publication = False
config.Data.unitsPerJob = 1
config.Data.ignoreLocality = True
config.Data.inputDBS = 'global'
config.Data.splitting = 'FileBased'
config.Data.outputDatasetTag = 'ST_tW_top_5f_NoFullyHadronicDecays_TuneCP5_13TeV-powheg-pythia8_2017'
config.section_('Site')
config.Site.whitelist = ['T2_US_MIT', 'T2_US_Wisconsin', 'T2_US_Purdue', 'T2_US_UCSD', 'T2_US_Caltech', 'T2_US_Nebraska']
config.Site.storageSite = 'T2_CH_CERN'

DEBUG 2021-11-23 16:10:34.801 UTC: 	 self.config.JobType.psetName: PSet.py
INFO 2021-11-23 16:10:34.801 UTC: 	 Importing CMSSW configuration PSet.py
INFO 2021-11-23 16:10:46.550 UTC: 	 Finished importing CMSSW configuration PSet.py
DEBUG 2021-11-23 16:10:46.550 UTC: 	 Writing CMSSW configuration to /afs/cern.ch/work/y/yian/work/GZ/CMSSW_10_6_20/src/PhysicsTools/NanoAODTools/WWG/2017/crab/crab2017/crab_ST_tW_top_5f_NoFullyHadronicDecays_TuneCP5_13TeV-powheg-pythia8_2017/inputs/PSet.py
DEBUG 2021-11-23 16:10:46.866 UTC: 	 The following EDM output files will be collected: ['tree.root']
DEBUG 2021-11-23 16:10:46.866 UTC: 	 The following TFile output files will be collected: []
DEBUG 2021-11-23 16:10:46.866 UTC: 	 The following user output files (not listed as PoolOuputModule or TFileService in the CMSSW PSet) will be collected: 
DEBUG 2021-11-23 16:10:46.866 UTC: 	 Loading required information from the environment
DEBUG 2021-11-23 16:10:46.867 UTC: 	 Found CMSSW_10_6_20 for slc7_amd64_gcc820 with base /afs/cern.ch/work/y/yian/work/GZ/CMSSW_10_6_20
DEBUG 2021-11-23 16:10:46.867 UTC: 	 Making tarball in /afs/cern.ch/work/y/yian/work/GZ/CMSSW_10_6_20/src/PhysicsTools/NanoAODTools/WWG/2017/crab/crab2017/crab_ST_tW_top_5f_NoFullyHadronicDecays_TuneCP5_13TeV-powheg-pythia8_2017/inputs/9123074e-6c7f-4d0c-a892-7d9f35dbc1a6default.tgz
DEBUG 2021-11-23 16:10:46.907 UTC: 	 Checking directory /afs/cern.ch/work/y/yian/work/GZ/CMSSW_10_6_20/lib
DEBUG 2021-11-23 16:10:46.909 UTC: 	 Adding directory /afs/cern.ch/work/y/yian/work/GZ/CMSSW_10_6_20/lib to tarball
DEBUG 2021-11-23 16:10:47.668 UTC: 	 Checking directory /afs/cern.ch/work/y/yian/work/GZ/CMSSW_10_6_20/biglib
DEBUG 2021-11-23 16:10:47.668 UTC: 	 Adding directory /afs/cern.ch/work/y/yian/work/GZ/CMSSW_10_6_20/biglib to tarball
DEBUG 2021-11-23 16:10:47.669 UTC: 	 Checking directory /afs/cern.ch/work/y/yian/work/GZ/CMSSW_10_6_20/module
DEBUG 2021-11-23 16:10:47.669 UTC: 	 Checking directory /afs/cern.ch/work/y/yian/work/GZ/CMSSW_10_6_20/python
DEBUG 2021-11-23 16:10:47.669 UTC: 	 Adding directory /afs/cern.ch/work/y/yian/work/GZ/CMSSW_10_6_20/python to tarball
DEBUG 2021-11-23 16:10:54.287 UTC: 	 Checking directory /afs/cern.ch/work/y/yian/work/GZ/CMSSW_10_6_20/cfipython
DEBUG 2021-11-23 16:10:54.287 UTC: 	 Adding directory /afs/cern.ch/work/y/yian/work/GZ/CMSSW_10_6_20/cfipython to tarball
DEBUG 2021-11-23 16:11:01.361 UTC: 	 Adding data directory /afs/cern.ch/work/y/yian/work/GZ/CMSSW_10_6_20/src/PhysicsTools/NanoAODTools/data to tarball
DEBUG 2021-11-23 16:11:38.790 UTC: 	 Adding data directory /afs/cern.ch/work/y/yian/work/GZ/CMSSW_10_6_20/src/PhysicsTools/NanoAODTools/interface to tarball
DEBUG 2021-11-23 16:11:38.804 UTC: 	 Adding data directory /afs/cern.ch/work/y/yian/work/GZ/CMSSW_10_6_20/src/PhysicsTools/NanoAODTools/python/postprocessing/data to tarball
DEBUG 2021-11-23 16:11:41.570 UTC: 	 Adding file ../../../scripts/haddnano.py to tarball
DEBUG 2021-11-23 16:11:41.588 UTC: 	 Adding file ../WWG_selector/WWG_postproc.py to tarball
DEBUG 2021-11-23 16:11:41.593 UTC: 	 Adding file ../WWG_selector/WWG_Module.py to tarball
DEBUG 2021-11-23 16:11:41.629 UTC: 	 Adding file ../WWG_selector/WWG_keep_and_drop.txt to tarball
DEBUG 2021-11-23 16:11:41.634 UTC: 	 Adding file ../WWG_selector/WWG_output_branch.txt to tarball
DEBUG 2021-11-23 16:11:41.635 UTC: 	 Adding file ../WWG_selector/DAS_filesearch.py to tarball
DEBUG 2021-11-23 16:11:55.166 UTC: 	 Uploading archive /afs/cern.ch/work/y/yian/work/GZ/CMSSW_10_6_20/src/PhysicsTools/NanoAODTools/WWG/2017/crab/crab2017/crab_ST_tW_top_5f_NoFullyHadronicDecays_TuneCP5_13TeV-powheg-pythia8_2017/inputs/9123074e-6c7f-4d0c-a892-7d9f35dbc1a6default.tgz (94 MB) to the CRAB cache. Using URI https://cmsweb.cern.ch/S3/crabcache_prod
DEBUG 2021-11-23 16:12:27.082 UTC: 	 sandbox 39bc3010d7ba2374684857ed42fc86481bae0161e7f8c7d93f5c25e342929c09.tar.gz is already in the S3 store, will not upload again
DEBUG 2021-11-23 16:12:27.083 UTC: 	 Loading required information from the environment
DEBUG 2021-11-23 16:12:27.083 UTC: 	 Found CMSSW_10_6_20 for slc7_amd64_gcc820 with base /afs/cern.ch/work/y/yian/work/GZ/CMSSW_10_6_20
DEBUG 2021-11-23 16:12:27.083 UTC: 	 Making tarball in /afs/cern.ch/work/y/yian/work/GZ/CMSSW_10_6_20/src/PhysicsTools/NanoAODTools/WWG/2017/crab/crab2017/crab_ST_tW_top_5f_NoFullyHadronicDecays_TuneCP5_13TeV-powheg-pythia8_2017/inputs/debugFiles.tgz
DEBUG 2021-11-23 16:12:27.174 UTC: 	 Uploading archive /afs/cern.ch/work/y/yian/work/GZ/CMSSW_10_6_20/src/PhysicsTools/NanoAODTools/WWG/2017/crab/crab2017/crab_ST_tW_top_5f_NoFullyHadronicDecays_TuneCP5_13TeV-powheg-pythia8_2017/inputs/debugFiles.tgz (1 KB) to the CRAB cache. Using URI https://cmsweb.cern.ch/S3/crabcache_prod
DEBUG 2021-11-23 16:12:27.359 UTC: 	 sandbox 055bddad0441c2a738495a588cf5419251c274c1234ae796edcc672c2d32f841.tar.gz is already in the S3 store, will not upload again
DEBUG 2021-11-23 16:12:27.359 UTC: 	 Result uploading input files: 39bc3010d7ba2374684857ed42fc86481bae0161e7f8c7d93f5c25e342929c09.tar.gz 
INFO 2021-11-23 16:12:27.359 UTC: 	 Sending the request to the server at cmsweb.cern.ch
DEBUG 2021-11-23 16:12:27.359 UTC: 	 Submitting {'maxjobruntime': 1250, 'extrajdl': [], 'ignorelocality': 1, 'savelogsflag': 0, 'useparent': 0, 'scriptexe': 'WWG_crab_script.sh', 'asyncdest': 'T2_CH_CERN', 'algoargs': 1, 'cachefilename': '39bc3010d7ba2374684857ed42fc86481bae0161e7f8c7d93f5c25e342929c09.tar.gz', 'numcores': 1, 'addoutputfiles': [], 'generator': 'pythia', 'maxmemory': 2000, 'publishdbsurl': 'https://cmsweb.cern.ch/dbs/prod/phys03/DBSWriter', 'priority': 10, 'jobsw': 'CMSSW_10_6_20', 'edmoutfiles': ['tree.root'], 'userfiles': [], 'primarydataset': '', 'inputdata': '/ST_tW_top_5f_NoFullyHadronicDecays_TuneCP5_13TeV-powheg-pythia8/RunIISummer20UL17NanoAODv9-106X_mc2017_realistic_v9-v1/NANOAODSIM', 'dryrun': 0, 'workflow': 'crab_ST_tW_top_5f_NoFullyHadronicDecays_TuneCP5_13TeV-powheg-pythia8_2017', 'scriptargs': ['isdata=MC', 'year=2017', 'era=B'], 'sitewhitelist': ['T2_US_MIT', 'T2_US_Wisconsin', 'T2_US_Purdue', 'T2_US_UCSD', 'T2_US_Caltech', 'T2_US_Nebraska'], 'nonprodsw': 1, 'tfileoutfiles': [], 'oneEventMode': 0, 'debugfilename': '055bddad0441c2a738495a588cf5419251c274c1234ae796edcc672c2d32f841.tar.gz', 'cacheurl': u'https://cmsweb.cern.ch/S3/crabcache_prod', 'saveoutput': 1, 'publication': 0, 'jobarch': 'slc7_amd64_gcc820', 'totalunits': 0, 'splitalgo': 'FileBased', 'ignoreglobalblacklist': 0, 'nonvaliddata': 1, 'dbsurl': 'https://cmsweb.cern.ch/dbs/prod/global/DBSReader', 'publishgroupname': 0, 'jobtype': 'Analysis', 'publishname2': 'ST_tW_top_5f_NoFullyHadronicDecays_TuneCP5_13TeV-powheg-pythia8_2017'} 
DEBUG 2021-11-23 16:12:27.359 UTC: 	 Encoded submit request: maxjobruntime=1250&ignorelocality=1&savelogsflag=0&useparent=0&scriptexe=WWG_crab_script.sh&asyncdest=T2_CH_CERN&algoargs=1&cachefilename=39bc3010d7ba2374684857ed42fc86481bae0161e7f8c7d93f5c25e342929c09.tar.gz&numcores=1&generator=pythia&maxmemory=2000&publishdbsurl=https%3A%2F%2Fcmsweb.cern.ch%2Fdbs%2Fprod%2Fphys03%2FDBSWriter&priority=10&jobsw=CMSSW_10_6_20&primarydataset=&inputdata=%2FST_tW_top_5f_NoFullyHadronicDecays_TuneCP5_13TeV-powheg-pythia8%2FRunIISummer20UL17NanoAODv9-106X_mc2017_realistic_v9-v1%2FNANOAODSIM&dryrun=0&workflow=crab_ST_tW_top_5f_NoFullyHadronicDecays_TuneCP5_13TeV-powheg-pythia8_2017&nonprodsw=1&oneEventMode=0&debugfilename=055bddad0441c2a738495a588cf5419251c274c1234ae796edcc672c2d32f841.tar.gz&cacheurl=https%3A%2F%2Fcmsweb.cern.ch%2FS3%2Fcrabcache_prod&saveoutput=1&publication=0&jobarch=slc7_amd64_gcc820&totalunits=0&splitalgo=FileBased&ignoreglobalblacklist=0&nonvaliddata=1&dbsurl=https%3A%2F%2Fcmsweb.cern.ch%2Fdbs%2Fprod%2Fglobal%2FDBSReader&publishgroupname=0&jobtype=Analysis&publishname2=ST_tW_top_5f_NoFullyHadronicDecays_TuneCP5_13TeV-powheg-pythia8_2017&sitewhitelist=T2_US_MIT&sitewhitelist=T2_US_Wisconsin&sitewhitelist=T2_US_Purdue&sitewhitelist=T2_US_UCSD&sitewhitelist=T2_US_Caltech&sitewhitelist=T2_US_Nebraska&edmoutfiles=tree.root&scriptargs=isdata%3DMC&scriptargs=year%3D2017&scriptargs=era%3DB
DEBUG 2021-11-23 16:12:27.511 UTC: 	 Result: {u'result': [{u'RequestName': u'211123_161227:yian_crab_ST_tW_top_5f_NoFullyHadronicDecays_TuneCP5_13TeV-powheg-pythia8_2017'}]}
INFO 2021-11-23 16:12:27.632 UTC: 	 Success: Your task has been delivered to the prod CRAB3 server.
INFO 2021-11-23 16:12:27.632 UTC: 	 Task name: 211123_161227:yian_crab_ST_tW_top_5f_NoFullyHadronicDecays_TuneCP5_13TeV-powheg-pythia8_2017
INFO 2021-11-23 16:12:27.632 UTC: 	 Project dir: crab2017/crab_ST_tW_top_5f_NoFullyHadronicDecays_TuneCP5_13TeV-powheg-pythia8_2017
INFO 2021-11-23 16:12:27.632 UTC: 	 Please use ' crab status -d crab2017/crab_ST_tW_top_5f_NoFullyHadronicDecays_TuneCP5_13TeV-powheg-pythia8_2017 ' to check how the submission process proceeds.
DEBUG 2021-11-23 16:12:27.633 UTC: 	 About to return
INFO 2021-11-23 16:12:27.635 UTC: 	 Log file is /afs/cern.ch/work/y/yian/work/GZ/CMSSW_10_6_20/src/PhysicsTools/NanoAODTools/WWG/2017/crab/crab2017/crab_ST_tW_top_5f_NoFullyHadronicDecays_TuneCP5_13TeV-powheg-pythia8_2017/crab.log
DEBUG 2021-11-24 04:48:47.333 UTC: 	 CRAB Client version: v3.210825
DEBUG 2021-11-24 04:48:47.333 UTC: 	 Running on: Linux lxplus772.cern.ch 3.10.0-1160.45.1.el7.x86_64 #1 SMP Wed Oct 13 17:20:51 UTC 2021 x86_64 x86_64 x86_64 GNU/Linux - CentOS Linux 7 (Core)
DEBUG 2021-11-24 04:48:47.333 UTC: 	 Executing command: 'status'
DEBUG 2021-11-24 04:48:47.335 UTC: 	 Found CRAB cache file /afs/cern.ch/user/y/yian/.crab3
DEBUG 2021-11-24 04:48:47.470 UTC: 	 Checking credentials
DEBUG 2021-11-24 04:48:47.470 UTC: 	 Found proxy file /tmp/x509up_u110046
DEBUG 2021-11-24 04:48:47.470 UTC: 	 Getting proxy life time left
DEBUG 2021-11-24 04:48:48.186 UTC: 	 Executing : 
 command : voms-proxy-info -file /tmp/x509up_u110046 -timeleft
 output : 558675

 error: 
 retcode : 0
DEBUG 2021-11-24 04:48:48.897 UTC: 	 Executing : 
 command : voms-proxy-info -file /tmp/x509up_u110046 -actimeleft
 output : 558675

 error: 
 retcode : 0
DEBUG 2021-11-24 04:48:48.897 UTC: 	 Proxy valid for 155:11:15 hours
DEBUG 2021-11-24 04:48:49.017 UTC: 	 Registering user credentials for server /DC=ch/DC=cern/OU=computers/CN=crab-(preprod|prod|dev)-tw(02|01).cern.ch|/DC=ch/DC=cern/OU=computers/CN=stefanov(m|m2).cern.ch|/DC=ch/DC=cern/OU=computers/CN=dciangot-tw.cern.ch
DEBUG 2021-11-24 04:48:49.730 UTC: 	 Executing : 
 command : voms-proxy-info -file /tmp/x509up_u110046 -identity
 output : /DC=ch/DC=cern/OU=Organic Units/OU=Users/CN=yian/CN=826694/CN=Ying An

 error: 
 retcode : 0
DEBUG 2021-11-24 04:48:49.740 UTC: 	 Getting myproxy life time left for myproxy.cern.ch
DEBUG 2021-11-24 04:48:49.740 UTC: 	 using b52ac606a6f7097e9b4b8f05a3a67cc69f8f291b as credential login name
DEBUG 2021-11-24 04:48:50.045 UTC: 	 Executing : 
 command : myproxy-info -l b52ac606a6f7097e9b4b8f05a3a67cc69f8f291b -s myproxy.cern.ch
 output : username: b52ac606a6f7097e9b4b8f05a3a67cc69f8f291b
owner: /DC=ch/DC=cern/OU=Organic Units/OU=Users/CN=yian/CN=826694/CN=Ying An
  renewal policy: /DC=ch/DC=cern/OU=computers/CN=crab-(preprod|prod|dev)-tw(02|01).cern.ch|/DC=ch/DC=cern/OU=computers/CN=stefanov(m|m2).cern.ch|/DC=ch/DC=cern/OU=computers/CN=dciangot-tw.cern.ch
  trusted retrieval policy: /DC=ch/DC=cern/OU=computers/CN=crab-(preprod|prod|dev)-tw(02|01).cern.ch|/DC=ch/DC=cern/OU=computers/CN=stefanov(m|m2).cern.ch|/DC=ch/DC=cern/OU=computers/CN=dciangot-tw.cern.ch
  timeleft: 700:07:48  (29.2 days)

 error: 
 retcode : 0
DEBUG 2021-11-24 04:48:50.046 UTC: 	 Myproxy is valid: 2520468
DEBUG 2021-11-24 04:48:50.047 UTC: 	 Retrieving username ...
DEBUG 2021-11-24 04:48:50.047 UTC: 	 Retrieving username from CRIC...
DEBUG 2021-11-24 04:48:50.785 UTC: 	 username is yian
DEBUG 2021-11-24 04:48:50.792 UTC: 	 Getting myproxy life time left for myproxy.cern.ch
DEBUG 2021-11-24 04:48:50.792 UTC: 	 using yian_CRAB as credential login name
DEBUG 2021-11-24 04:48:51.096 UTC: 	 Executing : 
 command : myproxy-info -l yian_CRAB -s myproxy.cern.ch
 output : username: yian_CRAB
owner: /DC=ch/DC=cern/OU=Organic Units/OU=Users/CN=yian/CN=826694/CN=Ying An
  renewal policy: /DC=ch/DC=cern/OU=computers/CN=crab-(preprod|prod|dev)-tw(02|01).cern.ch|/DC=ch/DC=cern/OU=computers/CN=stefanov(m|m2).cern.ch|/DC=ch/DC=cern/OU=computers/CN=dciangot-tw.cern.ch
  trusted retrieval policy: /DC=ch/DC=cern/OU=computers/CN=crab-(preprod|prod|dev)-tw(02|01).cern.ch|/DC=ch/DC=cern/OU=computers/CN=stefanov(m|m2).cern.ch|/DC=ch/DC=cern/OU=computers/CN=dciangot-tw.cern.ch
  timeleft: 700:06:40  (29.2 days)

 error: 
 retcode : 0
DEBUG 2021-11-24 04:48:51.097 UTC: 	 Myproxy is valid: 2520400
DEBUG 2021-11-24 04:48:51.097 UTC: 	 Result of myproxy credential check:
  Credential exists on myproxy: username: b52ac606a6f7097e9b4b8f05a3a67cc69f8f291b  - validity: 29 days, 4:07:48
  Credential exists on myproxy: username: yian_CRAB  - validity: 29 days, 4:06:40
DEBUG 2021-11-24 04:48:51.098 UTC: 	 Command use: status
DEBUG 2021-11-24 04:48:51.098 UTC: 	 Options use: ['-d', 'crab2017/crab_ST_tW_top_5f_NoFullyHadronicDecays_TuneCP5_13TeV-powheg-pythia8_2017']
DEBUG 2021-11-24 04:48:51.207 UTC: 	 CRABClient version: v3.210825
DEBUG 2021-11-24 04:48:51.207 UTC: 	 Instance is prod
DEBUG 2021-11-24 04:48:51.207 UTC: 	 Server base url is cmsweb.cern.ch
DEBUG 2021-11-24 04:48:51.207 UTC: 	 Command api workflow
DEBUG 2021-11-24 04:48:51.293 UTC: 	 Got information from server oracle database: {u'result': [u'211123_161227:yian_crab_ST_tW_top_5f_NoFullyHadronicDecays_TuneCP5_13TeV-powheg-pythia8_2017', u'None', u'None', u'SUBMITTED', u'SUBMIT', u'2021-11-23 16:12:27.499599', u'None', u'2021-11-23 16:13:05.953899', u'None', u'CMSSW_10_6_20', u'slc7_amd64_gcc820', u'/ST_tW_top_5f_NoFullyHadronicDecays_TuneCP5_13TeV-powheg-pythia8/RunIISummer20UL17NanoAODv9-106X_mc2017_realistic_v9-v1/NANOAODSIM', u'T', u'0', u"[u'T2_US_UCSD', u'T2_US_Wisconsin', u'T2_US_MIT', u'T2_US_Caltech', u'T2_US_Purdue', u'T2_US_Nebraska']", u'[]', u'FileBased', u"{'splitOnRun': False, 'halt_job_on_file_boundaries': False, 'files_per_job': 1, 'runs': [], 'lumis': []}", u'39bc3010d7ba2374684857ed42fc86481bae0161e7f8c7d93f5c25e342929c09.tar.gz', u'https://cmsweb.cern.ch/S3/crabcache_prod', u'yian', u'/DC=ch/DC=cern/OU=Organic Units/OU=Users/CN=yian/CN=826694/CN=Ying An', u'cms', u'None', u'None', u'ST_tW_top_5f_NoFullyHadronicDecays_TuneCP5_13TeV-powheg-pythia8_2017-00000000000000000000000000000000', u'F', u'T2_CH_CERN', u'https://cmsweb.cern.ch/dbs/prod/global/DBSReader', u'https://cmsweb.cern.ch/dbs/prod/phys03/DBSWriter', u'F', u'[]', u'[]', u"[b'tree.root']", u'Analysis', u'pythia', u'None', u'{}', u'[]', u'F', u'crab-prod-tw01', u'[]', u'1250', u'1', u'2000', u'10', u"['/ST_tW_top_5f_NoFullyHadronicDecays_TuneCP5_13TeV-powheg-pythia8/yian-ST_tW_top_5f_NoFullyHadronicDecays_TuneCP5_13TeV-powheg-pythia8_2017-76de701442013e6ff941c86cd482e64d/USER']", u'[]', u'http://vocms0195.cern.ch/mon/cms1407/211123_161227:yian_crab_ST_tW_top_5f_NoFullyHadronicDecays_TuneCP5_13TeV-powheg-pythia8_2017', u'WWG_crab_script.sh', u"[b'isdata=MC', b'year=2017', b'era=B']", u'[]', u'https://cmsweb.cern.ch/crabserver/prod', u'cmsgwms-collector-global.cern.ch:9620,cmsgwms-collector-global.fnal.gov:9620', u'crab3@vocms0195.cern.ch', u'F', u'[]', u'T', u'/store/user/yian/', u'T', u'None', u'F', u'None', u'ST_tW_top_5f_NoFullyHadronicDecays_TuneCP5_13TeV-powheg-pythia8', u'None', u'055bddad0441c2a738495a588cf5419251c274c1234ae796edcc672c2d32f841.tar.gz', u'70346913', u'filetransfers', u'F', u'188.184.97.219', u'0.0', u'None'], u'desc': {u'columns': [u'tm_taskname', u'tm_activity', u'panda_jobset_id', u'tm_task_status', u'tm_task_command', u'tm_start_time', u'tm_start_injection', u'tm_end_injection', u'tm_task_failure', u'tm_job_sw', u'tm_job_arch', u'tm_input_dataset', u'tm_nonvalid_input_dataset', u'tm_use_parent', u'tm_site_whitelist', u'tm_site_blacklist', u'tm_split_algo', u'tm_split_args', u'tm_user_sandbox', u'tm_cache_url', u'tm_username', u'tm_user_dn', u'tm_user_vo', u'tm_user_role', u'tm_user_group', u'tm_publish_name', u'tm_publish_groupname', u'tm_asyncdest', u'tm_dbs_url', u'tm_publish_dbs_url', u'tm_publication', u'tm_outfiles', u'tm_tfile_outfiles', u'tm_edm_outfiles', u'tm_job_type', u'tm_generator', u'tm_events_per_lumi', u'tm_arguments', u'panda_resubmitted_jobs', u'tm_save_logs', u'tw_name', u'tm_user_infiles', u'tm_maxjobruntime', u'tm_numcores', u'tm_maxmemory', u'tm_priority', u'tm_output_dataset', u'tm_task_warnings', u'tm_user_webdir', u'tm_scriptexe', u'tm_scriptargs', u'tm_extrajdl', u'tm_asourl', u'tm_collector', u'tm_schedd', u'tm_dry_run', u'tm_user_files', u'tm_transfer_outputs', u'tm_output_lfn', u'tm_ignore_locality', u'tm_fail_limit', u'tm_one_event_mode', u'tm_secondary_input_dataset', u'tm_primary_dataset', u'tm_last_publication', u'tm_debug_files', u'clusterid', u'tm_asodb', u'tm_ignore_global_blacklist', u'tm_submitter_ip_addr', u'tm_totalunits', u'tm_ddm_reqid']}}
INFO 2021-11-24 04:48:51.293 UTC: 	 CRAB project directory:		/afs/cern.ch/work/y/yian/work/GZ/CMSSW_10_6_20/src/PhysicsTools/NanoAODTools/WWG/2017/crab/crab2017/crab_ST_tW_top_5f_NoFullyHadronicDecays_TuneCP5_13TeV-powheg-pythia8_2017
INFO 2021-11-24 04:48:51.294 UTC: 	 Task name:			211123_161227:yian_crab_ST_tW_top_5f_NoFullyHadronicDecays_TuneCP5_13TeV-powheg-pythia8_2017
INFO 2021-11-24 04:48:51.294 UTC: 	 Grid scheduler - Task Worker:	crab3@vocms0195.cern.ch - crab-prod-tw01
INFO 2021-11-24 04:48:51.294 UTC: 	 Status on the CRAB server:	SUBMITTED
INFO 2021-11-24 04:48:51.294 UTC: 	 Task URL to use for HELP:	https://cmsweb.cern.ch/crabserver/ui/task/211123_161227%3Ayian_crab_ST_tW_top_5f_NoFullyHadronicDecays_TuneCP5_13TeV-powheg-pythia8_2017
INFO 2021-11-24 04:48:51.297 UTC: 	 Dashboard monitoring URL:	https://monit-grafana.cern.ch/d/cmsTMDetail/cms-task-monitoring-task-view?orgId=11&var-user=yian&var-task=211123_161227%3Ayian_crab_ST_tW_top_5f_NoFullyHadronicDecays_TuneCP5_13TeV-powheg-pythia8_2017&from=1637680347000&to=now
DEBUG 2021-11-24 04:48:51.297 UTC: 	 The CRAB server submitted your task to the Grid scheduler (cluster ID: 70346913)
DEBUG 2021-11-24 04:48:51.297 UTC: 	 Webdir is located at http://vocms0195.cern.ch/mon/cms1407/211123_161227:yian_crab_ST_tW_top_5f_NoFullyHadronicDecays_TuneCP5_13TeV-powheg-pythia8_2017
DEBUG 2021-11-24 04:48:51.348 UTC: 	 Proxied webdir is located at https://cmsweb.cern.ch:8443/scheddmon/0195/cms1407/211123_161227:yian_crab_ST_tW_top_5f_NoFullyHadronicDecays_TuneCP5_13TeV-powheg-pythia8_2017
DEBUG 2021-11-24 04:48:51.348 UTC: 	 Retrieving 'status_cache' file from https://cmsweb.cern.ch:8443/scheddmon/0195/cms1407/211123_161227:yian_crab_ST_tW_top_5f_NoFullyHadronicDecays_TuneCP5_13TeV-powheg-pythia8_2017/status_cache
DEBUG 2021-11-24 04:48:51.457 UTC: 	 Got information from status cache file: {'11': {'Retries': 0, 'WallDurations': [9.0, 251.35247802734375, 2998.0], 'StartTimes': [1637697934.0], 'SubmitTimes': [1637683997.0], 'JobIds': ['70346925.0'], 'EndTimes': [1637700932.0], 'Restarts': 0, 'RecordedSite': True, 'State': 'finished', 'ResidentSetSize': [1370460], 'TotalUserCpuTimeHistory': [1201], 'SiteHistory': ['Unknown', 'T2_US_MIT', 'T2_US_MIT'], 'TotalSysCpuTimeHistory': [33]}, '10': {'Retries': 0, 'WallDurations': [8.0, 247.35247802734375, 31260.0], 'StartTimes': [1637697938.0], 'SubmitTimes': [1637683997.0], 'JobIds': ['70346924.0'], 'EndTimes': [], 'Restarts': 0, 'RecordedSite': True, 'State': 'running', 'ResidentSetSize': [1447572], 'TotalUserCpuTimeHistory': [4261.0], 'SiteHistory': ['Unknown', 'T2_US_UCSD', 'T2_US_UCSD'], 'TotalSysCpuTimeHistory': [275.0]}, '13': {'Retries': 0, 'WallDurations': [8.0, 251.35247802734375, 11401.0], 'StartTimes': [1637697934.0], 'SubmitTimes': [1637683997.0], 'JobIds': ['70346927.0'], 'EndTimes': [1637709335.0], 'Restarts': 0, 'RecordedSite': True, 'State': 'finished', 'ResidentSetSize': [1432624], 'TotalUserCpuTimeHistory': [2108], 'SiteHistory': ['Unknown', 'T2_US_MIT', 'T2_US_MIT'], 'TotalSysCpuTimeHistory': [85]}, '12': {'Retries': 0, 'WallDurations': [9.0, 248.35247802734375, 30971.0], 'StartTimes': [1637697937.0], 'SubmitTimes': [1637683997.0], 'JobIds': ['70346926.0'], 'EndTimes': [], 'Restarts': 0, 'RecordedSite': True, 'State': 'running', 'ResidentSetSize': [1468900], 'TotalUserCpuTimeHistory': [8831.0], 'SiteHistory': ['Unknown', 'T2_US_MIT', 'T2_US_MIT'], 'TotalSysCpuTimeHistory': [511.0]}, '15': {'Retries': 0, 'WallDurations': [9.0, 225.35247802734375, 30980.0], 'StartTimes': [1637697960.0], 'SubmitTimes': [1637683998.0], 'JobIds': ['70346929.0'], 'EndTimes': [], 'Restarts': 0, 'RecordedSite': True, 'State': 'running', 'ResidentSetSize': [1491724], 'TotalUserCpuTimeHistory': [11096.0], 'SiteHistory': ['Unknown', 'T2_US_UCSD', 'T2_US_UCSD'], 'TotalSysCpuTimeHistory': [663.0]}, '14': {'Retries': 0, 'WallDurations': [9.0, 242.35247802734375, 30359.0], 'StartTimes': [1637697943.0], 'SubmitTimes': [1637683998.0], 'JobIds': ['70346928.0'], 'EndTimes': [], 'Restarts': 0, 'RecordedSite': True, 'State': 'running', 'ResidentSetSize': [1490832], 'TotalUserCpuTimeHistory': [4283.0], 'SiteHistory': ['Unknown', 'T2_US_UCSD', 'T2_US_UCSD'], 'TotalSysCpuTimeHistory': [281.0]}, '17': {'Retries': 0, 'WallDurations': [10.0, 234.35247802734375, 30973.0], 'StartTimes': [1637697951.0], 'SubmitTimes': [1637683998.0], 'JobIds': ['70346931.0'], 'EndTimes': [], 'Restarts': 0, 'RecordedSite': True, 'State': 'running', 'ResidentSetSize': [1498384], 'TotalUserCpuTimeHistory': [7595.0], 'SiteHistory': ['Unknown', 'T2_US_MIT', 'T2_US_MIT'], 'TotalSysCpuTimeHistory': [454.0]}, '16': {'Retries': 0, 'WallDurations': [8.0, 250.35247802734375, 7091.0], 'StartTimes': [1637697935.0], 'SubmitTimes': [1637683998.0], 'JobIds': ['70346930.0'], 'EndTimes': [1637705026.0], 'Restarts': 0, 'RecordedSite': True, 'State': 'finished', 'ResidentSetSize': [1387012], 'TotalUserCpuTimeHistory': [1918], 'SiteHistory': ['Unknown', 'T2_US_MIT', 'T2_US_MIT'], 'TotalSysCpuTimeHistory': [91]}, '19': {'Retries': 0, 'WallDurations': [9.0, 236.35247802734375, 1667.0], 'StartTimes': [1637697949.0], 'SubmitTimes': [1637683999.0], 'JobIds': ['70346933.0'], 'EndTimes': [1637699616.0], 'Restarts': 0, 'RecordedSite': True, 'State': 'finished', 'ResidentSetSize': [1378104], 'TotalUserCpuTimeHistory': [869], 'SiteHistory': ['Unknown', 'T2_US_UCSD', 'T2_US_UCSD'], 'TotalSysCpuTimeHistory': [13]}, '18': {'Retries': 0, 'WallDurations': [9.0, 246.35247802734375, 4455.0], 'StartTimes': [1637697939.0], 'SubmitTimes': [1637683998.0], 'JobIds': ['70346932.0'], 'EndTimes': [1637702394.0], 'Restarts': 0, 'RecordedSite': True, 'State': 'finished', 'ResidentSetSize': [1456500], 'TotalUserCpuTimeHistory': [4107], 'SiteHistory': ['Unknown', 'T2_US_MIT', 'T2_US_MIT'], 'TotalSysCpuTimeHistory': [205]}, '1': {'Retries': 0, 'WallDurations': [9.0, 231.35247802734375, 4809.0], 'StartTimes': [1637697954.0], 'SubmitTimes': [1637683991.0], 'JobIds': ['70346915.0'], 'EndTimes': [1637702763.0], 'Restarts': 0, 'RecordedSite': True, 'State': 'finished', 'ResidentSetSize': [1433752], 'TotalUserCpuTimeHistory': [1689], 'SiteHistory': ['Unknown', 'T2_US_MIT', 'T2_US_MIT'], 'TotalSysCpuTimeHistory': [63]}, '3': {'Retries': 0, 'WallDurations': [9.0, 239.35247802734375, 5010.0], 'StartTimes': [1637697946.0], 'SubmitTimes': [1637683991.0], 'JobIds': ['70346917.0'], 'EndTimes': [1637702956.0], 'Restarts': 0, 'RecordedSite': True, 'State': 'finished', 'ResidentSetSize': [1389864], 'TotalUserCpuTimeHistory': [1291], 'SiteHistory': ['Unknown', 'T2_US_UCSD', 'T2_US_UCSD'], 'TotalSysCpuTimeHistory': [50]}, '2': {'Retries': 0, 'WallDurations': [8.0, 227.35247802734375, 25257.0], 'StartTimes': [1637697958.0], 'SubmitTimes': [1637683991.0], 'JobIds': ['70346916.0'], 'EndTimes': [1637723215.0], 'Restarts': 0, 'RecordedSite': True, 'State': 'finished', 'ResidentSetSize': [1543384], 'TotalUserCpuTimeHistory': [9063], 'SiteHistory': ['Unknown', 'T2_US_UCSD', 'T2_US_UCSD'], 'TotalSysCpuTimeHistory': [512]}, '5': {'Retries': 0, 'WallDurations': [10.0, 222.35247802734375, 7975.0], 'StartTimes': [1637697963.0], 'SubmitTimes': [1637683991.0], 'JobIds': ['70346919.0'], 'EndTimes': [1637705938.0], 'Restarts': 0, 'RecordedSite': True, 'State': 'finished', 'ResidentSetSize': [1389240], 'TotalUserCpuTimeHistory': [1722], 'SiteHistory': ['Unknown', 'T2_US_UCSD', 'T2_US_UCSD'], 'TotalSysCpuTimeHistory': [81]}, '4': {'Retries': 0, 'WallDurations': [9.0, 248.35247802734375, 8780.0], 'StartTimes': [1637697937.0], 'SubmitTimes': [1637683991.0], 'JobIds': ['70346918.0'], 'EndTimes': [1637706717.0], 'Restarts': 0, 'RecordedSite': True, 'State': 'finished', 'ResidentSetSize': [1450732], 'TotalUserCpuTimeHistory': [1886], 'SiteHistory': ['Unknown', 'T2_US_MIT', 'T2_US_MIT'], 'TotalSysCpuTimeHistory': [69]}, '7': {'Retries': 0, 'WallDurations': [9.0, 248.35247802734375, 30969.0], 'StartTimes': [1637697937.0], 'SubmitTimes': [1637683991.0], 'JobIds': ['70346921.0'], 'EndTimes': [], 'Restarts': 0, 'RecordedSite': True, 'State': 'running', 'ResidentSetSize': [1397040], 'TotalUserCpuTimeHistory': [2102.0], 'SiteHistory': ['Unknown', 'T2_US_MIT', 'T2_US_MIT'], 'TotalSysCpuTimeHistory': [79.0]}, '6': {'Retries': 0, 'WallDurations': [9.0, 252.35247802734375, 1743.0], 'StartTimes': [1637697933.0], 'SubmitTimes': [1637683991.0], 'JobIds': ['70346920.0'], 'EndTimes': [1637699676.0], 'Restarts': 0, 'RecordedSite': True, 'State': 'finished', 'ResidentSetSize': [1426200], 'TotalUserCpuTimeHistory': [1594], 'SiteHistory': ['Unknown', 'T2_US_MIT', 'T2_US_MIT'], 'TotalSysCpuTimeHistory': [61]}, '9': {'Retries': 0, 'WallDurations': [9.0, 252.35247802734375, 14802.0], 'StartTimes': [1637697933.0], 'SubmitTimes': [1637683997.0], 'JobIds': ['70346923.0'], 'EndTimes': [1637712735.0], 'Restarts': 0, 'RecordedSite': True, 'State': 'finished', 'ResidentSetSize': [1567928], 'TotalUserCpuTimeHistory': [3580], 'SiteHistory': ['Unknown', 'T2_US_MIT', 'T2_US_MIT'], 'TotalSysCpuTimeHistory': [188]}, '20': {'Retries': 0, 'WallDurations': [9.0, 247.35247802734375, 1208.0], 'StartTimes': [1637697938.0], 'SubmitTimes': [1637683999.0], 'JobIds': ['70346934.0'], 'EndTimes': [1637699146.0], 'Restarts': 0, 'RecordedSite': True, 'State': 'finished', 'ResidentSetSize': [1384008], 'TotalUserCpuTimeHistory': [810], 'SiteHistory': ['Unknown', 'T2_US_MIT', 'T2_US_MIT'], 'TotalSysCpuTimeHistory': [8]}, '8': {'Retries': 0, 'WallDurations': [9.0, 218.35247802734375, 11732.0], 'StartTimes': [1637697967.0], 'SubmitTimes': [1637683992.0], 'JobIds': ['70346922.0'], 'EndTimes': [1637709699.0], 'Restarts': 0, 'RecordedSite': True, 'State': 'finished', 'ResidentSetSize': [1441472], 'TotalUserCpuTimeHistory': [10755], 'SiteHistory': ['Unknown', 'T2_US_UCSD', 'T2_US_UCSD'], 'TotalSysCpuTimeHistory': [659]}}
INFO 2021-11-24 04:48:51.457 UTC: 	 Status on the scheduler:	SUBMITTED
INFO 2021-11-24 04:48:51.457 UTC: 	 
Jobs status:                    finished     		 70.0% (14/20)
INFO 2021-11-24 04:48:51.457 UTC: 	 				running      		 30.0% ( 6/20)
INFO 2021-11-24 04:48:51.457 UTC: 	 
No publication information (publication has been disabled in the CRAB configuration file)
INFO 2021-11-24 04:48:51.458 UTC: 	 
Warning: the average jobs CPU efficiency is less than 50%, please consider to improve the jobs splitting (e.g. config.Data.splitting = 'Automatic') in a new task
INFO 2021-11-24 04:48:51.458 UTC: 	 
Summary of run jobs:
 * Memory: 1351MB min, 1531MB max, 1399MB ave
 * Runtime: 0:20:08 min, 7:00:57 max, 2:09:40 ave
 * CPU eff: 19% min, 97% max, 41% ave
 * Waste: 0:58:18 (3% of total)

INFO 2021-11-24 04:48:51.516 UTC: 	 Log file is /afs/cern.ch/work/y/yian/work/GZ/CMSSW_10_6_20/src/PhysicsTools/NanoAODTools/WWG/2017/crab/crab2017/crab_ST_tW_top_5f_NoFullyHadronicDecays_TuneCP5_13TeV-powheg-pythia8_2017/crab.log
DEBUG 2021-11-24 13:25:30.340 UTC: 	 CRAB Client version: v3.210825
DEBUG 2021-11-24 13:25:30.340 UTC: 	 Running on: Linux lxplus772.cern.ch 3.10.0-1160.45.1.el7.x86_64 #1 SMP Wed Oct 13 17:20:51 UTC 2021 x86_64 x86_64 x86_64 GNU/Linux - CentOS Linux 7 (Core)
DEBUG 2021-11-24 13:25:30.340 UTC: 	 Executing command: 'status'
DEBUG 2021-11-24 13:25:30.340 UTC: 	 Found CRAB cache file /afs/cern.ch/user/y/yian/.crab3
DEBUG 2021-11-24 13:25:30.426 UTC: 	 Checking credentials
DEBUG 2021-11-24 13:25:30.427 UTC: 	 Found proxy file /tmp/x509up_u110046
DEBUG 2021-11-24 13:25:30.427 UTC: 	 Getting proxy life time left
DEBUG 2021-11-24 13:25:31.235 UTC: 	 Executing : 
 command : voms-proxy-info -file /tmp/x509up_u110046 -timeleft
 output : 527672

 error: 
 retcode : 0
DEBUG 2021-11-24 13:25:31.947 UTC: 	 Executing : 
 command : voms-proxy-info -file /tmp/x509up_u110046 -actimeleft
 output : 527672

 error: 
 retcode : 0
DEBUG 2021-11-24 13:25:31.947 UTC: 	 Proxy valid for 146:34:32 hours
DEBUG 2021-11-24 13:25:32.013 UTC: 	 Registering user credentials for server /DC=ch/DC=cern/OU=computers/CN=crab-(preprod|prod|dev)-tw(02|01).cern.ch|/DC=ch/DC=cern/OU=computers/CN=stefanov(m|m2).cern.ch|/DC=ch/DC=cern/OU=computers/CN=dciangot-tw.cern.ch
DEBUG 2021-11-24 13:25:32.831 UTC: 	 Executing : 
 command : voms-proxy-info -file /tmp/x509up_u110046 -identity
 output : /DC=ch/DC=cern/OU=Organic Units/OU=Users/CN=yian/CN=826694/CN=Ying An

 error: 
 retcode : 0
DEBUG 2021-11-24 13:25:32.842 UTC: 	 Getting myproxy life time left for myproxy.cern.ch
DEBUG 2021-11-24 13:25:32.842 UTC: 	 using b52ac606a6f7097e9b4b8f05a3a67cc69f8f291b as credential login name
DEBUG 2021-11-24 13:25:33.256 UTC: 	 Executing : 
 command : myproxy-info -l b52ac606a6f7097e9b4b8f05a3a67cc69f8f291b -s myproxy.cern.ch
 output : username: b52ac606a6f7097e9b4b8f05a3a67cc69f8f291b
owner: /DC=ch/DC=cern/OU=Organic Units/OU=Users/CN=yian/CN=826694/CN=Ying An
  renewal policy: /DC=ch/DC=cern/OU=computers/CN=crab-(preprod|prod|dev)-tw(02|01).cern.ch|/DC=ch/DC=cern/OU=computers/CN=stefanov(m|m2).cern.ch|/DC=ch/DC=cern/OU=computers/CN=dciangot-tw.cern.ch
  trusted retrieval policy: /DC=ch/DC=cern/OU=computers/CN=crab-(preprod|prod|dev)-tw(02|01).cern.ch|/DC=ch/DC=cern/OU=computers/CN=stefanov(m|m2).cern.ch|/DC=ch/DC=cern/OU=computers/CN=dciangot-tw.cern.ch
  timeleft: 691:31:05  (28.8 days)

 error: 
 retcode : 0
DEBUG 2021-11-24 13:25:33.257 UTC: 	 Myproxy is valid: 2489465
DEBUG 2021-11-24 13:25:33.257 UTC: 	 Retrieving username ...
DEBUG 2021-11-24 13:25:33.257 UTC: 	 Retrieving username from CRIC...
DEBUG 2021-11-24 13:25:34.022 UTC: 	 username is yian
DEBUG 2021-11-24 13:25:34.031 UTC: 	 Getting myproxy life time left for myproxy.cern.ch
DEBUG 2021-11-24 13:25:34.031 UTC: 	 using yian_CRAB as credential login name
DEBUG 2021-11-24 13:25:34.438 UTC: 	 Executing : 
 command : myproxy-info -l yian_CRAB -s myproxy.cern.ch
 output : username: yian_CRAB
owner: /DC=ch/DC=cern/OU=Organic Units/OU=Users/CN=yian/CN=826694/CN=Ying An
  renewal policy: /DC=ch/DC=cern/OU=computers/CN=crab-(preprod|prod|dev)-tw(02|01).cern.ch|/DC=ch/DC=cern/OU=computers/CN=stefanov(m|m2).cern.ch|/DC=ch/DC=cern/OU=computers/CN=dciangot-tw.cern.ch
  trusted retrieval policy: /DC=ch/DC=cern/OU=computers/CN=crab-(preprod|prod|dev)-tw(02|01).cern.ch|/DC=ch/DC=cern/OU=computers/CN=stefanov(m|m2).cern.ch|/DC=ch/DC=cern/OU=computers/CN=dciangot-tw.cern.ch
  timeleft: 691:29:57  (28.8 days)

 error: 
 retcode : 0
DEBUG 2021-11-24 13:25:34.438 UTC: 	 Myproxy is valid: 2489397
DEBUG 2021-11-24 13:25:34.438 UTC: 	 Result of myproxy credential check:
  Credential exists on myproxy: username: b52ac606a6f7097e9b4b8f05a3a67cc69f8f291b  - validity: 28 days, 19:31:05
  Credential exists on myproxy: username: yian_CRAB  - validity: 28 days, 19:29:57
DEBUG 2021-11-24 13:25:34.440 UTC: 	 Command use: status
DEBUG 2021-11-24 13:25:34.440 UTC: 	 Options use: ['-d', 'crab2017/crab_ST_tW_top_5f_NoFullyHadronicDecays_TuneCP5_13TeV-powheg-pythia8_2017']
DEBUG 2021-11-24 13:25:34.495 UTC: 	 CRABClient version: v3.210825
DEBUG 2021-11-24 13:25:34.496 UTC: 	 Instance is prod
DEBUG 2021-11-24 13:25:34.496 UTC: 	 Server base url is cmsweb.cern.ch
DEBUG 2021-11-24 13:25:34.496 UTC: 	 Command api workflow
DEBUG 2021-11-24 13:25:34.565 UTC: 	 Got information from server oracle database: {u'result': [u'211123_161227:yian_crab_ST_tW_top_5f_NoFullyHadronicDecays_TuneCP5_13TeV-powheg-pythia8_2017', u'None', u'None', u'SUBMITTED', u'SUBMIT', u'2021-11-23 16:12:27.499599', u'None', u'2021-11-23 16:13:05.953899', u'None', u'CMSSW_10_6_20', u'slc7_amd64_gcc820', u'/ST_tW_top_5f_NoFullyHadronicDecays_TuneCP5_13TeV-powheg-pythia8/RunIISummer20UL17NanoAODv9-106X_mc2017_realistic_v9-v1/NANOAODSIM', u'T', u'0', u"[u'T2_US_UCSD', u'T2_US_Wisconsin', u'T2_US_MIT', u'T2_US_Caltech', u'T2_US_Purdue', u'T2_US_Nebraska']", u'[]', u'FileBased', u"{'splitOnRun': False, 'halt_job_on_file_boundaries': False, 'files_per_job': 1, 'runs': [], 'lumis': []}", u'39bc3010d7ba2374684857ed42fc86481bae0161e7f8c7d93f5c25e342929c09.tar.gz', u'https://cmsweb.cern.ch/S3/crabcache_prod', u'yian', u'/DC=ch/DC=cern/OU=Organic Units/OU=Users/CN=yian/CN=826694/CN=Ying An', u'cms', u'None', u'None', u'ST_tW_top_5f_NoFullyHadronicDecays_TuneCP5_13TeV-powheg-pythia8_2017-00000000000000000000000000000000', u'F', u'T2_CH_CERN', u'https://cmsweb.cern.ch/dbs/prod/global/DBSReader', u'https://cmsweb.cern.ch/dbs/prod/phys03/DBSWriter', u'F', u'[]', u'[]', u"[b'tree.root']", u'Analysis', u'pythia', u'None', u'{}', u'[]', u'F', u'crab-prod-tw01', u'[]', u'1250', u'1', u'2000', u'10', u"['/ST_tW_top_5f_NoFullyHadronicDecays_TuneCP5_13TeV-powheg-pythia8/yian-ST_tW_top_5f_NoFullyHadronicDecays_TuneCP5_13TeV-powheg-pythia8_2017-76de701442013e6ff941c86cd482e64d/USER']", u'[]', u'http://vocms0195.cern.ch/mon/cms1407/211123_161227:yian_crab_ST_tW_top_5f_NoFullyHadronicDecays_TuneCP5_13TeV-powheg-pythia8_2017', u'WWG_crab_script.sh', u"[b'isdata=MC', b'year=2017', b'era=B']", u'[]', u'https://cmsweb.cern.ch/crabserver/prod', u'cmsgwms-collector-global.cern.ch:9620,cmsgwms-collector-global.fnal.gov:9620', u'crab3@vocms0195.cern.ch', u'F', u'[]', u'T', u'/store/user/yian/', u'T', u'None', u'F', u'None', u'ST_tW_top_5f_NoFullyHadronicDecays_TuneCP5_13TeV-powheg-pythia8', u'None', u'055bddad0441c2a738495a588cf5419251c274c1234ae796edcc672c2d32f841.tar.gz', u'70346913', u'filetransfers', u'F', u'188.184.97.219', u'0.0', u'None'], u'desc': {u'columns': [u'tm_taskname', u'tm_activity', u'panda_jobset_id', u'tm_task_status', u'tm_task_command', u'tm_start_time', u'tm_start_injection', u'tm_end_injection', u'tm_task_failure', u'tm_job_sw', u'tm_job_arch', u'tm_input_dataset', u'tm_nonvalid_input_dataset', u'tm_use_parent', u'tm_site_whitelist', u'tm_site_blacklist', u'tm_split_algo', u'tm_split_args', u'tm_user_sandbox', u'tm_cache_url', u'tm_username', u'tm_user_dn', u'tm_user_vo', u'tm_user_role', u'tm_user_group', u'tm_publish_name', u'tm_publish_groupname', u'tm_asyncdest', u'tm_dbs_url', u'tm_publish_dbs_url', u'tm_publication', u'tm_outfiles', u'tm_tfile_outfiles', u'tm_edm_outfiles', u'tm_job_type', u'tm_generator', u'tm_events_per_lumi', u'tm_arguments', u'panda_resubmitted_jobs', u'tm_save_logs', u'tw_name', u'tm_user_infiles', u'tm_maxjobruntime', u'tm_numcores', u'tm_maxmemory', u'tm_priority', u'tm_output_dataset', u'tm_task_warnings', u'tm_user_webdir', u'tm_scriptexe', u'tm_scriptargs', u'tm_extrajdl', u'tm_asourl', u'tm_collector', u'tm_schedd', u'tm_dry_run', u'tm_user_files', u'tm_transfer_outputs', u'tm_output_lfn', u'tm_ignore_locality', u'tm_fail_limit', u'tm_one_event_mode', u'tm_secondary_input_dataset', u'tm_primary_dataset', u'tm_last_publication', u'tm_debug_files', u'clusterid', u'tm_asodb', u'tm_ignore_global_blacklist', u'tm_submitter_ip_addr', u'tm_totalunits', u'tm_ddm_reqid']}}
INFO 2021-11-24 13:25:34.566 UTC: 	 CRAB project directory:		/afs/cern.ch/work/y/yian/work/GZ/CMSSW_10_6_20/src/PhysicsTools/NanoAODTools/WWG/2017/crab/crab2017/crab_ST_tW_top_5f_NoFullyHadronicDecays_TuneCP5_13TeV-powheg-pythia8_2017
INFO 2021-11-24 13:25:34.566 UTC: 	 Task name:			211123_161227:yian_crab_ST_tW_top_5f_NoFullyHadronicDecays_TuneCP5_13TeV-powheg-pythia8_2017
INFO 2021-11-24 13:25:34.566 UTC: 	 Grid scheduler - Task Worker:	crab3@vocms0195.cern.ch - crab-prod-tw01
INFO 2021-11-24 13:25:34.566 UTC: 	 Status on the CRAB server:	SUBMITTED
INFO 2021-11-24 13:25:34.566 UTC: 	 Task URL to use for HELP:	https://cmsweb.cern.ch/crabserver/ui/task/211123_161227%3Ayian_crab_ST_tW_top_5f_NoFullyHadronicDecays_TuneCP5_13TeV-powheg-pythia8_2017
INFO 2021-11-24 13:25:34.575 UTC: 	 Dashboard monitoring URL:	https://monit-grafana.cern.ch/d/cmsTMDetail/cms-task-monitoring-task-view?orgId=11&var-user=yian&var-task=211123_161227%3Ayian_crab_ST_tW_top_5f_NoFullyHadronicDecays_TuneCP5_13TeV-powheg-pythia8_2017&from=1637680347000&to=now
DEBUG 2021-11-24 13:25:34.575 UTC: 	 The CRAB server submitted your task to the Grid scheduler (cluster ID: 70346913)
DEBUG 2021-11-24 13:25:34.575 UTC: 	 Webdir is located at http://vocms0195.cern.ch/mon/cms1407/211123_161227:yian_crab_ST_tW_top_5f_NoFullyHadronicDecays_TuneCP5_13TeV-powheg-pythia8_2017
DEBUG 2021-11-24 13:25:34.712 UTC: 	 Proxied webdir is located at https://cmsweb.cern.ch:8443/scheddmon/0195/cms1407/211123_161227:yian_crab_ST_tW_top_5f_NoFullyHadronicDecays_TuneCP5_13TeV-powheg-pythia8_2017
DEBUG 2021-11-24 13:25:34.712 UTC: 	 Retrieving 'status_cache' file from https://cmsweb.cern.ch:8443/scheddmon/0195/cms1407/211123_161227:yian_crab_ST_tW_top_5f_NoFullyHadronicDecays_TuneCP5_13TeV-powheg-pythia8_2017/status_cache
DEBUG 2021-11-24 13:25:34.761 UTC: 	 Got information from status cache file: {'11': {'Retries': 0, 'WallDurations': [9.0, 251.35247802734375, 2998.0], 'StartTimes': [1637697934.0], 'SubmitTimes': [1637683997.0], 'JobIds': ['70346925.0'], 'EndTimes': [1637700932.0], 'Restarts': 0, 'RecordedSite': True, 'State': 'finished', 'ResidentSetSize': [1370460], 'TotalUserCpuTimeHistory': [1201], 'SiteHistory': ['Unknown', 'T2_US_MIT', 'T2_US_MIT'], 'TotalSysCpuTimeHistory': [33]}, '10': {'Retries': 1, 'WallDurations': [8.0, 247.35247802734375, 53140.0, 9.0, 143.37307405471802, 5719.0], 'StartTimes': [1637697938.0, 1637754424.0], 'SubmitTimes': [1637683997.0, 1637752950.0], 'JobIds': ['70346924.0', '70361789.0'], 'EndTimes': [1637751078.0], 'Restarts': 0, 'RecordedSite': True, 'State': 'running', 'ResidentSetSize': [1452944, 1429660], 'TotalUserCpuTimeHistory': [6774, 1852.0], 'SiteHistory': ['Unknown', 'T2_US_UCSD', 'T2_US_UCSD', 'Unknown', 'T2_US_MIT', 'T2_US_MIT'], 'TotalSysCpuTimeHistory': [451, 45.0]}, '13': {'Retries': 0, 'WallDurations': [8.0, 251.35247802734375, 11401.0], 'StartTimes': [1637697934.0], 'SubmitTimes': [1637683997.0], 'JobIds': ['70346927.0'], 'EndTimes': [1637709335.0], 'Restarts': 0, 'RecordedSite': True, 'State': 'finished', 'ResidentSetSize': [1432624], 'TotalUserCpuTimeHistory': [2108], 'SiteHistory': ['Unknown', 'T2_US_MIT', 'T2_US_MIT'], 'TotalSysCpuTimeHistory': [85]}, '12': {'Retries': 0, 'WallDurations': [9.0, 248.35247802734375, 41950.0], 'StartTimes': [1637697937.0], 'SubmitTimes': [1637683997.0], 'JobIds': ['70346926.0'], 'EndTimes': [1637739887.0], 'Restarts': 0, 'RecordedSite': True, 'State': 'finished', 'ResidentSetSize': [1565364], 'TotalUserCpuTimeHistory': [12196], 'SiteHistory': ['Unknown', 'T2_US_MIT', 'T2_US_MIT'], 'TotalSysCpuTimeHistory': [708]}, '15': {'Retries': 0, 'WallDurations': [9.0, 225.35247802734375, 62225.0], 'StartTimes': [1637697960.0], 'SubmitTimes': [1637683998.0], 'JobIds': ['70346929.0'], 'EndTimes': [], 'Restarts': 0, 'RecordedSite': True, 'State': 'running', 'ResidentSetSize': [1496876], 'TotalUserCpuTimeHistory': [21037.0], 'SiteHistory': ['Unknown', 'T2_US_UCSD', 'T2_US_UCSD'], 'TotalSysCpuTimeHistory': [1382.0]}, '14': {'Retries': 0, 'WallDurations': [9.0, 242.35247802734375, 62211.0], 'StartTimes': [1637697943.0], 'SubmitTimes': [1637683998.0], 'JobIds': ['70346928.0'], 'EndTimes': [], 'Restarts': 0, 'RecordedSite': True, 'State': 'running', 'ResidentSetSize': [1496768], 'TotalUserCpuTimeHistory': [8124.0], 'SiteHistory': ['Unknown', 'T2_US_UCSD', 'T2_US_UCSD'], 'TotalSysCpuTimeHistory': [575.0]}, '17': {'Retries': 1, 'WallDurations': [10.0, 234.35247802734375, 54593.0, 9.0, 242.10549092292786, 5117.0], 'StartTimes': [1637697951.0, 1637754928.0], 'SubmitTimes': [1637683998.0, 1637754420.0], 'JobIds': ['70346931.0', '70361896.0'], 'EndTimes': [1637752544.0], 'Restarts': 0, 'RecordedSite': True, 'State': 'running', 'ResidentSetSize': [1562512, 1462688], 'TotalUserCpuTimeHistory': [13955, 2568.0], 'SiteHistory': ['Unknown', 'T2_US_MIT', 'T2_US_MIT', 'Unknown', 'T2_US_Nebraska', 'T2_US_Nebraska'], 'TotalSysCpuTimeHistory': [836, 136.0]}, '16': {'Retries': 0, 'WallDurations': [8.0, 250.35247802734375, 7091.0], 'StartTimes': [1637697935.0], 'SubmitTimes': [1637683998.0], 'JobIds': ['70346930.0'], 'EndTimes': [1637705026.0], 'Restarts': 0, 'RecordedSite': True, 'State': 'finished', 'ResidentSetSize': [1387012], 'TotalUserCpuTimeHistory': [1918], 'SiteHistory': ['Unknown', 'T2_US_MIT', 'T2_US_MIT'], 'TotalSysCpuTimeHistory': [91]}, '19': {'Retries': 0, 'WallDurations': [9.0, 236.35247802734375, 1667.0], 'StartTimes': [1637697949.0], 'SubmitTimes': [1637683999.0], 'JobIds': ['70346933.0'], 'EndTimes': [1637699616.0], 'Restarts': 0, 'RecordedSite': True, 'State': 'finished', 'ResidentSetSize': [1378104], 'TotalUserCpuTimeHistory': [869], 'SiteHistory': ['Unknown', 'T2_US_UCSD', 'T2_US_UCSD'], 'TotalSysCpuTimeHistory': [13]}, '18': {'Retries': 0, 'WallDurations': [9.0, 246.35247802734375, 4455.0], 'StartTimes': [1637697939.0], 'SubmitTimes': [1637683998.0], 'JobIds': ['70346932.0'], 'EndTimes': [1637702394.0], 'Restarts': 0, 'RecordedSite': True, 'State': 'finished', 'ResidentSetSize': [1456500], 'TotalUserCpuTimeHistory': [4107], 'SiteHistory': ['Unknown', 'T2_US_MIT', 'T2_US_MIT'], 'TotalSysCpuTimeHistory': [205]}, '1': {'Retries': 0, 'WallDurations': [9.0, 231.35247802734375, 4809.0], 'StartTimes': [1637697954.0], 'SubmitTimes': [1637683991.0], 'JobIds': ['70346915.0'], 'EndTimes': [1637702763.0], 'Restarts': 0, 'RecordedSite': True, 'State': 'finished', 'ResidentSetSize': [1433752], 'TotalUserCpuTimeHistory': [1689], 'SiteHistory': ['Unknown', 'T2_US_MIT', 'T2_US_MIT'], 'TotalSysCpuTimeHistory': [63]}, '3': {'Retries': 0, 'WallDurations': [9.0, 239.35247802734375, 5010.0], 'StartTimes': [1637697946.0], 'SubmitTimes': [1637683991.0], 'JobIds': ['70346917.0'], 'EndTimes': [1637702956.0], 'Restarts': 0, 'RecordedSite': True, 'State': 'finished', 'ResidentSetSize': [1389864], 'TotalUserCpuTimeHistory': [1291], 'SiteHistory': ['Unknown', 'T2_US_UCSD', 'T2_US_UCSD'], 'TotalSysCpuTimeHistory': [50]}, '2': {'Retries': 0, 'WallDurations': [8.0, 227.35247802734375, 25257.0], 'StartTimes': [1637697958.0], 'SubmitTimes': [1637683991.0], 'JobIds': ['70346916.0'], 'EndTimes': [1637723215.0], 'Restarts': 0, 'RecordedSite': True, 'State': 'finished', 'ResidentSetSize': [1543384], 'TotalUserCpuTimeHistory': [9063], 'SiteHistory': ['Unknown', 'T2_US_UCSD', 'T2_US_UCSD'], 'TotalSysCpuTimeHistory': [512]}, '5': {'Retries': 0, 'WallDurations': [10.0, 222.35247802734375, 7975.0], 'StartTimes': [1637697963.0], 'SubmitTimes': [1637683991.0], 'JobIds': ['70346919.0'], 'EndTimes': [1637705938.0], 'Restarts': 0, 'RecordedSite': True, 'State': 'finished', 'ResidentSetSize': [1389240], 'TotalUserCpuTimeHistory': [1722], 'SiteHistory': ['Unknown', 'T2_US_UCSD', 'T2_US_UCSD'], 'TotalSysCpuTimeHistory': [81]}, '4': {'Retries': 0, 'WallDurations': [9.0, 248.35247802734375, 8780.0], 'StartTimes': [1637697937.0], 'SubmitTimes': [1637683991.0], 'JobIds': ['70346918.0'], 'EndTimes': [1637706717.0], 'Restarts': 0, 'RecordedSite': True, 'State': 'finished', 'ResidentSetSize': [1450732], 'TotalUserCpuTimeHistory': [1886], 'SiteHistory': ['Unknown', 'T2_US_MIT', 'T2_US_MIT'], 'TotalSysCpuTimeHistory': [69]}, '7': {'Retries': 0, 'WallDurations': [9.0, 248.35247802734375, 56516.0], 'StartTimes': [1637697937.0], 'SubmitTimes': [1637683991.0], 'JobIds': ['70346921.0'], 'EndTimes': [], 'Restarts': 0, 'RecordedSite': True, 'State': 'running', 'ResidentSetSize': [1397040], 'TotalUserCpuTimeHistory': [5828.0], 'SiteHistory': ['Unknown', 'T2_US_MIT', 'T2_US_MIT'], 'TotalSysCpuTimeHistory': [306.0]}, '6': {'Retries': 0, 'WallDurations': [9.0, 252.35247802734375, 1743.0], 'StartTimes': [1637697933.0], 'SubmitTimes': [1637683991.0], 'JobIds': ['70346920.0'], 'EndTimes': [1637699676.0], 'Restarts': 0, 'RecordedSite': True, 'State': 'finished', 'ResidentSetSize': [1426200], 'TotalUserCpuTimeHistory': [1594], 'SiteHistory': ['Unknown', 'T2_US_MIT', 'T2_US_MIT'], 'TotalSysCpuTimeHistory': [61]}, '9': {'Retries': 0, 'WallDurations': [9.0, 252.35247802734375, 14802.0], 'StartTimes': [1637697933.0], 'SubmitTimes': [1637683997.0], 'JobIds': ['70346923.0'], 'EndTimes': [1637712735.0], 'Restarts': 0, 'RecordedSite': True, 'State': 'finished', 'ResidentSetSize': [1567928], 'TotalUserCpuTimeHistory': [3580], 'SiteHistory': ['Unknown', 'T2_US_MIT', 'T2_US_MIT'], 'TotalSysCpuTimeHistory': [188]}, '20': {'Retries': 0, 'WallDurations': [9.0, 247.35247802734375, 1208.0], 'StartTimes': [1637697938.0], 'SubmitTimes': [1637683999.0], 'JobIds': ['70346934.0'], 'EndTimes': [1637699146.0], 'Restarts': 0, 'RecordedSite': True, 'State': 'finished', 'ResidentSetSize': [1384008], 'TotalUserCpuTimeHistory': [810], 'SiteHistory': ['Unknown', 'T2_US_MIT', 'T2_US_MIT'], 'TotalSysCpuTimeHistory': [8]}, '8': {'Retries': 0, 'WallDurations': [9.0, 218.35247802734375, 11732.0], 'StartTimes': [1637697967.0], 'SubmitTimes': [1637683992.0], 'JobIds': ['70346922.0'], 'EndTimes': [1637709699.0], 'Restarts': 0, 'RecordedSite': True, 'State': 'finished', 'ResidentSetSize': [1441472], 'TotalUserCpuTimeHistory': [10755], 'SiteHistory': ['Unknown', 'T2_US_UCSD', 'T2_US_UCSD'], 'TotalSysCpuTimeHistory': [659]}}
INFO 2021-11-24 13:25:34.761 UTC: 	 Status on the scheduler:	SUBMITTED
INFO 2021-11-24 13:25:34.762 UTC: 	 
Jobs status:                    finished     		 75.0% (15/20)
INFO 2021-11-24 13:25:34.762 UTC: 	 				running      		 25.0% ( 5/20)
INFO 2021-11-24 13:25:34.762 UTC: 	 
No publication information (publication has been disabled in the CRAB configuration file)
INFO 2021-11-24 13:25:34.762 UTC: 	 
Warning: the average jobs CPU efficiency is less than 50%, please consider to improve the jobs splitting (e.g. config.Data.splitting = 'Automatic') in a new task
INFO 2021-11-24 13:25:34.762 UTC: 	 
Summary of run jobs:
 * Memory: 1351MB min, 1531MB max, 1407MB ave
 * Runtime: 0:20:08 min, 11:39:10 max, 2:47:38 ave
 * CPU eff: 19% min, 97% max, 38% ave
 * Waste: 1:02:36 (2% of total)

INFO 2021-11-24 13:25:34.830 UTC: 	 Log file is /afs/cern.ch/work/y/yian/work/GZ/CMSSW_10_6_20/src/PhysicsTools/NanoAODTools/WWG/2017/crab/crab2017/crab_ST_tW_top_5f_NoFullyHadronicDecays_TuneCP5_13TeV-powheg-pythia8_2017/crab.log
DEBUG 2021-11-25 03:22:38.319 UTC: 	 CRAB Client version: v3.210825
DEBUG 2021-11-25 03:22:38.319 UTC: 	 Running on: Linux lxplus7107.cern.ch 3.10.0-1160.45.1.el7.x86_64 #1 SMP Wed Oct 13 17:20:51 UTC 2021 x86_64 x86_64 x86_64 GNU/Linux - CentOS Linux 7 (Core)
DEBUG 2021-11-25 03:22:38.319 UTC: 	 Executing command: 'status'
DEBUG 2021-11-25 03:22:38.319 UTC: 	 Found CRAB cache file /afs/cern.ch/user/y/yian/.crab3
DEBUG 2021-11-25 03:22:38.487 UTC: 	 Checking credentials
DEBUG 2021-11-25 03:22:38.488 UTC: 	 Found proxy file /tmp/x509up_u110046
DEBUG 2021-11-25 03:22:38.488 UTC: 	 Getting proxy life time left
DEBUG 2021-11-25 03:22:39.092 UTC: 	 Executing : 
 command : voms-proxy-info -file /tmp/x509up_u110046 -timeleft
 output : 604734

 error: 
 retcode : 0
DEBUG 2021-11-25 03:22:39.701 UTC: 	 Executing : 
 command : voms-proxy-info -file /tmp/x509up_u110046 -actimeleft
 output : 604734

 error: 
 retcode : 0
DEBUG 2021-11-25 03:22:39.701 UTC: 	 Proxy valid for 167:58:54 hours
DEBUG 2021-11-25 03:22:39.763 UTC: 	 Registering user credentials for server /DC=ch/DC=cern/OU=computers/CN=crab-(preprod|prod|dev)-tw(02|01).cern.ch|/DC=ch/DC=cern/OU=computers/CN=stefanov(m|m2).cern.ch|/DC=ch/DC=cern/OU=computers/CN=dciangot-tw.cern.ch
DEBUG 2021-11-25 03:22:40.373 UTC: 	 Executing : 
 command : voms-proxy-info -file /tmp/x509up_u110046 -identity
 output : /DC=ch/DC=cern/OU=Organic Units/OU=Users/CN=yian/CN=826694/CN=Ying An

 error: 
 retcode : 0
DEBUG 2021-11-25 03:22:40.380 UTC: 	 Getting myproxy life time left for myproxy.cern.ch
DEBUG 2021-11-25 03:22:40.380 UTC: 	 using b52ac606a6f7097e9b4b8f05a3a67cc69f8f291b as credential login name
DEBUG 2021-11-25 03:22:40.684 UTC: 	 Executing : 
 command : myproxy-info -l b52ac606a6f7097e9b4b8f05a3a67cc69f8f291b -s myproxy.cern.ch
 output : username: b52ac606a6f7097e9b4b8f05a3a67cc69f8f291b
owner: /DC=ch/DC=cern/OU=Organic Units/OU=Users/CN=yian/CN=826694/CN=Ying An
  renewal policy: /DC=ch/DC=cern/OU=computers/CN=crab-(preprod|prod|dev)-tw(02|01).cern.ch|/DC=ch/DC=cern/OU=computers/CN=stefanov(m|m2).cern.ch|/DC=ch/DC=cern/OU=computers/CN=dciangot-tw.cern.ch
  trusted retrieval policy: /DC=ch/DC=cern/OU=computers/CN=crab-(preprod|prod|dev)-tw(02|01).cern.ch|/DC=ch/DC=cern/OU=computers/CN=stefanov(m|m2).cern.ch|/DC=ch/DC=cern/OU=computers/CN=dciangot-tw.cern.ch
  timeleft: 677:33:58  (28.2 days)

 error: 
 retcode : 0
DEBUG 2021-11-25 03:22:40.685 UTC: 	 Myproxy is valid: 2439238
DEBUG 2021-11-25 03:22:40.685 UTC: 	 Retrieving username ...
DEBUG 2021-11-25 03:22:40.685 UTC: 	 Retrieving username from CRIC...
DEBUG 2021-11-25 03:22:41.420 UTC: 	 username is yian
DEBUG 2021-11-25 03:22:41.425 UTC: 	 Getting myproxy life time left for myproxy.cern.ch
DEBUG 2021-11-25 03:22:41.426 UTC: 	 using yian_CRAB as credential login name
DEBUG 2021-11-25 03:22:41.734 UTC: 	 Executing : 
 command : myproxy-info -l yian_CRAB -s myproxy.cern.ch
 output : username: yian_CRAB
owner: /DC=ch/DC=cern/OU=Organic Units/OU=Users/CN=yian/CN=826694/CN=Ying An
  renewal policy: /DC=ch/DC=cern/OU=computers/CN=crab-(preprod|prod|dev)-tw(02|01).cern.ch|/DC=ch/DC=cern/OU=computers/CN=stefanov(m|m2).cern.ch|/DC=ch/DC=cern/OU=computers/CN=dciangot-tw.cern.ch
  trusted retrieval policy: /DC=ch/DC=cern/OU=computers/CN=crab-(preprod|prod|dev)-tw(02|01).cern.ch|/DC=ch/DC=cern/OU=computers/CN=stefanov(m|m2).cern.ch|/DC=ch/DC=cern/OU=computers/CN=dciangot-tw.cern.ch
  timeleft: 677:32:50  (28.2 days)

 error: 
 retcode : 0
DEBUG 2021-11-25 03:22:41.734 UTC: 	 Myproxy is valid: 2439170
DEBUG 2021-11-25 03:22:41.734 UTC: 	 Result of myproxy credential check:
  Credential exists on myproxy: username: b52ac606a6f7097e9b4b8f05a3a67cc69f8f291b  - validity: 28 days, 5:33:58
  Credential exists on myproxy: username: yian_CRAB  - validity: 28 days, 5:32:50
DEBUG 2021-11-25 03:22:41.735 UTC: 	 Command use: status
DEBUG 2021-11-25 03:22:41.736 UTC: 	 Options use: ['-d', 'crab2017/crab_ST_tW_top_5f_NoFullyHadronicDecays_TuneCP5_13TeV-powheg-pythia8_2017']
DEBUG 2021-11-25 03:22:41.809 UTC: 	 CRABClient version: v3.210825
DEBUG 2021-11-25 03:22:41.809 UTC: 	 Instance is prod
DEBUG 2021-11-25 03:22:41.809 UTC: 	 Server base url is cmsweb.cern.ch
DEBUG 2021-11-25 03:22:41.809 UTC: 	 Command api workflow
DEBUG 2021-11-25 03:22:41.890 UTC: 	 Got information from server oracle database: {u'result': [u'211123_161227:yian_crab_ST_tW_top_5f_NoFullyHadronicDecays_TuneCP5_13TeV-powheg-pythia8_2017', u'None', u'None', u'SUBMITTED', u'SUBMIT', u'2021-11-23 16:12:27.499599', u'None', u'2021-11-23 16:13:05.953899', u'None', u'CMSSW_10_6_20', u'slc7_amd64_gcc820', u'/ST_tW_top_5f_NoFullyHadronicDecays_TuneCP5_13TeV-powheg-pythia8/RunIISummer20UL17NanoAODv9-106X_mc2017_realistic_v9-v1/NANOAODSIM', u'T', u'0', u"[u'T2_US_UCSD', u'T2_US_Wisconsin', u'T2_US_MIT', u'T2_US_Caltech', u'T2_US_Purdue', u'T2_US_Nebraska']", u'[]', u'FileBased', u"{'splitOnRun': False, 'halt_job_on_file_boundaries': False, 'files_per_job': 1, 'runs': [], 'lumis': []}", u'39bc3010d7ba2374684857ed42fc86481bae0161e7f8c7d93f5c25e342929c09.tar.gz', u'https://cmsweb.cern.ch/S3/crabcache_prod', u'yian', u'/DC=ch/DC=cern/OU=Organic Units/OU=Users/CN=yian/CN=826694/CN=Ying An', u'cms', u'None', u'None', u'ST_tW_top_5f_NoFullyHadronicDecays_TuneCP5_13TeV-powheg-pythia8_2017-00000000000000000000000000000000', u'F', u'T2_CH_CERN', u'https://cmsweb.cern.ch/dbs/prod/global/DBSReader', u'https://cmsweb.cern.ch/dbs/prod/phys03/DBSWriter', u'F', u'[]', u'[]', u"[b'tree.root']", u'Analysis', u'pythia', u'None', u'{}', u'[]', u'F', u'crab-prod-tw01', u'[]', u'1250', u'1', u'2000', u'10', u"['/ST_tW_top_5f_NoFullyHadronicDecays_TuneCP5_13TeV-powheg-pythia8/yian-ST_tW_top_5f_NoFullyHadronicDecays_TuneCP5_13TeV-powheg-pythia8_2017-76de701442013e6ff941c86cd482e64d/USER']", u'[]', u'http://vocms0195.cern.ch/mon/cms1407/211123_161227:yian_crab_ST_tW_top_5f_NoFullyHadronicDecays_TuneCP5_13TeV-powheg-pythia8_2017', u'WWG_crab_script.sh', u"[b'isdata=MC', b'year=2017', b'era=B']", u'[]', u'https://cmsweb.cern.ch/crabserver/prod', u'cmsgwms-collector-global.cern.ch:9620,cmsgwms-collector-global.fnal.gov:9620', u'crab3@vocms0195.cern.ch', u'F', u'[]', u'T', u'/store/user/yian/', u'T', u'None', u'F', u'None', u'ST_tW_top_5f_NoFullyHadronicDecays_TuneCP5_13TeV-powheg-pythia8', u'None', u'055bddad0441c2a738495a588cf5419251c274c1234ae796edcc672c2d32f841.tar.gz', u'70346913', u'filetransfers', u'F', u'188.184.97.219', u'0.0', u'None'], u'desc': {u'columns': [u'tm_taskname', u'tm_activity', u'panda_jobset_id', u'tm_task_status', u'tm_task_command', u'tm_start_time', u'tm_start_injection', u'tm_end_injection', u'tm_task_failure', u'tm_job_sw', u'tm_job_arch', u'tm_input_dataset', u'tm_nonvalid_input_dataset', u'tm_use_parent', u'tm_site_whitelist', u'tm_site_blacklist', u'tm_split_algo', u'tm_split_args', u'tm_user_sandbox', u'tm_cache_url', u'tm_username', u'tm_user_dn', u'tm_user_vo', u'tm_user_role', u'tm_user_group', u'tm_publish_name', u'tm_publish_groupname', u'tm_asyncdest', u'tm_dbs_url', u'tm_publish_dbs_url', u'tm_publication', u'tm_outfiles', u'tm_tfile_outfiles', u'tm_edm_outfiles', u'tm_job_type', u'tm_generator', u'tm_events_per_lumi', u'tm_arguments', u'panda_resubmitted_jobs', u'tm_save_logs', u'tw_name', u'tm_user_infiles', u'tm_maxjobruntime', u'tm_numcores', u'tm_maxmemory', u'tm_priority', u'tm_output_dataset', u'tm_task_warnings', u'tm_user_webdir', u'tm_scriptexe', u'tm_scriptargs', u'tm_extrajdl', u'tm_asourl', u'tm_collector', u'tm_schedd', u'tm_dry_run', u'tm_user_files', u'tm_transfer_outputs', u'tm_output_lfn', u'tm_ignore_locality', u'tm_fail_limit', u'tm_one_event_mode', u'tm_secondary_input_dataset', u'tm_primary_dataset', u'tm_last_publication', u'tm_debug_files', u'clusterid', u'tm_asodb', u'tm_ignore_global_blacklist', u'tm_submitter_ip_addr', u'tm_totalunits', u'tm_ddm_reqid']}}
INFO 2021-11-25 03:22:41.890 UTC: 	 CRAB project directory:		/afs/cern.ch/work/y/yian/work/GZ/CMSSW_10_6_20/src/PhysicsTools/NanoAODTools/WWG/2017/crab/crab2017/crab_ST_tW_top_5f_NoFullyHadronicDecays_TuneCP5_13TeV-powheg-pythia8_2017
INFO 2021-11-25 03:22:41.891 UTC: 	 Task name:			211123_161227:yian_crab_ST_tW_top_5f_NoFullyHadronicDecays_TuneCP5_13TeV-powheg-pythia8_2017
INFO 2021-11-25 03:22:41.891 UTC: 	 Grid scheduler - Task Worker:	crab3@vocms0195.cern.ch - crab-prod-tw01
INFO 2021-11-25 03:22:41.891 UTC: 	 Status on the CRAB server:	SUBMITTED
INFO 2021-11-25 03:22:41.891 UTC: 	 Task URL to use for HELP:	https://cmsweb.cern.ch/crabserver/ui/task/211123_161227%3Ayian_crab_ST_tW_top_5f_NoFullyHadronicDecays_TuneCP5_13TeV-powheg-pythia8_2017
INFO 2021-11-25 03:22:41.894 UTC: 	 Dashboard monitoring URL:	https://monit-grafana.cern.ch/d/cmsTMDetail/cms-task-monitoring-task-view?orgId=11&var-user=yian&var-task=211123_161227%3Ayian_crab_ST_tW_top_5f_NoFullyHadronicDecays_TuneCP5_13TeV-powheg-pythia8_2017&from=1637680347000&to=now
DEBUG 2021-11-25 03:22:41.894 UTC: 	 The CRAB server submitted your task to the Grid scheduler (cluster ID: 70346913)
DEBUG 2021-11-25 03:22:41.894 UTC: 	 Webdir is located at http://vocms0195.cern.ch/mon/cms1407/211123_161227:yian_crab_ST_tW_top_5f_NoFullyHadronicDecays_TuneCP5_13TeV-powheg-pythia8_2017
DEBUG 2021-11-25 03:22:41.985 UTC: 	 Proxied webdir is located at https://cmsweb.cern.ch:8443/scheddmon/0195/cms1407/211123_161227:yian_crab_ST_tW_top_5f_NoFullyHadronicDecays_TuneCP5_13TeV-powheg-pythia8_2017
DEBUG 2021-11-25 03:22:41.985 UTC: 	 Retrieving 'status_cache' file from https://cmsweb.cern.ch:8443/scheddmon/0195/cms1407/211123_161227:yian_crab_ST_tW_top_5f_NoFullyHadronicDecays_TuneCP5_13TeV-powheg-pythia8_2017/status_cache
DEBUG 2021-11-25 03:22:42.038 UTC: 	 Got information from status cache file: {'11': {'Retries': 0, 'WallDurations': [9.0, 251.35247802734375, 2998.0], 'StartTimes': [1637697934.0], 'SubmitTimes': [1637683997.0], 'JobIds': ['70346925.0'], 'EndTimes': [1637700932.0], 'Restarts': 0, 'RecordedSite': True, 'State': 'finished', 'ResidentSetSize': [1370460], 'TotalUserCpuTimeHistory': [1201], 'SiteHistory': ['Unknown', 'T2_US_MIT', 'T2_US_MIT'], 'TotalSysCpuTimeHistory': [33]}, '10': {'Retries': 1, 'WallDurations': [8.0, 247.35247802734375, 53140.0, 9.0, 143.37307405471802, 33365.0], 'StartTimes': [1637697938.0, 1637754424.0], 'SubmitTimes': [1637683997.0, 1637752950.0], 'JobIds': ['70346924.0', '70361789.0'], 'EndTimes': [1637751078.0, 1637787789.0], 'Restarts': 0, 'RecordedSite': True, 'State': 'finished', 'ResidentSetSize': [1452944, 1439476], 'TotalUserCpuTimeHistory': [6774, 7369], 'SiteHistory': ['Unknown', 'T2_US_UCSD', 'T2_US_UCSD', 'Unknown', 'T2_US_MIT', 'T2_US_MIT'], 'TotalSysCpuTimeHistory': [451, 279]}, '13': {'Retries': 0, 'WallDurations': [8.0, 251.35247802734375, 11401.0], 'StartTimes': [1637697934.0], 'SubmitTimes': [1637683997.0], 'JobIds': ['70346927.0'], 'EndTimes': [1637709335.0], 'Restarts': 0, 'RecordedSite': True, 'State': 'finished', 'ResidentSetSize': [1432624], 'TotalUserCpuTimeHistory': [2108], 'SiteHistory': ['Unknown', 'T2_US_MIT', 'T2_US_MIT'], 'TotalSysCpuTimeHistory': [85]}, '12': {'Retries': 0, 'WallDurations': [9.0, 248.35247802734375, 41950.0], 'StartTimes': [1637697937.0], 'SubmitTimes': [1637683997.0], 'JobIds': ['70346926.0'], 'EndTimes': [1637739887.0], 'Restarts': 0, 'RecordedSite': True, 'State': 'finished', 'ResidentSetSize': [1565364], 'TotalUserCpuTimeHistory': [12196], 'SiteHistory': ['Unknown', 'T2_US_MIT', 'T2_US_MIT'], 'TotalSysCpuTimeHistory': [708]}, '15': {'Retries': 0, 'WallDurations': [9.0, 225.35247802734375, 75017.0], 'StartTimes': [1637697960.0], 'SubmitTimes': [1637683998.0], 'JobIds': ['70346929.0'], 'EndTimes': [], 'Restarts': 0, 'RecordedSite': True, 'State': 'failed', 'ResidentSetSize': [1497380], 'Error': [50664, 'Not retrying job due to wall clock limit (job automatically killed on the worker node)', {}], 'TotalUserCpuTimeHistory': [24243.0], 'SiteHistory': ['Unknown', 'T2_US_UCSD', 'T2_US_UCSD'], 'TotalSysCpuTimeHistory': [1634.0]}, '14': {'Retries': 0, 'WallDurations': [9.0, 242.35247802734375, 75011.0], 'StartTimes': [1637697943.0], 'SubmitTimes': [1637683998.0], 'JobIds': ['70346928.0'], 'EndTimes': [], 'Restarts': 0, 'RecordedSite': True, 'State': 'failed', 'ResidentSetSize': [1498700], 'TotalUserCpuTimeHistory': [9672.0], 'SiteHistory': ['Unknown', 'T2_US_UCSD', 'T2_US_UCSD'], 'TotalSysCpuTimeHistory': [700.0]}, '17': {'Retries': 1, 'WallDurations': [10.0, 234.35247802734375, 54593.0, 9.0, 242.10549092292786, 55001.0], 'StartTimes': [1637697951.0, 1637754928.0], 'SubmitTimes': [1637683998.0, 1637754420.0], 'JobIds': ['70346931.0', '70361896.0'], 'EndTimes': [1637752544.0], 'Restarts': 0, 'RecordedSite': True, 'State': 'running', 'ResidentSetSize': [1562512, 1478944], 'TotalUserCpuTimeHistory': [13955, 22295.0], 'SiteHistory': ['Unknown', 'T2_US_MIT', 'T2_US_MIT', 'Unknown', 'T2_US_Nebraska', 'T2_US_Nebraska'], 'TotalSysCpuTimeHistory': [836, 1601.0]}, '16': {'Retries': 0, 'WallDurations': [8.0, 250.35247802734375, 7091.0], 'StartTimes': [1637697935.0], 'SubmitTimes': [1637683998.0], 'JobIds': ['70346930.0'], 'EndTimes': [1637705026.0], 'Restarts': 0, 'RecordedSite': True, 'State': 'finished', 'ResidentSetSize': [1387012], 'TotalUserCpuTimeHistory': [1918], 'SiteHistory': ['Unknown', 'T2_US_MIT', 'T2_US_MIT'], 'TotalSysCpuTimeHistory': [91]}, '19': {'Retries': 0, 'WallDurations': [9.0, 236.35247802734375, 1667.0], 'StartTimes': [1637697949.0], 'SubmitTimes': [1637683999.0], 'JobIds': ['70346933.0'], 'EndTimes': [1637699616.0], 'Restarts': 0, 'RecordedSite': True, 'State': 'finished', 'ResidentSetSize': [1378104], 'TotalUserCpuTimeHistory': [869], 'SiteHistory': ['Unknown', 'T2_US_UCSD', 'T2_US_UCSD'], 'TotalSysCpuTimeHistory': [13]}, '18': {'Retries': 0, 'WallDurations': [9.0, 246.35247802734375, 4455.0], 'StartTimes': [1637697939.0], 'SubmitTimes': [1637683998.0], 'JobIds': ['70346932.0'], 'EndTimes': [1637702394.0], 'Restarts': 0, 'RecordedSite': True, 'State': 'finished', 'ResidentSetSize': [1456500], 'TotalUserCpuTimeHistory': [4107], 'SiteHistory': ['Unknown', 'T2_US_MIT', 'T2_US_MIT'], 'TotalSysCpuTimeHistory': [205]}, '1': {'Retries': 0, 'WallDurations': [9.0, 231.35247802734375, 4809.0], 'StartTimes': [1637697954.0], 'SubmitTimes': [1637683991.0], 'JobIds': ['70346915.0'], 'EndTimes': [1637702763.0], 'Restarts': 0, 'RecordedSite': True, 'State': 'finished', 'ResidentSetSize': [1433752], 'TotalUserCpuTimeHistory': [1689], 'SiteHistory': ['Unknown', 'T2_US_MIT', 'T2_US_MIT'], 'TotalSysCpuTimeHistory': [63]}, '3': {'Retries': 0, 'WallDurations': [9.0, 239.35247802734375, 5010.0], 'StartTimes': [1637697946.0], 'SubmitTimes': [1637683991.0], 'JobIds': ['70346917.0'], 'EndTimes': [1637702956.0], 'Restarts': 0, 'RecordedSite': True, 'State': 'finished', 'ResidentSetSize': [1389864], 'TotalUserCpuTimeHistory': [1291], 'SiteHistory': ['Unknown', 'T2_US_UCSD', 'T2_US_UCSD'], 'TotalSysCpuTimeHistory': [50]}, '2': {'Retries': 0, 'WallDurations': [8.0, 227.35247802734375, 25257.0], 'StartTimes': [1637697958.0], 'SubmitTimes': [1637683991.0], 'JobIds': ['70346916.0'], 'EndTimes': [1637723215.0], 'Restarts': 0, 'RecordedSite': True, 'State': 'finished', 'ResidentSetSize': [1543384], 'TotalUserCpuTimeHistory': [9063], 'SiteHistory': ['Unknown', 'T2_US_UCSD', 'T2_US_UCSD'], 'TotalSysCpuTimeHistory': [512]}, '5': {'Retries': 0, 'WallDurations': [10.0, 222.35247802734375, 7975.0], 'StartTimes': [1637697963.0], 'SubmitTimes': [1637683991.0], 'JobIds': ['70346919.0'], 'EndTimes': [1637705938.0], 'Restarts': 0, 'RecordedSite': True, 'State': 'finished', 'ResidentSetSize': [1389240], 'TotalUserCpuTimeHistory': [1722], 'SiteHistory': ['Unknown', 'T2_US_UCSD', 'T2_US_UCSD'], 'TotalSysCpuTimeHistory': [81]}, '4': {'Retries': 0, 'WallDurations': [9.0, 248.35247802734375, 8780.0], 'StartTimes': [1637697937.0], 'SubmitTimes': [1637683991.0], 'JobIds': ['70346918.0'], 'EndTimes': [1637706717.0], 'Restarts': 0, 'RecordedSite': True, 'State': 'finished', 'ResidentSetSize': [1450732], 'TotalUserCpuTimeHistory': [1886], 'SiteHistory': ['Unknown', 'T2_US_MIT', 'T2_US_MIT'], 'TotalSysCpuTimeHistory': [69]}, '7': {'Retries': 0, 'WallDurations': [9.0, 248.35247802734375, 75013.0], 'StartTimes': [1637697937.0], 'SubmitTimes': [1637683991.0], 'JobIds': ['70346921.0'], 'EndTimes': [], 'Restarts': 0, 'RecordedSite': True, 'State': 'failed', 'ResidentSetSize': [1397040], 'TotalUserCpuTimeHistory': [6906.0], 'SiteHistory': ['Unknown', 'T2_US_MIT', 'T2_US_MIT'], 'TotalSysCpuTimeHistory': [373.0]}, '6': {'Retries': 0, 'WallDurations': [9.0, 252.35247802734375, 1743.0], 'StartTimes': [1637697933.0], 'SubmitTimes': [1637683991.0], 'JobIds': ['70346920.0'], 'EndTimes': [1637699676.0], 'Restarts': 0, 'RecordedSite': True, 'State': 'finished', 'ResidentSetSize': [1426200], 'TotalUserCpuTimeHistory': [1594], 'SiteHistory': ['Unknown', 'T2_US_MIT', 'T2_US_MIT'], 'TotalSysCpuTimeHistory': [61]}, '9': {'Retries': 0, 'WallDurations': [9.0, 252.35247802734375, 14802.0], 'StartTimes': [1637697933.0], 'SubmitTimes': [1637683997.0], 'JobIds': ['70346923.0'], 'EndTimes': [1637712735.0], 'Restarts': 0, 'RecordedSite': True, 'State': 'finished', 'ResidentSetSize': [1567928], 'TotalUserCpuTimeHistory': [3580], 'SiteHistory': ['Unknown', 'T2_US_MIT', 'T2_US_MIT'], 'TotalSysCpuTimeHistory': [188]}, '20': {'Retries': 0, 'WallDurations': [9.0, 247.35247802734375, 1208.0], 'StartTimes': [1637697938.0], 'SubmitTimes': [1637683999.0], 'JobIds': ['70346934.0'], 'EndTimes': [1637699146.0], 'Restarts': 0, 'RecordedSite': True, 'State': 'finished', 'ResidentSetSize': [1384008], 'TotalUserCpuTimeHistory': [810], 'SiteHistory': ['Unknown', 'T2_US_MIT', 'T2_US_MIT'], 'TotalSysCpuTimeHistory': [8]}, '8': {'Retries': 0, 'WallDurations': [9.0, 218.35247802734375, 11732.0], 'StartTimes': [1637697967.0], 'SubmitTimes': [1637683992.0], 'JobIds': ['70346922.0'], 'EndTimes': [1637709699.0], 'Restarts': 0, 'RecordedSite': True, 'State': 'finished', 'ResidentSetSize': [1441472], 'TotalUserCpuTimeHistory': [10755], 'SiteHistory': ['Unknown', 'T2_US_UCSD', 'T2_US_UCSD'], 'TotalSysCpuTimeHistory': [659]}}
INFO 2021-11-25 03:22:42.038 UTC: 	 Status on the scheduler:	SUBMITTED
INFO 2021-11-25 03:22:42.038 UTC: 	 
Jobs status:                    failed       		 15.0% ( 3/20)
INFO 2021-11-25 03:22:42.038 UTC: 	 				finished     		 80.0% (16/20)
INFO 2021-11-25 03:22:42.038 UTC: 	 				running      		  5.0% ( 1/20)
INFO 2021-11-25 03:22:42.038 UTC: 	 
No publication information (publication has been disabled in the CRAB configuration file)
INFO 2021-11-25 03:22:42.038 UTC: 	 
Error Summary: (use crab status --verboseErrors for details about the errors)

 1 jobs failed with exit code 50664

Could not find exit code details for 2 jobs.

Have a look at https://twiki.cern.ch/twiki/bin/viewauth/CMSPublic/JobExitCodes for a description of the exit codes.
INFO 2021-11-25 03:22:42.039 UTC: 	 
Warning: the average jobs CPU efficiency is less than 50%, please consider to improve the jobs splitting (e.g. config.Data.splitting = 'Automatic') in a new task
INFO 2021-11-25 03:22:42.039 UTC: 	 
Summary of run jobs:
 * Memory: 1351MB min, 1531MB max, 1411MB ave
 * Runtime: 0:20:08 min, 20:50:17 max, 5:59:01 ave
 * CPU eff: 10% min, 97% max, 27% ave
 * Waste: 16:07:27 (12% of total)

INFO 2021-11-25 03:22:42.054 UTC: 	 Log file is /afs/cern.ch/work/y/yian/work/GZ/CMSSW_10_6_20/src/PhysicsTools/NanoAODTools/WWG/2017/crab/crab2017/crab_ST_tW_top_5f_NoFullyHadronicDecays_TuneCP5_13TeV-powheg-pythia8_2017/crab.log
DEBUG 2021-11-25 03:25:28.625 UTC: 	 CRAB Client version: v3.210825
DEBUG 2021-11-25 03:25:28.626 UTC: 	 Running on: Linux lxplus7107.cern.ch 3.10.0-1160.45.1.el7.x86_64 #1 SMP Wed Oct 13 17:20:51 UTC 2021 x86_64 x86_64 x86_64 GNU/Linux - CentOS Linux 7 (Core)
DEBUG 2021-11-25 03:25:28.626 UTC: 	 Executing command: 'resubmit'
DEBUG 2021-11-25 03:25:28.626 UTC: 	 Found CRAB cache file /afs/cern.ch/user/y/yian/.crab3
DEBUG 2021-11-25 03:25:29.110 UTC: 	 Checking credentials
DEBUG 2021-11-25 03:25:29.110 UTC: 	 Found proxy file /tmp/x509up_u110046
DEBUG 2021-11-25 03:25:29.110 UTC: 	 Getting proxy life time left
DEBUG 2021-11-25 03:25:29.715 UTC: 	 Executing : 
 command : voms-proxy-info -file /tmp/x509up_u110046 -timeleft
 output : 604564

 error: 
 retcode : 0
DEBUG 2021-11-25 03:25:30.322 UTC: 	 Executing : 
 command : voms-proxy-info -file /tmp/x509up_u110046 -actimeleft
 output : 604563

 error: 
 retcode : 0
DEBUG 2021-11-25 03:25:30.322 UTC: 	 Proxy lifetime 604564 secs is different from voms extension lifetime 604563 secs for proxy: /tmp/x509up_u110046
DEBUG 2021-11-25 03:25:30.322 UTC: 	 Proxy valid for 167:56:03 hours
DEBUG 2021-11-25 03:25:30.436 UTC: 	 Registering user credentials for server /DC=ch/DC=cern/OU=computers/CN=crab-(preprod|prod|dev)-tw(02|01).cern.ch|/DC=ch/DC=cern/OU=computers/CN=stefanov(m|m2).cern.ch|/DC=ch/DC=cern/OU=computers/CN=dciangot-tw.cern.ch
DEBUG 2021-11-25 03:25:31.049 UTC: 	 Executing : 
 command : voms-proxy-info -file /tmp/x509up_u110046 -identity
 output : /DC=ch/DC=cern/OU=Organic Units/OU=Users/CN=yian/CN=826694/CN=Ying An

 error: 
 retcode : 0
DEBUG 2021-11-25 03:25:31.055 UTC: 	 Getting myproxy life time left for myproxy.cern.ch
DEBUG 2021-11-25 03:25:31.055 UTC: 	 using b52ac606a6f7097e9b4b8f05a3a67cc69f8f291b as credential login name
DEBUG 2021-11-25 03:25:31.364 UTC: 	 Executing : 
 command : myproxy-info -l b52ac606a6f7097e9b4b8f05a3a67cc69f8f291b -s myproxy.cern.ch
 output : username: b52ac606a6f7097e9b4b8f05a3a67cc69f8f291b
owner: /DC=ch/DC=cern/OU=Organic Units/OU=Users/CN=yian/CN=826694/CN=Ying An
  renewal policy: /DC=ch/DC=cern/OU=computers/CN=crab-(preprod|prod|dev)-tw(02|01).cern.ch|/DC=ch/DC=cern/OU=computers/CN=stefanov(m|m2).cern.ch|/DC=ch/DC=cern/OU=computers/CN=dciangot-tw.cern.ch
  trusted retrieval policy: /DC=ch/DC=cern/OU=computers/CN=crab-(preprod|prod|dev)-tw(02|01).cern.ch|/DC=ch/DC=cern/OU=computers/CN=stefanov(m|m2).cern.ch|/DC=ch/DC=cern/OU=computers/CN=dciangot-tw.cern.ch
  timeleft: 677:31:07  (28.2 days)

 error: 
 retcode : 0
DEBUG 2021-11-25 03:25:31.365 UTC: 	 Myproxy is valid: 2439067
DEBUG 2021-11-25 03:25:31.365 UTC: 	 Retrieving username ...
DEBUG 2021-11-25 03:25:31.365 UTC: 	 Retrieving username from CRIC...
DEBUG 2021-11-25 03:25:32.428 UTC: 	 username is yian
DEBUG 2021-11-25 03:25:32.433 UTC: 	 Getting myproxy life time left for myproxy.cern.ch
DEBUG 2021-11-25 03:25:32.433 UTC: 	 using yian_CRAB as credential login name
DEBUG 2021-11-25 03:25:32.737 UTC: 	 Executing : 
 command : myproxy-info -l yian_CRAB -s myproxy.cern.ch
 output : username: yian_CRAB
owner: /DC=ch/DC=cern/OU=Organic Units/OU=Users/CN=yian/CN=826694/CN=Ying An
  renewal policy: /DC=ch/DC=cern/OU=computers/CN=crab-(preprod|prod|dev)-tw(02|01).cern.ch|/DC=ch/DC=cern/OU=computers/CN=stefanov(m|m2).cern.ch|/DC=ch/DC=cern/OU=computers/CN=dciangot-tw.cern.ch
  trusted retrieval policy: /DC=ch/DC=cern/OU=computers/CN=crab-(preprod|prod|dev)-tw(02|01).cern.ch|/DC=ch/DC=cern/OU=computers/CN=stefanov(m|m2).cern.ch|/DC=ch/DC=cern/OU=computers/CN=dciangot-tw.cern.ch
  timeleft: 677:29:59  (28.2 days)

 error: 
 retcode : 0
DEBUG 2021-11-25 03:25:32.738 UTC: 	 Myproxy is valid: 2438999
DEBUG 2021-11-25 03:25:32.738 UTC: 	 Result of myproxy credential check:
  Credential exists on myproxy: username: b52ac606a6f7097e9b4b8f05a3a67cc69f8f291b  - validity: 28 days, 5:31:07
  Credential exists on myproxy: username: yian_CRAB  - validity: 28 days, 5:29:59
DEBUG 2021-11-25 03:25:32.961 UTC: 	 Command use: resubmit
DEBUG 2021-11-25 03:25:32.961 UTC: 	 Options use: ['-d', 'crab2017/crab_ST_tW_top_5f_NoFullyHadronicDecays_TuneCP5_13TeV-powheg-pythia8_2017']
DEBUG 2021-11-25 03:25:33.074 UTC: 	 CRABClient version: v3.210825
DEBUG 2021-11-25 03:25:33.074 UTC: 	 Instance is prod
DEBUG 2021-11-25 03:25:33.074 UTC: 	 Server base url is cmsweb.cern.ch
DEBUG 2021-11-25 03:25:33.074 UTC: 	 Command api workflow
DEBUG 2021-11-25 03:25:33.085 UTC: 	 CRAB Client version: v3.210825
DEBUG 2021-11-25 03:25:33.085 UTC: 	 Running on: Linux lxplus7107.cern.ch 3.10.0-1160.45.1.el7.x86_64 #1 SMP Wed Oct 13 17:20:51 UTC 2021 x86_64 x86_64 x86_64 GNU/Linux - CentOS Linux 7 (Core)
DEBUG 2021-11-25 03:25:33.085 UTC: 	 Executing command: 'status'
DEBUG 2021-11-25 03:25:33.086 UTC: 	 Found CRAB cache file /afs/cern.ch/user/y/yian/.crab3
DEBUG 2021-11-25 03:25:33.169 UTC: 	 Checking credentials
DEBUG 2021-11-25 03:25:33.169 UTC: 	 Found proxy file /tmp/x509up_u110046
DEBUG 2021-11-25 03:25:33.169 UTC: 	 Getting proxy life time left
DEBUG 2021-11-25 03:25:33.774 UTC: 	 Executing : 
 command : voms-proxy-info -file /tmp/x509up_u110046 -timeleft
 output : 604560

 error: 
 retcode : 0
DEBUG 2021-11-25 03:25:34.380 UTC: 	 Executing : 
 command : voms-proxy-info -file /tmp/x509up_u110046 -actimeleft
 output : 604559

 error: 
 retcode : 0
DEBUG 2021-11-25 03:25:34.380 UTC: 	 Proxy lifetime 604560 secs is different from voms extension lifetime 604559 secs for proxy: /tmp/x509up_u110046
DEBUG 2021-11-25 03:25:34.380 UTC: 	 Proxy valid for 167:55:59 hours
DEBUG 2021-11-25 03:25:34.424 UTC: 	 Registering user credentials for server /DC=ch/DC=cern/OU=computers/CN=crab-(preprod|prod|dev)-tw(02|01).cern.ch|/DC=ch/DC=cern/OU=computers/CN=stefanov(m|m2).cern.ch|/DC=ch/DC=cern/OU=computers/CN=dciangot-tw.cern.ch
DEBUG 2021-11-25 03:25:35.035 UTC: 	 Executing : 
 command : voms-proxy-info -file /tmp/x509up_u110046 -identity
 output : /DC=ch/DC=cern/OU=Organic Units/OU=Users/CN=yian/CN=826694/CN=Ying An

 error: 
 retcode : 0
DEBUG 2021-11-25 03:25:35.042 UTC: 	 Getting myproxy life time left for myproxy.cern.ch
DEBUG 2021-11-25 03:25:35.043 UTC: 	 using b52ac606a6f7097e9b4b8f05a3a67cc69f8f291b as credential login name
DEBUG 2021-11-25 03:25:35.447 UTC: 	 Executing : 
 command : myproxy-info -l b52ac606a6f7097e9b4b8f05a3a67cc69f8f291b -s myproxy.cern.ch
 output : username: b52ac606a6f7097e9b4b8f05a3a67cc69f8f291b
owner: /DC=ch/DC=cern/OU=Organic Units/OU=Users/CN=yian/CN=826694/CN=Ying An
  renewal policy: /DC=ch/DC=cern/OU=computers/CN=crab-(preprod|prod|dev)-tw(02|01).cern.ch|/DC=ch/DC=cern/OU=computers/CN=stefanov(m|m2).cern.ch|/DC=ch/DC=cern/OU=computers/CN=dciangot-tw.cern.ch
  trusted retrieval policy: /DC=ch/DC=cern/OU=computers/CN=crab-(preprod|prod|dev)-tw(02|01).cern.ch|/DC=ch/DC=cern/OU=computers/CN=stefanov(m|m2).cern.ch|/DC=ch/DC=cern/OU=computers/CN=dciangot-tw.cern.ch
  timeleft: 677:31:03  (28.2 days)

 error: 
 retcode : 0
DEBUG 2021-11-25 03:25:35.447 UTC: 	 Myproxy is valid: 2439063
DEBUG 2021-11-25 03:25:35.447 UTC: 	 Retrieving username ...
DEBUG 2021-11-25 03:25:35.447 UTC: 	 Retrieving username from CRIC...
DEBUG 2021-11-25 03:25:37.102 UTC: 	 username is yian
DEBUG 2021-11-25 03:25:37.108 UTC: 	 Getting myproxy life time left for myproxy.cern.ch
DEBUG 2021-11-25 03:25:37.108 UTC: 	 using yian_CRAB as credential login name
DEBUG 2021-11-25 03:25:37.412 UTC: 	 Executing : 
 command : myproxy-info -l yian_CRAB -s myproxy.cern.ch
 output : username: yian_CRAB
owner: /DC=ch/DC=cern/OU=Organic Units/OU=Users/CN=yian/CN=826694/CN=Ying An
  renewal policy: /DC=ch/DC=cern/OU=computers/CN=crab-(preprod|prod|dev)-tw(02|01).cern.ch|/DC=ch/DC=cern/OU=computers/CN=stefanov(m|m2).cern.ch|/DC=ch/DC=cern/OU=computers/CN=dciangot-tw.cern.ch
  trusted retrieval policy: /DC=ch/DC=cern/OU=computers/CN=crab-(preprod|prod|dev)-tw(02|01).cern.ch|/DC=ch/DC=cern/OU=computers/CN=stefanov(m|m2).cern.ch|/DC=ch/DC=cern/OU=computers/CN=dciangot-tw.cern.ch
  timeleft: 677:29:54  (28.2 days)

 error: 
 retcode : 0
DEBUG 2021-11-25 03:25:37.412 UTC: 	 Myproxy is valid: 2438994
DEBUG 2021-11-25 03:25:37.413 UTC: 	 Result of myproxy credential check:
  Credential exists on myproxy: username: b52ac606a6f7097e9b4b8f05a3a67cc69f8f291b  - validity: 28 days, 5:31:03
  Credential exists on myproxy: username: yian_CRAB  - validity: 28 days, 5:29:54
DEBUG 2021-11-25 03:25:37.414 UTC: 	 Command use: status
DEBUG 2021-11-25 03:25:37.414 UTC: 	 Options use: []
DEBUG 2021-11-25 03:25:37.477 UTC: 	 CRABClient version: v3.210825
DEBUG 2021-11-25 03:25:37.477 UTC: 	 Instance is prod
DEBUG 2021-11-25 03:25:37.477 UTC: 	 Server base url is cmsweb.cern.ch
DEBUG 2021-11-25 03:25:37.477 UTC: 	 Command api workflow
DEBUG 2021-11-25 03:25:37.550 UTC: 	 Got information from server oracle database: {u'result': [u'211123_161227:yian_crab_ST_tW_top_5f_NoFullyHadronicDecays_TuneCP5_13TeV-powheg-pythia8_2017', u'None', u'None', u'SUBMITTED', u'SUBMIT', u'2021-11-23 16:12:27.499599', u'None', u'2021-11-23 16:13:05.953899', u'None', u'CMSSW_10_6_20', u'slc7_amd64_gcc820', u'/ST_tW_top_5f_NoFullyHadronicDecays_TuneCP5_13TeV-powheg-pythia8/RunIISummer20UL17NanoAODv9-106X_mc2017_realistic_v9-v1/NANOAODSIM', u'T', u'0', u"[u'T2_US_UCSD', u'T2_US_Wisconsin', u'T2_US_MIT', u'T2_US_Caltech', u'T2_US_Purdue', u'T2_US_Nebraska']", u'[]', u'FileBased', u"{'splitOnRun': False, 'halt_job_on_file_boundaries': False, 'files_per_job': 1, 'runs': [], 'lumis': []}", u'39bc3010d7ba2374684857ed42fc86481bae0161e7f8c7d93f5c25e342929c09.tar.gz', u'https://cmsweb.cern.ch/S3/crabcache_prod', u'yian', u'/DC=ch/DC=cern/OU=Organic Units/OU=Users/CN=yian/CN=826694/CN=Ying An', u'cms', u'None', u'None', u'ST_tW_top_5f_NoFullyHadronicDecays_TuneCP5_13TeV-powheg-pythia8_2017-00000000000000000000000000000000', u'F', u'T2_CH_CERN', u'https://cmsweb.cern.ch/dbs/prod/global/DBSReader', u'https://cmsweb.cern.ch/dbs/prod/phys03/DBSWriter', u'F', u'[]', u'[]', u"[b'tree.root']", u'Analysis', u'pythia', u'None', u'{}', u'[]', u'F', u'crab-prod-tw01', u'[]', u'1250', u'1', u'2000', u'10', u"['/ST_tW_top_5f_NoFullyHadronicDecays_TuneCP5_13TeV-powheg-pythia8/yian-ST_tW_top_5f_NoFullyHadronicDecays_TuneCP5_13TeV-powheg-pythia8_2017-76de701442013e6ff941c86cd482e64d/USER']", u'[]', u'http://vocms0195.cern.ch/mon/cms1407/211123_161227:yian_crab_ST_tW_top_5f_NoFullyHadronicDecays_TuneCP5_13TeV-powheg-pythia8_2017', u'WWG_crab_script.sh', u"[b'isdata=MC', b'year=2017', b'era=B']", u'[]', u'https://cmsweb.cern.ch/crabserver/prod', u'cmsgwms-collector-global.cern.ch:9620,cmsgwms-collector-global.fnal.gov:9620', u'crab3@vocms0195.cern.ch', u'F', u'[]', u'T', u'/store/user/yian/', u'T', u'None', u'F', u'None', u'ST_tW_top_5f_NoFullyHadronicDecays_TuneCP5_13TeV-powheg-pythia8', u'None', u'055bddad0441c2a738495a588cf5419251c274c1234ae796edcc672c2d32f841.tar.gz', u'70346913', u'filetransfers', u'F', u'188.184.97.219', u'0.0', u'None'], u'desc': {u'columns': [u'tm_taskname', u'tm_activity', u'panda_jobset_id', u'tm_task_status', u'tm_task_command', u'tm_start_time', u'tm_start_injection', u'tm_end_injection', u'tm_task_failure', u'tm_job_sw', u'tm_job_arch', u'tm_input_dataset', u'tm_nonvalid_input_dataset', u'tm_use_parent', u'tm_site_whitelist', u'tm_site_blacklist', u'tm_split_algo', u'tm_split_args', u'tm_user_sandbox', u'tm_cache_url', u'tm_username', u'tm_user_dn', u'tm_user_vo', u'tm_user_role', u'tm_user_group', u'tm_publish_name', u'tm_publish_groupname', u'tm_asyncdest', u'tm_dbs_url', u'tm_publish_dbs_url', u'tm_publication', u'tm_outfiles', u'tm_tfile_outfiles', u'tm_edm_outfiles', u'tm_job_type', u'tm_generator', u'tm_events_per_lumi', u'tm_arguments', u'panda_resubmitted_jobs', u'tm_save_logs', u'tw_name', u'tm_user_infiles', u'tm_maxjobruntime', u'tm_numcores', u'tm_maxmemory', u'tm_priority', u'tm_output_dataset', u'tm_task_warnings', u'tm_user_webdir', u'tm_scriptexe', u'tm_scriptargs', u'tm_extrajdl', u'tm_asourl', u'tm_collector', u'tm_schedd', u'tm_dry_run', u'tm_user_files', u'tm_transfer_outputs', u'tm_output_lfn', u'tm_ignore_locality', u'tm_fail_limit', u'tm_one_event_mode', u'tm_secondary_input_dataset', u'tm_primary_dataset', u'tm_last_publication', u'tm_debug_files', u'clusterid', u'tm_asodb', u'tm_ignore_global_blacklist', u'tm_submitter_ip_addr', u'tm_totalunits', u'tm_ddm_reqid']}}
INFO 2021-11-25 03:25:37.550 UTC: 	 CRAB project directory:		/afs/cern.ch/work/y/yian/work/GZ/CMSSW_10_6_20/src/PhysicsTools/NanoAODTools/WWG/2017/crab/crab2017/crab_ST_tW_top_5f_NoFullyHadronicDecays_TuneCP5_13TeV-powheg-pythia8_2017
INFO 2021-11-25 03:25:37.550 UTC: 	 Task name:			211123_161227:yian_crab_ST_tW_top_5f_NoFullyHadronicDecays_TuneCP5_13TeV-powheg-pythia8_2017
INFO 2021-11-25 03:25:37.550 UTC: 	 Grid scheduler - Task Worker:	crab3@vocms0195.cern.ch - crab-prod-tw01
INFO 2021-11-25 03:25:37.550 UTC: 	 Status on the CRAB server:	SUBMITTED
INFO 2021-11-25 03:25:37.550 UTC: 	 Task URL to use for HELP:	https://cmsweb.cern.ch/crabserver/ui/task/211123_161227%3Ayian_crab_ST_tW_top_5f_NoFullyHadronicDecays_TuneCP5_13TeV-powheg-pythia8_2017
INFO 2021-11-25 03:25:37.554 UTC: 	 Dashboard monitoring URL:	https://monit-grafana.cern.ch/d/cmsTMDetail/cms-task-monitoring-task-view?orgId=11&var-user=yian&var-task=211123_161227%3Ayian_crab_ST_tW_top_5f_NoFullyHadronicDecays_TuneCP5_13TeV-powheg-pythia8_2017&from=1637680347000&to=now
DEBUG 2021-11-25 03:25:37.554 UTC: 	 The CRAB server submitted your task to the Grid scheduler (cluster ID: 70346913)
DEBUG 2021-11-25 03:25:37.554 UTC: 	 Webdir is located at http://vocms0195.cern.ch/mon/cms1407/211123_161227:yian_crab_ST_tW_top_5f_NoFullyHadronicDecays_TuneCP5_13TeV-powheg-pythia8_2017
DEBUG 2021-11-25 03:25:37.727 UTC: 	 Proxied webdir is located at https://cmsweb.cern.ch:8443/scheddmon/0195/cms1407/211123_161227:yian_crab_ST_tW_top_5f_NoFullyHadronicDecays_TuneCP5_13TeV-powheg-pythia8_2017
DEBUG 2021-11-25 03:25:37.727 UTC: 	 Retrieving 'status_cache' file from https://cmsweb.cern.ch:8443/scheddmon/0195/cms1407/211123_161227:yian_crab_ST_tW_top_5f_NoFullyHadronicDecays_TuneCP5_13TeV-powheg-pythia8_2017/status_cache
DEBUG 2021-11-25 03:25:37.777 UTC: 	 Got information from status cache file: {'11': {'Retries': 0, 'WallDurations': [9.0, 251.35247802734375, 2998.0], 'StartTimes': [1637697934.0], 'SubmitTimes': [1637683997.0], 'JobIds': ['70346925.0'], 'EndTimes': [1637700932.0], 'Restarts': 0, 'RecordedSite': True, 'State': 'finished', 'ResidentSetSize': [1370460], 'TotalUserCpuTimeHistory': [1201], 'SiteHistory': ['Unknown', 'T2_US_MIT', 'T2_US_MIT'], 'TotalSysCpuTimeHistory': [33]}, '10': {'Retries': 1, 'WallDurations': [8.0, 247.35247802734375, 53140.0, 9.0, 143.37307405471802, 33365.0], 'StartTimes': [1637697938.0, 1637754424.0], 'SubmitTimes': [1637683997.0, 1637752950.0], 'JobIds': ['70346924.0', '70361789.0'], 'EndTimes': [1637751078.0, 1637787789.0], 'Restarts': 0, 'RecordedSite': True, 'State': 'finished', 'ResidentSetSize': [1452944, 1439476], 'TotalUserCpuTimeHistory': [6774, 7369], 'SiteHistory': ['Unknown', 'T2_US_UCSD', 'T2_US_UCSD', 'Unknown', 'T2_US_MIT', 'T2_US_MIT'], 'TotalSysCpuTimeHistory': [451, 279]}, '13': {'Retries': 0, 'WallDurations': [8.0, 251.35247802734375, 11401.0], 'StartTimes': [1637697934.0], 'SubmitTimes': [1637683997.0], 'JobIds': ['70346927.0'], 'EndTimes': [1637709335.0], 'Restarts': 0, 'RecordedSite': True, 'State': 'finished', 'ResidentSetSize': [1432624], 'TotalUserCpuTimeHistory': [2108], 'SiteHistory': ['Unknown', 'T2_US_MIT', 'T2_US_MIT'], 'TotalSysCpuTimeHistory': [85]}, '12': {'Retries': 0, 'WallDurations': [9.0, 248.35247802734375, 41950.0], 'StartTimes': [1637697937.0], 'SubmitTimes': [1637683997.0], 'JobIds': ['70346926.0'], 'EndTimes': [1637739887.0], 'Restarts': 0, 'RecordedSite': True, 'State': 'finished', 'ResidentSetSize': [1565364], 'TotalUserCpuTimeHistory': [12196], 'SiteHistory': ['Unknown', 'T2_US_MIT', 'T2_US_MIT'], 'TotalSysCpuTimeHistory': [708]}, '15': {'Retries': 0, 'WallDurations': [9.0, 225.35247802734375, 75017.0], 'StartTimes': [1637697960.0], 'SubmitTimes': [1637683998.0], 'JobIds': ['70346929.0'], 'TotalUserCpuTimeHistory': [24243.0], 'EndTimes': [], 'Restarts': 0, 'RecordedSite': True, 'State': 'failed', 'ResidentSetSize': [1497380], 'Error': [50664, 'Not retrying job due to wall clock limit (job automatically killed on the worker node)', {}], 'SiteHistory': ['Unknown', 'T2_US_UCSD', 'T2_US_UCSD'], 'TotalSysCpuTimeHistory': [1634.0]}, '14': {'Retries': 0, 'WallDurations': [9.0, 242.35247802734375, 75011.0], 'StartTimes': [1637697943.0], 'SubmitTimes': [1637683998.0], 'JobIds': ['70346928.0'], 'EndTimes': [], 'Restarts': 0, 'RecordedSite': True, 'State': 'failed', 'ResidentSetSize': [1498700], 'TotalUserCpuTimeHistory': [9672.0], 'SiteHistory': ['Unknown', 'T2_US_UCSD', 'T2_US_UCSD'], 'TotalSysCpuTimeHistory': [700.0]}, '17': {'Retries': 1, 'WallDurations': [10.0, 234.35247802734375, 54593.0, 9.0, 242.10549092292786, 55001.0], 'StartTimes': [1637697951.0, 1637754928.0], 'SubmitTimes': [1637683998.0, 1637754420.0], 'JobIds': ['70346931.0', '70361896.0'], 'EndTimes': [1637752544.0], 'Restarts': 0, 'RecordedSite': True, 'State': 'running', 'ResidentSetSize': [1562512, 1478944], 'TotalUserCpuTimeHistory': [13955, 22295.0], 'SiteHistory': ['Unknown', 'T2_US_MIT', 'T2_US_MIT', 'Unknown', 'T2_US_Nebraska', 'T2_US_Nebraska'], 'TotalSysCpuTimeHistory': [836, 1601.0]}, '16': {'Retries': 0, 'WallDurations': [8.0, 250.35247802734375, 7091.0], 'StartTimes': [1637697935.0], 'SubmitTimes': [1637683998.0], 'JobIds': ['70346930.0'], 'EndTimes': [1637705026.0], 'Restarts': 0, 'RecordedSite': True, 'State': 'finished', 'ResidentSetSize': [1387012], 'TotalUserCpuTimeHistory': [1918], 'SiteHistory': ['Unknown', 'T2_US_MIT', 'T2_US_MIT'], 'TotalSysCpuTimeHistory': [91]}, '19': {'Retries': 0, 'WallDurations': [9.0, 236.35247802734375, 1667.0], 'StartTimes': [1637697949.0], 'SubmitTimes': [1637683999.0], 'JobIds': ['70346933.0'], 'EndTimes': [1637699616.0], 'Restarts': 0, 'RecordedSite': True, 'State': 'finished', 'ResidentSetSize': [1378104], 'TotalUserCpuTimeHistory': [869], 'SiteHistory': ['Unknown', 'T2_US_UCSD', 'T2_US_UCSD'], 'TotalSysCpuTimeHistory': [13]}, '18': {'Retries': 0, 'WallDurations': [9.0, 246.35247802734375, 4455.0], 'StartTimes': [1637697939.0], 'SubmitTimes': [1637683998.0], 'JobIds': ['70346932.0'], 'EndTimes': [1637702394.0], 'Restarts': 0, 'RecordedSite': True, 'State': 'finished', 'ResidentSetSize': [1456500], 'TotalUserCpuTimeHistory': [4107], 'SiteHistory': ['Unknown', 'T2_US_MIT', 'T2_US_MIT'], 'TotalSysCpuTimeHistory': [205]}, '1': {'Retries': 0, 'WallDurations': [9.0, 231.35247802734375, 4809.0], 'StartTimes': [1637697954.0], 'SubmitTimes': [1637683991.0], 'JobIds': ['70346915.0'], 'EndTimes': [1637702763.0], 'Restarts': 0, 'RecordedSite': True, 'State': 'finished', 'ResidentSetSize': [1433752], 'TotalUserCpuTimeHistory': [1689], 'SiteHistory': ['Unknown', 'T2_US_MIT', 'T2_US_MIT'], 'TotalSysCpuTimeHistory': [63]}, '3': {'Retries': 0, 'WallDurations': [9.0, 239.35247802734375, 5010.0], 'StartTimes': [1637697946.0], 'SubmitTimes': [1637683991.0], 'JobIds': ['70346917.0'], 'EndTimes': [1637702956.0], 'Restarts': 0, 'RecordedSite': True, 'State': 'finished', 'ResidentSetSize': [1389864], 'TotalUserCpuTimeHistory': [1291], 'SiteHistory': ['Unknown', 'T2_US_UCSD', 'T2_US_UCSD'], 'TotalSysCpuTimeHistory': [50]}, '2': {'Retries': 0, 'WallDurations': [8.0, 227.35247802734375, 25257.0], 'StartTimes': [1637697958.0], 'SubmitTimes': [1637683991.0], 'JobIds': ['70346916.0'], 'EndTimes': [1637723215.0], 'Restarts': 0, 'RecordedSite': True, 'State': 'finished', 'ResidentSetSize': [1543384], 'TotalUserCpuTimeHistory': [9063], 'SiteHistory': ['Unknown', 'T2_US_UCSD', 'T2_US_UCSD'], 'TotalSysCpuTimeHistory': [512]}, '5': {'Retries': 0, 'WallDurations': [10.0, 222.35247802734375, 7975.0], 'StartTimes': [1637697963.0], 'SubmitTimes': [1637683991.0], 'JobIds': ['70346919.0'], 'EndTimes': [1637705938.0], 'Restarts': 0, 'RecordedSite': True, 'State': 'finished', 'ResidentSetSize': [1389240], 'TotalUserCpuTimeHistory': [1722], 'SiteHistory': ['Unknown', 'T2_US_UCSD', 'T2_US_UCSD'], 'TotalSysCpuTimeHistory': [81]}, '4': {'Retries': 0, 'WallDurations': [9.0, 248.35247802734375, 8780.0], 'StartTimes': [1637697937.0], 'SubmitTimes': [1637683991.0], 'JobIds': ['70346918.0'], 'EndTimes': [1637706717.0], 'Restarts': 0, 'RecordedSite': True, 'State': 'finished', 'ResidentSetSize': [1450732], 'TotalUserCpuTimeHistory': [1886], 'SiteHistory': ['Unknown', 'T2_US_MIT', 'T2_US_MIT'], 'TotalSysCpuTimeHistory': [69]}, '7': {'Retries': 0, 'WallDurations': [9.0, 248.35247802734375, 75013.0], 'StartTimes': [1637697937.0], 'SubmitTimes': [1637683991.0], 'JobIds': ['70346921.0'], 'EndTimes': [], 'Restarts': 0, 'RecordedSite': True, 'State': 'failed', 'ResidentSetSize': [1397040], 'TotalUserCpuTimeHistory': [6906.0], 'SiteHistory': ['Unknown', 'T2_US_MIT', 'T2_US_MIT'], 'TotalSysCpuTimeHistory': [373.0]}, '6': {'Retries': 0, 'WallDurations': [9.0, 252.35247802734375, 1743.0], 'StartTimes': [1637697933.0], 'SubmitTimes': [1637683991.0], 'JobIds': ['70346920.0'], 'EndTimes': [1637699676.0], 'Restarts': 0, 'RecordedSite': True, 'State': 'finished', 'ResidentSetSize': [1426200], 'TotalUserCpuTimeHistory': [1594], 'SiteHistory': ['Unknown', 'T2_US_MIT', 'T2_US_MIT'], 'TotalSysCpuTimeHistory': [61]}, '9': {'Retries': 0, 'WallDurations': [9.0, 252.35247802734375, 14802.0], 'StartTimes': [1637697933.0], 'SubmitTimes': [1637683997.0], 'JobIds': ['70346923.0'], 'EndTimes': [1637712735.0], 'Restarts': 0, 'RecordedSite': True, 'State': 'finished', 'ResidentSetSize': [1567928], 'TotalUserCpuTimeHistory': [3580], 'SiteHistory': ['Unknown', 'T2_US_MIT', 'T2_US_MIT'], 'TotalSysCpuTimeHistory': [188]}, '20': {'Retries': 0, 'WallDurations': [9.0, 247.35247802734375, 1208.0], 'StartTimes': [1637697938.0], 'SubmitTimes': [1637683999.0], 'JobIds': ['70346934.0'], 'EndTimes': [1637699146.0], 'Restarts': 0, 'RecordedSite': True, 'State': 'finished', 'ResidentSetSize': [1384008], 'TotalUserCpuTimeHistory': [810], 'SiteHistory': ['Unknown', 'T2_US_MIT', 'T2_US_MIT'], 'TotalSysCpuTimeHistory': [8]}, '8': {'Retries': 0, 'WallDurations': [9.0, 218.35247802734375, 11732.0], 'StartTimes': [1637697967.0], 'SubmitTimes': [1637683992.0], 'JobIds': ['70346922.0'], 'EndTimes': [1637709699.0], 'Restarts': 0, 'RecordedSite': True, 'State': 'finished', 'ResidentSetSize': [1441472], 'TotalUserCpuTimeHistory': [10755], 'SiteHistory': ['Unknown', 'T2_US_UCSD', 'T2_US_UCSD'], 'TotalSysCpuTimeHistory': [659]}}
INFO 2021-11-25 03:25:37.777 UTC: 	 Status on the scheduler:	SUBMITTED
INFO 2021-11-25 03:25:37.778 UTC: 	 
Jobs status:                    failed       		 15.0% ( 3/20)
INFO 2021-11-25 03:25:37.778 UTC: 	 				finished     		 80.0% (16/20)
INFO 2021-11-25 03:25:37.778 UTC: 	 				running      		  5.0% ( 1/20)
INFO 2021-11-25 03:25:37.778 UTC: 	 
No publication information (publication has been disabled in the CRAB configuration file)
INFO 2021-11-25 03:25:37.778 UTC: 	 
Error Summary: (use crab status --verboseErrors for details about the errors)

 1 jobs failed with exit code 50664

Could not find exit code details for 2 jobs.

Have a look at https://twiki.cern.ch/twiki/bin/viewauth/CMSPublic/JobExitCodes for a description of the exit codes.
INFO 2021-11-25 03:25:37.778 UTC: 	 
Warning: the average jobs CPU efficiency is less than 50%, please consider to improve the jobs splitting (e.g. config.Data.splitting = 'Automatic') in a new task
INFO 2021-11-25 03:25:37.778 UTC: 	 
Summary of run jobs:
 * Memory: 1351MB min, 1531MB max, 1411MB ave
 * Runtime: 0:20:08 min, 20:50:17 max, 5:59:01 ave
 * CPU eff: 10% min, 97% max, 27% ave
 * Waste: 16:07:27 (12% of total)

DEBUG 2021-11-25 03:25:37.779 UTC: 	 Requesting resubmission of failed jobs in task 211123_161227:yian_crab_ST_tW_top_5f_NoFullyHadronicDecays_TuneCP5_13TeV-powheg-pythia8_2017
INFO 2021-11-25 03:25:37.779 UTC: 	 Sending resubmit request to the server.
DEBUG 2021-11-25 03:25:37.779 UTC: 	 Submitting {'publication': 0, 'jobids': ['15', '14', '7'], 'subresource': 'resubmit2', 'workflow': u'211123_161227:yian_crab_ST_tW_top_5f_NoFullyHadronicDecays_TuneCP5_13TeV-powheg-pythia8_2017'} 
DEBUG 2021-11-25 03:25:37.779 UTC: 	 Encoded resubmit request: publication=0&subresource=resubmit2&workflow=211123_161227%3Ayian_crab_ST_tW_top_5f_NoFullyHadronicDecays_TuneCP5_13TeV-powheg-pythia8_2017&jobids=15&jobids=14&jobids=7
DEBUG 2021-11-25 03:25:37.853 UTC: 	 Result: {u'result': [{u'result': u'ok'}], u'desc': {u'columns': [u'tm_site_blacklist', u'tm_site_whitelist', u'tm_maxjobruntime', u'tm_maxmemory', u'tm_numcores', u'tm_priority']}}
INFO 2021-11-25 03:25:37.853 UTC: 	 Resubmit request sent to the server.
INFO 2021-11-25 03:25:37.853 UTC: 	 Please use ' crab status ' to check how the resubmission process proceeds.
Notice it may take a couple of minutes for the resubmission to get fully processed.
INFO 2021-11-25 03:25:37.857 UTC: 	 Log file is /afs/cern.ch/work/y/yian/work/GZ/CMSSW_10_6_20/src/PhysicsTools/NanoAODTools/WWG/2017/crab/crab2017/crab_ST_tW_top_5f_NoFullyHadronicDecays_TuneCP5_13TeV-powheg-pythia8_2017/crab.log
