DEBUG 2021-07-06 07:38:00.102 UTC: 	 CRAB Client version: v3.210610
DEBUG 2021-07-06 07:38:00.102 UTC: 	 Running on: Linux lxplus746.cern.ch 3.10.0-1160.31.1.el7.x86_64 #1 SMP Thu Jun 10 13:32:12 UTC 2021 x86_64 x86_64 x86_64 GNU/Linux - CentOS Linux 7 (Core)
DEBUG 2021-07-06 07:38:00.102 UTC: 	 Executing command: 'submit'
DEBUG 2021-07-06 07:38:00.102 UTC: 	 Found CRAB cache file /afs/cern.ch/user/y/yian/.crab3
INFO 2021-07-06 07:38:00.104 UTC: 	 Will use CRAB configuration file crabcode_2018/ZZ_TuneCP5_13TeV-pythia8_2018_cfg.py
DEBUG 2021-07-06 07:38:00.104 UTC: 	 Loading CRAB configuration file.
DEBUG 2021-07-06 07:38:00.117 UTC: 	 Will use CRAB Analysis plugin (i.e. will run an analysis job type).
DEBUG 2021-07-06 07:38:00.133 UTC: 	 Checking credentials
DEBUG 2021-07-06 07:38:00.133 UTC: 	 Found proxy file /tmp/x509up_u110046
DEBUG 2021-07-06 07:38:00.133 UTC: 	 Getting proxy life time left
DEBUG 2021-07-06 07:38:00.940 UTC: 	 Executing : 
 command : voms-proxy-info -file /tmp/x509up_u110046 -timeleft
 output : 602339

 error: 
 retcode : 0
DEBUG 2021-07-06 07:38:01.748 UTC: 	 Executing : 
 command : voms-proxy-info -file /tmp/x509up_u110046 -actimeleft
 output : 602338

 error: 
 retcode : 0
DEBUG 2021-07-06 07:38:01.748 UTC: 	 Proxy lifetime 602339 secs is different from voms extension lifetime 602338 secs for proxy: /tmp/x509up_u110046
DEBUG 2021-07-06 07:38:01.748 UTC: 	 Proxy valid for 167:18:58 hours
DEBUG 2021-07-06 07:38:02.455 UTC: 	 Executing : 
 command : env X509_USER_PROXY=/tmp/x509up_u110046 voms-proxy-info -fqan
 output : /cms/Role=NULL/Capability=NULL

 error: 
 retcode : 0
DEBUG 2021-07-06 07:38:02.577 UTC: 	 Registering user credentials for server /DC=ch/DC=cern/OU=computers/CN=crab-(preprod|prod|dev)-tw(02|01).cern.ch|/DC=ch/DC=cern/OU=computers/CN=(ddi|ddidk|mytw).cern.ch|/DC=ch/DC=cern/OU=computers/CN=stefanov(m|m2).cern.ch
DEBUG 2021-07-06 07:38:03.292 UTC: 	 Executing : 
 command : voms-proxy-info -file /tmp/x509up_u110046 -identity
 output : /DC=ch/DC=cern/OU=Organic Units/OU=Users/CN=yian/CN=826694/CN=Ying An

 error: 
 retcode : 0
DEBUG 2021-07-06 07:38:03.300 UTC: 	 Getting myproxy life time left for myproxy.cern.ch
DEBUG 2021-07-06 07:38:03.301 UTC: 	 using b52ac606a6f7097e9b4b8f05a3a67cc69f8f291b as credential login name
DEBUG 2021-07-06 07:38:03.605 UTC: 	 Executing : 
 command : myproxy-info -l b52ac606a6f7097e9b4b8f05a3a67cc69f8f291b -s myproxy.cern.ch
 output : username: b52ac606a6f7097e9b4b8f05a3a67cc69f8f291b
owner: /DC=ch/DC=cern/OU=Organic Units/OU=Users/CN=yian/CN=826694/CN=Ying An
  renewal policy: /DC=ch/DC=cern/OU=computers/CN=crab-(preprod|prod|dev)-tw(02|01).cern.ch|/DC=ch/DC=cern/OU=computers/CN=(ddi|ddidk|mytw).cern.ch|/DC=ch/DC=cern/OU=computers/CN=stefanov(m|m2).cern.ch
  trusted retrieval policy: /DC=ch/DC=cern/OU=computers/CN=crab-(preprod|prod|dev)-tw(02|01).cern.ch|/DC=ch/DC=cern/OU=computers/CN=(ddi|ddidk|mytw).cern.ch|/DC=ch/DC=cern/OU=computers/CN=stefanov(m|m2).cern.ch
  timeleft: 386:38:44  (16.1 days)

 error: 
 retcode : 0
DEBUG 2021-07-06 07:38:03.606 UTC: 	 Myproxy is valid: 1391924
DEBUG 2021-07-06 07:38:03.606 UTC: 	 Retrieving username ...
DEBUG 2021-07-06 07:38:03.606 UTC: 	 Retrieving username from CRIC...
DEBUG 2021-07-06 07:38:04.379 UTC: 	 username is yian
DEBUG 2021-07-06 07:38:04.385 UTC: 	 Getting myproxy life time left for myproxy.cern.ch
DEBUG 2021-07-06 07:38:04.386 UTC: 	 using yian_CRAB as credential login name
DEBUG 2021-07-06 07:38:04.891 UTC: 	 Executing : 
 command : myproxy-info -l yian_CRAB -s myproxy.cern.ch
 output : username: yian_CRAB
owner: /DC=ch/DC=cern/OU=Organic Units/OU=Users/CN=yian/CN=826694/CN=Ying An
  renewal policy: /DC=ch/DC=cern/OU=computers/CN=crab-(preprod|prod|dev)-tw(02|01).cern.ch|/DC=ch/DC=cern/OU=computers/CN=(ddi|ddidk|mytw).cern.ch|/DC=ch/DC=cern/OU=computers/CN=stefanov(m|m2).cern.ch
  trusted retrieval policy: /DC=ch/DC=cern/OU=computers/CN=crab-(preprod|prod|dev)-tw(02|01).cern.ch|/DC=ch/DC=cern/OU=computers/CN=(ddi|ddidk|mytw).cern.ch|/DC=ch/DC=cern/OU=computers/CN=stefanov(m|m2).cern.ch
  timeleft: 386:38:31  (16.1 days)

 error: 
 retcode : 0
DEBUG 2021-07-06 07:38:04.891 UTC: 	 Myproxy is valid: 1391911
DEBUG 2021-07-06 07:38:04.892 UTC: 	 Result of myproxy credential check:
  Credential exists on myproxy: username: b52ac606a6f7097e9b4b8f05a3a67cc69f8f291b  - validity: 16 days, 2:38:44
  Credential exists on myproxy: username: yian_CRAB  - validity: 16 days, 2:38:31
DEBUG 2021-07-06 07:38:04.892 UTC: 	 Command use: submit
DEBUG 2021-07-06 07:38:04.892 UTC: 	 Options use: ['-c', 'crabcode_2018/ZZ_TuneCP5_13TeV-pythia8_2018_cfg.py']
DEBUG 2021-07-06 07:38:05.010 UTC: 	 CRABClient version: v3.210610
DEBUG 2021-07-06 07:38:05.010 UTC: 	 Instance is prod
DEBUG 2021-07-06 07:38:05.010 UTC: 	 Server base url is cmsweb.cern.ch
DEBUG 2021-07-06 07:38:05.010 UTC: 	 Command api workflow
DEBUG 2021-07-06 07:38:05.010 UTC: 	 Started submission
DEBUG 2021-07-06 07:38:05.010 UTC: 	 Working on /afs/cern.ch/work/y/yian/work/GZ/CMSSW_10_6_20/src/PhysicsTools/NanoAODTools/WWG/2018/crab/crab2018/crab_ZZ_TuneCP5_13TeV-pythia8_2018
DEBUG 2021-07-06 07:38:05.155 UTC: 	 Loading required information from the environment
DEBUG 2021-07-06 07:38:05.156 UTC: 	 Found CMSSW_10_6_20 for slc7_amd64_gcc820 with base /afs/cern.ch/work/y/yian/work/GZ/CMSSW_10_6_20
DEBUG 2021-07-06 07:38:05.156 UTC: 	 Loading required information from the environment
DEBUG 2021-07-06 07:38:05.156 UTC: 	 Found CMSSW_10_6_20 for slc7_amd64_gcc820 with base /afs/cern.ch/work/y/yian/work/GZ/CMSSW_10_6_20
DEBUG 2021-07-06 07:38:05.156 UTC: 	 UNIQUE NAME: tarUUID 994925ea-a7f7-457d-8db2-84ceeea019ec 
DEBUG 2021-07-06 07:38:05.156 UTC: 	 self.config: from WMCore.Configuration import Configuration
config = Configuration()
config.section_('General')
config.General.workArea = 'crab2018'
config.General.transferLogs = False
config.General.requestName = 'ZZ_TuneCP5_13TeV-pythia8_2018'
config.section_('JobType')
config.JobType.scriptArgs = ['isdata=MC', 'year=2018']
config.JobType.scriptExe = './WWG_crab_script.sh'
config.JobType.pluginName = 'Analysis'
config.JobType.sendPythonFolder = True
config.JobType.allowUndistributedCMSSW = True
config.JobType.psetName = 'PSet.py'
config.JobType.inputFiles = ['../../../scripts/haddnano.py', '../WWG_selector/WWG_postproc.py', '../WWG_selector/WWG_Module.py', '../WWG_selector/WWG_keep_and_drop.txt', '../WWG_selector/WWG_output_branch.txt', '../WWG_selector/DAS_filesearch.py']
config.section_('Data')
config.Data.inputDataset = '/ZZ_TuneCP5_13TeV-pythia8/RunIISummer19UL18NanoAODv2-106X_upgrade2018_realistic_v15_L1v1-v1/NANOAODSIM'
config.Data.allowNonValidInputDataset = True
config.Data.publication = False
config.Data.unitsPerJob = 1
config.Data.ignoreLocality = True
config.Data.inputDBS = 'global'
config.Data.splitting = 'FileBased'
config.Data.outputDatasetTag = 'ZZ_TuneCP5_13TeV-pythia8_2018'
config.section_('Site')
config.Site.whitelist = ['T2_US_MIT', 'T2_US_Wisconsin', 'T2_US_Purdue', 'T2_US_UCSD', 'T2_US_Caltech', 'T2_US_Nebraska']
config.Site.storageSite = 'T3_CH_CERNBOX'

DEBUG 2021-07-06 07:38:05.156 UTC: 	 self.config.JobType.psetName: PSet.py
INFO 2021-07-06 07:38:05.156 UTC: 	 Importing CMSSW configuration PSet.py
INFO 2021-07-06 07:38:05.621 UTC: 	 Finished importing CMSSW configuration PSet.py
DEBUG 2021-07-06 07:38:05.621 UTC: 	 Writing CMSSW configuration to /afs/cern.ch/work/y/yian/work/GZ/CMSSW_10_6_20/src/PhysicsTools/NanoAODTools/WWG/2018/crab/crab2018/crab_ZZ_TuneCP5_13TeV-pythia8_2018/inputs/PSet.py
DEBUG 2021-07-06 07:38:05.631 UTC: 	 The following EDM output files will be collected: ['tree.root']
DEBUG 2021-07-06 07:38:05.631 UTC: 	 The following TFile output files will be collected: []
DEBUG 2021-07-06 07:38:05.631 UTC: 	 The following user output files (not listed as PoolOuputModule or TFileService in the CMSSW PSet) will be collected: 
DEBUG 2021-07-06 07:38:05.631 UTC: 	 Loading required information from the environment
DEBUG 2021-07-06 07:38:05.631 UTC: 	 Found CMSSW_10_6_20 for slc7_amd64_gcc820 with base /afs/cern.ch/work/y/yian/work/GZ/CMSSW_10_6_20
DEBUG 2021-07-06 07:38:05.631 UTC: 	 Making tarball in /afs/cern.ch/work/y/yian/work/GZ/CMSSW_10_6_20/src/PhysicsTools/NanoAODTools/WWG/2018/crab/crab2018/crab_ZZ_TuneCP5_13TeV-pythia8_2018/inputs/994925ea-a7f7-457d-8db2-84ceeea019ecdefault.tgz
DEBUG 2021-07-06 07:38:05.633 UTC: 	 Checking directory /afs/cern.ch/work/y/yian/work/GZ/CMSSW_10_6_20/lib
DEBUG 2021-07-06 07:38:05.633 UTC: 	 Adding directory /afs/cern.ch/work/y/yian/work/GZ/CMSSW_10_6_20/lib to tarball
DEBUG 2021-07-06 07:38:05.762 UTC: 	 Checking directory /afs/cern.ch/work/y/yian/work/GZ/CMSSW_10_6_20/biglib
DEBUG 2021-07-06 07:38:05.762 UTC: 	 Adding directory /afs/cern.ch/work/y/yian/work/GZ/CMSSW_10_6_20/biglib to tarball
DEBUG 2021-07-06 07:38:05.763 UTC: 	 Checking directory /afs/cern.ch/work/y/yian/work/GZ/CMSSW_10_6_20/module
DEBUG 2021-07-06 07:38:05.763 UTC: 	 Checking directory /afs/cern.ch/work/y/yian/work/GZ/CMSSW_10_6_20/python
DEBUG 2021-07-06 07:38:05.763 UTC: 	 Adding directory /afs/cern.ch/work/y/yian/work/GZ/CMSSW_10_6_20/python to tarball
DEBUG 2021-07-06 07:38:08.368 UTC: 	 Checking directory /afs/cern.ch/work/y/yian/work/GZ/CMSSW_10_6_20/cfipython
DEBUG 2021-07-06 07:38:08.368 UTC: 	 Adding directory /afs/cern.ch/work/y/yian/work/GZ/CMSSW_10_6_20/cfipython to tarball
DEBUG 2021-07-06 07:38:08.462 UTC: 	 Adding data directory /afs/cern.ch/work/y/yian/work/GZ/CMSSW_10_6_20/src/PhysicsTools/NanoAODTools/data to tarball
DEBUG 2021-07-06 07:38:30.407 UTC: 	 Adding data directory /afs/cern.ch/work/y/yian/work/GZ/CMSSW_10_6_20/src/PhysicsTools/NanoAODTools/interface to tarball
DEBUG 2021-07-06 07:38:30.413 UTC: 	 Adding data directory /afs/cern.ch/work/y/yian/work/GZ/CMSSW_10_6_20/src/PhysicsTools/NanoAODTools/python/postprocessing/data to tarball
DEBUG 2021-07-06 07:38:33.044 UTC: 	 Adding file ../../../scripts/haddnano.py to tarball
DEBUG 2021-07-06 07:38:33.045 UTC: 	 Adding file ../WWG_selector/WWG_postproc.py to tarball
DEBUG 2021-07-06 07:38:33.045 UTC: 	 Adding file ../WWG_selector/WWG_Module.py to tarball
DEBUG 2021-07-06 07:38:33.046 UTC: 	 Adding file ../WWG_selector/WWG_keep_and_drop.txt to tarball
DEBUG 2021-07-06 07:38:33.046 UTC: 	 Adding file ../WWG_selector/WWG_output_branch.txt to tarball
DEBUG 2021-07-06 07:38:33.047 UTC: 	 Adding file ../WWG_selector/DAS_filesearch.py to tarball
DEBUG 2021-07-06 07:38:38.420 UTC: 	 Uploading archive /afs/cern.ch/work/y/yian/work/GZ/CMSSW_10_6_20/src/PhysicsTools/NanoAODTools/WWG/2018/crab/crab2018/crab_ZZ_TuneCP5_13TeV-pythia8_2018/inputs/994925ea-a7f7-457d-8db2-84ceeea019ecdefault.tgz (94 MB) to the CRAB cache. Using URI https://cmsweb.cern.ch/S3/crabcache_prod
DEBUG 2021-07-06 07:39:02.906 UTC: 	 sandbox 6a82e959e4d4ba8bf1916b6d92bcb5a10435f2aec6d0d92007e9524325c9296d.tar.gz is already in the S3 store, will not upload again
DEBUG 2021-07-06 07:39:02.906 UTC: 	 Loading required information from the environment
DEBUG 2021-07-06 07:39:02.906 UTC: 	 Found CMSSW_10_6_20 for slc7_amd64_gcc820 with base /afs/cern.ch/work/y/yian/work/GZ/CMSSW_10_6_20
DEBUG 2021-07-06 07:39:02.906 UTC: 	 Making tarball in /afs/cern.ch/work/y/yian/work/GZ/CMSSW_10_6_20/src/PhysicsTools/NanoAODTools/WWG/2018/crab/crab2018/crab_ZZ_TuneCP5_13TeV-pythia8_2018/inputs/debugFiles.tgz
DEBUG 2021-07-06 07:39:02.920 UTC: 	 Uploading archive /afs/cern.ch/work/y/yian/work/GZ/CMSSW_10_6_20/src/PhysicsTools/NanoAODTools/WWG/2018/crab/crab2018/crab_ZZ_TuneCP5_13TeV-pythia8_2018/inputs/debugFiles.tgz (1 KB) to the CRAB cache. Using URI https://cmsweb.cern.ch/S3/crabcache_prod
DEBUG 2021-07-06 07:39:03.019 UTC: 	 sandbox b540793a203002d6ccc3e4d182c2e7ff6dc8926dcc32338903f802aec683ade6.tar.gz is already in the S3 store, will not upload again
DEBUG 2021-07-06 07:39:03.019 UTC: 	 Result uploading input files: 6a82e959e4d4ba8bf1916b6d92bcb5a10435f2aec6d0d92007e9524325c9296d.tar.gz 
INFO 2021-07-06 07:39:03.020 UTC: 	 Sending the request to the server at cmsweb.cern.ch
DEBUG 2021-07-06 07:39:03.020 UTC: 	 Submitting {'maxjobruntime': 1250, 'extrajdl': [], 'ignorelocality': 1, 'savelogsflag': 0, 'useparent': 0, 'scriptexe': 'WWG_crab_script.sh', 'asyncdest': 'T3_CH_CERNBOX', 'algoargs': 1, 'cachefilename': '6a82e959e4d4ba8bf1916b6d92bcb5a10435f2aec6d0d92007e9524325c9296d.tar.gz', 'numcores': 1, 'addoutputfiles': [], 'generator': 'pythia', 'maxmemory': 2000, 'publishdbsurl': 'https://cmsweb.cern.ch/dbs/prod/phys03/DBSWriter', 'priority': 10, 'jobsw': 'CMSSW_10_6_20', 'edmoutfiles': ['tree.root'], 'userfiles': [], 'primarydataset': '', 'inputdata': '/ZZ_TuneCP5_13TeV-pythia8/RunIISummer19UL18NanoAODv2-106X_upgrade2018_realistic_v15_L1v1-v1/NANOAODSIM', 'dryrun': 0, 'workflow': 'crab_ZZ_TuneCP5_13TeV-pythia8_2018', 'scriptargs': ['isdata=MC', 'year=2018'], 'sitewhitelist': ['T2_US_MIT', 'T2_US_Wisconsin', 'T2_US_Purdue', 'T2_US_UCSD', 'T2_US_Caltech', 'T2_US_Nebraska'], 'nonprodsw': 1, 'tfileoutfiles': [], 'oneEventMode': 0, 'debugfilename': 'b540793a203002d6ccc3e4d182c2e7ff6dc8926dcc32338903f802aec683ade6.tar.gz', 'cacheurl': u'https://cmsweb.cern.ch/S3/crabcache_prod', 'saveoutput': 1, 'publication': 0, 'jobarch': 'slc7_amd64_gcc820', 'totalunits': 0, 'splitalgo': 'FileBased', 'ignoreglobalblacklist': 0, 'nonvaliddata': 1, 'dbsurl': 'https://cmsweb.cern.ch/dbs/prod/global/DBSReader', 'publishgroupname': 0, 'jobtype': 'Analysis', 'publishname2': 'ZZ_TuneCP5_13TeV-pythia8_2018'} 
DEBUG 2021-07-06 07:39:03.020 UTC: 	 Encoded submit request: maxjobruntime=1250&ignorelocality=1&savelogsflag=0&useparent=0&scriptexe=WWG_crab_script.sh&asyncdest=T3_CH_CERNBOX&algoargs=1&cachefilename=6a82e959e4d4ba8bf1916b6d92bcb5a10435f2aec6d0d92007e9524325c9296d.tar.gz&numcores=1&generator=pythia&maxmemory=2000&publishdbsurl=https%3A%2F%2Fcmsweb.cern.ch%2Fdbs%2Fprod%2Fphys03%2FDBSWriter&priority=10&jobsw=CMSSW_10_6_20&primarydataset=&inputdata=%2FZZ_TuneCP5_13TeV-pythia8%2FRunIISummer19UL18NanoAODv2-106X_upgrade2018_realistic_v15_L1v1-v1%2FNANOAODSIM&dryrun=0&workflow=crab_ZZ_TuneCP5_13TeV-pythia8_2018&nonprodsw=1&oneEventMode=0&debugfilename=b540793a203002d6ccc3e4d182c2e7ff6dc8926dcc32338903f802aec683ade6.tar.gz&cacheurl=https%3A%2F%2Fcmsweb.cern.ch%2FS3%2Fcrabcache_prod&saveoutput=1&publication=0&jobarch=slc7_amd64_gcc820&totalunits=0&splitalgo=FileBased&ignoreglobalblacklist=0&nonvaliddata=1&dbsurl=https%3A%2F%2Fcmsweb.cern.ch%2Fdbs%2Fprod%2Fglobal%2FDBSReader&publishgroupname=0&jobtype=Analysis&publishname2=ZZ_TuneCP5_13TeV-pythia8_2018&sitewhitelist=T2_US_MIT&sitewhitelist=T2_US_Wisconsin&sitewhitelist=T2_US_Purdue&sitewhitelist=T2_US_UCSD&sitewhitelist=T2_US_Caltech&sitewhitelist=T2_US_Nebraska&edmoutfiles=tree.root&scriptargs=isdata%3DMC&scriptargs=year%3D2018
DEBUG 2021-07-06 07:39:03.346 UTC: 	 Result: {u'result': [{u'RequestName': u'210706_073903:yian_crab_ZZ_TuneCP5_13TeV-pythia8_2018'}]}
INFO 2021-07-06 07:39:03.349 UTC: 	 Success: Your task has been delivered to the prod CRAB3 server.
INFO 2021-07-06 07:39:03.349 UTC: 	 Task name: 210706_073903:yian_crab_ZZ_TuneCP5_13TeV-pythia8_2018
INFO 2021-07-06 07:39:03.350 UTC: 	 Project dir: crab2018/crab_ZZ_TuneCP5_13TeV-pythia8_2018
INFO 2021-07-06 07:39:03.350 UTC: 	 Please use ' crab status -d crab2018/crab_ZZ_TuneCP5_13TeV-pythia8_2018 ' to check how the submission process proceeds.
DEBUG 2021-07-06 07:39:03.350 UTC: 	 About to return
INFO 2021-07-06 07:39:03.353 UTC: 	 Log file is /afs/cern.ch/work/y/yian/work/GZ/CMSSW_10_6_20/src/PhysicsTools/NanoAODTools/WWG/2018/crab/crab2018/crab_ZZ_TuneCP5_13TeV-pythia8_2018/crab.log
DEBUG 2021-07-06 09:30:28.652 UTC: 	 CRAB Client version: v3.210610
DEBUG 2021-07-06 09:30:28.653 UTC: 	 Running on: Linux lxplus714.cern.ch 3.10.0-1160.31.1.el7.x86_64 #1 SMP Thu Jun 10 13:32:12 UTC 2021 x86_64 x86_64 x86_64 GNU/Linux - CentOS Linux 7 (Core)
DEBUG 2021-07-06 09:30:28.653 UTC: 	 Executing command: 'status'
DEBUG 2021-07-06 09:30:28.653 UTC: 	 Found CRAB cache file /afs/cern.ch/user/y/yian/.crab3
DEBUG 2021-07-06 09:30:28.766 UTC: 	 Checking credentials
DEBUG 2021-07-06 09:30:28.766 UTC: 	 Found proxy file /tmp/x509up_u110046
DEBUG 2021-07-06 09:30:28.766 UTC: 	 Getting proxy life time left
DEBUG 2021-07-06 09:30:29.471 UTC: 	 Executing : 
 command : voms-proxy-info -file /tmp/x509up_u110046 -timeleft
 output : 254135

 error: 
 retcode : 0
DEBUG 2021-07-06 09:30:30.077 UTC: 	 Executing : 
 command : voms-proxy-info -file /tmp/x509up_u110046 -actimeleft
 output : 254134

 error: 
 retcode : 0
DEBUG 2021-07-06 09:30:30.078 UTC: 	 Proxy lifetime 254135 secs is different from voms extension lifetime 254134 secs for proxy: /tmp/x509up_u110046
DEBUG 2021-07-06 09:30:30.078 UTC: 	 Proxy valid for 70:35:34 hours
DEBUG 2021-07-06 09:30:30.142 UTC: 	 Registering user credentials for server /DC=ch/DC=cern/OU=computers/CN=crab-(preprod|prod|dev)-tw(02|01).cern.ch|/DC=ch/DC=cern/OU=computers/CN=(ddi|ddidk|mytw).cern.ch|/DC=ch/DC=cern/OU=computers/CN=stefanov(m|m2).cern.ch
DEBUG 2021-07-06 09:30:30.856 UTC: 	 Executing : 
 command : voms-proxy-info -file /tmp/x509up_u110046 -identity
 output : /DC=ch/DC=cern/OU=Organic Units/OU=Users/CN=yian/CN=826694/CN=Ying An

 error: 
 retcode : 0
DEBUG 2021-07-06 09:30:30.863 UTC: 	 Getting myproxy life time left for myproxy.cern.ch
DEBUG 2021-07-06 09:30:30.863 UTC: 	 using b52ac606a6f7097e9b4b8f05a3a67cc69f8f291b as credential login name
DEBUG 2021-07-06 09:30:31.268 UTC: 	 Executing : 
 command : myproxy-info -l b52ac606a6f7097e9b4b8f05a3a67cc69f8f291b -s myproxy.cern.ch
 output : username: b52ac606a6f7097e9b4b8f05a3a67cc69f8f291b
owner: /DC=ch/DC=cern/OU=Organic Units/OU=Users/CN=yian/CN=826694/CN=Ying An
  renewal policy: /DC=ch/DC=cern/OU=computers/CN=crab-(preprod|prod|dev)-tw(02|01).cern.ch|/DC=ch/DC=cern/OU=computers/CN=(ddi|ddidk|mytw).cern.ch|/DC=ch/DC=cern/OU=computers/CN=stefanov(m|m2).cern.ch
  trusted retrieval policy: /DC=ch/DC=cern/OU=computers/CN=crab-(preprod|prod|dev)-tw(02|01).cern.ch|/DC=ch/DC=cern/OU=computers/CN=(ddi|ddidk|mytw).cern.ch|/DC=ch/DC=cern/OU=computers/CN=stefanov(m|m2).cern.ch
  timeleft: 384:46:16  (16.0 days)

 error: 
 retcode : 0
DEBUG 2021-07-06 09:30:31.269 UTC: 	 Myproxy is valid: 1385176
DEBUG 2021-07-06 09:30:31.269 UTC: 	 Retrieving username ...
DEBUG 2021-07-06 09:30:31.269 UTC: 	 Retrieving username from CRIC...
DEBUG 2021-07-06 09:30:32.050 UTC: 	 username is yian
DEBUG 2021-07-06 09:30:32.057 UTC: 	 Getting myproxy life time left for myproxy.cern.ch
DEBUG 2021-07-06 09:30:32.058 UTC: 	 using yian_CRAB as credential login name
DEBUG 2021-07-06 09:30:32.563 UTC: 	 Executing : 
 command : myproxy-info -l yian_CRAB -s myproxy.cern.ch
 output : username: yian_CRAB
owner: /DC=ch/DC=cern/OU=Organic Units/OU=Users/CN=yian/CN=826694/CN=Ying An
  renewal policy: /DC=ch/DC=cern/OU=computers/CN=crab-(preprod|prod|dev)-tw(02|01).cern.ch|/DC=ch/DC=cern/OU=computers/CN=(ddi|ddidk|mytw).cern.ch|/DC=ch/DC=cern/OU=computers/CN=stefanov(m|m2).cern.ch
  trusted retrieval policy: /DC=ch/DC=cern/OU=computers/CN=crab-(preprod|prod|dev)-tw(02|01).cern.ch|/DC=ch/DC=cern/OU=computers/CN=(ddi|ddidk|mytw).cern.ch|/DC=ch/DC=cern/OU=computers/CN=stefanov(m|m2).cern.ch
  timeleft: 384:46:03  (16.0 days)

 error: 
 retcode : 0
DEBUG 2021-07-06 09:30:32.563 UTC: 	 Myproxy is valid: 1385163
DEBUG 2021-07-06 09:30:32.563 UTC: 	 Result of myproxy credential check:
  Credential exists on myproxy: username: b52ac606a6f7097e9b4b8f05a3a67cc69f8f291b  - validity: 16 days, 0:46:16
  Credential exists on myproxy: username: yian_CRAB  - validity: 16 days, 0:46:03
DEBUG 2021-07-06 09:30:32.565 UTC: 	 Command use: status
DEBUG 2021-07-06 09:30:32.565 UTC: 	 Options use: ['-d', 'crab2018/crab_ZZ_TuneCP5_13TeV-pythia8_2018']
DEBUG 2021-07-06 09:30:32.643 UTC: 	 CRABClient version: v3.210610
DEBUG 2021-07-06 09:30:32.643 UTC: 	 Instance is prod
DEBUG 2021-07-06 09:30:32.643 UTC: 	 Server base url is cmsweb.cern.ch
DEBUG 2021-07-06 09:30:32.643 UTC: 	 Command api workflow
DEBUG 2021-07-06 09:30:32.703 UTC: 	 Got information from server oracle database: {u'result': [u'210706_073903:yian_crab_ZZ_TuneCP5_13TeV-pythia8_2018', u'None', u'None', u'SUBMITTED', u'SUBMIT', u'2021-07-06 07:39:03.335949', u'None', u'2021-07-06 07:41:08.894488', u'None', u'CMSSW_10_6_20', u'slc7_amd64_gcc820', u'/ZZ_TuneCP5_13TeV-pythia8/RunIISummer19UL18NanoAODv2-106X_upgrade2018_realistic_v15_L1v1-v1/NANOAODSIM', u'T', u'0', u"[u'T2_US_UCSD', u'T2_US_Wisconsin', u'T2_US_MIT', u'T2_US_Caltech', u'T2_US_Purdue', u'T2_US_Nebraska']", u'[]', u'FileBased', u"{'splitOnRun': False, 'halt_job_on_file_boundaries': False, 'files_per_job': 1, 'runs': [], 'lumis': []}", u'6a82e959e4d4ba8bf1916b6d92bcb5a10435f2aec6d0d92007e9524325c9296d.tar.gz', u'https://cmsweb.cern.ch/S3/crabcache_prod', u'yian', u'/DC=ch/DC=cern/OU=Organic Units/OU=Users/CN=yian/CN=826694/CN=Ying An', u'cms', u'None', u'None', u'ZZ_TuneCP5_13TeV-pythia8_2018-00000000000000000000000000000000', u'F', u'T3_CH_CERNBOX', u'https://cmsweb.cern.ch/dbs/prod/global/DBSReader', u'https://cmsweb.cern.ch/dbs/prod/phys03/DBSWriter', u'F', u'[]', u'[]', u"[b'tree.root']", u'Analysis', u'pythia', u'None', u'{}', u'[]', u'F', u'crab-prod-tw01', u'[]', u'1250', u'1', u'2000', u'10', u'None', u'[]', u'http://vocms0137.cern.ch/mon/cms1407/210706_073903:yian_crab_ZZ_TuneCP5_13TeV-pythia8_2018', u'WWG_crab_script.sh', u"[b'isdata=MC', b'year=2018']", u'[]', u'https://cmsweb.cern.ch/crabserver/prod', u'cmsgwms-collector-global.cern.ch:9620,cmsgwms-collector-global.fnal.gov:9620', u'crab3@vocms0137.cern.ch', u'F', u'[]', u'T', u'/store/user/yian/', u'T', u'None', u'F', u'None', u'ZZ_TuneCP5_13TeV-pythia8', u'None', u'b540793a203002d6ccc3e4d182c2e7ff6dc8926dcc32338903f802aec683ade6.tar.gz', u'66774602', u'filetransfers', u'F', u'188.184.97.219', u'0.0', u'None'], u'desc': {u'columns': [u'tm_taskname', u'tm_activity', u'panda_jobset_id', u'tm_task_status', u'tm_task_command', u'tm_start_time', u'tm_start_injection', u'tm_end_injection', u'tm_task_failure', u'tm_job_sw', u'tm_job_arch', u'tm_input_dataset', u'tm_nonvalid_input_dataset', u'tm_use_parent', u'tm_site_whitelist', u'tm_site_blacklist', u'tm_split_algo', u'tm_split_args', u'tm_user_sandbox', u'tm_cache_url', u'tm_username', u'tm_user_dn', u'tm_user_vo', u'tm_user_role', u'tm_user_group', u'tm_publish_name', u'tm_publish_groupname', u'tm_asyncdest', u'tm_dbs_url', u'tm_publish_dbs_url', u'tm_publication', u'tm_outfiles', u'tm_tfile_outfiles', u'tm_edm_outfiles', u'tm_job_type', u'tm_generator', u'tm_events_per_lumi', u'tm_arguments', u'panda_resubmitted_jobs', u'tm_save_logs', u'tw_name', u'tm_user_infiles', u'tm_maxjobruntime', u'tm_numcores', u'tm_maxmemory', u'tm_priority', u'tm_output_dataset', u'tm_task_warnings', u'tm_user_webdir', u'tm_scriptexe', u'tm_scriptargs', u'tm_extrajdl', u'tm_asourl', u'tm_collector', u'tm_schedd', u'tm_dry_run', u'tm_user_files', u'tm_transfer_outputs', u'tm_output_lfn', u'tm_ignore_locality', u'tm_fail_limit', u'tm_one_event_mode', u'tm_secondary_input_dataset', u'tm_primary_dataset', u'tm_last_publication', u'tm_debug_files', u'clusterid', u'tm_asodb', u'tm_ignore_global_blacklist', u'tm_submitter_ip_addr', u'tm_totalunits', u'tm_ddm_reqid']}}
INFO 2021-07-06 09:30:32.703 UTC: 	 CRAB project directory:		/afs/cern.ch/work/y/yian/work/GZ/CMSSW_10_6_20/src/PhysicsTools/NanoAODTools/WWG/2018/crab/crab2018/crab_ZZ_TuneCP5_13TeV-pythia8_2018
INFO 2021-07-06 09:30:32.703 UTC: 	 Task name:			210706_073903:yian_crab_ZZ_TuneCP5_13TeV-pythia8_2018
INFO 2021-07-06 09:30:32.703 UTC: 	 Grid scheduler - Task Worker:	crab3@vocms0137.cern.ch - crab-prod-tw01
INFO 2021-07-06 09:30:32.703 UTC: 	 Status on the CRAB server:	SUBMITTED
INFO 2021-07-06 09:30:32.703 UTC: 	 Task URL to use for HELP:	https://cmsweb.cern.ch/crabserver/ui/task/210706_073903%3Ayian_crab_ZZ_TuneCP5_13TeV-pythia8_2018
INFO 2021-07-06 09:30:32.707 UTC: 	 Dashboard monitoring URL:	https://monit-grafana.cern.ch/d/cmsTMDetail/cms-task-monitoring-task-view?orgId=11&var-user=yian&var-task=210706_073903%3Ayian_crab_ZZ_TuneCP5_13TeV-pythia8_2018&from=1625553543000&to=now
DEBUG 2021-07-06 09:30:32.707 UTC: 	 The CRAB server submitted your task to the Grid scheduler (cluster ID: 66774602)
DEBUG 2021-07-06 09:30:32.707 UTC: 	 Webdir is located at http://vocms0137.cern.ch/mon/cms1407/210706_073903:yian_crab_ZZ_TuneCP5_13TeV-pythia8_2018
DEBUG 2021-07-06 09:30:32.770 UTC: 	 Proxied webdir is located at https://cmsweb.cern.ch:8443/scheddmon/0137/cms1407/210706_073903:yian_crab_ZZ_TuneCP5_13TeV-pythia8_2018
DEBUG 2021-07-06 09:30:32.771 UTC: 	 Retrieving 'status_cache' file from https://cmsweb.cern.ch:8443/scheddmon/0137/cms1407/210706_073903:yian_crab_ZZ_TuneCP5_13TeV-pythia8_2018/status_cache
DEBUG 2021-07-06 09:30:32.834 UTC: 	 Got information from status cache file: {'1': {'Retries': 0, 'WallDurations': [9.0, 88.4522819519043, 4218.0], 'StartTimes': [1625557558.0], 'SubmitTimes': [1625557284.0], 'JobIds': ['66774677.0'], 'EndTimes': [], 'Restarts': 0, 'RecordedSite': True, 'State': 'running', 'ResidentSetSize': [963020], 'TotalUserCpuTimeHistory': [1523.0], 'SiteHistory': ['Unknown', 'T2_US_Wisconsin', 'T2_US_Wisconsin'], 'TotalSysCpuTimeHistory': [57.0]}, '3': {'Retries': 0, 'WallDurations': [11.0, 70.4522819519043, 1213.0], 'StartTimes': [1625557576.0], 'SubmitTimes': [1625557283.0], 'JobIds': ['66774673.0'], 'EndTimes': [], 'Restarts': 0, 'RecordedSite': True, 'State': 'running', 'ResidentSetSize': [832664], 'TotalUserCpuTimeHistory': [466.0], 'SiteHistory': ['Unknown', 'T2_US_Nebraska', 'T2_US_Nebraska'], 'TotalSysCpuTimeHistory': [13.0]}, '2': {'Retries': 0, 'WallDurations': [10.0, 83.4522819519043, 5722.0], 'StartTimes': [1625557563.0], 'SubmitTimes': [1625557285.0], 'JobIds': ['66774680.0'], 'EndTimes': [], 'Restarts': 0, 'RecordedSite': True, 'State': 'running', 'ResidentSetSize': [861368], 'TotalUserCpuTimeHistory': [1838.0], 'SiteHistory': ['Unknown', 'T2_US_Nebraska', 'T2_US_Nebraska'], 'TotalSysCpuTimeHistory': [94.0]}, '4': {'Retries': 0, 'WallDurations': [9.0, 62.4522819519043, 5527.0], 'StartTimes': [1625557584.0], 'SubmitTimes': [1625557285.0], 'JobIds': ['66774682.0'], 'EndTimes': [1625563111.0], 'Restarts': 0, 'RecordedSite': True, 'State': 'transferring', 'ResidentSetSize': [971092], 'TotalUserCpuTimeHistory': [2455], 'SiteHistory': ['Unknown', 'T2_US_Caltech', 'T2_US_Caltech'], 'TotalSysCpuTimeHistory': [96]}}
INFO 2021-07-06 09:30:32.834 UTC: 	 Status on the scheduler:	SUBMITTED
INFO 2021-07-06 09:30:32.834 UTC: 	 
Jobs status:                    running      		 75.0% (3/4)
INFO 2021-07-06 09:30:32.834 UTC: 	 				transferring 		 25.0% (1/4)
INFO 2021-07-06 09:30:32.834 UTC: 	 
No publication information (publication has been disabled in the CRAB configuration file)
INFO 2021-07-06 09:30:32.835 UTC: 	 
Warning: the max jobs runtime is less than 30% of the task requested value (1250 min), please consider to request a lower value for failed jobs (allowed through crab resubmit) and/or improve the jobs splitting (e.g. config.Data.splitting = 'Automatic') in a new task.
INFO 2021-07-06 09:30:32.835 UTC: 	 
Warning: the average jobs CPU efficiency is less than 50%, please consider to improve the jobs splitting (e.g. config.Data.splitting = 'Automatic') in a new task
INFO 2021-07-06 09:30:32.835 UTC: 	 
Summary of run jobs:
 * Memory: 940MB min, 948MB max, 948MB ave
 * Runtime: 0:20:13 min, 1:32:07 max, 1:32:07 ave
 * CPU eff: 46% min, 46% max, 46% ave
 * Waste: 0:01:11 (1% of total)

INFO 2021-07-06 09:30:32.854 UTC: 	 Log file is /afs/cern.ch/work/y/yian/work/GZ/CMSSW_10_6_20/src/PhysicsTools/NanoAODTools/WWG/2018/crab/crab2018/crab_ZZ_TuneCP5_13TeV-pythia8_2018/crab.log
