DEBUG 2021-07-19 09:14:50.241 UTC: 	 CRAB Client version: v3.210610
DEBUG 2021-07-19 09:14:50.241 UTC: 	 Running on: Linux lxplus785.cern.ch 3.10.0-1160.31.1.el7.x86_64 #1 SMP Thu Jun 10 13:32:12 UTC 2021 x86_64 x86_64 x86_64 GNU/Linux - CentOS Linux 7 (Core)
DEBUG 2021-07-19 09:14:50.241 UTC: 	 Executing command: 'submit'
DEBUG 2021-07-19 09:14:50.244 UTC: 	 Found CRAB cache file /afs/cern.ch/user/y/yian/.crab3
INFO 2021-07-19 09:14:50.256 UTC: 	 Will use CRAB configuration file crabcode_2018/WGToLNuG_TuneCP5_13TeV-madgraphMLM-pythia8_2018_cfg.py
DEBUG 2021-07-19 09:14:50.257 UTC: 	 Loading CRAB configuration file.
DEBUG 2021-07-19 09:14:50.265 UTC: 	 Will use CRAB Analysis plugin (i.e. will run an analysis job type).
DEBUG 2021-07-19 09:14:50.552 UTC: 	 Checking credentials
DEBUG 2021-07-19 09:14:50.553 UTC: 	 Proxy file /tmp/x509up_u110046 not found
DEBUG 2021-07-19 09:14:51.259 UTC: 	 Executing : 
 command : env X509_USER_PROXY=/tmp/x509up_u110046 voms-proxy-info -fqan
 output : 
 error: Proxy not found: /tmp/x509up_u110046 (No such file or directory)

 retcode : 1
DEBUG 2021-07-19 09:14:51.259 UTC: 	 Creating new proxy for 172:00 hours with VO group '' and VO role 'NULL'.
DEBUG 2021-07-19 09:14:56.779 UTC: 	 Executing : 
 command : voms-proxy-init -voms cms:/cms -valid 172:00 -rfc
 output : None
 error: None
 retcode : 0
DEBUG 2021-07-19 09:14:57.487 UTC: 	 Executing : 
 command : voms-proxy-info -file /tmp/x509up_u110046 -timeleft
 output : 619198

 error: 
 retcode : 0
DEBUG 2021-07-19 09:14:58.193 UTC: 	 Executing : 
 command : voms-proxy-info -file /tmp/x509up_u110046 -actimeleft
 output : 619197

 error: 
 retcode : 0
DEBUG 2021-07-19 09:14:58.194 UTC: 	 Proxy lifetime 619198 secs is different from voms extension lifetime 619197 secs for proxy: /tmp/x509up_u110046
DEBUG 2021-07-19 09:14:58.902 UTC: 	 Executing : 
 command : env X509_USER_PROXY=/tmp/x509up_u110046 voms-proxy-info -fqan
 output : /cms/Role=NULL/Capability=NULL

 error: 
 retcode : 0
DEBUG 2021-07-19 09:14:58.902 UTC: 	 Proxy created.
DEBUG 2021-07-19 09:14:59.287 UTC: 	 Registering user credentials for server /DC=ch/DC=cern/OU=computers/CN=crab-(preprod|prod|dev)-tw(02|01).cern.ch|/DC=ch/DC=cern/OU=computers/CN=(ddi|ddidk|mytw).cern.ch|/DC=ch/DC=cern/OU=computers/CN=stefanov(m|m2).cern.ch
DEBUG 2021-07-19 09:15:00.001 UTC: 	 Executing : 
 command : voms-proxy-info -file /tmp/x509up_u110046 -identity
 output : /DC=ch/DC=cern/OU=Organic Units/OU=Users/CN=yian/CN=826694/CN=Ying An

 error: 
 retcode : 0
DEBUG 2021-07-19 09:15:00.010 UTC: 	 Getting myproxy life time left for myproxy.cern.ch
DEBUG 2021-07-19 09:15:00.010 UTC: 	 using b52ac606a6f7097e9b4b8f05a3a67cc69f8f291b as credential login name
DEBUG 2021-07-19 09:15:00.414 UTC: 	 Executing : 
 command : myproxy-info -l b52ac606a6f7097e9b4b8f05a3a67cc69f8f291b -s myproxy.cern.ch
 output : username: b52ac606a6f7097e9b4b8f05a3a67cc69f8f291b
owner: /DC=ch/DC=cern/OU=Organic Units/OU=Users/CN=yian/CN=826694/CN=Ying An
  renewal policy: /DC=ch/DC=cern/OU=computers/CN=crab-(preprod|prod|dev)-tw(02|01).cern.ch|/DC=ch/DC=cern/OU=computers/CN=(ddi|ddidk|mytw).cern.ch|/DC=ch/DC=cern/OU=computers/CN=stefanov(m|m2).cern.ch
  trusted retrieval policy: /DC=ch/DC=cern/OU=computers/CN=crab-(preprod|prod|dev)-tw(02|01).cern.ch|/DC=ch/DC=cern/OU=computers/CN=(ddi|ddidk|mytw).cern.ch|/DC=ch/DC=cern/OU=computers/CN=stefanov(m|m2).cern.ch
  timeleft: 433:25:39  (18.1 days)

 error: 
 retcode : 0
DEBUG 2021-07-19 09:15:00.415 UTC: 	 Myproxy is valid: 1560339
DEBUG 2021-07-19 09:15:00.416 UTC: 	 Retrieving username ...
DEBUG 2021-07-19 09:15:00.416 UTC: 	 Retrieving username from CRIC...
DEBUG 2021-07-19 09:15:01.194 UTC: 	 username is yian
DEBUG 2021-07-19 09:15:01.203 UTC: 	 Getting myproxy life time left for myproxy.cern.ch
DEBUG 2021-07-19 09:15:01.203 UTC: 	 using yian_CRAB as credential login name
DEBUG 2021-07-19 09:15:01.725 UTC: 	 Executing : 
 command : myproxy-info -l yian_CRAB -s myproxy.cern.ch
 output : username: yian_CRAB
owner: /DC=ch/DC=cern/OU=Organic Units/OU=Users/CN=yian/CN=826694/CN=Ying An
  renewal policy: /DC=ch/DC=cern/OU=computers/CN=crab-(preprod|prod|dev)-tw(02|01).cern.ch|/DC=ch/DC=cern/OU=computers/CN=(ddi|ddidk|mytw).cern.ch|/DC=ch/DC=cern/OU=computers/CN=stefanov(m|m2).cern.ch
  trusted retrieval policy: /DC=ch/DC=cern/OU=computers/CN=crab-(preprod|prod|dev)-tw(02|01).cern.ch|/DC=ch/DC=cern/OU=computers/CN=(ddi|ddidk|mytw).cern.ch|/DC=ch/DC=cern/OU=computers/CN=stefanov(m|m2).cern.ch
  timeleft: 433:18:14  (18.1 days)

 error: 
 retcode : 0
DEBUG 2021-07-19 09:15:01.725 UTC: 	 Myproxy is valid: 1559894
DEBUG 2021-07-19 09:15:01.726 UTC: 	 Result of myproxy credential check:
  Credential exists on myproxy: username: b52ac606a6f7097e9b4b8f05a3a67cc69f8f291b  - validity: 18 days, 1:25:39
  Credential exists on myproxy: username: yian_CRAB  - validity: 18 days, 1:18:14
DEBUG 2021-07-19 09:15:01.726 UTC: 	 Command use: submit
DEBUG 2021-07-19 09:15:01.726 UTC: 	 Options use: ['-c', 'crabcode_2018/WGToLNuG_TuneCP5_13TeV-madgraphMLM-pythia8_2018_cfg.py']
DEBUG 2021-07-19 09:15:01.798 UTC: 	 CRABClient version: v3.210610
DEBUG 2021-07-19 09:15:01.798 UTC: 	 Instance is prod
DEBUG 2021-07-19 09:15:01.798 UTC: 	 Server base url is cmsweb.cern.ch
DEBUG 2021-07-19 09:15:01.798 UTC: 	 Command api workflow
DEBUG 2021-07-19 09:15:01.798 UTC: 	 Started submission
DEBUG 2021-07-19 09:15:01.798 UTC: 	 Working on /afs/cern.ch/work/y/yian/work/GZ/CMSSW_10_6_20/src/PhysicsTools/NanoAODTools/WWG/2018/crab/crab2018/crab_WGToLNuG_TuneCP5_13TeV-madgraphMLM-pythia8_2018
DEBUG 2021-07-19 09:15:01.987 UTC: 	 Loading required information from the environment
DEBUG 2021-07-19 09:15:01.987 UTC: 	 Found CMSSW_10_6_20 for slc7_amd64_gcc820 with base /afs/cern.ch/work/y/yian/work/GZ/CMSSW_10_6_20
DEBUG 2021-07-19 09:15:01.987 UTC: 	 Loading required information from the environment
DEBUG 2021-07-19 09:15:01.988 UTC: 	 Found CMSSW_10_6_20 for slc7_amd64_gcc820 with base /afs/cern.ch/work/y/yian/work/GZ/CMSSW_10_6_20
DEBUG 2021-07-19 09:15:01.988 UTC: 	 UNIQUE NAME: tarUUID 6cc20cf8-aaf5-4923-a775-3455c2c2ee2e 
DEBUG 2021-07-19 09:15:01.988 UTC: 	 self.config: from WMCore.Configuration import Configuration
config = Configuration()
config.section_('General')
config.General.workArea = 'crab2018'
config.General.transferLogs = False
config.General.requestName = 'WGToLNuG_TuneCP5_13TeV-madgraphMLM-pythia8_2018'
config.section_('JobType')
config.JobType.scriptArgs = ['isdata=MC', 'year=2018', 'era=A']
config.JobType.scriptExe = './WWG_crab_script.sh'
config.JobType.pluginName = 'Analysis'
config.JobType.sendPythonFolder = True
config.JobType.allowUndistributedCMSSW = True
config.JobType.psetName = 'PSet.py'
config.JobType.inputFiles = ['../../../scripts/haddnano.py', '../WWG_selector/WWG_postproc.py', '../WWG_selector/WWG_Module.py', '../WWG_selector/WWG_keep_and_drop.txt', '../WWG_selector/WWG_output_branch.txt', '../WWG_selector/DAS_filesearch.py']
config.section_('Data')
config.Data.inputDataset = '/WGToLNuG_TuneCP5_13TeV-madgraphMLM-pythia8/RunIISummer20UL18NanoAODv2-106X_upgrade2018_realistic_v15_L1v1-v1/NANOAODSIM'
config.Data.allowNonValidInputDataset = True
config.Data.publication = False
config.Data.unitsPerJob = 1
config.Data.ignoreLocality = True
config.Data.inputDBS = 'global'
config.Data.splitting = 'FileBased'
config.Data.outputDatasetTag = 'WGToLNuG_TuneCP5_13TeV-madgraphMLM-pythia8_2018'
config.section_('Site')
config.Site.whitelist = ['T2_US_MIT', 'T2_US_Wisconsin', 'T2_US_Purdue', 'T2_US_UCSD', 'T2_US_Caltech', 'T2_US_Nebraska']
config.Site.storageSite = 'T3_CH_CERNBOX'

DEBUG 2021-07-19 09:15:01.988 UTC: 	 self.config.JobType.psetName: PSet.py
INFO 2021-07-19 09:15:01.988 UTC: 	 Importing CMSSW configuration PSet.py
INFO 2021-07-19 09:15:02.778 UTC: 	 Finished importing CMSSW configuration PSet.py
DEBUG 2021-07-19 09:15:02.778 UTC: 	 Writing CMSSW configuration to /afs/cern.ch/work/y/yian/work/GZ/CMSSW_10_6_20/src/PhysicsTools/NanoAODTools/WWG/2018/crab/crab2018/crab_WGToLNuG_TuneCP5_13TeV-madgraphMLM-pythia8_2018/inputs/PSet.py
DEBUG 2021-07-19 09:15:02.795 UTC: 	 The following EDM output files will be collected: ['tree.root']
DEBUG 2021-07-19 09:15:02.795 UTC: 	 The following TFile output files will be collected: []
DEBUG 2021-07-19 09:15:02.795 UTC: 	 The following user output files (not listed as PoolOuputModule or TFileService in the CMSSW PSet) will be collected: 
DEBUG 2021-07-19 09:15:02.795 UTC: 	 Loading required information from the environment
DEBUG 2021-07-19 09:15:02.795 UTC: 	 Found CMSSW_10_6_20 for slc7_amd64_gcc820 with base /afs/cern.ch/work/y/yian/work/GZ/CMSSW_10_6_20
DEBUG 2021-07-19 09:15:02.795 UTC: 	 Making tarball in /afs/cern.ch/work/y/yian/work/GZ/CMSSW_10_6_20/src/PhysicsTools/NanoAODTools/WWG/2018/crab/crab2018/crab_WGToLNuG_TuneCP5_13TeV-madgraphMLM-pythia8_2018/inputs/6cc20cf8-aaf5-4923-a775-3455c2c2ee2edefault.tgz
DEBUG 2021-07-19 09:15:02.797 UTC: 	 Checking directory /afs/cern.ch/work/y/yian/work/GZ/CMSSW_10_6_20/lib
DEBUG 2021-07-19 09:15:02.797 UTC: 	 Adding directory /afs/cern.ch/work/y/yian/work/GZ/CMSSW_10_6_20/lib to tarball
DEBUG 2021-07-19 09:15:03.098 UTC: 	 Checking directory /afs/cern.ch/work/y/yian/work/GZ/CMSSW_10_6_20/biglib
DEBUG 2021-07-19 09:15:03.098 UTC: 	 Adding directory /afs/cern.ch/work/y/yian/work/GZ/CMSSW_10_6_20/biglib to tarball
DEBUG 2021-07-19 09:15:03.099 UTC: 	 Checking directory /afs/cern.ch/work/y/yian/work/GZ/CMSSW_10_6_20/module
DEBUG 2021-07-19 09:15:03.099 UTC: 	 Checking directory /afs/cern.ch/work/y/yian/work/GZ/CMSSW_10_6_20/python
DEBUG 2021-07-19 09:15:03.099 UTC: 	 Adding directory /afs/cern.ch/work/y/yian/work/GZ/CMSSW_10_6_20/python to tarball
DEBUG 2021-07-19 09:15:14.941 UTC: 	 Checking directory /afs/cern.ch/work/y/yian/work/GZ/CMSSW_10_6_20/cfipython
DEBUG 2021-07-19 09:15:14.941 UTC: 	 Adding directory /afs/cern.ch/work/y/yian/work/GZ/CMSSW_10_6_20/cfipython to tarball
DEBUG 2021-07-19 09:15:25.585 UTC: 	 Adding data directory /afs/cern.ch/work/y/yian/work/GZ/CMSSW_10_6_20/src/PhysicsTools/NanoAODTools/data to tarball
DEBUG 2021-07-19 09:15:59.518 UTC: 	 Adding data directory /afs/cern.ch/work/y/yian/work/GZ/CMSSW_10_6_20/src/PhysicsTools/NanoAODTools/interface to tarball
DEBUG 2021-07-19 09:15:59.539 UTC: 	 Adding data directory /afs/cern.ch/work/y/yian/work/GZ/CMSSW_10_6_20/src/PhysicsTools/NanoAODTools/python/postprocessing/data to tarball
DEBUG 2021-07-19 09:16:02.014 UTC: 	 Adding file ../../../scripts/haddnano.py to tarball
DEBUG 2021-07-19 09:16:02.017 UTC: 	 Adding file ../WWG_selector/WWG_postproc.py to tarball
DEBUG 2021-07-19 09:16:02.049 UTC: 	 Adding file ../WWG_selector/WWG_Module.py to tarball
DEBUG 2021-07-19 09:16:02.135 UTC: 	 Adding file ../WWG_selector/WWG_keep_and_drop.txt to tarball
DEBUG 2021-07-19 09:16:02.151 UTC: 	 Adding file ../WWG_selector/WWG_output_branch.txt to tarball
DEBUG 2021-07-19 09:16:02.172 UTC: 	 Adding file ../WWG_selector/DAS_filesearch.py to tarball
DEBUG 2021-07-19 09:16:08.120 UTC: 	 Uploading archive /afs/cern.ch/work/y/yian/work/GZ/CMSSW_10_6_20/src/PhysicsTools/NanoAODTools/WWG/2018/crab/crab2018/crab_WGToLNuG_TuneCP5_13TeV-madgraphMLM-pythia8_2018/inputs/6cc20cf8-aaf5-4923-a775-3455c2c2ee2edefault.tgz (94 MB) to the CRAB cache. Using URI https://cmsweb.cern.ch/S3/crabcache_prod
DEBUG 2021-07-19 09:16:33.046 UTC: 	 sandbox c02a886aa44ca8a8af3edd47c02c393b1760a6a4ade8032b17895ce3b4cf3d1c.tar.gz is already in the S3 store, will not upload again
DEBUG 2021-07-19 09:16:33.046 UTC: 	 Loading required information from the environment
DEBUG 2021-07-19 09:16:33.046 UTC: 	 Found CMSSW_10_6_20 for slc7_amd64_gcc820 with base /afs/cern.ch/work/y/yian/work/GZ/CMSSW_10_6_20
DEBUG 2021-07-19 09:16:33.046 UTC: 	 Making tarball in /afs/cern.ch/work/y/yian/work/GZ/CMSSW_10_6_20/src/PhysicsTools/NanoAODTools/WWG/2018/crab/crab2018/crab_WGToLNuG_TuneCP5_13TeV-madgraphMLM-pythia8_2018/inputs/debugFiles.tgz
DEBUG 2021-07-19 09:16:33.094 UTC: 	 Uploading archive /afs/cern.ch/work/y/yian/work/GZ/CMSSW_10_6_20/src/PhysicsTools/NanoAODTools/WWG/2018/crab/crab2018/crab_WGToLNuG_TuneCP5_13TeV-madgraphMLM-pythia8_2018/inputs/debugFiles.tgz (1 KB) to the CRAB cache. Using URI https://cmsweb.cern.ch/S3/crabcache_prod
DEBUG 2021-07-19 09:16:33.202 UTC: 	 Will execute:
curl -f -v -X POST  -H "User-Agent: CRAB" -F "key=yian/sandboxes/c0671c4ce66e696b713269af714e7c26d10cbb67fa8769bb99fac85bf41494a6.tar.gz" -F "AWSAccessKeyId=ab00fcc889f248c495d2875f15a3badb" -F "policy=eyJjb25kaXRpb25zIjogW3siYnVja2V0IjogImNyYWJjYWNoZV9wcm9kIn0sIHsia2V5IjogInlpYW4vc2FuZGJveGVzL2MwNjcxYzRjZTY2ZTY5NmI3MTMyNjlhZjcxNGU3YzI2ZDEwY2JiNjdmYTg3NjliYjk5ZmFjODViZjQxNDk0YTYudGFyLmd6In1dLCAiZXhwaXJhdGlvbiI6ICIyMDIxLTA3LTE5VDEwOjE2OjMzWiJ9" -F "signature=DpnlomVuet+KCecdPvYKN8m31bo=" -F "file=@/afs/cern.ch/work/y/yian/work/GZ/CMSSW_10_6_20/src/PhysicsTools/NanoAODTools/WWG/2018/crab/crab2018/crab_WGToLNuG_TuneCP5_13TeV-madgraphMLM-pythia8_2018/inputs/debugFiles.tgz" "https://s3.cern.ch/crabcache_prod"
DEBUG 2021-07-19 09:16:34.301 UTC: 	 exitcode: 0
stdout: 
stderr: Note: Unnecessary use of -X or --request, POST is already inferred.
  % Total    % Received % Xferd  Average Speed   Time    Time     Time  Current
                                 Dload  Upload   Total   Spent    Left  Speed
  0     0    0     0    0     0      0      0 --:--:-- --:--:-- --:--:--     0*   Trying 2001:1458:d00:3f::100:2d9...
* TCP_NODELAY set
* Connected to s3.cern.ch (2001:1458:d00:3f::100:2d9) port 443 (#0)
* ALPN, offering http/1.1
* Cipher selection: ALL:!EXPORT:!EXPORT40:!EXPORT56:!aNULL:!LOW:!RC4:@STRENGTH
* successfully set certificate verify locations:
  CAfile: /etc/pki/tls/certs/ca-bundle.crt
  CApath: none
* TLSv1.2 (OUT), TLS header, Certificate Status (22):
} [5 bytes data]
* TLSv1.2 (OUT), TLS handshake, Client hello (1):
} [512 bytes data]
* TLSv1.2 (IN), TLS handshake, Server hello (2):
{ [70 bytes data]
* TLSv1.2 (IN), TLS handshake, Certificate (11):
{ [4780 bytes data]
* TLSv1.2 (IN), TLS handshake, Server key exchange (12):
{ [333 bytes data]
* TLSv1.2 (IN), TLS handshake, Server finished (14):
{ [4 bytes data]
* TLSv1.2 (OUT), TLS handshake, Client key exchange (16):
} [70 bytes data]
* TLSv1.2 (OUT), TLS change cipher, Client hello (1):
} [1 bytes data]
* TLSv1.2 (OUT), TLS handshake, Finished (20):
} [16 bytes data]
* TLSv1.2 (IN), TLS change cipher, Client hello (1):
{ [1 bytes data]
* TLSv1.2 (IN), TLS handshake, Finished (20):
{ [16 bytes data]
* SSL connection using TLSv1.2 / ECDHE-RSA-AES128-GCM-SHA256
* ALPN, server accepted to use http/1.1
* Server certificate:
*  subject: C=CH; ST=Genève; L=Meyrin; O=Organisation européenne pour la Recherche nucléaire (CERN); CN=*.s3.cern.ch
*  start date: Mar 10 00:00:00 2021 GMT
*  expire date: Mar 10 23:59:59 2022 GMT
*  subjectAltName: host "s3.cern.ch" matched cert's "s3.cern.ch"
*  issuer: C=GB; ST=Greater Manchester; L=Salford; O=Sectigo Limited; CN=Sectigo RSA Organization Validation Secure Server CA
*  SSL certificate verify ok.
} [5 bytes data]
> POST /crabcache_prod HTTP/1.1
> Host: s3.cern.ch
> Accept: */*
> User-Agent: CRAB
> Content-Length: 2777
> Content-Type: multipart/form-data; boundary=------------------------7702f0e48301dca7
> Expect: 100-continue
> 
{ [5 bytes data]
< HTTP/1.1 100 Continue
  0  2777    0     0    0     0      0      0 --:--:--  0:00:01 --:--:--     0} [5 bytes data]
< HTTP/1.1 204 No Content
< Accept-Ranges: bytes
< Bucket: crabcache_prod
< Date: Mon, 19 Jul 2021 09:16:34 GMT
< X-Amz-Request-Id: tx00000000000000299bbd8-0060f542f1-1e049818-default
< 
100  2777    0     0  100  2777      0   2683  0:00:01  0:00:01 --:--:--  2683
* Connection #0 to host s3.cern.ch left intact

DEBUG 2021-07-19 09:16:34.301 UTC: 	 sandbox /afs/cern.ch/work/y/yian/work/GZ/CMSSW_10_6_20/src/PhysicsTools/NanoAODTools/WWG/2018/crab/crab2018/crab_WGToLNuG_TuneCP5_13TeV-madgraphMLM-pythia8_2018/inputs/debugFiles.tgz successully uploaded to S3
DEBUG 2021-07-19 09:16:34.301 UTC: 	 Result uploading input files: c02a886aa44ca8a8af3edd47c02c393b1760a6a4ade8032b17895ce3b4cf3d1c.tar.gz 
INFO 2021-07-19 09:16:34.302 UTC: 	 Sending the request to the server at cmsweb.cern.ch
DEBUG 2021-07-19 09:16:34.303 UTC: 	 Submitting {'maxjobruntime': 1250, 'extrajdl': [], 'ignorelocality': 1, 'savelogsflag': 0, 'useparent': 0, 'scriptexe': 'WWG_crab_script.sh', 'asyncdest': 'T3_CH_CERNBOX', 'algoargs': 1, 'cachefilename': 'c02a886aa44ca8a8af3edd47c02c393b1760a6a4ade8032b17895ce3b4cf3d1c.tar.gz', 'numcores': 1, 'addoutputfiles': [], 'generator': 'pythia', 'maxmemory': 2000, 'publishdbsurl': 'https://cmsweb.cern.ch/dbs/prod/phys03/DBSWriter', 'priority': 10, 'jobsw': 'CMSSW_10_6_20', 'edmoutfiles': ['tree.root'], 'userfiles': [], 'primarydataset': '', 'inputdata': '/WGToLNuG_TuneCP5_13TeV-madgraphMLM-pythia8/RunIISummer20UL18NanoAODv2-106X_upgrade2018_realistic_v15_L1v1-v1/NANOAODSIM', 'dryrun': 0, 'workflow': 'crab_WGToLNuG_TuneCP5_13TeV-madgraphMLM-pythia8_2018', 'scriptargs': ['isdata=MC', 'year=2018', 'era=A'], 'sitewhitelist': ['T2_US_MIT', 'T2_US_Wisconsin', 'T2_US_Purdue', 'T2_US_UCSD', 'T2_US_Caltech', 'T2_US_Nebraska'], 'nonprodsw': 1, 'tfileoutfiles': [], 'oneEventMode': 0, 'debugfilename': 'c0671c4ce66e696b713269af714e7c26d10cbb67fa8769bb99fac85bf41494a6.tar.gz', 'cacheurl': u'https://cmsweb.cern.ch/S3/crabcache_prod', 'saveoutput': 1, 'publication': 0, 'jobarch': 'slc7_amd64_gcc820', 'totalunits': 0, 'splitalgo': 'FileBased', 'ignoreglobalblacklist': 0, 'nonvaliddata': 1, 'dbsurl': 'https://cmsweb.cern.ch/dbs/prod/global/DBSReader', 'publishgroupname': 0, 'jobtype': 'Analysis', 'publishname2': 'WGToLNuG_TuneCP5_13TeV-madgraphMLM-pythia8_2018'} 
DEBUG 2021-07-19 09:16:34.304 UTC: 	 Encoded submit request: maxjobruntime=1250&ignorelocality=1&savelogsflag=0&useparent=0&scriptexe=WWG_crab_script.sh&asyncdest=T3_CH_CERNBOX&algoargs=1&cachefilename=c02a886aa44ca8a8af3edd47c02c393b1760a6a4ade8032b17895ce3b4cf3d1c.tar.gz&numcores=1&generator=pythia&maxmemory=2000&publishdbsurl=https%3A%2F%2Fcmsweb.cern.ch%2Fdbs%2Fprod%2Fphys03%2FDBSWriter&priority=10&jobsw=CMSSW_10_6_20&primarydataset=&inputdata=%2FWGToLNuG_TuneCP5_13TeV-madgraphMLM-pythia8%2FRunIISummer20UL18NanoAODv2-106X_upgrade2018_realistic_v15_L1v1-v1%2FNANOAODSIM&dryrun=0&workflow=crab_WGToLNuG_TuneCP5_13TeV-madgraphMLM-pythia8_2018&nonprodsw=1&oneEventMode=0&debugfilename=c0671c4ce66e696b713269af714e7c26d10cbb67fa8769bb99fac85bf41494a6.tar.gz&cacheurl=https%3A%2F%2Fcmsweb.cern.ch%2FS3%2Fcrabcache_prod&saveoutput=1&publication=0&jobarch=slc7_amd64_gcc820&totalunits=0&splitalgo=FileBased&ignoreglobalblacklist=0&nonvaliddata=1&dbsurl=https%3A%2F%2Fcmsweb.cern.ch%2Fdbs%2Fprod%2Fglobal%2FDBSReader&publishgroupname=0&jobtype=Analysis&publishname2=WGToLNuG_TuneCP5_13TeV-madgraphMLM-pythia8_2018&sitewhitelist=T2_US_MIT&sitewhitelist=T2_US_Wisconsin&sitewhitelist=T2_US_Purdue&sitewhitelist=T2_US_UCSD&sitewhitelist=T2_US_Caltech&sitewhitelist=T2_US_Nebraska&edmoutfiles=tree.root&scriptargs=isdata%3DMC&scriptargs=year%3D2018&scriptargs=era%3DA
DEBUG 2021-07-19 09:16:34.432 UTC: 	 Result: {u'result': [{u'RequestName': u'210719_091634:yian_crab_WGToLNuG_TuneCP5_13TeV-madgraphMLM-pythia8_2018'}]}
INFO 2021-07-19 09:16:34.437 UTC: 	 Success: Your task has been delivered to the prod CRAB3 server.
INFO 2021-07-19 09:16:34.437 UTC: 	 Task name: 210719_091634:yian_crab_WGToLNuG_TuneCP5_13TeV-madgraphMLM-pythia8_2018
INFO 2021-07-19 09:16:34.437 UTC: 	 Project dir: crab2018/crab_WGToLNuG_TuneCP5_13TeV-madgraphMLM-pythia8_2018
INFO 2021-07-19 09:16:34.437 UTC: 	 Please use ' crab status -d crab2018/crab_WGToLNuG_TuneCP5_13TeV-madgraphMLM-pythia8_2018 ' to check how the submission process proceeds.
DEBUG 2021-07-19 09:16:34.437 UTC: 	 About to return
INFO 2021-07-19 09:16:34.446 UTC: 	 Log file is /afs/cern.ch/work/y/yian/work/GZ/CMSSW_10_6_20/src/PhysicsTools/NanoAODTools/WWG/2018/crab/crab2018/crab_WGToLNuG_TuneCP5_13TeV-madgraphMLM-pythia8_2018/crab.log
DEBUG 2021-07-19 09:52:20.355 UTC: 	 CRAB Client version: v3.210610
DEBUG 2021-07-19 09:52:20.356 UTC: 	 Running on: Linux lxplus785.cern.ch 3.10.0-1160.31.1.el7.x86_64 #1 SMP Thu Jun 10 13:32:12 UTC 2021 x86_64 x86_64 x86_64 GNU/Linux - CentOS Linux 7 (Core)
DEBUG 2021-07-19 09:52:20.356 UTC: 	 Executing command: 'status'
DEBUG 2021-07-19 09:52:20.356 UTC: 	 Found CRAB cache file /afs/cern.ch/user/y/yian/.crab3
DEBUG 2021-07-19 09:52:20.377 UTC: 	 Checking credentials
DEBUG 2021-07-19 09:52:20.378 UTC: 	 Found proxy file /tmp/x509up_u110046
DEBUG 2021-07-19 09:52:20.378 UTC: 	 Getting proxy life time left
DEBUG 2021-07-19 09:52:21.185 UTC: 	 Executing : 
 command : voms-proxy-info -file /tmp/x509up_u110046 -timeleft
 output : 616954

 error: 
 retcode : 0
DEBUG 2021-07-19 09:52:21.892 UTC: 	 Executing : 
 command : voms-proxy-info -file /tmp/x509up_u110046 -actimeleft
 output : 616954

 error: 
 retcode : 0
DEBUG 2021-07-19 09:52:21.892 UTC: 	 Proxy valid for 171:22:34 hours
DEBUG 2021-07-19 09:52:22.006 UTC: 	 Registering user credentials for server /DC=ch/DC=cern/OU=computers/CN=crab-(preprod|prod|dev)-tw(02|01).cern.ch|/DC=ch/DC=cern/OU=computers/CN=(ddi|ddidk|mytw).cern.ch|/DC=ch/DC=cern/OU=computers/CN=stefanov(m|m2).cern.ch
DEBUG 2021-07-19 09:52:22.719 UTC: 	 Executing : 
 command : voms-proxy-info -file /tmp/x509up_u110046 -identity
 output : /DC=ch/DC=cern/OU=Organic Units/OU=Users/CN=yian/CN=826694/CN=Ying An

 error: 
 retcode : 0
DEBUG 2021-07-19 09:52:22.726 UTC: 	 Getting myproxy life time left for myproxy.cern.ch
DEBUG 2021-07-19 09:52:22.726 UTC: 	 using b52ac606a6f7097e9b4b8f05a3a67cc69f8f291b as credential login name
DEBUG 2021-07-19 09:52:23.030 UTC: 	 Executing : 
 command : myproxy-info -l b52ac606a6f7097e9b4b8f05a3a67cc69f8f291b -s myproxy.cern.ch
 output : username: b52ac606a6f7097e9b4b8f05a3a67cc69f8f291b
owner: /DC=ch/DC=cern/OU=Organic Units/OU=Users/CN=yian/CN=826694/CN=Ying An
  renewal policy: /DC=ch/DC=cern/OU=computers/CN=crab-(preprod|prod|dev)-tw(02|01).cern.ch|/DC=ch/DC=cern/OU=computers/CN=(ddi|ddidk|mytw).cern.ch|/DC=ch/DC=cern/OU=computers/CN=stefanov(m|m2).cern.ch
  trusted retrieval policy: /DC=ch/DC=cern/OU=computers/CN=crab-(preprod|prod|dev)-tw(02|01).cern.ch|/DC=ch/DC=cern/OU=computers/CN=(ddi|ddidk|mytw).cern.ch|/DC=ch/DC=cern/OU=computers/CN=stefanov(m|m2).cern.ch
  timeleft: 432:48:16  (18.0 days)

 error: 
 retcode : 0
DEBUG 2021-07-19 09:52:23.032 UTC: 	 Myproxy is valid: 1558096
DEBUG 2021-07-19 09:52:23.032 UTC: 	 Retrieving username ...
DEBUG 2021-07-19 09:52:23.032 UTC: 	 Retrieving username from CRIC...
DEBUG 2021-07-19 09:52:23.721 UTC: 	 username is yian
DEBUG 2021-07-19 09:52:23.728 UTC: 	 Getting myproxy life time left for myproxy.cern.ch
DEBUG 2021-07-19 09:52:23.729 UTC: 	 using yian_CRAB as credential login name
DEBUG 2021-07-19 09:52:24.033 UTC: 	 Executing : 
 command : myproxy-info -l yian_CRAB -s myproxy.cern.ch
 output : username: yian_CRAB
owner: /DC=ch/DC=cern/OU=Organic Units/OU=Users/CN=yian/CN=826694/CN=Ying An
  renewal policy: /DC=ch/DC=cern/OU=computers/CN=crab-(preprod|prod|dev)-tw(02|01).cern.ch|/DC=ch/DC=cern/OU=computers/CN=(ddi|ddidk|mytw).cern.ch|/DC=ch/DC=cern/OU=computers/CN=stefanov(m|m2).cern.ch
  trusted retrieval policy: /DC=ch/DC=cern/OU=computers/CN=crab-(preprod|prod|dev)-tw(02|01).cern.ch|/DC=ch/DC=cern/OU=computers/CN=(ddi|ddidk|mytw).cern.ch|/DC=ch/DC=cern/OU=computers/CN=stefanov(m|m2).cern.ch
  timeleft: 432:40:51  (18.0 days)

 error: 
 retcode : 0
DEBUG 2021-07-19 09:52:24.033 UTC: 	 Myproxy is valid: 1557651
DEBUG 2021-07-19 09:52:24.034 UTC: 	 Result of myproxy credential check:
  Credential exists on myproxy: username: b52ac606a6f7097e9b4b8f05a3a67cc69f8f291b  - validity: 18 days, 0:48:16
  Credential exists on myproxy: username: yian_CRAB  - validity: 18 days, 0:40:51
DEBUG 2021-07-19 09:52:24.035 UTC: 	 Command use: status
DEBUG 2021-07-19 09:52:24.035 UTC: 	 Options use: ['-d', 'crab2018/crab_WGToLNuG_TuneCP5_13TeV-madgraphMLM-pythia8_2018/']
DEBUG 2021-07-19 09:52:24.119 UTC: 	 CRABClient version: v3.210610
DEBUG 2021-07-19 09:52:24.119 UTC: 	 Instance is prod
DEBUG 2021-07-19 09:52:24.119 UTC: 	 Server base url is cmsweb.cern.ch
DEBUG 2021-07-19 09:52:24.119 UTC: 	 Command api workflow
DEBUG 2021-07-19 09:52:24.205 UTC: 	 Got information from server oracle database: {u'result': [u'210719_091634:yian_crab_WGToLNuG_TuneCP5_13TeV-madgraphMLM-pythia8_2018', u'None', u'None', u'SUBMITTED', u'SUBMIT', u'2021-07-19 09:16:34.425682', u'None', u'2021-07-19 09:17:49.876300', u'None', u'CMSSW_10_6_20', u'slc7_amd64_gcc820', u'/WGToLNuG_TuneCP5_13TeV-madgraphMLM-pythia8/RunIISummer20UL18NanoAODv2-106X_upgrade2018_realistic_v15_L1v1-v1/NANOAODSIM', u'T', u'0', u"[u'T2_US_UCSD', u'T2_US_Wisconsin', u'T2_US_MIT', u'T2_US_Caltech', u'T2_US_Purdue', u'T2_US_Nebraska']", u'[]', u'FileBased', u"{'splitOnRun': False, 'halt_job_on_file_boundaries': False, 'files_per_job': 1, 'runs': [], 'lumis': []}", u'c02a886aa44ca8a8af3edd47c02c393b1760a6a4ade8032b17895ce3b4cf3d1c.tar.gz', u'https://cmsweb.cern.ch/S3/crabcache_prod', u'yian', u'/DC=ch/DC=cern/OU=Organic Units/OU=Users/CN=yian/CN=826694/CN=Ying An', u'cms', u'None', u'None', u'WGToLNuG_TuneCP5_13TeV-madgraphMLM-pythia8_2018-00000000000000000000000000000000', u'F', u'T3_CH_CERNBOX', u'https://cmsweb.cern.ch/dbs/prod/global/DBSReader', u'https://cmsweb.cern.ch/dbs/prod/phys03/DBSWriter', u'F', u'[]', u'[]', u"[b'tree.root']", u'Analysis', u'pythia', u'None', u'{}', u'[]', u'F', u'crab-prod-tw01', u'[]', u'1250', u'1', u'2000', u'10', u'None', u'[]', u'http://vocms0194.cern.ch/mon/cms1407/210719_091634:yian_crab_WGToLNuG_TuneCP5_13TeV-madgraphMLM-pythia8_2018', u'WWG_crab_script.sh', u"[b'isdata=MC', b'year=2018', b'era=A']", u'[]', u'https://cmsweb.cern.ch/crabserver/prod', u'cmsgwms-collector-global.cern.ch:9620,cmsgwms-collector-global.fnal.gov:9620', u'crab3@vocms0194.cern.ch', u'F', u'[]', u'T', u'/store/user/yian/', u'T', u'None', u'F', u'None', u'WGToLNuG_TuneCP5_13TeV-madgraphMLM-pythia8', u'None', u'c0671c4ce66e696b713269af714e7c26d10cbb67fa8769bb99fac85bf41494a6.tar.gz', u'67383501', u'filetransfers', u'F', u'137.138.120.6', u'0.0', u'None'], u'desc': {u'columns': [u'tm_taskname', u'tm_activity', u'panda_jobset_id', u'tm_task_status', u'tm_task_command', u'tm_start_time', u'tm_start_injection', u'tm_end_injection', u'tm_task_failure', u'tm_job_sw', u'tm_job_arch', u'tm_input_dataset', u'tm_nonvalid_input_dataset', u'tm_use_parent', u'tm_site_whitelist', u'tm_site_blacklist', u'tm_split_algo', u'tm_split_args', u'tm_user_sandbox', u'tm_cache_url', u'tm_username', u'tm_user_dn', u'tm_user_vo', u'tm_user_role', u'tm_user_group', u'tm_publish_name', u'tm_publish_groupname', u'tm_asyncdest', u'tm_dbs_url', u'tm_publish_dbs_url', u'tm_publication', u'tm_outfiles', u'tm_tfile_outfiles', u'tm_edm_outfiles', u'tm_job_type', u'tm_generator', u'tm_events_per_lumi', u'tm_arguments', u'panda_resubmitted_jobs', u'tm_save_logs', u'tw_name', u'tm_user_infiles', u'tm_maxjobruntime', u'tm_numcores', u'tm_maxmemory', u'tm_priority', u'tm_output_dataset', u'tm_task_warnings', u'tm_user_webdir', u'tm_scriptexe', u'tm_scriptargs', u'tm_extrajdl', u'tm_asourl', u'tm_collector', u'tm_schedd', u'tm_dry_run', u'tm_user_files', u'tm_transfer_outputs', u'tm_output_lfn', u'tm_ignore_locality', u'tm_fail_limit', u'tm_one_event_mode', u'tm_secondary_input_dataset', u'tm_primary_dataset', u'tm_last_publication', u'tm_debug_files', u'clusterid', u'tm_asodb', u'tm_ignore_global_blacklist', u'tm_submitter_ip_addr', u'tm_totalunits', u'tm_ddm_reqid']}}
INFO 2021-07-19 09:52:24.206 UTC: 	 CRAB project directory:		/afs/cern.ch/work/y/yian/work/GZ/CMSSW_10_6_20/src/PhysicsTools/NanoAODTools/WWG/2018/crab/crab2018/crab_WGToLNuG_TuneCP5_13TeV-madgraphMLM-pythia8_2018
INFO 2021-07-19 09:52:24.206 UTC: 	 Task name:			210719_091634:yian_crab_WGToLNuG_TuneCP5_13TeV-madgraphMLM-pythia8_2018
INFO 2021-07-19 09:52:24.206 UTC: 	 Grid scheduler - Task Worker:	crab3@vocms0194.cern.ch - crab-prod-tw01
INFO 2021-07-19 09:52:24.206 UTC: 	 Status on the CRAB server:	SUBMITTED
INFO 2021-07-19 09:52:24.206 UTC: 	 Task URL to use for HELP:	https://cmsweb.cern.ch/crabserver/ui/task/210719_091634%3Ayian_crab_WGToLNuG_TuneCP5_13TeV-madgraphMLM-pythia8_2018
INFO 2021-07-19 09:52:24.210 UTC: 	 Dashboard monitoring URL:	https://monit-grafana.cern.ch/d/cmsTMDetail/cms-task-monitoring-task-view?orgId=11&var-user=yian&var-task=210719_091634%3Ayian_crab_WGToLNuG_TuneCP5_13TeV-madgraphMLM-pythia8_2018&from=1626682594000&to=now
DEBUG 2021-07-19 09:52:24.210 UTC: 	 The CRAB server submitted your task to the Grid scheduler (cluster ID: 67383501)
DEBUG 2021-07-19 09:52:24.210 UTC: 	 Webdir is located at http://vocms0194.cern.ch/mon/cms1407/210719_091634:yian_crab_WGToLNuG_TuneCP5_13TeV-madgraphMLM-pythia8_2018
DEBUG 2021-07-19 09:52:24.330 UTC: 	 Proxied webdir is located at https://cmsweb.cern.ch:8443/scheddmon/0194/cms1407/210719_091634:yian_crab_WGToLNuG_TuneCP5_13TeV-madgraphMLM-pythia8_2018
DEBUG 2021-07-19 09:52:24.330 UTC: 	 Retrieving 'status_cache' file from https://cmsweb.cern.ch:8443/scheddmon/0194/cms1407/210719_091634:yian_crab_WGToLNuG_TuneCP5_13TeV-madgraphMLM-pythia8_2018/status_cache
DEBUG 2021-07-19 09:52:24.369 UTC: 	 Got information from status cache file: {'1': {'Retries': 0, 'WallDurations': [9.0, 177.96272492408752, 1511.0], 'StartTimes': [1626686464.0], 'SubmitTimes': [1626686284.0], 'JobIds': ['67383507.0'], 'EndTimes': [], 'Restarts': 0, 'RecordedSite': True, 'State': 'running', 'ResidentSetSize': [868916], 'TotalUserCpuTimeHistory': [356.0], 'SiteHistory': ['Unknown', 'T2_US_Nebraska', 'T2_US_Nebraska'], 'TotalSysCpuTimeHistory': [12.0]}, '3': {'Retries': 0, 'WallDurations': [8.0, 184.96272492408752, 908.0], 'StartTimes': [1626686457.0], 'SubmitTimes': [1626686284.0], 'JobIds': ['67383506.0'], 'EndTimes': [], 'Restarts': 0, 'RecordedSite': True, 'State': 'running', 'ResidentSetSize': [856356], 'TotalUserCpuTimeHistory': [320.0], 'SiteHistory': ['Unknown', 'T2_US_MIT', 'T2_US_MIT'], 'TotalSysCpuTimeHistory': [9.0]}, '2': {'Retries': 0, 'WallDurations': [9.0, 177.96272492408752, 1511.0], 'StartTimes': [1626686464.0], 'SubmitTimes': [1626686284.0], 'JobIds': ['67383508.0'], 'EndTimes': [], 'Restarts': 0, 'RecordedSite': True, 'State': 'running', 'ResidentSetSize': [897232], 'TotalUserCpuTimeHistory': [338.0], 'SiteHistory': ['Unknown', 'T2_US_Nebraska', 'T2_US_Nebraska'], 'TotalSysCpuTimeHistory': [12.0]}, '5': {'Retries': 0, 'WallDurations': [8.0, 185.96272492408752, 1510.0], 'StartTimes': [1626686456.0], 'SubmitTimes': [1626686284.0], 'JobIds': ['67383510.0'], 'EndTimes': [], 'Restarts': 0, 'RecordedSite': True, 'State': 'running', 'ResidentSetSize': [901360], 'TotalUserCpuTimeHistory': [602.0], 'SiteHistory': ['Unknown', 'T2_US_MIT', 'T2_US_MIT'], 'TotalSysCpuTimeHistory': [29.0]}, '4': {'Retries': 0, 'WallDurations': [9.0, 166.96272492408752, 1512.0], 'StartTimes': [1626686475.0], 'SubmitTimes': [1626686284.0], 'JobIds': ['67383509.0'], 'EndTimes': [], 'Restarts': 0, 'RecordedSite': True, 'State': 'running', 'ResidentSetSize': [914028], 'TotalUserCpuTimeHistory': [455.0], 'SiteHistory': ['Unknown', 'T2_US_Nebraska', 'T2_US_Nebraska'], 'TotalSysCpuTimeHistory': [17.0]}, '7': {'Retries': 0, 'WallDurations': [9.0, 181.96272492408752, 1511.0], 'StartTimes': [1626686460.0], 'SubmitTimes': [1626686285.0], 'JobIds': ['67383512.0'], 'EndTimes': [], 'Restarts': 0, 'RecordedSite': True, 'State': 'running', 'ResidentSetSize': [872440], 'TotalUserCpuTimeHistory': [331.0], 'SiteHistory': ['Unknown', 'T2_US_UCSD', 'T2_US_UCSD'], 'TotalSysCpuTimeHistory': [12.0]}, '6': {'Retries': 0, 'WallDurations': [10.0, 179.96272492408752, 1512.0], 'StartTimes': [1626686462.0], 'SubmitTimes': [1626686284.0], 'JobIds': ['67383511.0'], 'EndTimes': [], 'Restarts': 0, 'RecordedSite': True, 'State': 'running', 'ResidentSetSize': [818772], 'TotalUserCpuTimeHistory': [373.0], 'SiteHistory': ['Unknown', 'T2_US_Nebraska', 'T2_US_Nebraska'], 'TotalSysCpuTimeHistory': [19.0]}}
INFO 2021-07-19 09:52:24.369 UTC: 	 Status on the scheduler:	SUBMITTED
INFO 2021-07-19 09:52:24.370 UTC: 	 
Jobs status:                    running      		100.0% (7/7)
INFO 2021-07-19 09:52:24.370 UTC: 	 
No publication information (publication has been disabled in the CRAB configuration file)
INFO 2021-07-19 09:52:24.379 UTC: 	 Log file is /afs/cern.ch/work/y/yian/work/GZ/CMSSW_10_6_20/src/PhysicsTools/NanoAODTools/WWG/2018/crab/crab2018/crab_WGToLNuG_TuneCP5_13TeV-madgraphMLM-pythia8_2018/crab.log
