DEBUG 2021-11-17 16:57:27.076 UTC: 	 CRAB Client version: v3.210825
DEBUG 2021-11-17 16:57:27.077 UTC: 	 Running on: Linux lxplus722.cern.ch 3.10.0-1160.45.1.el7.x86_64 #1 SMP Wed Oct 13 17:20:51 UTC 2021 x86_64 x86_64 x86_64 GNU/Linux - CentOS Linux 7 (Core)
DEBUG 2021-11-17 16:57:27.077 UTC: 	 Executing command: 'submit'
DEBUG 2021-11-17 16:57:27.077 UTC: 	 Found CRAB cache file /afs/cern.ch/user/y/yian/.crab3
INFO 2021-11-17 16:57:27.078 UTC: 	 Will use CRAB configuration file crabcode_2016/TTGJets_TuneCP5_13TeV-amcatnloFXFX-madspin-pythia8_2016_cfg.py
DEBUG 2021-11-17 16:57:27.078 UTC: 	 Loading CRAB configuration file.
DEBUG 2021-11-17 16:57:27.099 UTC: 	 Will use CRAB Analysis plugin (i.e. will run an analysis job type).
DEBUG 2021-11-17 16:57:27.216 UTC: 	 Checking credentials
DEBUG 2021-11-17 16:57:27.216 UTC: 	 Found proxy file /tmp/x509up_u110046
DEBUG 2021-11-17 16:57:27.216 UTC: 	 Getting proxy life time left
DEBUG 2021-11-17 16:57:28.025 UTC: 	 Executing : 
 command : voms-proxy-info -file /tmp/x509up_u110046 -timeleft
 output : 595305

 error: 
 retcode : 0
DEBUG 2021-11-17 16:57:28.731 UTC: 	 Executing : 
 command : voms-proxy-info -file /tmp/x509up_u110046 -actimeleft
 output : 595304

 error: 
 retcode : 0
DEBUG 2021-11-17 16:57:28.731 UTC: 	 Proxy lifetime 595305 secs is different from voms extension lifetime 595304 secs for proxy: /tmp/x509up_u110046
DEBUG 2021-11-17 16:57:28.731 UTC: 	 Proxy valid for 165:21:44 hours
DEBUG 2021-11-17 16:57:29.442 UTC: 	 Executing : 
 command : env X509_USER_PROXY=/tmp/x509up_u110046 voms-proxy-info -fqan
 output : /cms/Role=NULL/Capability=NULL

 error: 
 retcode : 0
DEBUG 2021-11-17 16:57:29.569 UTC: 	 Registering user credentials for server /DC=ch/DC=cern/OU=computers/CN=crab-(preprod|prod|dev)-tw(02|01).cern.ch|/DC=ch/DC=cern/OU=computers/CN=stefanov(m|m2).cern.ch|/DC=ch/DC=cern/OU=computers/CN=dciangot-tw.cern.ch
DEBUG 2021-11-17 16:57:30.388 UTC: 	 Executing : 
 command : voms-proxy-info -file /tmp/x509up_u110046 -identity
 output : /DC=ch/DC=cern/OU=Organic Units/OU=Users/CN=yian/CN=826694/CN=Ying An

 error: 
 retcode : 0
DEBUG 2021-11-17 16:57:30.397 UTC: 	 Getting myproxy life time left for myproxy.cern.ch
DEBUG 2021-11-17 16:57:30.397 UTC: 	 using b52ac606a6f7097e9b4b8f05a3a67cc69f8f291b as credential login name
DEBUG 2021-11-17 16:57:30.803 UTC: 	 Executing : 
 command : myproxy-info -l b52ac606a6f7097e9b4b8f05a3a67cc69f8f291b -s myproxy.cern.ch
 output : username: b52ac606a6f7097e9b4b8f05a3a67cc69f8f291b
owner: /DC=ch/DC=cern/OU=Organic Units/OU=Users/CN=yian/CN=826694/CN=Ying An
  renewal policy: /DC=ch/DC=cern/OU=computers/CN=crab-(preprod|prod|dev)-tw(02|01).cern.ch|/DC=ch/DC=cern/OU=computers/CN=stefanov(m|m2).cern.ch|/DC=ch/DC=cern/OU=computers/CN=dciangot-tw.cern.ch
  trusted retrieval policy: /DC=ch/DC=cern/OU=computers/CN=crab-(preprod|prod|dev)-tw(02|01).cern.ch|/DC=ch/DC=cern/OU=computers/CN=stefanov(m|m2).cern.ch|/DC=ch/DC=cern/OU=computers/CN=dciangot-tw.cern.ch
  timeleft: 495:53:00  (20.7 days)

 error: 
 retcode : 0
DEBUG 2021-11-17 16:57:30.804 UTC: 	 Myproxy is valid: 1785180
DEBUG 2021-11-17 16:57:30.804 UTC: 	 Retrieving username ...
DEBUG 2021-11-17 16:57:30.804 UTC: 	 Retrieving username from CRIC...
DEBUG 2021-11-17 16:57:31.712 UTC: 	 username is yian
DEBUG 2021-11-17 16:57:31.722 UTC: 	 Getting myproxy life time left for myproxy.cern.ch
DEBUG 2021-11-17 16:57:31.723 UTC: 	 using yian_CRAB as credential login name
DEBUG 2021-11-17 16:57:32.028 UTC: 	 Executing : 
 command : myproxy-info -l yian_CRAB -s myproxy.cern.ch
 output : username: yian_CRAB
owner: /DC=ch/DC=cern/OU=Organic Units/OU=Users/CN=yian/CN=826694/CN=Ying An
  renewal policy: /DC=ch/DC=cern/OU=computers/CN=crab-(preprod|prod|dev)-tw(02|01).cern.ch|/DC=ch/DC=cern/OU=computers/CN=stefanov(m|m2).cern.ch|/DC=ch/DC=cern/OU=computers/CN=dciangot-tw.cern.ch
  trusted retrieval policy: /DC=ch/DC=cern/OU=computers/CN=crab-(preprod|prod|dev)-tw(02|01).cern.ch|/DC=ch/DC=cern/OU=computers/CN=stefanov(m|m2).cern.ch|/DC=ch/DC=cern/OU=computers/CN=dciangot-tw.cern.ch
  timeleft: 495:53:04  (20.7 days)

 error: 
 retcode : 0
DEBUG 2021-11-17 16:57:32.029 UTC: 	 Myproxy is valid: 1785184
DEBUG 2021-11-17 16:57:32.029 UTC: 	 Result of myproxy credential check:
  Credential exists on myproxy: username: b52ac606a6f7097e9b4b8f05a3a67cc69f8f291b  - validity: 20 days, 15:53:00
  Credential exists on myproxy: username: yian_CRAB  - validity: 20 days, 15:53:04
DEBUG 2021-11-17 16:57:32.029 UTC: 	 Command use: submit
DEBUG 2021-11-17 16:57:32.029 UTC: 	 Options use: ['-c', 'crabcode_2016/TTGJets_TuneCP5_13TeV-amcatnloFXFX-madspin-pythia8_2016_cfg.py']
DEBUG 2021-11-17 16:57:32.146 UTC: 	 CRABClient version: v3.210825
DEBUG 2021-11-17 16:57:32.146 UTC: 	 Instance is prod
DEBUG 2021-11-17 16:57:32.146 UTC: 	 Server base url is cmsweb.cern.ch
DEBUG 2021-11-17 16:57:32.146 UTC: 	 Command api workflow
DEBUG 2021-11-17 16:57:32.146 UTC: 	 Started submission
DEBUG 2021-11-17 16:57:32.146 UTC: 	 Working on /afs/cern.ch/work/y/yian/work/GZ/CMSSW_10_6_20/src/PhysicsTools/NanoAODTools/WWG/2016post/crab/crab2016/crab_TTGJets_TuneCP5_13TeV-amcatnloFXFX-madspin-pythia8_2016
DEBUG 2021-11-17 16:57:32.335 UTC: 	 Loading required information from the environment
DEBUG 2021-11-17 16:57:32.335 UTC: 	 Found CMSSW_10_6_20 for slc7_amd64_gcc820 with base /afs/cern.ch/work/y/yian/work/GZ/CMSSW_10_6_20
DEBUG 2021-11-17 16:57:32.335 UTC: 	 Loading required information from the environment
DEBUG 2021-11-17 16:57:32.335 UTC: 	 Found CMSSW_10_6_20 for slc7_amd64_gcc820 with base /afs/cern.ch/work/y/yian/work/GZ/CMSSW_10_6_20
DEBUG 2021-11-17 16:57:32.335 UTC: 	 UNIQUE NAME: tarUUID 00b59de7-c07a-42f2-b5d9-5d88e96a77cf 
DEBUG 2021-11-17 16:57:32.335 UTC: 	 self.config: from WMCore.Configuration import Configuration
config = Configuration()
config.section_('General')
config.General.workArea = 'crab2016'
config.General.transferLogs = False
config.General.requestName = 'TTGJets_TuneCP5_13TeV-amcatnloFXFX-madspin-pythia8_2016'
config.section_('JobType')
config.JobType.scriptArgs = ['isdata=MC', 'year=2016', 'era=B']
config.JobType.scriptExe = './WWG_crab_script.sh'
config.JobType.pluginName = 'Analysis'
config.JobType.sendPythonFolder = True
config.JobType.allowUndistributedCMSSW = True
config.JobType.psetName = 'PSet.py'
config.JobType.inputFiles = ['../../../scripts/haddnano.py', '../WWG_selector/WWG_postproc.py', '../WWG_selector/WWG_Module.py', '../WWG_selector/WWG_keep_and_drop.txt', '../WWG_selector/WWG_output_branch.txt', '../WWG_selector/DAS_filesearch.py']
config.section_('Data')
config.Data.inputDataset = '/TTGJets_TuneCP5_13TeV-amcatnloFXFX-madspin-pythia8/RunIISummer20UL16NanoAODv9-106X_mcRun2_asymptotic_v17-v1/NANOAODSIM'
config.Data.allowNonValidInputDataset = True
config.Data.publication = False
config.Data.unitsPerJob = 1
config.Data.ignoreLocality = True
config.Data.inputDBS = 'global'
config.Data.splitting = 'FileBased'
config.Data.outputDatasetTag = 'TTGJets_TuneCP5_13TeV-amcatnloFXFX-madspin-pythia8_2016'
config.section_('Site')
config.Site.whitelist = ['T2_US_MIT', 'T2_US_Wisconsin', 'T2_US_Purdue', 'T2_US_UCSD', 'T2_US_Caltech', 'T2_US_Nebraska']
config.Site.storageSite = 'T3_CH_CERNBOX'

DEBUG 2021-11-17 16:57:32.335 UTC: 	 self.config.JobType.psetName: PSet.py
INFO 2021-11-17 16:57:32.336 UTC: 	 Importing CMSSW configuration PSet.py
INFO 2021-11-17 16:57:32.752 UTC: 	 Finished importing CMSSW configuration PSet.py
DEBUG 2021-11-17 16:57:32.752 UTC: 	 Writing CMSSW configuration to /afs/cern.ch/work/y/yian/work/GZ/CMSSW_10_6_20/src/PhysicsTools/NanoAODTools/WWG/2016post/crab/crab2016/crab_TTGJets_TuneCP5_13TeV-amcatnloFXFX-madspin-pythia8_2016/inputs/PSet.py
DEBUG 2021-11-17 16:57:32.763 UTC: 	 The following EDM output files will be collected: ['tree.root']
DEBUG 2021-11-17 16:57:32.763 UTC: 	 The following TFile output files will be collected: []
DEBUG 2021-11-17 16:57:32.763 UTC: 	 The following user output files (not listed as PoolOuputModule or TFileService in the CMSSW PSet) will be collected: 
DEBUG 2021-11-17 16:57:32.763 UTC: 	 Loading required information from the environment
DEBUG 2021-11-17 16:57:32.763 UTC: 	 Found CMSSW_10_6_20 for slc7_amd64_gcc820 with base /afs/cern.ch/work/y/yian/work/GZ/CMSSW_10_6_20
DEBUG 2021-11-17 16:57:32.763 UTC: 	 Making tarball in /afs/cern.ch/work/y/yian/work/GZ/CMSSW_10_6_20/src/PhysicsTools/NanoAODTools/WWG/2016post/crab/crab2016/crab_TTGJets_TuneCP5_13TeV-amcatnloFXFX-madspin-pythia8_2016/inputs/00b59de7-c07a-42f2-b5d9-5d88e96a77cfdefault.tgz
DEBUG 2021-11-17 16:57:32.764 UTC: 	 Checking directory /afs/cern.ch/work/y/yian/work/GZ/CMSSW_10_6_20/lib
DEBUG 2021-11-17 16:57:32.764 UTC: 	 Adding directory /afs/cern.ch/work/y/yian/work/GZ/CMSSW_10_6_20/lib to tarball
DEBUG 2021-11-17 16:57:32.887 UTC: 	 Checking directory /afs/cern.ch/work/y/yian/work/GZ/CMSSW_10_6_20/biglib
DEBUG 2021-11-17 16:57:32.888 UTC: 	 Adding directory /afs/cern.ch/work/y/yian/work/GZ/CMSSW_10_6_20/biglib to tarball
DEBUG 2021-11-17 16:57:32.888 UTC: 	 Checking directory /afs/cern.ch/work/y/yian/work/GZ/CMSSW_10_6_20/module
DEBUG 2021-11-17 16:57:32.888 UTC: 	 Checking directory /afs/cern.ch/work/y/yian/work/GZ/CMSSW_10_6_20/python
DEBUG 2021-11-17 16:57:32.888 UTC: 	 Adding directory /afs/cern.ch/work/y/yian/work/GZ/CMSSW_10_6_20/python to tarball
DEBUG 2021-11-17 16:57:35.438 UTC: 	 Checking directory /afs/cern.ch/work/y/yian/work/GZ/CMSSW_10_6_20/cfipython
DEBUG 2021-11-17 16:57:35.438 UTC: 	 Adding directory /afs/cern.ch/work/y/yian/work/GZ/CMSSW_10_6_20/cfipython to tarball
DEBUG 2021-11-17 16:57:35.570 UTC: 	 Adding data directory /afs/cern.ch/work/y/yian/work/GZ/CMSSW_10_6_20/src/PhysicsTools/NanoAODTools/data to tarball
DEBUG 2021-11-17 16:57:56.878 UTC: 	 Adding data directory /afs/cern.ch/work/y/yian/work/GZ/CMSSW_10_6_20/src/PhysicsTools/NanoAODTools/interface to tarball
DEBUG 2021-11-17 16:57:56.883 UTC: 	 Adding data directory /afs/cern.ch/work/y/yian/work/GZ/CMSSW_10_6_20/src/PhysicsTools/NanoAODTools/python/postprocessing/data to tarball
DEBUG 2021-11-17 16:57:59.363 UTC: 	 Adding file ../../../scripts/haddnano.py to tarball
DEBUG 2021-11-17 16:57:59.363 UTC: 	 Adding file ../WWG_selector/WWG_postproc.py to tarball
DEBUG 2021-11-17 16:57:59.364 UTC: 	 Adding file ../WWG_selector/WWG_Module.py to tarball
DEBUG 2021-11-17 16:57:59.364 UTC: 	 Adding file ../WWG_selector/WWG_keep_and_drop.txt to tarball
DEBUG 2021-11-17 16:57:59.365 UTC: 	 Adding file ../WWG_selector/WWG_output_branch.txt to tarball
DEBUG 2021-11-17 16:57:59.365 UTC: 	 Adding file ../WWG_selector/DAS_filesearch.py to tarball
DEBUG 2021-11-17 16:58:04.658 UTC: 	 Uploading archive /afs/cern.ch/work/y/yian/work/GZ/CMSSW_10_6_20/src/PhysicsTools/NanoAODTools/WWG/2016post/crab/crab2016/crab_TTGJets_TuneCP5_13TeV-amcatnloFXFX-madspin-pythia8_2016/inputs/00b59de7-c07a-42f2-b5d9-5d88e96a77cfdefault.tgz (94 MB) to the CRAB cache. Using URI https://cmsweb.cern.ch/S3/crabcache_prod
DEBUG 2021-11-17 16:58:29.441 UTC: 	 sandbox bd736a0ca49dfa0dfab96903bb1581d6622ba6889f2fdcbb1b931bf047ceb81a.tar.gz is already in the S3 store, will not upload again
DEBUG 2021-11-17 16:58:29.441 UTC: 	 Loading required information from the environment
DEBUG 2021-11-17 16:58:29.441 UTC: 	 Found CMSSW_10_6_20 for slc7_amd64_gcc820 with base /afs/cern.ch/work/y/yian/work/GZ/CMSSW_10_6_20
DEBUG 2021-11-17 16:58:29.441 UTC: 	 Making tarball in /afs/cern.ch/work/y/yian/work/GZ/CMSSW_10_6_20/src/PhysicsTools/NanoAODTools/WWG/2016post/crab/crab2016/crab_TTGJets_TuneCP5_13TeV-amcatnloFXFX-madspin-pythia8_2016/inputs/debugFiles.tgz
DEBUG 2021-11-17 16:58:29.454 UTC: 	 Uploading archive /afs/cern.ch/work/y/yian/work/GZ/CMSSW_10_6_20/src/PhysicsTools/NanoAODTools/WWG/2016post/crab/crab2016/crab_TTGJets_TuneCP5_13TeV-amcatnloFXFX-madspin-pythia8_2016/inputs/debugFiles.tgz (1 KB) to the CRAB cache. Using URI https://cmsweb.cern.ch/S3/crabcache_prod
DEBUG 2021-11-17 16:58:29.557 UTC: 	 Will execute:
curl -f -v -X POST  -H "User-Agent: CRAB" -F "key=yian/sandboxes/92b184746b998f268d52a7df1da90291f29b4d7a37927ce4397601de0f59b56d.tar.gz" -F "AWSAccessKeyId=ab00fcc889f248c495d2875f15a3badb" -F "policy=eyJjb25kaXRpb25zIjogW3siYnVja2V0IjogImNyYWJjYWNoZV9wcm9kIn0sIHsia2V5IjogInlpYW4vc2FuZGJveGVzLzkyYjE4NDc0NmI5OThmMjY4ZDUyYTdkZjFkYTkwMjkxZjI5YjRkN2EzNzkyN2NlNDM5NzYwMWRlMGY1OWI1NmQudGFyLmd6In1dLCAiZXhwaXJhdGlvbiI6ICIyMDIxLTExLTE3VDE3OjU4OjI5WiJ9" -F "signature=zcACe2+0Tl9IW9H4qyrEXC1Y6XM=" -F "file=@/afs/cern.ch/work/y/yian/work/GZ/CMSSW_10_6_20/src/PhysicsTools/NanoAODTools/WWG/2016post/crab/crab2016/crab_TTGJets_TuneCP5_13TeV-amcatnloFXFX-madspin-pythia8_2016/inputs/debugFiles.tgz" "https://s3.cern.ch/crabcache_prod"
DEBUG 2021-11-17 16:58:30.679 UTC: 	 exitcode: 0
stdout: 
stderr: Note: Unnecessary use of -X or --request, POST is already inferred.
  % Total    % Received % Xferd  Average Speed   Time    Time     Time  Current
                                 Dload  Upload   Total   Spent    Left  Speed
  0     0    0     0    0     0      0      0 --:--:-- --:--:-- --:--:--     0*   Trying 2001:1458:d00:18::390...
* TCP_NODELAY set
* Connected to s3.cern.ch (2001:1458:d00:18::390) port 443 (#0)
* ALPN, offering http/1.1
* Cipher selection: ALL:!EXPORT:!EXPORT40:!EXPORT56:!aNULL:!LOW:!RC4:@STRENGTH
* successfully set certificate verify locations:
  CAfile: /etc/pki/tls/certs/ca-bundle.crt
  CApath: none
* TLSv1.2 (OUT), TLS header, Certificate Status (22):
} [5 bytes data]
* TLSv1.2 (OUT), TLS handshake, Client hello (1):
} [512 bytes data]
* TLSv1.2 (IN), TLS handshake, Server hello (2):
{ [70 bytes data]
* TLSv1.2 (IN), TLS handshake, Certificate (11):
{ [4780 bytes data]
* TLSv1.2 (IN), TLS handshake, Server key exchange (12):
{ [333 bytes data]
* TLSv1.2 (IN), TLS handshake, Server finished (14):
{ [4 bytes data]
* TLSv1.2 (OUT), TLS handshake, Client key exchange (16):
} [70 bytes data]
* TLSv1.2 (OUT), TLS change cipher, Client hello (1):
} [1 bytes data]
* TLSv1.2 (OUT), TLS handshake, Finished (20):
} [16 bytes data]
* TLSv1.2 (IN), TLS change cipher, Client hello (1):
{ [1 bytes data]
* TLSv1.2 (IN), TLS handshake, Finished (20):
{ [16 bytes data]
* SSL connection using TLSv1.2 / ECDHE-RSA-AES128-GCM-SHA256
* ALPN, server accepted to use http/1.1
* Server certificate:
*  subject: C=CH; ST=Genève; L=Meyrin; O=Organisation européenne pour la Recherche nucléaire (CERN); CN=*.s3.cern.ch
*  start date: Mar 10 00:00:00 2021 GMT
*  expire date: Mar 10 23:59:59 2022 GMT
*  subjectAltName: host "s3.cern.ch" matched cert's "s3.cern.ch"
*  issuer: C=GB; ST=Greater Manchester; L=Salford; O=Sectigo Limited; CN=Sectigo RSA Organization Validation Secure Server CA
*  SSL certificate verify ok.
} [5 bytes data]
> POST /crabcache_prod HTTP/1.1
> Host: s3.cern.ch
> Accept: */*
> User-Agent: CRAB
> Content-Length: 2776
> Content-Type: multipart/form-data; boundary=------------------------5bdadd275a9a94e4
> Expect: 100-continue
> 
{ [5 bytes data]
< HTTP/1.1 100 Continue
  0  2776    0     0    0     0      0      0 --:--:--  0:00:01 --:--:--     0} [5 bytes data]
< HTTP/1.1 204 No Content
< Accept-Ranges: bytes
< Bucket: crabcache_prod
< Date: Wed, 17 Nov 2021 16:58:30 GMT
< X-Amz-Request-Id: tx00000000000000091d425-00619534b5-1e61d16e-default
< 
100  2776    0     0  100  2776      0   2648  0:00:01  0:00:01 --:--:--  2648
* Connection #0 to host s3.cern.ch left intact

DEBUG 2021-11-17 16:58:30.679 UTC: 	 sandbox /afs/cern.ch/work/y/yian/work/GZ/CMSSW_10_6_20/src/PhysicsTools/NanoAODTools/WWG/2016post/crab/crab2016/crab_TTGJets_TuneCP5_13TeV-amcatnloFXFX-madspin-pythia8_2016/inputs/debugFiles.tgz successully uploaded to S3
DEBUG 2021-11-17 16:58:30.679 UTC: 	 Result uploading input files: bd736a0ca49dfa0dfab96903bb1581d6622ba6889f2fdcbb1b931bf047ceb81a.tar.gz 
INFO 2021-11-17 16:58:30.680 UTC: 	 Sending the request to the server at cmsweb.cern.ch
DEBUG 2021-11-17 16:58:30.680 UTC: 	 Submitting {'maxjobruntime': 1250, 'extrajdl': [], 'ignorelocality': 1, 'savelogsflag': 0, 'useparent': 0, 'scriptexe': 'WWG_crab_script.sh', 'asyncdest': 'T3_CH_CERNBOX', 'algoargs': 1, 'cachefilename': 'bd736a0ca49dfa0dfab96903bb1581d6622ba6889f2fdcbb1b931bf047ceb81a.tar.gz', 'numcores': 1, 'addoutputfiles': [], 'generator': 'pythia', 'maxmemory': 2000, 'publishdbsurl': 'https://cmsweb.cern.ch/dbs/prod/phys03/DBSWriter', 'priority': 10, 'jobsw': 'CMSSW_10_6_20', 'edmoutfiles': ['tree.root'], 'userfiles': [], 'primarydataset': '', 'inputdata': '/TTGJets_TuneCP5_13TeV-amcatnloFXFX-madspin-pythia8/RunIISummer20UL16NanoAODv9-106X_mcRun2_asymptotic_v17-v1/NANOAODSIM', 'dryrun': 0, 'workflow': 'crab_TTGJets_TuneCP5_13TeV-amcatnloFXFX-madspin-pythia8_2016', 'scriptargs': ['isdata=MC', 'year=2016', 'era=B'], 'sitewhitelist': ['T2_US_MIT', 'T2_US_Wisconsin', 'T2_US_Purdue', 'T2_US_UCSD', 'T2_US_Caltech', 'T2_US_Nebraska'], 'nonprodsw': 1, 'tfileoutfiles': [], 'oneEventMode': 0, 'debugfilename': '92b184746b998f268d52a7df1da90291f29b4d7a37927ce4397601de0f59b56d.tar.gz', 'cacheurl': u'https://cmsweb.cern.ch/S3/crabcache_prod', 'saveoutput': 1, 'publication': 0, 'jobarch': 'slc7_amd64_gcc820', 'totalunits': 0, 'splitalgo': 'FileBased', 'ignoreglobalblacklist': 0, 'nonvaliddata': 1, 'dbsurl': 'https://cmsweb.cern.ch/dbs/prod/global/DBSReader', 'publishgroupname': 0, 'jobtype': 'Analysis', 'publishname2': 'TTGJets_TuneCP5_13TeV-amcatnloFXFX-madspin-pythia8_2016'} 
DEBUG 2021-11-17 16:58:30.680 UTC: 	 Encoded submit request: maxjobruntime=1250&ignorelocality=1&savelogsflag=0&useparent=0&scriptexe=WWG_crab_script.sh&asyncdest=T3_CH_CERNBOX&algoargs=1&cachefilename=bd736a0ca49dfa0dfab96903bb1581d6622ba6889f2fdcbb1b931bf047ceb81a.tar.gz&numcores=1&generator=pythia&maxmemory=2000&publishdbsurl=https%3A%2F%2Fcmsweb.cern.ch%2Fdbs%2Fprod%2Fphys03%2FDBSWriter&priority=10&jobsw=CMSSW_10_6_20&primarydataset=&inputdata=%2FTTGJets_TuneCP5_13TeV-amcatnloFXFX-madspin-pythia8%2FRunIISummer20UL16NanoAODv9-106X_mcRun2_asymptotic_v17-v1%2FNANOAODSIM&dryrun=0&workflow=crab_TTGJets_TuneCP5_13TeV-amcatnloFXFX-madspin-pythia8_2016&nonprodsw=1&oneEventMode=0&debugfilename=92b184746b998f268d52a7df1da90291f29b4d7a37927ce4397601de0f59b56d.tar.gz&cacheurl=https%3A%2F%2Fcmsweb.cern.ch%2FS3%2Fcrabcache_prod&saveoutput=1&publication=0&jobarch=slc7_amd64_gcc820&totalunits=0&splitalgo=FileBased&ignoreglobalblacklist=0&nonvaliddata=1&dbsurl=https%3A%2F%2Fcmsweb.cern.ch%2Fdbs%2Fprod%2Fglobal%2FDBSReader&publishgroupname=0&jobtype=Analysis&publishname2=TTGJets_TuneCP5_13TeV-amcatnloFXFX-madspin-pythia8_2016&sitewhitelist=T2_US_MIT&sitewhitelist=T2_US_Wisconsin&sitewhitelist=T2_US_Purdue&sitewhitelist=T2_US_UCSD&sitewhitelist=T2_US_Caltech&sitewhitelist=T2_US_Nebraska&edmoutfiles=tree.root&scriptargs=isdata%3DMC&scriptargs=year%3D2016&scriptargs=era%3DB
DEBUG 2021-11-17 16:58:30.804 UTC: 	 Result: {u'result': [{u'RequestName': u'211117_165830:yian_crab_TTGJets_TuneCP5_13TeV-amcatnloFXFX-madspin-pythia8_2016'}]}
INFO 2021-11-17 16:58:30.826 UTC: 	 Success: Your task has been delivered to the prod CRAB3 server.
INFO 2021-11-17 16:58:30.826 UTC: 	 Task name: 211117_165830:yian_crab_TTGJets_TuneCP5_13TeV-amcatnloFXFX-madspin-pythia8_2016
INFO 2021-11-17 16:58:30.826 UTC: 	 Project dir: crab2016/crab_TTGJets_TuneCP5_13TeV-amcatnloFXFX-madspin-pythia8_2016
INFO 2021-11-17 16:58:30.827 UTC: 	 Please use ' crab status -d crab2016/crab_TTGJets_TuneCP5_13TeV-amcatnloFXFX-madspin-pythia8_2016 ' to check how the submission process proceeds.
DEBUG 2021-11-17 16:58:30.827 UTC: 	 About to return
INFO 2021-11-17 16:58:30.830 UTC: 	 Log file is /afs/cern.ch/work/y/yian/work/GZ/CMSSW_10_6_20/src/PhysicsTools/NanoAODTools/WWG/2016post/crab/crab2016/crab_TTGJets_TuneCP5_13TeV-amcatnloFXFX-madspin-pythia8_2016/crab.log
DEBUG 2021-11-18 09:21:45.898 UTC: 	 CRAB Client version: v3.210825
DEBUG 2021-11-18 09:21:45.899 UTC: 	 Running on: Linux lxplus794.cern.ch 3.10.0-1160.45.1.el7.x86_64 #1 SMP Wed Oct 13 17:20:51 UTC 2021 x86_64 x86_64 x86_64 GNU/Linux - CentOS Linux 7 (Core)
DEBUG 2021-11-18 09:21:45.899 UTC: 	 Executing command: 'status'
DEBUG 2021-11-18 09:21:45.899 UTC: 	 Found CRAB cache file /afs/cern.ch/user/y/yian/.crab3
DEBUG 2021-11-18 09:21:46.062 UTC: 	 Checking credentials
DEBUG 2021-11-18 09:21:46.062 UTC: 	 Found proxy file /tmp/x509up_u110046
DEBUG 2021-11-18 09:21:46.062 UTC: 	 Getting proxy life time left
DEBUG 2021-11-18 09:21:46.767 UTC: 	 Executing : 
 command : voms-proxy-info -file /tmp/x509up_u110046 -timeleft
 output : 595290

 error: 
 retcode : 0
DEBUG 2021-11-18 09:21:47.473 UTC: 	 Executing : 
 command : voms-proxy-info -file /tmp/x509up_u110046 -actimeleft
 output : 595289

 error: 
 retcode : 0
DEBUG 2021-11-18 09:21:47.474 UTC: 	 Proxy lifetime 595290 secs is different from voms extension lifetime 595289 secs for proxy: /tmp/x509up_u110046
DEBUG 2021-11-18 09:21:47.474 UTC: 	 Proxy valid for 165:21:29 hours
DEBUG 2021-11-18 09:21:47.530 UTC: 	 Registering user credentials for server /DC=ch/DC=cern/OU=computers/CN=crab-(preprod|prod|dev)-tw(02|01).cern.ch|/DC=ch/DC=cern/OU=computers/CN=stefanov(m|m2).cern.ch|/DC=ch/DC=cern/OU=computers/CN=dciangot-tw.cern.ch
DEBUG 2021-11-18 09:21:48.245 UTC: 	 Executing : 
 command : voms-proxy-info -file /tmp/x509up_u110046 -identity
 output : /DC=ch/DC=cern/OU=Organic Units/OU=Users/CN=yian/CN=826694/CN=Ying An

 error: 
 retcode : 0
DEBUG 2021-11-18 09:21:48.253 UTC: 	 Getting myproxy life time left for myproxy.cern.ch
DEBUG 2021-11-18 09:21:48.254 UTC: 	 using b52ac606a6f7097e9b4b8f05a3a67cc69f8f291b as credential login name
DEBUG 2021-11-18 09:21:48.658 UTC: 	 Executing : 
 command : myproxy-info -l b52ac606a6f7097e9b4b8f05a3a67cc69f8f291b -s myproxy.cern.ch
 output : username: b52ac606a6f7097e9b4b8f05a3a67cc69f8f291b
owner: /DC=ch/DC=cern/OU=Organic Units/OU=Users/CN=yian/CN=826694/CN=Ying An
  renewal policy: /DC=ch/DC=cern/OU=computers/CN=crab-(preprod|prod|dev)-tw(02|01).cern.ch|/DC=ch/DC=cern/OU=computers/CN=stefanov(m|m2).cern.ch|/DC=ch/DC=cern/OU=computers/CN=dciangot-tw.cern.ch
  trusted retrieval policy: /DC=ch/DC=cern/OU=computers/CN=crab-(preprod|prod|dev)-tw(02|01).cern.ch|/DC=ch/DC=cern/OU=computers/CN=stefanov(m|m2).cern.ch|/DC=ch/DC=cern/OU=computers/CN=dciangot-tw.cern.ch
  timeleft: 479:28:42  (20.0 days)

 error: 
 retcode : 0
DEBUG 2021-11-18 09:21:48.659 UTC: 	 Myproxy is valid: 1726122
DEBUG 2021-11-18 09:21:48.660 UTC: 	 Retrieving username ...
DEBUG 2021-11-18 09:21:48.660 UTC: 	 Retrieving username from CRIC...
DEBUG 2021-11-18 09:21:49.605 UTC: 	 username is yian
DEBUG 2021-11-18 09:21:49.613 UTC: 	 Getting myproxy life time left for myproxy.cern.ch
DEBUG 2021-11-18 09:21:49.613 UTC: 	 using yian_CRAB as credential login name
DEBUG 2021-11-18 09:21:50.018 UTC: 	 Executing : 
 command : myproxy-info -l yian_CRAB -s myproxy.cern.ch
 output : username: yian_CRAB
owner: /DC=ch/DC=cern/OU=Organic Units/OU=Users/CN=yian/CN=826694/CN=Ying An
  renewal policy: /DC=ch/DC=cern/OU=computers/CN=crab-(preprod|prod|dev)-tw(02|01).cern.ch|/DC=ch/DC=cern/OU=computers/CN=stefanov(m|m2).cern.ch|/DC=ch/DC=cern/OU=computers/CN=dciangot-tw.cern.ch
  trusted retrieval policy: /DC=ch/DC=cern/OU=computers/CN=crab-(preprod|prod|dev)-tw(02|01).cern.ch|/DC=ch/DC=cern/OU=computers/CN=stefanov(m|m2).cern.ch|/DC=ch/DC=cern/OU=computers/CN=dciangot-tw.cern.ch
  timeleft: 479:28:47  (20.0 days)

 error: 
 retcode : 0
DEBUG 2021-11-18 09:21:50.018 UTC: 	 Myproxy is valid: 1726127
DEBUG 2021-11-18 09:21:50.018 UTC: 	 Result of myproxy credential check:
  Credential exists on myproxy: username: b52ac606a6f7097e9b4b8f05a3a67cc69f8f291b  - validity: 19 days, 23:28:42
  Credential exists on myproxy: username: yian_CRAB  - validity: 19 days, 23:28:47
DEBUG 2021-11-18 09:21:50.019 UTC: 	 Command use: status
DEBUG 2021-11-18 09:21:50.019 UTC: 	 Options use: ['-d', 'crab2016/crab_TTGJets_TuneCP5_13TeV-amcatnloFXFX-madspin-pythia8_2016']
DEBUG 2021-11-18 09:21:50.101 UTC: 	 CRABClient version: v3.210825
DEBUG 2021-11-18 09:21:50.101 UTC: 	 Instance is prod
DEBUG 2021-11-18 09:21:50.101 UTC: 	 Server base url is cmsweb.cern.ch
DEBUG 2021-11-18 09:21:50.101 UTC: 	 Command api workflow
DEBUG 2021-11-18 09:21:50.221 UTC: 	 Got information from server oracle database: {u'result': [u'211117_165830:yian_crab_TTGJets_TuneCP5_13TeV-amcatnloFXFX-madspin-pythia8_2016', u'None', u'None', u'SUBMITTED', u'SUBMIT', u'2021-11-17 16:58:30.795199', u'None', u'2021-11-17 16:59:03.469883', u'None', u'CMSSW_10_6_20', u'slc7_amd64_gcc820', u'/TTGJets_TuneCP5_13TeV-amcatnloFXFX-madspin-pythia8/RunIISummer20UL16NanoAODv9-106X_mcRun2_asymptotic_v17-v1/NANOAODSIM', u'T', u'0', u"[u'T2_US_UCSD', u'T2_US_Wisconsin', u'T2_US_MIT', u'T2_US_Caltech', u'T2_US_Purdue', u'T2_US_Nebraska']", u'[]', u'FileBased', u"{'splitOnRun': False, 'halt_job_on_file_boundaries': False, 'files_per_job': 1, 'runs': [], 'lumis': []}", u'bd736a0ca49dfa0dfab96903bb1581d6622ba6889f2fdcbb1b931bf047ceb81a.tar.gz', u'https://cmsweb.cern.ch/S3/crabcache_prod', u'yian', u'/DC=ch/DC=cern/OU=Organic Units/OU=Users/CN=yian/CN=826694/CN=Ying An', u'cms', u'None', u'None', u'TTGJets_TuneCP5_13TeV-amcatnloFXFX-madspin-pythia8_2016-00000000000000000000000000000000', u'F', u'T3_CH_CERNBOX', u'https://cmsweb.cern.ch/dbs/prod/global/DBSReader', u'https://cmsweb.cern.ch/dbs/prod/phys03/DBSWriter', u'F', u'[]', u'[]', u"[b'tree.root']", u'Analysis', u'pythia', u'None', u'{}', u'[]', u'F', u'crab-prod-tw01', u'[]', u'1250', u'1', u'2000', u'10', u"['/TTGJets_TuneCP5_13TeV-amcatnloFXFX-madspin-pythia8/yian-TTGJets_TuneCP5_13TeV-amcatnloFXFX-madspin-pythia8_2016-cdc8a5f8d50b7902483cf88592ab9ddb/USER']", u'[]', u'http://vocms0121.cern.ch/mon/cms1407/211117_165830:yian_crab_TTGJets_TuneCP5_13TeV-amcatnloFXFX-madspin-pythia8_2016', u'WWG_crab_script.sh', u"[b'isdata=MC', b'year=2016', b'era=B']", u'[]', u'https://cmsweb.cern.ch/crabserver/prod', u'cmsgwms-collector-global.cern.ch:9620,cmsgwms-collector-global.fnal.gov:9620', u'crab3@vocms0121.cern.ch', u'F', u'[]', u'T', u'/store/user/yian/', u'T', u'None', u'F', u'None', u'TTGJets_TuneCP5_13TeV-amcatnloFXFX-madspin-pythia8', u'None', u'92b184746b998f268d52a7df1da90291f29b4d7a37927ce4397601de0f59b56d.tar.gz', u'72031027', u'filetransfers', u'F', u'188.184.75.95', u'0.0', u'None'], u'desc': {u'columns': [u'tm_taskname', u'tm_activity', u'panda_jobset_id', u'tm_task_status', u'tm_task_command', u'tm_start_time', u'tm_start_injection', u'tm_end_injection', u'tm_task_failure', u'tm_job_sw', u'tm_job_arch', u'tm_input_dataset', u'tm_nonvalid_input_dataset', u'tm_use_parent', u'tm_site_whitelist', u'tm_site_blacklist', u'tm_split_algo', u'tm_split_args', u'tm_user_sandbox', u'tm_cache_url', u'tm_username', u'tm_user_dn', u'tm_user_vo', u'tm_user_role', u'tm_user_group', u'tm_publish_name', u'tm_publish_groupname', u'tm_asyncdest', u'tm_dbs_url', u'tm_publish_dbs_url', u'tm_publication', u'tm_outfiles', u'tm_tfile_outfiles', u'tm_edm_outfiles', u'tm_job_type', u'tm_generator', u'tm_events_per_lumi', u'tm_arguments', u'panda_resubmitted_jobs', u'tm_save_logs', u'tw_name', u'tm_user_infiles', u'tm_maxjobruntime', u'tm_numcores', u'tm_maxmemory', u'tm_priority', u'tm_output_dataset', u'tm_task_warnings', u'tm_user_webdir', u'tm_scriptexe', u'tm_scriptargs', u'tm_extrajdl', u'tm_asourl', u'tm_collector', u'tm_schedd', u'tm_dry_run', u'tm_user_files', u'tm_transfer_outputs', u'tm_output_lfn', u'tm_ignore_locality', u'tm_fail_limit', u'tm_one_event_mode', u'tm_secondary_input_dataset', u'tm_primary_dataset', u'tm_last_publication', u'tm_debug_files', u'clusterid', u'tm_asodb', u'tm_ignore_global_blacklist', u'tm_submitter_ip_addr', u'tm_totalunits', u'tm_ddm_reqid']}}
INFO 2021-11-18 09:21:50.221 UTC: 	 CRAB project directory:		/afs/cern.ch/work/y/yian/work/GZ/CMSSW_10_6_20/src/PhysicsTools/NanoAODTools/WWG/2016post/crab/crab2016/crab_TTGJets_TuneCP5_13TeV-amcatnloFXFX-madspin-pythia8_2016
INFO 2021-11-18 09:21:50.221 UTC: 	 Task name:			211117_165830:yian_crab_TTGJets_TuneCP5_13TeV-amcatnloFXFX-madspin-pythia8_2016
INFO 2021-11-18 09:21:50.221 UTC: 	 Grid scheduler - Task Worker:	crab3@vocms0121.cern.ch - crab-prod-tw01
INFO 2021-11-18 09:21:50.221 UTC: 	 Status on the CRAB server:	SUBMITTED
INFO 2021-11-18 09:21:50.221 UTC: 	 Task URL to use for HELP:	https://cmsweb.cern.ch/crabserver/ui/task/211117_165830%3Ayian_crab_TTGJets_TuneCP5_13TeV-amcatnloFXFX-madspin-pythia8_2016
INFO 2021-11-18 09:21:50.225 UTC: 	 Dashboard monitoring URL:	https://monit-grafana.cern.ch/d/cmsTMDetail/cms-task-monitoring-task-view?orgId=11&var-user=yian&var-task=211117_165830%3Ayian_crab_TTGJets_TuneCP5_13TeV-amcatnloFXFX-madspin-pythia8_2016&from=1637164710000&to=now
DEBUG 2021-11-18 09:21:50.225 UTC: 	 The CRAB server submitted your task to the Grid scheduler (cluster ID: 72031027)
DEBUG 2021-11-18 09:21:50.225 UTC: 	 Webdir is located at http://vocms0121.cern.ch/mon/cms1407/211117_165830:yian_crab_TTGJets_TuneCP5_13TeV-amcatnloFXFX-madspin-pythia8_2016
DEBUG 2021-11-18 09:21:50.308 UTC: 	 Proxied webdir is located at https://cmsweb.cern.ch:8443/scheddmon/0121/cms1407/211117_165830:yian_crab_TTGJets_TuneCP5_13TeV-amcatnloFXFX-madspin-pythia8_2016
DEBUG 2021-11-18 09:21:50.308 UTC: 	 Retrieving 'status_cache' file from https://cmsweb.cern.ch:8443/scheddmon/0121/cms1407/211117_165830:yian_crab_TTGJets_TuneCP5_13TeV-amcatnloFXFX-madspin-pythia8_2016/status_cache
DEBUG 2021-11-18 09:21:50.343 UTC: 	 Got information from status cache file: {'1': {'Retries': 0, 'WallDurations': [9.0, 74.59284591674805, 3313.0], 'StartTimes': [1637168640.0], 'SubmitTimes': [1637168354.0], 'JobIds': ['72031030.0'], 'EndTimes': [1637171953.0], 'Restarts': 0, 'RecordedSite': True, 'State': 'finished', 'ResidentSetSize': [325864], 'TotalUserCpuTimeHistory': [108], 'SiteHistory': ['Unknown', 'T2_US_UCSD', 'T2_US_UCSD'], 'TotalSysCpuTimeHistory': [11]}, '3': {'Retries': 0, 'WallDurations': [8.0, 72.59284591674805, 1336.0], 'StartTimes': [1637168642.0], 'SubmitTimes': [1637168354.0], 'JobIds': ['72031033.0'], 'EndTimes': [1637169978.0], 'Restarts': 0, 'RecordedSite': True, 'State': 'finished', 'ResidentSetSize': [368620], 'TotalUserCpuTimeHistory': [50], 'SiteHistory': ['Unknown', 'T2_US_UCSD', 'T2_US_UCSD'], 'TotalSysCpuTimeHistory': [3]}, '2': {'Retries': 0, 'WallDurations': [9.0, 69.59284591674805, 211.0], 'StartTimes': [1637168645.0], 'SubmitTimes': [1637168354.0], 'JobIds': ['72031031.0'], 'EndTimes': [1637168856.0], 'Restarts': 0, 'RecordedSite': True, 'State': 'finished', 'ResidentSetSize': [6792], 'TotalUserCpuTimeHistory': [148], 'SiteHistory': ['Unknown', 'T2_US_Caltech', 'T2_US_Caltech'], 'TotalSysCpuTimeHistory': [3]}, '5': {'Retries': 0, 'WallDurations': [9.0, 243.3893220424652, 28418.0], 'StartTimes': [1637169374.0], 'SubmitTimes': [1637168354.0], 'JobIds': ['72031034.0'], 'EndTimes': [1637197792.0], 'Restarts': 0, 'RecordedSite': True, 'State': 'finished', 'ResidentSetSize': [366880], 'TotalUserCpuTimeHistory': [881], 'SiteHistory': ['Unknown', 'T2_US_MIT', 'T2_US_MIT'], 'TotalSysCpuTimeHistory': [43]}, '4': {'Retries': 0, 'WallDurations': [9.0, 74.59284591674805, 961.0], 'StartTimes': [1637168640.0], 'SubmitTimes': [1637168354.0], 'JobIds': ['72031032.0'], 'EndTimes': [1637169601.0], 'Restarts': 0, 'RecordedSite': True, 'State': 'finished', 'ResidentSetSize': [365052], 'TotalUserCpuTimeHistory': [40], 'SiteHistory': ['Unknown', 'T2_US_UCSD', 'T2_US_UCSD'], 'TotalSysCpuTimeHistory': [2]}, '7': {'Retries': 0, 'WallDurations': [8.0, 77.59284591674805, 677.0], 'StartTimes': [1637168637.0], 'SubmitTimes': [1637168355.0], 'JobIds': ['72031036.0'], 'EndTimes': [1637169314.0], 'Restarts': 0, 'RecordedSite': True, 'State': 'finished', 'ResidentSetSize': [380768], 'TotalUserCpuTimeHistory': [14], 'SiteHistory': ['Unknown', 'T2_US_MIT', 'T2_US_MIT'], 'TotalSysCpuTimeHistory': [1]}, '6': {'Retries': 0, 'WallDurations': [8.0, 73.59284591674805, 5853.0], 'StartTimes': [1637168641.0], 'SubmitTimes': [1637168354.0], 'JobIds': ['72031035.0'], 'EndTimes': [1637174494.0], 'Restarts': 0, 'RecordedSite': True, 'State': 'finished', 'ResidentSetSize': [333364], 'TotalUserCpuTimeHistory': [539], 'SiteHistory': ['Unknown', 'T2_US_Wisconsin', 'T2_US_Wisconsin'], 'TotalSysCpuTimeHistory': [553]}}
INFO 2021-11-18 09:21:50.343 UTC: 	 Status on the scheduler:	COMPLETED
INFO 2021-11-18 09:21:50.344 UTC: 	 
Jobs status:                    finished     		100.0% (7/7)
INFO 2021-11-18 09:21:50.344 UTC: 	 
No publication information (publication has been disabled in the CRAB configuration file)
INFO 2021-11-18 09:21:50.344 UTC: 	 
Warning: the average jobs CPU efficiency is less than 50%, please consider to improve the jobs splitting (e.g. config.Data.splitting = 'Automatic') in a new task
INFO 2021-11-18 09:21:50.344 UTC: 	 
Summary of run jobs:
 * Memory: 6MB min, 371MB max, 300MB ave
 * Runtime: 0:03:31 min, 7:53:38 max, 1:37:04 ave
 * CPU eff: 2% min, 72% max, 6% ave
 * Waste: 0:12:25 (2% of total)

INFO 2021-11-18 09:21:50.353 UTC: 	 Log file is /afs/cern.ch/work/y/yian/work/GZ/CMSSW_10_6_20/src/PhysicsTools/NanoAODTools/WWG/2016post/crab/crab2016/crab_TTGJets_TuneCP5_13TeV-amcatnloFXFX-madspin-pythia8_2016/crab.log
