DEBUG 2021-06-07 11:05:20.731 UTC: 	 CRAB Client version: v3.210601
DEBUG 2021-06-07 11:05:20.731 UTC: 	 Running on: Linux lxplus750.cern.ch 3.10.0-1160.25.1.el7.x86_64 #1 SMP Wed Apr 28 21:49:45 UTC 2021 x86_64 x86_64 x86_64 GNU/Linux - CentOS Linux 7 (Core)
DEBUG 2021-06-07 11:05:20.731 UTC: 	 Executing command: 'submit'
DEBUG 2021-06-07 11:05:20.732 UTC: 	 Found CRAB cache file /afs/cern.ch/user/y/yian/.crab3
INFO 2021-06-07 11:05:20.734 UTC: 	 Will use CRAB configuration file crabcode_2018/WWTo2L2Nu_NNPDF31_TuneCP5_13TeV-powheg-pythia8.py
DEBUG 2021-06-07 11:05:20.734 UTC: 	 Loading CRAB configuration file.
DEBUG 2021-06-07 11:05:20.859 UTC: 	 Will use CRAB Analysis plugin (i.e. will run an analysis job type).
DEBUG 2021-06-07 11:05:20.882 UTC: 	 Checking credentials
DEBUG 2021-06-07 11:05:20.882 UTC: 	 Found proxy file /tmp/x509up_u110046
DEBUG 2021-06-07 11:05:20.882 UTC: 	 Getting proxy life time left
DEBUG 2021-06-07 11:05:24.494 UTC: 	 Executing : 
 command : voms-proxy-info -file /tmp/x509up_u110046 -timeleft
 output : 590605

 error: 
 retcode : 0
DEBUG 2021-06-07 11:05:25.100 UTC: 	 Executing : 
 command : voms-proxy-info -file /tmp/x509up_u110046 -actimeleft
 output : 590604

 error: 
 retcode : 0
DEBUG 2021-06-07 11:05:25.100 UTC: 	 Proxy lifetime 590605 secs is different from voms extension lifetime 590604 secs for proxy: /tmp/x509up_u110046
DEBUG 2021-06-07 11:05:25.100 UTC: 	 Proxy valid for 164:03:24 hours
DEBUG 2021-06-07 11:05:25.706 UTC: 	 Executing : 
 command : env X509_USER_PROXY=/tmp/x509up_u110046 voms-proxy-info -fqan
 output : /cms/Role=NULL/Capability=NULL

 error: 
 retcode : 0
DEBUG 2021-06-07 11:05:25.818 UTC: 	 Registering user credentials for server /DC=ch/DC=cern/OU=computers/CN=crab-(preprod|prod|dev)-tw(02|01).cern.ch|/DC=ch/DC=cern/OU=computers/CN=(ddi|ddidk|mytw).cern.ch|/DC=ch/DC=cern/OU=computers/CN=stefanov(m|m2).cern.ch
DEBUG 2021-06-07 11:05:26.430 UTC: 	 Executing : 
 command : voms-proxy-info -file /tmp/x509up_u110046 -identity
 output : /DC=ch/DC=cern/OU=Organic Units/OU=Users/CN=yian/CN=826694/CN=Ying An

 error: 
 retcode : 0
DEBUG 2021-06-07 11:05:26.438 UTC: 	 Getting myproxy life time left for myproxy.cern.ch
DEBUG 2021-06-07 11:05:26.439 UTC: 	 using b52ac606a6f7097e9b4b8f05a3a67cc69f8f291b as credential login name
DEBUG 2021-06-07 11:05:26.843 UTC: 	 Executing : 
 command : myproxy-info -l b52ac606a6f7097e9b4b8f05a3a67cc69f8f291b -s myproxy.cern.ch
 output : username: b52ac606a6f7097e9b4b8f05a3a67cc69f8f291b
owner: /DC=ch/DC=cern/OU=Organic Units/OU=Users/CN=yian/CN=826694/CN=Ying An
  renewal policy: /DC=ch/DC=cern/OU=computers/CN=crab-(preprod|prod|dev)-tw(02|01).cern.ch|/DC=ch/DC=cern/OU=computers/CN=(ddi|ddidk|mytw).cern.ch|/DC=ch/DC=cern/OU=computers/CN=stefanov(m|m2).cern.ch
  trusted retrieval policy: /DC=ch/DC=cern/OU=computers/CN=crab-(preprod|prod|dev)-tw(02|01).cern.ch|/DC=ch/DC=cern/OU=computers/CN=(ddi|ddidk|mytw).cern.ch|/DC=ch/DC=cern/OU=computers/CN=stefanov(m|m2).cern.ch
  timeleft: 717:04:58  (29.9 days)

 error: 
 retcode : 0
DEBUG 2021-06-07 11:05:26.844 UTC: 	 Myproxy is valid: 2581498
DEBUG 2021-06-07 11:05:26.844 UTC: 	 Retrieving username ...
DEBUG 2021-06-07 11:05:26.844 UTC: 	 Retrieving username from CRIC...
DEBUG 2021-06-07 11:05:27.638 UTC: 	 username is yian
DEBUG 2021-06-07 11:05:27.644 UTC: 	 Getting myproxy life time left for myproxy.cern.ch
DEBUG 2021-06-07 11:05:27.644 UTC: 	 using yian_CRAB as credential login name
DEBUG 2021-06-07 11:05:28.148 UTC: 	 Executing : 
 command : myproxy-info -l yian_CRAB -s myproxy.cern.ch
 output : username: yian_CRAB
owner: /DC=ch/DC=cern/OU=Organic Units/OU=Users/CN=yian/CN=826694/CN=Ying An
  renewal policy: /DC=ch/DC=cern/OU=computers/CN=crab-(preprod|prod|dev)-tw(02|01).cern.ch|/DC=ch/DC=cern/OU=computers/CN=(ddi|ddidk|mytw).cern.ch|/DC=ch/DC=cern/OU=computers/CN=stefanov(m|m2).cern.ch
  trusted retrieval policy: /DC=ch/DC=cern/OU=computers/CN=crab-(preprod|prod|dev)-tw(02|01).cern.ch|/DC=ch/DC=cern/OU=computers/CN=(ddi|ddidk|mytw).cern.ch|/DC=ch/DC=cern/OU=computers/CN=stefanov(m|m2).cern.ch
  timeleft: 717:20:30  (29.9 days)

 error: 
 retcode : 0
DEBUG 2021-06-07 11:05:28.149 UTC: 	 Myproxy is valid: 2582430
DEBUG 2021-06-07 11:05:28.149 UTC: 	 Result of myproxy credential check:
  Credential exists on myproxy: username: b52ac606a6f7097e9b4b8f05a3a67cc69f8f291b  - validity: 29 days, 21:04:58
  Credential exists on myproxy: username: yian_CRAB  - validity: 29 days, 21:20:30
DEBUG 2021-06-07 11:05:28.149 UTC: 	 Command use: submit
DEBUG 2021-06-07 11:05:28.149 UTC: 	 Options use: ['-c', 'crabcode_2018/WWTo2L2Nu_NNPDF31_TuneCP5_13TeV-powheg-pythia8.py']
DEBUG 2021-06-07 11:05:28.259 UTC: 	 CRABClient version: v3.210601
DEBUG 2021-06-07 11:05:28.259 UTC: 	 Instance is prod
DEBUG 2021-06-07 11:05:28.259 UTC: 	 Server base url is cmsweb.cern.ch
DEBUG 2021-06-07 11:05:28.259 UTC: 	 Command api workflow
DEBUG 2021-06-07 11:05:28.259 UTC: 	 Started submission
DEBUG 2021-06-07 11:05:28.259 UTC: 	 Working on /afs/cern.ch/work/y/yian/work/GZ/CMSSW_10_6_20/src/PhysicsTools/NanoAODTools/WWG/2018/fakephoton_crab/crab2018/crab_WWTo2L2Nu_NNPDF31_TuneCP5_13TeV-powheg-pythia8
DEBUG 2021-06-07 11:05:28.401 UTC: 	 Loading required information from the environment
DEBUG 2021-06-07 11:05:28.401 UTC: 	 Found CMSSW_10_6_20 for slc7_amd64_gcc820 with base /afs/cern.ch/work/y/yian/work/GZ/CMSSW_10_6_20
DEBUG 2021-06-07 11:05:28.401 UTC: 	 Loading required information from the environment
DEBUG 2021-06-07 11:05:28.401 UTC: 	 Found CMSSW_10_6_20 for slc7_amd64_gcc820 with base /afs/cern.ch/work/y/yian/work/GZ/CMSSW_10_6_20
DEBUG 2021-06-07 11:05:28.401 UTC: 	 UNIQUE NAME: tarUUID a42cde57-1b11-4e05-a555-672803ae1989 
DEBUG 2021-06-07 11:05:28.401 UTC: 	 self.config: from WMCore.Configuration import Configuration
config = Configuration()
config.section_('General')
config.General.workArea = 'crab2018'
config.General.transferLogs = False
config.General.requestName = 'WWTo2L2Nu_NNPDF31_TuneCP5_13TeV-powheg-pythia8'
config.section_('JobType')
config.JobType.scriptArgs = ['isdata=MC', 'year=2018']
config.JobType.scriptExe = './WWG_crab_script.sh'
config.JobType.pluginName = 'Analysis'
config.JobType.sendPythonFolder = True
config.JobType.allowUndistributedCMSSW = True
config.JobType.psetName = 'PSet.py'
config.JobType.inputFiles = ['../../../scripts/haddnano.py', '../WWG_fakephoton/WWG_postproc.py', '../WWG_fakephoton/WWGfakephoton_Module.py', '../WWG_fakephoton/WWG_keep_and_drop.txt', '../WWG_fakephoton/WWG_output_branch.txt', '../WWG_fakephoton/DAS_filesearch.py']
config.section_('Data')
config.Data.inputDataset = '/WWTo2L2Nu_NNPDF31_TuneCP5_13TeV-powheg-pythia8/RunIIAutumn18NanoAODv7-Nano02Apr2020_102X_upgrade2018_realistic_v21-v1/NANOAODSIM'
config.Data.allowNonValidInputDataset = True
config.Data.publication = False
config.Data.unitsPerJob = 1
config.Data.ignoreLocality = True
config.Data.inputDBS = 'global'
config.Data.splitting = 'FileBased'
config.Data.outputDatasetTag = 'WWTo2L2Nu_NNPDF31_TuneCP5_13TeV-powheg-pythia8'
config.section_('Site')
config.Site.whitelist = ['T2_US_MIT', 'T2_US_Wisconsin', 'T2_US_Purdue', 'T2_US_UCSD', 'T2_US_Caltech', 'T2_US_Nebraska']
config.Site.storageSite = 'T3_CH_CERNBOX'

DEBUG 2021-06-07 11:05:28.402 UTC: 	 self.config.JobType.psetName: PSet.py
INFO 2021-06-07 11:05:28.402 UTC: 	 Importing CMSSW configuration PSet.py
INFO 2021-06-07 11:05:29.180 UTC: 	 Finished importing CMSSW configuration PSet.py
DEBUG 2021-06-07 11:05:29.181 UTC: 	 Writing CMSSW configuration to /afs/cern.ch/work/y/yian/work/GZ/CMSSW_10_6_20/src/PhysicsTools/NanoAODTools/WWG/2018/fakephoton_crab/crab2018/crab_WWTo2L2Nu_NNPDF31_TuneCP5_13TeV-powheg-pythia8/inputs/PSet.py
DEBUG 2021-06-07 11:05:29.196 UTC: 	 The following EDM output files will be collected: ['tree.root']
DEBUG 2021-06-07 11:05:29.196 UTC: 	 The following TFile output files will be collected: []
DEBUG 2021-06-07 11:05:29.196 UTC: 	 The following user output files (not listed as PoolOuputModule or TFileService in the CMSSW PSet) will be collected: 
DEBUG 2021-06-07 11:05:29.196 UTC: 	 Loading required information from the environment
DEBUG 2021-06-07 11:05:29.196 UTC: 	 Found CMSSW_10_6_20 for slc7_amd64_gcc820 with base /afs/cern.ch/work/y/yian/work/GZ/CMSSW_10_6_20
DEBUG 2021-06-07 11:05:29.196 UTC: 	 Making tarball in /afs/cern.ch/work/y/yian/work/GZ/CMSSW_10_6_20/src/PhysicsTools/NanoAODTools/WWG/2018/fakephoton_crab/crab2018/crab_WWTo2L2Nu_NNPDF31_TuneCP5_13TeV-powheg-pythia8/inputs/a42cde57-1b11-4e05-a555-672803ae1989default.tgz
DEBUG 2021-06-07 11:05:29.198 UTC: 	 Checking directory /afs/cern.ch/work/y/yian/work/GZ/CMSSW_10_6_20/lib
DEBUG 2021-06-07 11:05:29.198 UTC: 	 Adding directory /afs/cern.ch/work/y/yian/work/GZ/CMSSW_10_6_20/lib to tarball
DEBUG 2021-06-07 11:05:29.704 UTC: 	 Checking directory /afs/cern.ch/work/y/yian/work/GZ/CMSSW_10_6_20/biglib
DEBUG 2021-06-07 11:05:29.704 UTC: 	 Adding directory /afs/cern.ch/work/y/yian/work/GZ/CMSSW_10_6_20/biglib to tarball
DEBUG 2021-06-07 11:05:29.705 UTC: 	 Checking directory /afs/cern.ch/work/y/yian/work/GZ/CMSSW_10_6_20/module
DEBUG 2021-06-07 11:05:29.705 UTC: 	 Checking directory /afs/cern.ch/work/y/yian/work/GZ/CMSSW_10_6_20/python
DEBUG 2021-06-07 11:05:29.705 UTC: 	 Adding directory /afs/cern.ch/work/y/yian/work/GZ/CMSSW_10_6_20/python to tarball
DEBUG 2021-06-07 11:05:42.869 UTC: 	 Checking directory /afs/cern.ch/work/y/yian/work/GZ/CMSSW_10_6_20/cfipython
DEBUG 2021-06-07 11:05:42.872 UTC: 	 Adding directory /afs/cern.ch/work/y/yian/work/GZ/CMSSW_10_6_20/cfipython to tarball
DEBUG 2021-06-07 11:06:03.586 UTC: 	 Adding data directory /afs/cern.ch/work/y/yian/work/GZ/CMSSW_10_6_20/src/PhysicsTools/NanoAODTools/data to tarball
DEBUG 2021-06-07 11:06:32.562 UTC: 	 Adding data directory /afs/cern.ch/work/y/yian/work/GZ/CMSSW_10_6_20/src/PhysicsTools/NanoAODTools/interface to tarball
DEBUG 2021-06-07 11:06:32.579 UTC: 	 Adding data directory /afs/cern.ch/work/y/yian/work/GZ/CMSSW_10_6_20/src/PhysicsTools/NanoAODTools/python/postprocessing/data to tarball
DEBUG 2021-06-07 11:06:34.935 UTC: 	 Adding file ../../../scripts/haddnano.py to tarball
DEBUG 2021-06-07 11:06:34.967 UTC: 	 Adding file ../WWG_fakephoton/WWG_postproc.py to tarball
DEBUG 2021-06-07 11:06:35.037 UTC: 	 Adding file ../WWG_fakephoton/WWGfakephoton_Module.py to tarball
DEBUG 2021-06-07 11:06:35.193 UTC: 	 Adding file ../WWG_fakephoton/WWG_keep_and_drop.txt to tarball
DEBUG 2021-06-07 11:06:35.330 UTC: 	 Adding file ../WWG_fakephoton/WWG_output_branch.txt to tarball
DEBUG 2021-06-07 11:06:35.451 UTC: 	 Adding file ../WWG_fakephoton/DAS_filesearch.py to tarball
DEBUG 2021-06-07 11:06:42.023 UTC: 	 Uploading archive /afs/cern.ch/work/y/yian/work/GZ/CMSSW_10_6_20/src/PhysicsTools/NanoAODTools/WWG/2018/fakephoton_crab/crab2018/crab_WWTo2L2Nu_NNPDF31_TuneCP5_13TeV-powheg-pythia8/inputs/a42cde57-1b11-4e05-a555-672803ae1989default.tgz (94 MB) to the CRAB cache. Using URI https://cmsweb-prod.cern.ch:8443/crabcache
DEBUG 2021-06-07 11:07:50.858 UTC: 	 Successfully uploaded tarball to S3 as well
DEBUG 2021-06-07 11:07:51.029 UTC: 	 Report of S3 upload stored on CrabCache as S3-210607_110748.623:s3report.json
DEBUG 2021-06-07 11:07:51.030 UTC: 	 Loading required information from the environment
DEBUG 2021-06-07 11:07:51.030 UTC: 	 Found CMSSW_10_6_20 for slc7_amd64_gcc820 with base /afs/cern.ch/work/y/yian/work/GZ/CMSSW_10_6_20
DEBUG 2021-06-07 11:07:51.030 UTC: 	 Making tarball in /afs/cern.ch/work/y/yian/work/GZ/CMSSW_10_6_20/src/PhysicsTools/NanoAODTools/WWG/2018/fakephoton_crab/crab2018/crab_WWTo2L2Nu_NNPDF31_TuneCP5_13TeV-powheg-pythia8/inputs/debugFiles.tgz
DEBUG 2021-06-07 11:07:51.037 UTC: 	 Uploading archive /afs/cern.ch/work/y/yian/work/GZ/CMSSW_10_6_20/src/PhysicsTools/NanoAODTools/WWG/2018/fakephoton_crab/crab2018/crab_WWTo2L2Nu_NNPDF31_TuneCP5_13TeV-powheg-pythia8/inputs/debugFiles.tgz (1 KB) to the CRAB cache. Using URI https://cmsweb-prod.cern.ch:8443/crabcache
DEBUG 2021-06-07 11:07:52.405 UTC: 	 Successfully uploaded tarball to S3 as well
DEBUG 2021-06-07 11:07:52.585 UTC: 	 Report of S3 upload stored on CrabCache as S3-210607_110751.272:s3report.json
DEBUG 2021-06-07 11:07:52.586 UTC: 	 Result uploading input files: 139d4bbeceb61becf0d707b528ec5c3c96a78c2dd24e7e117200c1082b104bb4.tar.gz 
INFO 2021-06-07 11:07:52.587 UTC: 	 Sending the request to the server at cmsweb.cern.ch
DEBUG 2021-06-07 11:07:52.587 UTC: 	 Submitting {'maxjobruntime': 1250, 'extrajdl': [], 'ignorelocality': 1, 'savelogsflag': 0, 'useparent': 0, 'scriptexe': 'WWG_crab_script.sh', 'asyncdest': 'T3_CH_CERNBOX', 'algoargs': 1, 'cachefilename': '139d4bbeceb61becf0d707b528ec5c3c96a78c2dd24e7e117200c1082b104bb4.tar.gz', 'numcores': 1, 'addoutputfiles': [], 'generator': 'pythia', 'maxmemory': 2000, 'publishdbsurl': 'https://cmsweb.cern.ch/dbs/prod/phys03/DBSWriter', 'priority': 10, 'jobsw': 'CMSSW_10_6_20', 'edmoutfiles': ['tree.root'], 'userfiles': [], 'primarydataset': '', 'inputdata': '/WWTo2L2Nu_NNPDF31_TuneCP5_13TeV-powheg-pythia8/RunIIAutumn18NanoAODv7-Nano02Apr2020_102X_upgrade2018_realistic_v21-v1/NANOAODSIM', 'dryrun': 0, 'workflow': 'crab_WWTo2L2Nu_NNPDF31_TuneCP5_13TeV-powheg-pythia8', 'scriptargs': ['isdata=MC', 'year=2018'], 'sitewhitelist': ['T2_US_MIT', 'T2_US_Wisconsin', 'T2_US_Purdue', 'T2_US_UCSD', 'T2_US_Caltech', 'T2_US_Nebraska'], 'nonprodsw': 1, 'tfileoutfiles': [], 'oneEventMode': 0, 'debugfilename': '1487f6a81b7ee0779b9eaa06b59ec15e328f6143e7a98026e580fda6cf08e080.tar.gz', 'cacheurl': u'https://cmsweb-prod.cern.ch:8443/crabcache', 'saveoutput': 1, 'publication': 0, 'jobarch': 'slc7_amd64_gcc820', 'totalunits': 0, 'splitalgo': 'FileBased', 'ignoreglobalblacklist': 0, 'nonvaliddata': 1, 'dbsurl': 'https://cmsweb.cern.ch/dbs/prod/global/DBSReader', 'publishgroupname': 0, 'jobtype': 'Analysis', 'publishname2': 'WWTo2L2Nu_NNPDF31_TuneCP5_13TeV-powheg-pythia8'} 
DEBUG 2021-06-07 11:07:52.587 UTC: 	 Encoded submit request: maxjobruntime=1250&ignorelocality=1&savelogsflag=0&useparent=0&scriptexe=WWG_crab_script.sh&asyncdest=T3_CH_CERNBOX&algoargs=1&cachefilename=139d4bbeceb61becf0d707b528ec5c3c96a78c2dd24e7e117200c1082b104bb4.tar.gz&numcores=1&generator=pythia&maxmemory=2000&publishdbsurl=https%3A%2F%2Fcmsweb.cern.ch%2Fdbs%2Fprod%2Fphys03%2FDBSWriter&priority=10&jobsw=CMSSW_10_6_20&primarydataset=&inputdata=%2FWWTo2L2Nu_NNPDF31_TuneCP5_13TeV-powheg-pythia8%2FRunIIAutumn18NanoAODv7-Nano02Apr2020_102X_upgrade2018_realistic_v21-v1%2FNANOAODSIM&dryrun=0&workflow=crab_WWTo2L2Nu_NNPDF31_TuneCP5_13TeV-powheg-pythia8&nonprodsw=1&oneEventMode=0&debugfilename=1487f6a81b7ee0779b9eaa06b59ec15e328f6143e7a98026e580fda6cf08e080.tar.gz&cacheurl=https%3A%2F%2Fcmsweb-prod.cern.ch%3A8443%2Fcrabcache&saveoutput=1&publication=0&jobarch=slc7_amd64_gcc820&totalunits=0&splitalgo=FileBased&ignoreglobalblacklist=0&nonvaliddata=1&dbsurl=https%3A%2F%2Fcmsweb.cern.ch%2Fdbs%2Fprod%2Fglobal%2FDBSReader&publishgroupname=0&jobtype=Analysis&publishname2=WWTo2L2Nu_NNPDF31_TuneCP5_13TeV-powheg-pythia8&sitewhitelist=T2_US_MIT&sitewhitelist=T2_US_Wisconsin&sitewhitelist=T2_US_Purdue&sitewhitelist=T2_US_UCSD&sitewhitelist=T2_US_Caltech&sitewhitelist=T2_US_Nebraska&edmoutfiles=tree.root&scriptargs=isdata%3DMC&scriptargs=year%3D2018
DEBUG 2021-06-07 11:07:52.687 UTC: 	 Result: {u'result': [{u'RequestName': u'210607_110752:yian_crab_WWTo2L2Nu_NNPDF31_TuneCP5_13TeV-powheg-pythia8'}]}
INFO 2021-06-07 11:07:52.691 UTC: 	 Success: Your task has been delivered to the prod CRAB3 server.
INFO 2021-06-07 11:07:52.691 UTC: 	 Task name: 210607_110752:yian_crab_WWTo2L2Nu_NNPDF31_TuneCP5_13TeV-powheg-pythia8
INFO 2021-06-07 11:07:52.691 UTC: 	 Project dir: crab2018/crab_WWTo2L2Nu_NNPDF31_TuneCP5_13TeV-powheg-pythia8
INFO 2021-06-07 11:07:52.691 UTC: 	 Please use ' crab status -d crab2018/crab_WWTo2L2Nu_NNPDF31_TuneCP5_13TeV-powheg-pythia8 ' to check how the submission process proceeds.
DEBUG 2021-06-07 11:07:52.691 UTC: 	 About to return
INFO 2021-06-07 11:07:52.694 UTC: 	 Log file is /afs/cern.ch/work/y/yian/work/GZ/CMSSW_10_6_20/src/PhysicsTools/NanoAODTools/WWG/2018/fakephoton_crab/crab2018/crab_WWTo2L2Nu_NNPDF31_TuneCP5_13TeV-powheg-pythia8/crab.log
DEBUG 2021-06-07 11:28:20.463 UTC: 	 CRAB Client version: v3.210601
DEBUG 2021-06-07 11:28:20.463 UTC: 	 Running on: Linux lxplus750.cern.ch 3.10.0-1160.25.1.el7.x86_64 #1 SMP Wed Apr 28 21:49:45 UTC 2021 x86_64 x86_64 x86_64 GNU/Linux - CentOS Linux 7 (Core)
DEBUG 2021-06-07 11:28:20.464 UTC: 	 Executing command: 'status'
DEBUG 2021-06-07 11:28:20.464 UTC: 	 Found CRAB cache file /afs/cern.ch/user/y/yian/.crab3
DEBUG 2021-06-07 11:28:20.659 UTC: 	 Checking credentials
DEBUG 2021-06-07 11:28:20.659 UTC: 	 Found proxy file /tmp/x509up_u110046
DEBUG 2021-06-07 11:28:20.659 UTC: 	 Getting proxy life time left
DEBUG 2021-06-07 11:28:22.867 UTC: 	 Executing : 
 command : voms-proxy-info -file /tmp/x509up_u110046 -timeleft
 output : 589228

 error: 
 retcode : 0
DEBUG 2021-06-07 11:28:23.472 UTC: 	 Executing : 
 command : voms-proxy-info -file /tmp/x509up_u110046 -actimeleft
 output : 589226

 error: 
 retcode : 0
DEBUG 2021-06-07 11:28:23.472 UTC: 	 Proxy lifetime 589228 secs is different from voms extension lifetime 589226 secs for proxy: /tmp/x509up_u110046
DEBUG 2021-06-07 11:28:23.473 UTC: 	 Proxy valid for 163:40:26 hours
DEBUG 2021-06-07 11:28:23.602 UTC: 	 Registering user credentials for server /DC=ch/DC=cern/OU=computers/CN=crab-(preprod|prod|dev)-tw(02|01).cern.ch|/DC=ch/DC=cern/OU=computers/CN=(ddi|ddidk|mytw).cern.ch|/DC=ch/DC=cern/OU=computers/CN=stefanov(m|m2).cern.ch
DEBUG 2021-06-07 11:28:24.214 UTC: 	 Executing : 
 command : voms-proxy-info -file /tmp/x509up_u110046 -identity
 output : /DC=ch/DC=cern/OU=Organic Units/OU=Users/CN=yian/CN=826694/CN=Ying An

 error: 
 retcode : 0
DEBUG 2021-06-07 11:28:24.221 UTC: 	 Getting myproxy life time left for myproxy.cern.ch
DEBUG 2021-06-07 11:28:24.222 UTC: 	 using b52ac606a6f7097e9b4b8f05a3a67cc69f8f291b as credential login name
DEBUG 2021-06-07 11:28:24.626 UTC: 	 Executing : 
 command : myproxy-info -l b52ac606a6f7097e9b4b8f05a3a67cc69f8f291b -s myproxy.cern.ch
 output : username: b52ac606a6f7097e9b4b8f05a3a67cc69f8f291b
owner: /DC=ch/DC=cern/OU=Organic Units/OU=Users/CN=yian/CN=826694/CN=Ying An
  renewal policy: /DC=ch/DC=cern/OU=computers/CN=crab-(preprod|prod|dev)-tw(02|01).cern.ch|/DC=ch/DC=cern/OU=computers/CN=(ddi|ddidk|mytw).cern.ch|/DC=ch/DC=cern/OU=computers/CN=stefanov(m|m2).cern.ch
  trusted retrieval policy: /DC=ch/DC=cern/OU=computers/CN=crab-(preprod|prod|dev)-tw(02|01).cern.ch|/DC=ch/DC=cern/OU=computers/CN=(ddi|ddidk|mytw).cern.ch|/DC=ch/DC=cern/OU=computers/CN=stefanov(m|m2).cern.ch
  timeleft: 716:42:00  (29.9 days)

 error: 
 retcode : 0
DEBUG 2021-06-07 11:28:24.627 UTC: 	 Myproxy is valid: 2580120
DEBUG 2021-06-07 11:28:24.627 UTC: 	 Retrieving username ...
DEBUG 2021-06-07 11:28:24.628 UTC: 	 Retrieving username from CRIC...
DEBUG 2021-06-07 11:28:25.398 UTC: 	 username is yian
DEBUG 2021-06-07 11:28:25.406 UTC: 	 Getting myproxy life time left for myproxy.cern.ch
DEBUG 2021-06-07 11:28:25.406 UTC: 	 using yian_CRAB as credential login name
DEBUG 2021-06-07 11:28:25.713 UTC: 	 Executing : 
 command : myproxy-info -l yian_CRAB -s myproxy.cern.ch
 output : username: yian_CRAB
owner: /DC=ch/DC=cern/OU=Organic Units/OU=Users/CN=yian/CN=826694/CN=Ying An
  renewal policy: /DC=ch/DC=cern/OU=computers/CN=crab-(preprod|prod|dev)-tw(02|01).cern.ch|/DC=ch/DC=cern/OU=computers/CN=(ddi|ddidk|mytw).cern.ch|/DC=ch/DC=cern/OU=computers/CN=stefanov(m|m2).cern.ch
  trusted retrieval policy: /DC=ch/DC=cern/OU=computers/CN=crab-(preprod|prod|dev)-tw(02|01).cern.ch|/DC=ch/DC=cern/OU=computers/CN=(ddi|ddidk|mytw).cern.ch|/DC=ch/DC=cern/OU=computers/CN=stefanov(m|m2).cern.ch
  timeleft: 716:57:33  (29.9 days)

 error: 
 retcode : 0
DEBUG 2021-06-07 11:28:25.713 UTC: 	 Myproxy is valid: 2581053
DEBUG 2021-06-07 11:28:25.714 UTC: 	 Result of myproxy credential check:
  Credential exists on myproxy: username: b52ac606a6f7097e9b4b8f05a3a67cc69f8f291b  - validity: 29 days, 20:42:00
  Credential exists on myproxy: username: yian_CRAB  - validity: 29 days, 20:57:33
DEBUG 2021-06-07 11:28:25.715 UTC: 	 Command use: status
DEBUG 2021-06-07 11:28:25.715 UTC: 	 Options use: ['-d', 'crab2018/crab_WWTo2L2Nu_NNPDF31_TuneCP5_13TeV-powheg-pythia8']
DEBUG 2021-06-07 11:28:25.821 UTC: 	 CRABClient version: v3.210601
DEBUG 2021-06-07 11:28:25.821 UTC: 	 Instance is prod
DEBUG 2021-06-07 11:28:25.821 UTC: 	 Server base url is cmsweb.cern.ch
DEBUG 2021-06-07 11:28:25.821 UTC: 	 Command api workflow
DEBUG 2021-06-07 11:28:25.985 UTC: 	 Got information from server oracle database: {u'result': [u'210607_110752:yian_crab_WWTo2L2Nu_NNPDF31_TuneCP5_13TeV-powheg-pythia8', u'None', u'None', u'SUBMITTED', u'SUBMIT', u'2021-06-07 11:07:52.678978', u'None', u'2021-06-07 11:08:40.887328', u'None', u'CMSSW_10_6_20', u'slc7_amd64_gcc820', u'/WWTo2L2Nu_NNPDF31_TuneCP5_13TeV-powheg-pythia8/RunIIAutumn18NanoAODv7-Nano02Apr2020_102X_upgrade2018_realistic_v21-v1/NANOAODSIM', u'T', u'0', u"[u'T2_US_UCSD', u'T2_US_Wisconsin', u'T2_US_MIT', u'T2_US_Caltech', u'T2_US_Purdue', u'T2_US_Nebraska']", u'[]', u'FileBased', u"{'splitOnRun': False, 'halt_job_on_file_boundaries': False, 'files_per_job': 1, 'runs': [], 'lumis': []}", u'139d4bbeceb61becf0d707b528ec5c3c96a78c2dd24e7e117200c1082b104bb4.tar.gz', u'https://cmsweb-prod.cern.ch:8443/crabcache', u'yian', u'/DC=ch/DC=cern/OU=Organic Units/OU=Users/CN=yian/CN=826694/CN=Ying An', u'cms', u'None', u'None', u'WWTo2L2Nu_NNPDF31_TuneCP5_13TeV-powheg-pythia8-00000000000000000000000000000000', u'F', u'T3_CH_CERNBOX', u'https://cmsweb.cern.ch/dbs/prod/global/DBSReader', u'https://cmsweb.cern.ch/dbs/prod/phys03/DBSWriter', u'F', u'[]', u'[]', u"[b'tree.root']", u'Analysis', u'pythia', u'None', u'{}', u'[]', u'F', u'crab-prod-tw01', u'[]', u'1250', u'1', u'2000', u'10', u'None', u'[]', u'http://vocms0144.cern.ch/mon/cms1407/210607_110752:yian_crab_WWTo2L2Nu_NNPDF31_TuneCP5_13TeV-powheg-pythia8', u'WWG_crab_script.sh', u"[b'isdata=MC', b'year=2018']", u'[]', u'https://cmsweb.cern.ch/crabserver/prod', u'cmsgwms-collector-global.cern.ch:9620,cmsgwms-collector-global.fnal.gov:9620', u'crab3@vocms0144.cern.ch', u'F', u'[]', u'T', u'/store/user/yian/', u'T', u'None', u'F', u'None', u'WWTo2L2Nu_NNPDF31_TuneCP5_13TeV-powheg-pythia8', u'None', u'1487f6a81b7ee0779b9eaa06b59ec15e328f6143e7a98026e580fda6cf08e080.tar.gz', u'68251894', u'filetransfers', u'F', u'137.138.120.6', u'0.0', u'None'], u'desc': {u'columns': [u'tm_taskname', u'tm_activity', u'panda_jobset_id', u'tm_task_status', u'tm_task_command', u'tm_start_time', u'tm_start_injection', u'tm_end_injection', u'tm_task_failure', u'tm_job_sw', u'tm_job_arch', u'tm_input_dataset', u'tm_nonvalid_input_dataset', u'tm_use_parent', u'tm_site_whitelist', u'tm_site_blacklist', u'tm_split_algo', u'tm_split_args', u'tm_user_sandbox', u'tm_cache_url', u'tm_username', u'tm_user_dn', u'tm_user_vo', u'tm_user_role', u'tm_user_group', u'tm_publish_name', u'tm_publish_groupname', u'tm_asyncdest', u'tm_dbs_url', u'tm_publish_dbs_url', u'tm_publication', u'tm_outfiles', u'tm_tfile_outfiles', u'tm_edm_outfiles', u'tm_job_type', u'tm_generator', u'tm_events_per_lumi', u'tm_arguments', u'panda_resubmitted_jobs', u'tm_save_logs', u'tw_name', u'tm_user_infiles', u'tm_maxjobruntime', u'tm_numcores', u'tm_maxmemory', u'tm_priority', u'tm_output_dataset', u'tm_task_warnings', u'tm_user_webdir', u'tm_scriptexe', u'tm_scriptargs', u'tm_extrajdl', u'tm_asourl', u'tm_collector', u'tm_schedd', u'tm_dry_run', u'tm_user_files', u'tm_transfer_outputs', u'tm_output_lfn', u'tm_ignore_locality', u'tm_fail_limit', u'tm_one_event_mode', u'tm_secondary_input_dataset', u'tm_primary_dataset', u'tm_last_publication', u'tm_debug_files', u'clusterid', u'tm_asodb', u'tm_ignore_global_blacklist', u'tm_submitter_ip_addr', u'tm_totalunits', u'tm_ddm_reqid']}}
INFO 2021-06-07 11:28:25.985 UTC: 	 CRAB project directory:		/afs/cern.ch/work/y/yian/work/GZ/CMSSW_10_6_20/src/PhysicsTools/NanoAODTools/WWG/2018/fakephoton_crab/crab2018/crab_WWTo2L2Nu_NNPDF31_TuneCP5_13TeV-powheg-pythia8
INFO 2021-06-07 11:28:25.985 UTC: 	 Task name:			210607_110752:yian_crab_WWTo2L2Nu_NNPDF31_TuneCP5_13TeV-powheg-pythia8
INFO 2021-06-07 11:28:25.985 UTC: 	 Grid scheduler - Task Worker:	crab3@vocms0144.cern.ch - crab-prod-tw01
INFO 2021-06-07 11:28:25.986 UTC: 	 Status on the CRAB server:	SUBMITTED
INFO 2021-06-07 11:28:25.986 UTC: 	 Task URL to use for HELP:	https://cmsweb.cern.ch/crabserver/ui/task/210607_110752%3Ayian_crab_WWTo2L2Nu_NNPDF31_TuneCP5_13TeV-powheg-pythia8
INFO 2021-06-07 11:28:25.993 UTC: 	 Dashboard monitoring URL:	https://monit-grafana.cern.ch/d/cmsTMDetail/cms-task-monitoring-task-view?orgId=11&var-user=yian&var-task=210607_110752%3Ayian_crab_WWTo2L2Nu_NNPDF31_TuneCP5_13TeV-powheg-pythia8&from=1623060472000&to=now
DEBUG 2021-06-07 11:28:25.993 UTC: 	 The CRAB server submitted your task to the Grid scheduler (cluster ID: 68251894)
DEBUG 2021-06-07 11:28:25.993 UTC: 	 Webdir is located at http://vocms0144.cern.ch/mon/cms1407/210607_110752:yian_crab_WWTo2L2Nu_NNPDF31_TuneCP5_13TeV-powheg-pythia8
DEBUG 2021-06-07 11:28:26.555 UTC: 	 Proxied webdir is located at https://cmsweb.cern.ch:8443/scheddmon/0144/cms1407/210607_110752:yian_crab_WWTo2L2Nu_NNPDF31_TuneCP5_13TeV-powheg-pythia8
DEBUG 2021-06-07 11:28:26.555 UTC: 	 Retrieving 'status_cache' file from https://cmsweb.cern.ch:8443/scheddmon/0144/cms1407/210607_110752:yian_crab_WWTo2L2Nu_NNPDF31_TuneCP5_13TeV-powheg-pythia8/status_cache
DEBUG 2021-06-07 11:28:26.593 UTC: 	 Got information from status cache file: {'10': {'Retries': 0, 'WallDurations': [8.0, 77.85950493812561, 608.0], 'StartTimes': [1623064411.0], 'SubmitTimes': [1623064127.0], 'JobIds': ['68251907.0'], 'EndTimes': [], 'Restarts': 0, 'RecordedSite': True, 'State': 'running', 'ResidentSetSize': [520468], 'TotalUserCpuTimeHistory': [15.0], 'SiteHistory': ['Unknown', 'T2_US_Wisconsin', 'T2_US_Wisconsin'], 'TotalSysCpuTimeHistory': [2.0]}, '1': {'Retries': 0, 'WallDurations': [9.0, 76.85950493812561, 610.0], 'StartTimes': [1623064412.0], 'SubmitTimes': [1623064126.0], 'JobIds': ['68251898.0'], 'EndTimes': [], 'Restarts': 0, 'RecordedSite': True, 'State': 'running', 'ResidentSetSize': [522848], 'TotalUserCpuTimeHistory': [40.0], 'SiteHistory': ['Unknown', 'T2_US_Wisconsin', 'T2_US_Wisconsin'], 'TotalSysCpuTimeHistory': [2.0]}, '3': {'Retries': 0, 'WallDurations': [9.0, 75.85950493812561, 295.0], 'StartTimes': [1623064413.0], 'SubmitTimes': [1623064127.0], 'JobIds': ['68251900.0'], 'EndTimes': [1623064708.0], 'Restarts': 0, 'RecordedSite': True, 'State': 'transferring', 'ResidentSetSize': [15376], 'TotalUserCpuTimeHistory': [192], 'SiteHistory': ['Unknown', 'T2_US_UCSD', 'T2_US_UCSD'], 'TotalSysCpuTimeHistory': [8]}, '2': {'Retries': 0, 'WallDurations': [10.0, 60.85950493812561, 501.0], 'StartTimes': [1623064428.0], 'SubmitTimes': [1623064126.0], 'JobIds': ['68251899.0'], 'EndTimes': [1623064929.0], 'Restarts': 0, 'RecordedSite': True, 'State': 'transferring', 'ResidentSetSize': [421760], 'TotalUserCpuTimeHistory': [181], 'SiteHistory': ['Unknown', 'T2_US_UCSD', 'T2_US_UCSD'], 'TotalSysCpuTimeHistory': [9]}, '5': {'Retries': 0, 'WallDurations': [8.0, 71.85950493812561, 308.0], 'StartTimes': [1623064417.0], 'SubmitTimes': [1623064127.0], 'JobIds': ['68251903.0'], 'EndTimes': [], 'Restarts': 0, 'RecordedSite': True, 'State': 'running', 'ResidentSetSize': [385860], 'TotalUserCpuTimeHistory': [35.0], 'SiteHistory': ['Unknown', 'T2_US_Caltech', 'T2_US_Caltech'], 'TotalSysCpuTimeHistory': [2.0]}, '4': {'Retries': 0, 'WallDurations': [8.0, 59.85950493812561, 609.0], 'StartTimes': [1623064429.0], 'SubmitTimes': [1623064127.0], 'JobIds': ['68251901.0'], 'EndTimes': [], 'Restarts': 0, 'RecordedSite': True, 'State': 'running', 'ResidentSetSize': [428120], 'TotalUserCpuTimeHistory': [34.0], 'SiteHistory': ['Unknown', 'T2_US_Caltech', 'T2_US_Caltech'], 'TotalSysCpuTimeHistory': [1.0]}, '7': {'Retries': 0, 'WallDurations': [8.0, 78.85950493812561, 308.0], 'StartTimes': [1623064410.0], 'SubmitTimes': [1623064127.0], 'JobIds': ['68251904.0'], 'EndTimes': [], 'Restarts': 0, 'RecordedSite': True, 'State': 'running', 'ResidentSetSize': [500692], 'TotalUserCpuTimeHistory': [21.0], 'SiteHistory': ['Unknown', 'T2_US_Wisconsin', 'T2_US_Wisconsin'], 'TotalSysCpuTimeHistory': [2.0]}, '6': {'Retries': 0, 'WallDurations': [0, 10.0, 310.0], 'StartTimes': [1623064672.0], 'SubmitTimes': [1623064127.0], 'JobIds': ['68251902.0'], 'EndTimes': [], 'Restarts': 0, 'RecordedSite': True, 'State': 'running', 'ResidentSetSize': [391656], 'TotalUserCpuTimeHistory': [6.0], 'SiteHistory': ['Unknown', 'T2_US_Caltech', 'T2_US_Caltech'], 'TotalSysCpuTimeHistory': [1.0]}, '9': {'Retries': 0, 'WallDurations': [10.0, 80.85950493812561, 611.0], 'StartTimes': [1623064408.0], 'SubmitTimes': [1623064127.0], 'JobIds': ['68251906.0'], 'EndTimes': [], 'Restarts': 0, 'RecordedSite': True, 'State': 'running', 'ResidentSetSize': [378064], 'TotalUserCpuTimeHistory': [18.0], 'SiteHistory': ['Unknown', 'T2_US_MIT', 'T2_US_MIT'], 'TotalSysCpuTimeHistory': [1.0]}, '8': {'Retries': 0, 'WallDurations': [9.0, 78.85950493812561, 310.0], 'StartTimes': [1623064410.0], 'SubmitTimes': [1623064127.0], 'JobIds': ['68251905.0'], 'EndTimes': [], 'Restarts': 0, 'RecordedSite': True, 'State': 'running', 'ResidentSetSize': [514400], 'TotalUserCpuTimeHistory': [28.0], 'SiteHistory': ['Unknown', 'T2_US_Wisconsin', 'T2_US_Wisconsin'], 'TotalSysCpuTimeHistory': [5.0]}}
INFO 2021-06-07 11:28:26.593 UTC: 	 Status on the scheduler:	SUBMITTED
INFO 2021-06-07 11:28:26.594 UTC: 	 
Jobs status:                    running      		 80.0% ( 8/10)
INFO 2021-06-07 11:28:26.594 UTC: 	 				transferring 		 20.0% ( 2/10)
INFO 2021-06-07 11:28:26.594 UTC: 	 
No publication information (publication has been disabled in the CRAB configuration file)
INFO 2021-06-07 11:28:26.594 UTC: 	 
Warning: the max jobs runtime is less than 30% of the task requested value (1250 min), please consider to request a lower value for failed jobs (allowed through crab resubmit) and/or improve the jobs splitting (e.g. config.Data.splitting = 'Automatic') in a new task.
INFO 2021-06-07 11:28:26.594 UTC: 	 
Warning: the average jobs CPU efficiency is less than 50%, please consider to improve the jobs splitting (e.g. config.Data.splitting = 'Automatic') in a new task
INFO 2021-06-07 11:28:26.594 UTC: 	 
Summary of run jobs:
 * Memory: 15MB min, 411MB max, 213MB ave
 * Runtime: 0:04:55 min, 0:08:21 max, 0:06:38 ave
 * CPU eff: 38% min, 68% max, 49% ave
 * Waste: 0:02:35 (16% of total)

INFO 2021-06-07 11:28:26.599 UTC: 	 Log file is /afs/cern.ch/work/y/yian/work/GZ/CMSSW_10_6_20/src/PhysicsTools/NanoAODTools/WWG/2018/fakephoton_crab/crab2018/crab_WWTo2L2Nu_NNPDF31_TuneCP5_13TeV-powheg-pythia8/crab.log
DEBUG 2021-06-07 11:47:49.872 UTC: 	 CRAB Client version: v3.210601
DEBUG 2021-06-07 11:47:49.873 UTC: 	 Running on: Linux lxplus750.cern.ch 3.10.0-1160.25.1.el7.x86_64 #1 SMP Wed Apr 28 21:49:45 UTC 2021 x86_64 x86_64 x86_64 GNU/Linux - CentOS Linux 7 (Core)
DEBUG 2021-06-07 11:47:49.873 UTC: 	 Executing command: 'status'
DEBUG 2021-06-07 11:47:49.874 UTC: 	 Found CRAB cache file /afs/cern.ch/user/y/yian/.crab3
DEBUG 2021-06-07 11:47:49.905 UTC: 	 Checking credentials
DEBUG 2021-06-07 11:47:49.906 UTC: 	 Found proxy file /tmp/x509up_u110046
DEBUG 2021-06-07 11:47:49.906 UTC: 	 Getting proxy life time left
DEBUG 2021-06-07 11:47:50.612 UTC: 	 Executing : 
 command : voms-proxy-info -file /tmp/x509up_u110046 -timeleft
 output : 588059

 error: 
 retcode : 0
DEBUG 2021-06-07 11:47:51.218 UTC: 	 Executing : 
 command : voms-proxy-info -file /tmp/x509up_u110046 -actimeleft
 output : 588058

 error: 
 retcode : 0
DEBUG 2021-06-07 11:47:51.218 UTC: 	 Proxy lifetime 588059 secs is different from voms extension lifetime 588058 secs for proxy: /tmp/x509up_u110046
DEBUG 2021-06-07 11:47:51.218 UTC: 	 Proxy valid for 163:20:58 hours
DEBUG 2021-06-07 11:47:51.301 UTC: 	 Registering user credentials for server /DC=ch/DC=cern/OU=computers/CN=crab-(preprod|prod|dev)-tw(02|01).cern.ch|/DC=ch/DC=cern/OU=computers/CN=(ddi|ddidk|mytw).cern.ch|/DC=ch/DC=cern/OU=computers/CN=stefanov(m|m2).cern.ch
DEBUG 2021-06-07 11:47:51.917 UTC: 	 Executing : 
 command : voms-proxy-info -file /tmp/x509up_u110046 -identity
 output : /DC=ch/DC=cern/OU=Organic Units/OU=Users/CN=yian/CN=826694/CN=Ying An

 error: 
 retcode : 0
DEBUG 2021-06-07 11:47:51.926 UTC: 	 Getting myproxy life time left for myproxy.cern.ch
DEBUG 2021-06-07 11:47:51.926 UTC: 	 using b52ac606a6f7097e9b4b8f05a3a67cc69f8f291b as credential login name
DEBUG 2021-06-07 11:47:52.331 UTC: 	 Executing : 
 command : myproxy-info -l b52ac606a6f7097e9b4b8f05a3a67cc69f8f291b -s myproxy.cern.ch
 output : username: b52ac606a6f7097e9b4b8f05a3a67cc69f8f291b
owner: /DC=ch/DC=cern/OU=Organic Units/OU=Users/CN=yian/CN=826694/CN=Ying An
  renewal policy: /DC=ch/DC=cern/OU=computers/CN=crab-(preprod|prod|dev)-tw(02|01).cern.ch|/DC=ch/DC=cern/OU=computers/CN=(ddi|ddidk|mytw).cern.ch|/DC=ch/DC=cern/OU=computers/CN=stefanov(m|m2).cern.ch
  trusted retrieval policy: /DC=ch/DC=cern/OU=computers/CN=crab-(preprod|prod|dev)-tw(02|01).cern.ch|/DC=ch/DC=cern/OU=computers/CN=(ddi|ddidk|mytw).cern.ch|/DC=ch/DC=cern/OU=computers/CN=stefanov(m|m2).cern.ch
  timeleft: 716:22:32  (29.8 days)

 error: 
 retcode : 0
DEBUG 2021-06-07 11:47:52.332 UTC: 	 Myproxy is valid: 2578952
DEBUG 2021-06-07 11:47:52.333 UTC: 	 Retrieving username ...
DEBUG 2021-06-07 11:47:52.333 UTC: 	 Retrieving username from CRIC...
DEBUG 2021-06-07 11:47:53.037 UTC: 	 username is yian
DEBUG 2021-06-07 11:47:53.044 UTC: 	 Getting myproxy life time left for myproxy.cern.ch
DEBUG 2021-06-07 11:47:53.045 UTC: 	 using yian_CRAB as credential login name
DEBUG 2021-06-07 11:47:53.349 UTC: 	 Executing : 
 command : myproxy-info -l yian_CRAB -s myproxy.cern.ch
 output : username: yian_CRAB
owner: /DC=ch/DC=cern/OU=Organic Units/OU=Users/CN=yian/CN=826694/CN=Ying An
  renewal policy: /DC=ch/DC=cern/OU=computers/CN=crab-(preprod|prod|dev)-tw(02|01).cern.ch|/DC=ch/DC=cern/OU=computers/CN=(ddi|ddidk|mytw).cern.ch|/DC=ch/DC=cern/OU=computers/CN=stefanov(m|m2).cern.ch
  trusted retrieval policy: /DC=ch/DC=cern/OU=computers/CN=crab-(preprod|prod|dev)-tw(02|01).cern.ch|/DC=ch/DC=cern/OU=computers/CN=(ddi|ddidk|mytw).cern.ch|/DC=ch/DC=cern/OU=computers/CN=stefanov(m|m2).cern.ch
  timeleft: 716:38:05  (29.9 days)

 error: 
 retcode : 0
DEBUG 2021-06-07 11:47:53.349 UTC: 	 Myproxy is valid: 2579885
DEBUG 2021-06-07 11:47:53.350 UTC: 	 Result of myproxy credential check:
  Credential exists on myproxy: username: b52ac606a6f7097e9b4b8f05a3a67cc69f8f291b  - validity: 29 days, 20:22:32
  Credential exists on myproxy: username: yian_CRAB  - validity: 29 days, 20:38:05
DEBUG 2021-06-07 11:47:53.351 UTC: 	 Command use: status
DEBUG 2021-06-07 11:47:53.351 UTC: 	 Options use: ['-d', 'crab2018/crab_WWTo2L2Nu_NNPDF31_TuneCP5_13TeV-powheg-pythia8']
DEBUG 2021-06-07 11:47:53.427 UTC: 	 CRABClient version: v3.210601
DEBUG 2021-06-07 11:47:53.427 UTC: 	 Instance is prod
DEBUG 2021-06-07 11:47:53.427 UTC: 	 Server base url is cmsweb.cern.ch
DEBUG 2021-06-07 11:47:53.427 UTC: 	 Command api workflow
DEBUG 2021-06-07 11:47:53.474 UTC: 	 Got information from server oracle database: {u'result': [u'210607_110752:yian_crab_WWTo2L2Nu_NNPDF31_TuneCP5_13TeV-powheg-pythia8', u'None', u'None', u'SUBMITTED', u'SUBMIT', u'2021-06-07 11:07:52.678978', u'None', u'2021-06-07 11:08:40.887328', u'None', u'CMSSW_10_6_20', u'slc7_amd64_gcc820', u'/WWTo2L2Nu_NNPDF31_TuneCP5_13TeV-powheg-pythia8/RunIIAutumn18NanoAODv7-Nano02Apr2020_102X_upgrade2018_realistic_v21-v1/NANOAODSIM', u'T', u'0', u"[u'T2_US_UCSD', u'T2_US_Wisconsin', u'T2_US_MIT', u'T2_US_Caltech', u'T2_US_Purdue', u'T2_US_Nebraska']", u'[]', u'FileBased', u"{'splitOnRun': False, 'halt_job_on_file_boundaries': False, 'files_per_job': 1, 'runs': [], 'lumis': []}", u'139d4bbeceb61becf0d707b528ec5c3c96a78c2dd24e7e117200c1082b104bb4.tar.gz', u'https://cmsweb-prod.cern.ch:8443/crabcache', u'yian', u'/DC=ch/DC=cern/OU=Organic Units/OU=Users/CN=yian/CN=826694/CN=Ying An', u'cms', u'None', u'None', u'WWTo2L2Nu_NNPDF31_TuneCP5_13TeV-powheg-pythia8-00000000000000000000000000000000', u'F', u'T3_CH_CERNBOX', u'https://cmsweb.cern.ch/dbs/prod/global/DBSReader', u'https://cmsweb.cern.ch/dbs/prod/phys03/DBSWriter', u'F', u'[]', u'[]', u"[b'tree.root']", u'Analysis', u'pythia', u'None', u'{}', u'[]', u'F', u'crab-prod-tw01', u'[]', u'1250', u'1', u'2000', u'10', u'None', u'[]', u'http://vocms0144.cern.ch/mon/cms1407/210607_110752:yian_crab_WWTo2L2Nu_NNPDF31_TuneCP5_13TeV-powheg-pythia8', u'WWG_crab_script.sh', u"[b'isdata=MC', b'year=2018']", u'[]', u'https://cmsweb.cern.ch/crabserver/prod', u'cmsgwms-collector-global.cern.ch:9620,cmsgwms-collector-global.fnal.gov:9620', u'crab3@vocms0144.cern.ch', u'F', u'[]', u'T', u'/store/user/yian/', u'T', u'None', u'F', u'None', u'WWTo2L2Nu_NNPDF31_TuneCP5_13TeV-powheg-pythia8', u'None', u'1487f6a81b7ee0779b9eaa06b59ec15e328f6143e7a98026e580fda6cf08e080.tar.gz', u'68251894', u'filetransfers', u'F', u'137.138.120.6', u'0.0', u'None'], u'desc': {u'columns': [u'tm_taskname', u'tm_activity', u'panda_jobset_id', u'tm_task_status', u'tm_task_command', u'tm_start_time', u'tm_start_injection', u'tm_end_injection', u'tm_task_failure', u'tm_job_sw', u'tm_job_arch', u'tm_input_dataset', u'tm_nonvalid_input_dataset', u'tm_use_parent', u'tm_site_whitelist', u'tm_site_blacklist', u'tm_split_algo', u'tm_split_args', u'tm_user_sandbox', u'tm_cache_url', u'tm_username', u'tm_user_dn', u'tm_user_vo', u'tm_user_role', u'tm_user_group', u'tm_publish_name', u'tm_publish_groupname', u'tm_asyncdest', u'tm_dbs_url', u'tm_publish_dbs_url', u'tm_publication', u'tm_outfiles', u'tm_tfile_outfiles', u'tm_edm_outfiles', u'tm_job_type', u'tm_generator', u'tm_events_per_lumi', u'tm_arguments', u'panda_resubmitted_jobs', u'tm_save_logs', u'tw_name', u'tm_user_infiles', u'tm_maxjobruntime', u'tm_numcores', u'tm_maxmemory', u'tm_priority', u'tm_output_dataset', u'tm_task_warnings', u'tm_user_webdir', u'tm_scriptexe', u'tm_scriptargs', u'tm_extrajdl', u'tm_asourl', u'tm_collector', u'tm_schedd', u'tm_dry_run', u'tm_user_files', u'tm_transfer_outputs', u'tm_output_lfn', u'tm_ignore_locality', u'tm_fail_limit', u'tm_one_event_mode', u'tm_secondary_input_dataset', u'tm_primary_dataset', u'tm_last_publication', u'tm_debug_files', u'clusterid', u'tm_asodb', u'tm_ignore_global_blacklist', u'tm_submitter_ip_addr', u'tm_totalunits', u'tm_ddm_reqid']}}
INFO 2021-06-07 11:47:53.475 UTC: 	 CRAB project directory:		/afs/cern.ch/work/y/yian/work/GZ/CMSSW_10_6_20/src/PhysicsTools/NanoAODTools/WWG/2018/fakephoton_crab/crab2018/crab_WWTo2L2Nu_NNPDF31_TuneCP5_13TeV-powheg-pythia8
INFO 2021-06-07 11:47:53.475 UTC: 	 Task name:			210607_110752:yian_crab_WWTo2L2Nu_NNPDF31_TuneCP5_13TeV-powheg-pythia8
INFO 2021-06-07 11:47:53.475 UTC: 	 Grid scheduler - Task Worker:	crab3@vocms0144.cern.ch - crab-prod-tw01
INFO 2021-06-07 11:47:53.475 UTC: 	 Status on the CRAB server:	SUBMITTED
INFO 2021-06-07 11:47:53.475 UTC: 	 Task URL to use for HELP:	https://cmsweb.cern.ch/crabserver/ui/task/210607_110752%3Ayian_crab_WWTo2L2Nu_NNPDF31_TuneCP5_13TeV-powheg-pythia8
INFO 2021-06-07 11:47:53.479 UTC: 	 Dashboard monitoring URL:	https://monit-grafana.cern.ch/d/cmsTMDetail/cms-task-monitoring-task-view?orgId=11&var-user=yian&var-task=210607_110752%3Ayian_crab_WWTo2L2Nu_NNPDF31_TuneCP5_13TeV-powheg-pythia8&from=1623060472000&to=now
DEBUG 2021-06-07 11:47:53.479 UTC: 	 The CRAB server submitted your task to the Grid scheduler (cluster ID: 68251894)
DEBUG 2021-06-07 11:47:53.479 UTC: 	 Webdir is located at http://vocms0144.cern.ch/mon/cms1407/210607_110752:yian_crab_WWTo2L2Nu_NNPDF31_TuneCP5_13TeV-powheg-pythia8
DEBUG 2021-06-07 11:47:53.855 UTC: 	 Proxied webdir is located at https://cmsweb.cern.ch:8443/scheddmon/0144/cms1407/210607_110752:yian_crab_WWTo2L2Nu_NNPDF31_TuneCP5_13TeV-powheg-pythia8
DEBUG 2021-06-07 11:47:53.855 UTC: 	 Retrieving 'status_cache' file from https://cmsweb.cern.ch:8443/scheddmon/0144/cms1407/210607_110752:yian_crab_WWTo2L2Nu_NNPDF31_TuneCP5_13TeV-powheg-pythia8/status_cache
DEBUG 2021-06-07 11:47:53.892 UTC: 	 Got information from status cache file: {'10': {'Retries': 0, 'WallDurations': [8.0, 77.85950493812561, 608.0], 'StartTimes': [1623064411.0], 'SubmitTimes': [1623064127.0], 'JobIds': ['68251907.0'], 'EndTimes': [], 'Restarts': 0, 'RecordedSite': True, 'State': 'running', 'ResidentSetSize': [520468], 'TotalUserCpuTimeHistory': [15.0], 'SiteHistory': ['Unknown', 'T2_US_Wisconsin', 'T2_US_Wisconsin'], 'TotalSysCpuTimeHistory': [2.0]}, '1': {'Retries': 0, 'WallDurations': [9.0, 76.85950493812561, 1810.0], 'StartTimes': [1623064412.0], 'SubmitTimes': [1623064126.0], 'JobIds': ['68251898.0'], 'EndTimes': [], 'Restarts': 0, 'RecordedSite': True, 'State': 'running', 'ResidentSetSize': [523616], 'TotalUserCpuTimeHistory': [70.0], 'SiteHistory': ['Unknown', 'T2_US_Wisconsin', 'T2_US_Wisconsin'], 'TotalSysCpuTimeHistory': [5.0]}, '3': {'Retries': 0, 'WallDurations': [9.0, 75.85950493812561, 295.0], 'StartTimes': [1623064413.0], 'SubmitTimes': [1623064127.0], 'JobIds': ['68251900.0'], 'EndTimes': [1623064708.0], 'Restarts': 0, 'RecordedSite': True, 'State': 'transferring', 'ResidentSetSize': [15376], 'TotalUserCpuTimeHistory': [192], 'SiteHistory': ['Unknown', 'T2_US_UCSD', 'T2_US_UCSD'], 'TotalSysCpuTimeHistory': [8]}, '2': {'Retries': 0, 'WallDurations': [10.0, 60.85950493812561, 501.0], 'StartTimes': [1623064428.0], 'SubmitTimes': [1623064126.0], 'JobIds': ['68251899.0'], 'EndTimes': [1623064929.0], 'Restarts': 0, 'RecordedSite': True, 'State': 'transferring', 'ResidentSetSize': [421760], 'TotalUserCpuTimeHistory': [181], 'SiteHistory': ['Unknown', 'T2_US_UCSD', 'T2_US_UCSD'], 'TotalSysCpuTimeHistory': [9]}, '5': {'Retries': 0, 'WallDurations': [8.0, 71.85950493812561, 702.0], 'StartTimes': [1623064417.0], 'SubmitTimes': [1623064127.0], 'JobIds': ['68251903.0'], 'EndTimes': [1623065119.0], 'Restarts': 0, 'RecordedSite': True, 'State': 'transferring', 'ResidentSetSize': [385860], 'TotalUserCpuTimeHistory': [42], 'SiteHistory': ['Unknown', 'T2_US_Caltech', 'T2_US_Caltech'], 'TotalSysCpuTimeHistory': [3]}, '4': {'Retries': 0, 'WallDurations': [8.0, 59.85950493812561, 609.0], 'StartTimes': [1623064429.0], 'SubmitTimes': [1623064127.0], 'JobIds': ['68251901.0'], 'EndTimes': [], 'Restarts': 0, 'RecordedSite': True, 'State': 'running', 'ResidentSetSize': [428120], 'TotalUserCpuTimeHistory': [34.0], 'SiteHistory': ['Unknown', 'T2_US_Caltech', 'T2_US_Caltech'], 'TotalSysCpuTimeHistory': [1.0]}, '7': {'Retries': 0, 'WallDurations': [8.0, 78.85950493812561, 308.0], 'StartTimes': [1623064410.0], 'SubmitTimes': [1623064127.0], 'JobIds': ['68251904.0'], 'EndTimes': [], 'Restarts': 0, 'RecordedSite': True, 'State': 'running', 'ResidentSetSize': [500692], 'TotalUserCpuTimeHistory': [21.0], 'SiteHistory': ['Unknown', 'T2_US_Wisconsin', 'T2_US_Wisconsin'], 'TotalSysCpuTimeHistory': [2.0]}, '6': {'Retries': 0, 'WallDurations': [0, 10.0, 611.0], 'StartTimes': [1623064672.0], 'SubmitTimes': [1623064127.0], 'JobIds': ['68251902.0'], 'EndTimes': [], 'Restarts': 0, 'RecordedSite': True, 'State': 'running', 'ResidentSetSize': [392216], 'TotalUserCpuTimeHistory': [10.0], 'SiteHistory': ['Unknown', 'T2_US_Caltech', 'T2_US_Caltech'], 'TotalSysCpuTimeHistory': [1.0]}, '9': {'Retries': 0, 'WallDurations': [10.0, 80.85950493812561, 1545.0], 'StartTimes': [1623064408.0], 'SubmitTimes': [1623064127.0], 'JobIds': ['68251906.0'], 'EndTimes': [1623065953.0], 'Restarts': 0, 'RecordedSite': True, 'State': 'transferring', 'ResidentSetSize': [378516], 'TotalUserCpuTimeHistory': [35], 'SiteHistory': ['Unknown', 'T2_US_MIT', 'T2_US_MIT'], 'TotalSysCpuTimeHistory': [2]}, '8': {'Retries': 0, 'WallDurations': [9.0, 78.85950493812561, 310.0], 'StartTimes': [1623064410.0], 'SubmitTimes': [1623064127.0], 'JobIds': ['68251905.0'], 'EndTimes': [], 'Restarts': 0, 'RecordedSite': True, 'State': 'running', 'ResidentSetSize': [514400], 'TotalUserCpuTimeHistory': [28.0], 'SiteHistory': ['Unknown', 'T2_US_Wisconsin', 'T2_US_Wisconsin'], 'TotalSysCpuTimeHistory': [5.0]}}
INFO 2021-06-07 11:47:53.892 UTC: 	 Status on the scheduler:	SUBMITTED
INFO 2021-06-07 11:47:53.892 UTC: 	 
Jobs status:                    running      		 60.0% ( 6/10)
INFO 2021-06-07 11:47:53.892 UTC: 	 				transferring 		 40.0% ( 4/10)
INFO 2021-06-07 11:47:53.892 UTC: 	 
No publication information (publication has been disabled in the CRAB configuration file)
INFO 2021-06-07 11:47:53.893 UTC: 	 
Warning: the max jobs runtime is less than 30% of the task requested value (1250 min), please consider to request a lower value for failed jobs (allowed through crab resubmit) and/or improve the jobs splitting (e.g. config.Data.splitting = 'Automatic') in a new task.
INFO 2021-06-07 11:47:53.893 UTC: 	 
Warning: the average jobs CPU efficiency is less than 50%, please consider to improve the jobs splitting (e.g. config.Data.splitting = 'Automatic') in a new task
INFO 2021-06-07 11:47:53.893 UTC: 	 
Summary of run jobs:
 * Memory: 15MB min, 411MB max, 293MB ave
 * Runtime: 0:04:55 min, 0:25:45 max, 0:12:40 ave
 * CPU eff: 2% min, 68% max, 16% ave
 * Waste: 0:05:26 (10% of total)

INFO 2021-06-07 11:47:53.899 UTC: 	 Log file is /afs/cern.ch/work/y/yian/work/GZ/CMSSW_10_6_20/src/PhysicsTools/NanoAODTools/WWG/2018/fakephoton_crab/crab2018/crab_WWTo2L2Nu_NNPDF31_TuneCP5_13TeV-powheg-pythia8/crab.log
