DEBUG 2021-09-11 10:17:56.887 UTC: 	 CRAB Client version: v3.210825
DEBUG 2021-09-11 10:17:56.887 UTC: 	 Running on: Linux lxplus718.cern.ch 3.10.0-1160.36.2.el7.x86_64 #1 SMP Wed Jul 21 11:57:15 UTC 2021 x86_64 x86_64 x86_64 GNU/Linux - CentOS Linux 7 (Core)
DEBUG 2021-09-11 10:17:56.887 UTC: 	 Executing command: 'submit'
DEBUG 2021-09-11 10:17:56.887 UTC: 	 Found CRAB cache file /afs/cern.ch/user/y/yian/.crab3
INFO 2021-09-11 10:17:56.889 UTC: 	 Will use CRAB configuration file crabcode_2018/TGJets_TuneCP5_13TeV-amcatnlo-madspin-pythia8_2018_cfg.py
DEBUG 2021-09-11 10:17:56.889 UTC: 	 Loading CRAB configuration file.
DEBUG 2021-09-11 10:17:56.909 UTC: 	 Will use CRAB Analysis plugin (i.e. will run an analysis job type).
DEBUG 2021-09-11 10:17:57.014 UTC: 	 Checking credentials
DEBUG 2021-09-11 10:17:57.014 UTC: 	 Found proxy file /tmp/x509up_u110046
DEBUG 2021-09-11 10:17:57.014 UTC: 	 Getting proxy life time left
DEBUG 2021-09-11 10:17:57.721 UTC: 	 Executing : 
 command : voms-proxy-info -file /tmp/x509up_u110046 -timeleft
 output : 604139

 error: 
 retcode : 0
DEBUG 2021-09-11 10:17:58.428 UTC: 	 Executing : 
 command : voms-proxy-info -file /tmp/x509up_u110046 -actimeleft
 output : 604138

 error: 
 retcode : 0
DEBUG 2021-09-11 10:17:58.428 UTC: 	 Proxy lifetime 604139 secs is different from voms extension lifetime 604138 secs for proxy: /tmp/x509up_u110046
DEBUG 2021-09-11 10:17:58.428 UTC: 	 Proxy valid for 167:48:58 hours
DEBUG 2021-09-11 10:17:59.034 UTC: 	 Executing : 
 command : env X509_USER_PROXY=/tmp/x509up_u110046 voms-proxy-info -fqan
 output : /cms/Role=NULL/Capability=NULL

 error: 
 retcode : 0
DEBUG 2021-09-11 10:17:59.102 UTC: 	 Registering user credentials for server /DC=ch/DC=cern/OU=computers/CN=crab-(preprod|prod|dev)-tw(02|01).cern.ch|/DC=ch/DC=cern/OU=computers/CN=(ddi|ddidk|mytw).cern.ch|/DC=ch/DC=cern/OU=computers/CN=stefanov(m|m2).cern.ch
DEBUG 2021-09-11 10:17:59.814 UTC: 	 Executing : 
 command : voms-proxy-info -file /tmp/x509up_u110046 -identity
 output : /DC=ch/DC=cern/OU=Organic Units/OU=Users/CN=yian/CN=826694/CN=Ying An

 error: 
 retcode : 0
DEBUG 2021-09-11 10:17:59.822 UTC: 	 Getting myproxy life time left for myproxy.cern.ch
DEBUG 2021-09-11 10:17:59.822 UTC: 	 using b52ac606a6f7097e9b4b8f05a3a67cc69f8f291b as credential login name
DEBUG 2021-09-11 10:18:00.126 UTC: 	 Executing : 
 command : myproxy-info -l b52ac606a6f7097e9b4b8f05a3a67cc69f8f291b -s myproxy.cern.ch
 output : username: b52ac606a6f7097e9b4b8f05a3a67cc69f8f291b
owner: /DC=ch/DC=cern/OU=Organic Units/OU=Users/CN=yian/CN=826694/CN=Ying An
  renewal policy: /DC=ch/DC=cern/OU=computers/CN=crab-(preprod|prod|dev)-tw(02|01).cern.ch|/DC=ch/DC=cern/OU=computers/CN=(ddi|ddidk|mytw).cern.ch|/DC=ch/DC=cern/OU=computers/CN=stefanov(m|m2).cern.ch
  trusted retrieval policy: /DC=ch/DC=cern/OU=computers/CN=crab-(preprod|prod|dev)-tw(02|01).cern.ch|/DC=ch/DC=cern/OU=computers/CN=(ddi|ddidk|mytw).cern.ch|/DC=ch/DC=cern/OU=computers/CN=stefanov(m|m2).cern.ch
  timeleft: 362:07:12  (15.1 days)

 error: 
 retcode : 0
DEBUG 2021-09-11 10:18:00.127 UTC: 	 Myproxy is valid: 1303632
DEBUG 2021-09-11 10:18:00.128 UTC: 	 Retrieving username ...
DEBUG 2021-09-11 10:18:00.128 UTC: 	 Retrieving username from CRIC...
DEBUG 2021-09-11 10:18:00.841 UTC: 	 username is yian
DEBUG 2021-09-11 10:18:00.847 UTC: 	 Getting myproxy life time left for myproxy.cern.ch
DEBUG 2021-09-11 10:18:00.847 UTC: 	 using yian_CRAB as credential login name
DEBUG 2021-09-11 10:18:01.151 UTC: 	 Executing : 
 command : myproxy-info -l yian_CRAB -s myproxy.cern.ch
 output : username: yian_CRAB
owner: /DC=ch/DC=cern/OU=Organic Units/OU=Users/CN=yian/CN=826694/CN=Ying An
  renewal policy: /DC=ch/DC=cern/OU=computers/CN=crab-(preprod|prod|dev)-tw(02|01).cern.ch|/DC=ch/DC=cern/OU=computers/CN=(ddi|ddidk|mytw).cern.ch|/DC=ch/DC=cern/OU=computers/CN=stefanov(m|m2).cern.ch
  trusted retrieval policy: /DC=ch/DC=cern/OU=computers/CN=crab-(preprod|prod|dev)-tw(02|01).cern.ch|/DC=ch/DC=cern/OU=computers/CN=(ddi|ddidk|mytw).cern.ch|/DC=ch/DC=cern/OU=computers/CN=stefanov(m|m2).cern.ch
  timeleft: 363:07:37  (15.1 days)

 error: 
 retcode : 0
DEBUG 2021-09-11 10:18:01.151 UTC: 	 Myproxy is valid: 1307257
DEBUG 2021-09-11 10:18:01.152 UTC: 	 Result of myproxy credential check:
  Credential exists on myproxy: username: b52ac606a6f7097e9b4b8f05a3a67cc69f8f291b  - validity: 15 days, 2:07:12
  Credential exists on myproxy: username: yian_CRAB  - validity: 15 days, 3:07:37
DEBUG 2021-09-11 10:18:01.152 UTC: 	 Command use: submit
DEBUG 2021-09-11 10:18:01.152 UTC: 	 Options use: ['-c', 'crabcode_2018/TGJets_TuneCP5_13TeV-amcatnlo-madspin-pythia8_2018_cfg.py']
DEBUG 2021-09-11 10:18:01.272 UTC: 	 CRABClient version: v3.210825
DEBUG 2021-09-11 10:18:01.272 UTC: 	 Instance is prod
DEBUG 2021-09-11 10:18:01.272 UTC: 	 Server base url is cmsweb.cern.ch
DEBUG 2021-09-11 10:18:01.272 UTC: 	 Command api workflow
DEBUG 2021-09-11 10:18:01.272 UTC: 	 Started submission
DEBUG 2021-09-11 10:18:01.272 UTC: 	 Working on /afs/cern.ch/work/y/yian/work/GZ/CMSSW_10_6_20/src/PhysicsTools/NanoAODTools/WWG/2018/crab/crab2018/crab_TGJets_TuneCP5_13TeV-amcatnlo-madspin-pythia8_2018
DEBUG 2021-09-11 10:18:01.401 UTC: 	 Loading required information from the environment
DEBUG 2021-09-11 10:18:01.401 UTC: 	 Found CMSSW_10_6_20 for slc7_amd64_gcc820 with base /afs/cern.ch/work/y/yian/work/GZ/CMSSW_10_6_20
DEBUG 2021-09-11 10:18:01.401 UTC: 	 Loading required information from the environment
DEBUG 2021-09-11 10:18:01.401 UTC: 	 Found CMSSW_10_6_20 for slc7_amd64_gcc820 with base /afs/cern.ch/work/y/yian/work/GZ/CMSSW_10_6_20
DEBUG 2021-09-11 10:18:01.402 UTC: 	 UNIQUE NAME: tarUUID a3e9517f-30fc-432e-a548-48923d42eecd 
DEBUG 2021-09-11 10:18:01.402 UTC: 	 self.config: from WMCore.Configuration import Configuration
config = Configuration()
config.section_('General')
config.General.workArea = 'crab2018'
config.General.transferLogs = False
config.General.requestName = 'TGJets_TuneCP5_13TeV-amcatnlo-madspin-pythia8_2018'
config.section_('JobType')
config.JobType.scriptArgs = ['isdata=MC', 'year=2018', 'era=A']
config.JobType.scriptExe = './WWG_crab_script.sh'
config.JobType.pluginName = 'Analysis'
config.JobType.sendPythonFolder = True
config.JobType.allowUndistributedCMSSW = True
config.JobType.psetName = 'PSet.py'
config.JobType.inputFiles = ['../../../scripts/haddnano.py', '../WWG_selector/WWG_postproc.py', '../WWG_selector/WWG_Module.py', '../WWG_selector/WWG_keep_and_drop.txt', '../WWG_selector/WWG_output_branch.txt', '../WWG_selector/DAS_filesearch.py']
config.section_('Data')
config.Data.inputDataset = '/TGJets_TuneCP5_13TeV-amcatnlo-madspin-pythia8/RunIISummer19UL18NanoAODv2-106X_upgrade2018_realistic_v15_L1v1-v1/NANOAODSIM'
config.Data.allowNonValidInputDataset = True
config.Data.publication = False
config.Data.unitsPerJob = 1
config.Data.ignoreLocality = True
config.Data.inputDBS = 'global'
config.Data.splitting = 'FileBased'
config.Data.outputDatasetTag = 'TGJets_TuneCP5_13TeV-amcatnlo-madspin-pythia8_2018'
config.section_('Site')
config.Site.whitelist = ['T2_US_MIT', 'T2_US_Wisconsin', 'T2_US_Purdue', 'T2_US_UCSD', 'T2_US_Caltech', 'T2_US_Nebraska']
config.Site.storageSite = 'T3_CH_CERNBOX'

DEBUG 2021-09-11 10:18:01.402 UTC: 	 self.config.JobType.psetName: PSet.py
INFO 2021-09-11 10:18:01.402 UTC: 	 Importing CMSSW configuration PSet.py
INFO 2021-09-11 10:18:01.817 UTC: 	 Finished importing CMSSW configuration PSet.py
DEBUG 2021-09-11 10:18:01.817 UTC: 	 Writing CMSSW configuration to /afs/cern.ch/work/y/yian/work/GZ/CMSSW_10_6_20/src/PhysicsTools/NanoAODTools/WWG/2018/crab/crab2018/crab_TGJets_TuneCP5_13TeV-amcatnlo-madspin-pythia8_2018/inputs/PSet.py
DEBUG 2021-09-11 10:18:01.827 UTC: 	 The following EDM output files will be collected: ['tree.root']
DEBUG 2021-09-11 10:18:01.827 UTC: 	 The following TFile output files will be collected: []
DEBUG 2021-09-11 10:18:01.827 UTC: 	 The following user output files (not listed as PoolOuputModule or TFileService in the CMSSW PSet) will be collected: 
DEBUG 2021-09-11 10:18:01.827 UTC: 	 Loading required information from the environment
DEBUG 2021-09-11 10:18:01.827 UTC: 	 Found CMSSW_10_6_20 for slc7_amd64_gcc820 with base /afs/cern.ch/work/y/yian/work/GZ/CMSSW_10_6_20
DEBUG 2021-09-11 10:18:01.827 UTC: 	 Making tarball in /afs/cern.ch/work/y/yian/work/GZ/CMSSW_10_6_20/src/PhysicsTools/NanoAODTools/WWG/2018/crab/crab2018/crab_TGJets_TuneCP5_13TeV-amcatnlo-madspin-pythia8_2018/inputs/a3e9517f-30fc-432e-a548-48923d42eecddefault.tgz
DEBUG 2021-09-11 10:18:01.828 UTC: 	 Checking directory /afs/cern.ch/work/y/yian/work/GZ/CMSSW_10_6_20/lib
DEBUG 2021-09-11 10:18:01.828 UTC: 	 Adding directory /afs/cern.ch/work/y/yian/work/GZ/CMSSW_10_6_20/lib to tarball
DEBUG 2021-09-11 10:18:01.955 UTC: 	 Checking directory /afs/cern.ch/work/y/yian/work/GZ/CMSSW_10_6_20/biglib
DEBUG 2021-09-11 10:18:01.955 UTC: 	 Adding directory /afs/cern.ch/work/y/yian/work/GZ/CMSSW_10_6_20/biglib to tarball
DEBUG 2021-09-11 10:18:01.956 UTC: 	 Checking directory /afs/cern.ch/work/y/yian/work/GZ/CMSSW_10_6_20/module
DEBUG 2021-09-11 10:18:01.956 UTC: 	 Checking directory /afs/cern.ch/work/y/yian/work/GZ/CMSSW_10_6_20/python
DEBUG 2021-09-11 10:18:01.956 UTC: 	 Adding directory /afs/cern.ch/work/y/yian/work/GZ/CMSSW_10_6_20/python to tarball
DEBUG 2021-09-11 10:18:04.426 UTC: 	 Checking directory /afs/cern.ch/work/y/yian/work/GZ/CMSSW_10_6_20/cfipython
DEBUG 2021-09-11 10:18:04.426 UTC: 	 Adding directory /afs/cern.ch/work/y/yian/work/GZ/CMSSW_10_6_20/cfipython to tarball
DEBUG 2021-09-11 10:18:04.527 UTC: 	 Adding data directory /afs/cern.ch/work/y/yian/work/GZ/CMSSW_10_6_20/src/PhysicsTools/NanoAODTools/data to tarball
DEBUG 2021-09-11 10:18:26.260 UTC: 	 Adding data directory /afs/cern.ch/work/y/yian/work/GZ/CMSSW_10_6_20/src/PhysicsTools/NanoAODTools/interface to tarball
DEBUG 2021-09-11 10:18:26.265 UTC: 	 Adding data directory /afs/cern.ch/work/y/yian/work/GZ/CMSSW_10_6_20/src/PhysicsTools/NanoAODTools/python/postprocessing/data to tarball
DEBUG 2021-09-11 10:18:28.801 UTC: 	 Adding file ../../../scripts/haddnano.py to tarball
DEBUG 2021-09-11 10:18:28.802 UTC: 	 Adding file ../WWG_selector/WWG_postproc.py to tarball
DEBUG 2021-09-11 10:18:28.803 UTC: 	 Adding file ../WWG_selector/WWG_Module.py to tarball
DEBUG 2021-09-11 10:18:28.803 UTC: 	 Adding file ../WWG_selector/WWG_keep_and_drop.txt to tarball
DEBUG 2021-09-11 10:18:28.804 UTC: 	 Adding file ../WWG_selector/WWG_output_branch.txt to tarball
DEBUG 2021-09-11 10:18:28.804 UTC: 	 Adding file ../WWG_selector/DAS_filesearch.py to tarball
DEBUG 2021-09-11 10:18:33.866 UTC: 	 Uploading archive /afs/cern.ch/work/y/yian/work/GZ/CMSSW_10_6_20/src/PhysicsTools/NanoAODTools/WWG/2018/crab/crab2018/crab_TGJets_TuneCP5_13TeV-amcatnlo-madspin-pythia8_2018/inputs/a3e9517f-30fc-432e-a548-48923d42eecddefault.tgz (94 MB) to the CRAB cache. Using URI https://cmsweb.cern.ch/S3/crabcache_prod
DEBUG 2021-09-11 10:18:58.154 UTC: 	 sandbox ce4024b067767c0af918e51c87b31628855166e163a541c120405109f27fbcb5.tar.gz is already in the S3 store, will not upload again
DEBUG 2021-09-11 10:18:58.154 UTC: 	 Loading required information from the environment
DEBUG 2021-09-11 10:18:58.154 UTC: 	 Found CMSSW_10_6_20 for slc7_amd64_gcc820 with base /afs/cern.ch/work/y/yian/work/GZ/CMSSW_10_6_20
DEBUG 2021-09-11 10:18:58.154 UTC: 	 Making tarball in /afs/cern.ch/work/y/yian/work/GZ/CMSSW_10_6_20/src/PhysicsTools/NanoAODTools/WWG/2018/crab/crab2018/crab_TGJets_TuneCP5_13TeV-amcatnlo-madspin-pythia8_2018/inputs/debugFiles.tgz
DEBUG 2021-09-11 10:18:58.168 UTC: 	 Uploading archive /afs/cern.ch/work/y/yian/work/GZ/CMSSW_10_6_20/src/PhysicsTools/NanoAODTools/WWG/2018/crab/crab2018/crab_TGJets_TuneCP5_13TeV-amcatnlo-madspin-pythia8_2018/inputs/debugFiles.tgz (1 KB) to the CRAB cache. Using URI https://cmsweb.cern.ch/S3/crabcache_prod
DEBUG 2021-09-11 10:18:58.328 UTC: 	 Will execute:
curl -f -v -X POST  -H "User-Agent: CRAB" -F "key=yian/sandboxes/d06474815f9f6a20931f9da7b499a00a71f4c7bc803ea0c8fe965c65bdf4465a.tar.gz" -F "AWSAccessKeyId=ab00fcc889f248c495d2875f15a3badb" -F "policy=eyJjb25kaXRpb25zIjogW3siYnVja2V0IjogImNyYWJjYWNoZV9wcm9kIn0sIHsia2V5IjogInlpYW4vc2FuZGJveGVzL2QwNjQ3NDgxNWY5ZjZhMjA5MzFmOWRhN2I0OTlhMDBhNzFmNGM3YmM4MDNlYTBjOGZlOTY1YzY1YmRmNDQ2NWEudGFyLmd6In1dLCAiZXhwaXJhdGlvbiI6ICIyMDIxLTA5LTExVDExOjE4OjU4WiJ9" -F "signature=dvjTr90t3gw1gwjRfzM3gUFpbH8=" -F "file=@/afs/cern.ch/work/y/yian/work/GZ/CMSSW_10_6_20/src/PhysicsTools/NanoAODTools/WWG/2018/crab/crab2018/crab_TGJets_TuneCP5_13TeV-amcatnlo-madspin-pythia8_2018/inputs/debugFiles.tgz" "https://s3.cern.ch/crabcache_prod"
DEBUG 2021-09-11 10:18:59.417 UTC: 	 exitcode: 0
stdout: 
stderr: Note: Unnecessary use of -X or --request, POST is already inferred.
  % Total    % Received % Xferd  Average Speed   Time    Time     Time  Current
                                 Dload  Upload   Total   Spent    Left  Speed
  0     0    0     0    0     0      0      0 --:--:-- --:--:-- --:--:--     0*   Trying 2001:1458:d00:14::341...
* TCP_NODELAY set
* Connected to s3.cern.ch (2001:1458:d00:14::341) port 443 (#0)
* ALPN, offering http/1.1
* Cipher selection: ALL:!EXPORT:!EXPORT40:!EXPORT56:!aNULL:!LOW:!RC4:@STRENGTH
* successfully set certificate verify locations:
  CAfile: /etc/pki/tls/certs/ca-bundle.crt
  CApath: none
* TLSv1.2 (OUT), TLS header, Certificate Status (22):
} [5 bytes data]
* TLSv1.2 (OUT), TLS handshake, Client hello (1):
} [512 bytes data]
* TLSv1.2 (IN), TLS handshake, Server hello (2):
{ [70 bytes data]
* TLSv1.2 (IN), TLS handshake, Certificate (11):
{ [4780 bytes data]
* TLSv1.2 (IN), TLS handshake, Server key exchange (12):
{ [333 bytes data]
* TLSv1.2 (IN), TLS handshake, Server finished (14):
{ [4 bytes data]
* TLSv1.2 (OUT), TLS handshake, Client key exchange (16):
} [70 bytes data]
* TLSv1.2 (OUT), TLS change cipher, Client hello (1):
} [1 bytes data]
* TLSv1.2 (OUT), TLS handshake, Finished (20):
} [16 bytes data]
* TLSv1.2 (IN), TLS change cipher, Client hello (1):
{ [1 bytes data]
* TLSv1.2 (IN), TLS handshake, Finished (20):
{ [16 bytes data]
* SSL connection using TLSv1.2 / ECDHE-RSA-AES128-GCM-SHA256
* ALPN, server accepted to use http/1.1
* Server certificate:
*  subject: C=CH; ST=Genève; L=Meyrin; O=Organisation européenne pour la Recherche nucléaire (CERN); CN=*.s3.cern.ch
*  start date: Mar 10 00:00:00 2021 GMT
*  expire date: Mar 10 23:59:59 2022 GMT
*  subjectAltName: host "s3.cern.ch" matched cert's "s3.cern.ch"
*  issuer: C=GB; ST=Greater Manchester; L=Salford; O=Sectigo Limited; CN=Sectigo RSA Organization Validation Secure Server CA
*  SSL certificate verify ok.
} [5 bytes data]
> POST /crabcache_prod HTTP/1.1
> Host: s3.cern.ch
> Accept: */*
> User-Agent: CRAB
> Content-Length: 2773
> Content-Type: multipart/form-data; boundary=------------------------c5c8a96052b4e448
> Expect: 100-continue
> 
{ [5 bytes data]
< HTTP/1.1 100 Continue
  0  2773    0     0    0     0      0      0 --:--:--  0:00:01 --:--:--     0} [5 bytes data]
< HTTP/1.1 204 No Content
< Accept-Ranges: bytes
< Bucket: crabcache_prod
< Date: Sat, 11 Sep 2021 10:18:59 GMT
< X-Amz-Request-Id: tx00000000000000b4ef053-00613c8292-1dd26384-default
< 
100  2773    0     0  100  2773      0   2653  0:00:01  0:00:01 --:--:--  2653
* Connection #0 to host s3.cern.ch left intact

DEBUG 2021-09-11 10:18:59.417 UTC: 	 sandbox /afs/cern.ch/work/y/yian/work/GZ/CMSSW_10_6_20/src/PhysicsTools/NanoAODTools/WWG/2018/crab/crab2018/crab_TGJets_TuneCP5_13TeV-amcatnlo-madspin-pythia8_2018/inputs/debugFiles.tgz successully uploaded to S3
DEBUG 2021-09-11 10:18:59.418 UTC: 	 Result uploading input files: ce4024b067767c0af918e51c87b31628855166e163a541c120405109f27fbcb5.tar.gz 
INFO 2021-09-11 10:18:59.418 UTC: 	 Sending the request to the server at cmsweb.cern.ch
DEBUG 2021-09-11 10:18:59.418 UTC: 	 Submitting {'maxjobruntime': 1250, 'extrajdl': [], 'ignorelocality': 1, 'savelogsflag': 0, 'useparent': 0, 'scriptexe': 'WWG_crab_script.sh', 'asyncdest': 'T3_CH_CERNBOX', 'algoargs': 1, 'cachefilename': 'ce4024b067767c0af918e51c87b31628855166e163a541c120405109f27fbcb5.tar.gz', 'numcores': 1, 'addoutputfiles': [], 'generator': 'pythia', 'maxmemory': 2000, 'publishdbsurl': 'https://cmsweb.cern.ch/dbs/prod/phys03/DBSWriter', 'priority': 10, 'jobsw': 'CMSSW_10_6_20', 'edmoutfiles': ['tree.root'], 'userfiles': [], 'primarydataset': '', 'inputdata': '/TGJets_TuneCP5_13TeV-amcatnlo-madspin-pythia8/RunIISummer19UL18NanoAODv2-106X_upgrade2018_realistic_v15_L1v1-v1/NANOAODSIM', 'dryrun': 0, 'workflow': 'crab_TGJets_TuneCP5_13TeV-amcatnlo-madspin-pythia8_2018', 'scriptargs': ['isdata=MC', 'year=2018', 'era=A'], 'sitewhitelist': ['T2_US_MIT', 'T2_US_Wisconsin', 'T2_US_Purdue', 'T2_US_UCSD', 'T2_US_Caltech', 'T2_US_Nebraska'], 'nonprodsw': 1, 'tfileoutfiles': [], 'oneEventMode': 0, 'debugfilename': 'd06474815f9f6a20931f9da7b499a00a71f4c7bc803ea0c8fe965c65bdf4465a.tar.gz', 'cacheurl': u'https://cmsweb.cern.ch/S3/crabcache_prod', 'saveoutput': 1, 'publication': 0, 'jobarch': 'slc7_amd64_gcc820', 'totalunits': 0, 'splitalgo': 'FileBased', 'ignoreglobalblacklist': 0, 'nonvaliddata': 1, 'dbsurl': 'https://cmsweb.cern.ch/dbs/prod/global/DBSReader', 'publishgroupname': 0, 'jobtype': 'Analysis', 'publishname2': 'TGJets_TuneCP5_13TeV-amcatnlo-madspin-pythia8_2018'} 
DEBUG 2021-09-11 10:18:59.419 UTC: 	 Encoded submit request: maxjobruntime=1250&ignorelocality=1&savelogsflag=0&useparent=0&scriptexe=WWG_crab_script.sh&asyncdest=T3_CH_CERNBOX&algoargs=1&cachefilename=ce4024b067767c0af918e51c87b31628855166e163a541c120405109f27fbcb5.tar.gz&numcores=1&generator=pythia&maxmemory=2000&publishdbsurl=https%3A%2F%2Fcmsweb.cern.ch%2Fdbs%2Fprod%2Fphys03%2FDBSWriter&priority=10&jobsw=CMSSW_10_6_20&primarydataset=&inputdata=%2FTGJets_TuneCP5_13TeV-amcatnlo-madspin-pythia8%2FRunIISummer19UL18NanoAODv2-106X_upgrade2018_realistic_v15_L1v1-v1%2FNANOAODSIM&dryrun=0&workflow=crab_TGJets_TuneCP5_13TeV-amcatnlo-madspin-pythia8_2018&nonprodsw=1&oneEventMode=0&debugfilename=d06474815f9f6a20931f9da7b499a00a71f4c7bc803ea0c8fe965c65bdf4465a.tar.gz&cacheurl=https%3A%2F%2Fcmsweb.cern.ch%2FS3%2Fcrabcache_prod&saveoutput=1&publication=0&jobarch=slc7_amd64_gcc820&totalunits=0&splitalgo=FileBased&ignoreglobalblacklist=0&nonvaliddata=1&dbsurl=https%3A%2F%2Fcmsweb.cern.ch%2Fdbs%2Fprod%2Fglobal%2FDBSReader&publishgroupname=0&jobtype=Analysis&publishname2=TGJets_TuneCP5_13TeV-amcatnlo-madspin-pythia8_2018&sitewhitelist=T2_US_MIT&sitewhitelist=T2_US_Wisconsin&sitewhitelist=T2_US_Purdue&sitewhitelist=T2_US_UCSD&sitewhitelist=T2_US_Caltech&sitewhitelist=T2_US_Nebraska&edmoutfiles=tree.root&scriptargs=isdata%3DMC&scriptargs=year%3D2018&scriptargs=era%3DA
DEBUG 2021-09-11 10:18:59.569 UTC: 	 Result: {u'result': [{u'RequestName': u'210911_101859:yian_crab_TGJets_TuneCP5_13TeV-amcatnlo-madspin-pythia8_2018'}]}
INFO 2021-09-11 10:18:59.572 UTC: 	 Success: Your task has been delivered to the prod CRAB3 server.
INFO 2021-09-11 10:18:59.573 UTC: 	 Task name: 210911_101859:yian_crab_TGJets_TuneCP5_13TeV-amcatnlo-madspin-pythia8_2018
INFO 2021-09-11 10:18:59.573 UTC: 	 Project dir: crab2018/crab_TGJets_TuneCP5_13TeV-amcatnlo-madspin-pythia8_2018
INFO 2021-09-11 10:18:59.573 UTC: 	 Please use ' crab status -d crab2018/crab_TGJets_TuneCP5_13TeV-amcatnlo-madspin-pythia8_2018 ' to check how the submission process proceeds.
DEBUG 2021-09-11 10:18:59.573 UTC: 	 About to return
INFO 2021-09-11 10:18:59.576 UTC: 	 Log file is /afs/cern.ch/work/y/yian/work/GZ/CMSSW_10_6_20/src/PhysicsTools/NanoAODTools/WWG/2018/crab/crab2018/crab_TGJets_TuneCP5_13TeV-amcatnlo-madspin-pythia8_2018/crab.log
DEBUG 2021-09-12 11:07:34.776 UTC: 	 CRAB Client version: v3.210825
DEBUG 2021-09-12 11:07:34.776 UTC: 	 Running on: Linux lxplus710.cern.ch 3.10.0-1160.36.2.el7.x86_64 #1 SMP Wed Jul 21 11:57:15 UTC 2021 x86_64 x86_64 x86_64 GNU/Linux - CentOS Linux 7 (Core)
DEBUG 2021-09-12 11:07:34.776 UTC: 	 Executing command: 'status'
DEBUG 2021-09-12 11:07:34.776 UTC: 	 Found CRAB cache file /afs/cern.ch/user/y/yian/.crab3
DEBUG 2021-09-12 11:07:34.915 UTC: 	 Checking credentials
DEBUG 2021-09-12 11:07:34.915 UTC: 	 Found proxy file /tmp/x509up_u110046
DEBUG 2021-09-12 11:07:34.915 UTC: 	 Getting proxy life time left
DEBUG 2021-09-12 11:07:35.620 UTC: 	 Executing : 
 command : voms-proxy-info -file /tmp/x509up_u110046 -timeleft
 output : 604350

 error: 
 retcode : 0
DEBUG 2021-09-12 11:07:36.327 UTC: 	 Executing : 
 command : voms-proxy-info -file /tmp/x509up_u110046 -actimeleft
 output : 604349

 error: 
 retcode : 0
DEBUG 2021-09-12 11:07:36.327 UTC: 	 Proxy lifetime 604350 secs is different from voms extension lifetime 604349 secs for proxy: /tmp/x509up_u110046
DEBUG 2021-09-12 11:07:36.327 UTC: 	 Proxy valid for 167:52:29 hours
DEBUG 2021-09-12 11:07:36.411 UTC: 	 Registering user credentials for server /DC=ch/DC=cern/OU=computers/CN=crab-(preprod|prod|dev)-tw(02|01).cern.ch|/DC=ch/DC=cern/OU=computers/CN=(ddi|ddidk|mytw).cern.ch|/DC=ch/DC=cern/OU=computers/CN=stefanov(m|m2).cern.ch
DEBUG 2021-09-12 11:07:37.024 UTC: 	 Executing : 
 command : voms-proxy-info -file /tmp/x509up_u110046 -identity
 output : /DC=ch/DC=cern/OU=Organic Units/OU=Users/CN=yian/CN=826694/CN=Ying An

 error: 
 retcode : 0
DEBUG 2021-09-12 11:07:37.032 UTC: 	 Getting myproxy life time left for myproxy.cern.ch
DEBUG 2021-09-12 11:07:37.033 UTC: 	 using b52ac606a6f7097e9b4b8f05a3a67cc69f8f291b as credential login name
DEBUG 2021-09-12 11:07:37.438 UTC: 	 Executing : 
 command : myproxy-info -l b52ac606a6f7097e9b4b8f05a3a67cc69f8f291b -s myproxy.cern.ch
 output : username: b52ac606a6f7097e9b4b8f05a3a67cc69f8f291b
owner: /DC=ch/DC=cern/OU=Organic Units/OU=Users/CN=yian/CN=826694/CN=Ying An
  renewal policy: /DC=ch/DC=cern/OU=computers/CN=crab-(preprod|prod|dev)-tw(02|01).cern.ch|/DC=ch/DC=cern/OU=computers/CN=(ddi|ddidk|mytw).cern.ch|/DC=ch/DC=cern/OU=computers/CN=stefanov(m|m2).cern.ch
  trusted retrieval policy: /DC=ch/DC=cern/OU=computers/CN=crab-(preprod|prod|dev)-tw(02|01).cern.ch|/DC=ch/DC=cern/OU=computers/CN=(ddi|ddidk|mytw).cern.ch|/DC=ch/DC=cern/OU=computers/CN=stefanov(m|m2).cern.ch
  timeleft: 719:54:04  (30.0 days)

 error: 
 retcode : 0
DEBUG 2021-09-12 11:07:37.439 UTC: 	 Myproxy is valid: 2591644
DEBUG 2021-09-12 11:07:37.439 UTC: 	 Retrieving username ...
DEBUG 2021-09-12 11:07:37.439 UTC: 	 Retrieving username from CRIC...
DEBUG 2021-09-12 11:07:38.138 UTC: 	 username is yian
DEBUG 2021-09-12 11:07:38.144 UTC: 	 Getting myproxy life time left for myproxy.cern.ch
DEBUG 2021-09-12 11:07:38.144 UTC: 	 using yian_CRAB as credential login name
DEBUG 2021-09-12 11:07:38.549 UTC: 	 Executing : 
 command : myproxy-info -l yian_CRAB -s myproxy.cern.ch
 output : username: yian_CRAB
owner: /DC=ch/DC=cern/OU=Organic Units/OU=Users/CN=yian/CN=826694/CN=Ying An
  renewal policy: /DC=ch/DC=cern/OU=computers/CN=crab-(preprod|prod|dev)-tw(02|01).cern.ch|/DC=ch/DC=cern/OU=computers/CN=(ddi|ddidk|mytw).cern.ch|/DC=ch/DC=cern/OU=computers/CN=stefanov(m|m2).cern.ch
  trusted retrieval policy: /DC=ch/DC=cern/OU=computers/CN=crab-(preprod|prod|dev)-tw(02|01).cern.ch|/DC=ch/DC=cern/OU=computers/CN=(ddi|ddidk|mytw).cern.ch|/DC=ch/DC=cern/OU=computers/CN=stefanov(m|m2).cern.ch
  timeleft: 719:54:16  (30.0 days)

 error: 
 retcode : 0
DEBUG 2021-09-12 11:07:38.549 UTC: 	 Myproxy is valid: 2591656
DEBUG 2021-09-12 11:07:38.549 UTC: 	 Result of myproxy credential check:
  Credential exists on myproxy: username: b52ac606a6f7097e9b4b8f05a3a67cc69f8f291b  - validity: 29 days, 23:54:04
  Credential exists on myproxy: username: yian_CRAB  - validity: 29 days, 23:54:16
DEBUG 2021-09-12 11:07:38.551 UTC: 	 Command use: status
DEBUG 2021-09-12 11:07:38.551 UTC: 	 Options use: ['-d', 'crab2018/crab_TGJets_TuneCP5_13TeV-amcatnlo-madspin-pythia8_2018']
DEBUG 2021-09-12 11:07:38.599 UTC: 	 CRABClient version: v3.210825
DEBUG 2021-09-12 11:07:38.599 UTC: 	 Instance is prod
DEBUG 2021-09-12 11:07:38.599 UTC: 	 Server base url is cmsweb.cern.ch
DEBUG 2021-09-12 11:07:38.600 UTC: 	 Command api workflow
DEBUG 2021-09-12 11:07:38.660 UTC: 	 Got information from server oracle database: {u'result': [u'210911_101859:yian_crab_TGJets_TuneCP5_13TeV-amcatnlo-madspin-pythia8_2018', u'None', u'None', u'SUBMITTED', u'SUBMIT', u'2021-09-11 10:18:59.561252', u'None', u'2021-09-11 10:20:33.328788', u'None', u'CMSSW_10_6_20', u'slc7_amd64_gcc820', u'/TGJets_TuneCP5_13TeV-amcatnlo-madspin-pythia8/RunIISummer19UL18NanoAODv2-106X_upgrade2018_realistic_v15_L1v1-v1/NANOAODSIM', u'T', u'0', u"[u'T2_US_UCSD', u'T2_US_Wisconsin', u'T2_US_MIT', u'T2_US_Caltech', u'T2_US_Purdue', u'T2_US_Nebraska']", u'[]', u'FileBased', u"{'splitOnRun': False, 'halt_job_on_file_boundaries': False, 'files_per_job': 1, 'runs': [], 'lumis': []}", u'ce4024b067767c0af918e51c87b31628855166e163a541c120405109f27fbcb5.tar.gz', u'https://cmsweb.cern.ch/S3/crabcache_prod', u'yian', u'/DC=ch/DC=cern/OU=Organic Units/OU=Users/CN=yian/CN=826694/CN=Ying An', u'cms', u'None', u'None', u'TGJets_TuneCP5_13TeV-amcatnlo-madspin-pythia8_2018-00000000000000000000000000000000', u'F', u'T3_CH_CERNBOX', u'https://cmsweb.cern.ch/dbs/prod/global/DBSReader', u'https://cmsweb.cern.ch/dbs/prod/phys03/DBSWriter', u'F', u'[]', u'[]', u"[b'tree.root']", u'Analysis', u'pythia', u'None', u'{}', u'[]', u'F', u'crab-prod-tw01', u'[]', u'1250', u'1', u'2000', u'10', u"['/TGJets_TuneCP5_13TeV-amcatnlo-madspin-pythia8/yian-TGJets_TuneCP5_13TeV-amcatnlo-madspin-pythia8_2018-79132d624dd3520ee2a7d08026bbccfc/USER']", u'[]', u'http://vocms0122.cern.ch/mon/cms1407/210911_101859:yian_crab_TGJets_TuneCP5_13TeV-amcatnlo-madspin-pythia8_2018', u'WWG_crab_script.sh', u"[b'isdata=MC', b'year=2018', b'era=A']", u'[]', u'https://cmsweb.cern.ch/crabserver/prod', u'cmsgwms-collector-global.cern.ch:9620,cmsgwms-collector-global.fnal.gov:9620', u'crab3@vocms0122.cern.ch', u'F', u'[]', u'T', u'/store/user/yian/', u'T', u'None', u'F', u'None', u'TGJets_TuneCP5_13TeV-amcatnlo-madspin-pythia8', u'None', u'd06474815f9f6a20931f9da7b499a00a71f4c7bc803ea0c8fe965c65bdf4465a.tar.gz', u'74539158', u'filetransfers', u'F', u'188.184.98.213', u'0.0', u'None'], u'desc': {u'columns': [u'tm_taskname', u'tm_activity', u'panda_jobset_id', u'tm_task_status', u'tm_task_command', u'tm_start_time', u'tm_start_injection', u'tm_end_injection', u'tm_task_failure', u'tm_job_sw', u'tm_job_arch', u'tm_input_dataset', u'tm_nonvalid_input_dataset', u'tm_use_parent', u'tm_site_whitelist', u'tm_site_blacklist', u'tm_split_algo', u'tm_split_args', u'tm_user_sandbox', u'tm_cache_url', u'tm_username', u'tm_user_dn', u'tm_user_vo', u'tm_user_role', u'tm_user_group', u'tm_publish_name', u'tm_publish_groupname', u'tm_asyncdest', u'tm_dbs_url', u'tm_publish_dbs_url', u'tm_publication', u'tm_outfiles', u'tm_tfile_outfiles', u'tm_edm_outfiles', u'tm_job_type', u'tm_generator', u'tm_events_per_lumi', u'tm_arguments', u'panda_resubmitted_jobs', u'tm_save_logs', u'tw_name', u'tm_user_infiles', u'tm_maxjobruntime', u'tm_numcores', u'tm_maxmemory', u'tm_priority', u'tm_output_dataset', u'tm_task_warnings', u'tm_user_webdir', u'tm_scriptexe', u'tm_scriptargs', u'tm_extrajdl', u'tm_asourl', u'tm_collector', u'tm_schedd', u'tm_dry_run', u'tm_user_files', u'tm_transfer_outputs', u'tm_output_lfn', u'tm_ignore_locality', u'tm_fail_limit', u'tm_one_event_mode', u'tm_secondary_input_dataset', u'tm_primary_dataset', u'tm_last_publication', u'tm_debug_files', u'clusterid', u'tm_asodb', u'tm_ignore_global_blacklist', u'tm_submitter_ip_addr', u'tm_totalunits', u'tm_ddm_reqid']}}
INFO 2021-09-12 11:07:38.661 UTC: 	 CRAB project directory:		/afs/cern.ch/work/y/yian/work/GZ/CMSSW_10_6_20/src/PhysicsTools/NanoAODTools/WWG/2018/crab/crab2018/crab_TGJets_TuneCP5_13TeV-amcatnlo-madspin-pythia8_2018
INFO 2021-09-12 11:07:38.661 UTC: 	 Task name:			210911_101859:yian_crab_TGJets_TuneCP5_13TeV-amcatnlo-madspin-pythia8_2018
INFO 2021-09-12 11:07:38.661 UTC: 	 Grid scheduler - Task Worker:	crab3@vocms0122.cern.ch - crab-prod-tw01
INFO 2021-09-12 11:07:38.661 UTC: 	 Status on the CRAB server:	SUBMITTED
INFO 2021-09-12 11:07:38.661 UTC: 	 Task URL to use for HELP:	https://cmsweb.cern.ch/crabserver/ui/task/210911_101859%3Ayian_crab_TGJets_TuneCP5_13TeV-amcatnlo-madspin-pythia8_2018
INFO 2021-09-12 11:07:38.664 UTC: 	 Dashboard monitoring URL:	https://monit-grafana.cern.ch/d/cmsTMDetail/cms-task-monitoring-task-view?orgId=11&var-user=yian&var-task=210911_101859%3Ayian_crab_TGJets_TuneCP5_13TeV-amcatnlo-madspin-pythia8_2018&from=1631351939000&to=now
DEBUG 2021-09-12 11:07:38.664 UTC: 	 The CRAB server submitted your task to the Grid scheduler (cluster ID: 74539158)
DEBUG 2021-09-12 11:07:38.664 UTC: 	 Webdir is located at http://vocms0122.cern.ch/mon/cms1407/210911_101859:yian_crab_TGJets_TuneCP5_13TeV-amcatnlo-madspin-pythia8_2018
DEBUG 2021-09-12 11:07:38.775 UTC: 	 Proxied webdir is located at https://cmsweb.cern.ch:8443/scheddmon/0122/cms1407/210911_101859:yian_crab_TGJets_TuneCP5_13TeV-amcatnlo-madspin-pythia8_2018
DEBUG 2021-09-12 11:07:38.776 UTC: 	 Retrieving 'status_cache' file from https://cmsweb.cern.ch:8443/scheddmon/0122/cms1407/210911_101859:yian_crab_TGJets_TuneCP5_13TeV-amcatnlo-madspin-pythia8_2018/status_cache
DEBUG 2021-09-12 11:07:38.813 UTC: 	 Got information from status cache file: {'1': {'Retries': 0, 'WallDurations': [8.0, 5115.0], 'StartTimes': [1631355709.0], 'SubmitTimes': [1631355638.0], 'JobIds': ['74539160.0'], 'EndTimes': [1631360824.0], 'Restarts': 0, 'RecordedSite': True, 'State': 'finished', 'ResidentSetSize': [812524], 'TotalUserCpuTimeHistory': [1153], 'SiteHistory': ['T2_US_MIT', 'T2_US_MIT'], 'TotalSysCpuTimeHistory': [80]}, '3': {'Retries': 1, 'WallDurations': [0, 17750.0, 8.0, 32891.0], 'StartTimes': [1631355697.0, 1631375530.0], 'SubmitTimes': [1631355638.0, 1631375322.0], 'JobIds': ['74539161.0', '74545417.0'], 'EndTimes': [1631373447.0, 1631408421.0], 'Restarts': 0, 'RecordedSite': True, 'State': 'finished', 'ResidentSetSize': [794996, 999560], 'TotalUserCpuTimeHistory': [3670, 7619], 'SiteHistory': ['T2_US_MIT', 'T2_US_MIT', 'T2_US_Caltech', 'T2_US_Caltech'], 'TotalSysCpuTimeHistory': [284, 412]}, '2': {'Retries': 0, 'WallDurations': [0, 3258.0], 'StartTimes': [1631355697.0], 'SubmitTimes': [1631355638.0], 'JobIds': ['74539162.0'], 'EndTimes': [1631358955.0], 'Restarts': 0, 'RecordedSite': True, 'State': 'finished', 'ResidentSetSize': [724916], 'TotalUserCpuTimeHistory': [633], 'SiteHistory': ['T2_US_MIT', 'T2_US_MIT'], 'TotalSysCpuTimeHistory': [51]}, '5': {'Retries': 0, 'WallDurations': [0, 2629.0], 'StartTimes': [1631355696.0], 'SubmitTimes': [1631355638.0], 'JobIds': ['74539164.0'], 'EndTimes': [1631358325.0], 'Restarts': 0, 'RecordedSite': True, 'State': 'finished', 'ResidentSetSize': [805176], 'TotalUserCpuTimeHistory': [2253], 'SiteHistory': ['T2_US_MIT', 'T2_US_MIT'], 'TotalSysCpuTimeHistory': [259]}, '4': {'Retries': 0, 'WallDurations': [8.0, 17025.0, 0, 26466.0], 'StartTimes': [1631355699.0, 1631372920.0], 'SubmitTimes': [1631355638.0, -1], 'JobIds': ['74539163.0', '74539163.0'], 'EndTimes': [1631372724.0, 1631399386.0], 'Restarts': 1, 'RecordedSite': True, 'State': 'finished', 'ResidentSetSize': [837072, 1000000], 'TotalUserCpuTimeHistory': [3618.0, 9894], 'SiteHistory': ['T2_US_MIT', 'T2_US_MIT', 'Unknown', 'T2_US_MIT'], 'TotalSysCpuTimeHistory': [303.0, 973]}}
INFO 2021-09-12 11:07:38.813 UTC: 	 Status on the scheduler:	COMPLETED
INFO 2021-09-12 11:07:38.813 UTC: 	 
Jobs status:                    finished     		100.0% (5/5)
INFO 2021-09-12 11:07:38.813 UTC: 	 
No publication information (publication has been disabled in the CRAB configuration file)
INFO 2021-09-12 11:07:38.813 UTC: 	 
Warning: the average jobs CPU efficiency is less than 50%, please consider to improve the jobs splitting (e.g. config.Data.splitting = 'Automatic') in a new task
INFO 2021-09-12 11:07:38.813 UTC: 	 
Summary of run jobs:
 * Memory: 793MB min, 976MB max, 848MB ave
 * Runtime: 0:43:49 min, 9:08:11 max, 3:54:31 ave
 * CPU eff: 21% min, 96% max, 33% ave
 * Waste: 9:39:59 (33% of total)

INFO 2021-09-12 11:07:38.823 UTC: 	 Log file is /afs/cern.ch/work/y/yian/work/GZ/CMSSW_10_6_20/src/PhysicsTools/NanoAODTools/WWG/2018/crab/crab2018/crab_TGJets_TuneCP5_13TeV-amcatnlo-madspin-pythia8_2018/crab.log
DEBUG 2021-09-12 11:31:39.322 UTC: 	 CRAB Client version: v3.210825
DEBUG 2021-09-12 11:31:39.322 UTC: 	 Running on: Linux lxplus710.cern.ch 3.10.0-1160.36.2.el7.x86_64 #1 SMP Wed Jul 21 11:57:15 UTC 2021 x86_64 x86_64 x86_64 GNU/Linux - CentOS Linux 7 (Core)
DEBUG 2021-09-12 11:31:39.322 UTC: 	 Executing command: 'resubmit'
DEBUG 2021-09-12 11:31:39.323 UTC: 	 Found CRAB cache file /afs/cern.ch/user/y/yian/.crab3
DEBUG 2021-09-12 11:31:39.396 UTC: 	 Checking credentials
DEBUG 2021-09-12 11:31:39.396 UTC: 	 Found proxy file /tmp/x509up_u110046
DEBUG 2021-09-12 11:31:39.396 UTC: 	 Getting proxy life time left
DEBUG 2021-09-12 11:31:40.107 UTC: 	 Executing : 
 command : voms-proxy-info -file /tmp/x509up_u110046 -timeleft
 output : 602905

 error: 
 retcode : 0
DEBUG 2021-09-12 11:31:40.713 UTC: 	 Executing : 
 command : voms-proxy-info -file /tmp/x509up_u110046 -actimeleft
 output : 602905

 error: 
 retcode : 0
DEBUG 2021-09-12 11:31:40.713 UTC: 	 Proxy valid for 167:28:25 hours
DEBUG 2021-09-12 11:31:40.795 UTC: 	 Registering user credentials for server /DC=ch/DC=cern/OU=computers/CN=crab-(preprod|prod|dev)-tw(02|01).cern.ch|/DC=ch/DC=cern/OU=computers/CN=(ddi|ddidk|mytw).cern.ch|/DC=ch/DC=cern/OU=computers/CN=stefanov(m|m2).cern.ch
DEBUG 2021-09-12 11:31:41.507 UTC: 	 Executing : 
 command : voms-proxy-info -file /tmp/x509up_u110046 -identity
 output : /DC=ch/DC=cern/OU=Organic Units/OU=Users/CN=yian/CN=826694/CN=Ying An

 error: 
 retcode : 0
DEBUG 2021-09-12 11:31:41.514 UTC: 	 Getting myproxy life time left for myproxy.cern.ch
DEBUG 2021-09-12 11:31:41.515 UTC: 	 using b52ac606a6f7097e9b4b8f05a3a67cc69f8f291b as credential login name
DEBUG 2021-09-12 11:31:41.919 UTC: 	 Executing : 
 command : myproxy-info -l b52ac606a6f7097e9b4b8f05a3a67cc69f8f291b -s myproxy.cern.ch
 output : username: b52ac606a6f7097e9b4b8f05a3a67cc69f8f291b
owner: /DC=ch/DC=cern/OU=Organic Units/OU=Users/CN=yian/CN=826694/CN=Ying An
  renewal policy: /DC=ch/DC=cern/OU=computers/CN=crab-(preprod|prod|dev)-tw(02|01).cern.ch|/DC=ch/DC=cern/OU=computers/CN=(ddi|ddidk|mytw).cern.ch|/DC=ch/DC=cern/OU=computers/CN=stefanov(m|m2).cern.ch
  trusted retrieval policy: /DC=ch/DC=cern/OU=computers/CN=crab-(preprod|prod|dev)-tw(02|01).cern.ch|/DC=ch/DC=cern/OU=computers/CN=(ddi|ddidk|mytw).cern.ch|/DC=ch/DC=cern/OU=computers/CN=stefanov(m|m2).cern.ch
  timeleft: 719:30:00  (30.0 days)

 error: 
 retcode : 0
DEBUG 2021-09-12 11:31:41.920 UTC: 	 Myproxy is valid: 2590200
DEBUG 2021-09-12 11:31:41.920 UTC: 	 Retrieving username ...
DEBUG 2021-09-12 11:31:41.920 UTC: 	 Retrieving username from CRIC...
DEBUG 2021-09-12 11:31:42.661 UTC: 	 username is yian
DEBUG 2021-09-12 11:31:42.667 UTC: 	 Getting myproxy life time left for myproxy.cern.ch
DEBUG 2021-09-12 11:31:42.667 UTC: 	 using yian_CRAB as credential login name
DEBUG 2021-09-12 11:31:42.973 UTC: 	 Executing : 
 command : myproxy-info -l yian_CRAB -s myproxy.cern.ch
 output : username: yian_CRAB
owner: /DC=ch/DC=cern/OU=Organic Units/OU=Users/CN=yian/CN=826694/CN=Ying An
  renewal policy: /DC=ch/DC=cern/OU=computers/CN=crab-(preprod|prod|dev)-tw(02|01).cern.ch|/DC=ch/DC=cern/OU=computers/CN=(ddi|ddidk|mytw).cern.ch|/DC=ch/DC=cern/OU=computers/CN=stefanov(m|m2).cern.ch
  trusted retrieval policy: /DC=ch/DC=cern/OU=computers/CN=crab-(preprod|prod|dev)-tw(02|01).cern.ch|/DC=ch/DC=cern/OU=computers/CN=(ddi|ddidk|mytw).cern.ch|/DC=ch/DC=cern/OU=computers/CN=stefanov(m|m2).cern.ch
  timeleft: 719:30:12  (30.0 days)

 error: 
 retcode : 0
DEBUG 2021-09-12 11:31:42.973 UTC: 	 Myproxy is valid: 2590212
DEBUG 2021-09-12 11:31:42.973 UTC: 	 Result of myproxy credential check:
  Credential exists on myproxy: username: b52ac606a6f7097e9b4b8f05a3a67cc69f8f291b  - validity: 29 days, 23:30:00
  Credential exists on myproxy: username: yian_CRAB  - validity: 29 days, 23:30:12
DEBUG 2021-09-12 11:31:43.181 UTC: 	 Command use: resubmit
DEBUG 2021-09-12 11:31:43.181 UTC: 	 Options use: ['-d', 'crab2018/crab_TGJets_TuneCP5_13TeV-amcatnlo-madspin-pythia8_2018']
DEBUG 2021-09-12 11:31:43.240 UTC: 	 CRABClient version: v3.210825
DEBUG 2021-09-12 11:31:43.240 UTC: 	 Instance is prod
DEBUG 2021-09-12 11:31:43.240 UTC: 	 Server base url is cmsweb.cern.ch
DEBUG 2021-09-12 11:31:43.240 UTC: 	 Command api workflow
DEBUG 2021-09-12 11:31:43.254 UTC: 	 CRAB Client version: v3.210825
DEBUG 2021-09-12 11:31:43.255 UTC: 	 Running on: Linux lxplus710.cern.ch 3.10.0-1160.36.2.el7.x86_64 #1 SMP Wed Jul 21 11:57:15 UTC 2021 x86_64 x86_64 x86_64 GNU/Linux - CentOS Linux 7 (Core)
DEBUG 2021-09-12 11:31:43.255 UTC: 	 Executing command: 'status'
DEBUG 2021-09-12 11:31:43.255 UTC: 	 Found CRAB cache file /afs/cern.ch/user/y/yian/.crab3
DEBUG 2021-09-12 11:31:43.323 UTC: 	 Checking credentials
DEBUG 2021-09-12 11:31:43.323 UTC: 	 Found proxy file /tmp/x509up_u110046
DEBUG 2021-09-12 11:31:43.323 UTC: 	 Getting proxy life time left
DEBUG 2021-09-12 11:31:43.933 UTC: 	 Executing : 
 command : voms-proxy-info -file /tmp/x509up_u110046 -timeleft
 output : 602902

 error: 
 retcode : 0
DEBUG 2021-09-12 11:31:44.538 UTC: 	 Executing : 
 command : voms-proxy-info -file /tmp/x509up_u110046 -actimeleft
 output : 602901

 error: 
 retcode : 0
DEBUG 2021-09-12 11:31:44.538 UTC: 	 Proxy lifetime 602902 secs is different from voms extension lifetime 602901 secs for proxy: /tmp/x509up_u110046
DEBUG 2021-09-12 11:31:44.538 UTC: 	 Proxy valid for 167:28:21 hours
DEBUG 2021-09-12 11:31:44.648 UTC: 	 Registering user credentials for server /DC=ch/DC=cern/OU=computers/CN=crab-(preprod|prod|dev)-tw(02|01).cern.ch|/DC=ch/DC=cern/OU=computers/CN=(ddi|ddidk|mytw).cern.ch|/DC=ch/DC=cern/OU=computers/CN=stefanov(m|m2).cern.ch
DEBUG 2021-09-12 11:31:45.361 UTC: 	 Executing : 
 command : voms-proxy-info -file /tmp/x509up_u110046 -identity
 output : /DC=ch/DC=cern/OU=Organic Units/OU=Users/CN=yian/CN=826694/CN=Ying An

 error: 
 retcode : 0
DEBUG 2021-09-12 11:31:45.369 UTC: 	 Getting myproxy life time left for myproxy.cern.ch
DEBUG 2021-09-12 11:31:45.369 UTC: 	 using b52ac606a6f7097e9b4b8f05a3a67cc69f8f291b as credential login name
DEBUG 2021-09-12 11:31:45.774 UTC: 	 Executing : 
 command : myproxy-info -l b52ac606a6f7097e9b4b8f05a3a67cc69f8f291b -s myproxy.cern.ch
 output : username: b52ac606a6f7097e9b4b8f05a3a67cc69f8f291b
owner: /DC=ch/DC=cern/OU=Organic Units/OU=Users/CN=yian/CN=826694/CN=Ying An
  renewal policy: /DC=ch/DC=cern/OU=computers/CN=crab-(preprod|prod|dev)-tw(02|01).cern.ch|/DC=ch/DC=cern/OU=computers/CN=(ddi|ddidk|mytw).cern.ch|/DC=ch/DC=cern/OU=computers/CN=stefanov(m|m2).cern.ch
  trusted retrieval policy: /DC=ch/DC=cern/OU=computers/CN=crab-(preprod|prod|dev)-tw(02|01).cern.ch|/DC=ch/DC=cern/OU=computers/CN=(ddi|ddidk|mytw).cern.ch|/DC=ch/DC=cern/OU=computers/CN=stefanov(m|m2).cern.ch
  timeleft: 719:29:56  (30.0 days)

 error: 
 retcode : 0
DEBUG 2021-09-12 11:31:45.774 UTC: 	 Myproxy is valid: 2590196
DEBUG 2021-09-12 11:31:45.774 UTC: 	 Retrieving username ...
DEBUG 2021-09-12 11:31:45.774 UTC: 	 Retrieving username from CRIC...
DEBUG 2021-09-12 11:31:46.517 UTC: 	 username is yian
DEBUG 2021-09-12 11:31:46.524 UTC: 	 Getting myproxy life time left for myproxy.cern.ch
DEBUG 2021-09-12 11:31:46.524 UTC: 	 using yian_CRAB as credential login name
DEBUG 2021-09-12 11:31:46.828 UTC: 	 Executing : 
 command : myproxy-info -l yian_CRAB -s myproxy.cern.ch
 output : username: yian_CRAB
owner: /DC=ch/DC=cern/OU=Organic Units/OU=Users/CN=yian/CN=826694/CN=Ying An
  renewal policy: /DC=ch/DC=cern/OU=computers/CN=crab-(preprod|prod|dev)-tw(02|01).cern.ch|/DC=ch/DC=cern/OU=computers/CN=(ddi|ddidk|mytw).cern.ch|/DC=ch/DC=cern/OU=computers/CN=stefanov(m|m2).cern.ch
  trusted retrieval policy: /DC=ch/DC=cern/OU=computers/CN=crab-(preprod|prod|dev)-tw(02|01).cern.ch|/DC=ch/DC=cern/OU=computers/CN=(ddi|ddidk|mytw).cern.ch|/DC=ch/DC=cern/OU=computers/CN=stefanov(m|m2).cern.ch
  timeleft: 719:30:08  (30.0 days)

 error: 
 retcode : 0
DEBUG 2021-09-12 11:31:46.829 UTC: 	 Myproxy is valid: 2590208
DEBUG 2021-09-12 11:31:46.829 UTC: 	 Result of myproxy credential check:
  Credential exists on myproxy: username: b52ac606a6f7097e9b4b8f05a3a67cc69f8f291b  - validity: 29 days, 23:29:56
  Credential exists on myproxy: username: yian_CRAB  - validity: 29 days, 23:30:08
DEBUG 2021-09-12 11:31:46.830 UTC: 	 Command use: status
DEBUG 2021-09-12 11:31:46.830 UTC: 	 Options use: []
DEBUG 2021-09-12 11:31:46.895 UTC: 	 CRABClient version: v3.210825
DEBUG 2021-09-12 11:31:46.895 UTC: 	 Instance is prod
DEBUG 2021-09-12 11:31:46.895 UTC: 	 Server base url is cmsweb.cern.ch
DEBUG 2021-09-12 11:31:46.895 UTC: 	 Command api workflow
DEBUG 2021-09-12 11:31:46.975 UTC: 	 Got information from server oracle database: {u'result': [u'210911_101859:yian_crab_TGJets_TuneCP5_13TeV-amcatnlo-madspin-pythia8_2018', u'None', u'None', u'SUBMITTED', u'SUBMIT', u'2021-09-11 10:18:59.561252', u'None', u'2021-09-11 10:20:33.328788', u'None', u'CMSSW_10_6_20', u'slc7_amd64_gcc820', u'/TGJets_TuneCP5_13TeV-amcatnlo-madspin-pythia8/RunIISummer19UL18NanoAODv2-106X_upgrade2018_realistic_v15_L1v1-v1/NANOAODSIM', u'T', u'0', u"[u'T2_US_UCSD', u'T2_US_Wisconsin', u'T2_US_MIT', u'T2_US_Caltech', u'T2_US_Purdue', u'T2_US_Nebraska']", u'[]', u'FileBased', u"{'splitOnRun': False, 'halt_job_on_file_boundaries': False, 'files_per_job': 1, 'runs': [], 'lumis': []}", u'ce4024b067767c0af918e51c87b31628855166e163a541c120405109f27fbcb5.tar.gz', u'https://cmsweb.cern.ch/S3/crabcache_prod', u'yian', u'/DC=ch/DC=cern/OU=Organic Units/OU=Users/CN=yian/CN=826694/CN=Ying An', u'cms', u'None', u'None', u'TGJets_TuneCP5_13TeV-amcatnlo-madspin-pythia8_2018-00000000000000000000000000000000', u'F', u'T3_CH_CERNBOX', u'https://cmsweb.cern.ch/dbs/prod/global/DBSReader', u'https://cmsweb.cern.ch/dbs/prod/phys03/DBSWriter', u'F', u'[]', u'[]', u"[b'tree.root']", u'Analysis', u'pythia', u'None', u'{}', u'[]', u'F', u'crab-prod-tw01', u'[]', u'1250', u'1', u'2000', u'10', u"['/TGJets_TuneCP5_13TeV-amcatnlo-madspin-pythia8/yian-TGJets_TuneCP5_13TeV-amcatnlo-madspin-pythia8_2018-79132d624dd3520ee2a7d08026bbccfc/USER']", u'[]', u'http://vocms0122.cern.ch/mon/cms1407/210911_101859:yian_crab_TGJets_TuneCP5_13TeV-amcatnlo-madspin-pythia8_2018', u'WWG_crab_script.sh', u"[b'isdata=MC', b'year=2018', b'era=A']", u'[]', u'https://cmsweb.cern.ch/crabserver/prod', u'cmsgwms-collector-global.cern.ch:9620,cmsgwms-collector-global.fnal.gov:9620', u'crab3@vocms0122.cern.ch', u'F', u'[]', u'T', u'/store/user/yian/', u'T', u'None', u'F', u'None', u'TGJets_TuneCP5_13TeV-amcatnlo-madspin-pythia8', u'None', u'd06474815f9f6a20931f9da7b499a00a71f4c7bc803ea0c8fe965c65bdf4465a.tar.gz', u'74539158', u'filetransfers', u'F', u'188.184.98.213', u'0.0', u'None'], u'desc': {u'columns': [u'tm_taskname', u'tm_activity', u'panda_jobset_id', u'tm_task_status', u'tm_task_command', u'tm_start_time', u'tm_start_injection', u'tm_end_injection', u'tm_task_failure', u'tm_job_sw', u'tm_job_arch', u'tm_input_dataset', u'tm_nonvalid_input_dataset', u'tm_use_parent', u'tm_site_whitelist', u'tm_site_blacklist', u'tm_split_algo', u'tm_split_args', u'tm_user_sandbox', u'tm_cache_url', u'tm_username', u'tm_user_dn', u'tm_user_vo', u'tm_user_role', u'tm_user_group', u'tm_publish_name', u'tm_publish_groupname', u'tm_asyncdest', u'tm_dbs_url', u'tm_publish_dbs_url', u'tm_publication', u'tm_outfiles', u'tm_tfile_outfiles', u'tm_edm_outfiles', u'tm_job_type', u'tm_generator', u'tm_events_per_lumi', u'tm_arguments', u'panda_resubmitted_jobs', u'tm_save_logs', u'tw_name', u'tm_user_infiles', u'tm_maxjobruntime', u'tm_numcores', u'tm_maxmemory', u'tm_priority', u'tm_output_dataset', u'tm_task_warnings', u'tm_user_webdir', u'tm_scriptexe', u'tm_scriptargs', u'tm_extrajdl', u'tm_asourl', u'tm_collector', u'tm_schedd', u'tm_dry_run', u'tm_user_files', u'tm_transfer_outputs', u'tm_output_lfn', u'tm_ignore_locality', u'tm_fail_limit', u'tm_one_event_mode', u'tm_secondary_input_dataset', u'tm_primary_dataset', u'tm_last_publication', u'tm_debug_files', u'clusterid', u'tm_asodb', u'tm_ignore_global_blacklist', u'tm_submitter_ip_addr', u'tm_totalunits', u'tm_ddm_reqid']}}
INFO 2021-09-12 11:31:46.976 UTC: 	 CRAB project directory:		/afs/cern.ch/work/y/yian/work/GZ/CMSSW_10_6_20/src/PhysicsTools/NanoAODTools/WWG/2018/crab/crab2018/crab_TGJets_TuneCP5_13TeV-amcatnlo-madspin-pythia8_2018
INFO 2021-09-12 11:31:46.976 UTC: 	 Task name:			210911_101859:yian_crab_TGJets_TuneCP5_13TeV-amcatnlo-madspin-pythia8_2018
INFO 2021-09-12 11:31:46.976 UTC: 	 Grid scheduler - Task Worker:	crab3@vocms0122.cern.ch - crab-prod-tw01
INFO 2021-09-12 11:31:46.976 UTC: 	 Status on the CRAB server:	SUBMITTED
INFO 2021-09-12 11:31:46.976 UTC: 	 Task URL to use for HELP:	https://cmsweb.cern.ch/crabserver/ui/task/210911_101859%3Ayian_crab_TGJets_TuneCP5_13TeV-amcatnlo-madspin-pythia8_2018
INFO 2021-09-12 11:31:46.979 UTC: 	 Dashboard monitoring URL:	https://monit-grafana.cern.ch/d/cmsTMDetail/cms-task-monitoring-task-view?orgId=11&var-user=yian&var-task=210911_101859%3Ayian_crab_TGJets_TuneCP5_13TeV-amcatnlo-madspin-pythia8_2018&from=1631351939000&to=now
DEBUG 2021-09-12 11:31:46.980 UTC: 	 The CRAB server submitted your task to the Grid scheduler (cluster ID: 74539158)
DEBUG 2021-09-12 11:31:46.980 UTC: 	 Webdir is located at http://vocms0122.cern.ch/mon/cms1407/210911_101859:yian_crab_TGJets_TuneCP5_13TeV-amcatnlo-madspin-pythia8_2018
DEBUG 2021-09-12 11:31:47.084 UTC: 	 Proxied webdir is located at https://cmsweb.cern.ch:8443/scheddmon/0122/cms1407/210911_101859:yian_crab_TGJets_TuneCP5_13TeV-amcatnlo-madspin-pythia8_2018
DEBUG 2021-09-12 11:31:47.084 UTC: 	 Retrieving 'status_cache' file from https://cmsweb.cern.ch:8443/scheddmon/0122/cms1407/210911_101859:yian_crab_TGJets_TuneCP5_13TeV-amcatnlo-madspin-pythia8_2018/status_cache
DEBUG 2021-09-12 11:31:47.123 UTC: 	 Got information from status cache file: {'1': {'Retries': 0, 'WallDurations': [8.0, 5115.0], 'StartTimes': [1631355709.0], 'SubmitTimes': [1631355638.0], 'JobIds': ['74539160.0'], 'EndTimes': [1631360824.0], 'Restarts': 0, 'RecordedSite': True, 'State': 'finished', 'ResidentSetSize': [812524], 'TotalUserCpuTimeHistory': [1153], 'SiteHistory': ['T2_US_MIT', 'T2_US_MIT'], 'TotalSysCpuTimeHistory': [80]}, '3': {'Retries': 1, 'WallDurations': [0, 17750.0, 8.0, 32891.0], 'StartTimes': [1631355697.0, 1631375530.0], 'SubmitTimes': [1631355638.0, 1631375322.0], 'JobIds': ['74539161.0', '74545417.0'], 'EndTimes': [1631373447.0, 1631408421.0], 'Restarts': 0, 'RecordedSite': True, 'State': 'finished', 'ResidentSetSize': [794996, 999560], 'TotalUserCpuTimeHistory': [3670, 7619], 'SiteHistory': ['T2_US_MIT', 'T2_US_MIT', 'T2_US_Caltech', 'T2_US_Caltech'], 'TotalSysCpuTimeHistory': [284, 412]}, '2': {'Retries': 0, 'WallDurations': [0, 3258.0], 'StartTimes': [1631355697.0], 'SubmitTimes': [1631355638.0], 'JobIds': ['74539162.0'], 'EndTimes': [1631358955.0], 'Restarts': 0, 'RecordedSite': True, 'State': 'finished', 'ResidentSetSize': [724916], 'TotalUserCpuTimeHistory': [633], 'SiteHistory': ['T2_US_MIT', 'T2_US_MIT'], 'TotalSysCpuTimeHistory': [51]}, '5': {'Retries': 0, 'WallDurations': [0, 2629.0], 'StartTimes': [1631355696.0], 'SubmitTimes': [1631355638.0], 'JobIds': ['74539164.0'], 'EndTimes': [1631358325.0], 'Restarts': 0, 'RecordedSite': True, 'State': 'finished', 'ResidentSetSize': [805176], 'TotalUserCpuTimeHistory': [2253], 'SiteHistory': ['T2_US_MIT', 'T2_US_MIT'], 'TotalSysCpuTimeHistory': [259]}, '4': {'Retries': 0, 'WallDurations': [8.0, 17025.0, 0, 26466.0], 'StartTimes': [1631355699.0, 1631372920.0], 'SubmitTimes': [1631355638.0, -1], 'JobIds': ['74539163.0', '74539163.0'], 'EndTimes': [1631372724.0, 1631399386.0], 'Restarts': 1, 'RecordedSite': True, 'State': 'finished', 'ResidentSetSize': [837072, 1000000], 'TotalUserCpuTimeHistory': [3618.0, 9894], 'SiteHistory': ['T2_US_MIT', 'T2_US_MIT', 'Unknown', 'T2_US_MIT'], 'TotalSysCpuTimeHistory': [303.0, 973]}}
INFO 2021-09-12 11:31:47.123 UTC: 	 Status on the scheduler:	COMPLETED
INFO 2021-09-12 11:31:47.123 UTC: 	 
Jobs status:                    finished     		100.0% (5/5)
INFO 2021-09-12 11:31:47.123 UTC: 	 
No publication information (publication has been disabled in the CRAB configuration file)
INFO 2021-09-12 11:31:47.124 UTC: 	 
Warning: the average jobs CPU efficiency is less than 50%, please consider to improve the jobs splitting (e.g. config.Data.splitting = 'Automatic') in a new task
INFO 2021-09-12 11:31:47.124 UTC: 	 
Summary of run jobs:
 * Memory: 793MB min, 976MB max, 848MB ave
 * Runtime: 0:43:49 min, 9:08:11 max, 3:54:31 ave
 * CPU eff: 21% min, 96% max, 33% ave
 * Waste: 9:39:59 (33% of total)

DEBUG 2021-09-12 11:31:47.124 UTC: 	 Requesting resubmission of failed jobs in task 210911_101859:yian_crab_TGJets_TuneCP5_13TeV-amcatnlo-madspin-pythia8_2018
ERROR 2021-09-12 11:31:47.124 UTC: 	 Found no jobs to resubmit. Only jobs in status failed can be resubmitted. Jobs in status finished can also be resubmitted, but only if the jobids are specified and the force option is set.
ERROR 2021-09-12 11:31:47.124 UTC: 	 Caught ClientException exception
Traceback (most recent call last):
  File "/cvmfs/cms.cern.ch/share/cms/crab-prod/v3.210825.00/bin/crab", line 151, in <module>
    client()
  File "/cvmfs/cms.cern.ch/share/cms/crab-prod/v3.210825.00/bin/crab", line 138, in __call__
    self.cmd()
  File "/cvmfs/cms.cern.ch/share/cms/crab-prod/v3.210825.00/lib/CRABClient/Commands/resubmit.py", line 61, in __call__
    self.jobids = self.processJobIds(jobList)
  File "/cvmfs/cms.cern.ch/share/cms/crab-prod/v3.210825.00/lib/CRABClient/Commands/resubmit.py", line 166, in processJobIds
    raise ConfigurationException(msg)
ConfigurationException: Found no jobs to resubmit. Only jobs in status failed can be resubmitted. Jobs in status finished can also be resubmitted, but only if the jobids are specified and the force option is set.
DEBUG 2021-09-13 12:56:24.957 UTC: 	 CRAB Client version: v3.210825
DEBUG 2021-09-13 12:56:24.957 UTC: 	 Running on: Linux lxplus7100.cern.ch 3.10.0-1160.36.2.el7.x86_64 #1 SMP Wed Jul 21 11:57:15 UTC 2021 x86_64 x86_64 x86_64 GNU/Linux - CentOS Linux 7 (Core)
DEBUG 2021-09-13 12:56:24.957 UTC: 	 Executing command: 'status'
DEBUG 2021-09-13 12:56:24.957 UTC: 	 Found CRAB cache file /afs/cern.ch/user/y/yian/.crab3
DEBUG 2021-09-13 12:56:25.017 UTC: 	 Checking credentials
DEBUG 2021-09-13 12:56:25.017 UTC: 	 Found proxy file /tmp/x509up_u110046
DEBUG 2021-09-13 12:56:25.017 UTC: 	 Getting proxy life time left
DEBUG 2021-09-13 12:56:25.725 UTC: 	 Executing : 
 command : voms-proxy-info -file /tmp/x509up_u110046 -timeleft
 output : 604727

 error: 
 retcode : 0
DEBUG 2021-09-13 12:56:26.431 UTC: 	 Executing : 
 command : voms-proxy-info -file /tmp/x509up_u110046 -actimeleft
 output : 604726

 error: 
 retcode : 0
DEBUG 2021-09-13 12:56:26.432 UTC: 	 Proxy lifetime 604727 secs is different from voms extension lifetime 604726 secs for proxy: /tmp/x509up_u110046
DEBUG 2021-09-13 12:56:26.432 UTC: 	 Proxy valid for 167:58:46 hours
DEBUG 2021-09-13 12:56:26.518 UTC: 	 Registering user credentials for server /DC=ch/DC=cern/OU=computers/CN=crab-(preprod|prod|dev)-tw(02|01).cern.ch|/DC=ch/DC=cern/OU=computers/CN=(ddi|ddidk|mytw).cern.ch|/DC=ch/DC=cern/OU=computers/CN=stefanov(m|m2).cern.ch
DEBUG 2021-09-13 12:56:27.236 UTC: 	 Executing : 
 command : voms-proxy-info -file /tmp/x509up_u110046 -identity
 output : /DC=ch/DC=cern/OU=Organic Units/OU=Users/CN=yian/CN=826694/CN=Ying An

 error: 
 retcode : 0
DEBUG 2021-09-13 12:56:27.244 UTC: 	 Getting myproxy life time left for myproxy.cern.ch
DEBUG 2021-09-13 12:56:27.244 UTC: 	 using b52ac606a6f7097e9b4b8f05a3a67cc69f8f291b as credential login name
DEBUG 2021-09-13 12:56:27.650 UTC: 	 Executing : 
 command : myproxy-info -l b52ac606a6f7097e9b4b8f05a3a67cc69f8f291b -s myproxy.cern.ch
 output : username: b52ac606a6f7097e9b4b8f05a3a67cc69f8f291b
owner: /DC=ch/DC=cern/OU=Organic Units/OU=Users/CN=yian/CN=826694/CN=Ying An
  renewal policy: /DC=ch/DC=cern/OU=computers/CN=crab-(preprod|prod|dev)-tw(02|01).cern.ch|/DC=ch/DC=cern/OU=computers/CN=(ddi|ddidk|mytw).cern.ch|/DC=ch/DC=cern/OU=computers/CN=stefanov(m|m2).cern.ch
  trusted retrieval policy: /DC=ch/DC=cern/OU=computers/CN=crab-(preprod|prod|dev)-tw(02|01).cern.ch|/DC=ch/DC=cern/OU=computers/CN=(ddi|ddidk|mytw).cern.ch|/DC=ch/DC=cern/OU=computers/CN=stefanov(m|m2).cern.ch
  timeleft: 694:05:14  (28.9 days)

 error: 
 retcode : 0
DEBUG 2021-09-13 12:56:27.651 UTC: 	 Myproxy is valid: 2498714
DEBUG 2021-09-13 12:56:27.651 UTC: 	 Retrieving username ...
DEBUG 2021-09-13 12:56:27.651 UTC: 	 Retrieving username from CRIC...
DEBUG 2021-09-13 12:56:28.426 UTC: 	 username is yian
DEBUG 2021-09-13 12:56:28.433 UTC: 	 Getting myproxy life time left for myproxy.cern.ch
DEBUG 2021-09-13 12:56:28.434 UTC: 	 using yian_CRAB as credential login name
DEBUG 2021-09-13 12:56:28.839 UTC: 	 Executing : 
 command : myproxy-info -l yian_CRAB -s myproxy.cern.ch
 output : username: yian_CRAB
owner: /DC=ch/DC=cern/OU=Organic Units/OU=Users/CN=yian/CN=826694/CN=Ying An
  renewal policy: /DC=ch/DC=cern/OU=computers/CN=crab-(preprod|prod|dev)-tw(02|01).cern.ch|/DC=ch/DC=cern/OU=computers/CN=(ddi|ddidk|mytw).cern.ch|/DC=ch/DC=cern/OU=computers/CN=stefanov(m|m2).cern.ch
  trusted retrieval policy: /DC=ch/DC=cern/OU=computers/CN=crab-(preprod|prod|dev)-tw(02|01).cern.ch|/DC=ch/DC=cern/OU=computers/CN=(ddi|ddidk|mytw).cern.ch|/DC=ch/DC=cern/OU=computers/CN=stefanov(m|m2).cern.ch
  timeleft: 694:05:26  (28.9 days)

 error: 
 retcode : 0
DEBUG 2021-09-13 12:56:28.839 UTC: 	 Myproxy is valid: 2498726
DEBUG 2021-09-13 12:56:28.840 UTC: 	 Result of myproxy credential check:
  Credential exists on myproxy: username: b52ac606a6f7097e9b4b8f05a3a67cc69f8f291b  - validity: 28 days, 22:05:14
  Credential exists on myproxy: username: yian_CRAB  - validity: 28 days, 22:05:26
DEBUG 2021-09-13 12:56:28.841 UTC: 	 Command use: status
DEBUG 2021-09-13 12:56:28.841 UTC: 	 Options use: ['-d', 'crab2018/crab_TGJets_TuneCP5_13TeV-amcatnlo-madspin-pythia8_2018']
DEBUG 2021-09-13 12:56:28.899 UTC: 	 CRABClient version: v3.210825
DEBUG 2021-09-13 12:56:28.899 UTC: 	 Instance is prod
DEBUG 2021-09-13 12:56:28.899 UTC: 	 Server base url is cmsweb.cern.ch
DEBUG 2021-09-13 12:56:28.899 UTC: 	 Command api workflow
DEBUG 2021-09-13 12:56:28.979 UTC: 	 Got information from server oracle database: {u'result': [u'210911_101859:yian_crab_TGJets_TuneCP5_13TeV-amcatnlo-madspin-pythia8_2018', u'None', u'None', u'SUBMITTED', u'SUBMIT', u'2021-09-11 10:18:59.561252', u'None', u'2021-09-11 10:20:33.328788', u'None', u'CMSSW_10_6_20', u'slc7_amd64_gcc820', u'/TGJets_TuneCP5_13TeV-amcatnlo-madspin-pythia8/RunIISummer19UL18NanoAODv2-106X_upgrade2018_realistic_v15_L1v1-v1/NANOAODSIM', u'T', u'0', u"[u'T2_US_UCSD', u'T2_US_Wisconsin', u'T2_US_MIT', u'T2_US_Caltech', u'T2_US_Purdue', u'T2_US_Nebraska']", u'[]', u'FileBased', u"{'splitOnRun': False, 'halt_job_on_file_boundaries': False, 'files_per_job': 1, 'runs': [], 'lumis': []}", u'ce4024b067767c0af918e51c87b31628855166e163a541c120405109f27fbcb5.tar.gz', u'https://cmsweb.cern.ch/S3/crabcache_prod', u'yian', u'/DC=ch/DC=cern/OU=Organic Units/OU=Users/CN=yian/CN=826694/CN=Ying An', u'cms', u'None', u'None', u'TGJets_TuneCP5_13TeV-amcatnlo-madspin-pythia8_2018-00000000000000000000000000000000', u'F', u'T3_CH_CERNBOX', u'https://cmsweb.cern.ch/dbs/prod/global/DBSReader', u'https://cmsweb.cern.ch/dbs/prod/phys03/DBSWriter', u'F', u'[]', u'[]', u"[b'tree.root']", u'Analysis', u'pythia', u'None', u'{}', u'[]', u'F', u'crab-prod-tw01', u'[]', u'1250', u'1', u'2000', u'10', u"['/TGJets_TuneCP5_13TeV-amcatnlo-madspin-pythia8/yian-TGJets_TuneCP5_13TeV-amcatnlo-madspin-pythia8_2018-79132d624dd3520ee2a7d08026bbccfc/USER']", u'[]', u'http://vocms0122.cern.ch/mon/cms1407/210911_101859:yian_crab_TGJets_TuneCP5_13TeV-amcatnlo-madspin-pythia8_2018', u'WWG_crab_script.sh', u"[b'isdata=MC', b'year=2018', b'era=A']", u'[]', u'https://cmsweb.cern.ch/crabserver/prod', u'cmsgwms-collector-global.cern.ch:9620,cmsgwms-collector-global.fnal.gov:9620', u'crab3@vocms0122.cern.ch', u'F', u'[]', u'T', u'/store/user/yian/', u'T', u'None', u'F', u'None', u'TGJets_TuneCP5_13TeV-amcatnlo-madspin-pythia8', u'None', u'd06474815f9f6a20931f9da7b499a00a71f4c7bc803ea0c8fe965c65bdf4465a.tar.gz', u'74539158', u'filetransfers', u'F', u'188.184.98.213', u'0.0', u'None'], u'desc': {u'columns': [u'tm_taskname', u'tm_activity', u'panda_jobset_id', u'tm_task_status', u'tm_task_command', u'tm_start_time', u'tm_start_injection', u'tm_end_injection', u'tm_task_failure', u'tm_job_sw', u'tm_job_arch', u'tm_input_dataset', u'tm_nonvalid_input_dataset', u'tm_use_parent', u'tm_site_whitelist', u'tm_site_blacklist', u'tm_split_algo', u'tm_split_args', u'tm_user_sandbox', u'tm_cache_url', u'tm_username', u'tm_user_dn', u'tm_user_vo', u'tm_user_role', u'tm_user_group', u'tm_publish_name', u'tm_publish_groupname', u'tm_asyncdest', u'tm_dbs_url', u'tm_publish_dbs_url', u'tm_publication', u'tm_outfiles', u'tm_tfile_outfiles', u'tm_edm_outfiles', u'tm_job_type', u'tm_generator', u'tm_events_per_lumi', u'tm_arguments', u'panda_resubmitted_jobs', u'tm_save_logs', u'tw_name', u'tm_user_infiles', u'tm_maxjobruntime', u'tm_numcores', u'tm_maxmemory', u'tm_priority', u'tm_output_dataset', u'tm_task_warnings', u'tm_user_webdir', u'tm_scriptexe', u'tm_scriptargs', u'tm_extrajdl', u'tm_asourl', u'tm_collector', u'tm_schedd', u'tm_dry_run', u'tm_user_files', u'tm_transfer_outputs', u'tm_output_lfn', u'tm_ignore_locality', u'tm_fail_limit', u'tm_one_event_mode', u'tm_secondary_input_dataset', u'tm_primary_dataset', u'tm_last_publication', u'tm_debug_files', u'clusterid', u'tm_asodb', u'tm_ignore_global_blacklist', u'tm_submitter_ip_addr', u'tm_totalunits', u'tm_ddm_reqid']}}
INFO 2021-09-13 12:56:28.979 UTC: 	 CRAB project directory:		/afs/cern.ch/work/y/yian/work/GZ/CMSSW_10_6_20/src/PhysicsTools/NanoAODTools/WWG/2018/crab/crab2018/crab_TGJets_TuneCP5_13TeV-amcatnlo-madspin-pythia8_2018
INFO 2021-09-13 12:56:28.979 UTC: 	 Task name:			210911_101859:yian_crab_TGJets_TuneCP5_13TeV-amcatnlo-madspin-pythia8_2018
INFO 2021-09-13 12:56:28.979 UTC: 	 Grid scheduler - Task Worker:	crab3@vocms0122.cern.ch - crab-prod-tw01
INFO 2021-09-13 12:56:28.979 UTC: 	 Status on the CRAB server:	SUBMITTED
INFO 2021-09-13 12:56:28.979 UTC: 	 Task URL to use for HELP:	https://cmsweb.cern.ch/crabserver/ui/task/210911_101859%3Ayian_crab_TGJets_TuneCP5_13TeV-amcatnlo-madspin-pythia8_2018
INFO 2021-09-13 12:56:28.983 UTC: 	 Dashboard monitoring URL:	https://monit-grafana.cern.ch/d/cmsTMDetail/cms-task-monitoring-task-view?orgId=11&var-user=yian&var-task=210911_101859%3Ayian_crab_TGJets_TuneCP5_13TeV-amcatnlo-madspin-pythia8_2018&from=1631351939000&to=now
DEBUG 2021-09-13 12:56:28.983 UTC: 	 The CRAB server submitted your task to the Grid scheduler (cluster ID: 74539158)
DEBUG 2021-09-13 12:56:28.983 UTC: 	 Webdir is located at http://vocms0122.cern.ch/mon/cms1407/210911_101859:yian_crab_TGJets_TuneCP5_13TeV-amcatnlo-madspin-pythia8_2018
DEBUG 2021-09-13 12:56:29.114 UTC: 	 Proxied webdir is located at https://cmsweb.cern.ch:8443/scheddmon/0122/cms1407/210911_101859:yian_crab_TGJets_TuneCP5_13TeV-amcatnlo-madspin-pythia8_2018
DEBUG 2021-09-13 12:56:29.114 UTC: 	 Retrieving 'status_cache' file from https://cmsweb.cern.ch:8443/scheddmon/0122/cms1407/210911_101859:yian_crab_TGJets_TuneCP5_13TeV-amcatnlo-madspin-pythia8_2018/status_cache
DEBUG 2021-09-13 12:56:29.154 UTC: 	 Got information from status cache file: {'1': {'Retries': 0, 'WallDurations': [8.0, 5115.0], 'StartTimes': [1631355709.0], 'SubmitTimes': [1631355638.0], 'JobIds': ['74539160.0'], 'EndTimes': [1631360824.0], 'Restarts': 0, 'RecordedSite': True, 'State': 'finished', 'ResidentSetSize': [812524], 'TotalUserCpuTimeHistory': [1153], 'SiteHistory': ['T2_US_MIT', 'T2_US_MIT'], 'TotalSysCpuTimeHistory': [80]}, '3': {'Retries': 1, 'WallDurations': [0, 17750.0, 8.0, 32891.0], 'StartTimes': [1631355697.0, 1631375530.0], 'SubmitTimes': [1631355638.0, 1631375322.0], 'JobIds': ['74539161.0', '74545417.0'], 'EndTimes': [1631373447.0, 1631408421.0], 'Restarts': 0, 'RecordedSite': True, 'State': 'finished', 'ResidentSetSize': [794996, 999560], 'TotalUserCpuTimeHistory': [3670, 7619], 'SiteHistory': ['T2_US_MIT', 'T2_US_MIT', 'T2_US_Caltech', 'T2_US_Caltech'], 'TotalSysCpuTimeHistory': [284, 412]}, '2': {'Retries': 0, 'WallDurations': [0, 3258.0], 'StartTimes': [1631355697.0], 'SubmitTimes': [1631355638.0], 'JobIds': ['74539162.0'], 'EndTimes': [1631358955.0], 'Restarts': 0, 'RecordedSite': True, 'State': 'finished', 'ResidentSetSize': [724916], 'TotalUserCpuTimeHistory': [633], 'SiteHistory': ['T2_US_MIT', 'T2_US_MIT'], 'TotalSysCpuTimeHistory': [51]}, '5': {'Retries': 0, 'WallDurations': [0, 2629.0], 'StartTimes': [1631355696.0], 'SubmitTimes': [1631355638.0], 'JobIds': ['74539164.0'], 'EndTimes': [1631358325.0], 'Restarts': 0, 'RecordedSite': True, 'State': 'finished', 'ResidentSetSize': [805176], 'TotalUserCpuTimeHistory': [2253], 'SiteHistory': ['T2_US_MIT', 'T2_US_MIT'], 'TotalSysCpuTimeHistory': [259]}, '4': {'Retries': 0, 'WallDurations': [8.0, 17025.0, 0, 26466.0], 'StartTimes': [1631355699.0, 1631372920.0], 'SubmitTimes': [1631355638.0, -1], 'JobIds': ['74539163.0', '74539163.0'], 'EndTimes': [1631372724.0, 1631399386.0], 'Restarts': 1, 'RecordedSite': True, 'State': 'finished', 'ResidentSetSize': [837072, 1000000], 'TotalUserCpuTimeHistory': [3618.0, 9894], 'SiteHistory': ['T2_US_MIT', 'T2_US_MIT', 'Unknown', 'T2_US_MIT'], 'TotalSysCpuTimeHistory': [303.0, 973]}}
INFO 2021-09-13 12:56:29.154 UTC: 	 Status on the scheduler:	COMPLETED
INFO 2021-09-13 12:56:29.154 UTC: 	 
Jobs status:                    finished     		100.0% (5/5)
INFO 2021-09-13 12:56:29.154 UTC: 	 
No publication information (publication has been disabled in the CRAB configuration file)
INFO 2021-09-13 12:56:29.155 UTC: 	 
Warning: the average jobs CPU efficiency is less than 50%, please consider to improve the jobs splitting (e.g. config.Data.splitting = 'Automatic') in a new task
INFO 2021-09-13 12:56:29.155 UTC: 	 
Summary of run jobs:
 * Memory: 793MB min, 976MB max, 848MB ave
 * Runtime: 0:43:49 min, 9:08:11 max, 3:54:31 ave
 * CPU eff: 21% min, 96% max, 33% ave
 * Waste: 9:39:59 (33% of total)

INFO 2021-09-13 12:56:29.185 UTC: 	 Log file is /afs/cern.ch/work/y/yian/work/GZ/CMSSW_10_6_20/src/PhysicsTools/NanoAODTools/WWG/2018/crab/crab2018/crab_TGJets_TuneCP5_13TeV-amcatnlo-madspin-pythia8_2018/crab.log
DEBUG 2021-09-14 14:37:46.150 UTC: 	 CRAB Client version: v3.210825
DEBUG 2021-09-14 14:37:46.150 UTC: 	 Running on: Linux lxplus738.cern.ch 3.10.0-1160.36.2.el7.x86_64 #1 SMP Wed Jul 21 11:57:15 UTC 2021 x86_64 x86_64 x86_64 GNU/Linux - CentOS Linux 7 (Core)
DEBUG 2021-09-14 14:37:46.150 UTC: 	 Executing command: 'status'
DEBUG 2021-09-14 14:37:46.150 UTC: 	 Found CRAB cache file /afs/cern.ch/user/y/yian/.crab3
DEBUG 2021-09-14 14:37:46.250 UTC: 	 Checking credentials
DEBUG 2021-09-14 14:37:46.251 UTC: 	 Found proxy file /tmp/x509up_u110046
DEBUG 2021-09-14 14:37:46.251 UTC: 	 Getting proxy life time left
DEBUG 2021-09-14 14:37:47.160 UTC: 	 Executing : 
 command : voms-proxy-info -file /tmp/x509up_u110046 -timeleft
 output : 604734

 error: 
 retcode : 0
DEBUG 2021-09-14 14:37:47.867 UTC: 	 Executing : 
 command : voms-proxy-info -file /tmp/x509up_u110046 -actimeleft
 output : 604734

 error: 
 retcode : 0
DEBUG 2021-09-14 14:37:47.868 UTC: 	 Proxy valid for 167:58:54 hours
DEBUG 2021-09-14 14:37:47.924 UTC: 	 Registering user credentials for server /DC=ch/DC=cern/OU=computers/CN=crab-(preprod|prod|dev)-tw(02|01).cern.ch|/DC=ch/DC=cern/OU=computers/CN=(ddi|ddidk|mytw).cern.ch|/DC=ch/DC=cern/OU=computers/CN=stefanov(m|m2).cern.ch
DEBUG 2021-09-14 14:37:48.637 UTC: 	 Executing : 
 command : voms-proxy-info -file /tmp/x509up_u110046 -identity
 output : /DC=ch/DC=cern/OU=Organic Units/OU=Users/CN=yian/CN=826694/CN=Ying An

 error: 
 retcode : 0
DEBUG 2021-09-14 14:37:48.645 UTC: 	 Getting myproxy life time left for myproxy.cern.ch
DEBUG 2021-09-14 14:37:48.645 UTC: 	 using b52ac606a6f7097e9b4b8f05a3a67cc69f8f291b as credential login name
DEBUG 2021-09-14 14:37:48.950 UTC: 	 Executing : 
 command : myproxy-info -l b52ac606a6f7097e9b4b8f05a3a67cc69f8f291b -s myproxy.cern.ch
 output : username: b52ac606a6f7097e9b4b8f05a3a67cc69f8f291b
owner: /DC=ch/DC=cern/OU=Organic Units/OU=Users/CN=yian/CN=826694/CN=Ying An
  renewal policy: /DC=ch/DC=cern/OU=computers/CN=crab-(preprod|prod|dev)-tw(02|01).cern.ch|/DC=ch/DC=cern/OU=computers/CN=(ddi|ddidk|mytw).cern.ch|/DC=ch/DC=cern/OU=computers/CN=stefanov(m|m2).cern.ch
  trusted retrieval policy: /DC=ch/DC=cern/OU=computers/CN=crab-(preprod|prod|dev)-tw(02|01).cern.ch|/DC=ch/DC=cern/OU=computers/CN=(ddi|ddidk|mytw).cern.ch|/DC=ch/DC=cern/OU=computers/CN=stefanov(m|m2).cern.ch
  timeleft: 668:23:53  (27.8 days)

 error: 
 retcode : 0
DEBUG 2021-09-14 14:37:48.951 UTC: 	 Myproxy is valid: 2406233
DEBUG 2021-09-14 14:37:48.952 UTC: 	 Retrieving username ...
DEBUG 2021-09-14 14:37:48.952 UTC: 	 Retrieving username from CRIC...
DEBUG 2021-09-14 14:37:49.699 UTC: 	 username is yian
DEBUG 2021-09-14 14:37:49.708 UTC: 	 Getting myproxy life time left for myproxy.cern.ch
DEBUG 2021-09-14 14:37:49.708 UTC: 	 using yian_CRAB as credential login name
DEBUG 2021-09-14 14:37:50.013 UTC: 	 Executing : 
 command : myproxy-info -l yian_CRAB -s myproxy.cern.ch
 output : username: yian_CRAB
owner: /DC=ch/DC=cern/OU=Organic Units/OU=Users/CN=yian/CN=826694/CN=Ying An
  renewal policy: /DC=ch/DC=cern/OU=computers/CN=crab-(preprod|prod|dev)-tw(02|01).cern.ch|/DC=ch/DC=cern/OU=computers/CN=(ddi|ddidk|mytw).cern.ch|/DC=ch/DC=cern/OU=computers/CN=stefanov(m|m2).cern.ch
  trusted retrieval policy: /DC=ch/DC=cern/OU=computers/CN=crab-(preprod|prod|dev)-tw(02|01).cern.ch|/DC=ch/DC=cern/OU=computers/CN=(ddi|ddidk|mytw).cern.ch|/DC=ch/DC=cern/OU=computers/CN=stefanov(m|m2).cern.ch
  timeleft: 668:24:05  (27.9 days)

 error: 
 retcode : 0
DEBUG 2021-09-14 14:37:50.014 UTC: 	 Myproxy is valid: 2406245
DEBUG 2021-09-14 14:37:50.014 UTC: 	 Result of myproxy credential check:
  Credential exists on myproxy: username: b52ac606a6f7097e9b4b8f05a3a67cc69f8f291b  - validity: 27 days, 20:23:53
  Credential exists on myproxy: username: yian_CRAB  - validity: 27 days, 20:24:05
DEBUG 2021-09-14 14:37:50.015 UTC: 	 Command use: status
DEBUG 2021-09-14 14:37:50.015 UTC: 	 Options use: ['-d', 'crab2018/crab_TGJets_TuneCP5_13TeV-amcatnlo-madspin-pythia8_2018']
DEBUG 2021-09-14 14:37:50.107 UTC: 	 CRABClient version: v3.210825
DEBUG 2021-09-14 14:37:50.107 UTC: 	 Instance is prod
DEBUG 2021-09-14 14:37:50.107 UTC: 	 Server base url is cmsweb.cern.ch
DEBUG 2021-09-14 14:37:50.107 UTC: 	 Command api workflow
DEBUG 2021-09-14 14:37:50.166 UTC: 	 Got information from server oracle database: {u'result': [u'210911_101859:yian_crab_TGJets_TuneCP5_13TeV-amcatnlo-madspin-pythia8_2018', u'None', u'None', u'SUBMITTED', u'SUBMIT', u'2021-09-11 10:18:59.561252', u'None', u'2021-09-11 10:20:33.328788', u'None', u'CMSSW_10_6_20', u'slc7_amd64_gcc820', u'/TGJets_TuneCP5_13TeV-amcatnlo-madspin-pythia8/RunIISummer19UL18NanoAODv2-106X_upgrade2018_realistic_v15_L1v1-v1/NANOAODSIM', u'T', u'0', u"[u'T2_US_UCSD', u'T2_US_Wisconsin', u'T2_US_MIT', u'T2_US_Caltech', u'T2_US_Purdue', u'T2_US_Nebraska']", u'[]', u'FileBased', u"{'splitOnRun': False, 'halt_job_on_file_boundaries': False, 'files_per_job': 1, 'runs': [], 'lumis': []}", u'ce4024b067767c0af918e51c87b31628855166e163a541c120405109f27fbcb5.tar.gz', u'https://cmsweb.cern.ch/S3/crabcache_prod', u'yian', u'/DC=ch/DC=cern/OU=Organic Units/OU=Users/CN=yian/CN=826694/CN=Ying An', u'cms', u'None', u'None', u'TGJets_TuneCP5_13TeV-amcatnlo-madspin-pythia8_2018-00000000000000000000000000000000', u'F', u'T3_CH_CERNBOX', u'https://cmsweb.cern.ch/dbs/prod/global/DBSReader', u'https://cmsweb.cern.ch/dbs/prod/phys03/DBSWriter', u'F', u'[]', u'[]', u"[b'tree.root']", u'Analysis', u'pythia', u'None', u'{}', u'[]', u'F', u'crab-prod-tw01', u'[]', u'1250', u'1', u'2000', u'10', u"['/TGJets_TuneCP5_13TeV-amcatnlo-madspin-pythia8/yian-TGJets_TuneCP5_13TeV-amcatnlo-madspin-pythia8_2018-79132d624dd3520ee2a7d08026bbccfc/USER']", u'[]', u'http://vocms0122.cern.ch/mon/cms1407/210911_101859:yian_crab_TGJets_TuneCP5_13TeV-amcatnlo-madspin-pythia8_2018', u'WWG_crab_script.sh', u"[b'isdata=MC', b'year=2018', b'era=A']", u'[]', u'https://cmsweb.cern.ch/crabserver/prod', u'cmsgwms-collector-global.cern.ch:9620,cmsgwms-collector-global.fnal.gov:9620', u'crab3@vocms0122.cern.ch', u'F', u'[]', u'T', u'/store/user/yian/', u'T', u'None', u'F', u'None', u'TGJets_TuneCP5_13TeV-amcatnlo-madspin-pythia8', u'None', u'd06474815f9f6a20931f9da7b499a00a71f4c7bc803ea0c8fe965c65bdf4465a.tar.gz', u'74539158', u'filetransfers', u'F', u'188.184.98.213', u'0.0', u'None'], u'desc': {u'columns': [u'tm_taskname', u'tm_activity', u'panda_jobset_id', u'tm_task_status', u'tm_task_command', u'tm_start_time', u'tm_start_injection', u'tm_end_injection', u'tm_task_failure', u'tm_job_sw', u'tm_job_arch', u'tm_input_dataset', u'tm_nonvalid_input_dataset', u'tm_use_parent', u'tm_site_whitelist', u'tm_site_blacklist', u'tm_split_algo', u'tm_split_args', u'tm_user_sandbox', u'tm_cache_url', u'tm_username', u'tm_user_dn', u'tm_user_vo', u'tm_user_role', u'tm_user_group', u'tm_publish_name', u'tm_publish_groupname', u'tm_asyncdest', u'tm_dbs_url', u'tm_publish_dbs_url', u'tm_publication', u'tm_outfiles', u'tm_tfile_outfiles', u'tm_edm_outfiles', u'tm_job_type', u'tm_generator', u'tm_events_per_lumi', u'tm_arguments', u'panda_resubmitted_jobs', u'tm_save_logs', u'tw_name', u'tm_user_infiles', u'tm_maxjobruntime', u'tm_numcores', u'tm_maxmemory', u'tm_priority', u'tm_output_dataset', u'tm_task_warnings', u'tm_user_webdir', u'tm_scriptexe', u'tm_scriptargs', u'tm_extrajdl', u'tm_asourl', u'tm_collector', u'tm_schedd', u'tm_dry_run', u'tm_user_files', u'tm_transfer_outputs', u'tm_output_lfn', u'tm_ignore_locality', u'tm_fail_limit', u'tm_one_event_mode', u'tm_secondary_input_dataset', u'tm_primary_dataset', u'tm_last_publication', u'tm_debug_files', u'clusterid', u'tm_asodb', u'tm_ignore_global_blacklist', u'tm_submitter_ip_addr', u'tm_totalunits', u'tm_ddm_reqid']}}
INFO 2021-09-14 14:37:50.166 UTC: 	 CRAB project directory:		/afs/cern.ch/work/y/yian/work/GZ/CMSSW_10_6_20/src/PhysicsTools/NanoAODTools/WWG/2018/crab/crab2018/crab_TGJets_TuneCP5_13TeV-amcatnlo-madspin-pythia8_2018
INFO 2021-09-14 14:37:50.166 UTC: 	 Task name:			210911_101859:yian_crab_TGJets_TuneCP5_13TeV-amcatnlo-madspin-pythia8_2018
INFO 2021-09-14 14:37:50.166 UTC: 	 Grid scheduler - Task Worker:	crab3@vocms0122.cern.ch - crab-prod-tw01
INFO 2021-09-14 14:37:50.166 UTC: 	 Status on the CRAB server:	SUBMITTED
INFO 2021-09-14 14:37:50.167 UTC: 	 Task URL to use for HELP:	https://cmsweb.cern.ch/crabserver/ui/task/210911_101859%3Ayian_crab_TGJets_TuneCP5_13TeV-amcatnlo-madspin-pythia8_2018
INFO 2021-09-14 14:37:50.172 UTC: 	 Dashboard monitoring URL:	https://monit-grafana.cern.ch/d/cmsTMDetail/cms-task-monitoring-task-view?orgId=11&var-user=yian&var-task=210911_101859%3Ayian_crab_TGJets_TuneCP5_13TeV-amcatnlo-madspin-pythia8_2018&from=1631351939000&to=now
DEBUG 2021-09-14 14:37:50.172 UTC: 	 The CRAB server submitted your task to the Grid scheduler (cluster ID: 74539158)
DEBUG 2021-09-14 14:37:50.172 UTC: 	 Webdir is located at http://vocms0122.cern.ch/mon/cms1407/210911_101859:yian_crab_TGJets_TuneCP5_13TeV-amcatnlo-madspin-pythia8_2018
DEBUG 2021-09-14 14:37:50.283 UTC: 	 Proxied webdir is located at https://cmsweb.cern.ch:8443/scheddmon/0122/cms1407/210911_101859:yian_crab_TGJets_TuneCP5_13TeV-amcatnlo-madspin-pythia8_2018
DEBUG 2021-09-14 14:37:50.283 UTC: 	 Retrieving 'status_cache' file from https://cmsweb.cern.ch:8443/scheddmon/0122/cms1407/210911_101859:yian_crab_TGJets_TuneCP5_13TeV-amcatnlo-madspin-pythia8_2018/status_cache
DEBUG 2021-09-14 14:37:50.380 UTC: 	 Got information from status cache file: {'1': {'Retries': 0, 'WallDurations': [8.0, 5115.0], 'StartTimes': [1631355709.0], 'SubmitTimes': [1631355638.0], 'JobIds': ['74539160.0'], 'EndTimes': [1631360824.0], 'Restarts': 0, 'RecordedSite': True, 'State': 'finished', 'ResidentSetSize': [812524], 'TotalUserCpuTimeHistory': [1153], 'SiteHistory': ['T2_US_MIT', 'T2_US_MIT'], 'TotalSysCpuTimeHistory': [80]}, '3': {'Retries': 1, 'WallDurations': [0, 17750.0, 8.0, 32891.0], 'StartTimes': [1631355697.0, 1631375530.0], 'SubmitTimes': [1631355638.0, 1631375322.0], 'JobIds': ['74539161.0', '74545417.0'], 'EndTimes': [1631373447.0, 1631408421.0], 'Restarts': 0, 'RecordedSite': True, 'State': 'finished', 'ResidentSetSize': [794996, 999560], 'TotalUserCpuTimeHistory': [3670, 7619], 'SiteHistory': ['T2_US_MIT', 'T2_US_MIT', 'T2_US_Caltech', 'T2_US_Caltech'], 'TotalSysCpuTimeHistory': [284, 412]}, '2': {'Retries': 0, 'WallDurations': [0, 3258.0], 'StartTimes': [1631355697.0], 'SubmitTimes': [1631355638.0], 'JobIds': ['74539162.0'], 'EndTimes': [1631358955.0], 'Restarts': 0, 'RecordedSite': True, 'State': 'finished', 'ResidentSetSize': [724916], 'TotalUserCpuTimeHistory': [633], 'SiteHistory': ['T2_US_MIT', 'T2_US_MIT'], 'TotalSysCpuTimeHistory': [51]}, '5': {'Retries': 0, 'WallDurations': [0, 2629.0], 'StartTimes': [1631355696.0], 'SubmitTimes': [1631355638.0], 'JobIds': ['74539164.0'], 'EndTimes': [1631358325.0], 'Restarts': 0, 'RecordedSite': True, 'State': 'finished', 'ResidentSetSize': [805176], 'TotalUserCpuTimeHistory': [2253], 'SiteHistory': ['T2_US_MIT', 'T2_US_MIT'], 'TotalSysCpuTimeHistory': [259]}, '4': {'Retries': 0, 'WallDurations': [8.0, 17025.0, 0, 26466.0], 'StartTimes': [1631355699.0, 1631372920.0], 'SubmitTimes': [1631355638.0, -1], 'JobIds': ['74539163.0', '74539163.0'], 'EndTimes': [1631372724.0, 1631399386.0], 'Restarts': 1, 'RecordedSite': True, 'State': 'finished', 'ResidentSetSize': [837072, 1000000], 'TotalUserCpuTimeHistory': [3618.0, 9894], 'SiteHistory': ['T2_US_MIT', 'T2_US_MIT', 'Unknown', 'T2_US_MIT'], 'TotalSysCpuTimeHistory': [303.0, 973]}}
INFO 2021-09-14 14:37:50.380 UTC: 	 Status on the scheduler:	COMPLETED
INFO 2021-09-14 14:37:50.380 UTC: 	 
Jobs status:                    finished     		100.0% (5/5)
INFO 2021-09-14 14:37:50.380 UTC: 	 
No publication information (publication has been disabled in the CRAB configuration file)
INFO 2021-09-14 14:37:50.381 UTC: 	 
Warning: the average jobs CPU efficiency is less than 50%, please consider to improve the jobs splitting (e.g. config.Data.splitting = 'Automatic') in a new task
INFO 2021-09-14 14:37:50.381 UTC: 	 
Summary of run jobs:
 * Memory: 793MB min, 976MB max, 848MB ave
 * Runtime: 0:43:49 min, 9:08:11 max, 3:54:31 ave
 * CPU eff: 21% min, 96% max, 33% ave
 * Waste: 9:39:59 (33% of total)

INFO 2021-09-14 14:37:50.413 UTC: 	 Log file is /afs/cern.ch/work/y/yian/work/GZ/CMSSW_10_6_20/src/PhysicsTools/NanoAODTools/WWG/2018/crab/crab2018/crab_TGJets_TuneCP5_13TeV-amcatnlo-madspin-pythia8_2018/crab.log
