DEBUG 2021-11-17 16:58:31.880 UTC: 	 CRAB Client version: v3.210825
DEBUG 2021-11-17 16:58:31.881 UTC: 	 Running on: Linux lxplus722.cern.ch 3.10.0-1160.45.1.el7.x86_64 #1 SMP Wed Oct 13 17:20:51 UTC 2021 x86_64 x86_64 x86_64 GNU/Linux - CentOS Linux 7 (Core)
DEBUG 2021-11-17 16:58:31.881 UTC: 	 Executing command: 'submit'
DEBUG 2021-11-17 16:58:31.883 UTC: 	 Found CRAB cache file /afs/cern.ch/user/y/yian/.crab3
INFO 2021-11-17 16:58:31.886 UTC: 	 Will use CRAB configuration file crabcode_2016/TTJets_TuneCP5_13TeV-amcatnloFXFX-pythia8_2016_cfg.py
DEBUG 2021-11-17 16:58:31.886 UTC: 	 Loading CRAB configuration file.
DEBUG 2021-11-17 16:58:31.892 UTC: 	 Will use CRAB Analysis plugin (i.e. will run an analysis job type).
DEBUG 2021-11-17 16:58:31.917 UTC: 	 Checking credentials
DEBUG 2021-11-17 16:58:31.917 UTC: 	 Found proxy file /tmp/x509up_u110046
DEBUG 2021-11-17 16:58:31.917 UTC: 	 Getting proxy life time left
DEBUG 2021-11-17 16:58:32.624 UTC: 	 Executing : 
 command : voms-proxy-info -file /tmp/x509up_u110046 -timeleft
 output : 595240

 error: 
 retcode : 0
DEBUG 2021-11-17 16:58:33.330 UTC: 	 Executing : 
 command : voms-proxy-info -file /tmp/x509up_u110046 -actimeleft
 output : 595239

 error: 
 retcode : 0
DEBUG 2021-11-17 16:58:33.331 UTC: 	 Proxy lifetime 595240 secs is different from voms extension lifetime 595239 secs for proxy: /tmp/x509up_u110046
DEBUG 2021-11-17 16:58:33.331 UTC: 	 Proxy valid for 165:20:39 hours
DEBUG 2021-11-17 16:58:34.038 UTC: 	 Executing : 
 command : env X509_USER_PROXY=/tmp/x509up_u110046 voms-proxy-info -fqan
 output : /cms/Role=NULL/Capability=NULL

 error: 
 retcode : 0
DEBUG 2021-11-17 16:58:34.125 UTC: 	 Registering user credentials for server /DC=ch/DC=cern/OU=computers/CN=crab-(preprod|prod|dev)-tw(02|01).cern.ch|/DC=ch/DC=cern/OU=computers/CN=stefanov(m|m2).cern.ch|/DC=ch/DC=cern/OU=computers/CN=dciangot-tw.cern.ch
DEBUG 2021-11-17 16:58:34.842 UTC: 	 Executing : 
 command : voms-proxy-info -file /tmp/x509up_u110046 -identity
 output : /DC=ch/DC=cern/OU=Organic Units/OU=Users/CN=yian/CN=826694/CN=Ying An

 error: 
 retcode : 0
DEBUG 2021-11-17 16:58:34.850 UTC: 	 Getting myproxy life time left for myproxy.cern.ch
DEBUG 2021-11-17 16:58:34.850 UTC: 	 using b52ac606a6f7097e9b4b8f05a3a67cc69f8f291b as credential login name
DEBUG 2021-11-17 16:58:35.256 UTC: 	 Executing : 
 command : myproxy-info -l b52ac606a6f7097e9b4b8f05a3a67cc69f8f291b -s myproxy.cern.ch
 output : username: b52ac606a6f7097e9b4b8f05a3a67cc69f8f291b
owner: /DC=ch/DC=cern/OU=Organic Units/OU=Users/CN=yian/CN=826694/CN=Ying An
  renewal policy: /DC=ch/DC=cern/OU=computers/CN=crab-(preprod|prod|dev)-tw(02|01).cern.ch|/DC=ch/DC=cern/OU=computers/CN=stefanov(m|m2).cern.ch|/DC=ch/DC=cern/OU=computers/CN=dciangot-tw.cern.ch
  trusted retrieval policy: /DC=ch/DC=cern/OU=computers/CN=crab-(preprod|prod|dev)-tw(02|01).cern.ch|/DC=ch/DC=cern/OU=computers/CN=stefanov(m|m2).cern.ch|/DC=ch/DC=cern/OU=computers/CN=dciangot-tw.cern.ch
  timeleft: 495:51:55  (20.7 days)

 error: 
 retcode : 0
DEBUG 2021-11-17 16:58:35.257 UTC: 	 Myproxy is valid: 1785115
DEBUG 2021-11-17 16:58:35.257 UTC: 	 Retrieving username ...
DEBUG 2021-11-17 16:58:35.257 UTC: 	 Retrieving username from CRIC...
DEBUG 2021-11-17 16:58:36.830 UTC: 	 username is yian
DEBUG 2021-11-17 16:58:36.838 UTC: 	 Getting myproxy life time left for myproxy.cern.ch
DEBUG 2021-11-17 16:58:36.838 UTC: 	 using yian_CRAB as credential login name
DEBUG 2021-11-17 16:58:37.145 UTC: 	 Executing : 
 command : myproxy-info -l yian_CRAB -s myproxy.cern.ch
 output : username: yian_CRAB
owner: /DC=ch/DC=cern/OU=Organic Units/OU=Users/CN=yian/CN=826694/CN=Ying An
  renewal policy: /DC=ch/DC=cern/OU=computers/CN=crab-(preprod|prod|dev)-tw(02|01).cern.ch|/DC=ch/DC=cern/OU=computers/CN=stefanov(m|m2).cern.ch|/DC=ch/DC=cern/OU=computers/CN=dciangot-tw.cern.ch
  trusted retrieval policy: /DC=ch/DC=cern/OU=computers/CN=crab-(preprod|prod|dev)-tw(02|01).cern.ch|/DC=ch/DC=cern/OU=computers/CN=stefanov(m|m2).cern.ch|/DC=ch/DC=cern/OU=computers/CN=dciangot-tw.cern.ch
  timeleft: 495:51:59  (20.7 days)

 error: 
 retcode : 0
DEBUG 2021-11-17 16:58:37.145 UTC: 	 Myproxy is valid: 1785119
DEBUG 2021-11-17 16:58:37.146 UTC: 	 Result of myproxy credential check:
  Credential exists on myproxy: username: b52ac606a6f7097e9b4b8f05a3a67cc69f8f291b  - validity: 20 days, 15:51:55
  Credential exists on myproxy: username: yian_CRAB  - validity: 20 days, 15:51:59
DEBUG 2021-11-17 16:58:37.146 UTC: 	 Command use: submit
DEBUG 2021-11-17 16:58:37.146 UTC: 	 Options use: ['-c', 'crabcode_2016/TTJets_TuneCP5_13TeV-amcatnloFXFX-pythia8_2016_cfg.py']
DEBUG 2021-11-17 16:58:37.229 UTC: 	 CRABClient version: v3.210825
DEBUG 2021-11-17 16:58:37.229 UTC: 	 Instance is prod
DEBUG 2021-11-17 16:58:37.229 UTC: 	 Server base url is cmsweb.cern.ch
DEBUG 2021-11-17 16:58:37.229 UTC: 	 Command api workflow
DEBUG 2021-11-17 16:58:37.229 UTC: 	 Started submission
DEBUG 2021-11-17 16:58:37.229 UTC: 	 Working on /afs/cern.ch/work/y/yian/work/GZ/CMSSW_10_6_20/src/PhysicsTools/NanoAODTools/WWG/2016post/crab/crab2016/crab_TTJets_TuneCP5_13TeV-amcatnloFXFX-pythia8_2016
DEBUG 2021-11-17 16:58:37.389 UTC: 	 Loading required information from the environment
DEBUG 2021-11-17 16:58:37.389 UTC: 	 Found CMSSW_10_6_20 for slc7_amd64_gcc820 with base /afs/cern.ch/work/y/yian/work/GZ/CMSSW_10_6_20
DEBUG 2021-11-17 16:58:37.389 UTC: 	 Loading required information from the environment
DEBUG 2021-11-17 16:58:37.389 UTC: 	 Found CMSSW_10_6_20 for slc7_amd64_gcc820 with base /afs/cern.ch/work/y/yian/work/GZ/CMSSW_10_6_20
DEBUG 2021-11-17 16:58:37.389 UTC: 	 UNIQUE NAME: tarUUID 5db100c4-d9d3-4e95-8226-3a6ddbd2d3b2 
DEBUG 2021-11-17 16:58:37.390 UTC: 	 self.config: from WMCore.Configuration import Configuration
config = Configuration()
config.section_('General')
config.General.workArea = 'crab2016'
config.General.transferLogs = False
config.General.requestName = 'TTJets_TuneCP5_13TeV-amcatnloFXFX-pythia8_2016'
config.section_('JobType')
config.JobType.scriptArgs = ['isdata=MC', 'year=2016', 'era=B']
config.JobType.scriptExe = './WWG_crab_script.sh'
config.JobType.pluginName = 'Analysis'
config.JobType.sendPythonFolder = True
config.JobType.allowUndistributedCMSSW = True
config.JobType.psetName = 'PSet.py'
config.JobType.inputFiles = ['../../../scripts/haddnano.py', '../WWG_selector/WWG_postproc.py', '../WWG_selector/WWG_Module.py', '../WWG_selector/WWG_keep_and_drop.txt', '../WWG_selector/WWG_output_branch.txt', '../WWG_selector/DAS_filesearch.py']
config.section_('Data')
config.Data.inputDataset = '/TTJets_TuneCP5_13TeV-amcatnloFXFX-pythia8/RunIISummer20UL16NanoAODv2-106X_mcRun2_asymptotic_v15-v1/NANOAODSIM'
config.Data.allowNonValidInputDataset = True
config.Data.publication = False
config.Data.unitsPerJob = 1
config.Data.ignoreLocality = True
config.Data.inputDBS = 'global'
config.Data.splitting = 'FileBased'
config.Data.outputDatasetTag = 'TTJets_TuneCP5_13TeV-amcatnloFXFX-pythia8_2016'
config.section_('Site')
config.Site.whitelist = ['T2_US_MIT', 'T2_US_Wisconsin', 'T2_US_Purdue', 'T2_US_UCSD', 'T2_US_Caltech', 'T2_US_Nebraska']
config.Site.storageSite = 'T3_CH_CERNBOX'

DEBUG 2021-11-17 16:58:37.390 UTC: 	 self.config.JobType.psetName: PSet.py
INFO 2021-11-17 16:58:37.390 UTC: 	 Importing CMSSW configuration PSet.py
INFO 2021-11-17 16:58:37.838 UTC: 	 Finished importing CMSSW configuration PSet.py
DEBUG 2021-11-17 16:58:37.838 UTC: 	 Writing CMSSW configuration to /afs/cern.ch/work/y/yian/work/GZ/CMSSW_10_6_20/src/PhysicsTools/NanoAODTools/WWG/2016post/crab/crab2016/crab_TTJets_TuneCP5_13TeV-amcatnloFXFX-pythia8_2016/inputs/PSet.py
DEBUG 2021-11-17 16:58:37.849 UTC: 	 The following EDM output files will be collected: ['tree.root']
DEBUG 2021-11-17 16:58:37.849 UTC: 	 The following TFile output files will be collected: []
DEBUG 2021-11-17 16:58:37.849 UTC: 	 The following user output files (not listed as PoolOuputModule or TFileService in the CMSSW PSet) will be collected: 
DEBUG 2021-11-17 16:58:37.850 UTC: 	 Loading required information from the environment
DEBUG 2021-11-17 16:58:37.850 UTC: 	 Found CMSSW_10_6_20 for slc7_amd64_gcc820 with base /afs/cern.ch/work/y/yian/work/GZ/CMSSW_10_6_20
DEBUG 2021-11-17 16:58:37.850 UTC: 	 Making tarball in /afs/cern.ch/work/y/yian/work/GZ/CMSSW_10_6_20/src/PhysicsTools/NanoAODTools/WWG/2016post/crab/crab2016/crab_TTJets_TuneCP5_13TeV-amcatnloFXFX-pythia8_2016/inputs/5db100c4-d9d3-4e95-8226-3a6ddbd2d3b2default.tgz
DEBUG 2021-11-17 16:58:37.852 UTC: 	 Checking directory /afs/cern.ch/work/y/yian/work/GZ/CMSSW_10_6_20/lib
DEBUG 2021-11-17 16:58:37.852 UTC: 	 Adding directory /afs/cern.ch/work/y/yian/work/GZ/CMSSW_10_6_20/lib to tarball
DEBUG 2021-11-17 16:58:37.982 UTC: 	 Checking directory /afs/cern.ch/work/y/yian/work/GZ/CMSSW_10_6_20/biglib
DEBUG 2021-11-17 16:58:37.982 UTC: 	 Adding directory /afs/cern.ch/work/y/yian/work/GZ/CMSSW_10_6_20/biglib to tarball
DEBUG 2021-11-17 16:58:37.984 UTC: 	 Checking directory /afs/cern.ch/work/y/yian/work/GZ/CMSSW_10_6_20/module
DEBUG 2021-11-17 16:58:37.984 UTC: 	 Checking directory /afs/cern.ch/work/y/yian/work/GZ/CMSSW_10_6_20/python
DEBUG 2021-11-17 16:58:37.984 UTC: 	 Adding directory /afs/cern.ch/work/y/yian/work/GZ/CMSSW_10_6_20/python to tarball
DEBUG 2021-11-17 16:58:40.528 UTC: 	 Checking directory /afs/cern.ch/work/y/yian/work/GZ/CMSSW_10_6_20/cfipython
DEBUG 2021-11-17 16:58:40.528 UTC: 	 Adding directory /afs/cern.ch/work/y/yian/work/GZ/CMSSW_10_6_20/cfipython to tarball
DEBUG 2021-11-17 16:58:41.275 UTC: 	 Adding data directory /afs/cern.ch/work/y/yian/work/GZ/CMSSW_10_6_20/src/PhysicsTools/NanoAODTools/data to tarball
DEBUG 2021-11-17 16:59:03.303 UTC: 	 Adding data directory /afs/cern.ch/work/y/yian/work/GZ/CMSSW_10_6_20/src/PhysicsTools/NanoAODTools/interface to tarball
DEBUG 2021-11-17 16:59:03.308 UTC: 	 Adding data directory /afs/cern.ch/work/y/yian/work/GZ/CMSSW_10_6_20/src/PhysicsTools/NanoAODTools/python/postprocessing/data to tarball
DEBUG 2021-11-17 16:59:05.788 UTC: 	 Adding file ../../../scripts/haddnano.py to tarball
DEBUG 2021-11-17 16:59:05.789 UTC: 	 Adding file ../WWG_selector/WWG_postproc.py to tarball
DEBUG 2021-11-17 16:59:05.789 UTC: 	 Adding file ../WWG_selector/WWG_Module.py to tarball
DEBUG 2021-11-17 16:59:05.790 UTC: 	 Adding file ../WWG_selector/WWG_keep_and_drop.txt to tarball
DEBUG 2021-11-17 16:59:05.790 UTC: 	 Adding file ../WWG_selector/WWG_output_branch.txt to tarball
DEBUG 2021-11-17 16:59:05.791 UTC: 	 Adding file ../WWG_selector/DAS_filesearch.py to tarball
DEBUG 2021-11-17 16:59:10.636 UTC: 	 Uploading archive /afs/cern.ch/work/y/yian/work/GZ/CMSSW_10_6_20/src/PhysicsTools/NanoAODTools/WWG/2016post/crab/crab2016/crab_TTJets_TuneCP5_13TeV-amcatnloFXFX-pythia8_2016/inputs/5db100c4-d9d3-4e95-8226-3a6ddbd2d3b2default.tgz (94 MB) to the CRAB cache. Using URI https://cmsweb.cern.ch/S3/crabcache_prod
DEBUG 2021-11-17 16:59:35.001 UTC: 	 sandbox bd736a0ca49dfa0dfab96903bb1581d6622ba6889f2fdcbb1b931bf047ceb81a.tar.gz is already in the S3 store, will not upload again
DEBUG 2021-11-17 16:59:35.002 UTC: 	 Loading required information from the environment
DEBUG 2021-11-17 16:59:35.002 UTC: 	 Found CMSSW_10_6_20 for slc7_amd64_gcc820 with base /afs/cern.ch/work/y/yian/work/GZ/CMSSW_10_6_20
DEBUG 2021-11-17 16:59:35.002 UTC: 	 Making tarball in /afs/cern.ch/work/y/yian/work/GZ/CMSSW_10_6_20/src/PhysicsTools/NanoAODTools/WWG/2016post/crab/crab2016/crab_TTJets_TuneCP5_13TeV-amcatnloFXFX-pythia8_2016/inputs/debugFiles.tgz
DEBUG 2021-11-17 16:59:35.010 UTC: 	 Uploading archive /afs/cern.ch/work/y/yian/work/GZ/CMSSW_10_6_20/src/PhysicsTools/NanoAODTools/WWG/2016post/crab/crab2016/crab_TTJets_TuneCP5_13TeV-amcatnloFXFX-pythia8_2016/inputs/debugFiles.tgz (1 KB) to the CRAB cache. Using URI https://cmsweb.cern.ch/S3/crabcache_prod
DEBUG 2021-11-17 16:59:35.088 UTC: 	 Will execute:
curl -f -v -X POST  -H "User-Agent: CRAB" -F "key=yian/sandboxes/0a30ab82820d8230f197c192c674a458d6ad49190e7196e36fa92c9c580a4530.tar.gz" -F "AWSAccessKeyId=ab00fcc889f248c495d2875f15a3badb" -F "policy=eyJjb25kaXRpb25zIjogW3siYnVja2V0IjogImNyYWJjYWNoZV9wcm9kIn0sIHsia2V5IjogInlpYW4vc2FuZGJveGVzLzBhMzBhYjgyODIwZDgyMzBmMTk3YzE5MmM2NzRhNDU4ZDZhZDQ5MTkwZTcxOTZlMzZmYTkyYzljNTgwYTQ1MzAudGFyLmd6In1dLCAiZXhwaXJhdGlvbiI6ICIyMDIxLTExLTE3VDE3OjU5OjM1WiJ9" -F "signature=Jef1f5omCVVkOtN15m3gZjFPBAg=" -F "file=@/afs/cern.ch/work/y/yian/work/GZ/CMSSW_10_6_20/src/PhysicsTools/NanoAODTools/WWG/2016post/crab/crab2016/crab_TTJets_TuneCP5_13TeV-amcatnloFXFX-pythia8_2016/inputs/debugFiles.tgz" "https://s3.cern.ch/crabcache_prod"
DEBUG 2021-11-17 16:59:36.194 UTC: 	 exitcode: 0
stdout: 
stderr: Note: Unnecessary use of -X or --request, POST is already inferred.
  % Total    % Received % Xferd  Average Speed   Time    Time     Time  Current
                                 Dload  Upload   Total   Spent    Left  Speed
  0     0    0     0    0     0      0      0 --:--:-- --:--:-- --:--:--     0*   Trying 2001:1458:d00:18::390...
* TCP_NODELAY set
* Connected to s3.cern.ch (2001:1458:d00:18::390) port 443 (#0)
* ALPN, offering http/1.1
* Cipher selection: ALL:!EXPORT:!EXPORT40:!EXPORT56:!aNULL:!LOW:!RC4:@STRENGTH
* successfully set certificate verify locations:
  CAfile: /etc/pki/tls/certs/ca-bundle.crt
  CApath: none
* TLSv1.2 (OUT), TLS header, Certificate Status (22):
} [5 bytes data]
* TLSv1.2 (OUT), TLS handshake, Client hello (1):
} [512 bytes data]
* TLSv1.2 (IN), TLS handshake, Server hello (2):
{ [70 bytes data]
* TLSv1.2 (IN), TLS handshake, Certificate (11):
{ [4780 bytes data]
* TLSv1.2 (IN), TLS handshake, Server key exchange (12):
{ [333 bytes data]
* TLSv1.2 (IN), TLS handshake, Server finished (14):
{ [4 bytes data]
* TLSv1.2 (OUT), TLS handshake, Client key exchange (16):
} [70 bytes data]
* TLSv1.2 (OUT), TLS change cipher, Client hello (1):
} [1 bytes data]
* TLSv1.2 (OUT), TLS handshake, Finished (20):
} [16 bytes data]
* TLSv1.2 (IN), TLS change cipher, Client hello (1):
{ [1 bytes data]
* TLSv1.2 (IN), TLS handshake, Finished (20):
{ [16 bytes data]
* SSL connection using TLSv1.2 / ECDHE-RSA-AES128-GCM-SHA256
* ALPN, server accepted to use http/1.1
* Server certificate:
*  subject: C=CH; ST=Genève; L=Meyrin; O=Organisation européenne pour la Recherche nucléaire (CERN); CN=*.s3.cern.ch
*  start date: Mar 10 00:00:00 2021 GMT
*  expire date: Mar 10 23:59:59 2022 GMT
*  subjectAltName: host "s3.cern.ch" matched cert's "s3.cern.ch"
*  issuer: C=GB; ST=Greater Manchester; L=Salford; O=Sectigo Limited; CN=Sectigo RSA Organization Validation Secure Server CA
*  SSL certificate verify ok.
} [5 bytes data]
> POST /crabcache_prod HTTP/1.1
> Host: s3.cern.ch
> Accept: */*
> User-Agent: CRAB
> Content-Length: 2767
> Content-Type: multipart/form-data; boundary=------------------------5d3992f2534303df
> Expect: 100-continue
> 
{ [5 bytes data]
< HTTP/1.1 100 Continue
  0  2767    0     0    0     0      0      0 --:--:--  0:00:01 --:--:--     0} [5 bytes data]
< HTTP/1.1 204 No Content
< Accept-Ranges: bytes
< Bucket: crabcache_prod
< Date: Wed, 17 Nov 2021 16:59:36 GMT
< X-Amz-Request-Id: tx000000000000005958448-00619534f7-1e4f6b7d-default
< 
100  2767    0     0  100  2767      0   2676  0:00:01  0:00:01 --:--:--  2676
* Connection #0 to host s3.cern.ch left intact

DEBUG 2021-11-17 16:59:36.194 UTC: 	 sandbox /afs/cern.ch/work/y/yian/work/GZ/CMSSW_10_6_20/src/PhysicsTools/NanoAODTools/WWG/2016post/crab/crab2016/crab_TTJets_TuneCP5_13TeV-amcatnloFXFX-pythia8_2016/inputs/debugFiles.tgz successully uploaded to S3
DEBUG 2021-11-17 16:59:36.194 UTC: 	 Result uploading input files: bd736a0ca49dfa0dfab96903bb1581d6622ba6889f2fdcbb1b931bf047ceb81a.tar.gz 
INFO 2021-11-17 16:59:36.195 UTC: 	 Sending the request to the server at cmsweb.cern.ch
DEBUG 2021-11-17 16:59:36.195 UTC: 	 Submitting {'maxjobruntime': 1250, 'extrajdl': [], 'ignorelocality': 1, 'savelogsflag': 0, 'useparent': 0, 'scriptexe': 'WWG_crab_script.sh', 'asyncdest': 'T3_CH_CERNBOX', 'algoargs': 1, 'cachefilename': 'bd736a0ca49dfa0dfab96903bb1581d6622ba6889f2fdcbb1b931bf047ceb81a.tar.gz', 'numcores': 1, 'addoutputfiles': [], 'generator': 'pythia', 'maxmemory': 2000, 'publishdbsurl': 'https://cmsweb.cern.ch/dbs/prod/phys03/DBSWriter', 'priority': 10, 'jobsw': 'CMSSW_10_6_20', 'edmoutfiles': ['tree.root'], 'userfiles': [], 'primarydataset': '', 'inputdata': '/TTJets_TuneCP5_13TeV-amcatnloFXFX-pythia8/RunIISummer20UL16NanoAODv2-106X_mcRun2_asymptotic_v15-v1/NANOAODSIM', 'dryrun': 0, 'workflow': 'crab_TTJets_TuneCP5_13TeV-amcatnloFXFX-pythia8_2016', 'scriptargs': ['isdata=MC', 'year=2016', 'era=B'], 'sitewhitelist': ['T2_US_MIT', 'T2_US_Wisconsin', 'T2_US_Purdue', 'T2_US_UCSD', 'T2_US_Caltech', 'T2_US_Nebraska'], 'nonprodsw': 1, 'tfileoutfiles': [], 'oneEventMode': 0, 'debugfilename': '0a30ab82820d8230f197c192c674a458d6ad49190e7196e36fa92c9c580a4530.tar.gz', 'cacheurl': u'https://cmsweb.cern.ch/S3/crabcache_prod', 'saveoutput': 1, 'publication': 0, 'jobarch': 'slc7_amd64_gcc820', 'totalunits': 0, 'splitalgo': 'FileBased', 'ignoreglobalblacklist': 0, 'nonvaliddata': 1, 'dbsurl': 'https://cmsweb.cern.ch/dbs/prod/global/DBSReader', 'publishgroupname': 0, 'jobtype': 'Analysis', 'publishname2': 'TTJets_TuneCP5_13TeV-amcatnloFXFX-pythia8_2016'} 
DEBUG 2021-11-17 16:59:36.195 UTC: 	 Encoded submit request: maxjobruntime=1250&ignorelocality=1&savelogsflag=0&useparent=0&scriptexe=WWG_crab_script.sh&asyncdest=T3_CH_CERNBOX&algoargs=1&cachefilename=bd736a0ca49dfa0dfab96903bb1581d6622ba6889f2fdcbb1b931bf047ceb81a.tar.gz&numcores=1&generator=pythia&maxmemory=2000&publishdbsurl=https%3A%2F%2Fcmsweb.cern.ch%2Fdbs%2Fprod%2Fphys03%2FDBSWriter&priority=10&jobsw=CMSSW_10_6_20&primarydataset=&inputdata=%2FTTJets_TuneCP5_13TeV-amcatnloFXFX-pythia8%2FRunIISummer20UL16NanoAODv2-106X_mcRun2_asymptotic_v15-v1%2FNANOAODSIM&dryrun=0&workflow=crab_TTJets_TuneCP5_13TeV-amcatnloFXFX-pythia8_2016&nonprodsw=1&oneEventMode=0&debugfilename=0a30ab82820d8230f197c192c674a458d6ad49190e7196e36fa92c9c580a4530.tar.gz&cacheurl=https%3A%2F%2Fcmsweb.cern.ch%2FS3%2Fcrabcache_prod&saveoutput=1&publication=0&jobarch=slc7_amd64_gcc820&totalunits=0&splitalgo=FileBased&ignoreglobalblacklist=0&nonvaliddata=1&dbsurl=https%3A%2F%2Fcmsweb.cern.ch%2Fdbs%2Fprod%2Fglobal%2FDBSReader&publishgroupname=0&jobtype=Analysis&publishname2=TTJets_TuneCP5_13TeV-amcatnloFXFX-pythia8_2016&sitewhitelist=T2_US_MIT&sitewhitelist=T2_US_Wisconsin&sitewhitelist=T2_US_Purdue&sitewhitelist=T2_US_UCSD&sitewhitelist=T2_US_Caltech&sitewhitelist=T2_US_Nebraska&edmoutfiles=tree.root&scriptargs=isdata%3DMC&scriptargs=year%3D2016&scriptargs=era%3DB
DEBUG 2021-11-17 16:59:36.253 UTC: 	 Result: {u'result': [{u'RequestName': u'211117_165936:yian_crab_TTJets_TuneCP5_13TeV-amcatnloFXFX-pythia8_2016'}]}
INFO 2021-11-17 16:59:36.256 UTC: 	 Success: Your task has been delivered to the prod CRAB3 server.
INFO 2021-11-17 16:59:36.257 UTC: 	 Task name: 211117_165936:yian_crab_TTJets_TuneCP5_13TeV-amcatnloFXFX-pythia8_2016
INFO 2021-11-17 16:59:36.257 UTC: 	 Project dir: crab2016/crab_TTJets_TuneCP5_13TeV-amcatnloFXFX-pythia8_2016
INFO 2021-11-17 16:59:36.257 UTC: 	 Please use ' crab status -d crab2016/crab_TTJets_TuneCP5_13TeV-amcatnloFXFX-pythia8_2016 ' to check how the submission process proceeds.
DEBUG 2021-11-17 16:59:36.257 UTC: 	 About to return
INFO 2021-11-17 16:59:36.260 UTC: 	 Log file is /afs/cern.ch/work/y/yian/work/GZ/CMSSW_10_6_20/src/PhysicsTools/NanoAODTools/WWG/2016post/crab/crab2016/crab_TTJets_TuneCP5_13TeV-amcatnloFXFX-pythia8_2016/crab.log
DEBUG 2021-11-18 09:21:50.810 UTC: 	 CRAB Client version: v3.210825
DEBUG 2021-11-18 09:21:50.811 UTC: 	 Running on: Linux lxplus794.cern.ch 3.10.0-1160.45.1.el7.x86_64 #1 SMP Wed Oct 13 17:20:51 UTC 2021 x86_64 x86_64 x86_64 GNU/Linux - CentOS Linux 7 (Core)
DEBUG 2021-11-18 09:21:50.811 UTC: 	 Executing command: 'status'
DEBUG 2021-11-18 09:21:50.811 UTC: 	 Found CRAB cache file /afs/cern.ch/user/y/yian/.crab3
DEBUG 2021-11-18 09:21:50.941 UTC: 	 Checking credentials
DEBUG 2021-11-18 09:21:50.941 UTC: 	 Found proxy file /tmp/x509up_u110046
DEBUG 2021-11-18 09:21:50.941 UTC: 	 Getting proxy life time left
DEBUG 2021-11-18 09:21:51.752 UTC: 	 Executing : 
 command : voms-proxy-info -file /tmp/x509up_u110046 -timeleft
 output : 595285

 error: 
 retcode : 0
DEBUG 2021-11-18 09:21:52.474 UTC: 	 Executing : 
 command : voms-proxy-info -file /tmp/x509up_u110046 -actimeleft
 output : 595284

 error: 
 retcode : 0
DEBUG 2021-11-18 09:21:52.474 UTC: 	 Proxy lifetime 595285 secs is different from voms extension lifetime 595284 secs for proxy: /tmp/x509up_u110046
DEBUG 2021-11-18 09:21:52.474 UTC: 	 Proxy valid for 165:21:24 hours
DEBUG 2021-11-18 09:21:52.526 UTC: 	 Registering user credentials for server /DC=ch/DC=cern/OU=computers/CN=crab-(preprod|prod|dev)-tw(02|01).cern.ch|/DC=ch/DC=cern/OU=computers/CN=stefanov(m|m2).cern.ch|/DC=ch/DC=cern/OU=computers/CN=dciangot-tw.cern.ch
DEBUG 2021-11-18 09:21:53.243 UTC: 	 Executing : 
 command : voms-proxy-info -file /tmp/x509up_u110046 -identity
 output : /DC=ch/DC=cern/OU=Organic Units/OU=Users/CN=yian/CN=826694/CN=Ying An

 error: 
 retcode : 0
DEBUG 2021-11-18 09:21:53.251 UTC: 	 Getting myproxy life time left for myproxy.cern.ch
DEBUG 2021-11-18 09:21:53.251 UTC: 	 using b52ac606a6f7097e9b4b8f05a3a67cc69f8f291b as credential login name
DEBUG 2021-11-18 09:21:53.657 UTC: 	 Executing : 
 command : myproxy-info -l b52ac606a6f7097e9b4b8f05a3a67cc69f8f291b -s myproxy.cern.ch
 output : username: b52ac606a6f7097e9b4b8f05a3a67cc69f8f291b
owner: /DC=ch/DC=cern/OU=Organic Units/OU=Users/CN=yian/CN=826694/CN=Ying An
  renewal policy: /DC=ch/DC=cern/OU=computers/CN=crab-(preprod|prod|dev)-tw(02|01).cern.ch|/DC=ch/DC=cern/OU=computers/CN=stefanov(m|m2).cern.ch|/DC=ch/DC=cern/OU=computers/CN=dciangot-tw.cern.ch
  trusted retrieval policy: /DC=ch/DC=cern/OU=computers/CN=crab-(preprod|prod|dev)-tw(02|01).cern.ch|/DC=ch/DC=cern/OU=computers/CN=stefanov(m|m2).cern.ch|/DC=ch/DC=cern/OU=computers/CN=dciangot-tw.cern.ch
  timeleft: 479:28:37  (20.0 days)

 error: 
 retcode : 0
DEBUG 2021-11-18 09:21:53.658 UTC: 	 Myproxy is valid: 1726117
DEBUG 2021-11-18 09:21:53.658 UTC: 	 Retrieving username ...
DEBUG 2021-11-18 09:21:53.658 UTC: 	 Retrieving username from CRIC...
DEBUG 2021-11-18 09:21:54.461 UTC: 	 username is yian
DEBUG 2021-11-18 09:21:54.468 UTC: 	 Getting myproxy life time left for myproxy.cern.ch
DEBUG 2021-11-18 09:21:54.468 UTC: 	 using yian_CRAB as credential login name
DEBUG 2021-11-18 09:21:54.872 UTC: 	 Executing : 
 command : myproxy-info -l yian_CRAB -s myproxy.cern.ch
 output : username: yian_CRAB
owner: /DC=ch/DC=cern/OU=Organic Units/OU=Users/CN=yian/CN=826694/CN=Ying An
  renewal policy: /DC=ch/DC=cern/OU=computers/CN=crab-(preprod|prod|dev)-tw(02|01).cern.ch|/DC=ch/DC=cern/OU=computers/CN=stefanov(m|m2).cern.ch|/DC=ch/DC=cern/OU=computers/CN=dciangot-tw.cern.ch
  trusted retrieval policy: /DC=ch/DC=cern/OU=computers/CN=crab-(preprod|prod|dev)-tw(02|01).cern.ch|/DC=ch/DC=cern/OU=computers/CN=stefanov(m|m2).cern.ch|/DC=ch/DC=cern/OU=computers/CN=dciangot-tw.cern.ch
  timeleft: 479:28:42  (20.0 days)

 error: 
 retcode : 0
DEBUG 2021-11-18 09:21:54.872 UTC: 	 Myproxy is valid: 1726122
DEBUG 2021-11-18 09:21:54.873 UTC: 	 Result of myproxy credential check:
  Credential exists on myproxy: username: b52ac606a6f7097e9b4b8f05a3a67cc69f8f291b  - validity: 19 days, 23:28:37
  Credential exists on myproxy: username: yian_CRAB  - validity: 19 days, 23:28:42
DEBUG 2021-11-18 09:21:54.874 UTC: 	 Command use: status
DEBUG 2021-11-18 09:21:54.874 UTC: 	 Options use: ['-d', 'crab2016/crab_TTJets_TuneCP5_13TeV-amcatnloFXFX-pythia8_2016']
DEBUG 2021-11-18 09:21:54.993 UTC: 	 CRABClient version: v3.210825
DEBUG 2021-11-18 09:21:54.993 UTC: 	 Instance is prod
DEBUG 2021-11-18 09:21:54.993 UTC: 	 Server base url is cmsweb.cern.ch
DEBUG 2021-11-18 09:21:54.993 UTC: 	 Command api workflow
DEBUG 2021-11-18 09:21:55.100 UTC: 	 Got information from server oracle database: {u'result': [u'211117_165936:yian_crab_TTJets_TuneCP5_13TeV-amcatnloFXFX-pythia8_2016', u'None', u'None', u'SUBMITTED', u'SUBMIT', u'2021-11-17 16:59:36.245412', u'None', u'2021-11-17 17:00:33.190991', u'None', u'CMSSW_10_6_20', u'slc7_amd64_gcc820', u'/TTJets_TuneCP5_13TeV-amcatnloFXFX-pythia8/RunIISummer20UL16NanoAODv2-106X_mcRun2_asymptotic_v15-v1/NANOAODSIM', u'T', u'0', u"[u'T2_US_UCSD', u'T2_US_Wisconsin', u'T2_US_MIT', u'T2_US_Caltech', u'T2_US_Purdue', u'T2_US_Nebraska']", u'[]', u'FileBased', u"{'splitOnRun': False, 'halt_job_on_file_boundaries': False, 'files_per_job': 1, 'runs': [], 'lumis': []}", u'bd736a0ca49dfa0dfab96903bb1581d6622ba6889f2fdcbb1b931bf047ceb81a.tar.gz', u'https://cmsweb.cern.ch/S3/crabcache_prod', u'yian', u'/DC=ch/DC=cern/OU=Organic Units/OU=Users/CN=yian/CN=826694/CN=Ying An', u'cms', u'None', u'None', u'TTJets_TuneCP5_13TeV-amcatnloFXFX-pythia8_2016-00000000000000000000000000000000', u'F', u'T3_CH_CERNBOX', u'https://cmsweb.cern.ch/dbs/prod/global/DBSReader', u'https://cmsweb.cern.ch/dbs/prod/phys03/DBSWriter', u'F', u'[]', u'[]', u"[b'tree.root']", u'Analysis', u'pythia', u'None', u'{}', u'[]', u'F', u'crab-prod-tw01', u'[]', u'1250', u'1', u'2000', u'10', u"['/TTJets_TuneCP5_13TeV-amcatnloFXFX-pythia8/yian-TTJets_TuneCP5_13TeV-amcatnloFXFX-pythia8_2016-ae987f664fa23fba95446c7ef5426a19/USER']", u'[]', u'http://vocms0196.cern.ch/mon/cms1407/211117_165936:yian_crab_TTJets_TuneCP5_13TeV-amcatnloFXFX-pythia8_2016', u'WWG_crab_script.sh', u"[b'isdata=MC', b'year=2016', b'era=B']", u'[]', u'https://cmsweb.cern.ch/crabserver/prod', u'cmsgwms-collector-global.cern.ch:9620,cmsgwms-collector-global.fnal.gov:9620', u'crab3@vocms0196.cern.ch', u'F', u'[]', u'T', u'/store/user/yian/', u'T', u'None', u'F', u'None', u'TTJets_TuneCP5_13TeV-amcatnloFXFX-pythia8', u'None', u'0a30ab82820d8230f197c192c674a458d6ad49190e7196e36fa92c9c580a4530.tar.gz', u'71687433', u'filetransfers', u'F', u'188.184.75.95', u'0.0', u'None'], u'desc': {u'columns': [u'tm_taskname', u'tm_activity', u'panda_jobset_id', u'tm_task_status', u'tm_task_command', u'tm_start_time', u'tm_start_injection', u'tm_end_injection', u'tm_task_failure', u'tm_job_sw', u'tm_job_arch', u'tm_input_dataset', u'tm_nonvalid_input_dataset', u'tm_use_parent', u'tm_site_whitelist', u'tm_site_blacklist', u'tm_split_algo', u'tm_split_args', u'tm_user_sandbox', u'tm_cache_url', u'tm_username', u'tm_user_dn', u'tm_user_vo', u'tm_user_role', u'tm_user_group', u'tm_publish_name', u'tm_publish_groupname', u'tm_asyncdest', u'tm_dbs_url', u'tm_publish_dbs_url', u'tm_publication', u'tm_outfiles', u'tm_tfile_outfiles', u'tm_edm_outfiles', u'tm_job_type', u'tm_generator', u'tm_events_per_lumi', u'tm_arguments', u'panda_resubmitted_jobs', u'tm_save_logs', u'tw_name', u'tm_user_infiles', u'tm_maxjobruntime', u'tm_numcores', u'tm_maxmemory', u'tm_priority', u'tm_output_dataset', u'tm_task_warnings', u'tm_user_webdir', u'tm_scriptexe', u'tm_scriptargs', u'tm_extrajdl', u'tm_asourl', u'tm_collector', u'tm_schedd', u'tm_dry_run', u'tm_user_files', u'tm_transfer_outputs', u'tm_output_lfn', u'tm_ignore_locality', u'tm_fail_limit', u'tm_one_event_mode', u'tm_secondary_input_dataset', u'tm_primary_dataset', u'tm_last_publication', u'tm_debug_files', u'clusterid', u'tm_asodb', u'tm_ignore_global_blacklist', u'tm_submitter_ip_addr', u'tm_totalunits', u'tm_ddm_reqid']}}
INFO 2021-11-18 09:21:55.100 UTC: 	 CRAB project directory:		/afs/cern.ch/work/y/yian/work/GZ/CMSSW_10_6_20/src/PhysicsTools/NanoAODTools/WWG/2016post/crab/crab2016/crab_TTJets_TuneCP5_13TeV-amcatnloFXFX-pythia8_2016
INFO 2021-11-18 09:21:55.101 UTC: 	 Task name:			211117_165936:yian_crab_TTJets_TuneCP5_13TeV-amcatnloFXFX-pythia8_2016
INFO 2021-11-18 09:21:55.101 UTC: 	 Grid scheduler - Task Worker:	crab3@vocms0196.cern.ch - crab-prod-tw01
INFO 2021-11-18 09:21:55.101 UTC: 	 Status on the CRAB server:	SUBMITTED
INFO 2021-11-18 09:21:55.101 UTC: 	 Task URL to use for HELP:	https://cmsweb.cern.ch/crabserver/ui/task/211117_165936%3Ayian_crab_TTJets_TuneCP5_13TeV-amcatnloFXFX-pythia8_2016
INFO 2021-11-18 09:21:55.104 UTC: 	 Dashboard monitoring URL:	https://monit-grafana.cern.ch/d/cmsTMDetail/cms-task-monitoring-task-view?orgId=11&var-user=yian&var-task=211117_165936%3Ayian_crab_TTJets_TuneCP5_13TeV-amcatnloFXFX-pythia8_2016&from=1637164776000&to=now
DEBUG 2021-11-18 09:21:55.104 UTC: 	 The CRAB server submitted your task to the Grid scheduler (cluster ID: 71687433)
DEBUG 2021-11-18 09:21:55.104 UTC: 	 Webdir is located at http://vocms0196.cern.ch/mon/cms1407/211117_165936:yian_crab_TTJets_TuneCP5_13TeV-amcatnloFXFX-pythia8_2016
DEBUG 2021-11-18 09:21:55.184 UTC: 	 Proxied webdir is located at https://cmsweb.cern.ch:8443/scheddmon/0196/cms1407/211117_165936:yian_crab_TTJets_TuneCP5_13TeV-amcatnloFXFX-pythia8_2016
DEBUG 2021-11-18 09:21:55.184 UTC: 	 Retrieving 'status_cache' file from https://cmsweb.cern.ch:8443/scheddmon/0196/cms1407/211117_165936:yian_crab_TTJets_TuneCP5_13TeV-amcatnloFXFX-pythia8_2016/status_cache
DEBUG 2021-11-18 09:21:55.236 UTC: 	 Got information from status cache file: {'24': {'Retries': 0, 'WallDurations': [9.0, 162.7031590938568, 18446.0], 'StartTimes': [1637168651.0], 'SubmitTimes': [1637168447.0], 'JobIds': ['71687464.0'], 'EndTimes': [1637187097.0], 'Restarts': 0, 'RecordedSite': True, 'State': 'finished', 'ResidentSetSize': [584808], 'TotalUserCpuTimeHistory': [1268], 'SiteHistory': ['Unknown', 'T2_US_Wisconsin', 'T2_US_Wisconsin'], 'TotalSysCpuTimeHistory': [75]}, '25': {'Retries': 0, 'WallDurations': [9.0, 170.7031590938568, 46959.0], 'StartTimes': [1637168643.0], 'SubmitTimes': [1637168447.0], 'JobIds': ['71687465.0'], 'EndTimes': [1637215602.0], 'Restarts': 0, 'RecordedSite': True, 'State': 'finished', 'ResidentSetSize': [562244], 'TotalUserCpuTimeHistory': [728], 'SiteHistory': ['Unknown', 'T2_US_Purdue', 'T2_US_Purdue'], 'TotalSysCpuTimeHistory': [56]}, '26': {'Retries': 0, 'WallDurations': [8.0, 173.7031590938568, 45042.0], 'StartTimes': [1637168640.0], 'SubmitTimes': [1637168447.0], 'JobIds': ['71687466.0'], 'EndTimes': [1637213682.0], 'Restarts': 0, 'RecordedSite': True, 'State': 'finished', 'ResidentSetSize': [508512], 'TotalUserCpuTimeHistory': [1624], 'SiteHistory': ['Unknown', 'T2_US_Wisconsin', 'T2_US_Wisconsin'], 'TotalSysCpuTimeHistory': [126]}, '27': {'Retries': 0, 'WallDurations': [9.0, 171.7031590938568, 49903.0], 'StartTimes': [1637168642.0], 'SubmitTimes': [1637168447.0], 'JobIds': ['71687467.0'], 'EndTimes': [], 'Restarts': 0, 'RecordedSite': True, 'State': 'running', 'ResidentSetSize': [548956], 'TotalUserCpuTimeHistory': [1006.0], 'SiteHistory': ['Unknown', 'T2_US_Wisconsin', 'T2_US_Wisconsin'], 'TotalSysCpuTimeHistory': [70.0]}, '20': {'Retries': 0, 'WallDurations': [9.0, 265.90025305747986, 5621.0], 'StartTimes': [1637168848.0], 'SubmitTimes': [1637168446.0], 'JobIds': ['71687460.0'], 'EndTimes': [1637174469.0], 'Restarts': 0, 'RecordedSite': True, 'State': 'finished', 'ResidentSetSize': [545988], 'TotalUserCpuTimeHistory': [907], 'SiteHistory': ['Unknown', 'T2_US_Purdue', 'T2_US_Purdue'], 'TotalSysCpuTimeHistory': [51]}, '21': {'Retries': 0, 'WallDurations': [8.0, 166.90025305747986, 2509.0], 'StartTimes': [1637168947.0], 'SubmitTimes': [1637168446.0], 'JobIds': ['71687461.0'], 'EndTimes': [1637171456.0], 'Restarts': 0, 'RecordedSite': True, 'State': 'finished', 'ResidentSetSize': [557196], 'TotalUserCpuTimeHistory': [1111], 'SiteHistory': ['Unknown', 'T2_US_Purdue', 'T2_US_Purdue'], 'TotalSysCpuTimeHistory': [45]}, '22': {'Retries': 0, 'WallDurations': [8.0, 172.7031590938568, 31898.0], 'StartTimes': [1637168641.0], 'SubmitTimes': [1637168446.0], 'JobIds': ['71687462.0'], 'EndTimes': [1637200539.0], 'Restarts': 0, 'RecordedSite': True, 'State': 'finished', 'ResidentSetSize': [488184], 'TotalUserCpuTimeHistory': [961], 'SiteHistory': ['Unknown', 'T2_US_MIT', 'T2_US_MIT'], 'TotalSysCpuTimeHistory': [51]}, '23': {'Retries': 0, 'WallDurations': [9.0, 185.90025305747986, 2426.0], 'StartTimes': [1637168928.0], 'SubmitTimes': [1637168447.0], 'JobIds': ['71687463.0'], 'EndTimes': [1637171354.0], 'Restarts': 0, 'RecordedSite': True, 'State': 'finished', 'ResidentSetSize': [555456], 'TotalUserCpuTimeHistory': [1029], 'SiteHistory': ['Unknown', 'T2_US_Purdue', 'T2_US_Purdue'], 'TotalSysCpuTimeHistory': [49]}, '28': {'Retries': 0, 'WallDurations': [9.0, 171.7031590938568, 19932.0], 'StartTimes': [1637168642.0], 'SubmitTimes': [1637168447.0], 'JobIds': ['71687468.0'], 'EndTimes': [1637188574.0], 'Restarts': 0, 'RecordedSite': True, 'State': 'finished', 'ResidentSetSize': [579388], 'TotalUserCpuTimeHistory': [883], 'SiteHistory': ['Unknown', 'T2_US_Wisconsin', 'T2_US_Wisconsin'], 'TotalSysCpuTimeHistory': [53]}, '29': {'Retries': 0, 'WallDurations': [10.0, 173.7031590938568, 37284.0], 'StartTimes': [1637168640.0], 'SubmitTimes': [1637168447.0], 'JobIds': ['71687469.0'], 'EndTimes': [1637205924.0], 'Restarts': 0, 'RecordedSite': True, 'State': 'finished', 'ResidentSetSize': [415476], 'TotalUserCpuTimeHistory': [1377], 'SiteHistory': ['Unknown', 'T2_US_Wisconsin', 'T2_US_Wisconsin'], 'TotalSysCpuTimeHistory': [121]}, '4': {'Retries': 0, 'WallDurations': [8.0, 155.7031590938568, 47698.0], 'StartTimes': [1637168658.0], 'SubmitTimes': [1637168439.0], 'JobIds': ['71687440.0'], 'EndTimes': [1637216356.0], 'Restarts': 0, 'RecordedSite': True, 'State': 'finished', 'ResidentSetSize': [452496], 'TotalUserCpuTimeHistory': [1021], 'SiteHistory': ['Unknown', 'T2_US_Purdue', 'T2_US_Purdue'], 'TotalSysCpuTimeHistory': [89]}, '8': {'Retries': 0, 'WallDurations': [9.0, 161.7031590938568, 58322.0], 'StartTimes': [1637168652.0], 'SubmitTimes': [1637168440.0], 'JobIds': ['71687445.0'], 'EndTimes': [], 'Restarts': 0, 'RecordedSite': True, 'State': 'running', 'ResidentSetSize': [410008], 'TotalUserCpuTimeHistory': [1443.0], 'SiteHistory': ['Unknown', 'T2_US_Wisconsin', 'T2_US_Wisconsin'], 'TotalSysCpuTimeHistory': [121.0]}, '59': {'Retries': 0, 'WallDurations': [8.0, 167.7031590938568, 58316.0], 'StartTimes': [1637168646.0], 'SubmitTimes': [1637168452.0], 'JobIds': ['71687498.0'], 'EndTimes': [], 'Restarts': 0, 'RecordedSite': True, 'State': 'running', 'ResidentSetSize': [458468], 'TotalUserCpuTimeHistory': [1473.0], 'SiteHistory': ['Unknown', 'T2_US_Wisconsin', 'T2_US_Wisconsin'], 'TotalSysCpuTimeHistory': [125.0]}, '58': {'Retries': 0, 'WallDurations': [9.0, 167.7031590938568, 18680.0], 'StartTimes': [1637168646.0], 'SubmitTimes': [1637168451.0], 'JobIds': ['71687497.0'], 'EndTimes': [1637187326.0], 'Restarts': 0, 'RecordedSite': True, 'State': 'finished', 'ResidentSetSize': [602688], 'TotalUserCpuTimeHistory': [1621], 'SiteHistory': ['Unknown', 'T2_US_Wisconsin', 'T2_US_Wisconsin'], 'TotalSysCpuTimeHistory': [121]}, '55': {'Retries': 0, 'WallDurations': [9.0, 163.7031590938568, 57408.0], 'StartTimes': [1637168650.0], 'SubmitTimes': [1637168451.0], 'JobIds': ['71687494.0'], 'EndTimes': [], 'Restarts': 0, 'RecordedSite': True, 'State': 'running', 'ResidentSetSize': [501152], 'TotalUserCpuTimeHistory': [1000.0], 'SiteHistory': ['Unknown', 'T2_US_Caltech', 'T2_US_Caltech'], 'TotalSysCpuTimeHistory': [74.0]}, '54': {'Retries': 0, 'WallDurations': [9.0, 153.7031590938568, 3661.0, 12020.0], 'StartTimes': [1637168660.0, 1637172407.0], 'SubmitTimes': [1637168451.0, -1], 'JobIds': ['71687493.0', '71687493.0'], 'EndTimes': [1637172321.0, 1637184427.0], 'Restarts': 1, 'RecordedSite': True, 'State': 'finished', 'ResidentSetSize': [432804, 488048], 'TotalUserCpuTimeHistory': [28.0, 876], 'SiteHistory': ['Unknown', 'T2_US_MIT', 'T2_US_MIT', 'T2_US_Nebraska'], 'TotalSysCpuTimeHistory': [2.0, 88]}, '57': {'Retries': 0, 'WallDurations': [10.0, 167.7031590938568, 9425.0], 'StartTimes': [1637168646.0], 'SubmitTimes': [1637168451.0], 'JobIds': ['71687496.0'], 'EndTimes': [1637178071.0], 'Restarts': 0, 'RecordedSite': True, 'State': 'finished', 'ResidentSetSize': [425584], 'TotalUserCpuTimeHistory': [539], 'SiteHistory': ['Unknown', 'T2_US_Wisconsin', 'T2_US_Wisconsin'], 'TotalSysCpuTimeHistory': [38]}, '56': {'Retries': 0, 'WallDurations': [8.0, 152.7031590938568, 56800.0], 'StartTimes': [1637168661.0], 'SubmitTimes': [1637168451.0], 'JobIds': ['71687495.0'], 'EndTimes': [], 'Restarts': 0, 'RecordedSite': True, 'State': 'running', 'ResidentSetSize': [484216], 'TotalUserCpuTimeHistory': [892.0], 'SiteHistory': ['Unknown', 'T2_US_Caltech', 'T2_US_Caltech'], 'TotalSysCpuTimeHistory': [60.0]}, '51': {'Retries': 0, 'WallDurations': [9.0, 157.7031590938568, 57708.0], 'StartTimes': [1637168656.0], 'SubmitTimes': [1637168450.0], 'JobIds': ['71687490.0'], 'EndTimes': [], 'Restarts': 0, 'RecordedSite': True, 'State': 'running', 'ResidentSetSize': [506328], 'TotalUserCpuTimeHistory': [1086.0], 'SiteHistory': ['Unknown', 'T2_US_Caltech', 'T2_US_Caltech'], 'TotalSysCpuTimeHistory': [81.0]}, '50': {'Retries': 0, 'WallDurations': [9.0, 169.7031590938568, 29081.0], 'StartTimes': [1637168644.0], 'SubmitTimes': [1637168450.0], 'JobIds': ['71687489.0'], 'EndTimes': [1637197725.0], 'Restarts': 0, 'RecordedSite': True, 'State': 'finished', 'ResidentSetSize': [502624], 'TotalUserCpuTimeHistory': [1817], 'SiteHistory': ['Unknown', 'T2_US_Wisconsin', 'T2_US_Wisconsin'], 'TotalSysCpuTimeHistory': [170]}, '53': {'Retries': 0, 'WallDurations': [9.0, 169.7031590938568, 20885.0], 'StartTimes': [1637168644.0], 'SubmitTimes': [1637168451.0], 'JobIds': ['71687492.0'], 'EndTimes': [1637189529.0], 'Restarts': 0, 'RecordedSite': True, 'State': 'finished', 'ResidentSetSize': [583448], 'TotalUserCpuTimeHistory': [1816], 'SiteHistory': ['Unknown', 'T2_US_Wisconsin', 'T2_US_Wisconsin'], 'TotalSysCpuTimeHistory': [130]}, '52': {'Retries': 0, 'WallDurations': [8.0, 153.7031590938568, 58307.0], 'StartTimes': [1637168660.0], 'SubmitTimes': [1637168450.0], 'JobIds': ['71687491.0'], 'EndTimes': [], 'Restarts': 0, 'RecordedSite': True, 'State': 'running', 'ResidentSetSize': [575128], 'TotalUserCpuTimeHistory': [896.0], 'SiteHistory': ['Unknown', 'T2_US_Caltech', 'T2_US_Caltech'], 'TotalSysCpuTimeHistory': [64.0]}, '88': {'Retries': 0, 'WallDurations': [8.0, 164.7031590938568, 58007.0], 'StartTimes': [1637168649.0], 'SubmitTimes': [1637168462.0], 'JobIds': ['71687528.0'], 'EndTimes': [], 'Restarts': 0, 'RecordedSite': True, 'State': 'running', 'ResidentSetSize': [500476], 'TotalUserCpuTimeHistory': [1155.0], 'SiteHistory': ['Unknown', 'T2_US_Caltech', 'T2_US_Caltech'], 'TotalSysCpuTimeHistory': [82.0]}, '82': {'Retries': 0, 'WallDurations': [9.0, 166.7031590938568, 8442.0], 'StartTimes': [1637168647.0], 'SubmitTimes': [1637168459.0], 'JobIds': ['71687521.0'], 'EndTimes': [1637177089.0], 'Restarts': 0, 'RecordedSite': True, 'State': 'finished', 'ResidentSetSize': [663052], 'TotalUserCpuTimeHistory': [598], 'SiteHistory': ['Unknown', 'T2_US_Wisconsin', 'T2_US_Wisconsin'], 'TotalSysCpuTimeHistory': [40]}, '83': {'Retries': 0, 'WallDurations': [8.0, 165.7031590938568, 14519.0], 'StartTimes': [1637168648.0], 'SubmitTimes': [1637168459.0], 'JobIds': ['71687522.0'], 'EndTimes': [1637183167.0], 'Restarts': 0, 'RecordedSite': True, 'State': 'finished', 'ResidentSetSize': [571908], 'TotalUserCpuTimeHistory': [1464], 'SiteHistory': ['Unknown', 'T2_US_Wisconsin', 'T2_US_Wisconsin'], 'TotalSysCpuTimeHistory': [102]}, '80': {'Retries': 0, 'WallDurations': [9.0, 165.7031590938568, 10190.0], 'StartTimes': [1637168648.0], 'SubmitTimes': [1637168459.0], 'JobIds': ['71687519.0'], 'EndTimes': [1637178838.0], 'Restarts': 0, 'RecordedSite': True, 'State': 'finished', 'ResidentSetSize': [469092], 'TotalUserCpuTimeHistory': [274], 'SiteHistory': ['Unknown', 'T2_US_Wisconsin', 'T2_US_Wisconsin'], 'TotalSysCpuTimeHistory': [21]}, '81': {'Retries': 0, 'WallDurations': [8.0, 167.7031590938568, 14482.0], 'StartTimes': [1637168646.0], 'SubmitTimes': [1637168459.0], 'JobIds': ['71687520.0'], 'EndTimes': [1637183128.0], 'Restarts': 0, 'RecordedSite': True, 'State': 'finished', 'ResidentSetSize': [589508], 'TotalUserCpuTimeHistory': [897], 'SiteHistory': ['Unknown', 'T2_US_Wisconsin', 'T2_US_Wisconsin'], 'TotalSysCpuTimeHistory': [98]}, '86': {'Retries': 0, 'WallDurations': [10.0, 158.7031590938568, 57110.0], 'StartTimes': [1637168655.0], 'SubmitTimes': [1637168461.0], 'JobIds': ['71687525.0'], 'EndTimes': [], 'Restarts': 0, 'RecordedSite': True, 'State': 'running', 'ResidentSetSize': [499148], 'TotalUserCpuTimeHistory': [1256.0], 'SiteHistory': ['Unknown', 'T2_US_Caltech', 'T2_US_Caltech'], 'TotalSysCpuTimeHistory': [94.0]}, '87': {'Retries': 0, 'WallDurations': [9.0, 162.7031590938568, 57709.0], 'StartTimes': [1637168651.0], 'SubmitTimes': [1637168461.0], 'JobIds': ['71687526.0'], 'EndTimes': [], 'Restarts': 0, 'RecordedSite': True, 'State': 'running', 'ResidentSetSize': [537488], 'TotalUserCpuTimeHistory': [1028.0], 'SiteHistory': ['Unknown', 'T2_US_Caltech', 'T2_US_Caltech'], 'TotalSysCpuTimeHistory': [71.0]}, '84': {'Retries': 0, 'WallDurations': [9.0, 149.7031590938568, 58311.0], 'StartTimes': [1637168664.0], 'SubmitTimes': [1637168459.0], 'JobIds': ['71687523.0'], 'EndTimes': [], 'Restarts': 0, 'RecordedSite': True, 'State': 'running', 'ResidentSetSize': [489136], 'TotalUserCpuTimeHistory': [1039.0], 'SiteHistory': ['Unknown', 'T2_US_Caltech', 'T2_US_Caltech'], 'TotalSysCpuTimeHistory': [70.0]}, '85': {'Retries': 0, 'WallDurations': [9.0, 156.7031590938568, 14785.0], 'StartTimes': [1637168657.0], 'SubmitTimes': [1637168461.0], 'JobIds': ['71687524.0'], 'EndTimes': [1637183442.0], 'Restarts': 0, 'RecordedSite': True, 'State': 'finished', 'ResidentSetSize': [578236], 'TotalUserCpuTimeHistory': [1332], 'SiteHistory': ['Unknown', 'T2_US_Wisconsin', 'T2_US_Wisconsin'], 'TotalSysCpuTimeHistory': [103]}, '3': {'Retries': 0, 'WallDurations': [8.0, 166.7031590938568, 11828.0, 0, 44793.0], 'StartTimes': [1637168647.0, 1637181872.0], 'SubmitTimes': [1637168439.0, -1], 'JobIds': ['71687439.0', '71687439.0'], 'EndTimes': [1637180475.0], 'Restarts': 1, 'RecordedSite': True, 'State': 'running', 'ResidentSetSize': [404372, 451792], 'TotalUserCpuTimeHistory': [128.0, 1302.0], 'SiteHistory': ['Unknown', 'T2_US_UCSD', 'T2_US_UCSD', 'Unknown', 'T2_US_Nebraska'], 'TotalSysCpuTimeHistory': [18.0, 111.0]}, '7': {'Retries': 0, 'WallDurations': [10.0, 174.7031590938568, 53674.0], 'StartTimes': [1637168639.0], 'SubmitTimes': [1637168440.0], 'JobIds': ['71687443.0'], 'EndTimes': [1637222313.0], 'Restarts': 0, 'RecordedSite': True, 'State': 'finished', 'ResidentSetSize': [638616], 'TotalUserCpuTimeHistory': [2070], 'SiteHistory': ['Unknown', 'T2_US_Nebraska', 'T2_US_Nebraska'], 'TotalSysCpuTimeHistory': [209]}, '39': {'Retries': 0, 'WallDurations': [10.0, 165.7031590938568, 19342.0], 'StartTimes': [1637168648.0], 'SubmitTimes': [1637168462.0], 'JobIds': ['71687527.0'], 'EndTimes': [1637187990.0], 'Restarts': 0, 'RecordedSite': True, 'State': 'finished', 'ResidentSetSize': [588880], 'TotalUserCpuTimeHistory': [1678], 'SiteHistory': ['Unknown', 'T2_US_Wisconsin', 'T2_US_Wisconsin'], 'TotalSysCpuTimeHistory': [141]}, '38': {'Retries': 0, 'WallDurations': [10.0, 169.7031590938568, 18765.0], 'StartTimes': [1637168644.0], 'SubmitTimes': [1637168449.0], 'JobIds': ['71687478.0'], 'EndTimes': [1637187409.0], 'Restarts': 0, 'RecordedSite': True, 'State': 'finished', 'ResidentSetSize': [572304], 'TotalUserCpuTimeHistory': [1362], 'SiteHistory': ['Unknown', 'T2_US_Wisconsin', 'T2_US_Wisconsin'], 'TotalSysCpuTimeHistory': [89]}, '33': {'Retries': 0, 'WallDurations': [8.0, 172.7031590938568, 43372.0], 'StartTimes': [1637168641.0], 'SubmitTimes': [1637168448.0], 'JobIds': ['71687473.0'], 'EndTimes': [1637212013.0], 'Restarts': 0, 'RecordedSite': True, 'State': 'finished', 'ResidentSetSize': [564940], 'TotalUserCpuTimeHistory': [1224], 'SiteHistory': ['Unknown', 'T2_US_MIT', 'T2_US_MIT'], 'TotalSysCpuTimeHistory': [89]}, '32': {'Retries': 0, 'WallDurations': [8.0, 169.7031590938568, 20716.0], 'StartTimes': [1637168644.0], 'SubmitTimes': [1637168448.0], 'JobIds': ['71687472.0'], 'EndTimes': [1637189360.0], 'Restarts': 0, 'RecordedSite': True, 'State': 'finished', 'ResidentSetSize': [424948], 'TotalUserCpuTimeHistory': [865], 'SiteHistory': ['Unknown', 'T2_US_Wisconsin', 'T2_US_Wisconsin'], 'TotalSysCpuTimeHistory': [100]}, '31': {'Retries': 0, 'WallDurations': [9.0, 151.7031590938568, 57408.0], 'StartTimes': [1637168662.0], 'SubmitTimes': [1637168448.0], 'JobIds': ['71687471.0'], 'EndTimes': [], 'Restarts': 0, 'RecordedSite': True, 'State': 'running', 'ResidentSetSize': [477344], 'TotalUserCpuTimeHistory': [622.0], 'SiteHistory': ['Unknown', 'T2_US_Caltech', 'T2_US_Caltech'], 'TotalSysCpuTimeHistory': [72.0]}, '30': {'Retries': 0, 'WallDurations': [9.0, 171.7031590938568, 36097.0], 'StartTimes': [1637168642.0], 'SubmitTimes': [1637168447.0], 'JobIds': ['71687470.0'], 'EndTimes': [1637204739.0], 'Restarts': 0, 'RecordedSite': True, 'State': 'finished', 'ResidentSetSize': [539620], 'TotalUserCpuTimeHistory': [897], 'SiteHistory': ['Unknown', 'T2_US_Wisconsin', 'T2_US_Wisconsin'], 'TotalSysCpuTimeHistory': [54]}, '37': {'Retries': 0, 'WallDurations': [9.0, 175.7031590938568, 42047.0], 'StartTimes': [1637168638.0], 'SubmitTimes': [1637168448.0], 'JobIds': ['71687477.0'], 'EndTimes': [1637210685.0], 'Restarts': 0, 'RecordedSite': True, 'State': 'finished', 'ResidentSetSize': [388672], 'TotalUserCpuTimeHistory': [1109], 'SiteHistory': ['Unknown', 'T2_US_MIT', 'T2_US_MIT'], 'TotalSysCpuTimeHistory': [56]}, '36': {'Retries': 0, 'WallDurations': [9.0, 169.7031590938568, 18596.0], 'StartTimes': [1637168644.0], 'SubmitTimes': [1637168448.0], 'JobIds': ['71687476.0'], 'EndTimes': [1637187240.0], 'Restarts': 0, 'RecordedSite': True, 'State': 'finished', 'ResidentSetSize': [422764], 'TotalUserCpuTimeHistory': [1320], 'SiteHistory': ['Unknown', 'T2_US_Wisconsin', 'T2_US_Wisconsin'], 'TotalSysCpuTimeHistory': [87]}, '35': {'Retries': 0, 'WallDurations': [8.0, 170.7031590938568, 11832.0, 0, 44784.0], 'StartTimes': [1637168643.0, 1637181872.0], 'SubmitTimes': [1637168448.0, -1], 'JobIds': ['71687475.0', '71687475.0'], 'EndTimes': [1637180475.0], 'Restarts': 1, 'RecordedSite': True, 'State': 'running', 'ResidentSetSize': [406268, 473744], 'TotalUserCpuTimeHistory': [134.0, 741.0], 'SiteHistory': ['Unknown', 'T2_US_UCSD', 'T2_US_UCSD', 'Unknown', 'T2_US_Nebraska'], 'TotalSysCpuTimeHistory': [18.0, 78.0]}, '34': {'Retries': 0, 'WallDurations': [8.0, 175.7031590938568, 41402.0], 'StartTimes': [1637168638.0], 'SubmitTimes': [1637168448.0], 'JobIds': ['71687474.0'], 'EndTimes': [1637210040.0], 'Restarts': 0, 'RecordedSite': True, 'State': 'finished', 'ResidentSetSize': [443256], 'TotalUserCpuTimeHistory': [1088], 'SiteHistory': ['Unknown', 'T2_US_MIT', 'T2_US_MIT'], 'TotalSysCpuTimeHistory': [57]}, '60': {'Retries': 0, 'WallDurations': [9.0, 167.7031590938568, 57718.0], 'StartTimes': [1637168646.0], 'SubmitTimes': [1637168457.0], 'JobIds': ['71687499.0'], 'EndTimes': [], 'Restarts': 0, 'RecordedSite': True, 'State': 'running', 'ResidentSetSize': [475796], 'TotalUserCpuTimeHistory': [1199.0], 'SiteHistory': ['Unknown', 'T2_US_Wisconsin', 'T2_US_Wisconsin'], 'TotalSysCpuTimeHistory': [107.0]}, '61': {'Retries': 0, 'WallDurations': [8.0, 171.7031590938568, 40560.0], 'StartTimes': [1637168642.0], 'SubmitTimes': [1637168457.0], 'JobIds': ['71687500.0'], 'EndTimes': [1637209202.0], 'Restarts': 0, 'RecordedSite': True, 'State': 'finished', 'ResidentSetSize': [448020], 'TotalUserCpuTimeHistory': [1066], 'SiteHistory': ['Unknown', 'T2_US_MIT', 'T2_US_MIT'], 'TotalSysCpuTimeHistory': [52]}, '62': {'Retries': 0, 'WallDurations': [9.0, 169.7031590938568, 17621.0], 'StartTimes': [1637168644.0], 'SubmitTimes': [1637168457.0], 'JobIds': ['71687501.0'], 'EndTimes': [1637186265.0], 'Restarts': 0, 'RecordedSite': True, 'State': 'finished', 'ResidentSetSize': [556488], 'TotalUserCpuTimeHistory': [1375], 'SiteHistory': ['Unknown', 'T2_US_Wisconsin', 'T2_US_Wisconsin'], 'TotalSysCpuTimeHistory': [103]}, '63': {'Retries': 0, 'WallDurations': [8.0, 168.7031590938568, 13768.0], 'StartTimes': [1637168645.0], 'SubmitTimes': [1637168457.0], 'JobIds': ['71687502.0'], 'EndTimes': [1637182413.0], 'Restarts': 0, 'RecordedSite': True, 'State': 'finished', 'ResidentSetSize': [424684], 'TotalUserCpuTimeHistory': [887], 'SiteHistory': ['Unknown', 'T2_US_Wisconsin', 'T2_US_Wisconsin'], 'TotalSysCpuTimeHistory': [47]}, '64': {'Retries': 0, 'WallDurations': [8.0, 168.7031590938568, 57239.0], 'StartTimes': [1637168645.0], 'SubmitTimes': [1637168457.0], 'JobIds': ['71687503.0'], 'EndTimes': [1637225884.0], 'Restarts': 0, 'RecordedSite': True, 'State': 'transferring', 'ResidentSetSize': [516420], 'TotalUserCpuTimeHistory': [1377], 'SiteHistory': ['Unknown', 'T2_US_Wisconsin', 'T2_US_Wisconsin'], 'TotalSysCpuTimeHistory': [116]}, '65': {'Retries': 0, 'WallDurations': [9.0, 160.7031590938568, 46862.0, 0, 10527.0], 'StartTimes': [1637168653.0, 1637216132.0], 'SubmitTimes': [1637168457.0, -1], 'JobIds': ['71687504.0', '71687504.0'], 'EndTimes': [1637215515.0], 'Restarts': 1, 'RecordedSite': True, 'State': 'running', 'ResidentSetSize': [435828, 464732], 'TotalUserCpuTimeHistory': [973.0, 158.0], 'SiteHistory': ['Unknown', 'T2_US_MIT', 'T2_US_MIT', 'Unknown', 'T2_US_Nebraska'], 'TotalSysCpuTimeHistory': [56.0, 21.0]}, '66': {'Retries': 0, 'WallDurations': [8.0, 172.7031590938568, 39688.0, 0, 18343.0], 'StartTimes': [1637168641.0, 1637208631.0], 'SubmitTimes': [1637168457.0, -1], 'JobIds': ['71687505.0', '71687505.0'], 'EndTimes': [1637208329.0], 'Restarts': 1, 'RecordedSite': True, 'State': 'running', 'ResidentSetSize': [450892, 475000], 'TotalUserCpuTimeHistory': [854.0, 267.0], 'SiteHistory': ['Unknown', 'T2_US_MIT', 'T2_US_MIT', 'Unknown', 'T2_US_Nebraska'], 'TotalSysCpuTimeHistory': [77.0, 29.0]}, '67': {'Retries': 0, 'WallDurations': [8.0, 167.7031590938568, 11829.0, 0, 25924.0], 'StartTimes': [1637168646.0, 1637181875.0], 'SubmitTimes': [1637168458.0, -1], 'JobIds': ['71687506.0', '71687506.0'], 'EndTimes': [1637180475.0, 1637207799.0], 'Restarts': 1, 'RecordedSite': True, 'State': 'finished', 'ResidentSetSize': [368928, 494832], 'TotalUserCpuTimeHistory': [139.0, 778], 'SiteHistory': ['Unknown', 'T2_US_UCSD', 'T2_US_UCSD', 'Unknown', 'T2_US_Nebraska'], 'TotalSysCpuTimeHistory': [19.0, 66]}, '68': {'Retries': 0, 'WallDurations': [9.0, 166.7031590938568, 15478.0], 'StartTimes': [1637168647.0], 'SubmitTimes': [1637168458.0], 'JobIds': ['71687507.0'], 'EndTimes': [1637184125.0], 'Restarts': 0, 'RecordedSite': True, 'State': 'finished', 'ResidentSetSize': [561072], 'TotalUserCpuTimeHistory': [1362], 'SiteHistory': ['Unknown', 'T2_US_Wisconsin', 'T2_US_Wisconsin'], 'TotalSysCpuTimeHistory': [91]}, '69': {'Retries': 0, 'WallDurations': [9.0, 163.7031590938568, 15095.0], 'StartTimes': [1637168650.0], 'SubmitTimes': [1637168458.0], 'JobIds': ['71687508.0'], 'EndTimes': [1637183745.0], 'Restarts': 0, 'RecordedSite': True, 'State': 'finished', 'ResidentSetSize': [571244], 'TotalUserCpuTimeHistory': [1361], 'SiteHistory': ['Unknown', 'T2_US_Wisconsin', 'T2_US_Wisconsin'], 'TotalSysCpuTimeHistory': [91]}, '2': {'Retries': 0, 'WallDurations': [9.0, 165.7031590938568, 11827.0, 0, 44486.0], 'StartTimes': [1637168648.0, 1637181872.0], 'SubmitTimes': [1637168439.0, -1], 'JobIds': ['71687438.0', '71687438.0'], 'EndTimes': [1637180475.0], 'Restarts': 1, 'RecordedSite': True, 'State': 'running', 'ResidentSetSize': [404224, 446016], 'TotalUserCpuTimeHistory': [134.0, 1750.0], 'SiteHistory': ['Unknown', 'T2_US_UCSD', 'T2_US_UCSD', 'Unknown', 'T2_US_Nebraska'], 'TotalSysCpuTimeHistory': [18.0, 143.0]}, '6': {'Retries': 0, 'WallDurations': [9.0, 120.70315909385681, 42661.0], 'StartTimes': [1637168693.0], 'SubmitTimes': [1637168440.0], 'JobIds': ['71687442.0'], 'EndTimes': [1637211354.0], 'Restarts': 0, 'RecordedSite': True, 'State': 'finished', 'ResidentSetSize': [417408], 'TotalUserCpuTimeHistory': [1433], 'SiteHistory': ['Unknown', 'T2_US_MIT', 'T2_US_MIT'], 'TotalSysCpuTimeHistory': [83]}, '11': {'Retries': 0, 'WallDurations': [9.0, 172.7031590938568, 8969.0, 0, 44587.0, 0], 'StartTimes': [1637168641.0, 1637177913.0, 1637222634.0], 'SubmitTimes': [1637168440.0, -1, -1], 'JobIds': ['71687450.0', '71687450.0', '71687450.0'], 'EndTimes': [1637177610.0, 1637222500.0], 'Restarts': 2, 'RecordedSite': True, 'State': 'running', 'ResidentSetSize': [400548, 588860, 0], 'TotalUserCpuTimeHistory': [96.0, 686.0, 0.0], 'SiteHistory': ['Unknown', 'T2_US_UCSD', 'T2_US_UCSD', 'Unknown', 'T2_US_Caltech', 'T2_US_Caltech'], 'TotalSysCpuTimeHistory': [12.0, 63.0, 0.0]}, '10': {'Retries': 0, 'WallDurations': [10.0, 176.7031590938568, 25975.0], 'StartTimes': [1637168637.0], 'SubmitTimes': [1637168440.0], 'JobIds': ['71687449.0'], 'EndTimes': [1637194612.0], 'Restarts': 0, 'RecordedSite': True, 'State': 'finished', 'ResidentSetSize': [488436], 'TotalUserCpuTimeHistory': [749], 'SiteHistory': ['Unknown', 'T2_US_MIT', 'T2_US_MIT'], 'TotalSysCpuTimeHistory': [64]}, '13': {'Retries': 0, 'WallDurations': [9.0, 174.7031590938568, 29516.0], 'StartTimes': [1637168639.0], 'SubmitTimes': [1637168441.0], 'JobIds': ['71687452.0'], 'EndTimes': [1637198155.0], 'Restarts': 0, 'RecordedSite': True, 'State': 'finished', 'ResidentSetSize': [514296], 'TotalUserCpuTimeHistory': [883], 'SiteHistory': ['Unknown', 'T2_US_Nebraska', 'T2_US_Nebraska'], 'TotalSysCpuTimeHistory': [58]}, '12': {'Retries': 0, 'WallDurations': [9.0, 176.7031590938568, 43796.0], 'StartTimes': [1637168637.0], 'SubmitTimes': [1637168441.0], 'JobIds': ['71687451.0'], 'EndTimes': [1637212433.0], 'Restarts': 0, 'RecordedSite': True, 'State': 'finished', 'ResidentSetSize': [418628], 'TotalUserCpuTimeHistory': [1018], 'SiteHistory': ['Unknown', 'T2_US_MIT', 'T2_US_MIT'], 'TotalSysCpuTimeHistory': [59]}, '15': {'Retries': 0, 'WallDurations': [9.0, 165.7031590938568, 11827.0, 0, 44186.0], 'StartTimes': [1637168648.0, 1637181872.0], 'SubmitTimes': [1637168441.0, -1], 'JobIds': ['71687454.0', '71687454.0'], 'EndTimes': [1637180475.0], 'Restarts': 1, 'RecordedSite': True, 'State': 'running', 'ResidentSetSize': [407936, 453708], 'TotalUserCpuTimeHistory': [128.0, 757.0], 'SiteHistory': ['Unknown', 'T2_US_UCSD', 'T2_US_UCSD', 'Unknown', 'T2_US_Nebraska'], 'TotalSysCpuTimeHistory': [18.0, 78.0]}, '14': {'Retries': 0, 'WallDurations': [8.0, 167.7031590938568, 44222.0], 'StartTimes': [1637168646.0], 'SubmitTimes': [1637168441.0], 'JobIds': ['71687453.0'], 'EndTimes': [1637212868.0], 'Restarts': 0, 'RecordedSite': True, 'State': 'finished', 'ResidentSetSize': [456204], 'TotalUserCpuTimeHistory': [1632], 'SiteHistory': ['Unknown', 'T2_US_MIT', 'T2_US_MIT'], 'TotalSysCpuTimeHistory': [109]}, '17': {'Retries': 0, 'WallDurations': [9.0, 133.7031590938568, 58008.0], 'StartTimes': [1637168680.0], 'SubmitTimes': [1637168441.0], 'JobIds': ['71687456.0'], 'EndTimes': [], 'Restarts': 0, 'RecordedSite': True, 'State': 'running', 'ResidentSetSize': [497160], 'TotalUserCpuTimeHistory': [613.0], 'SiteHistory': ['Unknown', 'T2_US_Caltech', 'T2_US_Caltech'], 'TotalSysCpuTimeHistory': [70.0]}, '16': {'Retries': 0, 'WallDurations': [8.0, 175.7031590938568, 3689.0, 12006.0], 'StartTimes': [1637168638.0, 1637172417.0], 'SubmitTimes': [1637168441.0, -1], 'JobIds': ['71687455.0', '71687455.0'], 'EndTimes': [1637172327.0, 1637184423.0], 'Restarts': 1, 'RecordedSite': True, 'State': 'finished', 'ResidentSetSize': [445484, 471472], 'TotalUserCpuTimeHistory': [49.0, 1237], 'SiteHistory': ['Unknown', 'T2_US_MIT', 'T2_US_MIT', 'T2_US_Nebraska'], 'TotalSysCpuTimeHistory': [3.0, 92]}, '19': {'Retries': 0, 'WallDurations': [8.0, 139.7031590938568, 3130.0, 9.0, 2488.0], 'StartTimes': [1637168674.0, 1637172278.0], 'SubmitTimes': [1637168446.0, -1], 'JobIds': ['71687459.0', '71687459.0'], 'EndTimes': [1637171804.0, 1637174766.0], 'Restarts': 1, 'RecordedSite': True, 'State': 'finished', 'ResidentSetSize': [117056, 583936], 'TotalUserCpuTimeHistory': [16.0, 910], 'SiteHistory': ['Unknown', 'T2_US_Purdue', 'T2_US_Purdue', 'Unknown', 'T2_US_Purdue'], 'TotalSysCpuTimeHistory': [0.0, 52]}, '18': {'Retries': 0, 'WallDurations': [9.0, 170.7031590938568, 58315.0], 'StartTimes': [1637168643.0], 'SubmitTimes': [1637168441.0], 'JobIds': ['71687457.0'], 'EndTimes': [], 'Restarts': 0, 'RecordedSite': True, 'State': 'running', 'ResidentSetSize': [516916], 'TotalUserCpuTimeHistory': [1151.0], 'SiteHistory': ['Unknown', 'T2_US_Wisconsin', 'T2_US_Wisconsin'], 'TotalSysCpuTimeHistory': [113.0]}, '48': {'Retries': 0, 'WallDurations': [8.0, 167.7031590938568, 45918.0], 'StartTimes': [1637168646.0], 'SubmitTimes': [1637168450.0], 'JobIds': ['71687487.0'], 'EndTimes': [1637214564.0], 'Restarts': 0, 'RecordedSite': True, 'State': 'finished', 'ResidentSetSize': [498456], 'TotalUserCpuTimeHistory': [1328], 'SiteHistory': ['Unknown', 'T2_US_Wisconsin', 'T2_US_Wisconsin'], 'TotalSysCpuTimeHistory': [92]}, '49': {'Retries': 0, 'WallDurations': [9.0, 167.7031590938568, 39187.0], 'StartTimes': [1637168646.0], 'SubmitTimes': [1637168450.0], 'JobIds': ['71687488.0'], 'EndTimes': [1637207833.0], 'Restarts': 0, 'RecordedSite': True, 'State': 'finished', 'ResidentSetSize': [596104], 'TotalUserCpuTimeHistory': [1340], 'SiteHistory': ['Unknown', 'T2_US_Wisconsin', 'T2_US_Wisconsin'], 'TotalSysCpuTimeHistory': [101]}, '46': {'Retries': 0, 'WallDurations': [8.0, 171.7031590938568, 15703.0], 'StartTimes': [1637168642.0], 'SubmitTimes': [1637168449.0], 'JobIds': ['71687485.0'], 'EndTimes': [1637184345.0], 'Restarts': 0, 'RecordedSite': True, 'State': 'finished', 'ResidentSetSize': [537264], 'TotalUserCpuTimeHistory': [1152], 'SiteHistory': ['Unknown', 'T2_US_Wisconsin', 'T2_US_Wisconsin'], 'TotalSysCpuTimeHistory': [102]}, '47': {'Retries': 0, 'WallDurations': [9.0, 139.7031590938568, 56809.0], 'StartTimes': [1637168674.0], 'SubmitTimes': [1637168450.0], 'JobIds': ['71687486.0'], 'EndTimes': [], 'Restarts': 0, 'RecordedSite': True, 'State': 'running', 'ResidentSetSize': [497460], 'TotalUserCpuTimeHistory': [887.0], 'SiteHistory': ['Unknown', 'T2_US_Caltech', 'T2_US_Caltech'], 'TotalSysCpuTimeHistory': [64.0]}, '44': {'Retries': 0, 'WallDurations': [8.0, 170.7031590938568, 18118.0], 'StartTimes': [1637168643.0], 'SubmitTimes': [1637168449.0], 'JobIds': ['71687483.0'], 'EndTimes': [1637186761.0], 'Restarts': 0, 'RecordedSite': True, 'State': 'finished', 'ResidentSetSize': [572664], 'TotalUserCpuTimeHistory': [1387], 'SiteHistory': ['Unknown', 'T2_US_Wisconsin', 'T2_US_Wisconsin'], 'TotalSysCpuTimeHistory': [123]}, '45': {'Retries': 0, 'WallDurations': [10.0, 168.7031590938568, 18489.0], 'StartTimes': [1637168645.0], 'SubmitTimes': [1637168449.0], 'JobIds': ['71687484.0'], 'EndTimes': [1637187134.0], 'Restarts': 0, 'RecordedSite': True, 'State': 'finished', 'ResidentSetSize': [575436], 'TotalUserCpuTimeHistory': [1365], 'SiteHistory': ['Unknown', 'T2_US_Wisconsin', 'T2_US_Wisconsin'], 'TotalSysCpuTimeHistory': [116]}, '42': {'Retries': 0, 'WallDurations': [9.0, 176.7031590938568, 42179.0], 'StartTimes': [1637168637.0], 'SubmitTimes': [1637168449.0], 'JobIds': ['71687481.0'], 'EndTimes': [1637210816.0], 'Restarts': 0, 'RecordedSite': True, 'State': 'finished', 'ResidentSetSize': [402168], 'TotalUserCpuTimeHistory': [1244], 'SiteHistory': ['Unknown', 'T2_US_MIT', 'T2_US_MIT'], 'TotalSysCpuTimeHistory': [76]}, '43': {'Retries': 0, 'WallDurations': [8.0, 169.7031590938568, 11831.0, 0, 45089.0], 'StartTimes': [1637168644.0, 1637181871.0], 'SubmitTimes': [1637168449.0, -1], 'JobIds': ['71687482.0', '71687482.0'], 'EndTimes': [1637180475.0], 'Restarts': 1, 'RecordedSite': True, 'State': 'running', 'ResidentSetSize': [400636, 476384], 'TotalUserCpuTimeHistory': [135.0, 690.0], 'SiteHistory': ['Unknown', 'T2_US_UCSD', 'T2_US_UCSD', 'Unknown', 'T2_US_Nebraska'], 'TotalSysCpuTimeHistory': [18.0, 81.0]}, '40': {'Retries': 0, 'WallDurations': [8.0, 168.7031590938568, 46981.0], 'StartTimes': [1637168645.0], 'SubmitTimes': [1637168449.0], 'JobIds': ['71687479.0'], 'EndTimes': [1637215626.0], 'Restarts': 0, 'RecordedSite': True, 'State': 'finished', 'ResidentSetSize': [567464], 'TotalUserCpuTimeHistory': [1020], 'SiteHistory': ['Unknown', 'T2_US_Purdue', 'T2_US_Purdue'], 'TotalSysCpuTimeHistory': [89]}, '41': {'Retries': 0, 'WallDurations': [8.0, 174.7031590938568, 24972.0], 'StartTimes': [1637168639.0], 'SubmitTimes': [1637168449.0], 'JobIds': ['71687480.0'], 'EndTimes': [1637193611.0], 'Restarts': 0, 'RecordedSite': True, 'State': 'finished', 'ResidentSetSize': [512072], 'TotalUserCpuTimeHistory': [629], 'SiteHistory': ['Unknown', 'T2_US_MIT', 'T2_US_MIT'], 'TotalSysCpuTimeHistory': [52]}, '1': {'Retries': 0, 'WallDurations': [9.0, 155.7031590938568, 28791.0], 'StartTimes': [1637168658.0], 'SubmitTimes': [1637168439.0], 'JobIds': ['71687437.0'], 'EndTimes': [1637197449.0], 'Restarts': 0, 'RecordedSite': True, 'State': 'finished', 'ResidentSetSize': [426600], 'TotalUserCpuTimeHistory': [882], 'SiteHistory': ['Unknown', 'T2_US_Wisconsin', 'T2_US_Wisconsin'], 'TotalSysCpuTimeHistory': [50]}, '5': {'Retries': 0, 'WallDurations': [9.0, 152.7031590938568, 42580.0], 'StartTimes': [1637168661.0], 'SubmitTimes': [1637168439.0], 'JobIds': ['71687441.0'], 'EndTimes': [1637211241.0], 'Restarts': 0, 'RecordedSite': True, 'State': 'finished', 'ResidentSetSize': [450304], 'TotalUserCpuTimeHistory': [1662], 'SiteHistory': ['Unknown', 'T2_US_Wisconsin', 'T2_US_Wisconsin'], 'TotalSysCpuTimeHistory': [127]}, '9': {'Retries': 0, 'WallDurations': [8.0, 167.7031590938568, 57410.0], 'StartTimes': [1637168646.0], 'SubmitTimes': [1637168440.0], 'JobIds': ['71687447.0'], 'EndTimes': [], 'Restarts': 0, 'RecordedSite': True, 'State': 'running', 'ResidentSetSize': [397660], 'TotalUserCpuTimeHistory': [1519.0], 'SiteHistory': ['Unknown', 'T2_US_Wisconsin', 'T2_US_Wisconsin'], 'TotalSysCpuTimeHistory': [140.0]}, '77': {'Retries': 0, 'WallDurations': [9.0, 163.7031590938568, 47627.0], 'StartTimes': [1637168650.0], 'SubmitTimes': [1637168459.0], 'JobIds': ['71687516.0'], 'EndTimes': [1637216277.0], 'Restarts': 0, 'RecordedSite': True, 'State': 'finished', 'ResidentSetSize': [429260], 'TotalUserCpuTimeHistory': [743], 'SiteHistory': ['Unknown', 'T2_US_Purdue', 'T2_US_Purdue'], 'TotalSysCpuTimeHistory': [57]}, '76': {'Retries': 0, 'WallDurations': [9.0, 167.7031590938568, 11829.0, 0, 44189.0], 'StartTimes': [1637168646.0, 1637181871.0], 'SubmitTimes': [1637168459.0, -1], 'JobIds': ['71687515.0', '71687515.0'], 'EndTimes': [1637180475.0], 'Restarts': 1, 'RecordedSite': True, 'State': 'running', 'ResidentSetSize': [409996, 511400], 'TotalUserCpuTimeHistory': [156.0, 1568.0], 'SiteHistory': ['Unknown', 'T2_US_UCSD', 'T2_US_UCSD', 'Unknown', 'T2_US_Nebraska'], 'TotalSysCpuTimeHistory': [21.0, 171.0]}, '75': {'Retries': 0, 'WallDurations': [8.0, 162.7031590938568, 15664.0], 'StartTimes': [1637168651.0], 'SubmitTimes': [1637168458.0], 'JobIds': ['71687514.0'], 'EndTimes': [1637184315.0], 'Restarts': 0, 'RecordedSite': True, 'State': 'finished', 'ResidentSetSize': [627708], 'TotalUserCpuTimeHistory': [1748], 'SiteHistory': ['Unknown', 'T2_US_Wisconsin', 'T2_US_Wisconsin'], 'TotalSysCpuTimeHistory': [123]}, '74': {'Retries': 0, 'WallDurations': [8.0, 167.7031590938568, 10267.0], 'StartTimes': [1637168646.0], 'SubmitTimes': [1637168458.0], 'JobIds': ['71687512.0'], 'EndTimes': [1637178913.0], 'Restarts': 0, 'RecordedSite': True, 'State': 'finished', 'ResidentSetSize': [548428], 'TotalUserCpuTimeHistory': [652], 'SiteHistory': ['Unknown', 'T2_US_Wisconsin', 'T2_US_Wisconsin'], 'TotalSysCpuTimeHistory': [53]}, '73': {'Retries': 0, 'WallDurations': [9.0, 166.7031590938568, 57565.0], 'StartTimes': [1637168647.0], 'SubmitTimes': [1637168458.0], 'JobIds': ['71687511.0'], 'EndTimes': [1637226212.0], 'Restarts': 0, 'RecordedSite': True, 'State': 'transferring', 'ResidentSetSize': [579096], 'TotalUserCpuTimeHistory': [1732], 'SiteHistory': ['Unknown', 'T2_US_Wisconsin', 'T2_US_Wisconsin'], 'TotalSysCpuTimeHistory': [137]}, '72': {'Retries': 0, 'WallDurations': [9.0, 168.7031590938568, 13288.0], 'StartTimes': [1637168645.0], 'SubmitTimes': [1637168458.0], 'JobIds': ['71687510.0'], 'EndTimes': [1637181933.0], 'Restarts': 0, 'RecordedSite': True, 'State': 'finished', 'ResidentSetSize': [559148], 'TotalUserCpuTimeHistory': [870], 'SiteHistory': ['Unknown', 'T2_US_Wisconsin', 'T2_US_Wisconsin'], 'TotalSysCpuTimeHistory': [49]}, '71': {'Retries': 0, 'WallDurations': [8.0, 166.7031590938568, 15003.0], 'StartTimes': [1637168647.0], 'SubmitTimes': [1637168458.0], 'JobIds': ['71687513.0'], 'EndTimes': [1637183650.0], 'Restarts': 0, 'RecordedSite': True, 'State': 'finished', 'ResidentSetSize': [520528], 'TotalUserCpuTimeHistory': [1364], 'SiteHistory': ['Unknown', 'T2_US_Wisconsin', 'T2_US_Wisconsin'], 'TotalSysCpuTimeHistory': [90]}, '70': {'Retries': 0, 'WallDurations': [9.0, 168.7031590938568, 14591.0], 'StartTimes': [1637168645.0], 'SubmitTimes': [1637168458.0], 'JobIds': ['71687509.0'], 'EndTimes': [1637183236.0], 'Restarts': 0, 'RecordedSite': True, 'State': 'finished', 'ResidentSetSize': [562368], 'TotalUserCpuTimeHistory': [1374], 'SiteHistory': ['Unknown', 'T2_US_Wisconsin', 'T2_US_Wisconsin'], 'TotalSysCpuTimeHistory': [127]}, '79': {'Retries': 0, 'WallDurations': [8.0, 168.7031590938568, 45109.0], 'StartTimes': [1637168645.0], 'SubmitTimes': [1637168459.0], 'JobIds': ['71687517.0'], 'EndTimes': [1637213754.0], 'Restarts': 0, 'RecordedSite': True, 'State': 'finished', 'ResidentSetSize': [559124], 'TotalUserCpuTimeHistory': [1271], 'SiteHistory': ['Unknown', 'T2_US_MIT', 'T2_US_MIT'], 'TotalSysCpuTimeHistory': [75]}, '78': {'Retries': 0, 'WallDurations': [9.0, 166.7031590938568, 15001.0], 'StartTimes': [1637168647.0], 'SubmitTimes': [1637168459.0], 'JobIds': ['71687518.0'], 'EndTimes': [1637183648.0], 'Restarts': 0, 'RecordedSite': True, 'State': 'finished', 'ResidentSetSize': [519508], 'TotalUserCpuTimeHistory': [1397], 'SiteHistory': ['Unknown', 'T2_US_Wisconsin', 'T2_US_Wisconsin'], 'TotalSysCpuTimeHistory': [120]}}
INFO 2021-11-18 09:21:55.236 UTC: 	 Status on the scheduler:	SUBMITTED
INFO 2021-11-18 09:21:55.236 UTC: 	 
Jobs status:                    finished     		 68.2% (60/88)
INFO 2021-11-18 09:21:55.237 UTC: 	 				running      		 29.5% (26/88)
INFO 2021-11-18 09:21:55.237 UTC: 	 				transferring 		  2.3% ( 2/88)
INFO 2021-11-18 09:21:55.237 UTC: 	 
No publication information (publication has been disabled in the CRAB configuration file)
INFO 2021-11-18 09:21:55.239 UTC: 	 
Warning: the average jobs CPU efficiency is less than 50%, please consider to improve the jobs splitting (e.g. config.Data.splitting = 'Automatic') in a new task
INFO 2021-11-18 09:21:55.239 UTC: 	 
Summary of run jobs:
 * Memory: 0MB min, 647MB max, 508MB ave
 * Runtime: 0:00:00 min, 15:59:25 max, 7:22:56 ave
 * CPU eff: 2% min, 46% max, 5% ave
 * Waste: 9:15:38 (2% of total)

INFO 2021-11-18 09:21:55.248 UTC: 	 Log file is /afs/cern.ch/work/y/yian/work/GZ/CMSSW_10_6_20/src/PhysicsTools/NanoAODTools/WWG/2016post/crab/crab2016/crab_TTJets_TuneCP5_13TeV-amcatnloFXFX-pythia8_2016/crab.log
