DEBUG 2021-05-18 05:50:55.694 UTC: 	 CRAB Client version: v3.210323
DEBUG 2021-05-18 05:50:55.694 UTC: 	 Running on: Linux lxplus739.cern.ch 3.10.0-1160.24.1.el7.x86_64 #1 SMP Thu Apr 8 19:51:47 UTC 2021 x86_64 x86_64 x86_64 GNU/Linux - CentOS Linux 7 (Core)
DEBUG 2021-05-18 05:50:55.694 UTC: 	 Executing command: 'submit'
DEBUG 2021-05-18 05:50:55.695 UTC: 	 Found CRAB cache file /afs/cern.ch/user/y/yian/.crab3
INFO 2021-05-18 05:50:55.696 UTC: 	 Will use CRAB configuration file crabcode_2018/WWTo2L2Nu_NNPDF31_TuneCP5_13TeV-powheg-pythia8.py
DEBUG 2021-05-18 05:50:55.697 UTC: 	 Loading CRAB configuration file.
DEBUG 2021-05-18 05:50:55.701 UTC: 	 Will use CRAB Analysis plugin (i.e. will run an analysis job type).
DEBUG 2021-05-18 05:50:55.717 UTC: 	 Checking credentials
DEBUG 2021-05-18 05:50:55.718 UTC: 	 Found proxy file /tmp/x509up_u110046
DEBUG 2021-05-18 05:50:55.718 UTC: 	 Getting proxy life time left
DEBUG 2021-05-18 05:50:56.427 UTC: 	 Executing : 
 command : voms-proxy-info -file /tmp/x509up_u110046 -timeleft
 output : 599459

 error: 
 retcode : 0
DEBUG 2021-05-18 05:50:57.033 UTC: 	 Executing : 
 command : voms-proxy-info -file /tmp/x509up_u110046 -actimeleft
 output : 599458

 error: 
 retcode : 0
DEBUG 2021-05-18 05:50:57.034 UTC: 	 Proxy lifetime 599459 secs is different from voms extension lifetime 599458 secs for proxy: /tmp/x509up_u110046
DEBUG 2021-05-18 05:50:57.034 UTC: 	 Proxy valid for 166:30:58 hours
DEBUG 2021-05-18 05:50:57.639 UTC: 	 Executing : 
 command : env X509_USER_PROXY=/tmp/x509up_u110046 voms-proxy-info -fqan
 output : /cms/Role=NULL/Capability=NULL

 error: 
 retcode : 0
DEBUG 2021-05-18 05:50:57.751 UTC: 	 Registering user credentials for server /DC=ch/DC=cern/OU=computers/CN=vocms0105.cern.ch|/DC=ch/DC=cern/OU=computers/CN=crab-(preprod|prod|dev)-tw(02|01).cern.ch|/DC=ch/DC=cern/OU=computers/CN=(ddi|ddidk|mytw).cern.ch|/DC=ch/DC=cern/OU=computers/CN=stefanov(m|m2).cern.ch
DEBUG 2021-05-18 05:50:58.363 UTC: 	 Executing : 
 command : voms-proxy-info -file /tmp/x509up_u110046 -identity
 output : /DC=ch/DC=cern/OU=Organic Units/OU=Users/CN=yian/CN=826694/CN=Ying An

 error: 
 retcode : 0
DEBUG 2021-05-18 05:50:58.372 UTC: 	 Getting myproxy life time left for myproxy.cern.ch
DEBUG 2021-05-18 05:50:58.372 UTC: 	 using b52ac606a6f7097e9b4b8f05a3a67cc69f8f291b as credential login name
DEBUG 2021-05-18 05:50:58.776 UTC: 	 Executing : 
 command : myproxy-info -l b52ac606a6f7097e9b4b8f05a3a67cc69f8f291b -s myproxy.cern.ch
 output : username: b52ac606a6f7097e9b4b8f05a3a67cc69f8f291b
owner: /DC=ch/DC=cern/OU=Organic Units/OU=Users/CN=yian/CN=826694/CN=Ying An
  renewal policy: /DC=ch/DC=cern/OU=computers/CN=vocms0105.cern.ch|/DC=ch/DC=cern/OU=computers/CN=crab-(preprod|prod|dev)-tw(02|01).cern.ch|/DC=ch/DC=cern/OU=computers/CN=(ddi|ddidk|mytw).cern.ch|/DC=ch/DC=cern/OU=computers/CN=stefanov(m|m2).cern.ch
  trusted retrieval policy: /DC=ch/DC=cern/OU=computers/CN=vocms0105.cern.ch|/DC=ch/DC=cern/OU=computers/CN=crab-(preprod|prod|dev)-tw(02|01).cern.ch|/DC=ch/DC=cern/OU=computers/CN=(ddi|ddidk|mytw).cern.ch|/DC=ch/DC=cern/OU=computers/CN=stefanov(m|m2).cern.ch
  timeleft: 705:11:52  (29.4 days)

 error: 
 retcode : 0
DEBUG 2021-05-18 05:50:58.777 UTC: 	 Myproxy is valid: 2538712
DEBUG 2021-05-18 05:50:58.777 UTC: 	 Retrieving username ...
DEBUG 2021-05-18 05:50:58.777 UTC: 	 Retrieving username from CRIC...
DEBUG 2021-05-18 05:50:59.646 UTC: 	 username is yian
DEBUG 2021-05-18 05:50:59.652 UTC: 	 Getting myproxy life time left for myproxy.cern.ch
DEBUG 2021-05-18 05:50:59.652 UTC: 	 using yian_CRAB as credential login name
DEBUG 2021-05-18 05:51:00.056 UTC: 	 Executing : 
 command : myproxy-info -l yian_CRAB -s myproxy.cern.ch
 output : username: yian_CRAB
owner: /DC=ch/DC=cern/OU=Organic Units/OU=Users/CN=yian/CN=826694/CN=Ying An
  renewal policy: /DC=ch/DC=cern/OU=computers/CN=vocms0105.cern.ch|/DC=ch/DC=cern/OU=computers/CN=crab-(preprod|prod|dev)-tw(02|01).cern.ch|/DC=ch/DC=cern/OU=computers/CN=(ddi|ddidk|mytw).cern.ch|/DC=ch/DC=cern/OU=computers/CN=stefanov(m|m2).cern.ch
  trusted retrieval policy: /DC=ch/DC=cern/OU=computers/CN=vocms0105.cern.ch|/DC=ch/DC=cern/OU=computers/CN=crab-(preprod|prod|dev)-tw(02|01).cern.ch|/DC=ch/DC=cern/OU=computers/CN=(ddi|ddidk|mytw).cern.ch|/DC=ch/DC=cern/OU=computers/CN=stefanov(m|m2).cern.ch
  timeleft: 705:13:06  (29.4 days)

 error: 
 retcode : 0
DEBUG 2021-05-18 05:51:00.057 UTC: 	 Myproxy is valid: 2538786
DEBUG 2021-05-18 05:51:00.057 UTC: 	 Result of myproxy credential check:
  Credential exists on myproxy: username: b52ac606a6f7097e9b4b8f05a3a67cc69f8f291b  - validity: 29 days, 9:11:52
  Credential exists on myproxy: username: yian_CRAB  - validity: 29 days, 9:13:06
DEBUG 2021-05-18 05:51:00.057 UTC: 	 Command use: submit
DEBUG 2021-05-18 05:51:00.057 UTC: 	 Options use: ['-c', 'crabcode_2018/WWTo2L2Nu_NNPDF31_TuneCP5_13TeV-powheg-pythia8.py']
DEBUG 2021-05-18 05:51:00.165 UTC: 	 CRABClient version: v3.210323
DEBUG 2021-05-18 05:51:00.165 UTC: 	 Instance is prod
DEBUG 2021-05-18 05:51:00.165 UTC: 	 Server base url is cmsweb.cern.ch
DEBUG 2021-05-18 05:51:00.165 UTC: 	 Command url /crabserver/prod/workflow
DEBUG 2021-05-18 05:51:00.165 UTC: 	 Started submission
DEBUG 2021-05-18 05:51:00.165 UTC: 	 Working on /afs/cern.ch/work/y/yian/work/GZ/CMSSW_10_6_20/src/PhysicsTools/NanoAODTools/WWG/2018/crab/crab2018/crab_WWTo2L2Nu_NNPDF31_TuneCP5_13TeV-powheg-pythia8
DEBUG 2021-05-18 05:51:00.359 UTC: 	 Loading required information from the environment
DEBUG 2021-05-18 05:51:00.359 UTC: 	 Found CMSSW_10_6_20 for slc7_amd64_gcc820 with base /afs/cern.ch/work/y/yian/work/GZ/CMSSW_10_6_20
DEBUG 2021-05-18 05:51:00.359 UTC: 	 Loading required information from the environment
DEBUG 2021-05-18 05:51:00.359 UTC: 	 Found CMSSW_10_6_20 for slc7_amd64_gcc820 with base /afs/cern.ch/work/y/yian/work/GZ/CMSSW_10_6_20
DEBUG 2021-05-18 05:51:00.359 UTC: 	 UNIQUE NAME: tarUUID ed31d2fc-31ba-4d87-8b9d-074cb89dd625 
DEBUG 2021-05-18 05:51:00.359 UTC: 	 self.config: from WMCore.Configuration import Configuration
config = Configuration()
config.section_('General')
config.General.workArea = 'crab2018'
config.General.transferLogs = False
config.General.requestName = 'WWTo2L2Nu_NNPDF31_TuneCP5_13TeV-powheg-pythia8'
config.section_('JobType')
config.JobType.scriptArgs = ['isdata=MC', 'year=2018']
config.JobType.scriptExe = './WWG_crab_script.sh'
config.JobType.pluginName = 'Analysis'
config.JobType.sendPythonFolder = True
config.JobType.allowUndistributedCMSSW = True
config.JobType.psetName = 'PSet.py'
config.JobType.inputFiles = ['../../../scripts/haddnano.py', '../WWG_selector/WWG_postproc.py', '../WWG_selector/WWG_Module.py', '../WWG_selector/WWG_keep_and_drop.txt', '../WWG_selector/WWG_output_branch.txt', '../WWG_selector/DAS_filesearch.py']
config.section_('Data')
config.Data.inputDataset = '/WWTo2L2Nu_NNPDF31_TuneCP5_13TeV-powheg-pythia8/RunIIAutumn18NanoAODv7-Nano02Apr2020_102X_upgrade2018_realistic_v21-v1/NANOAODSIM'
config.Data.allowNonValidInputDataset = True
config.Data.publication = False
config.Data.unitsPerJob = 1
config.Data.ignoreLocality = True
config.Data.inputDBS = 'global'
config.Data.splitting = 'FileBased'
config.Data.outputDatasetTag = 'WWTo2L2Nu_NNPDF31_TuneCP5_13TeV-powheg-pythia8'
config.section_('Site')
config.Site.whitelist = ['T2_US_MIT', 'T2_US_Wisconsin', 'T2_US_Purdue', 'T2_US_UCSD', 'T2_US_Caltech', 'T2_US_Nebraska']
config.Site.storageSite = 'T3_CH_CERNBOX'

DEBUG 2021-05-18 05:51:00.359 UTC: 	 self.config.JobType.psetName: PSet.py
INFO 2021-05-18 05:51:00.360 UTC: 	 Importing CMSSW configuration PSet.py
INFO 2021-05-18 05:51:01.107 UTC: 	 Finished importing CMSSW configuration PSet.py
DEBUG 2021-05-18 05:51:01.108 UTC: 	 Writing CMSSW configuration to /afs/cern.ch/work/y/yian/work/GZ/CMSSW_10_6_20/src/PhysicsTools/NanoAODTools/WWG/2018/crab/crab2018/crab_WWTo2L2Nu_NNPDF31_TuneCP5_13TeV-powheg-pythia8/inputs/PSet.py
DEBUG 2021-05-18 05:51:01.119 UTC: 	 The following EDM output files will be collected: ['tree.root']
DEBUG 2021-05-18 05:51:01.119 UTC: 	 The following TFile output files will be collected: []
DEBUG 2021-05-18 05:51:01.119 UTC: 	 The following user output files (not listed as PoolOuputModule or TFileService in the CMSSW PSet) will be collected: 
DEBUG 2021-05-18 05:51:01.119 UTC: 	 Loading required information from the environment
DEBUG 2021-05-18 05:51:01.119 UTC: 	 Found CMSSW_10_6_20 for slc7_amd64_gcc820 with base /afs/cern.ch/work/y/yian/work/GZ/CMSSW_10_6_20
DEBUG 2021-05-18 05:51:01.119 UTC: 	 Making tarball in /afs/cern.ch/work/y/yian/work/GZ/CMSSW_10_6_20/src/PhysicsTools/NanoAODTools/WWG/2018/crab/crab2018/crab_WWTo2L2Nu_NNPDF31_TuneCP5_13TeV-powheg-pythia8/inputs/ed31d2fc-31ba-4d87-8b9d-074cb89dd625default.tgz
DEBUG 2021-05-18 05:51:01.121 UTC: 	 Checking directory /afs/cern.ch/work/y/yian/work/GZ/CMSSW_10_6_20/lib
DEBUG 2021-05-18 05:51:01.121 UTC: 	 Adding directory /afs/cern.ch/work/y/yian/work/GZ/CMSSW_10_6_20/lib to tarball
DEBUG 2021-05-18 05:51:01.323 UTC: 	 Checking directory /afs/cern.ch/work/y/yian/work/GZ/CMSSW_10_6_20/biglib
DEBUG 2021-05-18 05:51:01.323 UTC: 	 Adding directory /afs/cern.ch/work/y/yian/work/GZ/CMSSW_10_6_20/biglib to tarball
DEBUG 2021-05-18 05:51:01.324 UTC: 	 Checking directory /afs/cern.ch/work/y/yian/work/GZ/CMSSW_10_6_20/module
DEBUG 2021-05-18 05:51:01.324 UTC: 	 Checking directory /afs/cern.ch/work/y/yian/work/GZ/CMSSW_10_6_20/python
DEBUG 2021-05-18 05:51:01.324 UTC: 	 Adding directory /afs/cern.ch/work/y/yian/work/GZ/CMSSW_10_6_20/python to tarball
DEBUG 2021-05-18 05:51:07.428 UTC: 	 Checking directory /afs/cern.ch/work/y/yian/work/GZ/CMSSW_10_6_20/cfipython
DEBUG 2021-05-18 05:51:07.429 UTC: 	 Adding directory /afs/cern.ch/work/y/yian/work/GZ/CMSSW_10_6_20/cfipython to tarball
DEBUG 2021-05-18 05:51:10.347 UTC: 	 Adding data directory /afs/cern.ch/work/y/yian/work/GZ/CMSSW_10_6_20/src/PhysicsTools/NanoAODTools/data to tarball
DEBUG 2021-05-18 05:51:37.377 UTC: 	 Adding data directory /afs/cern.ch/work/y/yian/work/GZ/CMSSW_10_6_20/src/PhysicsTools/NanoAODTools/interface to tarball
DEBUG 2021-05-18 05:51:37.394 UTC: 	 Adding data directory /afs/cern.ch/work/y/yian/work/GZ/CMSSW_10_6_20/src/PhysicsTools/NanoAODTools/python/postprocessing/data to tarball
DEBUG 2021-05-18 05:51:39.631 UTC: 	 Adding file ../../../scripts/haddnano.py to tarball
DEBUG 2021-05-18 05:51:39.635 UTC: 	 Adding file ../WWG_selector/WWG_postproc.py to tarball
DEBUG 2021-05-18 05:51:39.637 UTC: 	 Adding file ../WWG_selector/WWG_Module.py to tarball
DEBUG 2021-05-18 05:51:39.641 UTC: 	 Adding file ../WWG_selector/WWG_keep_and_drop.txt to tarball
DEBUG 2021-05-18 05:51:39.643 UTC: 	 Adding file ../WWG_selector/WWG_output_branch.txt to tarball
DEBUG 2021-05-18 05:51:39.644 UTC: 	 Adding file ../WWG_selector/DAS_filesearch.py to tarball
DEBUG 2021-05-18 05:51:44.301 UTC: 	 Uploading archive /afs/cern.ch/work/y/yian/work/GZ/CMSSW_10_6_20/src/PhysicsTools/NanoAODTools/WWG/2018/crab/crab2018/crab_WWTo2L2Nu_NNPDF31_TuneCP5_13TeV-powheg-pythia8/inputs/ed31d2fc-31ba-4d87-8b9d-074cb89dd625default.tgz (94 MB) to the CRAB cache. Using URI https://cmsweb.cern.ch:8443/crabcache
DEBUG 2021-05-18 05:52:53.722 UTC: 	 Loading required information from the environment
DEBUG 2021-05-18 05:52:53.722 UTC: 	 Found CMSSW_10_6_20 for slc7_amd64_gcc820 with base /afs/cern.ch/work/y/yian/work/GZ/CMSSW_10_6_20
DEBUG 2021-05-18 05:52:53.722 UTC: 	 Making tarball in /afs/cern.ch/work/y/yian/work/GZ/CMSSW_10_6_20/src/PhysicsTools/NanoAODTools/WWG/2018/crab/crab2018/crab_WWTo2L2Nu_NNPDF31_TuneCP5_13TeV-powheg-pythia8/inputs/debugFiles.tgz
DEBUG 2021-05-18 05:52:53.729 UTC: 	 Uploading archive /afs/cern.ch/work/y/yian/work/GZ/CMSSW_10_6_20/src/PhysicsTools/NanoAODTools/WWG/2018/crab/crab2018/crab_WWTo2L2Nu_NNPDF31_TuneCP5_13TeV-powheg-pythia8/inputs/debugFiles.tgz (1 KB) to the CRAB cache. Using URI https://cmsweb.cern.ch:8443/crabcache
DEBUG 2021-05-18 05:52:53.882 UTC: 	 Result uploading input files: 46b168289b5ece6aff8278692e9426dbe2aeea681e2a56a14f94f33e5377e4ca.tar.gz 
INFO 2021-05-18 05:52:53.882 UTC: 	 Sending the request to the server at cmsweb.cern.ch
DEBUG 2021-05-18 05:52:53.882 UTC: 	 Submitting {'maxjobruntime': 1250, 'extrajdl': [], 'ignorelocality': 1, 'savelogsflag': 0, 'useparent': 0, 'scriptexe': 'WWG_crab_script.sh', 'asyncdest': 'T3_CH_CERNBOX', 'algoargs': 1, 'cachefilename': '46b168289b5ece6aff8278692e9426dbe2aeea681e2a56a14f94f33e5377e4ca.tar.gz', 'numcores': 1, 'addoutputfiles': [], 'generator': 'pythia', 'maxmemory': 2000, 'publishdbsurl': 'https://cmsweb.cern.ch/dbs/prod/phys03/DBSWriter', 'priority': 10, 'jobsw': 'CMSSW_10_6_20', 'edmoutfiles': ['tree.root'], 'userfiles': [], 'primarydataset': '', 'inputdata': '/WWTo2L2Nu_NNPDF31_TuneCP5_13TeV-powheg-pythia8/RunIIAutumn18NanoAODv7-Nano02Apr2020_102X_upgrade2018_realistic_v21-v1/NANOAODSIM', 'dryrun': 0, 'workflow': 'crab_WWTo2L2Nu_NNPDF31_TuneCP5_13TeV-powheg-pythia8', 'scriptargs': ['isdata=MC', 'year=2018'], 'sitewhitelist': ['T2_US_MIT', 'T2_US_Wisconsin', 'T2_US_Purdue', 'T2_US_UCSD', 'T2_US_Caltech', 'T2_US_Nebraska'], 'nonprodsw': 1, 'tfileoutfiles': [], 'oneEventMode': 0, 'debugfilename': '2ddba957638da90402ffb208f7b1594e2dd9facc938f3730e41c3064d3c65bae.tar.gz', 'cacheurl': u'https://cmsweb.cern.ch:8443/crabcache', 'saveoutput': 1, 'publication': 0, 'jobarch': 'slc7_amd64_gcc820', 'totalunits': 0, 'splitalgo': 'FileBased', 'ignoreglobalblacklist': 0, 'nonvaliddata': 1, 'dbsurl': 'https://cmsweb.cern.ch/dbs/prod/global/DBSReader', 'publishgroupname': 0, 'jobtype': 'Analysis', 'publishname2': 'WWTo2L2Nu_NNPDF31_TuneCP5_13TeV-powheg-pythia8'} 
DEBUG 2021-05-18 05:52:53.883 UTC: 	 Encoded submit request: maxjobruntime=1250&ignorelocality=1&savelogsflag=0&useparent=0&scriptexe=WWG_crab_script.sh&asyncdest=T3_CH_CERNBOX&algoargs=1&cachefilename=46b168289b5ece6aff8278692e9426dbe2aeea681e2a56a14f94f33e5377e4ca.tar.gz&numcores=1&generator=pythia&maxmemory=2000&publishdbsurl=https%3A%2F%2Fcmsweb.cern.ch%2Fdbs%2Fprod%2Fphys03%2FDBSWriter&priority=10&jobsw=CMSSW_10_6_20&primarydataset=&inputdata=%2FWWTo2L2Nu_NNPDF31_TuneCP5_13TeV-powheg-pythia8%2FRunIIAutumn18NanoAODv7-Nano02Apr2020_102X_upgrade2018_realistic_v21-v1%2FNANOAODSIM&dryrun=0&workflow=crab_WWTo2L2Nu_NNPDF31_TuneCP5_13TeV-powheg-pythia8&nonprodsw=1&oneEventMode=0&debugfilename=2ddba957638da90402ffb208f7b1594e2dd9facc938f3730e41c3064d3c65bae.tar.gz&cacheurl=https%3A%2F%2Fcmsweb.cern.ch%3A8443%2Fcrabcache&saveoutput=1&publication=0&jobarch=slc7_amd64_gcc820&totalunits=0&splitalgo=FileBased&ignoreglobalblacklist=0&nonvaliddata=1&dbsurl=https%3A%2F%2Fcmsweb.cern.ch%2Fdbs%2Fprod%2Fglobal%2FDBSReader&publishgroupname=0&jobtype=Analysis&publishname2=WWTo2L2Nu_NNPDF31_TuneCP5_13TeV-powheg-pythia8&sitewhitelist=T2_US_MIT&sitewhitelist=T2_US_Wisconsin&sitewhitelist=T2_US_Purdue&sitewhitelist=T2_US_UCSD&sitewhitelist=T2_US_Caltech&sitewhitelist=T2_US_Nebraska&edmoutfiles=tree.root&scriptargs=isdata%3DMC&scriptargs=year%3D2018
DEBUG 2021-05-18 05:52:54.076 UTC: 	 Result: {u'result': [{u'RequestName': u'210518_055253:yian_crab_WWTo2L2Nu_NNPDF31_TuneCP5_13TeV-powheg-pythia8'}]}
INFO 2021-05-18 05:52:54.080 UTC: 	 Success: Your task has been delivered to the prod CRAB3 server.
INFO 2021-05-18 05:52:54.080 UTC: 	 Task name: 210518_055253:yian_crab_WWTo2L2Nu_NNPDF31_TuneCP5_13TeV-powheg-pythia8
INFO 2021-05-18 05:52:54.080 UTC: 	 Project dir: crab2018/crab_WWTo2L2Nu_NNPDF31_TuneCP5_13TeV-powheg-pythia8
INFO 2021-05-18 05:52:54.080 UTC: 	 Please use ' crab status -d crab2018/crab_WWTo2L2Nu_NNPDF31_TuneCP5_13TeV-powheg-pythia8 ' to check how the submission process proceeds.
DEBUG 2021-05-18 05:52:54.080 UTC: 	 About to return
INFO 2021-05-18 05:52:54.083 UTC: 	 Log file is /afs/cern.ch/work/y/yian/work/GZ/CMSSW_10_6_20/src/PhysicsTools/NanoAODTools/WWG/2018/crab/crab2018/crab_WWTo2L2Nu_NNPDF31_TuneCP5_13TeV-powheg-pythia8/crab.log
