DEBUG 2021-05-19 14:21:17.231 UTC: 	 CRAB Client version: v3.210323
DEBUG 2021-05-19 14:21:17.232 UTC: 	 Running on: Linux lxplus727.cern.ch 3.10.0-1160.24.1.el7.x86_64 #1 SMP Thu Apr 8 19:51:47 UTC 2021 x86_64 x86_64 x86_64 GNU/Linux - CentOS Linux 7 (Core)
DEBUG 2021-05-19 14:21:17.232 UTC: 	 Executing command: 'submit'
DEBUG 2021-05-19 14:21:17.232 UTC: 	 Found CRAB cache file /afs/cern.ch/user/y/yian/.crab3
INFO 2021-05-19 14:21:17.236 UTC: 	 Will use CRAB configuration file crabcode_2018/MuonEG_Run2018D_cfg.py
DEBUG 2021-05-19 14:21:17.237 UTC: 	 Loading CRAB configuration file.
DEBUG 2021-05-19 14:21:17.282 UTC: 	 Will use CRAB Analysis plugin (i.e. will run an analysis job type).
DEBUG 2021-05-19 14:21:17.562 UTC: 	 Checking credentials
DEBUG 2021-05-19 14:21:17.562 UTC: 	 Found proxy file /tmp/x509up_u110046
DEBUG 2021-05-19 14:21:17.562 UTC: 	 Getting proxy life time left
DEBUG 2021-05-19 14:21:18.267 UTC: 	 Executing : 
 command : voms-proxy-info -file /tmp/x509up_u110046 -timeleft
 output : 604458

 error: 
 retcode : 0
DEBUG 2021-05-19 14:21:18.881 UTC: 	 Executing : 
 command : voms-proxy-info -file /tmp/x509up_u110046 -actimeleft
 output : 604458

 error: 
 retcode : 0
DEBUG 2021-05-19 14:21:18.882 UTC: 	 Proxy valid for 167:54:18 hours
DEBUG 2021-05-19 14:21:19.491 UTC: 	 Executing : 
 command : env X509_USER_PROXY=/tmp/x509up_u110046 voms-proxy-info -fqan
 output : /cms/Role=NULL/Capability=NULL

 error: 
 retcode : 0
DEBUG 2021-05-19 14:21:19.574 UTC: 	 Registering user credentials for server /DC=ch/DC=cern/OU=computers/CN=vocms0105.cern.ch|/DC=ch/DC=cern/OU=computers/CN=crab-(preprod|prod|dev)-tw(02|01).cern.ch|/DC=ch/DC=cern/OU=computers/CN=(ddi|ddidk|mytw).cern.ch|/DC=ch/DC=cern/OU=computers/CN=stefanov(m|m2).cern.ch
DEBUG 2021-05-19 14:21:20.286 UTC: 	 Executing : 
 command : voms-proxy-info -file /tmp/x509up_u110046 -identity
 output : /DC=ch/DC=cern/OU=Organic Units/OU=Users/CN=yian/CN=826694/CN=Ying An

 error: 
 retcode : 0
DEBUG 2021-05-19 14:21:20.294 UTC: 	 Getting myproxy life time left for myproxy.cern.ch
DEBUG 2021-05-19 14:21:20.294 UTC: 	 using b52ac606a6f7097e9b4b8f05a3a67cc69f8f291b as credential login name
DEBUG 2021-05-19 14:21:20.699 UTC: 	 Executing : 
 command : myproxy-info -l b52ac606a6f7097e9b4b8f05a3a67cc69f8f291b -s myproxy.cern.ch
 output : username: b52ac606a6f7097e9b4b8f05a3a67cc69f8f291b
owner: /DC=ch/DC=cern/OU=Organic Units/OU=Users/CN=yian/CN=826694/CN=Ying An
  renewal policy: /DC=ch/DC=cern/OU=computers/CN=vocms0105.cern.ch|/DC=ch/DC=cern/OU=computers/CN=crab-(preprod|prod|dev)-tw(02|01).cern.ch|/DC=ch/DC=cern/OU=computers/CN=(ddi|ddidk|mytw).cern.ch|/DC=ch/DC=cern/OU=computers/CN=stefanov(m|m2).cern.ch
  trusted retrieval policy: /DC=ch/DC=cern/OU=computers/CN=vocms0105.cern.ch|/DC=ch/DC=cern/OU=computers/CN=crab-(preprod|prod|dev)-tw(02|01).cern.ch|/DC=ch/DC=cern/OU=computers/CN=(ddi|ddidk|mytw).cern.ch|/DC=ch/DC=cern/OU=computers/CN=stefanov(m|m2).cern.ch
  timeleft: 672:41:30  (28.0 days)

 error: 
 retcode : 0
DEBUG 2021-05-19 14:21:20.700 UTC: 	 Myproxy is valid: 2421690
DEBUG 2021-05-19 14:21:20.701 UTC: 	 Retrieving username ...
DEBUG 2021-05-19 14:21:20.701 UTC: 	 Retrieving username from CRIC...
DEBUG 2021-05-19 14:21:21.443 UTC: 	 username is yian
DEBUG 2021-05-19 14:21:21.449 UTC: 	 Getting myproxy life time left for myproxy.cern.ch
DEBUG 2021-05-19 14:21:21.450 UTC: 	 using yian_CRAB as credential login name
DEBUG 2021-05-19 14:21:21.754 UTC: 	 Executing : 
 command : myproxy-info -l yian_CRAB -s myproxy.cern.ch
 output : username: yian_CRAB
owner: /DC=ch/DC=cern/OU=Organic Units/OU=Users/CN=yian/CN=826694/CN=Ying An
  renewal policy: /DC=ch/DC=cern/OU=computers/CN=vocms0105.cern.ch|/DC=ch/DC=cern/OU=computers/CN=crab-(preprod|prod|dev)-tw(02|01).cern.ch|/DC=ch/DC=cern/OU=computers/CN=(ddi|ddidk|mytw).cern.ch|/DC=ch/DC=cern/OU=computers/CN=stefanov(m|m2).cern.ch
  trusted retrieval policy: /DC=ch/DC=cern/OU=computers/CN=vocms0105.cern.ch|/DC=ch/DC=cern/OU=computers/CN=crab-(preprod|prod|dev)-tw(02|01).cern.ch|/DC=ch/DC=cern/OU=computers/CN=(ddi|ddidk|mytw).cern.ch|/DC=ch/DC=cern/OU=computers/CN=stefanov(m|m2).cern.ch
  timeleft: 672:42:44  (28.0 days)

 error: 
 retcode : 0
DEBUG 2021-05-19 14:21:21.754 UTC: 	 Myproxy is valid: 2421764
DEBUG 2021-05-19 14:21:21.755 UTC: 	 Result of myproxy credential check:
  Credential exists on myproxy: username: b52ac606a6f7097e9b4b8f05a3a67cc69f8f291b  - validity: 28 days, 0:41:30
  Credential exists on myproxy: username: yian_CRAB  - validity: 28 days, 0:42:44
DEBUG 2021-05-19 14:21:21.755 UTC: 	 Command use: submit
DEBUG 2021-05-19 14:21:21.755 UTC: 	 Options use: ['-c', 'crabcode_2018/MuonEG_Run2018D_cfg.py']
DEBUG 2021-05-19 14:21:21.811 UTC: 	 CRABClient version: v3.210323
DEBUG 2021-05-19 14:21:21.811 UTC: 	 Instance is prod
DEBUG 2021-05-19 14:21:21.811 UTC: 	 Server base url is cmsweb.cern.ch
DEBUG 2021-05-19 14:21:21.811 UTC: 	 Command url /crabserver/prod/workflow
DEBUG 2021-05-19 14:21:21.811 UTC: 	 Started submission
DEBUG 2021-05-19 14:21:21.811 UTC: 	 Working on /afs/cern.ch/work/y/yian/work/GZ/CMSSW_10_6_20/src/PhysicsTools/NanoAODTools/WWG/2018/fakephoton_crab/crab2018/crab_MuonEG_Run2018D
DEBUG 2021-05-19 14:21:21.928 UTC: 	 Loading required information from the environment
DEBUG 2021-05-19 14:21:21.929 UTC: 	 Found CMSSW_10_6_20 for slc7_amd64_gcc820 with base /afs/cern.ch/work/y/yian/work/GZ/CMSSW_10_6_20
DEBUG 2021-05-19 14:21:21.929 UTC: 	 Loading required information from the environment
DEBUG 2021-05-19 14:21:21.929 UTC: 	 Found CMSSW_10_6_20 for slc7_amd64_gcc820 with base /afs/cern.ch/work/y/yian/work/GZ/CMSSW_10_6_20
DEBUG 2021-05-19 14:21:21.929 UTC: 	 UNIQUE NAME: tarUUID f2244dda-7195-463f-8355-4653194fdbbc 
DEBUG 2021-05-19 14:21:21.929 UTC: 	 self.config: from WMCore.Configuration import Configuration
config = Configuration()
config.section_('General')
config.General.workArea = 'crab2018'
config.General.transferLogs = False
config.General.requestName = 'MuonEG_Run2018D'
config.section_('JobType')
config.JobType.scriptArgs = ['isdata=data', 'year=2018']
config.JobType.scriptExe = './WWG_crab_script.sh'
config.JobType.pluginName = 'Analysis'
config.JobType.sendPythonFolder = True
config.JobType.allowUndistributedCMSSW = True
config.JobType.psetName = 'PSet.py'
config.JobType.inputFiles = ['../../../scripts/haddnano.py', '../WWG_fakephoton/WWG_postproc.py', '../WWG_fakephoton/WWGfakephoton_Module.py', '../WWG_fakephoton/WWG_keep_and_drop.txt', '../WWG_fakephoton/WWG_output_branch.txt', '../WWG_fakephoton/DAS_filesearch.py']
config.section_('Data')
config.Data.inputDataset = '/MuonEG/Run2018D-UL2018_MiniAODv1_NanoAODv2-v1/NANOAOD'
config.Data.allowNonValidInputDataset = True
config.Data.publication = False
config.Data.unitsPerJob = 1
config.Data.ignoreLocality = True
config.Data.inputDBS = 'global'
config.Data.splitting = 'FileBased'
config.Data.outputDatasetTag = 'MuonEG_Run2018D'
config.section_('Site')
config.Site.whitelist = ['T2_US_MIT', 'T2_US_Wisconsin', 'T2_US_Purdue', 'T2_US_UCSD', 'T2_US_Caltech', 'T2_US_Nebraska']
config.Site.storageSite = 'T3_CH_CERNBOX'

DEBUG 2021-05-19 14:21:21.929 UTC: 	 self.config.JobType.psetName: PSet.py
INFO 2021-05-19 14:21:21.930 UTC: 	 Importing CMSSW configuration PSet.py
INFO 2021-05-19 14:21:22.406 UTC: 	 Finished importing CMSSW configuration PSet.py
DEBUG 2021-05-19 14:21:22.406 UTC: 	 Writing CMSSW configuration to /afs/cern.ch/work/y/yian/work/GZ/CMSSW_10_6_20/src/PhysicsTools/NanoAODTools/WWG/2018/fakephoton_crab/crab2018/crab_MuonEG_Run2018D/inputs/PSet.py
DEBUG 2021-05-19 14:21:22.415 UTC: 	 The following EDM output files will be collected: ['tree.root']
DEBUG 2021-05-19 14:21:22.415 UTC: 	 The following TFile output files will be collected: []
DEBUG 2021-05-19 14:21:22.415 UTC: 	 The following user output files (not listed as PoolOuputModule or TFileService in the CMSSW PSet) will be collected: 
DEBUG 2021-05-19 14:21:22.416 UTC: 	 Loading required information from the environment
DEBUG 2021-05-19 14:21:22.416 UTC: 	 Found CMSSW_10_6_20 for slc7_amd64_gcc820 with base /afs/cern.ch/work/y/yian/work/GZ/CMSSW_10_6_20
DEBUG 2021-05-19 14:21:22.416 UTC: 	 Making tarball in /afs/cern.ch/work/y/yian/work/GZ/CMSSW_10_6_20/src/PhysicsTools/NanoAODTools/WWG/2018/fakephoton_crab/crab2018/crab_MuonEG_Run2018D/inputs/f2244dda-7195-463f-8355-4653194fdbbcdefault.tgz
DEBUG 2021-05-19 14:21:22.417 UTC: 	 Checking directory /afs/cern.ch/work/y/yian/work/GZ/CMSSW_10_6_20/lib
DEBUG 2021-05-19 14:21:22.417 UTC: 	 Adding directory /afs/cern.ch/work/y/yian/work/GZ/CMSSW_10_6_20/lib to tarball
DEBUG 2021-05-19 14:21:22.551 UTC: 	 Checking directory /afs/cern.ch/work/y/yian/work/GZ/CMSSW_10_6_20/biglib
DEBUG 2021-05-19 14:21:22.551 UTC: 	 Adding directory /afs/cern.ch/work/y/yian/work/GZ/CMSSW_10_6_20/biglib to tarball
DEBUG 2021-05-19 14:21:22.551 UTC: 	 Checking directory /afs/cern.ch/work/y/yian/work/GZ/CMSSW_10_6_20/module
DEBUG 2021-05-19 14:21:22.552 UTC: 	 Checking directory /afs/cern.ch/work/y/yian/work/GZ/CMSSW_10_6_20/python
DEBUG 2021-05-19 14:21:22.552 UTC: 	 Adding directory /afs/cern.ch/work/y/yian/work/GZ/CMSSW_10_6_20/python to tarball
DEBUG 2021-05-19 14:21:25.202 UTC: 	 Checking directory /afs/cern.ch/work/y/yian/work/GZ/CMSSW_10_6_20/cfipython
DEBUG 2021-05-19 14:21:25.202 UTC: 	 Adding directory /afs/cern.ch/work/y/yian/work/GZ/CMSSW_10_6_20/cfipython to tarball
DEBUG 2021-05-19 14:21:25.287 UTC: 	 Adding data directory /afs/cern.ch/work/y/yian/work/GZ/CMSSW_10_6_20/src/PhysicsTools/NanoAODTools/data to tarball
DEBUG 2021-05-19 14:21:46.273 UTC: 	 Adding data directory /afs/cern.ch/work/y/yian/work/GZ/CMSSW_10_6_20/src/PhysicsTools/NanoAODTools/interface to tarball
DEBUG 2021-05-19 14:21:46.278 UTC: 	 Adding data directory /afs/cern.ch/work/y/yian/work/GZ/CMSSW_10_6_20/src/PhysicsTools/NanoAODTools/python/postprocessing/data to tarball
DEBUG 2021-05-19 14:21:48.679 UTC: 	 Adding file ../../../scripts/haddnano.py to tarball
DEBUG 2021-05-19 14:21:48.680 UTC: 	 Adding file ../WWG_fakephoton/WWG_postproc.py to tarball
DEBUG 2021-05-19 14:21:48.681 UTC: 	 Adding file ../WWG_fakephoton/WWGfakephoton_Module.py to tarball
DEBUG 2021-05-19 14:21:48.681 UTC: 	 Adding file ../WWG_fakephoton/WWG_keep_and_drop.txt to tarball
DEBUG 2021-05-19 14:21:48.682 UTC: 	 Adding file ../WWG_fakephoton/WWG_output_branch.txt to tarball
DEBUG 2021-05-19 14:21:48.682 UTC: 	 Adding file ../WWG_fakephoton/DAS_filesearch.py to tarball
DEBUG 2021-05-19 14:21:55.347 UTC: 	 Uploading archive /afs/cern.ch/work/y/yian/work/GZ/CMSSW_10_6_20/src/PhysicsTools/NanoAODTools/WWG/2018/fakephoton_crab/crab2018/crab_MuonEG_Run2018D/inputs/f2244dda-7195-463f-8355-4653194fdbbcdefault.tgz (94 MB) to the CRAB cache. Using URI https://cmsweb.cern.ch:8443/crabcache
DEBUG 2021-05-19 14:22:51.190 UTC: 	 Loading required information from the environment
DEBUG 2021-05-19 14:22:51.191 UTC: 	 Found CMSSW_10_6_20 for slc7_amd64_gcc820 with base /afs/cern.ch/work/y/yian/work/GZ/CMSSW_10_6_20
DEBUG 2021-05-19 14:22:51.191 UTC: 	 Making tarball in /afs/cern.ch/work/y/yian/work/GZ/CMSSW_10_6_20/src/PhysicsTools/NanoAODTools/WWG/2018/fakephoton_crab/crab2018/crab_MuonEG_Run2018D/inputs/debugFiles.tgz
DEBUG 2021-05-19 14:22:51.202 UTC: 	 Uploading archive /afs/cern.ch/work/y/yian/work/GZ/CMSSW_10_6_20/src/PhysicsTools/NanoAODTools/WWG/2018/fakephoton_crab/crab2018/crab_MuonEG_Run2018D/inputs/debugFiles.tgz (1 KB) to the CRAB cache. Using URI https://cmsweb.cern.ch:8443/crabcache
DEBUG 2021-05-19 14:22:51.250 UTC: 	 Result uploading input files: 139d4bbeceb61becf0d707b528ec5c3c96a78c2dd24e7e117200c1082b104bb4.tar.gz 
INFO 2021-05-19 14:22:51.251 UTC: 	 Sending the request to the server at cmsweb.cern.ch
DEBUG 2021-05-19 14:22:51.251 UTC: 	 Submitting {'maxjobruntime': 1250, 'extrajdl': [], 'ignorelocality': 1, 'savelogsflag': 0, 'useparent': 0, 'scriptexe': 'WWG_crab_script.sh', 'asyncdest': 'T3_CH_CERNBOX', 'algoargs': 1, 'cachefilename': '139d4bbeceb61becf0d707b528ec5c3c96a78c2dd24e7e117200c1082b104bb4.tar.gz', 'numcores': 1, 'addoutputfiles': [], 'generator': 'pythia', 'maxmemory': 2000, 'publishdbsurl': 'https://cmsweb.cern.ch/dbs/prod/phys03/DBSWriter', 'priority': 10, 'jobsw': 'CMSSW_10_6_20', 'edmoutfiles': ['tree.root'], 'userfiles': [], 'primarydataset': '', 'inputdata': '/MuonEG/Run2018D-UL2018_MiniAODv1_NanoAODv2-v1/NANOAOD', 'dryrun': 0, 'workflow': 'crab_MuonEG_Run2018D', 'scriptargs': ['isdata=data', 'year=2018'], 'sitewhitelist': ['T2_US_MIT', 'T2_US_Wisconsin', 'T2_US_Purdue', 'T2_US_UCSD', 'T2_US_Caltech', 'T2_US_Nebraska'], 'nonprodsw': 1, 'tfileoutfiles': [], 'oneEventMode': 0, 'debugfilename': 'ee9d7684d588d1063b2a4a8f6bc1db472c98092845bd8f8c9306ac0257483cbc.tar.gz', 'cacheurl': u'https://cmsweb.cern.ch:8443/crabcache', 'saveoutput': 1, 'publication': 0, 'jobarch': 'slc7_amd64_gcc820', 'totalunits': 0, 'splitalgo': 'FileBased', 'ignoreglobalblacklist': 0, 'nonvaliddata': 1, 'dbsurl': 'https://cmsweb.cern.ch/dbs/prod/global/DBSReader', 'publishgroupname': 0, 'jobtype': 'Analysis', 'publishname2': 'MuonEG_Run2018D'} 
DEBUG 2021-05-19 14:22:51.251 UTC: 	 Encoded submit request: maxjobruntime=1250&ignorelocality=1&savelogsflag=0&useparent=0&scriptexe=WWG_crab_script.sh&asyncdest=T3_CH_CERNBOX&algoargs=1&cachefilename=139d4bbeceb61becf0d707b528ec5c3c96a78c2dd24e7e117200c1082b104bb4.tar.gz&numcores=1&generator=pythia&maxmemory=2000&publishdbsurl=https%3A%2F%2Fcmsweb.cern.ch%2Fdbs%2Fprod%2Fphys03%2FDBSWriter&priority=10&jobsw=CMSSW_10_6_20&primarydataset=&inputdata=%2FMuonEG%2FRun2018D-UL2018_MiniAODv1_NanoAODv2-v1%2FNANOAOD&dryrun=0&workflow=crab_MuonEG_Run2018D&nonprodsw=1&oneEventMode=0&debugfilename=ee9d7684d588d1063b2a4a8f6bc1db472c98092845bd8f8c9306ac0257483cbc.tar.gz&cacheurl=https%3A%2F%2Fcmsweb.cern.ch%3A8443%2Fcrabcache&saveoutput=1&publication=0&jobarch=slc7_amd64_gcc820&totalunits=0&splitalgo=FileBased&ignoreglobalblacklist=0&nonvaliddata=1&dbsurl=https%3A%2F%2Fcmsweb.cern.ch%2Fdbs%2Fprod%2Fglobal%2FDBSReader&publishgroupname=0&jobtype=Analysis&publishname2=MuonEG_Run2018D&sitewhitelist=T2_US_MIT&sitewhitelist=T2_US_Wisconsin&sitewhitelist=T2_US_Purdue&sitewhitelist=T2_US_UCSD&sitewhitelist=T2_US_Caltech&sitewhitelist=T2_US_Nebraska&edmoutfiles=tree.root&scriptargs=isdata%3Ddata&scriptargs=year%3D2018
DEBUG 2021-05-19 14:22:51.398 UTC: 	 Result: {u'result': [{u'RequestName': u'210519_142251:yian_crab_MuonEG_Run2018D'}]}
INFO 2021-05-19 14:22:51.401 UTC: 	 Success: Your task has been delivered to the prod CRAB3 server.
INFO 2021-05-19 14:22:51.402 UTC: 	 Task name: 210519_142251:yian_crab_MuonEG_Run2018D
INFO 2021-05-19 14:22:51.402 UTC: 	 Project dir: crab2018/crab_MuonEG_Run2018D
INFO 2021-05-19 14:22:51.402 UTC: 	 Please use ' crab status -d crab2018/crab_MuonEG_Run2018D ' to check how the submission process proceeds.
DEBUG 2021-05-19 14:22:51.402 UTC: 	 About to return
INFO 2021-05-19 14:22:51.405 UTC: 	 Log file is /afs/cern.ch/work/y/yian/work/GZ/CMSSW_10_6_20/src/PhysicsTools/NanoAODTools/WWG/2018/fakephoton_crab/crab2018/crab_MuonEG_Run2018D/crab.log
DEBUG 2021-05-20 04:37:23.142 UTC: 	 CRAB Client version: v3.210323
DEBUG 2021-05-20 04:37:23.143 UTC: 	 Running on: Linux lxplus783.cern.ch 3.10.0-1160.24.1.el7.x86_64 #1 SMP Thu Apr 8 19:51:47 UTC 2021 x86_64 x86_64 x86_64 GNU/Linux - CentOS Linux 7 (Core)
DEBUG 2021-05-20 04:37:23.143 UTC: 	 Executing command: 'status'
DEBUG 2021-05-20 04:37:23.143 UTC: 	 Found CRAB cache file /afs/cern.ch/user/y/yian/.crab3
DEBUG 2021-05-20 04:37:23.236 UTC: 	 Checking credentials
DEBUG 2021-05-20 04:37:23.236 UTC: 	 Found proxy file /tmp/x509up_u110046
DEBUG 2021-05-20 04:37:23.236 UTC: 	 Getting proxy life time left
DEBUG 2021-05-20 04:37:23.841 UTC: 	 Executing : 
 command : voms-proxy-info -file /tmp/x509up_u110046 -timeleft
 output : 619184

 error: 
 retcode : 0
DEBUG 2021-05-20 04:37:24.447 UTC: 	 Executing : 
 command : voms-proxy-info -file /tmp/x509up_u110046 -actimeleft
 output : 619183

 error: 
 retcode : 0
DEBUG 2021-05-20 04:37:24.447 UTC: 	 Proxy lifetime 619184 secs is different from voms extension lifetime 619183 secs for proxy: /tmp/x509up_u110046
DEBUG 2021-05-20 04:37:24.447 UTC: 	 Proxy valid for 171:59:43 hours
DEBUG 2021-05-20 04:37:24.500 UTC: 	 Registering user credentials for server /DC=ch/DC=cern/OU=computers/CN=vocms0105.cern.ch|/DC=ch/DC=cern/OU=computers/CN=crab-(preprod|prod|dev)-tw(02|01).cern.ch|/DC=ch/DC=cern/OU=computers/CN=(ddi|ddidk|mytw).cern.ch|/DC=ch/DC=cern/OU=computers/CN=stefanov(m|m2).cern.ch
DEBUG 2021-05-20 04:37:25.113 UTC: 	 Executing : 
 command : voms-proxy-info -file /tmp/x509up_u110046 -identity
 output : /DC=ch/DC=cern/OU=Organic Units/OU=Users/CN=yian/CN=826694/CN=Ying An

 error: 
 retcode : 0
DEBUG 2021-05-20 04:37:25.119 UTC: 	 Getting myproxy life time left for myproxy.cern.ch
DEBUG 2021-05-20 04:37:25.119 UTC: 	 using b52ac606a6f7097e9b4b8f05a3a67cc69f8f291b as credential login name
DEBUG 2021-05-20 04:37:25.423 UTC: 	 Executing : 
 command : myproxy-info -l b52ac606a6f7097e9b4b8f05a3a67cc69f8f291b -s myproxy.cern.ch
 output : username: b52ac606a6f7097e9b4b8f05a3a67cc69f8f291b
owner: /DC=ch/DC=cern/OU=Organic Units/OU=Users/CN=yian/CN=826694/CN=Ying An
  renewal policy: /DC=ch/DC=cern/OU=computers/CN=vocms0105.cern.ch|/DC=ch/DC=cern/OU=computers/CN=crab-(preprod|prod|dev)-tw(02|01).cern.ch|/DC=ch/DC=cern/OU=computers/CN=(ddi|ddidk|mytw).cern.ch|/DC=ch/DC=cern/OU=computers/CN=stefanov(m|m2).cern.ch
  trusted retrieval policy: /DC=ch/DC=cern/OU=computers/CN=vocms0105.cern.ch|/DC=ch/DC=cern/OU=computers/CN=crab-(preprod|prod|dev)-tw(02|01).cern.ch|/DC=ch/DC=cern/OU=computers/CN=(ddi|ddidk|mytw).cern.ch|/DC=ch/DC=cern/OU=computers/CN=stefanov(m|m2).cern.ch
  timeleft: 658:25:25  (27.4 days)

 error: 
 retcode : 0
DEBUG 2021-05-20 04:37:25.424 UTC: 	 Myproxy is valid: 2370325
DEBUG 2021-05-20 04:37:25.424 UTC: 	 Retrieving username ...
DEBUG 2021-05-20 04:37:25.424 UTC: 	 Retrieving username from CRIC...
DEBUG 2021-05-20 04:37:26.187 UTC: 	 username is yian
DEBUG 2021-05-20 04:37:26.193 UTC: 	 Getting myproxy life time left for myproxy.cern.ch
DEBUG 2021-05-20 04:37:26.194 UTC: 	 using yian_CRAB as credential login name
DEBUG 2021-05-20 04:37:26.497 UTC: 	 Executing : 
 command : myproxy-info -l yian_CRAB -s myproxy.cern.ch
 output : username: yian_CRAB
owner: /DC=ch/DC=cern/OU=Organic Units/OU=Users/CN=yian/CN=826694/CN=Ying An
  renewal policy: /DC=ch/DC=cern/OU=computers/CN=vocms0105.cern.ch|/DC=ch/DC=cern/OU=computers/CN=crab-(preprod|prod|dev)-tw(02|01).cern.ch|/DC=ch/DC=cern/OU=computers/CN=(ddi|ddidk|mytw).cern.ch|/DC=ch/DC=cern/OU=computers/CN=stefanov(m|m2).cern.ch
  trusted retrieval policy: /DC=ch/DC=cern/OU=computers/CN=vocms0105.cern.ch|/DC=ch/DC=cern/OU=computers/CN=crab-(preprod|prod|dev)-tw(02|01).cern.ch|/DC=ch/DC=cern/OU=computers/CN=(ddi|ddidk|mytw).cern.ch|/DC=ch/DC=cern/OU=computers/CN=stefanov(m|m2).cern.ch
  timeleft: 658:26:39  (27.4 days)

 error: 
 retcode : 0
DEBUG 2021-05-20 04:37:26.498 UTC: 	 Myproxy is valid: 2370399
DEBUG 2021-05-20 04:37:26.498 UTC: 	 Result of myproxy credential check:
  Credential exists on myproxy: username: b52ac606a6f7097e9b4b8f05a3a67cc69f8f291b  - validity: 27 days, 10:25:25
  Credential exists on myproxy: username: yian_CRAB  - validity: 27 days, 10:26:39
DEBUG 2021-05-20 04:37:26.499 UTC: 	 Command use: status
DEBUG 2021-05-20 04:37:26.499 UTC: 	 Options use: ['-d', 'crab2018/crab_MuonEG_Run2018D']
DEBUG 2021-05-20 04:37:26.556 UTC: 	 CRABClient version: v3.210323
DEBUG 2021-05-20 04:37:26.556 UTC: 	 Instance is prod
DEBUG 2021-05-20 04:37:26.556 UTC: 	 Server base url is cmsweb.cern.ch
DEBUG 2021-05-20 04:37:26.556 UTC: 	 Command url /crabserver/prod/workflow
DEBUG 2021-05-20 04:37:26.635 UTC: 	 Got information from server oracle database: {u'result': [u'210519_142251:yian_crab_MuonEG_Run2018D', u'None', u'None', u'SUBMITTED', u'SUBMIT', u'2021-05-19 14:22:51.391457', u'None', u'2021-05-19 14:23:16.417202', u'None', u'CMSSW_10_6_20', u'slc7_amd64_gcc820', u'/MuonEG/Run2018D-UL2018_MiniAODv1_NanoAODv2-v1/NANOAOD', u'T', u'0', u"['T2_US_UCSD', 'T2_US_Wisconsin', 'T2_US_MIT', 'T2_US_Caltech', 'T2_US_Purdue', 'T2_US_Nebraska']", u'[]', u'FileBased', u"{'splitOnRun': False, 'halt_job_on_file_boundaries': False, 'files_per_job': 1, 'runs': [], 'lumis': []}", u'139d4bbeceb61becf0d707b528ec5c3c96a78c2dd24e7e117200c1082b104bb4.tar.gz', u'https://cmsweb.cern.ch:8443/crabcache', u'yian', u'/DC=ch/DC=cern/OU=Organic Units/OU=Users/CN=yian/CN=826694/CN=Ying An', u'cms', u'None', u'None', u'MuonEG_Run2018D-00000000000000000000000000000000', u'F', u'T3_CH_CERNBOX', u'https://cmsweb.cern.ch/dbs/prod/global/DBSReader', u'https://cmsweb.cern.ch/dbs/prod/phys03/DBSWriter', u'F', u'[]', u'[]', u"['tree.root']", u'Analysis', u'pythia', u'None', u'{}', u'[]', u'F', u'crab-prod-tw01', u'[]', u'1250', u'1', u'2000', u'10', u"['/MuonEG/yian-MuonEG_Run2018D-30bd7c63e2b92018da026c2e24160eb3/USER']", u'[]', u'http://vocms0122.cern.ch/mon/cms1407/210519_142251:yian_crab_MuonEG_Run2018D', u'WWG_crab_script.sh', u"['isdata=data', 'year=2018']", u'[]', u'https://cmsweb.cern.ch/crabserver/prod', u'cmsgwms-collector-global.cern.ch:9620,cmsgwms-collector-global.fnal.gov:9620', u'crab3@vocms0122.cern.ch', u'F', u'[]', u'T', u'/store/user/yian/', u'T', u'None', u'F', u'None', u'MuonEG', u'None', u'ee9d7684d588d1063b2a4a8f6bc1db472c98092845bd8f8c9306ac0257483cbc.tar.gz', u'70047779', u'filetransfers', u'F', u'188.185.90.95', u'0.0', u'None'], u'desc': {u'columns': [u'tm_taskname', u'tm_activity', u'panda_jobset_id', u'tm_task_status', u'tm_task_command', u'tm_start_time', u'tm_start_injection', u'tm_end_injection', u'tm_task_failure', u'tm_job_sw', u'tm_job_arch', u'tm_input_dataset', u'tm_nonvalid_input_dataset', u'tm_use_parent', u'tm_site_whitelist', u'tm_site_blacklist', u'tm_split_algo', u'tm_split_args', u'tm_user_sandbox', u'tm_cache_url', u'tm_username', u'tm_user_dn', u'tm_user_vo', u'tm_user_role', u'tm_user_group', u'tm_publish_name', u'tm_publish_groupname', u'tm_asyncdest', u'tm_dbs_url', u'tm_publish_dbs_url', u'tm_publication', u'tm_outfiles', u'tm_tfile_outfiles', u'tm_edm_outfiles', u'tm_job_type', u'tm_generator', u'tm_events_per_lumi', u'tm_arguments', u'panda_resubmitted_jobs', u'tm_save_logs', u'tw_name', u'tm_user_infiles', u'tm_maxjobruntime', u'tm_numcores', u'tm_maxmemory', u'tm_priority', u'tm_output_dataset', u'tm_task_warnings', u'tm_user_webdir', u'tm_scriptexe', u'tm_scriptargs', u'tm_extrajdl', u'tm_asourl', u'tm_collector', u'tm_schedd', u'tm_dry_run', u'tm_user_files', u'tm_transfer_outputs', u'tm_output_lfn', u'tm_ignore_locality', u'tm_fail_limit', u'tm_one_event_mode', u'tm_secondary_input_dataset', u'tm_primary_dataset', u'tm_last_publication', u'tm_debug_files', u'clusterid', u'tm_asodb', u'tm_ignore_global_blacklist', u'tm_submitter_ip_addr', u'tm_totalunits', u'tm_ddm_reqid']}}
INFO 2021-05-20 04:37:26.635 UTC: 	 CRAB project directory:		/afs/cern.ch/work/y/yian/work/GZ/CMSSW_10_6_20/src/PhysicsTools/NanoAODTools/WWG/2018/fakephoton_crab/crab2018/crab_MuonEG_Run2018D
INFO 2021-05-20 04:37:26.636 UTC: 	 Task name:			210519_142251:yian_crab_MuonEG_Run2018D
INFO 2021-05-20 04:37:26.636 UTC: 	 Grid scheduler - Task Worker:	crab3@vocms0122.cern.ch - crab-prod-tw01
INFO 2021-05-20 04:37:26.636 UTC: 	 Status on the CRAB server:	SUBMITTED
INFO 2021-05-20 04:37:26.636 UTC: 	 Task URL to use for HELP:	https://cmsweb.cern.ch/crabserver/ui/task/210519_142251%3Ayian_crab_MuonEG_Run2018D
INFO 2021-05-20 04:37:26.638 UTC: 	 Dashboard monitoring URL:	https://monit-grafana.cern.ch/d/cmsTMDetail/cms-task-monitoring-task-view?orgId=11&var-user=yian&var-task=210519_142251%3Ayian_crab_MuonEG_Run2018D&from=1621430571000&to=now
DEBUG 2021-05-20 04:37:26.639 UTC: 	 The CRAB server submitted your task to the Grid scheduler (cluster ID: 70047779)
DEBUG 2021-05-20 04:37:26.639 UTC: 	 Webdir is located at http://vocms0122.cern.ch/mon/cms1407/210519_142251:yian_crab_MuonEG_Run2018D
DEBUG 2021-05-20 04:37:26.789 UTC: 	 Proxied webdir is located at https://cmsweb.cern.ch:8443/scheddmon/0122/cms1407/210519_142251:yian_crab_MuonEG_Run2018D
DEBUG 2021-05-20 04:37:26.789 UTC: 	 Retrieving 'status_cache' file from https://cmsweb.cern.ch:8443/scheddmon/0122/cms1407/210519_142251:yian_crab_MuonEG_Run2018D/status_cache
DEBUG 2021-05-20 04:37:26.838 UTC: 	 Got information from status cache file: {'42': {'Retries': 0, 'WallDurations': [8.0, 115.65521693229675, 16243.0], 'StartTimes': [1621434452.0], 'SubmitTimes': [1621434215.0], 'JobIds': ['70047822.0'], 'EndTimes': [1621450695.0], 'Restarts': 0, 'RecordedSite': True, 'State': 'finished', 'ResidentSetSize': [373064], 'TotalUserCpuTimeHistory': [515], 'SiteHistory': ['Unknown', 'T2_US_MIT', 'T2_US_MIT'], 'TotalSysCpuTimeHistory': [30]}, '48': {'Retries': 0, 'WallDurations': [9.0, 114.65521693229675, 510.0], 'StartTimes': [1621434453.0], 'SubmitTimes': [1621434216.0], 'JobIds': ['70047827.0'], 'EndTimes': [1621434963.0], 'Restarts': 0, 'RecordedSite': True, 'State': 'finished', 'ResidentSetSize': [343620], 'TotalUserCpuTimeHistory': [377], 'SiteHistory': ['Unknown', 'T2_US_MIT', 'T2_US_MIT'], 'TotalSysCpuTimeHistory': [13]}, '43': {'Retries': 0, 'WallDurations': [10.0, 111.65521693229675, 16625.0], 'StartTimes': [1621434456.0], 'SubmitTimes': [1621434215.0], 'JobIds': ['70047823.0'], 'EndTimes': [1621451081.0], 'Restarts': 0, 'RecordedSite': True, 'State': 'finished', 'ResidentSetSize': [301192], 'TotalUserCpuTimeHistory': [494], 'SiteHistory': ['Unknown', 'T2_US_MIT', 'T2_US_MIT'], 'TotalSysCpuTimeHistory': [17]}, '53': {'Retries': 0, 'WallDurations': [8.0, 110.65521693229675, 385.0], 'StartTimes': [1621434457.0], 'SubmitTimes': [1621434216.0], 'JobIds': ['70047832.0'], 'EndTimes': [1621434842.0], 'Restarts': 0, 'RecordedSite': True, 'State': 'finished', 'ResidentSetSize': [259560], 'TotalUserCpuTimeHistory': [39], 'SiteHistory': ['Unknown', 'T2_US_MIT', 'T2_US_MIT'], 'TotalSysCpuTimeHistory': [1]}, '52': {'Retries': 0, 'WallDurations': [9.0, 124.65521693229675, 401.0], 'StartTimes': [1621434443.0], 'SubmitTimes': [1621434216.0], 'JobIds': ['70047831.0'], 'EndTimes': [1621434844.0], 'Restarts': 0, 'RecordedSite': True, 'State': 'finished', 'ResidentSetSize': [318540], 'TotalUserCpuTimeHistory': [288], 'SiteHistory': ['Unknown', 'T2_US_MIT', 'T2_US_MIT'], 'TotalSysCpuTimeHistory': [10]}, '23': {'Retries': 0, 'WallDurations': [9.0, 130.65521693229675, 19848.0], 'StartTimes': [1621434437.0], 'SubmitTimes': [1621434207.0], 'JobIds': ['70047803.0'], 'EndTimes': [1621454285.0], 'Restarts': 0, 'RecordedSite': True, 'State': 'finished', 'ResidentSetSize': [432204], 'TotalUserCpuTimeHistory': [625], 'SiteHistory': ['Unknown', 'T2_US_MIT', 'T2_US_MIT'], 'TotalSysCpuTimeHistory': [20]}, '24': {'Retries': 0, 'WallDurations': [9.0, 100.65521693229675, 18961.0], 'StartTimes': [1621434467.0], 'SubmitTimes': [1621434207.0], 'JobIds': ['70047804.0'], 'EndTimes': [1621453428.0], 'Restarts': 0, 'RecordedSite': True, 'State': 'finished', 'ResidentSetSize': [387168], 'TotalUserCpuTimeHistory': [637], 'SiteHistory': ['Unknown', 'T2_US_MIT', 'T2_US_MIT'], 'TotalSysCpuTimeHistory': [35]}, '25': {'Retries': 0, 'WallDurations': [9.0, 126.65521693229675, 18110.0], 'StartTimes': [1621434441.0], 'SubmitTimes': [1621434208.0], 'JobIds': ['70047805.0'], 'EndTimes': [1621452551.0], 'Restarts': 0, 'RecordedSite': True, 'State': 'finished', 'ResidentSetSize': [313428], 'TotalUserCpuTimeHistory': [689], 'SiteHistory': ['Unknown', 'T2_US_MIT', 'T2_US_MIT'], 'TotalSysCpuTimeHistory': [26]}, '26': {'Retries': 1, 'WallDurations': [8.0, 130.65521693229675, 11457.0, 10.0, 189.12396001815796, 17658.0], 'StartTimes': [1621434437.0, 1621448014.0], 'SubmitTimes': [1621434208.0, 1621447764.0], 'JobIds': ['70047806.0', '70053591.0'], 'EndTimes': [1621445894.0, 1621465672.0], 'Restarts': 0, 'RecordedSite': True, 'State': 'finished', 'ResidentSetSize': [283728, 362108], 'TotalUserCpuTimeHistory': [331, 579], 'SiteHistory': ['Unknown', 'T2_US_MIT', 'T2_US_MIT', 'Unknown', 'T2_US_Caltech', 'T2_US_Caltech'], 'TotalSysCpuTimeHistory': [12, 35]}, '27': {'Retries': 0, 'WallDurations': [9.0, 107.65521693229675, 16698.0], 'StartTimes': [1621434460.0], 'SubmitTimes': [1621434213.0], 'JobIds': ['70047807.0'], 'EndTimes': [1621451158.0], 'Restarts': 0, 'RecordedSite': True, 'State': 'finished', 'ResidentSetSize': [380060], 'TotalUserCpuTimeHistory': [584], 'SiteHistory': ['Unknown', 'T2_US_MIT', 'T2_US_MIT'], 'TotalSysCpuTimeHistory': [33]}, '20': {'Retries': 0, 'WallDurations': [9.0, 260.65521693229675, 25892.0], 'StartTimes': [1621434307.0], 'SubmitTimes': [1621434207.0], 'JobIds': ['70047800.0'], 'EndTimes': [1621460199.0], 'Restarts': 0, 'RecordedSite': True, 'State': 'finished', 'ResidentSetSize': [314560], 'TotalUserCpuTimeHistory': [1201], 'SiteHistory': ['Unknown', 'T2_US_Nebraska', 'T2_US_Nebraska'], 'TotalSysCpuTimeHistory': [61]}, '21': {'Retries': 0, 'WallDurations': [9.0, 257.65521693229675, 19328.0], 'StartTimes': [1621434310.0], 'SubmitTimes': [1621434207.0], 'JobIds': ['70047801.0'], 'EndTimes': [1621453638.0], 'Restarts': 0, 'RecordedSite': True, 'State': 'finished', 'ResidentSetSize': [305548], 'TotalUserCpuTimeHistory': [897], 'SiteHistory': ['Unknown', 'T2_US_Nebraska', 'T2_US_Nebraska'], 'TotalSysCpuTimeHistory': [46]}, '22': {'Retries': 0, 'WallDurations': [9.0, 254.65521693229675, 24194.0], 'StartTimes': [1621434313.0], 'SubmitTimes': [1621434207.0], 'JobIds': ['70047802.0'], 'EndTimes': [1621458507.0], 'Restarts': 0, 'RecordedSite': True, 'State': 'finished', 'ResidentSetSize': [319444], 'TotalUserCpuTimeHistory': [1211], 'SiteHistory': ['Unknown', 'T2_US_Nebraska', 'T2_US_Nebraska'], 'TotalSysCpuTimeHistory': [62]}, '49': {'Retries': 0, 'WallDurations': [8.0, 117.65521693229675, 559.0], 'StartTimes': [1621434450.0], 'SubmitTimes': [1621434216.0], 'JobIds': ['70047828.0'], 'EndTimes': [1621435009.0], 'Restarts': 0, 'RecordedSite': True, 'State': 'finished', 'ResidentSetSize': [319780], 'TotalUserCpuTimeHistory': [453], 'SiteHistory': ['Unknown', 'T2_US_MIT', 'T2_US_MIT'], 'TotalSysCpuTimeHistory': [15]}, '46': {'Retries': 0, 'WallDurations': [8.0, 126.65521693229675, 16558.0], 'StartTimes': [1621434441.0], 'SubmitTimes': [1621434215.0], 'JobIds': ['70047826.0'], 'EndTimes': [1621450999.0], 'Restarts': 0, 'RecordedSite': True, 'State': 'finished', 'ResidentSetSize': [424144], 'TotalUserCpuTimeHistory': [573], 'SiteHistory': ['Unknown', 'T2_US_MIT', 'T2_US_MIT'], 'TotalSysCpuTimeHistory': [21]}, '47': {'Retries': 0, 'WallDurations': [9.0, 112.65521693229675, 23870.0], 'StartTimes': [1621434455.0], 'SubmitTimes': [1621434216.0], 'JobIds': ['70047833.0'], 'EndTimes': [1621458325.0], 'Restarts': 0, 'RecordedSite': True, 'State': 'finished', 'ResidentSetSize': [332412], 'TotalUserCpuTimeHistory': [739], 'SiteHistory': ['Unknown', 'T2_US_MIT', 'T2_US_MIT'], 'TotalSysCpuTimeHistory': [22]}, '44': {'Retries': 0, 'WallDurations': [10.0, 120.65521693229675, 19439.0], 'StartTimes': [1621434447.0], 'SubmitTimes': [1621434215.0], 'JobIds': ['70047824.0'], 'EndTimes': [1621453886.0], 'Restarts': 0, 'RecordedSite': True, 'State': 'finished', 'ResidentSetSize': [333192], 'TotalUserCpuTimeHistory': [658], 'SiteHistory': ['Unknown', 'T2_US_MIT', 'T2_US_MIT'], 'TotalSysCpuTimeHistory': [36]}, '45': {'Retries': 0, 'WallDurations': [8.0, 113.65521693229675, 11498.0], 'StartTimes': [1621434454.0], 'SubmitTimes': [1621434215.0], 'JobIds': ['70047825.0'], 'EndTimes': [1621445952.0], 'Restarts': 0, 'RecordedSite': True, 'State': 'finished', 'ResidentSetSize': [287912], 'TotalUserCpuTimeHistory': [346], 'SiteHistory': ['Unknown', 'T2_US_MIT', 'T2_US_MIT'], 'TotalSysCpuTimeHistory': [13]}, '28': {'Retries': 0, 'WallDurations': [9.0, 127.65521693229675, 17706.0], 'StartTimes': [1621434440.0], 'SubmitTimes': [1621434213.0], 'JobIds': ['70047808.0'], 'EndTimes': [1621452146.0], 'Restarts': 0, 'RecordedSite': True, 'State': 'finished', 'ResidentSetSize': [330172], 'TotalUserCpuTimeHistory': [647], 'SiteHistory': ['Unknown', 'T2_US_MIT', 'T2_US_MIT'], 'TotalSysCpuTimeHistory': [23]}, '29': {'Retries': 0, 'WallDurations': [8.0, 125.65521693229675, 18413.0], 'StartTimes': [1621434442.0], 'SubmitTimes': [1621434214.0], 'JobIds': ['70047809.0'], 'EndTimes': [1621452855.0], 'Restarts': 0, 'RecordedSite': True, 'State': 'finished', 'ResidentSetSize': [319948], 'TotalUserCpuTimeHistory': [761], 'SiteHistory': ['Unknown', 'T2_US_MIT', 'T2_US_MIT'], 'TotalSysCpuTimeHistory': [27]}, '40': {'Retries': 0, 'WallDurations': [10.0, 121.65521693229675, 12674.0], 'StartTimes': [1621434446.0], 'SubmitTimes': [1621434215.0], 'JobIds': ['70047820.0'], 'EndTimes': [1621447120.0], 'Restarts': 0, 'RecordedSite': True, 'State': 'finished', 'ResidentSetSize': [284792], 'TotalUserCpuTimeHistory': [377], 'SiteHistory': ['Unknown', 'T2_US_MIT', 'T2_US_MIT'], 'TotalSysCpuTimeHistory': [13]}, '41': {'Retries': 0, 'WallDurations': [10.0, 108.65521693229675, 17325.0], 'StartTimes': [1621434459.0], 'SubmitTimes': [1621434215.0], 'JobIds': ['70047821.0'], 'EndTimes': [1621451784.0], 'Restarts': 0, 'RecordedSite': True, 'State': 'finished', 'ResidentSetSize': [353640], 'TotalUserCpuTimeHistory': [645], 'SiteHistory': ['Unknown', 'T2_US_MIT', 'T2_US_MIT'], 'TotalSysCpuTimeHistory': [34]}, '1': {'Retries': 0, 'WallDurations': [8.0, 112.65521693229675, 19903.0], 'StartTimes': [1621434455.0], 'SubmitTimes': [1621434203.0], 'JobIds': ['70047781.0'], 'EndTimes': [1621454358.0], 'Restarts': 0, 'RecordedSite': True, 'State': 'finished', 'ResidentSetSize': [320048], 'TotalUserCpuTimeHistory': [617], 'SiteHistory': ['Unknown', 'T2_US_MIT', 'T2_US_MIT'], 'TotalSysCpuTimeHistory': [21]}, '3': {'Retries': 0, 'WallDurations': [9.0, 122.65521693229675, 17127.0], 'StartTimes': [1621434445.0], 'SubmitTimes': [1621434203.0], 'JobIds': ['70047783.0'], 'EndTimes': [1621451572.0], 'Restarts': 0, 'RecordedSite': True, 'State': 'finished', 'ResidentSetSize': [315464], 'TotalUserCpuTimeHistory': [665], 'SiteHistory': ['Unknown', 'T2_US_MIT', 'T2_US_MIT'], 'TotalSysCpuTimeHistory': [25]}, '2': {'Retries': 0, 'WallDurations': [9.0, 124.65521693229675, 21762.0], 'StartTimes': [1621434443.0], 'SubmitTimes': [1621434203.0], 'JobIds': ['70047782.0'], 'EndTimes': [1621456205.0], 'Restarts': 0, 'RecordedSite': True, 'State': 'finished', 'ResidentSetSize': [369936], 'TotalUserCpuTimeHistory': [703], 'SiteHistory': ['Unknown', 'T2_US_MIT', 'T2_US_MIT'], 'TotalSysCpuTimeHistory': [42]}, '5': {'Retries': 0, 'WallDurations': [8.0, 119.65521693229675, 12345.0], 'StartTimes': [1621434448.0], 'SubmitTimes': [1621434203.0], 'JobIds': ['70047785.0'], 'EndTimes': [1621446793.0], 'Restarts': 0, 'RecordedSite': True, 'State': 'finished', 'ResidentSetSize': [439064], 'TotalUserCpuTimeHistory': [532], 'SiteHistory': ['Unknown', 'T2_US_MIT', 'T2_US_MIT'], 'TotalSysCpuTimeHistory': [22]}, '4': {'Retries': 1, 'WallDurations': [8.0, 122.65521693229675, 8561.0, 9.0, 16567.0], 'StartTimes': [1621434445.0, 1621445007.0], 'SubmitTimes': [1621434203.0, 1621444876.0], 'JobIds': ['70047784.0', '70052856.0'], 'EndTimes': [1621443006.0, 1621461574.0], 'Restarts': 0, 'RecordedSite': True, 'State': 'finished', 'ResidentSetSize': [283920, 346608], 'TotalUserCpuTimeHistory': [373, 617], 'SiteHistory': ['Unknown', 'T2_US_MIT', 'T2_US_MIT', 'T2_US_Caltech', 'T2_US_Caltech'], 'TotalSysCpuTimeHistory': [14, 24]}, '7': {'Retries': 0, 'WallDurations': [9.0, 31.655216932296753, 19768.0], 'StartTimes': [1621434536.0], 'SubmitTimes': [1621434204.0], 'JobIds': ['70047787.0'], 'EndTimes': [1621454304.0], 'Restarts': 0, 'RecordedSite': True, 'State': 'finished', 'ResidentSetSize': [419336], 'TotalUserCpuTimeHistory': [672], 'SiteHistory': ['Unknown', 'T2_US_Florida', 'T2_US_Florida'], 'TotalSysCpuTimeHistory': [20]}, '6': {'Retries': 0, 'WallDurations': [9.0, 271.65521693229675, 22872.0], 'StartTimes': [1621434296.0], 'SubmitTimes': [1621434203.0], 'JobIds': ['70047786.0'], 'EndTimes': [1621457168.0], 'Restarts': 0, 'RecordedSite': True, 'State': 'finished', 'ResidentSetSize': [362692], 'TotalUserCpuTimeHistory': [1084], 'SiteHistory': ['Unknown', 'T2_US_Nebraska', 'T2_US_Nebraska'], 'TotalSysCpuTimeHistory': [56]}, '9': {'Retries': 0, 'WallDurations': [9.0, 266.8011770248413, 13974.0], 'StartTimes': [1621434601.0], 'SubmitTimes': [1621434204.0], 'JobIds': ['70047789.0'], 'EndTimes': [1621448575.0], 'Restarts': 0, 'RecordedSite': True, 'State': 'finished', 'ResidentSetSize': [374252], 'TotalUserCpuTimeHistory': [507], 'SiteHistory': ['Unknown', 'T2_US_MIT', 'T2_US_MIT'], 'TotalSysCpuTimeHistory': [21]}, '8': {'Retries': 0, 'WallDurations': [9.0, 291.65521693229675, 17885.0], 'StartTimes': [1621434276.0], 'SubmitTimes': [1621434204.0], 'JobIds': ['70047788.0'], 'EndTimes': [1621452161.0], 'Restarts': 0, 'RecordedSite': True, 'State': 'finished', 'ResidentSetSize': [440284], 'TotalUserCpuTimeHistory': [1179], 'SiteHistory': ['Unknown', 'T2_US_Wisconsin', 'T2_US_Wisconsin'], 'TotalSysCpuTimeHistory': [45]}, '39': {'Retries': 0, 'WallDurations': [9.0, 112.65521693229675, 13263.0], 'StartTimes': [1621434455.0], 'SubmitTimes': [1621434215.0], 'JobIds': ['70047819.0'], 'EndTimes': [1621447718.0], 'Restarts': 0, 'RecordedSite': True, 'State': 'finished', 'ResidentSetSize': [291632], 'TotalUserCpuTimeHistory': [389], 'SiteHistory': ['Unknown', 'T2_US_MIT', 'T2_US_MIT'], 'TotalSysCpuTimeHistory': [14]}, '38': {'Retries': 1, 'WallDurations': [9.0, 113.65521693229675, 9708.0, 8.0, 81.61335110664368, 11456.0], 'StartTimes': [1621434454.0, 1621446304.0], 'SubmitTimes': [1621434215.0, 1621446037.0], 'JobIds': ['70047818.0', '70053259.0'], 'EndTimes': [1621444162.0, 1621457760.0], 'Restarts': 0, 'RecordedSite': True, 'State': 'finished', 'ResidentSetSize': [299296, 400440], 'TotalUserCpuTimeHistory': [376, 477], 'SiteHistory': ['Unknown', 'T2_US_MIT', 'T2_US_MIT', 'Unknown', 'T2_US_Wisconsin', 'T2_US_Wisconsin'], 'TotalSysCpuTimeHistory': [20, 32]}, '11': {'Retries': 0, 'WallDurations': [9.0, 39.65521693229675, 22858.0], 'StartTimes': [1621434528.0], 'SubmitTimes': [1621434204.0], 'JobIds': ['70047791.0'], 'EndTimes': [1621457386.0], 'Restarts': 0, 'RecordedSite': True, 'State': 'finished', 'ResidentSetSize': [419864], 'TotalUserCpuTimeHistory': [1818], 'SiteHistory': ['Unknown', 'T2_US_Nebraska', 'T2_US_Nebraska'], 'TotalSysCpuTimeHistory': [91]}, '10': {'Retries': 1, 'WallDurations': [9.0, 172.8011770248413, 10082.0, 9.0, 192.9521598815918, 10784.0], 'StartTimes': [1621434695.0, 1621446800.0], 'SubmitTimes': [1621434204.0, 1621446654.0], 'JobIds': ['70047790.0', '70053435.0'], 'EndTimes': [1621444777.0, 1621457584.0], 'Restarts': 0, 'RecordedSite': True, 'State': 'finished', 'ResidentSetSize': [281224, 352980], 'TotalUserCpuTimeHistory': [291, 484], 'SiteHistory': ['Unknown', 'T2_US_MIT', 'T2_US_MIT', 'Unknown', 'T2_US_MIT', 'T2_US_MIT'], 'TotalSysCpuTimeHistory': [10, 15]}, '13': {'Retries': 0, 'WallDurations': [8.0, 128.65521693229675, 18240.0], 'StartTimes': [1621434439.0], 'SubmitTimes': [1621434204.0], 'JobIds': ['70047793.0'], 'EndTimes': [1621452679.0], 'Restarts': 0, 'RecordedSite': True, 'State': 'finished', 'ResidentSetSize': [353032], 'TotalUserCpuTimeHistory': [590], 'SiteHistory': ['Unknown', 'T2_US_MIT', 'T2_US_MIT'], 'TotalSysCpuTimeHistory': [35]}, '12': {'Retries': 0, 'WallDurations': [9.0, 183.65521693229675, 18972.0], 'StartTimes': [1621434384.0], 'SubmitTimes': [1621434204.0], 'JobIds': ['70047792.0'], 'EndTimes': [1621453356.0], 'Restarts': 0, 'RecordedSite': True, 'State': 'finished', 'ResidentSetSize': [303004], 'TotalUserCpuTimeHistory': [846], 'SiteHistory': ['Unknown', 'T2_US_Nebraska', 'T2_US_Nebraska'], 'TotalSysCpuTimeHistory': [43]}, '15': {'Retries': 0, 'WallDurations': [10.0, 270.65521693229675, 21847.0], 'StartTimes': [1621434297.0], 'SubmitTimes': [1621434206.0], 'JobIds': ['70047795.0'], 'EndTimes': [1621456144.0], 'Restarts': 0, 'RecordedSite': True, 'State': 'finished', 'ResidentSetSize': [312276], 'TotalUserCpuTimeHistory': [1085], 'SiteHistory': ['Unknown', 'T2_US_Nebraska', 'T2_US_Nebraska'], 'TotalSysCpuTimeHistory': [54]}, '14': {'Retries': 0, 'WallDurations': [9.0, 191.65521693229675, 15497.0], 'StartTimes': [1621434376.0], 'SubmitTimes': [1621434204.0], 'JobIds': ['70047794.0'], 'EndTimes': [1621449873.0], 'Restarts': 0, 'RecordedSite': True, 'State': 'finished', 'ResidentSetSize': [289040], 'TotalUserCpuTimeHistory': [672], 'SiteHistory': ['Unknown', 'T2_US_Nebraska', 'T2_US_Nebraska'], 'TotalSysCpuTimeHistory': [34]}, '17': {'Retries': 0, 'WallDurations': [9.0, 221.65521693229675, 25295.0], 'StartTimes': [1621434346.0], 'SubmitTimes': [1621434207.0], 'JobIds': ['70047797.0'], 'EndTimes': [1621459641.0], 'Restarts': 0, 'RecordedSite': True, 'State': 'finished', 'ResidentSetSize': [377060], 'TotalUserCpuTimeHistory': [1280], 'SiteHistory': ['Unknown', 'T2_US_Caltech', 'T2_US_Caltech'], 'TotalSysCpuTimeHistory': [92]}, '16': {'Retries': 0, 'WallDurations': [9.0, 236.65521693229675, 19847.0], 'StartTimes': [1621434331.0], 'SubmitTimes': [1621434207.0], 'JobIds': ['70047796.0'], 'EndTimes': [1621454178.0], 'Restarts': 0, 'RecordedSite': True, 'State': 'finished', 'ResidentSetSize': [323052], 'TotalUserCpuTimeHistory': [969], 'SiteHistory': ['Unknown', 'T2_US_Caltech', 'T2_US_Caltech'], 'TotalSysCpuTimeHistory': [70]}, '19': {'Retries': 0, 'WallDurations': [9.0, 258.65521693229675, 21043.0], 'StartTimes': [1621434309.0], 'SubmitTimes': [1621434207.0], 'JobIds': ['70047799.0'], 'EndTimes': [1621455352.0], 'Restarts': 0, 'RecordedSite': True, 'State': 'finished', 'ResidentSetSize': [309872], 'TotalUserCpuTimeHistory': [1056], 'SiteHistory': ['Unknown', 'T2_US_Nebraska', 'T2_US_Nebraska'], 'TotalSysCpuTimeHistory': [53]}, '18': {'Retries': 0, 'WallDurations': [9.0, 266.65521693229675, 22634.0], 'StartTimes': [1621434301.0], 'SubmitTimes': [1621434207.0], 'JobIds': ['70047798.0'], 'EndTimes': [1621456935.0], 'Restarts': 0, 'RecordedSite': True, 'State': 'finished', 'ResidentSetSize': [309708], 'TotalUserCpuTimeHistory': [1029], 'SiteHistory': ['Unknown', 'T2_US_Nebraska', 'T2_US_Nebraska'], 'TotalSysCpuTimeHistory': [54]}, '31': {'Retries': 0, 'WallDurations': [8.0, 114.65521693229675, 12798.0], 'StartTimes': [1621434453.0], 'SubmitTimes': [1621434214.0], 'JobIds': ['70047811.0'], 'EndTimes': [1621447251.0], 'Restarts': 0, 'RecordedSite': True, 'State': 'finished', 'ResidentSetSize': [286112], 'TotalUserCpuTimeHistory': [389], 'SiteHistory': ['Unknown', 'T2_US_MIT', 'T2_US_MIT'], 'TotalSysCpuTimeHistory': [14]}, '30': {'Retries': 0, 'WallDurations': [9.0, 129.65521693229675, 15608.0], 'StartTimes': [1621434438.0], 'SubmitTimes': [1621434214.0], 'JobIds': ['70047810.0'], 'EndTimes': [1621450046.0], 'Restarts': 0, 'RecordedSite': True, 'State': 'finished', 'ResidentSetSize': [343900], 'TotalUserCpuTimeHistory': [536], 'SiteHistory': ['Unknown', 'T2_US_MIT', 'T2_US_MIT'], 'TotalSysCpuTimeHistory': [31]}, '51': {'Retries': 0, 'WallDurations': [9.0, 124.65521693229675, 243.0], 'StartTimes': [1621434443.0], 'SubmitTimes': [1621434216.0], 'JobIds': ['70047830.0'], 'EndTimes': [1621434686.0], 'Restarts': 0, 'RecordedSite': True, 'State': 'finished', 'ResidentSetSize': [51532], 'TotalUserCpuTimeHistory': [169], 'SiteHistory': ['Unknown', 'T2_US_MIT', 'T2_US_MIT'], 'TotalSysCpuTimeHistory': [3]}, '36': {'Retries': 0, 'WallDurations': [8.0, 127.65521693229675, 14685.0], 'StartTimes': [1621434440.0], 'SubmitTimes': [1621434214.0], 'JobIds': ['70047816.0'], 'EndTimes': [1621449125.0], 'Restarts': 0, 'RecordedSite': True, 'State': 'finished', 'ResidentSetSize': [339720], 'TotalUserCpuTimeHistory': [463], 'SiteHistory': ['Unknown', 'T2_US_MIT', 'T2_US_MIT'], 'TotalSysCpuTimeHistory': [26]}, '35': {'Retries': 0, 'WallDurations': [9.0, 111.65521693229675, 17087.0], 'StartTimes': [1621434456.0], 'SubmitTimes': [1621434214.0], 'JobIds': ['70047815.0'], 'EndTimes': [1621451543.0], 'Restarts': 0, 'RecordedSite': True, 'State': 'finished', 'ResidentSetSize': [311040], 'TotalUserCpuTimeHistory': [532], 'SiteHistory': ['Unknown', 'T2_US_MIT', 'T2_US_MIT'], 'TotalSysCpuTimeHistory': [18]}, '34': {'Retries': 0, 'WallDurations': [8.0, 127.65521693229675, 20596.0], 'StartTimes': [1621434440.0], 'SubmitTimes': [1621434214.0], 'JobIds': ['70047814.0'], 'EndTimes': [1621455036.0], 'Restarts': 0, 'RecordedSite': True, 'State': 'finished', 'ResidentSetSize': [364880], 'TotalUserCpuTimeHistory': [645], 'SiteHistory': ['Unknown', 'T2_US_MIT', 'T2_US_MIT'], 'TotalSysCpuTimeHistory': [40]}, '33': {'Retries': 0, 'WallDurations': [9.0, 117.65521693229675, 18619.0], 'StartTimes': [1621434450.0], 'SubmitTimes': [1621434214.0], 'JobIds': ['70047813.0'], 'EndTimes': [1621453069.0], 'Restarts': 0, 'RecordedSite': True, 'State': 'finished', 'ResidentSetSize': [333480], 'TotalUserCpuTimeHistory': [651], 'SiteHistory': ['Unknown', 'T2_US_MIT', 'T2_US_MIT'], 'TotalSysCpuTimeHistory': [35]}, '37': {'Retries': 0, 'WallDurations': [9.0, 106.65521693229675, 18793.0], 'StartTimes': [1621434461.0], 'SubmitTimes': [1621434214.0], 'JobIds': ['70047817.0'], 'EndTimes': [1621453254.0], 'Restarts': 0, 'RecordedSite': True, 'State': 'finished', 'ResidentSetSize': [316144], 'TotalUserCpuTimeHistory': [587], 'SiteHistory': ['Unknown', 'T2_US_MIT', 'T2_US_MIT'], 'TotalSysCpuTimeHistory': [19]}, '32': {'Retries': 0, 'WallDurations': [9.0, 111.65521693229675, 17319.0], 'StartTimes': [1621434456.0], 'SubmitTimes': [1621434214.0], 'JobIds': ['70047812.0'], 'EndTimes': [1621451775.0], 'Restarts': 0, 'RecordedSite': True, 'State': 'finished', 'ResidentSetSize': [311640], 'TotalUserCpuTimeHistory': [507], 'SiteHistory': ['Unknown', 'T2_US_MIT', 'T2_US_MIT'], 'TotalSysCpuTimeHistory': [18]}, '50': {'Retries': 0, 'WallDurations': [9.0, 111.65521693229675, 327.0], 'StartTimes': [1621434456.0], 'SubmitTimes': [1621434216.0], 'JobIds': ['70047829.0'], 'EndTimes': [1621434783.0], 'Restarts': 0, 'RecordedSite': True, 'State': 'finished', 'ResidentSetSize': [270688], 'TotalUserCpuTimeHistory': [240], 'SiteHistory': ['Unknown', 'T2_US_MIT', 'T2_US_MIT'], 'TotalSysCpuTimeHistory': [4]}}
INFO 2021-05-20 04:37:26.838 UTC: 	 Status on the scheduler:	COMPLETED
INFO 2021-05-20 04:37:26.838 UTC: 	 
Jobs status:                    finished     		100.0% (53/53)
INFO 2021-05-20 04:37:26.838 UTC: 	 
No publication information (publication has been disabled in the CRAB configuration file)
INFO 2021-05-20 04:37:26.840 UTC: 	 
Warning: the average jobs CPU efficiency is less than 50%, please consider to improve the jobs splitting (e.g. config.Data.splitting = 'Automatic') in a new task
INFO 2021-05-20 04:37:26.840 UTC: 	 
Summary of run jobs:
 * Memory: 50MB min, 429MB max, 327MB ave
 * Runtime: 0:04:03 min, 7:11:32 max, 4:28:12 ave
 * CPU eff: 3% min, 84% max, 4% ave
 * Waste: 13:30:41 (5% of total)

INFO 2021-05-20 04:37:26.846 UTC: 	 Log file is /afs/cern.ch/work/y/yian/work/GZ/CMSSW_10_6_20/src/PhysicsTools/NanoAODTools/WWG/2018/fakephoton_crab/crab2018/crab_MuonEG_Run2018D/crab.log
DEBUG 2021-05-20 05:18:41.928 UTC: 	 CRAB Client version: v3.210323
DEBUG 2021-05-20 05:18:41.928 UTC: 	 Running on: Linux lxplus793.cern.ch 3.10.0-1160.24.1.el7.x86_64 #1 SMP Thu Apr 8 19:51:47 UTC 2021 x86_64 x86_64 x86_64 GNU/Linux - CentOS Linux 7 (Core)
DEBUG 2021-05-20 05:18:41.928 UTC: 	 Executing command: 'status'
DEBUG 2021-05-20 05:18:41.928 UTC: 	 Found CRAB cache file /afs/cern.ch/user/y/yian/.crab3
DEBUG 2021-05-20 05:18:42.018 UTC: 	 Checking credentials
DEBUG 2021-05-20 05:18:42.019 UTC: 	 Found proxy file /tmp/x509up_u110046
DEBUG 2021-05-20 05:18:42.019 UTC: 	 Getting proxy life time left
DEBUG 2021-05-20 05:18:42.624 UTC: 	 Executing : 
 command : voms-proxy-info -file /tmp/x509up_u110046 -timeleft
 output : 619032

 error: 
 retcode : 0
DEBUG 2021-05-20 05:18:43.230 UTC: 	 Executing : 
 command : voms-proxy-info -file /tmp/x509up_u110046 -actimeleft
 output : 619031

 error: 
 retcode : 0
DEBUG 2021-05-20 05:18:43.230 UTC: 	 Proxy lifetime 619032 secs is different from voms extension lifetime 619031 secs for proxy: /tmp/x509up_u110046
DEBUG 2021-05-20 05:18:43.230 UTC: 	 Proxy valid for 171:57:11 hours
DEBUG 2021-05-20 05:18:43.340 UTC: 	 Registering user credentials for server /DC=ch/DC=cern/OU=computers/CN=vocms0105.cern.ch|/DC=ch/DC=cern/OU=computers/CN=crab-(preprod|prod|dev)-tw(02|01).cern.ch|/DC=ch/DC=cern/OU=computers/CN=(ddi|ddidk|mytw).cern.ch|/DC=ch/DC=cern/OU=computers/CN=stefanov(m|m2).cern.ch
DEBUG 2021-05-20 05:18:43.954 UTC: 	 Executing : 
 command : voms-proxy-info -file /tmp/x509up_u110046 -identity
 output : /DC=ch/DC=cern/OU=Organic Units/OU=Users/CN=yian/CN=826694/CN=Ying An

 error: 
 retcode : 0
DEBUG 2021-05-20 05:18:43.962 UTC: 	 Getting myproxy life time left for myproxy.cern.ch
DEBUG 2021-05-20 05:18:43.963 UTC: 	 using b52ac606a6f7097e9b4b8f05a3a67cc69f8f291b as credential login name
DEBUG 2021-05-20 05:18:44.367 UTC: 	 Executing : 
 command : myproxy-info -l b52ac606a6f7097e9b4b8f05a3a67cc69f8f291b -s myproxy.cern.ch
 output : username: b52ac606a6f7097e9b4b8f05a3a67cc69f8f291b
owner: /DC=ch/DC=cern/OU=Organic Units/OU=Users/CN=yian/CN=826694/CN=Ying An
  renewal policy: /DC=ch/DC=cern/OU=computers/CN=vocms0105.cern.ch|/DC=ch/DC=cern/OU=computers/CN=crab-(preprod|prod|dev)-tw(02|01).cern.ch|/DC=ch/DC=cern/OU=computers/CN=(ddi|ddidk|mytw).cern.ch|/DC=ch/DC=cern/OU=computers/CN=stefanov(m|m2).cern.ch
  trusted retrieval policy: /DC=ch/DC=cern/OU=computers/CN=vocms0105.cern.ch|/DC=ch/DC=cern/OU=computers/CN=crab-(preprod|prod|dev)-tw(02|01).cern.ch|/DC=ch/DC=cern/OU=computers/CN=(ddi|ddidk|mytw).cern.ch|/DC=ch/DC=cern/OU=computers/CN=stefanov(m|m2).cern.ch
  timeleft: 657:44:06  (27.4 days)

 error: 
 retcode : 0
DEBUG 2021-05-20 05:18:44.369 UTC: 	 Myproxy is valid: 2367846
DEBUG 2021-05-20 05:18:44.369 UTC: 	 Retrieving username ...
DEBUG 2021-05-20 05:18:44.369 UTC: 	 Retrieving username from CRIC...
DEBUG 2021-05-20 05:18:45.148 UTC: 	 username is yian
DEBUG 2021-05-20 05:18:45.155 UTC: 	 Getting myproxy life time left for myproxy.cern.ch
DEBUG 2021-05-20 05:18:45.155 UTC: 	 using yian_CRAB as credential login name
DEBUG 2021-05-20 05:18:45.860 UTC: 	 Executing : 
 command : myproxy-info -l yian_CRAB -s myproxy.cern.ch
 output : username: yian_CRAB
owner: /DC=ch/DC=cern/OU=Organic Units/OU=Users/CN=yian/CN=826694/CN=Ying An
  renewal policy: /DC=ch/DC=cern/OU=computers/CN=vocms0105.cern.ch|/DC=ch/DC=cern/OU=computers/CN=crab-(preprod|prod|dev)-tw(02|01).cern.ch|/DC=ch/DC=cern/OU=computers/CN=(ddi|ddidk|mytw).cern.ch|/DC=ch/DC=cern/OU=computers/CN=stefanov(m|m2).cern.ch
  trusted retrieval policy: /DC=ch/DC=cern/OU=computers/CN=vocms0105.cern.ch|/DC=ch/DC=cern/OU=computers/CN=crab-(preprod|prod|dev)-tw(02|01).cern.ch|/DC=ch/DC=cern/OU=computers/CN=(ddi|ddidk|mytw).cern.ch|/DC=ch/DC=cern/OU=computers/CN=stefanov(m|m2).cern.ch
  timeleft: 657:45:20  (27.4 days)

 error: 
 retcode : 0
DEBUG 2021-05-20 05:18:45.861 UTC: 	 Myproxy is valid: 2367920
DEBUG 2021-05-20 05:18:45.861 UTC: 	 Result of myproxy credential check:
  Credential exists on myproxy: username: b52ac606a6f7097e9b4b8f05a3a67cc69f8f291b  - validity: 27 days, 9:44:06
  Credential exists on myproxy: username: yian_CRAB  - validity: 27 days, 9:45:20
DEBUG 2021-05-20 05:18:45.862 UTC: 	 Command use: status
DEBUG 2021-05-20 05:18:45.862 UTC: 	 Options use: ['-d', 'crab2018/crab_MuonEG_Run2018D']
DEBUG 2021-05-20 05:18:45.907 UTC: 	 CRABClient version: v3.210323
DEBUG 2021-05-20 05:18:45.907 UTC: 	 Instance is prod
DEBUG 2021-05-20 05:18:45.907 UTC: 	 Server base url is cmsweb.cern.ch
DEBUG 2021-05-20 05:18:45.907 UTC: 	 Command url /crabserver/prod/workflow
DEBUG 2021-05-20 05:18:45.981 UTC: 	 Got information from server oracle database: {u'result': [u'210519_142251:yian_crab_MuonEG_Run2018D', u'None', u'None', u'SUBMITTED', u'SUBMIT', u'2021-05-19 14:22:51.391457', u'None', u'2021-05-19 14:23:16.417202', u'None', u'CMSSW_10_6_20', u'slc7_amd64_gcc820', u'/MuonEG/Run2018D-UL2018_MiniAODv1_NanoAODv2-v1/NANOAOD', u'T', u'0', u"['T2_US_UCSD', 'T2_US_Wisconsin', 'T2_US_MIT', 'T2_US_Caltech', 'T2_US_Purdue', 'T2_US_Nebraska']", u'[]', u'FileBased', u"{'splitOnRun': False, 'halt_job_on_file_boundaries': False, 'files_per_job': 1, 'runs': [], 'lumis': []}", u'139d4bbeceb61becf0d707b528ec5c3c96a78c2dd24e7e117200c1082b104bb4.tar.gz', u'https://cmsweb.cern.ch:8443/crabcache', u'yian', u'/DC=ch/DC=cern/OU=Organic Units/OU=Users/CN=yian/CN=826694/CN=Ying An', u'cms', u'None', u'None', u'MuonEG_Run2018D-00000000000000000000000000000000', u'F', u'T3_CH_CERNBOX', u'https://cmsweb.cern.ch/dbs/prod/global/DBSReader', u'https://cmsweb.cern.ch/dbs/prod/phys03/DBSWriter', u'F', u'[]', u'[]', u"['tree.root']", u'Analysis', u'pythia', u'None', u'{}', u'[]', u'F', u'crab-prod-tw01', u'[]', u'1250', u'1', u'2000', u'10', u"['/MuonEG/yian-MuonEG_Run2018D-30bd7c63e2b92018da026c2e24160eb3/USER']", u'[]', u'http://vocms0122.cern.ch/mon/cms1407/210519_142251:yian_crab_MuonEG_Run2018D', u'WWG_crab_script.sh', u"['isdata=data', 'year=2018']", u'[]', u'https://cmsweb.cern.ch/crabserver/prod', u'cmsgwms-collector-global.cern.ch:9620,cmsgwms-collector-global.fnal.gov:9620', u'crab3@vocms0122.cern.ch', u'F', u'[]', u'T', u'/store/user/yian/', u'T', u'None', u'F', u'None', u'MuonEG', u'None', u'ee9d7684d588d1063b2a4a8f6bc1db472c98092845bd8f8c9306ac0257483cbc.tar.gz', u'70047779', u'filetransfers', u'F', u'188.185.90.95', u'0.0', u'None'], u'desc': {u'columns': [u'tm_taskname', u'tm_activity', u'panda_jobset_id', u'tm_task_status', u'tm_task_command', u'tm_start_time', u'tm_start_injection', u'tm_end_injection', u'tm_task_failure', u'tm_job_sw', u'tm_job_arch', u'tm_input_dataset', u'tm_nonvalid_input_dataset', u'tm_use_parent', u'tm_site_whitelist', u'tm_site_blacklist', u'tm_split_algo', u'tm_split_args', u'tm_user_sandbox', u'tm_cache_url', u'tm_username', u'tm_user_dn', u'tm_user_vo', u'tm_user_role', u'tm_user_group', u'tm_publish_name', u'tm_publish_groupname', u'tm_asyncdest', u'tm_dbs_url', u'tm_publish_dbs_url', u'tm_publication', u'tm_outfiles', u'tm_tfile_outfiles', u'tm_edm_outfiles', u'tm_job_type', u'tm_generator', u'tm_events_per_lumi', u'tm_arguments', u'panda_resubmitted_jobs', u'tm_save_logs', u'tw_name', u'tm_user_infiles', u'tm_maxjobruntime', u'tm_numcores', u'tm_maxmemory', u'tm_priority', u'tm_output_dataset', u'tm_task_warnings', u'tm_user_webdir', u'tm_scriptexe', u'tm_scriptargs', u'tm_extrajdl', u'tm_asourl', u'tm_collector', u'tm_schedd', u'tm_dry_run', u'tm_user_files', u'tm_transfer_outputs', u'tm_output_lfn', u'tm_ignore_locality', u'tm_fail_limit', u'tm_one_event_mode', u'tm_secondary_input_dataset', u'tm_primary_dataset', u'tm_last_publication', u'tm_debug_files', u'clusterid', u'tm_asodb', u'tm_ignore_global_blacklist', u'tm_submitter_ip_addr', u'tm_totalunits', u'tm_ddm_reqid']}}
INFO 2021-05-20 05:18:45.982 UTC: 	 CRAB project directory:		/afs/cern.ch/work/y/yian/work/GZ/CMSSW_10_6_20/src/PhysicsTools/NanoAODTools/WWG/2018/fakephoton_crab/crab2018/crab_MuonEG_Run2018D
INFO 2021-05-20 05:18:45.982 UTC: 	 Task name:			210519_142251:yian_crab_MuonEG_Run2018D
INFO 2021-05-20 05:18:45.982 UTC: 	 Grid scheduler - Task Worker:	crab3@vocms0122.cern.ch - crab-prod-tw01
INFO 2021-05-20 05:18:45.982 UTC: 	 Status on the CRAB server:	SUBMITTED
INFO 2021-05-20 05:18:45.983 UTC: 	 Task URL to use for HELP:	https://cmsweb.cern.ch/crabserver/ui/task/210519_142251%3Ayian_crab_MuonEG_Run2018D
INFO 2021-05-20 05:18:45.987 UTC: 	 Dashboard monitoring URL:	https://monit-grafana.cern.ch/d/cmsTMDetail/cms-task-monitoring-task-view?orgId=11&var-user=yian&var-task=210519_142251%3Ayian_crab_MuonEG_Run2018D&from=1621430571000&to=now
DEBUG 2021-05-20 05:18:45.987 UTC: 	 The CRAB server submitted your task to the Grid scheduler (cluster ID: 70047779)
DEBUG 2021-05-20 05:18:45.987 UTC: 	 Webdir is located at http://vocms0122.cern.ch/mon/cms1407/210519_142251:yian_crab_MuonEG_Run2018D
DEBUG 2021-05-20 05:18:46.095 UTC: 	 Proxied webdir is located at https://cmsweb.cern.ch:8443/scheddmon/0122/cms1407/210519_142251:yian_crab_MuonEG_Run2018D
DEBUG 2021-05-20 05:18:46.096 UTC: 	 Retrieving 'status_cache' file from https://cmsweb.cern.ch:8443/scheddmon/0122/cms1407/210519_142251:yian_crab_MuonEG_Run2018D/status_cache
DEBUG 2021-05-20 05:18:46.140 UTC: 	 Got information from status cache file: {'42': {'Retries': 0, 'WallDurations': [8.0, 115.65521693229675, 16243.0], 'StartTimes': [1621434452.0], 'SubmitTimes': [1621434215.0], 'JobIds': ['70047822.0'], 'EndTimes': [1621450695.0], 'Restarts': 0, 'RecordedSite': True, 'State': 'finished', 'ResidentSetSize': [373064], 'TotalUserCpuTimeHistory': [515], 'SiteHistory': ['Unknown', 'T2_US_MIT', 'T2_US_MIT'], 'TotalSysCpuTimeHistory': [30]}, '43': {'Retries': 0, 'WallDurations': [10.0, 111.65521693229675, 16625.0], 'StartTimes': [1621434456.0], 'SubmitTimes': [1621434215.0], 'JobIds': ['70047823.0'], 'EndTimes': [1621451081.0], 'Restarts': 0, 'RecordedSite': True, 'State': 'finished', 'ResidentSetSize': [301192], 'TotalUserCpuTimeHistory': [494], 'SiteHistory': ['Unknown', 'T2_US_MIT', 'T2_US_MIT'], 'TotalSysCpuTimeHistory': [17]}, '53': {'Retries': 0, 'WallDurations': [8.0, 110.65521693229675, 385.0], 'StartTimes': [1621434457.0], 'SubmitTimes': [1621434216.0], 'JobIds': ['70047832.0'], 'EndTimes': [1621434842.0], 'Restarts': 0, 'RecordedSite': True, 'State': 'finished', 'ResidentSetSize': [259560], 'TotalUserCpuTimeHistory': [39], 'SiteHistory': ['Unknown', 'T2_US_MIT', 'T2_US_MIT'], 'TotalSysCpuTimeHistory': [1]}, '52': {'Retries': 0, 'WallDurations': [9.0, 124.65521693229675, 401.0], 'StartTimes': [1621434443.0], 'SubmitTimes': [1621434216.0], 'JobIds': ['70047831.0'], 'EndTimes': [1621434844.0], 'Restarts': 0, 'RecordedSite': True, 'State': 'finished', 'ResidentSetSize': [318540], 'TotalUserCpuTimeHistory': [288], 'SiteHistory': ['Unknown', 'T2_US_MIT', 'T2_US_MIT'], 'TotalSysCpuTimeHistory': [10]}, '23': {'Retries': 0, 'WallDurations': [9.0, 130.65521693229675, 19848.0], 'StartTimes': [1621434437.0], 'SubmitTimes': [1621434207.0], 'JobIds': ['70047803.0'], 'EndTimes': [1621454285.0], 'Restarts': 0, 'RecordedSite': True, 'State': 'finished', 'ResidentSetSize': [432204], 'TotalUserCpuTimeHistory': [625], 'SiteHistory': ['Unknown', 'T2_US_MIT', 'T2_US_MIT'], 'TotalSysCpuTimeHistory': [20]}, '24': {'Retries': 0, 'WallDurations': [9.0, 100.65521693229675, 18961.0], 'StartTimes': [1621434467.0], 'SubmitTimes': [1621434207.0], 'JobIds': ['70047804.0'], 'EndTimes': [1621453428.0], 'Restarts': 0, 'RecordedSite': True, 'State': 'finished', 'ResidentSetSize': [387168], 'TotalUserCpuTimeHistory': [637], 'SiteHistory': ['Unknown', 'T2_US_MIT', 'T2_US_MIT'], 'TotalSysCpuTimeHistory': [35]}, '25': {'Retries': 0, 'WallDurations': [9.0, 126.65521693229675, 18110.0], 'StartTimes': [1621434441.0], 'SubmitTimes': [1621434208.0], 'JobIds': ['70047805.0'], 'EndTimes': [1621452551.0], 'Restarts': 0, 'RecordedSite': True, 'State': 'finished', 'ResidentSetSize': [313428], 'TotalUserCpuTimeHistory': [689], 'SiteHistory': ['Unknown', 'T2_US_MIT', 'T2_US_MIT'], 'TotalSysCpuTimeHistory': [26]}, '26': {'Retries': 1, 'WallDurations': [8.0, 130.65521693229675, 11457.0, 10.0, 189.12396001815796, 17658.0], 'StartTimes': [1621434437.0, 1621448014.0], 'SubmitTimes': [1621434208.0, 1621447764.0], 'JobIds': ['70047806.0', '70053591.0'], 'EndTimes': [1621445894.0, 1621465672.0], 'Restarts': 0, 'RecordedSite': True, 'State': 'finished', 'ResidentSetSize': [283728, 362108], 'TotalUserCpuTimeHistory': [331, 579], 'SiteHistory': ['Unknown', 'T2_US_MIT', 'T2_US_MIT', 'Unknown', 'T2_US_Caltech', 'T2_US_Caltech'], 'TotalSysCpuTimeHistory': [12, 35]}, '27': {'Retries': 0, 'WallDurations': [9.0, 107.65521693229675, 16698.0], 'StartTimes': [1621434460.0], 'SubmitTimes': [1621434213.0], 'JobIds': ['70047807.0'], 'EndTimes': [1621451158.0], 'Restarts': 0, 'RecordedSite': True, 'State': 'finished', 'ResidentSetSize': [380060], 'TotalUserCpuTimeHistory': [584], 'SiteHistory': ['Unknown', 'T2_US_MIT', 'T2_US_MIT'], 'TotalSysCpuTimeHistory': [33]}, '20': {'Retries': 0, 'WallDurations': [9.0, 260.65521693229675, 25892.0], 'StartTimes': [1621434307.0], 'SubmitTimes': [1621434207.0], 'JobIds': ['70047800.0'], 'EndTimes': [1621460199.0], 'Restarts': 0, 'RecordedSite': True, 'State': 'finished', 'ResidentSetSize': [314560], 'TotalUserCpuTimeHistory': [1201], 'SiteHistory': ['Unknown', 'T2_US_Nebraska', 'T2_US_Nebraska'], 'TotalSysCpuTimeHistory': [61]}, '21': {'Retries': 0, 'WallDurations': [9.0, 257.65521693229675, 19328.0], 'StartTimes': [1621434310.0], 'SubmitTimes': [1621434207.0], 'JobIds': ['70047801.0'], 'EndTimes': [1621453638.0], 'Restarts': 0, 'RecordedSite': True, 'State': 'finished', 'ResidentSetSize': [305548], 'TotalUserCpuTimeHistory': [897], 'SiteHistory': ['Unknown', 'T2_US_Nebraska', 'T2_US_Nebraska'], 'TotalSysCpuTimeHistory': [46]}, '22': {'Retries': 0, 'WallDurations': [9.0, 254.65521693229675, 24194.0], 'StartTimes': [1621434313.0], 'SubmitTimes': [1621434207.0], 'JobIds': ['70047802.0'], 'EndTimes': [1621458507.0], 'Restarts': 0, 'RecordedSite': True, 'State': 'finished', 'ResidentSetSize': [319444], 'TotalUserCpuTimeHistory': [1211], 'SiteHistory': ['Unknown', 'T2_US_Nebraska', 'T2_US_Nebraska'], 'TotalSysCpuTimeHistory': [62]}, '49': {'Retries': 0, 'WallDurations': [8.0, 117.65521693229675, 559.0], 'StartTimes': [1621434450.0], 'SubmitTimes': [1621434216.0], 'JobIds': ['70047828.0'], 'EndTimes': [1621435009.0], 'Restarts': 0, 'RecordedSite': True, 'State': 'finished', 'ResidentSetSize': [319780], 'TotalUserCpuTimeHistory': [453], 'SiteHistory': ['Unknown', 'T2_US_MIT', 'T2_US_MIT'], 'TotalSysCpuTimeHistory': [15]}, '46': {'Retries': 0, 'WallDurations': [8.0, 126.65521693229675, 16558.0], 'StartTimes': [1621434441.0], 'SubmitTimes': [1621434215.0], 'JobIds': ['70047826.0'], 'EndTimes': [1621450999.0], 'Restarts': 0, 'RecordedSite': True, 'State': 'finished', 'ResidentSetSize': [424144], 'TotalUserCpuTimeHistory': [573], 'SiteHistory': ['Unknown', 'T2_US_MIT', 'T2_US_MIT'], 'TotalSysCpuTimeHistory': [21]}, '47': {'Retries': 0, 'WallDurations': [9.0, 112.65521693229675, 23870.0], 'StartTimes': [1621434455.0], 'SubmitTimes': [1621434216.0], 'JobIds': ['70047833.0'], 'EndTimes': [1621458325.0], 'Restarts': 0, 'RecordedSite': True, 'State': 'finished', 'ResidentSetSize': [332412], 'TotalUserCpuTimeHistory': [739], 'SiteHistory': ['Unknown', 'T2_US_MIT', 'T2_US_MIT'], 'TotalSysCpuTimeHistory': [22]}, '44': {'Retries': 0, 'WallDurations': [10.0, 120.65521693229675, 19439.0], 'StartTimes': [1621434447.0], 'SubmitTimes': [1621434215.0], 'JobIds': ['70047824.0'], 'EndTimes': [1621453886.0], 'Restarts': 0, 'RecordedSite': True, 'State': 'finished', 'ResidentSetSize': [333192], 'TotalUserCpuTimeHistory': [658], 'SiteHistory': ['Unknown', 'T2_US_MIT', 'T2_US_MIT'], 'TotalSysCpuTimeHistory': [36]}, '45': {'Retries': 0, 'WallDurations': [8.0, 113.65521693229675, 11498.0], 'StartTimes': [1621434454.0], 'SubmitTimes': [1621434215.0], 'JobIds': ['70047825.0'], 'EndTimes': [1621445952.0], 'Restarts': 0, 'RecordedSite': True, 'State': 'finished', 'ResidentSetSize': [287912], 'TotalUserCpuTimeHistory': [346], 'SiteHistory': ['Unknown', 'T2_US_MIT', 'T2_US_MIT'], 'TotalSysCpuTimeHistory': [13]}, '28': {'Retries': 0, 'WallDurations': [9.0, 127.65521693229675, 17706.0], 'StartTimes': [1621434440.0], 'SubmitTimes': [1621434213.0], 'JobIds': ['70047808.0'], 'EndTimes': [1621452146.0], 'Restarts': 0, 'RecordedSite': True, 'State': 'finished', 'ResidentSetSize': [330172], 'TotalUserCpuTimeHistory': [647], 'SiteHistory': ['Unknown', 'T2_US_MIT', 'T2_US_MIT'], 'TotalSysCpuTimeHistory': [23]}, '29': {'Retries': 0, 'WallDurations': [8.0, 125.65521693229675, 18413.0], 'StartTimes': [1621434442.0], 'SubmitTimes': [1621434214.0], 'JobIds': ['70047809.0'], 'EndTimes': [1621452855.0], 'Restarts': 0, 'RecordedSite': True, 'State': 'finished', 'ResidentSetSize': [319948], 'TotalUserCpuTimeHistory': [761], 'SiteHistory': ['Unknown', 'T2_US_MIT', 'T2_US_MIT'], 'TotalSysCpuTimeHistory': [27]}, '40': {'Retries': 0, 'WallDurations': [10.0, 121.65521693229675, 12674.0], 'StartTimes': [1621434446.0], 'SubmitTimes': [1621434215.0], 'JobIds': ['70047820.0'], 'EndTimes': [1621447120.0], 'Restarts': 0, 'RecordedSite': True, 'State': 'finished', 'ResidentSetSize': [284792], 'TotalUserCpuTimeHistory': [377], 'SiteHistory': ['Unknown', 'T2_US_MIT', 'T2_US_MIT'], 'TotalSysCpuTimeHistory': [13]}, '41': {'Retries': 0, 'WallDurations': [10.0, 108.65521693229675, 17325.0], 'StartTimes': [1621434459.0], 'SubmitTimes': [1621434215.0], 'JobIds': ['70047821.0'], 'EndTimes': [1621451784.0], 'Restarts': 0, 'RecordedSite': True, 'State': 'finished', 'ResidentSetSize': [353640], 'TotalUserCpuTimeHistory': [645], 'SiteHistory': ['Unknown', 'T2_US_MIT', 'T2_US_MIT'], 'TotalSysCpuTimeHistory': [34]}, '1': {'Retries': 0, 'WallDurations': [8.0, 112.65521693229675, 19903.0], 'StartTimes': [1621434455.0], 'SubmitTimes': [1621434203.0], 'JobIds': ['70047781.0'], 'EndTimes': [1621454358.0], 'Restarts': 0, 'RecordedSite': True, 'State': 'finished', 'ResidentSetSize': [320048], 'TotalUserCpuTimeHistory': [617], 'SiteHistory': ['Unknown', 'T2_US_MIT', 'T2_US_MIT'], 'TotalSysCpuTimeHistory': [21]}, '3': {'Retries': 0, 'WallDurations': [9.0, 122.65521693229675, 17127.0], 'StartTimes': [1621434445.0], 'SubmitTimes': [1621434203.0], 'JobIds': ['70047783.0'], 'EndTimes': [1621451572.0], 'Restarts': 0, 'RecordedSite': True, 'State': 'finished', 'ResidentSetSize': [315464], 'TotalUserCpuTimeHistory': [665], 'SiteHistory': ['Unknown', 'T2_US_MIT', 'T2_US_MIT'], 'TotalSysCpuTimeHistory': [25]}, '2': {'Retries': 0, 'WallDurations': [9.0, 124.65521693229675, 21762.0], 'StartTimes': [1621434443.0], 'SubmitTimes': [1621434203.0], 'JobIds': ['70047782.0'], 'EndTimes': [1621456205.0], 'Restarts': 0, 'RecordedSite': True, 'State': 'finished', 'ResidentSetSize': [369936], 'TotalUserCpuTimeHistory': [703], 'SiteHistory': ['Unknown', 'T2_US_MIT', 'T2_US_MIT'], 'TotalSysCpuTimeHistory': [42]}, '5': {'Retries': 0, 'WallDurations': [8.0, 119.65521693229675, 12345.0], 'StartTimes': [1621434448.0], 'SubmitTimes': [1621434203.0], 'JobIds': ['70047785.0'], 'EndTimes': [1621446793.0], 'Restarts': 0, 'RecordedSite': True, 'State': 'finished', 'ResidentSetSize': [439064], 'TotalUserCpuTimeHistory': [532], 'SiteHistory': ['Unknown', 'T2_US_MIT', 'T2_US_MIT'], 'TotalSysCpuTimeHistory': [22]}, '4': {'Retries': 1, 'WallDurations': [8.0, 122.65521693229675, 8561.0, 9.0, 16567.0], 'StartTimes': [1621434445.0, 1621445007.0], 'SubmitTimes': [1621434203.0, 1621444876.0], 'JobIds': ['70047784.0', '70052856.0'], 'EndTimes': [1621443006.0, 1621461574.0], 'Restarts': 0, 'RecordedSite': True, 'State': 'finished', 'ResidentSetSize': [283920, 346608], 'TotalUserCpuTimeHistory': [373, 617], 'SiteHistory': ['Unknown', 'T2_US_MIT', 'T2_US_MIT', 'T2_US_Caltech', 'T2_US_Caltech'], 'TotalSysCpuTimeHistory': [14, 24]}, '7': {'Retries': 0, 'WallDurations': [9.0, 31.655216932296753, 19768.0], 'StartTimes': [1621434536.0], 'SubmitTimes': [1621434204.0], 'JobIds': ['70047787.0'], 'EndTimes': [1621454304.0], 'Restarts': 0, 'RecordedSite': True, 'State': 'finished', 'ResidentSetSize': [419336], 'TotalUserCpuTimeHistory': [672], 'SiteHistory': ['Unknown', 'T2_US_Florida', 'T2_US_Florida'], 'TotalSysCpuTimeHistory': [20]}, '6': {'Retries': 0, 'WallDurations': [9.0, 271.65521693229675, 22872.0], 'StartTimes': [1621434296.0], 'SubmitTimes': [1621434203.0], 'JobIds': ['70047786.0'], 'EndTimes': [1621457168.0], 'Restarts': 0, 'RecordedSite': True, 'State': 'finished', 'ResidentSetSize': [362692], 'TotalUserCpuTimeHistory': [1084], 'SiteHistory': ['Unknown', 'T2_US_Nebraska', 'T2_US_Nebraska'], 'TotalSysCpuTimeHistory': [56]}, '9': {'Retries': 0, 'WallDurations': [9.0, 266.8011770248413, 13974.0], 'StartTimes': [1621434601.0], 'SubmitTimes': [1621434204.0], 'JobIds': ['70047789.0'], 'EndTimes': [1621448575.0], 'Restarts': 0, 'RecordedSite': True, 'State': 'finished', 'ResidentSetSize': [374252], 'TotalUserCpuTimeHistory': [507], 'SiteHistory': ['Unknown', 'T2_US_MIT', 'T2_US_MIT'], 'TotalSysCpuTimeHistory': [21]}, '8': {'Retries': 0, 'WallDurations': [9.0, 291.65521693229675, 17885.0], 'StartTimes': [1621434276.0], 'SubmitTimes': [1621434204.0], 'JobIds': ['70047788.0'], 'EndTimes': [1621452161.0], 'Restarts': 0, 'RecordedSite': True, 'State': 'finished', 'ResidentSetSize': [440284], 'TotalUserCpuTimeHistory': [1179], 'SiteHistory': ['Unknown', 'T2_US_Wisconsin', 'T2_US_Wisconsin'], 'TotalSysCpuTimeHistory': [45]}, '39': {'Retries': 0, 'WallDurations': [9.0, 112.65521693229675, 13263.0], 'StartTimes': [1621434455.0], 'SubmitTimes': [1621434215.0], 'JobIds': ['70047819.0'], 'EndTimes': [1621447718.0], 'Restarts': 0, 'RecordedSite': True, 'State': 'finished', 'ResidentSetSize': [291632], 'TotalUserCpuTimeHistory': [389], 'SiteHistory': ['Unknown', 'T2_US_MIT', 'T2_US_MIT'], 'TotalSysCpuTimeHistory': [14]}, '38': {'Retries': 1, 'WallDurations': [9.0, 113.65521693229675, 9708.0, 8.0, 81.61335110664368, 11456.0], 'StartTimes': [1621434454.0, 1621446304.0], 'SubmitTimes': [1621434215.0, 1621446037.0], 'JobIds': ['70047818.0', '70053259.0'], 'EndTimes': [1621444162.0, 1621457760.0], 'Restarts': 0, 'RecordedSite': True, 'State': 'finished', 'ResidentSetSize': [299296, 400440], 'TotalUserCpuTimeHistory': [376, 477], 'SiteHistory': ['Unknown', 'T2_US_MIT', 'T2_US_MIT', 'Unknown', 'T2_US_Wisconsin', 'T2_US_Wisconsin'], 'TotalSysCpuTimeHistory': [20, 32]}, '14': {'Retries': 0, 'WallDurations': [9.0, 191.65521693229675, 15497.0], 'StartTimes': [1621434376.0], 'SubmitTimes': [1621434204.0], 'JobIds': ['70047794.0'], 'EndTimes': [1621449873.0], 'Restarts': 0, 'RecordedSite': True, 'State': 'finished', 'ResidentSetSize': [289040], 'TotalUserCpuTimeHistory': [672], 'SiteHistory': ['Unknown', 'T2_US_Nebraska', 'T2_US_Nebraska'], 'TotalSysCpuTimeHistory': [34]}, '11': {'Retries': 0, 'WallDurations': [9.0, 39.65521693229675, 22858.0], 'StartTimes': [1621434528.0], 'SubmitTimes': [1621434204.0], 'JobIds': ['70047791.0'], 'EndTimes': [1621457386.0], 'Restarts': 0, 'RecordedSite': True, 'State': 'finished', 'ResidentSetSize': [419864], 'TotalUserCpuTimeHistory': [1818], 'SiteHistory': ['Unknown', 'T2_US_Nebraska', 'T2_US_Nebraska'], 'TotalSysCpuTimeHistory': [91]}, '10': {'Retries': 1, 'WallDurations': [9.0, 172.8011770248413, 10082.0, 9.0, 192.9521598815918, 10784.0], 'StartTimes': [1621434695.0, 1621446800.0], 'SubmitTimes': [1621434204.0, 1621446654.0], 'JobIds': ['70047790.0', '70053435.0'], 'EndTimes': [1621444777.0, 1621457584.0], 'Restarts': 0, 'RecordedSite': True, 'State': 'finished', 'ResidentSetSize': [281224, 352980], 'TotalUserCpuTimeHistory': [291, 484], 'SiteHistory': ['Unknown', 'T2_US_MIT', 'T2_US_MIT', 'Unknown', 'T2_US_MIT', 'T2_US_MIT'], 'TotalSysCpuTimeHistory': [10, 15]}, '13': {'Retries': 0, 'WallDurations': [8.0, 128.65521693229675, 18240.0], 'StartTimes': [1621434439.0], 'SubmitTimes': [1621434204.0], 'JobIds': ['70047793.0'], 'EndTimes': [1621452679.0], 'Restarts': 0, 'RecordedSite': True, 'State': 'finished', 'ResidentSetSize': [353032], 'TotalUserCpuTimeHistory': [590], 'SiteHistory': ['Unknown', 'T2_US_MIT', 'T2_US_MIT'], 'TotalSysCpuTimeHistory': [35]}, '12': {'Retries': 0, 'WallDurations': [9.0, 183.65521693229675, 18972.0], 'StartTimes': [1621434384.0], 'SubmitTimes': [1621434204.0], 'JobIds': ['70047792.0'], 'EndTimes': [1621453356.0], 'Restarts': 0, 'RecordedSite': True, 'State': 'finished', 'ResidentSetSize': [303004], 'TotalUserCpuTimeHistory': [846], 'SiteHistory': ['Unknown', 'T2_US_Nebraska', 'T2_US_Nebraska'], 'TotalSysCpuTimeHistory': [43]}, '15': {'Retries': 0, 'WallDurations': [10.0, 270.65521693229675, 21847.0], 'StartTimes': [1621434297.0], 'SubmitTimes': [1621434206.0], 'JobIds': ['70047795.0'], 'EndTimes': [1621456144.0], 'Restarts': 0, 'RecordedSite': True, 'State': 'finished', 'ResidentSetSize': [312276], 'TotalUserCpuTimeHistory': [1085], 'SiteHistory': ['Unknown', 'T2_US_Nebraska', 'T2_US_Nebraska'], 'TotalSysCpuTimeHistory': [54]}, '48': {'Retries': 0, 'WallDurations': [9.0, 114.65521693229675, 510.0], 'StartTimes': [1621434453.0], 'SubmitTimes': [1621434216.0], 'JobIds': ['70047827.0'], 'EndTimes': [1621434963.0], 'Restarts': 0, 'RecordedSite': True, 'State': 'finished', 'ResidentSetSize': [343620], 'TotalUserCpuTimeHistory': [377], 'SiteHistory': ['Unknown', 'T2_US_MIT', 'T2_US_MIT'], 'TotalSysCpuTimeHistory': [13]}, '17': {'Retries': 0, 'WallDurations': [9.0, 221.65521693229675, 25295.0], 'StartTimes': [1621434346.0], 'SubmitTimes': [1621434207.0], 'JobIds': ['70047797.0'], 'EndTimes': [1621459641.0], 'Restarts': 0, 'RecordedSite': True, 'State': 'finished', 'ResidentSetSize': [377060], 'TotalUserCpuTimeHistory': [1280], 'SiteHistory': ['Unknown', 'T2_US_Caltech', 'T2_US_Caltech'], 'TotalSysCpuTimeHistory': [92]}, '16': {'Retries': 0, 'WallDurations': [9.0, 236.65521693229675, 19847.0], 'StartTimes': [1621434331.0], 'SubmitTimes': [1621434207.0], 'JobIds': ['70047796.0'], 'EndTimes': [1621454178.0], 'Restarts': 0, 'RecordedSite': True, 'State': 'finished', 'ResidentSetSize': [323052], 'TotalUserCpuTimeHistory': [969], 'SiteHistory': ['Unknown', 'T2_US_Caltech', 'T2_US_Caltech'], 'TotalSysCpuTimeHistory': [70]}, '19': {'Retries': 0, 'WallDurations': [9.0, 258.65521693229675, 21043.0], 'StartTimes': [1621434309.0], 'SubmitTimes': [1621434207.0], 'JobIds': ['70047799.0'], 'EndTimes': [1621455352.0], 'Restarts': 0, 'RecordedSite': True, 'State': 'finished', 'ResidentSetSize': [309872], 'TotalUserCpuTimeHistory': [1056], 'SiteHistory': ['Unknown', 'T2_US_Nebraska', 'T2_US_Nebraska'], 'TotalSysCpuTimeHistory': [53]}, '32': {'Retries': 0, 'WallDurations': [9.0, 111.65521693229675, 17319.0], 'StartTimes': [1621434456.0], 'SubmitTimes': [1621434214.0], 'JobIds': ['70047812.0'], 'EndTimes': [1621451775.0], 'Restarts': 0, 'RecordedSite': True, 'State': 'finished', 'ResidentSetSize': [311640], 'TotalUserCpuTimeHistory': [507], 'SiteHistory': ['Unknown', 'T2_US_MIT', 'T2_US_MIT'], 'TotalSysCpuTimeHistory': [18]}, '31': {'Retries': 0, 'WallDurations': [8.0, 114.65521693229675, 12798.0], 'StartTimes': [1621434453.0], 'SubmitTimes': [1621434214.0], 'JobIds': ['70047811.0'], 'EndTimes': [1621447251.0], 'Restarts': 0, 'RecordedSite': True, 'State': 'finished', 'ResidentSetSize': [286112], 'TotalUserCpuTimeHistory': [389], 'SiteHistory': ['Unknown', 'T2_US_MIT', 'T2_US_MIT'], 'TotalSysCpuTimeHistory': [14]}, '30': {'Retries': 0, 'WallDurations': [9.0, 129.65521693229675, 15608.0], 'StartTimes': [1621434438.0], 'SubmitTimes': [1621434214.0], 'JobIds': ['70047810.0'], 'EndTimes': [1621450046.0], 'Restarts': 0, 'RecordedSite': True, 'State': 'finished', 'ResidentSetSize': [343900], 'TotalUserCpuTimeHistory': [536], 'SiteHistory': ['Unknown', 'T2_US_MIT', 'T2_US_MIT'], 'TotalSysCpuTimeHistory': [31]}, '51': {'Retries': 0, 'WallDurations': [9.0, 124.65521693229675, 243.0], 'StartTimes': [1621434443.0], 'SubmitTimes': [1621434216.0], 'JobIds': ['70047830.0'], 'EndTimes': [1621434686.0], 'Restarts': 0, 'RecordedSite': True, 'State': 'finished', 'ResidentSetSize': [51532], 'TotalUserCpuTimeHistory': [169], 'SiteHistory': ['Unknown', 'T2_US_MIT', 'T2_US_MIT'], 'TotalSysCpuTimeHistory': [3]}, '36': {'Retries': 0, 'WallDurations': [8.0, 127.65521693229675, 14685.0], 'StartTimes': [1621434440.0], 'SubmitTimes': [1621434214.0], 'JobIds': ['70047816.0'], 'EndTimes': [1621449125.0], 'Restarts': 0, 'RecordedSite': True, 'State': 'finished', 'ResidentSetSize': [339720], 'TotalUserCpuTimeHistory': [463], 'SiteHistory': ['Unknown', 'T2_US_MIT', 'T2_US_MIT'], 'TotalSysCpuTimeHistory': [26]}, '35': {'Retries': 0, 'WallDurations': [9.0, 111.65521693229675, 17087.0], 'StartTimes': [1621434456.0], 'SubmitTimes': [1621434214.0], 'JobIds': ['70047815.0'], 'EndTimes': [1621451543.0], 'Restarts': 0, 'RecordedSite': True, 'State': 'finished', 'ResidentSetSize': [311040], 'TotalUserCpuTimeHistory': [532], 'SiteHistory': ['Unknown', 'T2_US_MIT', 'T2_US_MIT'], 'TotalSysCpuTimeHistory': [18]}, '34': {'Retries': 0, 'WallDurations': [8.0, 127.65521693229675, 20596.0], 'StartTimes': [1621434440.0], 'SubmitTimes': [1621434214.0], 'JobIds': ['70047814.0'], 'EndTimes': [1621455036.0], 'Restarts': 0, 'RecordedSite': True, 'State': 'finished', 'ResidentSetSize': [364880], 'TotalUserCpuTimeHistory': [645], 'SiteHistory': ['Unknown', 'T2_US_MIT', 'T2_US_MIT'], 'TotalSysCpuTimeHistory': [40]}, '33': {'Retries': 0, 'WallDurations': [9.0, 117.65521693229675, 18619.0], 'StartTimes': [1621434450.0], 'SubmitTimes': [1621434214.0], 'JobIds': ['70047813.0'], 'EndTimes': [1621453069.0], 'Restarts': 0, 'RecordedSite': True, 'State': 'finished', 'ResidentSetSize': [333480], 'TotalUserCpuTimeHistory': [651], 'SiteHistory': ['Unknown', 'T2_US_MIT', 'T2_US_MIT'], 'TotalSysCpuTimeHistory': [35]}, '37': {'Retries': 0, 'WallDurations': [9.0, 106.65521693229675, 18793.0], 'StartTimes': [1621434461.0], 'SubmitTimes': [1621434214.0], 'JobIds': ['70047817.0'], 'EndTimes': [1621453254.0], 'Restarts': 0, 'RecordedSite': True, 'State': 'finished', 'ResidentSetSize': [316144], 'TotalUserCpuTimeHistory': [587], 'SiteHistory': ['Unknown', 'T2_US_MIT', 'T2_US_MIT'], 'TotalSysCpuTimeHistory': [19]}, '18': {'Retries': 0, 'WallDurations': [9.0, 266.65521693229675, 22634.0], 'StartTimes': [1621434301.0], 'SubmitTimes': [1621434207.0], 'JobIds': ['70047798.0'], 'EndTimes': [1621456935.0], 'Restarts': 0, 'RecordedSite': True, 'State': 'finished', 'ResidentSetSize': [309708], 'TotalUserCpuTimeHistory': [1029], 'SiteHistory': ['Unknown', 'T2_US_Nebraska', 'T2_US_Nebraska'], 'TotalSysCpuTimeHistory': [54]}, '50': {'Retries': 0, 'WallDurations': [9.0, 111.65521693229675, 327.0], 'StartTimes': [1621434456.0], 'SubmitTimes': [1621434216.0], 'JobIds': ['70047829.0'], 'EndTimes': [1621434783.0], 'Restarts': 0, 'RecordedSite': True, 'State': 'finished', 'ResidentSetSize': [270688], 'TotalUserCpuTimeHistory': [240], 'SiteHistory': ['Unknown', 'T2_US_MIT', 'T2_US_MIT'], 'TotalSysCpuTimeHistory': [4]}}
INFO 2021-05-20 05:18:46.140 UTC: 	 Status on the scheduler:	COMPLETED
INFO 2021-05-20 05:18:46.140 UTC: 	 
Jobs status:                    finished     		100.0% (53/53)
INFO 2021-05-20 05:18:46.140 UTC: 	 
No publication information (publication has been disabled in the CRAB configuration file)
INFO 2021-05-20 05:18:46.142 UTC: 	 
Warning: the average jobs CPU efficiency is less than 50%, please consider to improve the jobs splitting (e.g. config.Data.splitting = 'Automatic') in a new task
INFO 2021-05-20 05:18:46.142 UTC: 	 
Summary of run jobs:
 * Memory: 50MB min, 429MB max, 327MB ave
 * Runtime: 0:04:03 min, 7:11:32 max, 4:28:12 ave
 * CPU eff: 3% min, 84% max, 4% ave
 * Waste: 13:30:41 (5% of total)

INFO 2021-05-20 05:18:46.150 UTC: 	 Log file is /afs/cern.ch/work/y/yian/work/GZ/CMSSW_10_6_20/src/PhysicsTools/NanoAODTools/WWG/2018/fakephoton_crab/crab2018/crab_MuonEG_Run2018D/crab.log
